2026-03-31T16:06:10.6678386Z [NET] kind=tcp_accept packet= conn_id=697294795 uuid= ip=10.147.17.101 name="" detail=
2026-03-31T16:06:10.67816Z [NET] kind=connect_packet packet=*protocol.ConnectPacket conn_id=36001 uuid=MAv3KaDNyXEAAAAAz4iNgQ== ip=10.147.17.101 name="" detail=version=156 type=official mods=0
2026-03-31T16:06:10.8430307Z [NET] kind=world_handshake_sent packet= conn_id=36001 uuid=MAv3KaDNyXEAAAAAz4iNgQ== ip=10.147.17.101 name="[scarlet]（未绑定杂鱼~）[][#F285D1]月[#8982edff]子[#87ceebff]芳 I\uf7a9\uf7be[gray]36001[]" detail=
2026-03-31T16:06:11.511356Z [NET] kind=connect_confirm_client_snapshot packet=*protocol.Remote_NetServer_clientSnapshot_22 conn_id=36001 uuid=MAv3KaDNyXEAAAAAz4iNgQ== ip=10.147.17.101 name="[scarlet]（未绑定杂鱼~）[][#F285D1]月[#8982edff]子[#87ceebff]芳 I\uf7a9\uf7be[gray]36001[]" detail=
2026-04-01T00:06:11.5723765+08:00 [RESPAWN] player="[#F285D1]月[#8982edff]子[#87ceebff]芳 I\uf7a9\uf7be" team=1 core=core-nucleus core_x=239 core_y=343 spawn_x=239 spawn_y=343
2026-04-01T00:06:11.5945765+08:00 [RESPAWN] player="[#F285D1]月[#8982edff]子[#87ceebff]芳 I\uf7a9\uf7be" team=1 unit=37 build_speed=1.00 spawn_x=239 spawn_y=343
2026-03-31T16:06:23.3327167Z [NET] kind=tcp_closed packet= conn_id=36001 uuid=MAv3KaDNyXEAAAAAz4iNgQ== ip=10.147.17.101 name="[scarlet]（未绑定杂鱼~）[][#F285D1]月[#8982edff]子[#87ceebff]芳 I\uf7a9\uf7be[gray]36001[]" detail=EOF
2026-03-31T16:06:26.2184366Z [NET] kind=tcp_accept packet= conn_id=1772286646 uuid= ip=10.147.17.101 name="" detail=
2026-03-31T16:06:26.2332757Z [NET] kind=connect_packet packet=*protocol.ConnectPacket conn_id=36001 uuid=MAv3KaDNyXEAAAAAz4iNgQ== ip=10.147.17.101 name="" detail=version=156 type=official mods=0
2026-03-31T16:06:26.3027204Z [NET] kind=world_handshake_sent packet= conn_id=36001 uuid=MAv3KaDNyXEAAAAAz4iNgQ== ip=10.147.17.101 name="[scarlet]（未绑定杂鱼~）[][#F285D1]月[#8982edff]子[#87ceebff]芳 I\uf7a9\uf7be[gray]36001[]" detail=
2026-03-31T16:06:26.9040108Z [NET] kind=connect_confirm_client_snapshot packet=*protocol.Remote_NetServer_clientSnapshot_22 conn_id=36001 uuid=MAv3KaDNyXEAAAAAz4iNgQ== ip=10.147.17.101 name="[scarlet]（未绑定杂鱼~）[][#F285D1]月[#8982edff]子[#87ceebff]芳 I\uf7a9\uf7be[gray]36001[]" detail=
2026-04-01T00:06:26.9611143+08:00 [RESPAWN] player="[#F285D1]月[#8982edff]子[#87ceebff]芳 I\uf7a9\uf7be" team=1 core=core-nucleus core_x=239 core_y=343 spawn_x=239 spawn_y=343
2026-04-01T00:06:27.0021479+08:00 [RESPAWN] player="[#F285D1]月[#8982edff]子[#87ceebff]芳 I\uf7a9\uf7be" team=1 unit=37 build_speed=1.00 spawn_x=239 spawn_y=343
2026-04-01T00:06:30.0202531+08:00 [BUILD] action=placed x=251 y=334 block_id=260 block=装甲传送带 team=1 rot=2
2026-04-01T00:06:30.0542982+08:00 [BUILD] action=constructed x=251 y=334 block_id=260 block=装甲传送带 team=1 rot=2
2026-04-01T00:06:30.0649214+08:00 [BUILD] action=placed x=250 y=334 block_id=260 block=装甲传送带 team=1 rot=2
2026-04-01T00:06:30.1500193+08:00 [BUILD] action=constructed x=250 y=334 block_id=260 block=装甲传送带 team=1 rot=2
2026-04-01T00:06:30.1515292+08:00 [BUILD] action=placed x=249 y=334 block_id=260 block=装甲传送带 team=1 rot=2
2026-04-01T00:06:30.193119+08:00 [BUILD] action=constructed x=249 y=334 block_id=260 block=装甲传送带 team=1 rot=2
2026-04-01T00:06:30.2209928+08:00 [BUILD] action=placed x=248 y=334 block_id=260 block=装甲传送带 team=1 rot=2
2026-04-01T00:06:30.2555636+08:00 [BUILD] action=constructed x=248 y=334 block_id=260 block=装甲传送带 team=1 rot=2
2026-04-01T00:06:30.2681811+08:00 [BUILD] action=placed x=247 y=334 block_id=260 block=装甲传送带 team=1 rot=2
2026-04-01T00:06:30.3338733+08:00 [BUILD] action=constructed x=247 y=334 block_id=260 block=装甲传送带 team=1 rot=2
2026-04-01T00:06:30.3338733+08:00 [BUILD] action=placed x=246 y=334 block_id=260 block=装甲传送带 team=1 rot=2
2026-04-01T00:06:30.416582+08:00 [BUILD] action=constructed x=246 y=334 block_id=260 block=装甲传送带 team=1 rot=2
2026-04-01T00:06:30.4171092+08:00 [BUILD] action=placed x=245 y=334 block_id=260 block=装甲传送带 team=1 rot=2
2026-04-01T00:06:30.4625568+08:00 [BUILD] action=constructed x=245 y=334 block_id=260 block=装甲传送带 team=1 rot=2
2026-04-01T00:06:30.5042985+08:00 [BUILD] action=placed x=244 y=334 block_id=260 block=装甲传送带 team=1 rot=2
2026-04-01T00:06:30.5322911+08:00 [BUILD] action=constructed x=244 y=334 block_id=260 block=装甲传送带 team=1 rot=2
2026-04-01T00:06:30.5332954+08:00 [BUILD] action=placed x=243 y=334 block_id=260 block=装甲传送带 team=1 rot=2
2026-04-01T00:06:30.5888911+08:00 [BUILD] action=constructed x=243 y=334 block_id=260 block=装甲传送带 team=1 rot=2
2026-04-01T00:06:30.6000291+08:00 [BUILD] action=placed x=242 y=334 block_id=260 block=装甲传送带 team=1 rot=2
2026-04-01T00:06:30.6876216+08:00 [BUILD] action=constructed x=242 y=334 block_id=260 block=装甲传送带 team=1 rot=2
2026-04-01T00:06:31.8001754+08:00 [BUILD] action=placed x=255 y=334 block_id=259 block=塑钢传送带 team=1 rot=2
2026-04-01T00:06:31.8448983+08:00 [BUILD] action=constructed x=255 y=334 block_id=259 block=塑钢传送带 team=1 rot=2
2026-04-01T00:06:31.8867359+08:00 [BUILD] action=placed x=254 y=334 block_id=259 block=塑钢传送带 team=1 rot=2
2026-04-01T00:06:31.9049248+08:00 [BUILD] action=constructed x=254 y=334 block_id=259 block=塑钢传送带 team=1 rot=2
2026-04-01T00:06:31.9167145+08:00 [BUILD] action=placed x=253 y=334 block_id=259 block=塑钢传送带 team=1 rot=2
2026-04-01T00:06:31.9722203+08:00 [BUILD] action=constructed x=253 y=334 block_id=259 block=塑钢传送带 team=1 rot=2
2026-04-01T00:06:32.0014208+08:00 [BUILD] action=placed x=252 y=334 block_id=259 block=塑钢传送带 team=1 rot=2
2026-04-01T00:06:32.0792115+08:00 [BUILD] action=constructed x=252 y=334 block_id=259 block=塑钢传送带 team=1 rot=2
2026-04-01T00:06:32.0805322+08:00 [BUILD] action=placed x=251 y=334 block_id=259 block=塑钢传送带 team=1 rot=2
2026-04-01T00:06:32.1302742+08:00 [BUILD] action=constructed x=251 y=334 block_id=259 block=塑钢传送带 team=1 rot=2
2026-04-01T00:06:32.1600531+08:00 [BUILD] action=placed x=250 y=334 block_id=259 block=塑钢传送带 team=1 rot=2
2026-04-01T00:06:32.2032668+08:00 [BUILD] action=constructed x=250 y=334 block_id=259 block=塑钢传送带 team=1 rot=2
2026-04-01T00:06:32.2321183+08:00 [BUILD] action=placed x=249 y=334 block_id=259 block=塑钢传送带 team=1 rot=2
2026-04-01T00:06:32.2838621+08:00 [BUILD] action=constructed x=249 y=334 block_id=259 block=塑钢传送带 team=1 rot=2
2026-04-01T00:06:32.2953053+08:00 [BUILD] action=placed x=248 y=334 block_id=259 block=塑钢传送带 team=1 rot=2
2026-04-01T00:06:32.3550517+08:00 [BUILD] action=constructed x=248 y=334 block_id=259 block=塑钢传送带 team=1 rot=2
2026-04-01T00:06:32.3953726+08:00 [BUILD] action=placed x=247 y=334 block_id=259 block=塑钢传送带 team=1 rot=2
2026-04-01T00:06:32.4346207+08:00 [BUILD] action=constructed x=247 y=334 block_id=259 block=塑钢传送带 team=1 rot=2
2026-04-01T00:06:32.4464173+08:00 [BUILD] action=placed x=246 y=334 block_id=259 block=塑钢传送带 team=1 rot=2
2026-04-01T00:06:32.4863392+08:00 [BUILD] action=constructed x=246 y=334 block_id=259 block=塑钢传送带 team=1 rot=2
2026-04-01T00:06:32.4979579+08:00 [BUILD] action=placed x=245 y=334 block_id=259 block=塑钢传送带 team=1 rot=2
2026-04-01T00:06:32.5516979+08:00 [BUILD] action=constructed x=245 y=334 block_id=259 block=塑钢传送带 team=1 rot=2
2026-04-01T00:06:32.5649236+08:00 [BUILD] action=placed x=244 y=334 block_id=259 block=塑钢传送带 team=1 rot=2
2026-04-01T00:06:32.6332488+08:00 [BUILD] action=constructed x=244 y=334 block_id=259 block=塑钢传送带 team=1 rot=2
2026-04-01T00:06:32.6485497+08:00 [BUILD] action=placed x=243 y=334 block_id=259 block=塑钢传送带 team=1 rot=2
2026-04-01T00:06:32.7312284+08:00 [BUILD] action=constructed x=243 y=334 block_id=259 block=塑钢传送带 team=1 rot=2
2026-04-01T00:06:32.7312284+08:00 [BUILD] action=placed x=242 y=334 block_id=259 block=塑钢传送带 team=1 rot=2
2026-04-01T00:06:32.784245+08:00 [BUILD] action=constructed x=242 y=334 block_id=259 block=塑钢传送带 team=1 rot=2
2026-04-01T00:06:32.7990488+08:00 [BUILD] action=placed x=241 y=334 block_id=259 block=塑钢传送带 team=1 rot=2
2026-04-01T00:06:32.845675+08:00 [BUILD] action=constructed x=241 y=334 block_id=259 block=塑钢传送带 team=1 rot=2
2026-04-01T00:06:32.84771+08:00 [BUILD] action=placed x=240 y=334 block_id=259 block=塑钢传送带 team=1 rot=2
2026-04-01T00:06:32.9015868+08:00 [BUILD] action=constructed x=240 y=334 block_id=259 block=塑钢传送带 team=1 rot=2
2026-04-01T00:06:32.9175556+08:00 [BUILD] action=placed x=252 y=336 block_id=259 block=塑钢传送带 team=1 rot=2
2026-04-01T00:06:32.9512708+08:00 [BUILD] action=constructed x=252 y=336 block_id=259 block=塑钢传送带 team=1 rot=2
2026-04-01T00:06:32.9654289+08:00 [BUILD] action=placed x=251 y=336 block_id=259 block=塑钢传送带 team=1 rot=2
2026-04-01T00:06:33.0225636+08:00 [BUILD] action=constructed x=251 y=336 block_id=259 block=塑钢传送带 team=1 rot=2
2026-04-01T00:06:33.0518059+08:00 [BUILD] action=placed x=250 y=336 block_id=259 block=塑钢传送带 team=1 rot=2
2026-04-01T00:06:33.1036664+08:00 [BUILD] action=constructed x=250 y=336 block_id=259 block=塑钢传送带 team=1 rot=2
2026-04-01T00:06:33.1170787+08:00 [BUILD] action=placed x=249 y=336 block_id=259 block=塑钢传送带 team=1 rot=2
2026-04-01T00:06:33.1721453+08:00 [BUILD] action=constructed x=249 y=336 block_id=259 block=塑钢传送带 team=1 rot=2
2026-04-01T00:06:33.201359+08:00 [BUILD] action=placed x=248 y=336 block_id=259 block=塑钢传送带 team=1 rot=2
2026-04-01T00:06:33.2366559+08:00 [BUILD] action=constructed x=248 y=336 block_id=259 block=塑钢传送带 team=1 rot=2
2026-04-01T00:06:33.2493709+08:00 [BUILD] action=placed x=247 y=336 block_id=259 block=塑钢传送带 team=1 rot=2
2026-04-01T00:06:33.3159831+08:00 [BUILD] action=constructed x=247 y=336 block_id=259 block=塑钢传送带 team=1 rot=2
2026-04-01T00:06:33.3170871+08:00 [BUILD] action=placed x=246 y=336 block_id=259 block=塑钢传送带 team=1 rot=2
2026-04-01T00:06:33.3744042+08:00 [BUILD] action=constructed x=246 y=336 block_id=259 block=塑钢传送带 team=1 rot=2
2026-04-01T00:06:33.4135354+08:00 [BUILD] action=placed x=245 y=336 block_id=259 block=塑钢传送带 team=1 rot=2
2026-04-01T00:06:33.4343686+08:00 [BUILD] action=constructed x=245 y=336 block_id=259 block=塑钢传送带 team=1 rot=2
2026-04-01T00:06:33.4513246+08:00 [BUILD] action=placed x=244 y=336 block_id=259 block=塑钢传送带 team=1 rot=2
2026-04-01T00:06:33.5027591+08:00 [BUILD] action=constructed x=244 y=336 block_id=259 block=塑钢传送带 team=1 rot=2
2026-04-01T00:06:33.5148675+08:00 [BUILD] action=placed x=243 y=336 block_id=259 block=塑钢传送带 team=1 rot=2
2026-04-01T00:06:33.5694366+08:00 [BUILD] action=constructed x=243 y=336 block_id=259 block=塑钢传送带 team=1 rot=2
2026-04-01T00:06:33.5817862+08:00 [BUILD] action=placed x=242 y=336 block_id=259 block=塑钢传送带 team=1 rot=2
2026-04-01T00:06:33.6395521+08:00 [BUILD] action=constructed x=242 y=336 block_id=259 block=塑钢传送带 team=1 rot=2
2026-04-01T00:06:33.6817+08:00 [BUILD] action=placed x=241 y=336 block_id=259 block=塑钢传送带 team=1 rot=2
2026-04-01T00:06:33.7037634+08:00 [BUILD] action=constructed x=241 y=336 block_id=259 block=塑钢传送带 team=1 rot=2
2026-04-01T00:06:33.725652+08:00 [BUILD] action=placed x=240 y=336 block_id=259 block=塑钢传送带 team=1 rot=2
2026-04-01T00:06:33.7738192+08:00 [BUILD] action=constructed x=240 y=336 block_id=259 block=塑钢传送带 team=1 rot=2
2026-04-01T00:06:33.7978792+08:00 [BUILD] action=placed x=239 y=336 block_id=259 block=塑钢传送带 team=1 rot=2
2026-04-01T00:06:33.8510462+08:00 [BUILD] action=constructed x=239 y=336 block_id=259 block=塑钢传送带 team=1 rot=2
2026-04-01T00:06:33.8515522+08:00 [BUILD] action=placed x=238 y=336 block_id=259 block=塑钢传送带 team=1 rot=2
2026-04-01T00:06:33.918083+08:00 [BUILD] action=constructed x=238 y=336 block_id=259 block=塑钢传送带 team=1 rot=2
2026-04-01T00:06:33.951194+08:00 [BUILD] action=placed x=253 y=338 block_id=259 block=塑钢传送带 team=1 rot=2
2026-04-01T00:06:34.0119678+08:00 [BUILD] action=constructed x=253 y=338 block_id=259 block=塑钢传送带 team=1 rot=2
2026-04-01T00:06:34.0129735+08:00 [BUILD] action=placed x=252 y=338 block_id=259 block=塑钢传送带 team=1 rot=2
2026-04-01T00:06:34.0885974+08:00 [BUILD] action=constructed x=252 y=338 block_id=259 block=塑钢传送带 team=1 rot=2
2026-04-01T00:06:34.0901248+08:00 [BUILD] action=placed x=251 y=338 block_id=259 block=塑钢传送带 team=1 rot=2
2026-04-01T00:06:34.1859256+08:00 [BUILD] action=constructed x=251 y=338 block_id=259 block=塑钢传送带 team=1 rot=2
2026-04-01T00:06:34.1878981+08:00 [BUILD] action=placed x=250 y=338 block_id=259 block=塑钢传送带 team=1 rot=2
2026-04-01T00:06:34.2383087+08:00 [BUILD] action=constructed x=250 y=338 block_id=259 block=塑钢传送带 team=1 rot=2
2026-04-01T00:06:34.2383087+08:00 [BUILD] action=placed x=249 y=338 block_id=259 block=塑钢传送带 team=1 rot=2
2026-04-01T00:06:34.2870518+08:00 [BUILD] action=constructed x=249 y=338 block_id=259 block=塑钢传送带 team=1 rot=2
2026-04-01T00:06:34.2991604+08:00 [BUILD] action=placed x=248 y=338 block_id=259 block=塑钢传送带 team=1 rot=2
2026-04-01T00:06:34.3547215+08:00 [BUILD] action=constructed x=248 y=338 block_id=259 block=塑钢传送带 team=1 rot=2
2026-04-01T00:06:34.366831+08:00 [BUILD] action=placed x=247 y=338 block_id=259 block=塑钢传送带 team=1 rot=2
2026-04-01T00:06:34.4377415+08:00 [BUILD] action=constructed x=247 y=338 block_id=259 block=塑钢传送带 team=1 rot=2
2026-04-01T00:06:34.4528644+08:00 [BUILD] action=placed x=246 y=338 block_id=259 block=塑钢传送带 team=1 rot=2
2026-04-01T00:06:34.4879709+08:00 [BUILD] action=constructed x=246 y=338 block_id=259 block=塑钢传送带 team=1 rot=2
2026-04-01T00:06:34.5044155+08:00 [BUILD] action=placed x=245 y=338 block_id=259 block=塑钢传送带 team=1 rot=2
2026-04-01T00:06:34.5546135+08:00 [BUILD] action=constructed x=245 y=338 block_id=259 block=塑钢传送带 team=1 rot=2
2026-04-01T00:06:34.5669795+08:00 [BUILD] action=placed x=244 y=338 block_id=259 block=塑钢传送带 team=1 rot=2
2026-04-01T00:06:34.6343638+08:00 [BUILD] action=constructed x=244 y=338 block_id=259 block=塑钢传送带 team=1 rot=2
2026-04-01T00:06:34.6343638+08:00 [BUILD] action=placed x=243 y=338 block_id=259 block=塑钢传送带 team=1 rot=2
2026-04-01T00:06:35.818871+08:00 [BUILD] action=deconstructing x=255 y=334 block_id=259 block=塑钢传送带 team=1
2026-04-01T00:06:35.9010008+08:00 [BUILD] action=destroyed x=255 y=334 block_id=259 block=塑钢传送带 team=1
2026-04-01T00:06:35.9182008+08:00 [BUILD] action=deconstructing x=254 y=334 block_id=259 block=塑钢传送带 team=1
2026-04-01T00:06:35.955728+08:00 [BUILD] action=destroyed x=254 y=334 block_id=259 block=塑钢传送带 team=1
2026-04-01T00:06:35.9684909+08:00 [BUILD] action=deconstructing x=253 y=338 block_id=259 block=塑钢传送带 team=1
2026-04-01T00:06:36.0269924+08:00 [BUILD] action=destroyed x=253 y=338 block_id=259 block=塑钢传送带 team=1
2026-04-01T00:06:36.0538927+08:00 [BUILD] action=deconstructing x=253 y=334 block_id=259 block=塑钢传送带 team=1
2026-04-01T00:06:36.0880709+08:00 [BUILD] action=destroyed x=253 y=334 block_id=259 block=塑钢传送带 team=1
2026-04-01T00:06:36.101311+08:00 [BUILD] action=deconstructing x=252 y=338 block_id=259 block=塑钢传送带 team=1
2026-04-01T00:06:36.1550728+08:00 [BUILD] action=destroyed x=252 y=338 block_id=259 block=塑钢传送带 team=1
2026-04-01T00:06:36.171371+08:00 [BUILD] action=deconstructing x=252 y=336 block_id=259 block=塑钢传送带 team=1
2026-04-01T00:06:36.2188316+08:00 [BUILD] action=destroyed x=252 y=336 block_id=259 block=塑钢传送带 team=1
2026-04-01T00:06:36.2198917+08:00 [BUILD] action=deconstructing x=252 y=334 block_id=259 block=塑钢传送带 team=1
2026-04-01T00:06:36.28453+08:00 [BUILD] action=destroyed x=252 y=334 block_id=259 block=塑钢传送带 team=1
2026-04-01T00:06:36.28453+08:00 [BUILD] action=deconstructing x=251 y=338 block_id=259 block=塑钢传送带 team=1
2026-04-01T00:06:36.3525743+08:00 [BUILD] action=destroyed x=251 y=338 block_id=259 block=塑钢传送带 team=1
2026-04-01T00:06:36.3540856+08:00 [BUILD] action=deconstructing x=251 y=336 block_id=259 block=塑钢传送带 team=1
2026-04-01T00:06:36.4339976+08:00 [BUILD] action=destroyed x=251 y=336 block_id=259 block=塑钢传送带 team=1
2026-04-01T00:06:36.4345041+08:00 [BUILD] action=deconstructing x=251 y=334 block_id=259 block=塑钢传送带 team=1
2026-04-01T00:06:36.4704817+08:00 [BUILD] action=destroyed x=251 y=334 block_id=259 block=塑钢传送带 team=1
2026-04-01T00:06:36.4819585+08:00 [BUILD] action=deconstructing x=250 y=338 block_id=259 block=塑钢传送带 team=1
2026-04-01T00:06:36.55036+08:00 [BUILD] action=destroyed x=250 y=338 block_id=259 block=塑钢传送带 team=1
2026-04-01T00:06:36.55036+08:00 [BUILD] action=deconstructing x=250 y=336 block_id=259 block=塑钢传送带 team=1
2026-04-01T00:06:36.633911+08:00 [BUILD] action=destroyed x=250 y=336 block_id=259 block=塑钢传送带 team=1
2026-04-01T00:06:36.6349104+08:00 [BUILD] action=deconstructing x=250 y=334 block_id=259 block=塑钢传送带 team=1
2026-04-01T00:06:36.672078+08:00 [BUILD] action=destroyed x=250 y=334 block_id=259 block=塑钢传送带 team=1
2026-04-01T00:06:36.6878697+08:00 [BUILD] action=deconstructing x=249 y=338 block_id=259 block=塑钢传送带 team=1
2026-04-01T00:06:36.7573435+08:00 [BUILD] action=destroyed x=249 y=338 block_id=259 block=塑钢传送带 team=1
2026-04-01T00:06:36.7870179+08:00 [BUILD] action=deconstructing x=249 y=336 block_id=259 block=塑钢传送带 team=1
2026-04-01T00:06:36.8355801+08:00 [BUILD] action=destroyed x=249 y=336 block_id=259 block=塑钢传送带 team=1
2026-04-01T00:06:36.8371016+08:00 [BUILD] action=deconstructing x=249 y=334 block_id=259 block=塑钢传送带 team=1
2026-04-01T00:06:36.8935484+08:00 [BUILD] action=destroyed x=249 y=334 block_id=259 block=塑钢传送带 team=1
2026-04-01T00:06:36.9405013+08:00 [BUILD] action=deconstructing x=248 y=338 block_id=259 block=塑钢传送带 team=1
2026-04-01T00:06:36.9705336+08:00 [BUILD] action=destroyed x=248 y=338 block_id=259 block=塑钢传送带 team=1
2026-04-01T00:06:36.9705336+08:00 [BUILD] action=deconstructing x=248 y=336 block_id=259 block=塑钢传送带 team=1
2026-04-01T00:06:37.0174056+08:00 [BUILD] action=destroyed x=248 y=336 block_id=259 block=塑钢传送带 team=1
2026-04-01T00:06:37.0184951+08:00 [BUILD] action=deconstructing x=248 y=334 block_id=259 block=塑钢传送带 team=1
2026-04-01T00:06:37.1049381+08:00 [BUILD] action=destroyed x=248 y=334 block_id=259 block=塑钢传送带 team=1
2026-04-01T00:06:37.1177766+08:00 [BUILD] action=deconstructing x=247 y=338 block_id=259 block=塑钢传送带 team=1
2026-04-01T00:06:37.1713173+08:00 [BUILD] action=destroyed x=247 y=338 block_id=259 block=塑钢传送带 team=1
2026-04-01T00:06:37.1870976+08:00 [BUILD] action=deconstructing x=247 y=336 block_id=259 block=塑钢传送带 team=1
2026-04-01T00:06:37.219129+08:00 [BUILD] action=destroyed x=247 y=336 block_id=259 block=塑钢传送带 team=1
2026-04-01T00:06:37.219129+08:00 [BUILD] action=deconstructing x=247 y=334 block_id=259 block=塑钢传送带 team=1
2026-04-01T00:06:37.2914713+08:00 [BUILD] action=destroyed x=247 y=334 block_id=259 block=塑钢传送带 team=1
2026-04-01T00:06:37.2914713+08:00 [BUILD] action=deconstructing x=246 y=338 block_id=259 block=塑钢传送带 team=1
2026-04-01T00:06:37.3745576+08:00 [BUILD] action=destroyed x=246 y=338 block_id=259 block=塑钢传送带 team=1
2026-04-01T00:06:37.3760894+08:00 [BUILD] action=deconstructing x=246 y=336 block_id=259 block=塑钢传送带 team=1
2026-04-01T00:06:37.4593911+08:00 [BUILD] action=destroyed x=246 y=336 block_id=259 block=塑钢传送带 team=1
2026-04-01T00:06:37.4715001+08:00 [BUILD] action=deconstructing x=246 y=334 block_id=259 block=塑钢传送带 team=1
2026-04-01T00:06:37.5063237+08:00 [BUILD] action=destroyed x=246 y=334 block_id=259 block=塑钢传送带 team=1
2026-04-01T00:06:37.5063237+08:00 [BUILD] action=deconstructing x=245 y=338 block_id=259 block=塑钢传送带 team=1
2026-04-01T00:06:37.5686888+08:00 [BUILD] action=destroyed x=245 y=338 block_id=259 block=塑钢传送带 team=1
2026-04-01T00:06:37.5737154+08:00 [BUILD] action=deconstructing x=245 y=336 block_id=259 block=塑钢传送带 team=1
2026-04-01T00:06:37.6576187+08:00 [BUILD] action=destroyed x=245 y=336 block_id=259 block=塑钢传送带 team=1
2026-04-01T00:06:37.6592981+08:00 [BUILD] action=deconstructing x=245 y=334 block_id=259 block=塑钢传送带 team=1
2026-04-01T00:06:37.7090013+08:00 [BUILD] action=destroyed x=245 y=334 block_id=259 block=塑钢传送带 team=1
2026-04-01T00:06:37.722304+08:00 [BUILD] action=deconstructing x=244 y=338 block_id=259 block=塑钢传送带 team=1
2026-04-01T00:06:37.7735487+08:00 [BUILD] action=destroyed x=244 y=338 block_id=259 block=塑钢传送带 team=1
2026-04-01T00:06:37.7735487+08:00 [BUILD] action=deconstructing x=244 y=336 block_id=259 block=塑钢传送带 team=1
2026-04-01T00:06:37.8424182+08:00 [BUILD] action=destroyed x=244 y=336 block_id=259 block=塑钢传送带 team=1
2026-04-01T00:06:37.8424182+08:00 [BUILD] action=deconstructing x=244 y=334 block_id=259 block=塑钢传送带 team=1
2026-04-01T00:06:37.9427845+08:00 [BUILD] action=destroyed x=244 y=334 block_id=259 block=塑钢传送带 team=1
2026-04-01T00:06:37.9968588+08:00 [BUILD] action=deconstructing x=243 y=336 block_id=259 block=塑钢传送带 team=1
2026-04-01T00:06:38.0221705+08:00 [BUILD] action=destroyed x=243 y=336 block_id=259 block=塑钢传送带 team=1
2026-04-01T00:06:38.023785+08:00 [BUILD] action=deconstructing x=243 y=334 block_id=259 block=塑钢传送带 team=1
2026-04-01T00:06:38.1024488+08:00 [BUILD] action=destroyed x=243 y=334 block_id=259 block=塑钢传送带 team=1
2026-04-01T00:06:38.1024488+08:00 [BUILD] action=deconstructing x=242 y=336 block_id=259 block=塑钢传送带 team=1
2026-04-01T00:06:38.1512292+08:00 [BUILD] action=destroyed x=242 y=336 block_id=259 block=塑钢传送带 team=1
2026-04-01T00:06:38.1528807+08:00 [BUILD] action=deconstructing x=242 y=334 block_id=259 block=塑钢传送带 team=1
2026-04-01T00:06:38.2364061+08:00 [BUILD] action=destroyed x=242 y=334 block_id=259 block=塑钢传送带 team=1
2026-04-01T00:06:38.270943+08:00 [BUILD] action=deconstructing x=241 y=336 block_id=259 block=塑钢传送带 team=1
2026-04-01T00:06:38.283385+08:00 [BUILD] action=destroyed x=241 y=336 block_id=259 block=塑钢传送带 team=1
2026-04-01T00:06:38.283385+08:00 [BUILD] action=deconstructing x=241 y=334 block_id=259 block=塑钢传送带 team=1
2026-04-01T00:06:38.3494586+08:00 [BUILD] action=destroyed x=241 y=334 block_id=259 block=塑钢传送带 team=1
2026-04-01T00:06:38.3494586+08:00 [BUILD] action=deconstructing x=240 y=336 block_id=259 block=塑钢传送带 team=1
2026-04-01T00:06:38.4183639+08:00 [BUILD] action=destroyed x=240 y=336 block_id=259 block=塑钢传送带 team=1
2026-04-01T00:06:38.4198733+08:00 [BUILD] action=deconstructing x=240 y=334 block_id=259 block=塑钢传送带 team=1
2026-04-01T00:06:38.5019865+08:00 [BUILD] action=destroyed x=240 y=334 block_id=259 block=塑钢传送带 team=1
2026-04-01T00:06:38.5021116+08:00 [BUILD] action=deconstructing x=239 y=336 block_id=259 block=塑钢传送带 team=1
2026-04-01T00:06:38.5493908+08:00 [BUILD] action=destroyed x=239 y=336 block_id=259 block=塑钢传送带 team=1
2026-04-01T00:06:38.5504705+08:00 [BUILD] action=deconstructing x=238 y=336 block_id=259 block=塑钢传送带 team=1
2026-04-01T00:06:38.6160687+08:00 [BUILD] action=destroyed x=238 y=336 block_id=259 block=塑钢传送带 team=1
2026-03-31T16:07:20.385174Z [NET] kind=tcp_accept packet= conn_id=1346605753 uuid= ip=117.155.153.24 name="" detail=
2026-03-31T16:07:20.5146994Z [NET] kind=connect_packet packet=*protocol.ConnectPacket conn_id=69054 uuid=hessdQQkCyYAAAAAv90plQ== ip=117.155.153.24 name="" detail=version=156 type=official mods=0
2026-03-31T16:07:20.7000722Z [NET] kind=world_handshake_sent packet= conn_id=69054 uuid=hessdQQkCyYAAAAAv90plQ== ip=117.155.153.24 name="[scarlet]（未绑定杂鱼~）[]snsn[gray]69054[]" detail=
2026-03-31T16:07:21.2004118Z [NET] kind=connect_confirm_client_snapshot packet=*protocol.Remote_NetServer_clientSnapshot_22 conn_id=69054 uuid=hessdQQkCyYAAAAAv90plQ== ip=117.155.153.24 name="[scarlet]（未绑定杂鱼~）[]snsn[gray]69054[]" detail=
2026-04-01T00:07:21.2606326+08:00 [RESPAWN] player="snsn" team=1 core=core-nucleus core_x=239 core_y=343 spawn_x=239 spawn_y=343
2026-04-01T00:07:21.2822844+08:00 [RESPAWN] player="snsn" team=1 unit=37 build_speed=1.00 spawn_x=239 spawn_y=343
