2026-04-01T13:17:59.3213623Z [NET] kind=tcp_accept packet= conn_id=90212789 uuid= ip=192.168.0.101 name="" detail=
2026-04-01T13:17:59.3355334Z [NET] kind=connect_packet packet=*protocol.ConnectPacket conn_id=12153 uuid=bRea8YRoGToAAAAAPO9P1Q== ip=192.168.0.101 name="" detail=version=156 type=official mods=0
2026-04-01T13:17:59.4868706Z [NET] kind=world_handshake_sent packet= conn_id=12153 uuid=bRea8YRoGToAAAAAPO9P1Q== ip=192.168.0.101 name="[scarlet]（未绑定杂鱼~）[][#00ffffff]月[#8982edff]子[#87ceebff]芳 \uf7a9\uf7be[gray]12153[]" detail=
2026-04-01T13:18:00.0065792Z [NET] kind=connect_confirm_client_snapshot packet=*protocol.Remote_NetServer_clientSnapshot_22 conn_id=12153 uuid=bRea8YRoGToAAAAAPO9P1Q== ip=192.168.0.101 name="[scarlet]（未绑定杂鱼~）[][#00ffffff]月[#8982edff]子[#87ceebff]芳 \uf7a9\uf7be[gray]12153[]" detail=
2026-04-01T21:18:00.1499391+08:00 [RESPAWN] player="[#00ffffff]月[#8982edff]子[#87ceebff]芳 \uf7a9\uf7be" team=1 core=core-nucleus core_x=408 core_y=213 spawn_x=408 spawn_y=213
2026-04-01T21:18:00.1961624+08:00 [RESPAWN] player="[#00ffffff]月[#8982edff]子[#87ceebff]芳 \uf7a9\uf7be" team=1 unit=37 build_speed=1.00 spawn_x=408 spawn_y=213
2026-04-01T21:18:00.9426254+08:00 [RESPAWN] player="[#00ffffff]月[#8982edff]子[#87ceebff]芳 \uf7a9\uf7be" team=1 core=core-nucleus core_x=408 core_y=213 spawn_x=408 spawn_y=213
2026-04-01T21:18:00.9840546+08:00 [RESPAWN] player="[#00ffffff]月[#8982edff]子[#87ceebff]芳 \uf7a9\uf7be" team=1 unit=37 build_speed=1.00 spawn_x=408 spawn_y=213
2026-04-01T21:18:08.3488167+08:00 [BUILD] action=placed x=413 y=202 block_id=257 block=传送带 team=1 rot=2
2026-04-01T21:18:08.3498147+08:00 [BUILD] action=constructed x=413 y=202 block_id=257 block=传送带 team=1 rot=2
2026-04-01T21:18:08.3966724+08:00 [BUILD] action=placed x=412 y=202 block_id=257 block=传送带 team=1 rot=2
2026-04-01T21:18:08.3966724+08:00 [BUILD] action=constructed x=412 y=202 block_id=257 block=传送带 team=1 rot=2
2026-04-01T21:18:08.4695045+08:00 [BUILD] action=placed x=411 y=202 block_id=257 block=传送带 team=1 rot=2
2026-04-01T21:18:08.4922744+08:00 [BUILD] action=constructed x=411 y=202 block_id=257 block=传送带 team=1 rot=2
2026-04-01T21:18:08.5200237+08:00 [BUILD] action=placed x=410 y=202 block_id=257 block=传送带 team=1 rot=2
2026-04-01T21:18:08.5200237+08:00 [BUILD] action=constructed x=410 y=202 block_id=257 block=传送带 team=1 rot=2
2026-04-01T21:18:08.5855102+08:00 [BUILD] action=placed x=409 y=202 block_id=257 block=传送带 team=1 rot=2
2026-04-01T21:18:08.5855102+08:00 [BUILD] action=constructed x=409 y=202 block_id=257 block=传送带 team=1 rot=2
2026-04-01T21:18:08.6347046+08:00 [BUILD] action=placed x=408 y=202 block_id=257 block=传送带 team=1 rot=2
2026-04-01T21:18:08.6357179+08:00 [BUILD] action=constructed x=408 y=202 block_id=257 block=传送带 team=1 rot=2
2026-04-01T21:18:08.6731133+08:00 [BUILD] action=placed x=407 y=202 block_id=257 block=传送带 team=1 rot=2
2026-04-01T21:18:08.6998896+08:00 [BUILD] action=constructed x=407 y=202 block_id=257 block=传送带 team=1 rot=2
2026-04-01T21:18:08.7533393+08:00 [BUILD] action=placed x=406 y=202 block_id=257 block=传送带 team=1 rot=2
2026-04-01T21:18:08.7543368+08:00 [BUILD] action=constructed x=406 y=202 block_id=257 block=传送带 team=1 rot=2
2026-04-01T21:18:08.7940365+08:00 [BUILD] action=placed x=405 y=202 block_id=257 block=传送带 team=1 rot=2
2026-04-01T21:18:08.8422063+08:00 [BUILD] action=constructed x=405 y=202 block_id=257 block=传送带 team=1 rot=2
2026-04-01T21:18:08.8697622+08:00 [BUILD] action=placed x=404 y=202 block_id=257 block=传送带 team=1 rot=2
2026-04-01T21:18:08.8697622+08:00 [BUILD] action=constructed x=404 y=202 block_id=257 block=传送带 team=1 rot=2
2026-04-01T21:18:08.9372323+08:00 [BUILD] action=placed x=403 y=202 block_id=257 block=传送带 team=1 rot=2
2026-04-01T21:18:08.93824+08:00 [BUILD] action=constructed x=403 y=202 block_id=257 block=传送带 team=1 rot=2
2026-04-01T21:18:08.9873529+08:00 [BUILD] action=placed x=402 y=202 block_id=257 block=传送带 team=1 rot=2
2026-04-01T21:18:08.9873529+08:00 [BUILD] action=constructed x=402 y=202 block_id=257 block=传送带 team=1 rot=2
2026-04-01T21:18:09.0277438+08:00 [BUILD] action=placed x=401 y=202 block_id=257 block=传送带 team=1 rot=2
2026-04-01T21:18:09.0771021+08:00 [BUILD] action=constructed x=401 y=202 block_id=257 block=传送带 team=1 rot=2
2026-04-01T21:18:09.105124+08:00 [BUILD] action=placed x=400 y=202 block_id=257 block=传送带 team=1 rot=2
2026-04-01T21:18:09.106632+08:00 [BUILD] action=constructed x=400 y=202 block_id=257 block=传送带 team=1 rot=2
2026-04-01T21:18:09.1440104+08:00 [BUILD] action=placed x=399 y=202 block_id=257 block=传送带 team=1 rot=2
2026-04-01T21:18:09.1960602+08:00 [BUILD] action=constructed x=399 y=202 block_id=257 block=传送带 team=1 rot=2
2026-04-01T21:18:09.7626523+08:00 [BUILD] action=placed x=416 y=205 block_id=257 block=传送带 team=1 rot=2
2026-04-01T21:18:09.8061433+08:00 [BUILD] action=constructed x=416 y=205 block_id=257 block=传送带 team=1 rot=2
2026-04-01T21:18:09.889629+08:00 [BUILD] action=placed x=415 y=205 block_id=257 block=传送带 team=1 rot=2
2026-04-01T21:18:09.8906283+08:00 [BUILD] action=constructed x=415 y=205 block_id=257 block=传送带 team=1 rot=2
2026-04-01T21:18:09.8906283+08:00 [BUILD] action=placed x=414 y=205 block_id=257 block=传送带 team=1 rot=2
2026-04-01T21:18:09.9339258+08:00 [BUILD] action=constructed x=414 y=205 block_id=257 block=传送带 team=1 rot=2
2026-04-01T21:18:10.0105295+08:00 [BUILD] action=placed x=413 y=205 block_id=257 block=传送带 team=1 rot=2
2026-04-01T21:18:10.0105295+08:00 [BUILD] action=constructed x=413 y=205 block_id=257 block=传送带 team=1 rot=2
2026-04-01T21:18:10.011538+08:00 [BUILD] action=placed x=412 y=205 block_id=257 block=传送带 team=1 rot=2
2026-04-01T21:18:10.0743214+08:00 [BUILD] action=constructed x=412 y=205 block_id=257 block=传送带 team=1 rot=2
2026-04-01T21:18:10.1011785+08:00 [BUILD] action=placed x=411 y=205 block_id=257 block=传送带 team=1 rot=2
2026-04-01T21:18:10.1244325+08:00 [BUILD] action=constructed x=411 y=205 block_id=257 block=传送带 team=1 rot=2
2026-04-01T21:18:10.1254327+08:00 [BUILD] action=placed x=410 y=205 block_id=257 block=传送带 team=1 rot=2
2026-04-01T21:18:10.1920811+08:00 [BUILD] action=constructed x=410 y=205 block_id=257 block=传送带 team=1 rot=2
2026-04-01T21:18:10.239423+08:00 [BUILD] action=placed x=409 y=205 block_id=257 block=传送带 team=1 rot=2
2026-04-01T21:18:10.2404223+08:00 [BUILD] action=constructed x=409 y=205 block_id=257 block=传送带 team=1 rot=2
2026-04-01T21:18:10.2404223+08:00 [BUILD] action=placed x=408 y=205 block_id=257 block=传送带 team=1 rot=2
2026-04-01T21:18:10.3052127+08:00 [BUILD] action=constructed x=408 y=205 block_id=257 block=传送带 team=1 rot=2
2026-04-01T21:18:10.3324383+08:00 [BUILD] action=placed x=407 y=205 block_id=257 block=传送带 team=1 rot=2
2026-04-01T21:18:10.3540771+08:00 [BUILD] action=constructed x=407 y=205 block_id=257 block=传送带 team=1 rot=2
2026-04-01T21:18:10.3565828+08:00 [BUILD] action=placed x=406 y=205 block_id=257 block=传送带 team=1 rot=2
2026-04-01T21:18:10.3983707+08:00 [BUILD] action=constructed x=406 y=205 block_id=257 block=传送带 team=1 rot=2
2026-04-01T21:18:10.4476266+08:00 [BUILD] action=placed x=405 y=205 block_id=257 block=传送带 team=1 rot=2
2026-04-01T21:18:10.4476266+08:00 [BUILD] action=constructed x=405 y=205 block_id=257 block=传送带 team=1 rot=2
2026-04-01T21:18:10.4715723+08:00 [BUILD] action=placed x=404 y=205 block_id=257 block=传送带 team=1 rot=2
2026-04-01T21:18:10.538605+08:00 [BUILD] action=constructed x=404 y=205 block_id=257 block=传送带 team=1 rot=2
2026-04-01T21:18:10.5865896+08:00 [BUILD] action=placed x=414 y=207 block_id=257 block=传送带 team=1 rot=2
2026-04-01T21:18:10.5865896+08:00 [BUILD] action=constructed x=414 y=207 block_id=257 block=传送带 team=1 rot=2
2026-04-01T21:18:10.5865896+08:00 [BUILD] action=placed x=413 y=207 block_id=257 block=传送带 team=1 rot=2
2026-04-01T21:18:10.6340513+08:00 [BUILD] action=constructed x=413 y=207 block_id=257 block=传送带 team=1 rot=2
2026-04-01T21:18:10.7081016+08:00 [BUILD] action=placed x=412 y=207 block_id=257 block=传送带 team=1 rot=2
2026-04-01T21:18:10.7086198+08:00 [BUILD] action=constructed x=412 y=207 block_id=257 block=传送带 team=1 rot=2
2026-04-01T21:18:10.7086198+08:00 [BUILD] action=placed x=411 y=207 block_id=257 block=传送带 team=1 rot=2
2026-04-01T21:18:10.7754905+08:00 [BUILD] action=constructed x=411 y=207 block_id=257 block=传送带 team=1 rot=2
2026-04-01T21:18:10.8049549+08:00 [BUILD] action=placed x=410 y=207 block_id=257 block=传送带 team=1 rot=2
2026-04-01T21:18:10.8280788+08:00 [BUILD] action=constructed x=410 y=207 block_id=257 block=传送带 team=1 rot=2
2026-04-01T21:18:10.8295877+08:00 [BUILD] action=placed x=409 y=207 block_id=257 block=传送带 team=1 rot=2
2026-04-01T21:18:10.8716751+08:00 [BUILD] action=constructed x=409 y=207 block_id=257 block=传送带 team=1 rot=2
2026-04-01T21:18:10.9221192+08:00 [BUILD] action=placed x=408 y=207 block_id=257 block=传送带 team=1 rot=2
2026-04-01T21:18:10.9221192+08:00 [BUILD] action=constructed x=408 y=207 block_id=257 block=传送带 team=1 rot=2
2026-04-01T21:18:10.9464039+08:00 [BUILD] action=placed x=407 y=207 block_id=257 block=传送带 team=1 rot=2
2026-04-01T21:18:10.9899968+08:00 [BUILD] action=constructed x=407 y=207 block_id=257 block=传送带 team=1 rot=2
2026-04-01T21:18:11.0610402+08:00 [BUILD] action=placed x=406 y=207 block_id=257 block=传送带 team=1 rot=2
2026-04-01T21:18:11.0625567+08:00 [BUILD] action=constructed x=406 y=207 block_id=257 block=传送带 team=1 rot=2
2026-04-01T21:18:11.0626685+08:00 [BUILD] action=placed x=405 y=207 block_id=257 block=传送带 team=1 rot=2
2026-04-01T21:18:11.1061943+08:00 [BUILD] action=constructed x=405 y=207 block_id=257 block=传送带 team=1 rot=2
2026-04-01T21:18:11.180168+08:00 [BUILD] action=placed x=404 y=207 block_id=257 block=传送带 team=1 rot=2
2026-04-01T21:18:11.181688+08:00 [BUILD] action=constructed x=404 y=207 block_id=257 block=传送带 team=1 rot=2
2026-04-01T21:18:11.1822219+08:00 [BUILD] action=placed x=403 y=207 block_id=257 block=传送带 team=1 rot=2
2026-04-01T21:18:11.295961+08:00 [BUILD] action=constructed x=403 y=207 block_id=257 block=传送带 team=1 rot=2
2026-04-01T21:18:11.2964687+08:00 [BUILD] action=placed x=402 y=207 block_id=257 block=传送带 team=1 rot=2
2026-04-01T21:18:11.2964687+08:00 [BUILD] action=constructed x=402 y=207 block_id=257 block=传送带 team=1 rot=2
2026-04-01T21:18:11.297476+08:00 [BUILD] action=placed x=401 y=207 block_id=257 block=传送带 team=1 rot=2
2026-04-01T21:18:11.3382724+08:00 [BUILD] action=constructed x=401 y=207 block_id=257 block=传送带 team=1 rot=2
2026-04-01T21:18:11.4104556+08:00 [BUILD] action=placed x=400 y=207 block_id=257 block=传送带 team=1 rot=2
2026-04-01T21:18:11.4104556+08:00 [BUILD] action=constructed x=400 y=207 block_id=257 block=传送带 team=1 rot=2
2026-04-01T21:18:11.4104556+08:00 [BUILD] action=placed x=399 y=207 block_id=257 block=传送带 team=1 rot=2
2026-04-01T21:18:11.4838966+08:00 [BUILD] action=constructed x=399 y=207 block_id=257 block=传送带 team=1 rot=2
2026-04-01T21:18:11.5113785+08:00 [BUILD] action=placed x=398 y=207 block_id=257 block=传送带 team=1 rot=2
2026-04-01T21:18:11.5351565+08:00 [BUILD] action=constructed x=398 y=207 block_id=257 block=传送带 team=1 rot=2
2026-04-01T21:18:11.5351565+08:00 [BUILD] action=placed x=409 y=210 block_id=257 block=传送带 team=1 rot=2
2026-04-01T21:18:11.5818436+08:00 [BUILD] action=constructed x=409 y=210 block_id=257 block=传送带 team=1 rot=2
2026-04-01T21:18:11.6611941+08:00 [BUILD] action=placed x=408 y=210 block_id=257 block=传送带 team=1 rot=2
2026-04-01T21:18:11.6611941+08:00 [BUILD] action=constructed x=408 y=210 block_id=257 block=传送带 team=1 rot=2
2026-04-01T21:18:11.6627914+08:00 [BUILD] action=placed x=407 y=210 block_id=257 block=传送带 team=1 rot=2
2026-04-01T21:18:11.7049265+08:00 [BUILD] action=constructed x=407 y=210 block_id=257 block=传送带 team=1 rot=2
2026-04-01T21:18:11.7794593+08:00 [BUILD] action=placed x=406 y=210 block_id=257 block=传送带 team=1 rot=2
2026-04-01T21:18:11.7794593+08:00 [BUILD] action=constructed x=406 y=210 block_id=257 block=传送带 team=1 rot=2
2026-04-01T21:18:11.7815027+08:00 [BUILD] action=placed x=405 y=210 block_id=257 block=传送带 team=1 rot=2
2026-04-01T21:18:11.833108+08:00 [BUILD] action=constructed x=405 y=210 block_id=257 block=传送带 team=1 rot=2
2026-04-01T21:18:11.8817167+08:00 [BUILD] action=placed x=404 y=210 block_id=257 block=传送带 team=1 rot=2
2026-04-01T21:18:11.8817167+08:00 [BUILD] action=constructed x=404 y=210 block_id=257 block=传送带 team=1 rot=2
2026-04-01T21:18:11.9043846+08:00 [BUILD] action=placed x=403 y=210 block_id=257 block=传送带 team=1 rot=2
2026-04-01T21:18:11.9745085+08:00 [BUILD] action=constructed x=403 y=210 block_id=257 block=传送带 team=1 rot=2
2026-04-01T21:18:12.0011263+08:00 [BUILD] action=placed x=402 y=210 block_id=257 block=传送带 team=1 rot=2
2026-04-01T21:18:12.0239086+08:00 [BUILD] action=constructed x=402 y=210 block_id=257 block=传送带 team=1 rot=2
2026-04-01T21:18:12.0239086+08:00 [BUILD] action=placed x=401 y=210 block_id=257 block=传送带 team=1 rot=2
2026-04-01T21:18:12.0949961+08:00 [BUILD] action=constructed x=401 y=210 block_id=257 block=传送带 team=1 rot=2
2026-04-01T21:18:12.1232695+08:00 [BUILD] action=placed x=400 y=210 block_id=257 block=传送带 team=1 rot=2
2026-04-01T21:18:12.1503074+08:00 [BUILD] action=constructed x=400 y=210 block_id=257 block=传送带 team=1 rot=2
2026-04-01T21:18:12.15082+08:00 [BUILD] action=placed x=399 y=210 block_id=257 block=传送带 team=1 rot=2
2026-04-01T21:18:12.19256+08:00 [BUILD] action=constructed x=399 y=210 block_id=257 block=传送带 team=1 rot=2
2026-04-01T21:18:12.2421058+08:00 [BUILD] action=placed x=402 y=212 block_id=257 block=传送带 team=1 rot=1
2026-04-01T21:18:12.2650596+08:00 [BUILD] action=constructed x=402 y=212 block_id=257 block=传送带 team=1 rot=1
2026-04-01T21:18:12.2665648+08:00 [BUILD] action=placed x=402 y=213 block_id=257 block=传送带 team=1 rot=1
2026-04-01T21:18:12.3080227+08:00 [BUILD] action=constructed x=402 y=213 block_id=257 block=传送带 team=1 rot=1
2026-04-01T21:18:12.3593345+08:00 [BUILD] action=placed x=402 y=214 block_id=257 block=传送带 team=1 rot=1
2026-04-01T21:18:12.3593345+08:00 [BUILD] action=constructed x=402 y=214 block_id=257 block=传送带 team=1 rot=1
2026-04-01T21:18:12.3809247+08:00 [BUILD] action=placed x=402 y=215 block_id=257 block=传送带 team=1 rot=1
2026-04-01T21:18:12.427084+08:00 [BUILD] action=constructed x=402 y=215 block_id=257 block=传送带 team=1 rot=1
2026-04-01T21:18:12.5003465+08:00 [BUILD] action=placed x=402 y=216 block_id=257 block=传送带 team=1 rot=1
2026-04-01T21:18:12.5003465+08:00 [BUILD] action=constructed x=402 y=216 block_id=257 block=传送带 team=1 rot=1
2026-04-01T21:18:12.5003465+08:00 [BUILD] action=placed x=402 y=217 block_id=257 block=传送带 team=1 rot=1
2026-04-01T21:18:12.541171+08:00 [BUILD] action=constructed x=402 y=217 block_id=257 block=传送带 team=1 rot=1
2026-04-01T21:18:12.6187014+08:00 [BUILD] action=placed x=402 y=218 block_id=257 block=传送带 team=1 rot=1
2026-04-01T21:18:12.6187014+08:00 [BUILD] action=constructed x=402 y=218 block_id=257 block=传送带 team=1 rot=1
2026-04-01T21:18:12.6202245+08:00 [BUILD] action=placed x=411 y=215 block_id=257 block=传送带 team=1 rot=0
2026-04-01T21:18:12.6834056+08:00 [BUILD] action=constructed x=411 y=215 block_id=257 block=传送带 team=1 rot=0
2026-04-01T21:18:12.7110582+08:00 [BUILD] action=placed x=412 y=215 block_id=257 block=传送带 team=1 rot=0
2026-04-01T21:18:12.7345099+08:00 [BUILD] action=constructed x=412 y=215 block_id=257 block=传送带 team=1 rot=0
2026-04-01T21:18:12.7345099+08:00 [BUILD] action=placed x=413 y=215 block_id=257 block=传送带 team=1 rot=0
2026-04-01T21:18:12.778536+08:00 [BUILD] action=constructed x=413 y=215 block_id=257 block=传送带 team=1 rot=0
2026-04-01T21:18:12.8532648+08:00 [BUILD] action=placed x=414 y=215 block_id=257 block=传送带 team=1 rot=0
2026-04-01T21:18:12.8532648+08:00 [BUILD] action=constructed x=414 y=215 block_id=257 block=传送带 team=1 rot=0
2026-04-01T21:18:13.0757963+08:00 [BUILD] action=placed x=406 y=218 block_id=257 block=传送带 team=1 rot=0
2026-04-01T21:18:13.0767975+08:00 [BUILD] action=constructed x=406 y=218 block_id=257 block=传送带 team=1 rot=0
2026-04-01T21:18:13.0773028+08:00 [BUILD] action=placed x=407 y=218 block_id=257 block=传送带 team=1 rot=0
2026-04-01T21:18:13.1197878+08:00 [BUILD] action=constructed x=407 y=218 block_id=257 block=传送带 team=1 rot=0
2026-04-01T21:18:13.1734133+08:00 [BUILD] action=placed x=408 y=218 block_id=257 block=传送带 team=1 rot=0
2026-04-01T21:18:13.1734133+08:00 [BUILD] action=constructed x=408 y=218 block_id=257 block=传送带 team=1 rot=0
2026-04-01T21:18:13.1961385+08:00 [BUILD] action=placed x=409 y=218 block_id=257 block=传送带 team=1 rot=0
2026-04-01T21:18:13.262955+08:00 [BUILD] action=constructed x=409 y=218 block_id=257 block=传送带 team=1 rot=0
2026-04-01T21:18:13.2905172+08:00 [BUILD] action=placed x=410 y=218 block_id=257 block=传送带 team=1 rot=0
2026-04-01T21:18:13.3112771+08:00 [BUILD] action=constructed x=410 y=218 block_id=257 block=传送带 team=1 rot=0
2026-04-01T21:18:13.5684299+08:00 [BUILD] action=placed x=406 y=221 block_id=257 block=传送带 team=1 rot=0
2026-04-01T21:18:13.5975666+08:00 [BUILD] action=constructed x=406 y=221 block_id=257 block=传送带 team=1 rot=0
2026-04-01T21:18:13.6531858+08:00 [BUILD] action=placed x=407 y=221 block_id=257 block=传送带 team=1 rot=0
2026-04-01T21:18:13.6531858+08:00 [BUILD] action=constructed x=407 y=221 block_id=257 block=传送带 team=1 rot=0
2026-04-01T21:18:13.695043+08:00 [BUILD] action=placed x=408 y=221 block_id=257 block=传送带 team=1 rot=0
2026-04-01T21:18:13.7447422+08:00 [BUILD] action=constructed x=408 y=221 block_id=257 block=传送带 team=1 rot=0
2026-04-01T21:18:13.7716272+08:00 [BUILD] action=placed x=409 y=221 block_id=257 block=传送带 team=1 rot=0
2026-04-01T21:18:13.7716272+08:00 [BUILD] action=constructed x=409 y=221 block_id=257 block=传送带 team=1 rot=0
2026-04-01T21:18:13.8111168+08:00 [BUILD] action=placed x=410 y=221 block_id=257 block=传送带 team=1 rot=0
2026-04-01T21:18:13.8606729+08:00 [BUILD] action=constructed x=410 y=221 block_id=257 block=传送带 team=1 rot=0
2026-04-01T21:18:13.8934294+08:00 [BUILD] action=placed x=411 y=221 block_id=257 block=传送带 team=1 rot=0
2026-04-01T21:18:13.8934294+08:00 [BUILD] action=constructed x=411 y=221 block_id=257 block=传送带 team=1 rot=0
2026-04-01T21:18:13.9594979+08:00 [BUILD] action=placed x=412 y=221 block_id=257 block=传送带 team=1 rot=0
2026-04-01T21:18:13.9594979+08:00 [BUILD] action=constructed x=412 y=221 block_id=257 block=传送带 team=1 rot=0
2026-04-01T21:18:14.0096395+08:00 [BUILD] action=placed x=413 y=221 block_id=257 block=传送带 team=1 rot=0
2026-04-01T21:18:14.0106398+08:00 [BUILD] action=constructed x=413 y=221 block_id=257 block=传送带 team=1 rot=0
2026-04-01T21:18:14.0756912+08:00 [BUILD] action=placed x=414 y=221 block_id=257 block=传送带 team=1 rot=0
2026-04-01T21:18:14.0756912+08:00 [BUILD] action=constructed x=414 y=221 block_id=257 block=传送带 team=1 rot=0
2026-04-01T21:18:14.0992008+08:00 [BUILD] action=placed x=415 y=221 block_id=257 block=传送带 team=1 rot=0
2026-04-01T21:18:14.1274017+08:00 [BUILD] action=constructed x=415 y=221 block_id=257 block=传送带 team=1 rot=0
2026-04-01T21:18:14.1688413+08:00 [BUILD] action=placed x=407 y=223 block_id=257 block=传送带 team=1 rot=0
2026-04-01T21:18:14.2200971+08:00 [BUILD] action=constructed x=407 y=223 block_id=257 block=传送带 team=1 rot=0
2026-04-01T21:18:14.2475058+08:00 [BUILD] action=placed x=408 y=223 block_id=257 block=传送带 team=1 rot=0
2026-04-01T21:18:14.2475058+08:00 [BUILD] action=constructed x=408 y=223 block_id=257 block=传送带 team=1 rot=0
2026-04-01T21:18:14.3393168+08:00 [BUILD] action=placed x=409 y=223 block_id=257 block=传送带 team=1 rot=0
2026-04-01T21:18:14.3393168+08:00 [BUILD] action=constructed x=409 y=223 block_id=257 block=传送带 team=1 rot=0
2026-04-01T21:18:14.3677723+08:00 [BUILD] action=placed x=410 y=223 block_id=257 block=传送带 team=1 rot=0
2026-04-01T21:18:14.3677723+08:00 [BUILD] action=constructed x=410 y=223 block_id=257 block=传送带 team=1 rot=0
2026-04-01T21:18:14.4057998+08:00 [BUILD] action=placed x=411 y=223 block_id=257 block=传送带 team=1 rot=0
2026-04-01T21:18:14.456571+08:00 [BUILD] action=constructed x=411 y=223 block_id=257 block=传送带 team=1 rot=0
2026-04-01T21:18:14.4844832+08:00 [BUILD] action=placed x=412 y=223 block_id=257 block=传送带 team=1 rot=0
2026-04-01T21:18:14.4859926+08:00 [BUILD] action=constructed x=412 y=223 block_id=257 block=传送带 team=1 rot=0
2026-04-01T21:18:14.5498408+08:00 [BUILD] action=placed x=413 y=223 block_id=257 block=传送带 team=1 rot=0
2026-04-01T21:18:14.5498408+08:00 [BUILD] action=constructed x=413 y=223 block_id=257 block=传送带 team=1 rot=0
2026-04-01T21:18:14.5982733+08:00 [BUILD] action=placed x=414 y=223 block_id=257 block=传送带 team=1 rot=0
2026-04-01T21:18:14.5982733+08:00 [BUILD] action=constructed x=414 y=223 block_id=257 block=传送带 team=1 rot=0
2026-04-01T21:18:14.6395062+08:00 [BUILD] action=placed x=415 y=223 block_id=257 block=传送带 team=1 rot=0
2026-04-01T21:18:14.6898871+08:00 [BUILD] action=constructed x=415 y=223 block_id=257 block=传送带 team=1 rot=0
2026-04-01T21:18:14.716673+08:00 [BUILD] action=placed x=416 y=223 block_id=257 block=传送带 team=1 rot=0
2026-04-01T21:18:14.716673+08:00 [BUILD] action=constructed x=416 y=223 block_id=257 block=传送带 team=1 rot=0
2026-04-01T21:18:14.7825637+08:00 [BUILD] action=placed x=417 y=223 block_id=257 block=传送带 team=1 rot=0
2026-04-01T21:18:14.7825637+08:00 [BUILD] action=constructed x=417 y=223 block_id=257 block=传送带 team=1 rot=0
2026-04-01T21:18:14.8353707+08:00 [BUILD] action=placed x=418 y=223 block_id=257 block=传送带 team=1 rot=0
2026-04-01T21:18:14.8353707+08:00 [BUILD] action=constructed x=418 y=223 block_id=257 block=传送带 team=1 rot=0
2026-04-01T21:18:14.8809479+08:00 [BUILD] action=placed x=419 y=223 block_id=257 block=传送带 team=1 rot=0
2026-04-01T21:18:14.9293088+08:00 [BUILD] action=constructed x=419 y=223 block_id=257 block=传送带 team=1 rot=0
2026-04-01T21:18:14.9575957+08:00 [BUILD] action=placed x=420 y=223 block_id=257 block=传送带 team=1 rot=0
2026-04-01T21:18:14.9905071+08:00 [BUILD] action=constructed x=420 y=223 block_id=257 block=传送带 team=1 rot=0
2026-04-01T21:18:25.9934999+08:00 [BUILD] action=deconstructing x=398 y=207 block_id=257 block=传送带 team=1
2026-04-01T21:18:26.0426215+08:00 [BUILD] action=destroyed x=398 y=207 block_id=257 block=传送带 team=1
2026-04-01T21:18:26.0715249+08:00 [BUILD] action=deconstructing x=399 y=202 block_id=257 block=传送带 team=1
2026-04-01T21:18:26.0715249+08:00 [BUILD] action=destroyed x=399 y=202 block_id=257 block=传送带 team=1
2026-04-01T21:18:26.1104377+08:00 [BUILD] action=deconstructing x=399 y=207 block_id=257 block=传送带 team=1
2026-04-01T21:18:26.1390053+08:00 [BUILD] action=destroyed x=399 y=207 block_id=257 block=传送带 team=1
2026-04-01T21:18:26.1900605+08:00 [BUILD] action=deconstructing x=399 y=210 block_id=257 block=传送带 team=1
2026-04-01T21:18:26.1910594+08:00 [BUILD] action=destroyed x=399 y=210 block_id=257 block=传送带 team=1
2026-04-01T21:18:26.2269921+08:00 [BUILD] action=deconstructing x=399 y=215 block_id=114 block=砂岩 team=1
2026-04-01T21:18:26.3360799+08:00 [BUILD] action=deconstructing x=400 y=202 block_id=257 block=传送带 team=1
2026-04-01T21:18:26.3621731+08:00 [BUILD] action=destroyed x=400 y=202 block_id=257 block=传送带 team=1
2026-04-01T21:18:26.4094189+08:00 [BUILD] action=deconstructing x=400 y=207 block_id=257 block=传送带 team=1
2026-04-01T21:18:26.4094189+08:00 [BUILD] action=destroyed x=400 y=207 block_id=257 block=传送带 team=1
2026-04-01T21:18:26.4828685+08:00 [BUILD] action=deconstructing x=400 y=210 block_id=257 block=传送带 team=1
2026-04-01T21:18:26.5331954+08:00 [BUILD] action=destroyed x=400 y=210 block_id=257 block=传送带 team=1
2026-04-01T21:18:26.5342035+08:00 [BUILD] action=deconstructing x=401 y=202 block_id=257 block=传送带 team=1
2026-04-01T21:18:26.5342035+08:00 [BUILD] action=destroyed x=401 y=202 block_id=257 block=传送带 team=1
2026-04-01T21:18:26.5733698+08:00 [BUILD] action=deconstructing x=401 y=207 block_id=257 block=传送带 team=1
2026-04-01T21:18:26.6237956+08:00 [BUILD] action=destroyed x=401 y=207 block_id=257 block=传送带 team=1
2026-04-01T21:18:26.6511911+08:00 [BUILD] action=deconstructing x=401 y=210 block_id=257 block=传送带 team=1
2026-04-01T21:18:26.6526984+08:00 [BUILD] action=destroyed x=401 y=210 block_id=257 block=传送带 team=1
2026-04-01T21:18:26.6903524+08:00 [BUILD] action=deconstructing x=402 y=201 block_id=114 block=砂岩 team=1
2026-04-01T21:18:26.8234028+08:00 [BUILD] action=deconstructing x=402 y=202 block_id=257 block=传送带 team=1
2026-04-01T21:18:26.8244043+08:00 [BUILD] action=destroyed x=402 y=202 block_id=257 block=传送带 team=1
2026-04-01T21:18:26.8682203+08:00 [BUILD] action=deconstructing x=402 y=206 block_id=114 block=砂岩 team=1
2026-04-01T21:18:26.9822993+08:00 [BUILD] action=deconstructing x=402 y=207 block_id=257 block=传送带 team=1
2026-04-01T21:18:27.0459959+08:00 [BUILD] action=destroyed x=402 y=207 block_id=257 block=传送带 team=1
2026-04-01T21:18:27.0949812+08:00 [BUILD] action=deconstructing x=402 y=210 block_id=257 block=传送带 team=1
2026-04-01T21:18:27.0959031+08:00 [BUILD] action=destroyed x=402 y=210 block_id=257 block=传送带 team=1
2026-04-01T21:18:27.0969414+08:00 [BUILD] action=deconstructing x=402 y=212 block_id=257 block=传送带 team=1
2026-04-01T21:18:27.1666965+08:00 [BUILD] action=destroyed x=402 y=212 block_id=257 block=传送带 team=1
2026-04-01T21:18:27.2183013+08:00 [BUILD] action=deconstructing x=402 y=213 block_id=257 block=传送带 team=1
2026-04-01T21:18:27.2183013+08:00 [BUILD] action=destroyed x=402 y=213 block_id=257 block=传送带 team=1
2026-04-01T21:18:27.2183013+08:00 [BUILD] action=deconstructing x=402 y=214 block_id=257 block=传送带 team=1
2026-04-01T21:18:27.2627155+08:00 [BUILD] action=destroyed x=402 y=214 block_id=257 block=传送带 team=1
2026-04-01T21:18:27.337757+08:00 [BUILD] action=deconstructing x=402 y=215 block_id=257 block=传送带 team=1
2026-04-01T21:18:27.337757+08:00 [BUILD] action=destroyed x=402 y=215 block_id=257 block=传送带 team=1
2026-04-01T21:18:27.3387332+08:00 [BUILD] action=deconstructing x=402 y=216 block_id=257 block=传送带 team=1
2026-04-01T21:18:27.3827695+08:00 [BUILD] action=destroyed x=402 y=216 block_id=257 block=传送带 team=1
2026-04-01T21:18:27.4546566+08:00 [BUILD] action=deconstructing x=402 y=217 block_id=257 block=传送带 team=1
2026-04-01T21:18:27.4556336+08:00 [BUILD] action=destroyed x=402 y=217 block_id=257 block=传送带 team=1
2026-04-01T21:18:27.4571468+08:00 [BUILD] action=deconstructing x=402 y=218 block_id=257 block=传送带 team=1
2026-04-01T21:18:27.5217151+08:00 [BUILD] action=destroyed x=402 y=218 block_id=257 block=传送带 team=1
2026-04-01T21:18:27.5754948+08:00 [BUILD] action=deconstructing x=403 y=202 block_id=257 block=传送带 team=1
2026-04-01T21:18:27.5754948+08:00 [BUILD] action=destroyed x=403 y=202 block_id=257 block=传送带 team=1
2026-04-01T21:18:27.5765042+08:00 [BUILD] action=deconstructing x=403 y=207 block_id=257 block=传送带 team=1
2026-04-01T21:18:27.6183751+08:00 [BUILD] action=destroyed x=403 y=207 block_id=257 block=传送带 team=1
2026-04-01T21:18:27.6936519+08:00 [BUILD] action=deconstructing x=403 y=210 block_id=257 block=传送带 team=1
2026-04-01T21:18:27.6941769+08:00 [BUILD] action=destroyed x=403 y=210 block_id=257 block=传送带 team=1
2026-04-01T21:18:27.6941769+08:00 [BUILD] action=deconstructing x=404 y=202 block_id=257 block=传送带 team=1
2026-04-01T21:18:27.7624155+08:00 [BUILD] action=destroyed x=404 y=202 block_id=257 block=传送带 team=1
2026-04-01T21:18:27.8101613+08:00 [BUILD] action=deconstructing x=404 y=205 block_id=257 block=传送带 team=1
2026-04-01T21:18:27.8111628+08:00 [BUILD] action=destroyed x=404 y=205 block_id=257 block=传送带 team=1
2026-04-01T21:18:27.8111628+08:00 [BUILD] action=deconstructing x=404 y=207 block_id=257 block=传送带 team=1
2026-04-01T21:18:27.8518776+08:00 [BUILD] action=destroyed x=404 y=207 block_id=257 block=传送带 team=1
2026-04-01T21:18:27.9221403+08:00 [BUILD] action=deconstructing x=404 y=210 block_id=257 block=传送带 team=1
2026-04-01T21:18:27.923147+08:00 [BUILD] action=destroyed x=404 y=210 block_id=257 block=传送带 team=1
2026-04-01T21:18:27.9241469+08:00 [BUILD] action=deconstructing x=405 y=202 block_id=257 block=传送带 team=1
2026-04-01T21:18:27.9677688+08:00 [BUILD] action=destroyed x=405 y=202 block_id=257 block=传送带 team=1
2026-04-01T21:18:28.0464297+08:00 [BUILD] action=deconstructing x=405 y=205 block_id=257 block=传送带 team=1
2026-04-01T21:18:28.0474375+08:00 [BUILD] action=destroyed x=405 y=205 block_id=257 block=传送带 team=1
2026-04-01T21:18:28.0484396+08:00 [BUILD] action=deconstructing x=405 y=207 block_id=257 block=传送带 team=1
2026-04-01T21:18:28.1132088+08:00 [BUILD] action=destroyed x=405 y=207 block_id=257 block=传送带 team=1
2026-04-01T21:18:28.1608803+08:00 [BUILD] action=deconstructing x=405 y=210 block_id=257 block=传送带 team=1
2026-04-01T21:18:28.1608803+08:00 [BUILD] action=destroyed x=405 y=210 block_id=257 block=传送带 team=1
2026-04-01T21:18:28.1608803+08:00 [BUILD] action=deconstructing x=405 y=218 block_id=114 block=砂岩 team=1
2026-04-01T21:18:28.2837013+08:00 [BUILD] action=deconstructing x=406 y=202 block_id=257 block=传送带 team=1
2026-04-01T21:18:28.2837013+08:00 [BUILD] action=destroyed x=406 y=202 block_id=257 block=传送带 team=1
2026-04-01T21:18:28.332316+08:00 [BUILD] action=deconstructing x=406 y=205 block_id=257 block=传送带 team=1
2026-04-01T21:18:28.3823462+08:00 [BUILD] action=destroyed x=406 y=205 block_id=257 block=传送带 team=1
2026-04-01T21:18:28.4100719+08:00 [BUILD] action=deconstructing x=406 y=207 block_id=257 block=传送带 team=1
2026-04-01T21:18:28.4110714+08:00 [BUILD] action=destroyed x=406 y=207 block_id=257 block=传送带 team=1
2026-04-01T21:18:28.4758053+08:00 [BUILD] action=deconstructing x=406 y=210 block_id=257 block=传送带 team=1
2026-04-01T21:18:28.4768032+08:00 [BUILD] action=destroyed x=406 y=210 block_id=257 block=传送带 team=1
2026-04-01T21:18:28.5266431+08:00 [BUILD] action=deconstructing x=406 y=218 block_id=257 block=传送带 team=1
2026-04-01T21:18:28.5278556+08:00 [BUILD] action=destroyed x=406 y=218 block_id=257 block=传送带 team=1
2026-04-01T21:18:28.5668201+08:00 [BUILD] action=deconstructing x=406 y=221 block_id=257 block=传送带 team=1
2026-04-01T21:18:28.6176059+08:00 [BUILD] action=destroyed x=406 y=221 block_id=257 block=传送带 team=1
2026-04-01T21:18:28.6428623+08:00 [BUILD] action=deconstructing x=407 y=202 block_id=257 block=传送带 team=1
2026-04-01T21:18:28.6438713+08:00 [BUILD] action=destroyed x=407 y=202 block_id=257 block=传送带 team=1
2026-04-01T21:18:28.6841021+08:00 [BUILD] action=deconstructing x=407 y=205 block_id=257 block=传送带 team=1
2026-04-01T21:18:28.7361318+08:00 [BUILD] action=destroyed x=407 y=205 block_id=257 block=传送带 team=1
2026-04-01T21:18:28.7633801+08:00 [BUILD] action=deconstructing x=407 y=207 block_id=257 block=传送带 team=1
2026-04-01T21:18:28.7633801+08:00 [BUILD] action=destroyed x=407 y=207 block_id=257 block=传送带 team=1
2026-04-01T21:18:28.8269618+08:00 [BUILD] action=deconstructing x=407 y=210 block_id=257 block=传送带 team=1
2026-04-01T21:18:28.8269618+08:00 [BUILD] action=destroyed x=407 y=210 block_id=257 block=传送带 team=1
2026-04-01T21:18:28.877511+08:00 [BUILD] action=deconstructing x=407 y=218 block_id=257 block=传送带 team=1
2026-04-01T21:18:28.8785067+08:00 [BUILD] action=destroyed x=407 y=218 block_id=257 block=传送带 team=1
2026-04-01T21:18:28.9400025+08:00 [BUILD] action=deconstructing x=407 y=220 block_id=114 block=砂岩 team=1
2026-04-01T21:18:29.1011874+08:00 [BUILD] action=deconstructing x=407 y=221 block_id=257 block=传送带 team=1
2026-04-01T21:18:29.1668692+08:00 [BUILD] action=destroyed x=407 y=221 block_id=257 block=传送带 team=1
2026-04-01T21:18:29.1668692+08:00 [BUILD] action=deconstructing x=407 y=223 block_id=257 block=传送带 team=1
2026-04-01T21:18:29.2202738+08:00 [BUILD] action=destroyed x=407 y=223 block_id=257 block=传送带 team=1
2026-04-01T21:18:29.2222839+08:00 [BUILD] action=deconstructing x=408 y=202 block_id=257 block=传送带 team=1
2026-04-01T21:18:29.2857199+08:00 [BUILD] action=destroyed x=408 y=202 block_id=257 block=传送带 team=1
2026-04-01T21:18:29.3367866+08:00 [BUILD] action=deconstructing x=408 y=205 block_id=257 block=传送带 team=1
2026-04-01T21:18:29.3367866+08:00 [BUILD] action=destroyed x=408 y=205 block_id=257 block=传送带 team=1
2026-04-01T21:18:29.3377942+08:00 [BUILD] action=deconstructing x=408 y=207 block_id=257 block=传送带 team=1
2026-04-01T21:18:29.4024865+08:00 [BUILD] action=destroyed x=408 y=207 block_id=257 block=传送带 team=1
2026-04-01T21:18:29.4557105+08:00 [BUILD] action=deconstructing x=408 y=210 block_id=257 block=传送带 team=1
2026-04-01T21:18:29.4557105+08:00 [BUILD] action=destroyed x=408 y=210 block_id=257 block=传送带 team=1
2026-04-01T21:18:29.4562156+08:00 [BUILD] action=deconstructing x=408 y=218 block_id=257 block=传送带 team=1
2026-04-01T21:18:29.5012696+08:00 [BUILD] action=destroyed x=408 y=218 block_id=257 block=传送带 team=1
2026-04-01T21:18:29.5843213+08:00 [BUILD] action=deconstructing x=408 y=221 block_id=257 block=传送带 team=1
2026-04-01T21:18:29.585319+08:00 [BUILD] action=destroyed x=408 y=221 block_id=257 block=传送带 team=1
2026-04-01T21:18:29.585319+08:00 [BUILD] action=deconstructing x=408 y=223 block_id=257 block=传送带 team=1
2026-04-01T21:18:29.6267297+08:00 [BUILD] action=destroyed x=408 y=223 block_id=257 block=传送带 team=1
2026-04-01T21:18:29.6966189+08:00 [BUILD] action=deconstructing x=408 y=224 block_id=114 block=砂岩 team=1
2026-04-01T21:18:29.7806227+08:00 [BUILD] action=deconstructing x=409 y=202 block_id=257 block=传送带 team=1
2026-04-01T21:18:29.8093981+08:00 [BUILD] action=destroyed x=409 y=202 block_id=257 block=传送带 team=1
2026-04-01T21:18:29.8735724+08:00 [BUILD] action=deconstructing x=409 y=205 block_id=257 block=传送带 team=1
2026-04-01T21:18:29.8735724+08:00 [BUILD] action=destroyed x=409 y=205 block_id=257 block=传送带 team=1
2026-04-01T21:18:29.9226934+08:00 [BUILD] action=deconstructing x=409 y=207 block_id=257 block=传送带 team=1
2026-04-01T21:18:29.9226934+08:00 [BUILD] action=destroyed x=409 y=207 block_id=257 block=传送带 team=1
2026-04-01T21:18:29.9851481+08:00 [BUILD] action=deconstructing x=409 y=209 block_id=114 block=砂岩 team=1
2026-04-01T21:18:30.0751659+08:00 [BUILD] action=deconstructing x=409 y=210 block_id=257 block=传送带 team=1
2026-04-01T21:18:30.1023599+08:00 [BUILD] action=destroyed x=409 y=210 block_id=257 block=传送带 team=1
2026-04-01T21:18:30.1516293+08:00 [BUILD] action=deconstructing x=409 y=218 block_id=257 block=传送带 team=1
2026-04-01T21:18:30.1531357+08:00 [BUILD] action=destroyed x=409 y=218 block_id=257 block=传送带 team=1
2026-04-01T21:18:30.2177254+08:00 [BUILD] action=deconstructing x=409 y=221 block_id=257 block=传送带 team=1
2026-04-01T21:18:30.2177254+08:00 [BUILD] action=destroyed x=409 y=221 block_id=257 block=传送带 team=1
2026-04-01T21:18:30.2694682+08:00 [BUILD] action=deconstructing x=409 y=223 block_id=257 block=传送带 team=1
2026-04-01T21:18:30.2694682+08:00 [BUILD] action=destroyed x=409 y=223 block_id=257 block=传送带 team=1
2026-04-01T21:18:30.3083014+08:00 [BUILD] action=deconstructing x=410 y=202 block_id=257 block=传送带 team=1
2026-04-01T21:18:30.3876352+08:00 [BUILD] action=destroyed x=410 y=202 block_id=257 block=传送带 team=1
2026-04-01T21:18:30.3876352+08:00 [BUILD] action=deconstructing x=410 y=205 block_id=257 block=传送带 team=1
2026-04-01T21:18:30.3876352+08:00 [BUILD] action=destroyed x=410 y=205 block_id=257 block=传送带 team=1
2026-04-01T21:18:30.4297049+08:00 [BUILD] action=deconstructing x=410 y=207 block_id=257 block=传送带 team=1
2026-04-01T21:18:30.4812545+08:00 [BUILD] action=destroyed x=410 y=207 block_id=257 block=传送带 team=1
2026-04-01T21:18:30.5080552+08:00 [BUILD] action=deconstructing x=410 y=218 block_id=257 block=传送带 team=1
2026-04-01T21:18:30.5080552+08:00 [BUILD] action=destroyed x=410 y=218 block_id=257 block=传送带 team=1
2026-04-01T21:18:30.5730297+08:00 [BUILD] action=deconstructing x=410 y=221 block_id=257 block=传送带 team=1
2026-04-01T21:18:30.5740006+08:00 [BUILD] action=destroyed x=410 y=221 block_id=257 block=传送带 team=1
2026-04-01T21:18:30.6229983+08:00 [BUILD] action=deconstructing x=410 y=223 block_id=257 block=传送带 team=1
2026-04-01T21:18:30.6239982+08:00 [BUILD] action=destroyed x=410 y=223 block_id=257 block=传送带 team=1
2026-04-01T21:18:30.6896575+08:00 [BUILD] action=deconstructing x=411 y=202 block_id=257 block=传送带 team=1
2026-04-01T21:18:30.6896575+08:00 [BUILD] action=destroyed x=411 y=202 block_id=257 block=传送带 team=1
2026-04-01T21:18:30.7379786+08:00 [BUILD] action=deconstructing x=411 y=205 block_id=257 block=传送带 team=1
2026-04-01T21:18:30.7379786+08:00 [BUILD] action=destroyed x=411 y=205 block_id=257 block=传送带 team=1
2026-04-01T21:18:30.7781179+08:00 [BUILD] action=deconstructing x=411 y=207 block_id=257 block=传送带 team=1
2026-04-01T21:18:30.8309317+08:00 [BUILD] action=destroyed x=411 y=207 block_id=257 block=传送带 team=1
2026-04-01T21:18:30.8566392+08:00 [BUILD] action=deconstructing x=411 y=215 block_id=257 block=传送带 team=1
2026-04-01T21:18:30.8566392+08:00 [BUILD] action=destroyed x=411 y=215 block_id=257 block=传送带 team=1
2026-04-01T21:18:30.894893+08:00 [BUILD] action=deconstructing x=411 y=221 block_id=257 block=传送带 team=1
2026-04-01T21:18:30.9453011+08:00 [BUILD] action=destroyed x=411 y=221 block_id=257 block=传送带 team=1
2026-04-01T21:18:30.9724815+08:00 [BUILD] action=deconstructing x=411 y=223 block_id=257 block=传送带 team=1
2026-04-01T21:18:30.9734885+08:00 [BUILD] action=destroyed x=411 y=223 block_id=257 block=传送带 team=1
2026-04-01T21:18:31.7220643+08:00 [BUILD] action=placed x=405 y=204 block_id=328 block=爆破钻头 team=1 rot=0
2026-04-01T21:18:37.6673623+08:00 [BUILD] action=constructed x=405 y=204 block_id=328 block=爆破钻头 team=1 rot=0
2026-04-01T21:18:37.7095442+08:00 [BUILD] action=placed x=408 y=200 block_id=313 block=太阳能板 team=1 rot=0
2026-04-01T21:18:38.1647886+08:00 [BUILD] action=constructed x=408 y=200 block_id=313 block=太阳能板 team=1 rot=0
2026-04-01T21:18:38.216892+08:00 [BUILD] action=placed x=414 y=200 block_id=313 block=太阳能板 team=1 rot=0
2026-04-01T21:18:38.6068436+08:00 [BUILD] action=constructed x=414 y=200 block_id=313 block=太阳能板 team=1 rot=0
2026-04-01T21:18:38.6734216+08:00 [BUILD] action=placed x=411 y=204 block_id=313 block=太阳能板 team=1 rot=0
2026-04-01T21:18:39.0551417+08:00 [BUILD] action=constructed x=411 y=204 block_id=313 block=太阳能板 team=1 rot=0
2026-04-01T21:18:39.1064551+08:00 [BUILD] action=placed x=414 y=203 block_id=308 block=火力发电机 team=1 rot=0
2026-04-01T21:18:39.773799+08:00 [BUILD] action=constructed x=414 y=203 block_id=308 block=火力发电机 team=1 rot=0
2026-04-01T21:18:39.8016544+08:00 [BUILD] action=placed x=413 y=206 block_id=308 block=火力发电机 team=1 rot=0
2026-04-01T21:18:40.4579287+08:00 [BUILD] action=constructed x=413 y=206 block_id=308 block=火力发电机 team=1 rot=0
2026-04-01T21:18:42.6312439+08:00 [BUILD] action=placed x=412 y=199 block_id=196 block=粉碎机 team=1 rot=0
2026-04-01T21:18:43.5320389+08:00 [BUILD] action=constructed x=412 y=199 block_id=196 block=粉碎机 team=1 rot=0
2026-04-01T21:18:43.573903+08:00 [BUILD] action=placed x=412 y=198 block_id=196 block=粉碎机 team=1 rot=0
2026-04-01T21:18:44.5044681+08:00 [BUILD] action=constructed x=412 y=198 block_id=196 block=粉碎机 team=1 rot=0
2026-04-01T21:18:44.577559+08:00 [BUILD] action=placed x=405 y=199 block_id=196 block=粉碎机 team=1 rot=0
2026-04-01T21:18:45.4301288+08:00 [BUILD] action=constructed x=405 y=199 block_id=196 block=粉碎机 team=1 rot=0
2026-04-01T21:18:45.4774512+08:00 [BUILD] action=placed x=410 y=206 block_id=196 block=粉碎机 team=1 rot=0
2026-04-01T21:18:46.3749198+08:00 [BUILD] action=constructed x=410 y=206 block_id=196 block=粉碎机 team=1 rot=0
2026-04-01T21:18:47.3373109+08:00 [BUILD] action=placed x=410 y=201 block_id=303 block=大型电力节点 team=1 rot=0
2026-04-01T13:18:59.9013038Z [NET] kind=tcp_closed packet= conn_id=12153 uuid=bRea8YRoGToAAAAAPO9P1Q== ip=192.168.0.101 name="[scarlet]（未绑定杂鱼~）[][#00ffffff]月[#8982edff]子[#87ceebff]芳 \uf7a9\uf7be[gray]12153[]" detail=EOF
