2026-03-31T02:35:12.9992865Z [NET] kind=tcp_accept packet= conn_id=2017536741 uuid= ip=10.147.17.101 name="" detail=
2026-03-31T02:35:13.0112075Z [NET] kind=connect_packet packet=*protocol.ConnectPacket conn_id=87402 uuid=MAv3KaDNyXEAAAAAz4iNgQ== ip=10.147.17.101 name="" detail=version=156 type=official mods=0
2026-03-31T02:35:13.1039061Z [NET] kind=world_handshake_sent packet= conn_id=87402 uuid=MAv3KaDNyXEAAAAAz4iNgQ== ip=10.147.17.101 name="[scarlet]（未绑定）[][#F285D1]月[#8982edff]子[#87ceebff]芳 I\uf7a9\uf7be[gray]87402[]" detail=
2026-03-31T02:35:13.3645538Z [NET] kind=connect_confirm_client_snapshot packet=*protocol.Remote_NetServer_clientSnapshot_22 conn_id=87402 uuid=MAv3KaDNyXEAAAAAz4iNgQ== ip=10.147.17.101 name="[scarlet]（未绑定）[][#F285D1]月[#8982edff]子[#87ceebff]芳 I\uf7a9\uf7be[gray]87402[]" detail=
2026-03-31T10:35:13.396126+08:00 [RESPAWN] player="[#F285D1]月[#8982edff]子[#87ceebff]芳 I\uf7a9\uf7be" team=1 no_core=1 spawn_x=185 spawn_y=71 tile=core-foundation
2026-03-31T10:35:13.4038318+08:00 [RESPAWN] player="[#F285D1]月[#8982edff]子[#87ceebff]芳 I\uf7a9\uf7be" team=1 unit=36 build_speed=0.75 spawn_x=185 spawn_y=71
2026-03-31T10:35:27.8450444+08:00 [RESPAWN] player="[#F285D1]月[#8982edff]子[#87ceebff]芳 I\uf7a9\uf7be" team=1 no_core=1 spawn_x=185 spawn_y=71 tile=core-foundation
2026-03-31T10:35:27.8538312+08:00 [RESPAWN] player="[#F285D1]月[#8982edff]子[#87ceebff]芳 I\uf7a9\uf7be" team=1 unit=36 build_speed=0.75 spawn_x=185 spawn_y=71
2026-03-31T10:35:30.9523114+08:00 [RESPAWN] player="[#F285D1]月[#8982edff]子[#87ceebff]芳 I\uf7a9\uf7be" team=1 no_core=1 spawn_x=185 spawn_y=71 tile=core-foundation
2026-03-31T10:35:30.9599834+08:00 [RESPAWN] player="[#F285D1]月[#8982edff]子[#87ceebff]芳 I\uf7a9\uf7be" team=1 unit=36 build_speed=0.75 spawn_x=185 spawn_y=71
2026-03-31T10:35:33.7053424+08:00 [RESPAWN] player="[#F285D1]月[#8982edff]子[#87ceebff]芳 I\uf7a9\uf7be" team=1 no_core=1 spawn_x=185 spawn_y=71 tile=core-foundation
2026-03-31T10:35:33.7129494+08:00 [RESPAWN] player="[#F285D1]月[#8982edff]子[#87ceebff]芳 I\uf7a9\uf7be" team=1 unit=36 build_speed=0.75 spawn_x=185 spawn_y=71
2026-03-31T10:35:36.3108449+08:00 [RESPAWN] player="[#F285D1]月[#8982edff]子[#87ceebff]芳 I\uf7a9\uf7be" team=1 no_core=1 spawn_x=185 spawn_y=71 tile=core-foundation
2026-03-31T10:35:36.3186093+08:00 [RESPAWN] player="[#F285D1]月[#8982edff]子[#87ceebff]芳 I\uf7a9\uf7be" team=1 unit=36 build_speed=0.75 spawn_x=185 spawn_y=71
2026-03-31T10:35:39.701857+08:00 [RESPAWN] player="[#F285D1]月[#8982edff]子[#87ceebff]芳 I\uf7a9\uf7be" team=1 no_core=1 spawn_x=371 spawn_y=164 tile=core-shard
2026-03-31T10:35:39.7167133+08:00 [RESPAWN] player="[#F285D1]月[#8982edff]子[#87ceebff]芳 I\uf7a9\uf7be" team=1 unit=35 build_speed=0.50 spawn_x=371 spawn_y=164
2026-03-31T10:35:42.9699745+08:00 [RESPAWN] player="[#F285D1]月[#8982edff]子[#87ceebff]芳 I\uf7a9\uf7be" team=1 no_core=1 spawn_x=371 spawn_y=164 tile=core-shard
2026-03-31T10:35:42.9822733+08:00 [RESPAWN] player="[#F285D1]月[#8982edff]子[#87ceebff]芳 I\uf7a9\uf7be" team=1 unit=35 build_speed=0.50 spawn_x=371 spawn_y=164
2026-03-31T10:35:45.7204377+08:00 [RESPAWN] player="[#F285D1]月[#8982edff]子[#87ceebff]芳 I\uf7a9\uf7be" team=1 no_core=1 spawn_x=371 spawn_y=164 tile=core-shard
2026-03-31T10:35:45.7306514+08:00 [RESPAWN] player="[#F285D1]月[#8982edff]子[#87ceebff]芳 I\uf7a9\uf7be" team=1 unit=35 build_speed=0.50 spawn_x=371 spawn_y=164
2026-03-31T10:35:48.4690312+08:00 [RESPAWN] player="[#F285D1]月[#8982edff]子[#87ceebff]芳 I\uf7a9\uf7be" team=1 no_core=1 spawn_x=371 spawn_y=164 tile=core-shard
2026-03-31T10:35:48.4795928+08:00 [RESPAWN] player="[#F285D1]月[#8982edff]子[#87ceebff]芳 I\uf7a9\uf7be" team=1 unit=35 build_speed=0.50 spawn_x=371 spawn_y=164
2026-03-31T10:35:51.2217094+08:00 [RESPAWN] player="[#F285D1]月[#8982edff]子[#87ceebff]芳 I\uf7a9\uf7be" team=1 no_core=1 spawn_x=371 spawn_y=164 tile=core-shard
2026-03-31T10:35:51.2323827+08:00 [RESPAWN] player="[#F285D1]月[#8982edff]子[#87ceebff]芳 I\uf7a9\uf7be" team=1 unit=35 build_speed=0.50 spawn_x=371 spawn_y=164
