2026-03-31T10:20:07.9535735Z [NET] kind=tcp_accept packet= conn_id=1380461501 uuid= ip=10.147.17.101 name="" detail=
2026-03-31T10:20:07.968367Z [NET] kind=connect_packet packet=*protocol.ConnectPacket conn_id=71288 uuid=bRea8YRoGToAAAAAPO9P1Q== ip=10.147.17.101 name="" detail=version=156 type=official mods=0
2026-03-31T10:20:08.1272633Z [NET] kind=world_handshake_sent packet= conn_id=71288 uuid=bRea8YRoGToAAAAAPO9P1Q== ip=10.147.17.101 name="[scarlet]（未绑定杂鱼~）[][#00ffffff]月[#8982edff]子[#87ceebff]芳 \uf7a9\uf7be[gray]71288[]" detail=
2026-03-31T10:20:08.6946716Z [NET] kind=connect_confirm_client_snapshot packet=*protocol.Remote_NetServer_clientSnapshot_22 conn_id=71288 uuid=bRea8YRoGToAAAAAPO9P1Q== ip=10.147.17.101 name="[scarlet]（未绑定杂鱼~）[][#00ffffff]月[#8982edff]子[#87ceebff]芳 \uf7a9\uf7be[gray]71288[]" detail=
2026-03-31T18:20:08.74883+08:00 [RESPAWN] player="[#00ffffff]月[#8982edff]子[#87ceebff]芳 \uf7a9\uf7be" team=1 core=core-nucleus core_x=239 core_y=343 spawn_x=239 spawn_y=343
2026-03-31T18:20:08.7725718+08:00 [RESPAWN] player="[#00ffffff]月[#8982edff]子[#87ceebff]芳 \uf7a9\uf7be" team=1 unit=37 build_speed=1.00 spawn_x=239 spawn_y=343
2026-03-31T18:20:13.6423717+08:00 [BUILD] action=constructed x=213 y=391 block_id=365 block=幽灵 team=1 rot=1
2026-03-31T18:20:15.2792451+08:00 [BUILD] action=constructed x=216 y=394 block_id=231 block=大型废墙 team=1 rot=0
2026-03-31T18:20:16.1556136+08:00 [BUILD] action=constructed x=213 y=389 block_id=230 block=废墙 team=1 rot=0
2026-03-31T18:20:16.1566276+08:00 [BUILD] action=constructed x=214 y=389 block_id=230 block=废墙 team=1 rot=0
2026-03-31T18:20:16.1566276+08:00 [BUILD] action=constructed x=220 y=379 block_id=327 block=激光钻头 team=1 rot=0
2026-03-31T18:20:16.157139+08:00 [BUILD] action=constructed x=222 y=382 block_id=327 block=激光钻头 team=1 rot=0
2026-03-31T18:20:16.1735642+08:00 [BUILD] action=constructed x=224 y=385 block_id=327 block=激光钻头 team=1 rot=0
2026-03-31T18:20:16.1735642+08:00 [BUILD] action=constructed x=223 y=390 block_id=230 block=废墙 team=1 rot=0
2026-03-31T18:20:16.1735642+08:00 [BUILD] action=constructed x=224 y=390 block_id=230 block=废墙 team=1 rot=0
2026-03-31T18:20:16.1735642+08:00 [BUILD] action=constructed x=225 y=390 block_id=230 block=废墙 team=1 rot=0
2026-03-31T18:20:16.1938877+08:00 [BUILD] action=constructed x=226 y=389 block_id=231 block=大型废墙 team=1 rot=0
2026-03-31T18:20:23.4644408+08:00 [BUILD] action=constructed x=219 y=339 block_id=231 block=大型废墙 team=1 rot=0
2026-03-31T18:20:23.4978702+08:00 [BUILD] action=constructed x=219 y=345 block_id=231 block=大型废墙 team=1 rot=0
2026-03-31T18:20:23.5182203+08:00 [BUILD] action=constructed x=219 y=350 block_id=231 block=大型废墙 team=1 rot=0
2026-03-31T18:20:23.5370367+08:00 [BUILD] action=constructed x=219 y=352 block_id=230 block=废墙 team=1 rot=0
2026-03-31T18:20:23.5376135+08:00 [BUILD] action=constructed x=220 y=342 block_id=230 block=废墙 team=1 rot=0
2026-03-31T18:20:23.5376135+08:00 [BUILD] action=constructed x=220 y=343 block_id=230 block=废墙 team=1 rot=0
2026-03-31T18:20:23.5376135+08:00 [BUILD] action=constructed x=222 y=342 block_id=366 block=熔毁 team=1 rot=1
2026-03-31T18:20:23.5376135+08:00 [BUILD] action=constructed x=221 y=350 block_id=231 block=大型废墙 team=1 rot=0
2026-03-31T18:20:23.5376135+08:00 [BUILD] action=constructed x=222 y=340 block_id=230 block=废墙 team=1 rot=0
2026-03-31T18:20:23.5376135+08:00 [BUILD] action=constructed x=222 y=345 block_id=288 block=电镀导管 team=1 rot=3
2026-03-31T18:20:23.5376135+08:00 [BUILD] action=constructed x=222 y=346 block_id=284 block=回转泵 team=1 rot=0
2026-03-31T18:20:23.5376135+08:00 [BUILD] action=constructed x=222 y=349 block_id=230 block=废墙 team=1 rot=0
2026-03-31T18:20:23.5376135+08:00 [BUILD] action=constructed x=222 y=352 block_id=230 block=废墙 team=1 rot=0
2026-03-31T18:20:23.5386193+08:00 [BUILD] action=constructed x=223 y=345 block_id=288 block=电镀导管 team=1 rot=3
2026-03-31T18:20:23.5386193+08:00 [BUILD] action=constructed x=223 y=350 block_id=231 block=大型废墙 team=1 rot=0
2026-03-31T18:20:23.5386193+08:00 [BUILD] action=constructed x=224 y=345 block_id=230 block=废墙 team=1 rot=0
2026-03-31T18:20:23.5386193+08:00 [BUILD] action=constructed x=224 y=348 block_id=230 block=废墙 team=1 rot=0
2026-03-31T18:20:23.5386193+08:00 [BUILD] action=constructed x=224 y=349 block_id=230 block=废墙 team=1 rot=0
2026-03-31T18:20:23.5386193+08:00 [BUILD] action=constructed x=225 y=339 block_id=231 block=大型废墙 team=1 rot=0
2026-03-31T18:20:23.5386193+08:00 [BUILD] action=constructed x=225 y=342 block_id=230 block=废墙 team=1 rot=0
2026-03-31T18:20:23.5552558+08:00 [BUILD] action=constructed x=225 y=343 block_id=230 block=废墙 team=1 rot=0
2026-03-31T18:20:23.590194+08:00 [BUILD] action=constructed x=225 y=345 block_id=231 block=大型废墙 team=1 rot=0
2026-03-31T18:20:23.6876639+08:00 [BUILD] action=constructed x=225 y=350 block_id=231 block=大型废墙 team=1 rot=0
2026-03-31T18:20:23.724408+08:00 [BUILD] action=constructed x=225 y=371 block_id=230 block=废墙 team=1 rot=0
2026-03-31T18:20:23.7420444+08:00 [BUILD] action=constructed x=226 y=370 block_id=230 block=废墙 team=1 rot=0
2026-03-31T18:20:23.7420444+08:00 [BUILD] action=constructed x=226 y=373 block_id=230 block=废墙 team=1 rot=0
2026-03-31T18:20:23.7420444+08:00 [BUILD] action=constructed x=227 y=350 block_id=230 block=废墙 team=1 rot=0
2026-03-31T18:20:23.7430569+08:00 [BUILD] action=constructed x=227 y=369 block_id=231 block=大型废墙 team=1 rot=0
2026-03-31T18:20:23.7430569+08:00 [BUILD] action=constructed x=227 y=373 block_id=231 block=大型废墙 team=1 rot=0
2026-03-31T18:20:23.7430569+08:00 [BUILD] action=constructed x=228 y=375 block_id=230 block=废墙 team=1 rot=0
2026-03-31T18:20:23.7430569+08:00 [BUILD] action=constructed x=229 y=369 block_id=230 block=废墙 team=1 rot=0
2026-03-31T18:20:23.7430569+08:00 [BUILD] action=constructed x=229 y=372 block_id=230 block=废墙 team=1 rot=0
2026-03-31T18:20:23.7430569+08:00 [BUILD] action=constructed x=230 y=371 block_id=230 block=废墙 team=1 rot=0
2026-03-31T18:20:23.7430569+08:00 [BUILD] action=constructed x=231 y=371 block_id=230 block=废墙 team=1 rot=0
2026-03-31T18:20:23.7430569+08:00 [BUILD] action=constructed x=231 y=372 block_id=230 block=废墙 team=1 rot=0
2026-03-31T18:20:23.7430569+08:00 [BUILD] action=constructed x=231 y=373 block_id=230 block=废墙 team=1 rot=0
2026-03-31T18:20:23.7430569+08:00 [BUILD] action=constructed x=231 y=375 block_id=230 block=废墙 team=1 rot=0
2026-03-31T18:20:23.7430569+08:00 [BUILD] action=constructed x=232 y=373 block_id=230 block=废墙 team=1 rot=0
2026-03-31T18:20:23.7445662+08:00 [BUILD] action=constructed x=238 y=360 block_id=260 block=装甲传送带 team=1 rot=1
2026-03-31T18:20:23.7446681+08:00 [BUILD] action=constructed x=238 y=362 block_id=260 block=装甲传送带 team=1 rot=1
2026-03-31T18:20:23.7446681+08:00 [BUILD] action=constructed x=238 y=363 block_id=260 block=装甲传送带 team=1 rot=1
2026-03-31T18:20:23.7446681+08:00 [BUILD] action=constructed x=238 y=364 block_id=260 block=装甲传送带 team=1 rot=0
2026-03-31T18:20:23.8682382+08:00 [BUILD] action=constructed x=238 y=365 block_id=288 block=电镀导管 team=1 rot=0
2026-03-31T18:20:23.8682382+08:00 [BUILD] action=constructed x=238 y=366 block_id=288 block=电镀导管 team=1 rot=3
2026-03-31T18:20:23.8692145+08:00 [BUILD] action=constructed x=239 y=358 block_id=260 block=装甲传送带 team=1 rot=1
2026-03-31T18:20:23.8692145+08:00 [BUILD] action=constructed x=239 y=364 block_id=260 block=装甲传送带 team=1 rot=0
2026-03-31T18:20:23.8692145+08:00 [BUILD] action=constructed x=239 y=365 block_id=288 block=电镀导管 team=1 rot=0
2026-03-31T18:20:23.8692145+08:00 [BUILD] action=constructed x=240 y=357 block_id=260 block=装甲传送带 team=1 rot=1
2026-03-31T18:20:23.8697206+08:00 [BUILD] action=constructed x=240 y=358 block_id=260 block=装甲传送带 team=1 rot=1
2026-03-31T18:20:23.8697206+08:00 [BUILD] action=constructed x=240 y=361 block_id=260 block=装甲传送带 team=1 rot=1
2026-03-31T18:20:23.8697206+08:00 [BUILD] action=constructed x=240 y=362 block_id=260 block=装甲传送带 team=1 rot=0
2026-03-31T18:20:23.8697206+08:00 [BUILD] action=constructed x=240 y=364 block_id=260 block=装甲传送带 team=1 rot=0
2026-03-31T18:20:23.8697206+08:00 [BUILD] action=constructed x=240 y=365 block_id=288 block=电镀导管 team=1 rot=0
2026-03-31T18:20:23.8697206+08:00 [BUILD] action=constructed x=241 y=358 block_id=260 block=装甲传送带 team=1 rot=1
2026-03-31T18:20:23.8697206+08:00 [BUILD] action=constructed x=241 y=360 block_id=260 block=装甲传送带 team=1 rot=1
2026-03-31T18:20:23.8697206+08:00 [BUILD] action=constructed x=241 y=361 block_id=260 block=装甲传送带 team=1 rot=0
2026-03-31T18:20:23.8697206+08:00 [BUILD] action=constructed x=241 y=364 block_id=260 block=装甲传送带 team=1 rot=0
2026-03-31T18:20:23.8707263+08:00 [BUILD] action=constructed x=241 y=365 block_id=288 block=电镀导管 team=1 rot=0
2026-03-31T18:20:23.8707263+08:00 [BUILD] action=constructed x=241 y=373 block_id=230 block=废墙 team=1 rot=0
2026-03-31T18:20:23.8707263+08:00 [BUILD] action=constructed x=242 y=363 block_id=260 block=装甲传送带 team=1 rot=0
2026-03-31T18:20:23.8707263+08:00 [BUILD] action=constructed x=242 y=365 block_id=288 block=电镀导管 team=1 rot=0
2026-03-31T18:20:23.8707263+08:00 [BUILD] action=constructed x=242 y=373 block_id=230 block=废墙 team=1 rot=0
2026-03-31T18:20:24.0143538+08:00 [BUILD] action=constructed x=243 y=373 block_id=230 block=废墙 team=1 rot=0
2026-03-31T18:20:24.0464833+08:00 [BUILD] action=constructed x=244 y=361 block_id=260 block=装甲传送带 team=1 rot=0
2026-03-31T18:20:24.0863654+08:00 [BUILD] action=constructed x=244 y=363 block_id=260 block=装甲传送带 team=1 rot=0
2026-03-31T18:20:24.0890808+08:00 [BUILD] action=constructed x=244 y=364 block_id=260 block=装甲传送带 team=1 rot=0
2026-03-31T18:20:24.0905848+08:00 [BUILD] action=constructed x=244 y=373 block_id=231 block=大型废墙 team=1 rot=0
2026-03-31T18:20:24.0905848+08:00 [BUILD] action=constructed x=245 y=362 block_id=260 block=装甲传送带 team=1 rot=0
2026-03-31T18:20:24.0905848+08:00 [BUILD] action=constructed x=245 y=365 block_id=288 block=电镀导管 team=1 rot=0
2026-03-31T18:20:24.0905848+08:00 [BUILD] action=constructed x=246 y=364 block_id=260 block=装甲传送带 team=1 rot=0
2026-03-31T18:20:24.0911135+08:00 [BUILD] action=constructed x=246 y=373 block_id=231 block=大型废墙 team=1 rot=0
2026-03-31T18:20:24.0911135+08:00 [BUILD] action=constructed x=246 y=375 block_id=231 block=大型废墙 team=1 rot=0
2026-03-31T18:20:24.0911135+08:00 [BUILD] action=constructed x=248 y=361 block_id=260 block=装甲传送带 team=1 rot=0
2026-03-31T18:20:24.0911135+08:00 [BUILD] action=constructed x=248 y=364 block_id=260 block=装甲传送带 team=1 rot=0
2026-03-31T18:20:24.0916335+08:00 [BUILD] action=constructed x=248 y=365 block_id=288 block=电镀导管 team=1 rot=0
2026-03-31T18:20:24.0916335+08:00 [BUILD] action=constructed x=249 y=362 block_id=260 block=装甲传送带 team=1 rot=0
2026-03-31T18:20:24.0916335+08:00 [BUILD] action=constructed x=249 y=363 block_id=260 block=装甲传送带 team=1 rot=0
2026-03-31T18:20:24.0916335+08:00 [BUILD] action=constructed x=250 y=361 block_id=260 block=装甲传送带 team=1 rot=0
2026-03-31T18:20:24.0921543+08:00 [BUILD] action=constructed x=250 y=363 block_id=260 block=装甲传送带 team=1 rot=0
2026-03-31T18:20:24.0921543+08:00 [BUILD] action=constructed x=250 y=364 block_id=260 block=装甲传送带 team=1 rot=0
2026-03-31T18:20:24.0921543+08:00 [BUILD] action=constructed x=250 y=368 block_id=230 block=废墙 team=1 rot=0
2026-03-31T18:20:24.0921543+08:00 [BUILD] action=constructed x=250 y=369 block_id=231 block=大型废墙 team=1 rot=0
2026-03-31T18:20:24.0997148+08:00 [BUILD] action=constructed x=250 y=373 block_id=231 block=大型废墙 team=1 rot=0
2026-03-31T18:20:24.0997148+08:00 [BUILD] action=constructed x=250 y=375 block_id=230 block=废墙 team=1 rot=0
2026-03-31T18:20:24.2066259+08:00 [BUILD] action=constructed x=251 y=361 block_id=260 block=装甲传送带 team=1 rot=0
2026-03-31T18:20:24.2270542+08:00 [BUILD] action=constructed x=251 y=362 block_id=260 block=装甲传送带 team=1 rot=0
2026-03-31T18:20:24.2438091+08:00 [BUILD] action=constructed x=251 y=363 block_id=260 block=装甲传送带 team=1 rot=0
2026-03-31T18:20:24.2634624+08:00 [BUILD] action=constructed x=251 y=364 block_id=260 block=装甲传送带 team=1 rot=0
2026-03-31T18:20:24.2788137+08:00 [BUILD] action=constructed x=252 y=370 block_id=230 block=废墙 team=1 rot=0
2026-03-31T18:20:24.2798265+08:00 [BUILD] action=constructed x=252 y=373 block_id=230 block=废墙 team=1 rot=0
2026-03-31T18:20:24.2798265+08:00 [BUILD] action=constructed x=253 y=370 block_id=230 block=废墙 team=1 rot=0
2026-03-31T18:20:24.2798265+08:00 [BUILD] action=constructed x=253 y=373 block_id=230 block=废墙 team=1 rot=0
2026-03-31T18:20:24.2798265+08:00 [BUILD] action=constructed x=254 y=349 block_id=358 block=齐射 team=1 rot=1
2026-03-31T18:20:24.2798265+08:00 [BUILD] action=constructed x=254 y=370 block_id=230 block=废墙 team=1 rot=0
2026-03-31T18:20:24.2798265+08:00 [BUILD] action=constructed x=254 y=373 block_id=230 block=废墙 team=1 rot=0
2026-03-31T18:20:24.2798265+08:00 [BUILD] action=constructed x=255 y=347 block_id=326 block=气动钻头 team=1 rot=0
2026-03-31T18:20:24.2798265+08:00 [BUILD] action=constructed x=257 y=345 block_id=326 block=气动钻头 team=1 rot=0
2026-03-31T18:20:24.2808196+08:00 [BUILD] action=constructed x=257 y=347 block_id=326 block=气动钻头 team=1 rot=0
2026-03-31T18:20:24.2808196+08:00 [BUILD] action=constructed x=258 y=349 block_id=358 block=齐射 team=1 rot=1
2026-03-31T18:20:24.2808196+08:00 [BUILD] action=constructed x=259 y=346 block_id=358 block=齐射 team=1 rot=1
2026-03-31T18:20:24.2808196+08:00 [BUILD] action=constructed x=260 y=370 block_id=230 block=废墙 team=1 rot=0
2026-03-31T18:20:24.2808196+08:00 [BUILD] action=constructed x=260 y=373 block_id=230 block=废墙 team=1 rot=0
2026-03-31T18:20:24.2813243+08:00 [BUILD] action=constructed x=261 y=369 block_id=231 block=大型废墙 team=1 rot=0
2026-03-31T18:20:24.2813243+08:00 [BUILD] action=constructed x=261 y=373 block_id=230 block=废墙 team=1 rot=0
2026-03-31T18:20:24.2864191+08:00 [BUILD] action=constructed x=262 y=354 block_id=230 block=废墙 team=1 rot=0
2026-03-31T18:20:24.3556399+08:00 [BUILD] action=constructed x=262 y=373 block_id=230 block=废墙 team=1 rot=0
2026-03-31T18:20:24.3928648+08:00 [BUILD] action=constructed x=263 y=354 block_id=231 block=大型废墙 team=1 rot=0
2026-03-31T18:20:24.4091411+08:00 [BUILD] action=constructed x=263 y=369 block_id=231 block=大型废墙 team=1 rot=0
2026-03-31T18:20:24.4091411+08:00 [BUILD] action=constructed x=263 y=373 block_id=230 block=废墙 team=1 rot=0
2026-03-31T18:20:24.4091411+08:00 [BUILD] action=constructed x=264 y=371 block_id=230 block=废墙 team=1 rot=0
2026-03-31T18:20:24.4091411+08:00 [BUILD] action=constructed x=265 y=374 block_id=232 block=巨型废墙 team=1 rot=0
2026-03-31T18:20:24.4091411+08:00 [BUILD] action=constructed x=265 y=354 block_id=231 block=大型废墙 team=1 rot=0
2026-03-31T18:20:24.4091411+08:00 [BUILD] action=constructed x=265 y=367 block_id=231 block=大型废墙 team=1 rot=0
2026-03-31T18:20:24.4091411+08:00 [BUILD] action=constructed x=265 y=369 block_id=231 block=大型废墙 team=1 rot=0
2026-03-31T18:20:24.4102404+08:00 [BUILD] action=constructed x=266 y=356 block_id=230 block=废墙 team=1 rot=0
2026-03-31T18:20:24.4102404+08:00 [BUILD] action=constructed x=266 y=357 block_id=230 block=废墙 team=1 rot=0
2026-03-31T18:20:24.4102404+08:00 [BUILD] action=constructed x=267 y=366 block_id=230 block=废墙 team=1 rot=0
2026-03-31T18:20:24.4102404+08:00 [BUILD] action=constructed x=267 y=367 block_id=230 block=废墙 team=1 rot=0
2026-03-31T18:20:24.4102404+08:00 [BUILD] action=constructed x=267 y=369 block_id=230 block=废墙 team=1 rot=0
2026-03-31T18:20:24.4102404+08:00 [BUILD] action=constructed x=267 y=373 block_id=230 block=废墙 team=1 rot=0
2026-03-31T18:20:24.4102404+08:00 [BUILD] action=constructed x=267 y=374 block_id=230 block=废墙 team=1 rot=0
2026-03-31T18:20:24.4102404+08:00 [BUILD] action=constructed x=272 y=362 block_id=309 block=热能发电机 team=1 rot=0
2026-03-31T18:20:28.916581+08:00 [BUILD] action=placed x=239 y=340 block_id=270 block=装卸器 team=1 rot=0
2026-03-31T18:20:30.5232408+08:00 [BUILD] action=constructed x=239 y=340 block_id=270 block=装卸器 team=1 rot=0
2026-03-31T18:20:32.1271936+08:00 [BUILD] action=placed x=240 y=338 block_id=188 block=合金冶炼厂 team=1 rot=0
2026-03-31T18:20:33.7320583+08:00 [BUILD] action=constructed x=240 y=338 block_id=188 block=合金冶炼厂 team=1 rot=0
2026-03-31T18:20:34.5677436+08:00 [BUILD] action=placed x=237 y=339 block_id=312 block=RTG 发电机 team=1 rot=0
2026-03-31T18:20:36.1876262+08:00 [BUILD] action=constructed x=237 y=339 block_id=312 block=RTG 发电机 team=1 rot=0
2026-03-31T18:20:36.3353025+08:00 [BUILD] action=placed x=240 y=340 block_id=265 block=反向分类器 team=1 rot=0
2026-03-31T18:20:37.9441672+08:00 [BUILD] action=constructed x=240 y=340 block_id=265 block=反向分类器 team=1 rot=0
2026-03-31T10:20:45.2634534Z [NET] kind=tcp_accept packet= conn_id=1250661307 uuid= ip=10.147.17.101 name="" detail=
2026-03-31T10:20:45.2733156Z [NET] kind=connect_packet packet=*protocol.ConnectPacket conn_id=19727 uuid=MAv3KaDNyXEAAAAAz4iNgQ== ip=10.147.17.101 name="" detail=version=156 type=official mods=0
2026-03-31T10:20:45.3338211Z [NET] kind=world_handshake_sent packet= conn_id=19727 uuid=MAv3KaDNyXEAAAAAz4iNgQ== ip=10.147.17.101 name="[scarlet]（未绑定杂鱼~）[][#F285D1]月[#8982edff]子[#87ceebff]芳 I\uf7a9\uf7be[gray]19727[]" detail=
2026-03-31T10:20:45.995502Z [NET] kind=connect_confirm_client_snapshot packet=*protocol.Remote_NetServer_clientSnapshot_22 conn_id=19727 uuid=MAv3KaDNyXEAAAAAz4iNgQ== ip=10.147.17.101 name="[scarlet]（未绑定杂鱼~）[][#F285D1]月[#8982edff]子[#87ceebff]芳 I\uf7a9\uf7be[gray]19727[]" detail=
2026-03-31T18:20:46.0553034+08:00 [RESPAWN] player="[#F285D1]月[#8982edff]子[#87ceebff]芳 I\uf7a9\uf7be" team=1 core=core-nucleus core_x=239 core_y=343 spawn_x=239 spawn_y=343
2026-03-31T18:20:46.1064173+08:00 [RESPAWN] player="[#F285D1]月[#8982edff]子[#87ceebff]芳 I\uf7a9\uf7be" team=1 unit=37 build_speed=1.00 spawn_x=239 spawn_y=343
