2026-03-31T04:15:51.0527294Z [NET] kind=tcp_accept packet= conn_id=763912826 uuid= ip=10.147.17.101 name="" detail=
2026-03-31T04:15:51.0631471Z [NET] kind=connect_packet packet=*protocol.ConnectPacket conn_id=87402 uuid=MAv3KaDNyXEAAAAAz4iNgQ== ip=10.147.17.101 name="" detail=version=156 type=official mods=0
2026-03-31T04:15:51.1529394Z [NET] kind=world_handshake_sent packet= conn_id=87402 uuid=MAv3KaDNyXEAAAAAz4iNgQ== ip=10.147.17.101 name="[scarlet]（未绑定）[][#F285D1]月[#8982edff]子[#87ceebff]芳 I\uf7a9\uf7be[gray]87402[]" detail=
2026-03-31T04:15:51.3719497Z [NET] kind=connect_confirm_client_snapshot packet=*protocol.Remote_NetServer_clientSnapshot_22 conn_id=87402 uuid=MAv3KaDNyXEAAAAAz4iNgQ== ip=10.147.17.101 name="[scarlet]（未绑定）[][#F285D1]月[#8982edff]子[#87ceebff]芳 I\uf7a9\uf7be[gray]87402[]" detail=
2026-03-31T12:15:51.4374873+08:00 [RESPAWN] player="[#F285D1]月[#8982edff]子[#87ceebff]芳 I\uf7a9\uf7be" team=1 no_core=1 spawn_x=185 spawn_y=71 tile=core-foundation
2026-03-31T12:15:51.4452427+08:00 [RESPAWN] player="[#F285D1]月[#8982edff]子[#87ceebff]芳 I\uf7a9\uf7be" team=1 unit=36 build_speed=0.75 spawn_x=185 spawn_y=71
2026-03-31T12:15:51.4906663+08:00 [BUILD] action=destroyed x=185 y=71 block_id=340 block=次代核心 team=128
2026-03-31T12:15:53.9760941+08:00 [BUILD] action=destroyed x=205 y=73 block_id=287 block=脉冲导管 team=131
2026-03-31T12:15:54.8384398+08:00 [BUILD] action=destroyed x=180 y=104 block_id=230 block=废墙 team=128
2026-03-31T12:15:56.6923992+08:00 [BUILD] action=destroyed x=164 y=79 block_id=340 block=次代核心 team=128
2026-03-31T12:16:01.5806292+08:00 [RESPAWN] player="[#F285D1]月[#8982edff]子[#87ceebff]芳 I\uf7a9\uf7be" team=1 no_core=1 spawn_x=185 spawn_y=71 tile=air
2026-03-31T12:16:01.5876733+08:00 [RESPAWN] player="[#F285D1]月[#8982edff]子[#87ceebff]芳 I\uf7a9\uf7be" team=1 unit=35 build_speed=0.50 spawn_x=185 spawn_y=71
2026-03-31T12:16:04.8686136+08:00 [RESPAWN] player="[#F285D1]月[#8982edff]子[#87ceebff]芳 I\uf7a9\uf7be" team=1 no_core=1 spawn_x=371 spawn_y=164 tile=core-shard
2026-03-31T12:16:04.8784143+08:00 [RESPAWN] player="[#F285D1]月[#8982edff]子[#87ceebff]芳 I\uf7a9\uf7be" team=1 unit=35 build_speed=0.50 spawn_x=371 spawn_y=164
2026-03-31T12:16:04.8876439+08:00 [BUILD] action=destroyed x=371 y=164 block_id=339 block=初代核心 team=128
2026-03-31T12:16:08.0120572+08:00 [RESPAWN] player="[#F285D1]月[#8982edff]子[#87ceebff]芳 I\uf7a9\uf7be" team=1 no_core=1 spawn_x=371 spawn_y=164 tile=air
2026-03-31T12:16:08.0218007+08:00 [RESPAWN] player="[#F285D1]月[#8982edff]子[#87ceebff]芳 I\uf7a9\uf7be" team=1 unit=35 build_speed=0.50 spawn_x=371 spawn_y=164
2026-03-31T12:16:10.7857879+08:00 [RESPAWN] player="[#F285D1]月[#8982edff]子[#87ceebff]芳 I\uf7a9\uf7be" team=1 no_core=1 spawn_x=371 spawn_y=164 tile=air
2026-03-31T12:16:10.8023312+08:00 [RESPAWN] player="[#F285D1]月[#8982edff]子[#87ceebff]芳 I\uf7a9\uf7be" team=1 unit=35 build_speed=0.50 spawn_x=371 spawn_y=164
2026-03-31T12:16:13.5197195+08:00 [RESPAWN] player="[#F285D1]月[#8982edff]子[#87ceebff]芳 I\uf7a9\uf7be" team=1 no_core=1 spawn_x=371 spawn_y=164 tile=air
2026-03-31T12:16:13.53602+08:00 [RESPAWN] player="[#F285D1]月[#8982edff]子[#87ceebff]芳 I\uf7a9\uf7be" team=1 unit=35 build_speed=0.50 spawn_x=371 spawn_y=164
2026-03-31T12:16:16.2861787+08:00 [RESPAWN] player="[#F285D1]月[#8982edff]子[#87ceebff]芳 I\uf7a9\uf7be" team=1 no_core=1 spawn_x=371 spawn_y=164 tile=air
2026-03-31T12:16:16.2948378+08:00 [RESPAWN] player="[#F285D1]月[#8982edff]子[#87ceebff]芳 I\uf7a9\uf7be" team=1 unit=35 build_speed=0.50 spawn_x=371 spawn_y=164
2026-03-31T12:16:19.0188425+08:00 [RESPAWN] player="[#F285D1]月[#8982edff]子[#87ceebff]芳 I\uf7a9\uf7be" team=1 no_core=1 spawn_x=371 spawn_y=164 tile=air
2026-03-31T12:16:19.0360144+08:00 [RESPAWN] player="[#F285D1]月[#8982edff]子[#87ceebff]芳 I\uf7a9\uf7be" team=1 unit=35 build_speed=0.50 spawn_x=371 spawn_y=164
2026-03-31T12:16:21.7869484+08:00 [RESPAWN] player="[#F285D1]月[#8982edff]子[#87ceebff]芳 I\uf7a9\uf7be" team=1 no_core=1 spawn_x=371 spawn_y=164 tile=air
2026-03-31T12:16:21.8027151+08:00 [RESPAWN] player="[#F285D1]月[#8982edff]子[#87ceebff]芳 I\uf7a9\uf7be" team=1 unit=35 build_speed=0.50 spawn_x=371 spawn_y=164
2026-03-31T12:16:25.9178303+08:00 [RESPAWN] player="[#F285D1]月[#8982edff]子[#87ceebff]芳 I\uf7a9\uf7be" team=1 no_core=1 spawn_x=352 spawn_y=50 tile=core-nucleus
2026-03-31T12:16:26.0978259+08:00 [RESPAWN] player="[#F285D1]月[#8982edff]子[#87ceebff]芳 I\uf7a9\uf7be" team=1 unit=37 build_speed=1.00 spawn_x=352 spawn_y=50
2026-03-31T12:16:26.4697122+08:00 [BUILD] action=destroyed x=352 y=50 block_id=341 block=终代核心 team=128
2026-03-31T12:16:29.8661024+08:00 [RESPAWN] player="[#F285D1]月[#8982edff]子[#87ceebff]芳 I\uf7a9\uf7be" team=1 no_core=1 spawn_x=352 spawn_y=50 tile=air
2026-03-31T12:16:30.0362875+08:00 [RESPAWN] player="[#F285D1]月[#8982edff]子[#87ceebff]芳 I\uf7a9\uf7be" team=1 unit=35 build_speed=0.50 spawn_x=352 spawn_y=50
2026-03-31T12:16:33.4863638+08:00 [RESPAWN] player="[#F285D1]月[#8982edff]子[#87ceebff]芳 I\uf7a9\uf7be" team=1 no_core=1 spawn_x=352 spawn_y=50 tile=air
2026-03-31T12:16:33.6614749+08:00 [RESPAWN] player="[#F285D1]月[#8982edff]子[#87ceebff]芳 I\uf7a9\uf7be" team=1 unit=35 build_speed=0.50 spawn_x=352 spawn_y=50
2026-03-31T12:16:34.6607502+08:00 [BUILD] action=destroyed x=329 y=50 block_id=258 block=钛传送带 team=131
2026-03-31T12:16:34.6607502+08:00 [BUILD] action=destroyed x=329 y=53 block_id=258 block=钛传送带 team=131
2026-03-31T12:16:34.6617571+08:00 [BUILD] action=destroyed x=331 y=56 block_id=258 block=钛传送带 team=131
2026-03-31T12:16:34.8622897+08:00 [BUILD] action=destroyed x=334 y=57 block_id=258 block=钛传送带 team=131
2026-03-31T12:16:37.2389687+08:00 [RESPAWN] player="[#F285D1]月[#8982edff]子[#87ceebff]芳 I\uf7a9\uf7be" team=1 no_core=1 spawn_x=352 spawn_y=50 tile=air
2026-03-31T12:16:37.4070412+08:00 [RESPAWN] player="[#F285D1]月[#8982edff]子[#87ceebff]芳 I\uf7a9\uf7be" team=1 unit=35 build_speed=0.50 spawn_x=352 spawn_y=50
2026-03-31T12:16:40.8241146+08:00 [RESPAWN] player="[#F285D1]月[#8982edff]子[#87ceebff]芳 I\uf7a9\uf7be" team=1 no_core=1 spawn_x=352 spawn_y=50 tile=air
2026-03-31T12:16:40.9969535+08:00 [RESPAWN] player="[#F285D1]月[#8982edff]子[#87ceebff]芳 I\uf7a9\uf7be" team=1 unit=35 build_speed=0.50 spawn_x=352 spawn_y=50
2026-03-31T12:16:41.5457112+08:00 [BUILD] action=destroyed x=337 y=59 block_id=258 block=钛传送带 team=130
2026-03-31T12:16:44.4276959+08:00 [RESPAWN] player="[#F285D1]月[#8982edff]子[#87ceebff]芳 I\uf7a9\uf7be" team=1 no_core=1 spawn_x=352 spawn_y=50 tile=air
2026-03-31T12:16:44.5985694+08:00 [RESPAWN] player="[#F285D1]月[#8982edff]子[#87ceebff]芳 I\uf7a9\uf7be" team=1 unit=35 build_speed=0.50 spawn_x=352 spawn_y=50
2026-03-31T12:16:48.0487639+08:00 [RESPAWN] player="[#F285D1]月[#8982edff]子[#87ceebff]芳 I\uf7a9\uf7be" team=1 no_core=1 spawn_x=352 spawn_y=50 tile=air
2026-03-31T12:16:48.2273604+08:00 [RESPAWN] player="[#F285D1]月[#8982edff]子[#87ceebff]芳 I\uf7a9\uf7be" team=1 unit=35 build_speed=0.50 spawn_x=352 spawn_y=50
2026-03-31T12:16:51.6787695+08:00 [RESPAWN] player="[#F285D1]月[#8982edff]子[#87ceebff]芳 I\uf7a9\uf7be" team=1 no_core=1 spawn_x=352 spawn_y=50 tile=air
2026-03-31T12:16:51.856209+08:00 [RESPAWN] player="[#F285D1]月[#8982edff]子[#87ceebff]芳 I\uf7a9\uf7be" team=1 unit=35 build_speed=0.50 spawn_x=352 spawn_y=50
2026-03-31T12:16:55.2558713+08:00 [RESPAWN] player="[#F285D1]月[#8982edff]子[#87ceebff]芳 I\uf7a9\uf7be" team=1 no_core=1 spawn_x=352 spawn_y=50 tile=air
2026-03-31T12:16:55.4258621+08:00 [RESPAWN] player="[#F285D1]月[#8982edff]子[#87ceebff]芳 I\uf7a9\uf7be" team=1 unit=35 build_speed=0.50 spawn_x=352 spawn_y=50
