2026-03-30T09:04:31.6262933Z [NET] kind=tcp_accept packet= conn_id=1279098666 uuid= ip=10.147.17.101 name="" detail=
2026-03-30T09:04:31.6405108Z [NET] kind=connect_packet packet=*protocol.ConnectPacket conn_id=17594 uuid=bRea8YRoGToAAAAAPO9P1Q== ip=10.147.17.101 name="" detail=version=156 type=official mods=0
2026-03-30T09:04:31.7865401Z [NET] kind=world_handshake_sent packet= conn_id=17594 uuid=bRea8YRoGToAAAAAPO9P1Q== ip=10.147.17.101 name="[scarlet]（未绑定）[][#00ffffff]月[#8982edff]子[#87ceebff]芳 \uf7a9\uf7be[gray]17594[]" detail=
2026-03-30T09:04:32.3563442Z [NET] kind=connect_confirm_client_snapshot packet=*protocol.Remote_NetServer_clientSnapshot_22 conn_id=17594 uuid=bRea8YRoGToAAAAAPO9P1Q== ip=10.147.17.101 name="[scarlet]（未绑定）[][#00ffffff]月[#8982edff]子[#87ceebff]芳 \uf7a9\uf7be[gray]17594[]" detail=
2026-03-30T17:04:32.4072332+08:00 [RESPAWN] player="[#00ffffff]月[#8982edff]子[#87ceebff]芳 \uf7a9\uf7be" team=1 no_core=1 spawn_x=352 spawn_y=50 tile=core-nucleus
2026-03-30T17:04:32.4187973+08:00 [RESPAWN] player="[#00ffffff]月[#8982edff]子[#87ceebff]芳 \uf7a9\uf7be" team=1 unit=37 build_speed=1.00 spawn_x=352 spawn_y=50
2026-03-30T09:04:44.9519185Z [NET] kind=tcp_accept packet= conn_id=1886235718 uuid= ip=222.89.164.56 name="" detail=
2026-03-30T09:04:45.1230001Z [NET] kind=connect_packet packet=*protocol.ConnectPacket conn_id=89981 uuid=aAeramVzFr8AAAAAHtse2g== ip=222.89.164.56 name="" detail=version=156 type=official mods=0
2026-03-30T09:04:45.3445443Z [NET] kind=world_handshake_sent packet= conn_id=89981 uuid=aAeramVzFr8AAAAAHtse2g== ip=222.89.164.56 name="[scarlet]（未绑定）[]haft fox[white][gray]89981[]" detail=
2026-03-30T09:04:45.7063913Z [NET] kind=connect_confirm_client_snapshot packet=*protocol.Remote_NetServer_clientSnapshot_22 conn_id=89981 uuid=aAeramVzFr8AAAAAHtse2g== ip=222.89.164.56 name="[scarlet]（未绑定）[]haft fox[white][gray]89981[]" detail=
2026-03-30T17:04:45.7544629+08:00 [RESPAWN] player="haft fox[white]" team=1 no_core=1 spawn_x=352 spawn_y=50 tile=core-nucleus
2026-03-30T17:04:45.7655277+08:00 [RESPAWN] player="haft fox[white]" team=1 unit=37 build_speed=1.00 spawn_x=352 spawn_y=50
2026-03-30T17:04:55.3617104+08:00 [CHAT] from="haft fox[white]" player_id=2 uuid=aAeramVzFr8AAAAAHtse2g== ip=222.89.164.56:50505 msg="hyw?"
2026-03-30T17:04:58.2925084+08:00 [CHAT] from="[#00ffffff]月[#8982edff]子[#87ceebff]芳 \uf7a9\uf7be" player_id=1 uuid=bRea8YRoGToAAAAAPO9P1Q== ip=10.147.17.101:64561 msg="？"
2026-03-30T17:04:58.9029732+08:00 [BUILD] action=placed x=285 y=103 block_id=230 block=废墙 team=1 rot=0
2026-03-30T17:04:59.0860567+08:00 [BUILD] action=destroyed x=285 y=103 block_id=230 block=废墙 team=1
2026-03-30T17:05:14.8821352+08:00 [CHAT] from="haft fox[white]" player_id=2 uuid=aAeramVzFr8AAAAAHtse2g== ip=222.89.164.56:50505 msg="甚至没有broad"
2026-03-30T17:05:17.1366901+08:00 [BUILD] action=placed x=281 y=101 block_id=232 block=巨型废墙 team=1 rot=0
2026-03-30T17:05:17.3032313+08:00 [BUILD] action=destroyed x=281 y=101 block_id=232 block=巨型废墙 team=1
2026-03-30T17:05:17.3038464+08:00 [BUILD] action=placed x=283 y=100 block_id=231 block=大型废墙 team=1 rot=0
2026-03-30T17:05:17.3360487+08:00 [BUILD] action=destroyed x=283 y=100 block_id=231 block=大型废墙 team=1
2026-03-30T17:05:17.336664+08:00 [BUILD] action=placed x=285 y=100 block_id=230 block=废墙 team=1 rot=0
2026-03-30T17:05:17.8696841+08:00 [BUILD] action=destroyed x=285 y=100 block_id=230 block=废墙 team=1
2026-03-30T17:05:17.8702776+08:00 [BUILD] action=placed x=285 y=101 block_id=230 block=废墙 team=1 rot=0
2026-03-30T17:05:18.0530726+08:00 [BUILD] action=destroyed x=285 y=101 block_id=230 block=废墙 team=1
2026-03-30T17:05:18.069942+08:00 [BUILD] action=placed x=285 y=102 block_id=230 block=废墙 team=1 rot=0
2026-03-30T17:05:18.4368872+08:00 [BUILD] action=destroyed x=285 y=102 block_id=230 block=废墙 team=1
2026-03-30T17:05:18.4369712+08:00 [BUILD] action=placed x=285 y=104 block_id=230 block=废墙 team=1 rot=0
2026-03-30T17:05:18.6199014+08:00 [BUILD] action=destroyed x=285 y=104 block_id=230 block=废墙 team=1
2026-03-30T17:05:18.6199014+08:00 [BUILD] action=placed x=286 y=106 block_id=230 block=废墙 team=1 rot=0
2026-03-30T17:05:18.8034563+08:00 [BUILD] action=destroyed x=286 y=106 block_id=230 block=废墙 team=1
2026-03-30T17:05:18.8200561+08:00 [BUILD] action=placed x=286 y=107 block_id=230 block=废墙 team=1 rot=0
2026-03-30T17:05:19.203181+08:00 [BUILD] action=destroyed x=286 y=107 block_id=230 block=废墙 team=1
2026-03-30T17:05:19.2198461+08:00 [BUILD] action=placed x=286 y=108 block_id=230 block=废墙 team=1 rot=0
2026-03-30T17:05:19.5362615+08:00 [BUILD] action=destroyed x=286 y=108 block_id=230 block=废墙 team=1
2026-03-30T17:05:19.5367944+08:00 [BUILD] action=placed x=287 y=98 block_id=230 block=废墙 team=1 rot=0
2026-03-30T17:05:19.7205792+08:00 [BUILD] action=destroyed x=287 y=98 block_id=230 block=废墙 team=1
2026-03-30T17:05:19.7363139+08:00 [BUILD] action=placed x=287 y=103 block_id=230 block=废墙 team=1 rot=0
2026-03-30T17:05:19.9034374+08:00 [BUILD] action=destroyed x=287 y=103 block_id=230 block=废墙 team=1
2026-03-30T17:05:19.9194903+08:00 [BUILD] action=placed x=289 y=98 block_id=230 block=废墙 team=1 rot=0
2026-03-30T17:05:19.9527103+08:00 [BUILD] action=destroyed x=289 y=98 block_id=230 block=废墙 team=1
2026-03-30T17:05:19.9701403+08:00 [BUILD] action=placed x=290 y=98 block_id=230 block=废墙 team=1 rot=0
2026-03-30T17:05:20.2860856+08:00 [BUILD] action=destroyed x=290 y=98 block_id=230 block=废墙 team=1
2026-03-30T17:05:20.3029938+08:00 [BUILD] action=placed x=291 y=102 block_id=184 block=热能坩埚 team=1 rot=0
2026-03-30T17:05:20.5032294+08:00 [BUILD] action=destroyed x=291 y=102 block_id=184 block=热能坩埚 team=1
2026-03-30T17:05:20.5196681+08:00 [BUILD] action=placed x=291 y=106 block_id=184 block=热能坩埚 team=1 rot=0
2026-03-30T17:05:20.8367428+08:00 [BUILD] action=destroyed x=291 y=106 block_id=184 block=热能坩埚 team=1
2026-03-30T17:05:20.8529362+08:00 [BUILD] action=placed x=291 y=104 block_id=270 block=装卸器 team=1 rot=0
2026-03-30T17:05:21.0530494+08:00 [BUILD] action=destroyed x=291 y=104 block_id=270 block=装卸器 team=1
2026-03-30T17:05:21.0698039+08:00 [BUILD] action=placed x=292 y=104 block_id=270 block=装卸器 team=1 rot=0
2026-03-30T17:05:21.2534231+08:00 [BUILD] action=destroyed x=292 y=104 block_id=270 block=装卸器 team=1
2026-03-30T17:05:21.2540915+08:00 [BUILD] action=placed x=293 y=101 block_id=270 block=装卸器 team=1 rot=0
2026-03-30T17:05:21.6194219+08:00 [BUILD] action=destroyed x=293 y=101 block_id=270 block=装卸器 team=1
2026-03-30T17:05:21.6194219+08:00 [BUILD] action=placed x=293 y=103 block_id=270 block=装卸器 team=1 rot=0
2026-03-30T17:05:21.6904759+08:00 [CHAT] from="[#00ffffff]月[#8982edff]子[#87ceebff]芳 \uf7a9\uf7be" player_id=1 uuid=bRea8YRoGToAAAAAPO9P1Q== ip=10.147.17.101:64561 msg="（"
2026-03-30T17:05:21.8028863+08:00 [BUILD] action=destroyed x=293 y=103 block_id=270 block=装卸器 team=1
2026-03-30T17:05:21.8028863+08:00 [BUILD] action=placed x=293 y=104 block_id=302 block=电力节点 team=1 rot=0
2026-03-30T17:05:22.3363362+08:00 [BUILD] action=destroyed x=293 y=104 block_id=302 block=电力节点 team=1
2026-03-30T17:05:22.352716+08:00 [BUILD] action=placed x=293 y=106 block_id=270 block=装卸器 team=1 rot=0
2026-03-30T17:05:22.5532631+08:00 [BUILD] action=destroyed x=293 y=106 block_id=270 block=装卸器 team=1
2026-03-30T17:05:22.5533779+08:00 [BUILD] action=placed x=293 y=107 block_id=270 block=装卸器 team=1 rot=0
2026-03-30T17:05:22.9365363+08:00 [BUILD] action=destroyed x=293 y=107 block_id=270 block=装卸器 team=1
2026-03-30T17:05:22.937171+08:00 [BUILD] action=placed x=294 y=104 block_id=270 block=装卸器 team=1 rot=0
2026-03-30T17:05:23.1034142+08:00 [BUILD] action=destroyed x=294 y=104 block_id=270 block=装卸器 team=1
2026-03-30T17:05:23.1034142+08:00 [BUILD] action=placed x=295 y=106 block_id=184 block=热能坩埚 team=1 rot=0
2026-03-30T17:05:23.4372067+08:00 [BUILD] action=destroyed x=295 y=106 block_id=184 block=热能坩埚 team=1
2026-03-30T17:05:23.4531468+08:00 [BUILD] action=placed x=295 y=104 block_id=270 block=装卸器 team=1 rot=0
2026-03-30T17:05:23.6360749+08:00 [BUILD] action=destroyed x=295 y=104 block_id=270 block=装卸器 team=1
2026-03-30T17:05:32.2075305+08:00 [CHAT] from="[#00ffffff]月[#8982edff]子[#87ceebff]芳 \uf7a9\uf7be" player_id=1 uuid=bRea8YRoGToAAAAAPO9P1Q== ip=10.147.17.101:64561 msg="/help"
2026-03-30T17:05:35.8991295+08:00 [CHAT] from="haft fox[white]" player_id=2 uuid=aAeramVzFr8AAAAAHtse2g== ip=222.89.164.56:50505 msg="/sync"
2026-03-30T17:05:39.4324644+08:00 [CHAT] from="haft fox[white]" player_id=2 uuid=aAeramVzFr8AAAAAHtse2g== ip=222.89.164.56:50505 msg="o"
2026-03-30T17:05:45.0737762+08:00 [CHAT] from="[#00ffffff]月[#8982edff]子[#87ceebff]芳 \uf7a9\uf7be" player_id=1 uuid=bRea8YRoGToAAAAAPO9P1Q== ip=10.147.17.101:64561 msg="也没有"
2026-03-30T17:05:50.6411673+08:00 [CHAT] from="[#00ffffff]月[#8982edff]子[#87ceebff]芳 \uf7a9\uf7be" player_id=1 uuid=bRea8YRoGToAAAAAPO9P1Q== ip=10.147.17.101:64561 msg="还没有写"
2026-03-30T17:05:53.3815918+08:00 [CHAT] from="haft fox[white]" player_id=2 uuid=aAeramVzFr8AAAAAHtse2g== ip=222.89.164.56:50505 msg="那很荒凉了"
2026-03-30T17:05:56.7303197+08:00 [CHAT] from="haft fox[white]" player_id=2 uuid=aAeramVzFr8AAAAAHtse2g== ip=222.89.164.56:50505 msg="（"
2026-03-30T17:06:03.6447234+08:00 [CHAT] from="[#00ffffff]月[#8982edff]子[#87ceebff]芳 \uf7a9\uf7be" player_id=1 uuid=bRea8YRoGToAAAAAPO9P1Q== ip=10.147.17.101:64561 msg="并非"
2026-03-30T17:06:09.8248893+08:00 [CHAT] from="[#00ffffff]月[#8982edff]子[#87ceebff]芳 \uf7a9\uf7be" player_id=1 uuid=bRea8YRoGToAAAAAPO9P1Q== ip=10.147.17.101:64561 msg="还是有好东西的"
2026-03-30T17:06:19.1633923+08:00 [RESPAWN] player="[#00ffffff]月[#8982edff]子[#87ceebff]芳 \uf7a9\uf7be" team=1 no_core=1 spawn_x=185 spawn_y=71 tile=core-foundation
2026-03-30T17:06:19.1713657+08:00 [RESPAWN] player="[#00ffffff]月[#8982edff]子[#87ceebff]芳 \uf7a9\uf7be" team=1 unit=36 build_speed=0.75 spawn_x=185 spawn_y=71
2026-03-30T17:06:19.2373698+08:00 [RESPAWN] player="haft fox[white]" team=1 no_core=1 spawn_x=185 spawn_y=71 tile=core-foundation
2026-03-30T17:06:19.245514+08:00 [RESPAWN] player="haft fox[white]" team=1 unit=36 build_speed=0.75 spawn_x=185 spawn_y=71
2026-03-30T17:06:20.4726496+08:00 [RESPAWN] player="[#00ffffff]月[#8982edff]子[#87ceebff]芳 \uf7a9\uf7be" team=1 no_core=1 spawn_x=185 spawn_y=71 tile=core-foundation
2026-03-30T17:06:20.4809112+08:00 [RESPAWN] player="[#00ffffff]月[#8982edff]子[#87ceebff]芳 \uf7a9\uf7be" team=1 unit=36 build_speed=0.75 spawn_x=185 spawn_y=71
2026-03-30T17:06:21.0642261+08:00 [RESPAWN] player="haft fox[white]" team=1 no_core=1 spawn_x=185 spawn_y=71 tile=core-foundation
2026-03-30T17:06:21.0719537+08:00 [RESPAWN] player="haft fox[white]" team=1 unit=36 build_speed=0.75 spawn_x=185 spawn_y=71
2026-03-30T17:06:23.2188798+08:00 [RESPAWN] player="[#00ffffff]月[#8982edff]子[#87ceebff]芳 \uf7a9\uf7be" team=1 no_core=1 spawn_x=185 spawn_y=71 tile=core-foundation
2026-03-30T17:06:23.2274208+08:00 [RESPAWN] player="[#00ffffff]月[#8982edff]子[#87ceebff]芳 \uf7a9\uf7be" team=1 unit=36 build_speed=0.75 spawn_x=185 spawn_y=71
2026-03-30T17:06:23.8123684+08:00 [RESPAWN] player="haft fox[white]" team=1 no_core=1 spawn_x=185 spawn_y=71 tile=core-foundation
2026-03-30T17:06:23.8227432+08:00 [RESPAWN] player="haft fox[white]" team=1 unit=36 build_speed=0.75 spawn_x=185 spawn_y=71
2026-03-30T17:06:25.0218423+08:00 [CHAT] from="haft fox[white]" player_id=2 uuid=aAeramVzFr8AAAAAHtse2g== ip=222.89.164.56:50505 msg="o?"
2026-03-30T17:06:26.5539124+08:00 [CHAT] from="[#00ffffff]月[#8982edff]子[#87ceebff]芳 \uf7a9\uf7be" player_id=1 uuid=bRea8YRoGToAAAAAPO9P1Q== ip=10.147.17.101:64561 msg="比如这个"
2026-03-30T17:06:26.5639944+08:00 [RESPAWN] player="haft fox[white]" team=1 no_core=1 spawn_x=185 spawn_y=71 tile=core-foundation
2026-03-30T17:06:26.5711579+08:00 [RESPAWN] player="haft fox[white]" team=1 unit=36 build_speed=0.75 spawn_x=185 spawn_y=71
2026-03-30T17:06:29.3133577+08:00 [RESPAWN] player="haft fox[white]" team=1 no_core=1 spawn_x=185 spawn_y=71 tile=core-foundation
2026-03-30T17:06:29.3209144+08:00 [RESPAWN] player="haft fox[white]" team=1 unit=36 build_speed=0.75 spawn_x=185 spawn_y=71
2026-03-30T09:06:32.0265419Z [NET] kind=tcp_accept packet= conn_id=243804081 uuid= ip=46.191.158.158 name="" detail=
2026-03-30T17:06:32.0618291+08:00 [RESPAWN] player="haft fox[white]" team=1 no_core=1 spawn_x=185 spawn_y=71 tile=core-foundation
2026-03-30T17:06:32.0698783+08:00 [RESPAWN] player="haft fox[white]" team=1 unit=36 build_speed=0.75 spawn_x=185 spawn_y=71
2026-03-30T09:06:32.6259038Z [NET] kind=connect_packet packet=*protocol.ConnectPacket conn_id=70519 uuid=rYM5QkOwwF0AAAAAfg1z0w== ip=46.191.158.158 name="" detail=version=156 type=official mods=0
2026-03-30T09:06:33.2592032Z [NET] kind=world_handshake_sent packet= conn_id=70519 uuid=rYM5QkOwwF0AAAAAfg1z0w== ip=46.191.158.158 name="[scarlet]（未绑定）[]гусь[gray]70519[]" detail=
2026-03-30T09:06:34.7887443Z [NET] kind=connect_confirm_client_snapshot packet=*protocol.Remote_NetServer_clientSnapshot_22 conn_id=70519 uuid=rYM5QkOwwF0AAAAAfg1z0w== ip=46.191.158.158 name="[scarlet]（未绑定）[]гусь[gray]70519[]" detail=
2026-03-30T17:06:34.8113561+08:00 [RESPAWN] player="haft fox[white]" team=1 no_core=1 spawn_x=185 spawn_y=71 tile=core-foundation
2026-03-30T17:06:34.8199937+08:00 [RESPAWN] player="haft fox[white]" team=1 unit=36 build_speed=0.75 spawn_x=185 spawn_y=71
2026-03-30T17:06:34.8215302+08:00 [RESPAWN] player=" гусь " team=1 no_core=1 spawn_x=185 spawn_y=71 tile=core-foundation
2026-03-30T17:06:34.8295776+08:00 [RESPAWN] player=" гусь " team=1 unit=36 build_speed=0.75 spawn_x=185 spawn_y=71
2026-03-30T17:06:37.5635905+08:00 [RESPAWN] player="haft fox[white]" team=1 no_core=1 spawn_x=185 spawn_y=71 tile=core-foundation
2026-03-30T17:06:37.5707052+08:00 [RESPAWN] player="haft fox[white]" team=1 unit=36 build_speed=0.75 spawn_x=185 spawn_y=71
2026-03-30T17:06:39.8754874+08:00 [CHAT] from="[#00ffffff]月[#8982edff]子[#87ceebff]芳 \uf7a9\uf7be" player_id=1 uuid=bRea8YRoGToAAAAAPO9P1Q== ip=10.147.17.101:64561 msg="热加载地图"
2026-03-30T17:06:40.3123111+08:00 [RESPAWN] player="haft fox[white]" team=1 no_core=1 spawn_x=185 spawn_y=71 tile=core-foundation
2026-03-30T17:06:40.3204662+08:00 [RESPAWN] player="haft fox[white]" team=1 unit=36 build_speed=0.75 spawn_x=185 spawn_y=71
2026-03-30T17:06:42.3038573+08:00 [BUILD] action=placed x=142 y=108 block_id=286 block=导管 team=1 rot=1
2026-03-30T17:06:42.6195821+08:00 [BUILD] action=destroyed x=142 y=108 block_id=286 block=导管 team=1
2026-03-30T17:06:42.6195821+08:00 [BUILD] action=placed x=142 y=110 block_id=326 block=气动钻头 team=1 rot=0
2026-03-30T17:06:42.9197721+08:00 [BUILD] action=destroyed x=142 y=110 block_id=326 block=气动钻头 team=1
2026-03-30T17:06:42.9197721+08:00 [BUILD] action=placed x=142 y=113 block_id=286 block=导管 team=1 rot=0
2026-03-30T17:06:43.0645042+08:00 [RESPAWN] player="haft fox[white]" team=1 no_core=1 spawn_x=185 spawn_y=71 tile=core-foundation
2026-03-30T17:06:43.0722903+08:00 [RESPAWN] player="haft fox[white]" team=1 unit=36 build_speed=0.75 spawn_x=185 spawn_y=71
2026-03-30T17:06:43.2527702+08:00 [BUILD] action=destroyed x=142 y=113 block_id=286 block=导管 team=1
2026-03-30T17:06:43.2527702+08:00 [BUILD] action=placed x=143 y=107 block_id=286 block=导管 team=1 rot=1
2026-03-30T17:06:43.5533335+08:00 [BUILD] action=destroyed x=143 y=107 block_id=286 block=导管 team=1
2026-03-30T17:06:43.5695282+08:00 [BUILD] action=placed x=143 y=108 block_id=289 block=流体路由器 team=1 rot=0
2026-03-30T17:06:43.8527763+08:00 [BUILD] action=destroyed x=143 y=108 block_id=289 block=流体路由器 team=1
2026-03-30T17:06:43.8529507+08:00 [BUILD] action=placed x=143 y=109 block_id=258 block=钛传送带 team=1 rot=0
2026-03-30T17:06:44.1695188+08:00 [BUILD] action=destroyed x=143 y=109 block_id=258 block=钛传送带 team=1
2026-03-30T17:06:44.1861153+08:00 [BUILD] action=placed x=143 y=112 block_id=326 block=气动钻头 team=1 rot=0
2026-03-30T17:06:44.5029465+08:00 [BUILD] action=destroyed x=143 y=112 block_id=326 block=气动钻头 team=1
2026-03-30T17:06:44.5029465+08:00 [BUILD] action=placed x=144 y=109 block_id=258 block=钛传送带 team=1 rot=0
2026-03-30T17:06:44.8193322+08:00 [BUILD] action=destroyed x=144 y=109 block_id=258 block=钛传送带 team=1
2026-03-30T17:06:44.8193322+08:00 [BUILD] action=placed x=144 y=110 block_id=326 block=气动钻头 team=1 rot=0
2026-03-30T17:06:45.1372359+08:00 [BUILD] action=destroyed x=144 y=110 block_id=326 block=气动钻头 team=1
2026-03-30T17:06:45.1372359+08:00 [BUILD] action=placed x=144 y=114 block_id=258 block=钛传送带 team=1 rot=0
2026-03-30T17:06:45.4864692+08:00 [BUILD] action=destroyed x=144 y=114 block_id=258 block=钛传送带 team=1
2026-03-30T17:06:45.5028331+08:00 [BUILD] action=placed x=145 y=106 block_id=358 block=齐射 team=1 rot=1
2026-03-30T17:06:45.8121382+08:00 [RESPAWN] player="haft fox[white]" team=1 no_core=1 spawn_x=185 spawn_y=71 tile=core-foundation
2026-03-30T17:06:45.8191996+08:00 [RESPAWN] player="haft fox[white]" team=1 unit=36 build_speed=0.75 spawn_x=185 spawn_y=71
2026-03-30T17:06:45.8543221+08:00 [BUILD] action=destroyed x=145 y=106 block_id=358 block=齐射 team=1
2026-03-30T17:06:45.869839+08:00 [BUILD] action=placed x=145 y=109 block_id=286 block=导管 team=1 rot=1
2026-03-30T17:06:46.1530713+08:00 [BUILD] action=destroyed x=145 y=109 block_id=286 block=导管 team=1
2026-03-30T17:06:46.1530713+08:00 [BUILD] action=placed x=145 y=112 block_id=326 block=气动钻头 team=1 rot=0
2026-03-30T17:06:46.4862733+08:00 [BUILD] action=destroyed x=145 y=112 block_id=326 block=气动钻头 team=1
2026-03-30T17:06:46.4862733+08:00 [BUILD] action=placed x=146 y=108 block_id=258 block=钛传送带 team=1 rot=3
2026-03-30T17:06:46.7861711+08:00 [BUILD] action=destroyed x=146 y=108 block_id=258 block=钛传送带 team=1
2026-03-30T17:06:46.7861711+08:00 [BUILD] action=placed x=146 y=114 block_id=258 block=钛传送带 team=1 rot=0
2026-03-30T17:06:47.1198802+08:00 [BUILD] action=destroyed x=146 y=114 block_id=258 block=钛传送带 team=1
2026-03-30T17:06:47.1200593+08:00 [BUILD] action=placed x=147 y=105 block_id=230 block=废墙 team=1 rot=0
2026-03-30T17:06:47.4360134+08:00 [BUILD] action=destroyed x=147 y=105 block_id=230 block=废墙 team=1
2026-03-30T17:06:47.4531596+08:00 [BUILD] action=placed x=147 y=114 block_id=258 block=钛传送带 team=1 rot=0
2026-03-30T17:06:47.736692+08:00 [BUILD] action=destroyed x=147 y=114 block_id=258 block=钛传送带 team=1
2026-03-30T17:06:47.736692+08:00 [BUILD] action=placed x=148 y=109 block_id=306 block=电池 team=1 rot=0
2026-03-30T17:06:48.0361074+08:00 [BUILD] action=destroyed x=148 y=109 block_id=306 block=电池 team=1
2026-03-30T17:06:48.0538195+08:00 [BUILD] action=placed x=148 y=110 block_id=306 block=电池 team=1 rot=0
2026-03-30T17:06:48.3530818+08:00 [BUILD] action=destroyed x=148 y=110 block_id=306 block=电池 team=1
2026-03-30T17:06:48.3530818+08:00 [BUILD] action=placed x=149 y=111 block_id=306 block=电池 team=1 rot=0
2026-03-30T17:06:48.5628537+08:00 [RESPAWN] player="haft fox[white]" team=1 no_core=1 spawn_x=185 spawn_y=71 tile=core-foundation
2026-03-30T17:06:48.5702171+08:00 [RESPAWN] player="haft fox[white]" team=1 unit=36 build_speed=0.75 spawn_x=185 spawn_y=71
2026-03-30T17:06:48.6527571+08:00 [BUILD] action=destroyed x=149 y=111 block_id=306 block=电池 team=1
2026-03-30T17:06:48.6697763+08:00 [BUILD] action=placed x=150 y=114 block_id=258 block=钛传送带 team=1 rot=0
2026-03-30T17:06:48.9534184+08:00 [BUILD] action=destroyed x=150 y=114 block_id=258 block=钛传送带 team=1
2026-03-30T17:06:48.9534184+08:00 [BUILD] action=placed x=151 y=106 block_id=349 block=双管 team=1 rot=1
2026-03-30T17:06:49.2698459+08:00 [BUILD] action=destroyed x=151 y=106 block_id=349 block=双管 team=1
2026-03-30T17:06:49.2700317+08:00 [BUILD] action=placed x=151 y=107 block_id=266 block=路由器 team=1 rot=0
2026-03-30T17:06:49.5701426+08:00 [BUILD] action=destroyed x=151 y=107 block_id=266 block=路由器 team=1
2026-03-30T17:06:49.5865135+08:00 [BUILD] action=placed x=151 y=110 block_id=258 block=钛传送带 team=1 rot=3
2026-03-30T17:06:49.8865635+08:00 [BUILD] action=destroyed x=151 y=110 block_id=258 block=钛传送带 team=1
2026-03-30T17:06:49.8867035+08:00 [BUILD] action=placed x=151 y=111 block_id=258 block=钛传送带 team=1 rot=3
2026-03-30T17:06:50.1861489+08:00 [BUILD] action=destroyed x=151 y=111 block_id=258 block=钛传送带 team=1
2026-03-30T17:06:50.2027628+08:00 [BUILD] action=placed x=151 y=113 block_id=258 block=钛传送带 team=1 rot=3
2026-03-30T17:06:50.5028558+08:00 [BUILD] action=destroyed x=151 y=113 block_id=258 block=钛传送带 team=1
2026-03-30T17:06:50.5030463+08:00 [BUILD] action=placed x=151 y=114 block_id=258 block=钛传送带 team=1 rot=3
2026-03-30T17:06:50.8193757+08:00 [BUILD] action=destroyed x=151 y=114 block_id=258 block=钛传送带 team=1
2026-03-30T17:06:50.8193757+08:00 [BUILD] action=placed x=152 y=104 block_id=230 block=废墙 team=1 rot=0
2026-03-30T17:06:51.1362957+08:00 [BUILD] action=destroyed x=152 y=104 block_id=230 block=废墙 team=1
2026-03-30T17:06:51.1364455+08:00 [BUILD] action=placed x=152 y=105 block_id=230 block=废墙 team=1 rot=0
2026-03-30T17:06:51.3109452+08:00 [RESPAWN] player="haft fox[white]" team=1 no_core=1 spawn_x=185 spawn_y=71 tile=core-foundation
2026-03-30T17:06:51.3179789+08:00 [RESPAWN] player="haft fox[white]" team=1 unit=36 build_speed=0.75 spawn_x=185 spawn_y=71
2026-03-30T17:06:51.4368122+08:00 [BUILD] action=destroyed x=152 y=105 block_id=230 block=废墙 team=1
2026-03-30T17:06:51.4368122+08:00 [BUILD] action=placed x=152 y=107 block_id=258 block=钛传送带 team=1 rot=3
2026-03-30T17:06:51.75307+08:00 [BUILD] action=destroyed x=152 y=107 block_id=258 block=钛传送带 team=1
2026-03-30T17:06:51.75307+08:00 [BUILD] action=placed x=153 y=104 block_id=230 block=废墙 team=1 rot=0
2026-03-30T17:06:52.0694526+08:00 [BUILD] action=destroyed x=153 y=104 block_id=230 block=废墙 team=1
2026-03-30T17:06:52.0694526+08:00 [BUILD] action=placed x=153 y=110 block_id=302 block=电力节点 team=1 rot=0
2026-03-30T17:06:52.3694933+08:00 [BUILD] action=destroyed x=153 y=110 block_id=302 block=电力节点 team=1
2026-03-30T17:06:52.3864013+08:00 [BUILD] action=placed x=155 y=111 block_id=230 block=废墙 team=1 rot=0
2026-03-30T17:06:52.6863091+08:00 [BUILD] action=destroyed x=155 y=111 block_id=230 block=废墙 team=1
2026-03-30T17:06:52.703278+08:00 [BUILD] action=placed x=155 y=112 block_id=230 block=废墙 team=1 rot=0
2026-03-30T17:06:52.9859604+08:00 [BUILD] action=destroyed x=155 y=112 block_id=230 block=废墙 team=1
2026-03-30T17:06:52.9859604+08:00 [BUILD] action=placed x=155 y=125 block_id=230 block=废墙 team=1 rot=0
2026-03-30T17:06:53.1013332+08:00 [CHAT] from="haft fox[white]" player_id=2 uuid=aAeramVzFr8AAAAAHtse2g== ip=222.89.164.56:50505 msg="好奇怪的卡顿"
2026-03-30T17:06:53.3028953+08:00 [BUILD] action=destroyed x=155 y=125 block_id=230 block=废墙 team=1
2026-03-30T17:06:53.3028953+08:00 [BUILD] action=placed x=155 y=126 block_id=231 block=大型废墙 team=1 rot=0
2026-03-30T17:06:53.6361913+08:00 [BUILD] action=destroyed x=155 y=126 block_id=231 block=大型废墙 team=1
2026-03-30T17:06:53.6367693+08:00 [BUILD] action=placed x=156 y=103 block_id=230 block=废墙 team=1 rot=0
2026-03-30T17:06:53.9532933+08:00 [BUILD] action=destroyed x=156 y=103 block_id=230 block=废墙 team=1
2026-03-30T17:06:53.9532933+08:00 [BUILD] action=placed x=156 y=106 block_id=231 block=大型废墙 team=1 rot=0
2026-03-30T17:06:54.0880729+08:00 [RESPAWN] player="haft fox[white]" team=1 no_core=1 spawn_x=185 spawn_y=71 tile=core-foundation
2026-03-30T17:06:54.0973845+08:00 [RESPAWN] player="haft fox[white]" team=1 unit=36 build_speed=0.75 spawn_x=185 spawn_y=71
2026-03-30T17:06:54.2861806+08:00 [BUILD] action=destroyed x=156 y=106 block_id=231 block=大型废墙 team=1
2026-03-30T17:06:54.2861806+08:00 [BUILD] action=placed x=156 y=117 block_id=230 block=废墙 team=1 rot=0
2026-03-30T17:06:54.619365+08:00 [BUILD] action=destroyed x=156 y=117 block_id=230 block=废墙 team=1
2026-03-30T17:06:54.619365+08:00 [BUILD] action=placed x=156 y=118 block_id=231 block=大型废墙 team=1 rot=0
2026-03-30T17:06:54.9197163+08:00 [BUILD] action=destroyed x=156 y=118 block_id=231 block=大型废墙 team=1
2026-03-30T17:06:54.9197163+08:00 [BUILD] action=placed x=156 y=124 block_id=230 block=废墙 team=1 rot=0
2026-03-30T17:06:55.2363618+08:00 [BUILD] action=destroyed x=156 y=124 block_id=230 block=废墙 team=1
2026-03-30T17:06:55.2363618+08:00 [BUILD] action=placed x=156 y=128 block_id=230 block=废墙 team=1 rot=0
2026-03-30T17:06:55.5364182+08:00 [BUILD] action=destroyed x=156 y=128 block_id=230 block=废墙 team=1
2026-03-30T17:06:55.5529871+08:00 [BUILD] action=placed x=157 y=102 block_id=230 block=废墙 team=1 rot=0
2026-03-30T17:06:55.5885162+08:00 [RESPAWN] player="haft fox[white]" team=1 no_core=1 spawn_x=185 spawn_y=71 tile=core-foundation
2026-03-30T17:06:55.5975704+08:00 [RESPAWN] player="haft fox[white]" team=1 unit=36 build_speed=0.75 spawn_x=185 spawn_y=71
2026-03-30T17:06:55.8537107+08:00 [BUILD] action=destroyed x=157 y=102 block_id=230 block=废墙 team=1
2026-03-30T17:06:55.8539+08:00 [BUILD] action=placed x=157 y=103 block_id=231 block=大型废墙 team=1 rot=0
2026-03-30T17:06:56.1533636+08:00 [BUILD] action=destroyed x=157 y=103 block_id=231 block=大型废墙 team=1
2026-03-30T17:06:56.1533636+08:00 [BUILD] action=placed x=157 y=108 block_id=230 block=废墙 team=1 rot=0
2026-03-30T17:06:56.469763+08:00 [BUILD] action=destroyed x=157 y=108 block_id=230 block=废墙 team=1
2026-03-30T17:06:56.4699429+08:00 [BUILD] action=placed x=157 y=120 block_id=230 block=废墙 team=1 rot=0
2026-03-30T17:06:56.7860387+08:00 [BUILD] action=destroyed x=159 y=118 block_id=286 block=导管 team=1
2026-03-30T17:06:56.7860387+08:00 [BUILD] action=destroyed x=158 y=106 block_id=230 block=废墙 team=1
2026-03-30T17:06:56.7860387+08:00 [BUILD] action=destroyed x=159 y=120 block_id=230 block=废墙 team=1
2026-03-30T17:06:56.7865509+08:00 [BUILD] action=destroyed x=158 y=120 block_id=230 block=废墙 team=1
2026-03-30T17:06:56.7865509+08:00 [BUILD] action=destroyed x=158 y=125 block_id=284 block=回转泵 team=1
2026-03-30T17:06:56.7865509+08:00 [BUILD] action=destroyed x=157 y=120 block_id=230 block=废墙 team=1
2026-03-30T17:06:56.7865509+08:00 [BUILD] action=destroyed x=158 y=128 block_id=258 block=钛传送带 team=1
2026-03-30T17:06:56.7870746+08:00 [BUILD] action=destroyed x=159 y=113 block_id=286 block=导管 team=1
2026-03-30T17:06:56.7870746+08:00 [BUILD] action=destroyed x=159 y=123 block_id=289 block=流体路由器 team=1
2026-03-30T17:06:56.7870746+08:00 [BUILD] action=destroyed x=159 y=103 block_id=230 block=废墙 team=1
2026-03-30T17:06:56.7870746+08:00 [BUILD] action=destroyed x=159 y=124 block_id=286 block=导管 team=1
2026-03-30T17:06:56.7870746+08:00 [BUILD] action=destroyed x=159 y=106 block_id=230 block=废墙 team=1
2026-03-30T17:06:56.7876278+08:00 [BUILD] action=destroyed x=159 y=112 block_id=286 block=导管 team=1
2026-03-30T17:06:56.7876278+08:00 [BUILD] action=destroyed x=159 y=117 block_id=289 block=流体路由器 team=1
2026-03-30T17:06:56.7876278+08:00 [BUILD] action=destroyed x=159 y=108 block_id=363 block=气旋 team=1
2026-03-30T17:06:56.7876278+08:00 [BUILD] action=destroyed x=158 y=121 block_id=230 block=废墙 team=1
2026-03-30T17:06:56.7881712+08:00 [BUILD] action=destroyed x=159 y=110 block_id=258 block=钛传送带 team=1
2026-03-30T17:06:56.7881712+08:00 [BUILD] action=destroyed x=159 y=111 block_id=258 block=钛传送带 team=1
2026-03-30T17:06:56.7881712+08:00 [BUILD] action=destroyed x=157 y=128 block_id=351 block=火焰 team=1
2026-03-30T17:06:56.7881712+08:00 [BUILD] action=destroyed x=159 y=116 block_id=286 block=导管 team=1
2026-03-30T17:06:58.3127674+08:00 [RESPAWN] player="haft fox[white]" team=1 no_core=1 spawn_x=185 spawn_y=71 tile=core-foundation
2026-03-30T17:06:58.3203556+08:00 [RESPAWN] player="haft fox[white]" team=1 unit=36 build_speed=0.75 spawn_x=185 spawn_y=71
2026-03-30T17:07:01.0621496+08:00 [RESPAWN] player="haft fox[white]" team=1 no_core=1 spawn_x=185 spawn_y=71 tile=core-foundation
2026-03-30T17:07:01.0698679+08:00 [RESPAWN] player="haft fox[white]" team=1 unit=36 build_speed=0.75 spawn_x=185 spawn_y=71
2026-03-30T17:07:02.3126402+08:00 [RESPAWN] player="haft fox[white]" team=1 no_core=1 spawn_x=185 spawn_y=71 tile=core-foundation
2026-03-30T17:07:02.3197815+08:00 [RESPAWN] player="haft fox[white]" team=1 unit=36 build_speed=0.75 spawn_x=185 spawn_y=71
2026-03-30T17:07:05.0633634+08:00 [RESPAWN] player="haft fox[white]" team=1 no_core=1 spawn_x=185 spawn_y=71 tile=core-foundation
2026-03-30T17:07:05.0710078+08:00 [RESPAWN] player="haft fox[white]" team=1 unit=36 build_speed=0.75 spawn_x=185 spawn_y=71
2026-03-30T17:07:07.2006402+08:00 [CHAT] from="[#00ffffff]月[#8982edff]子[#87ceebff]芳 \uf7a9\uf7be" player_id=1 uuid=bRea8YRoGToAAAAAPO9P1Q== ip=10.147.17.101:64561 msg="./kill"
2026-03-30T17:07:07.8124663+08:00 [RESPAWN] player="haft fox[white]" team=1 no_core=1 spawn_x=185 spawn_y=71 tile=core-foundation
2026-03-30T17:07:07.8200627+08:00 [RESPAWN] player="haft fox[white]" team=1 unit=36 build_speed=0.75 spawn_x=185 spawn_y=71
2026-03-30T17:07:08.7086775+08:00 [CHAT] from="haft fox[white]" player_id=2 uuid=aAeramVzFr8AAAAAHtse2g== ip=222.89.164.56:50505 msg="我在不停的死掉"
2026-03-30T17:07:10.5608226+08:00 [RESPAWN] player="haft fox[white]" team=1 no_core=1 spawn_x=185 spawn_y=71 tile=core-foundation
2026-03-30T17:07:10.5679063+08:00 [RESPAWN] player="haft fox[white]" team=1 unit=36 build_speed=0.75 spawn_x=185 spawn_y=71
2026-03-30T17:07:13.3147323+08:00 [RESPAWN] player="haft fox[white]" team=1 no_core=1 spawn_x=185 spawn_y=71 tile=core-foundation
2026-03-30T17:07:13.3226814+08:00 [RESPAWN] player="haft fox[white]" team=1 unit=36 build_speed=0.75 spawn_x=185 spawn_y=71
2026-03-30T17:07:16.0616395+08:00 [RESPAWN] player="haft fox[white]" team=1 no_core=1 spawn_x=185 spawn_y=71 tile=core-foundation
2026-03-30T17:07:16.06826+08:00 [RESPAWN] player="haft fox[white]" team=1 unit=36 build_speed=0.75 spawn_x=185 spawn_y=71
2026-03-30T17:07:18.8168842+08:00 [RESPAWN] player="haft fox[white]" team=1 no_core=1 spawn_x=185 spawn_y=71 tile=core-foundation
2026-03-30T17:07:18.8255298+08:00 [RESPAWN] player="haft fox[white]" team=1 unit=36 build_speed=0.75 spawn_x=185 spawn_y=71
2026-03-30T17:07:20.653076+08:00 [BUILD] action=placed x=216 y=122 block_id=364 block=厄兆 team=1 rot=1
2026-03-30T17:07:21.5617619+08:00 [RESPAWN] player="haft fox[white]" team=1 no_core=1 spawn_x=185 spawn_y=71 tile=core-foundation
2026-03-30T17:07:21.5693245+08:00 [RESPAWN] player="haft fox[white]" team=1 unit=36 build_speed=0.75 spawn_x=185 spawn_y=71
2026-03-30T17:07:21.9863971+08:00 [BUILD] action=constructed x=216 y=122 block_id=364 block=厄兆 team=1 rot=1
2026-03-30T17:07:22.5000965+08:00 [CHAT] from="[#00ffffff]月[#8982edff]子[#87ceebff]芳 \uf7a9\uf7be" player_id=1 uuid=bRea8YRoGToAAAAAPO9P1Q== ip=10.147.17.101:64561 msg="这个bug还没有修"
2026-03-30T17:07:24.312343+08:00 [RESPAWN] player="haft fox[white]" team=1 no_core=1 spawn_x=185 spawn_y=71 tile=core-foundation
2026-03-30T17:07:24.3209366+08:00 [RESPAWN] player="haft fox[white]" team=1 unit=36 build_speed=0.75 spawn_x=185 spawn_y=71
2026-03-30T17:07:25.2698099+08:00 [BUILD] action=placed x=217 y=120 block_id=412 block=物品源 team=1 rot=0
2026-03-30T17:07:26.6032787+08:00 [BUILD] action=constructed x=217 y=120 block_id=412 block=物品源 team=1 rot=0
2026-03-30T17:07:27.0605984+08:00 [RESPAWN] player="haft fox[white]" team=1 no_core=1 spawn_x=185 spawn_y=71 tile=core-foundation
2026-03-30T17:07:27.0681383+08:00 [RESPAWN] player="haft fox[white]" team=1 unit=36 build_speed=0.75 spawn_x=185 spawn_y=71
2026-03-30T17:07:28.1831194+08:00 [CHAT] from="[#00ffffff]月[#8982edff]子[#87ceebff]芳 \uf7a9\uf7be" player_id=1 uuid=bRea8YRoGToAAAAAPO9P1Q== ip=10.147.17.101:64561 msg="只能kill一下"
2026-03-30T17:07:29.8125954+08:00 [RESPAWN] player="haft fox[white]" team=1 no_core=1 spawn_x=185 spawn_y=71 tile=core-foundation
2026-03-30T17:07:29.8199554+08:00 [RESPAWN] player="haft fox[white]" team=1 unit=36 build_speed=0.75 spawn_x=185 spawn_y=71
2026-03-30T17:07:31.5371024+08:00 [BUILD] action=placed x=218 y=120 block_id=410 block=电力源 team=1 rot=0
2026-03-30T17:07:32.6018607+08:00 [RESPAWN] player="haft fox[white]" team=1 no_core=1 spawn_x=185 spawn_y=71 tile=core-foundation
2026-03-30T17:07:32.6096215+08:00 [RESPAWN] player="haft fox[white]" team=1 unit=36 build_speed=0.75 spawn_x=185 spawn_y=71
2026-03-30T17:07:32.8707841+08:00 [BUILD] action=constructed x=218 y=120 block_id=410 block=电力源 team=1 rot=0
2026-03-30T17:07:34.5622369+08:00 [CHAT] from="haft fox[white]" player_id=2 uuid=aAeramVzFr8AAAAAHtse2g== ip=222.89.164.56:50505 msg="/kill"
2026-03-30T17:07:35.3114781+08:00 [RESPAWN] player="haft fox[white]" team=1 no_core=1 spawn_x=185 spawn_y=71 tile=core-foundation
2026-03-30T17:07:35.320073+08:00 [RESPAWN] player="haft fox[white]" team=1 unit=36 build_speed=0.75 spawn_x=185 spawn_y=71
2026-03-30T17:07:38.0616748+08:00 [RESPAWN] player="haft fox[white]" team=1 no_core=1 spawn_x=185 spawn_y=71 tile=core-foundation
2026-03-30T17:07:38.0697479+08:00 [RESPAWN] player="haft fox[white]" team=1 unit=36 build_speed=0.75 spawn_x=185 spawn_y=71
2026-03-30T17:07:40.8117751+08:00 [RESPAWN] player="haft fox[white]" team=1 no_core=1 spawn_x=185 spawn_y=71 tile=core-foundation
2026-03-30T17:07:40.8199208+08:00 [RESPAWN] player="haft fox[white]" team=1 unit=36 build_speed=0.75 spawn_x=185 spawn_y=71
2026-03-30T17:07:43.5653008+08:00 [RESPAWN] player="haft fox[white]" team=1 no_core=1 spawn_x=185 spawn_y=71 tile=core-foundation
2026-03-30T17:07:43.5745593+08:00 [RESPAWN] player="haft fox[white]" team=1 unit=36 build_speed=0.75 spawn_x=185 spawn_y=71
2026-03-30T17:07:45.0369558+08:00 [BUILD] action=placed x=216 y=120 block_id=414 block=液体源 team=1 rot=0
2026-03-30T17:07:45.349528+08:00 [CHAT] from="haft fox[white]" player_id=2 uuid=aAeramVzFr8AAAAAHtse2g== ip=222.89.164.56:50505 msg="还是在死掉"
2026-03-30T17:07:46.3122637+08:00 [RESPAWN] player="haft fox[white]" team=1 no_core=1 spawn_x=185 spawn_y=71 tile=core-foundation
2026-03-30T17:07:46.3192879+08:00 [RESPAWN] player="haft fox[white]" team=1 unit=36 build_speed=0.75 spawn_x=185 spawn_y=71
2026-03-30T17:07:46.3861556+08:00 [BUILD] action=constructed x=216 y=120 block_id=414 block=液体源 team=1 rot=0
2026-03-30T17:07:48.5426246+08:00 [CHAT] from="haft fox[white]" player_id=2 uuid=aAeramVzFr8AAAAAHtse2g== ip=222.89.164.56:50505 msg="/kill"
2026-03-30T17:07:49.0612585+08:00 [RESPAWN] player="haft fox[white]" team=1 no_core=1 spawn_x=185 spawn_y=71 tile=core-foundation
2026-03-30T17:07:49.0693976+08:00 [RESPAWN] player="haft fox[white]" team=1 unit=36 build_speed=0.75 spawn_x=185 spawn_y=71
2026-03-30T17:07:53.8944574+08:00 [RESPAWN] player="[#00ffffff]月[#8982edff]子[#87ceebff]芳 \uf7a9\uf7be" team=1 no_core=1 spawn_x=185 spawn_y=71 tile=core-foundation
2026-03-30T17:07:53.9030354+08:00 [RESPAWN] player="[#00ffffff]月[#8982edff]子[#87ceebff]芳 \uf7a9\uf7be" team=1 unit=36 build_speed=0.75 spawn_x=185 spawn_y=71
2026-03-30T17:07:53.9792763+08:00 [RESPAWN] player="haft fox[white]" team=1 no_core=1 spawn_x=185 spawn_y=71 tile=core-foundation
2026-03-30T17:07:53.9873185+08:00 [RESPAWN] player="haft fox[white]" team=1 unit=36 build_speed=0.75 spawn_x=185 spawn_y=71
2026-03-30T17:07:54.0622861+08:00 [RESPAWN] player=" гусь " team=1 no_core=1 spawn_x=185 spawn_y=71 tile=core-foundation
2026-03-30T17:07:54.0698869+08:00 [RESPAWN] player=" гусь " team=1 unit=36 build_speed=0.75 spawn_x=185 spawn_y=71
2026-03-30T17:07:54.2779277+08:00 [CHAT] from="haft fox[white]" player_id=2 uuid=aAeramVzFr8AAAAAHtse2g== ip=222.89.164.56:50505 msg="唉"
2026-03-30T17:07:55.3167133+08:00 [RESPAWN] player="haft fox[white]" team=1 no_core=1 spawn_x=185 spawn_y=71 tile=core-foundation
2026-03-30T17:07:55.3244675+08:00 [RESPAWN] player="haft fox[white]" team=1 unit=36 build_speed=0.75 spawn_x=185 spawn_y=71
2026-03-30T17:07:56.3773939+08:00 [RESPAWN] player=" гусь " team=1 no_core=1 spawn_x=185 spawn_y=71 tile=core-foundation
2026-03-30T17:07:56.3850324+08:00 [RESPAWN] player=" гусь " team=1 unit=36 build_speed=0.75 spawn_x=185 spawn_y=71
2026-03-30T17:07:58.0616961+08:00 [RESPAWN] player="haft fox[white]" team=1 no_core=1 spawn_x=185 spawn_y=71 tile=core-foundation
2026-03-30T17:07:58.069281+08:00 [RESPAWN] player="haft fox[white]" team=1 unit=36 build_speed=0.75 spawn_x=185 spawn_y=71
2026-03-30T17:07:59.1263342+08:00 [RESPAWN] player=" гусь " team=1 no_core=1 spawn_x=185 spawn_y=71 tile=core-foundation
2026-03-30T17:07:59.1334219+08:00 [RESPAWN] player=" гусь " team=1 unit=36 build_speed=0.75 spawn_x=185 spawn_y=71
2026-03-30T17:07:59.3123652+08:00 [RESPAWN] player="haft fox[white]" team=1 no_core=1 spawn_x=185 spawn_y=71 tile=core-foundation
2026-03-30T17:07:59.3194568+08:00 [RESPAWN] player="haft fox[white]" team=1 unit=36 build_speed=0.75 spawn_x=185 spawn_y=71
2026-03-30T17:08:01.5306306+08:00 [CHAT] from="haft fox[white]" player_id=2 uuid=aAeramVzFr8AAAAAHtse2g== ip=222.89.164.56:50505 msg="e"
2026-03-30T17:08:01.8749053+08:00 [RESPAWN] player=" гусь " team=1 no_core=1 spawn_x=185 spawn_y=71 tile=core-foundation
2026-03-30T17:08:01.8821458+08:00 [RESPAWN] player=" гусь " team=1 unit=36 build_speed=0.75 spawn_x=185 spawn_y=71
2026-03-30T17:08:02.0632547+08:00 [RESPAWN] player="haft fox[white]" team=1 no_core=1 spawn_x=185 spawn_y=71 tile=core-foundation
2026-03-30T17:08:02.0713518+08:00 [RESPAWN] player="haft fox[white]" team=1 unit=36 build_speed=0.75 spawn_x=185 spawn_y=71
2026-03-30T17:08:03.5625086+08:00 [RESPAWN] player="haft fox[white]" team=1 no_core=1 spawn_x=185 spawn_y=71 tile=core-foundation
2026-03-30T17:08:03.5701436+08:00 [RESPAWN] player="haft fox[white]" team=1 unit=36 build_speed=0.75 spawn_x=185 spawn_y=71
2026-03-30T17:08:04.6266307+08:00 [RESPAWN] player=" гусь " team=1 no_core=1 spawn_x=185 spawn_y=71 tile=core-foundation
2026-03-30T17:08:04.6337505+08:00 [RESPAWN] player=" гусь " team=1 unit=36 build_speed=0.75 spawn_x=185 spawn_y=71
2026-03-30T17:08:05.464692+08:00 [CHAT] from="[#00ffffff]月[#8982edff]子[#87ceebff]芳 \uf7a9\uf7be" player_id=1 uuid=bRea8YRoGToAAAAAPO9P1Q== ip=10.147.17.101:64561 msg="不清楚"
2026-03-30T17:08:06.3159197+08:00 [RESPAWN] player="haft fox[white]" team=1 no_core=1 spawn_x=185 spawn_y=71 tile=core-foundation
2026-03-30T17:08:06.3231392+08:00 [RESPAWN] player="haft fox[white]" team=1 unit=36 build_speed=0.75 spawn_x=185 spawn_y=71
2026-03-30T17:08:06.3666294+08:00 [CHAT] from="haft fox[white]" player_id=2 uuid=aAeramVzFr8AAAAAHtse2g== ip=222.89.164.56:50505 msg="/kill"
2026-03-30T17:08:07.3794448+08:00 [RESPAWN] player=" гусь " team=1 no_core=1 spawn_x=185 spawn_y=71 tile=core-foundation
2026-03-30T17:08:07.3885245+08:00 [RESPAWN] player=" гусь " team=1 unit=36 build_speed=0.75 spawn_x=185 spawn_y=71
2026-03-30T17:08:07.5628293+08:00 [RESPAWN] player="haft fox[white]" team=1 no_core=1 spawn_x=185 spawn_y=71 tile=core-foundation
2026-03-30T17:08:07.5712141+08:00 [RESPAWN] player="haft fox[white]" team=1 unit=36 build_speed=0.75 spawn_x=185 spawn_y=71
2026-03-30T17:08:08.8770818+08:00 [RESPAWN] player=" гусь " team=1 no_core=1 spawn_x=185 spawn_y=71 tile=core-foundation
2026-03-30T17:08:08.8847758+08:00 [RESPAWN] player=" гусь " team=1 unit=36 build_speed=0.75 spawn_x=185 spawn_y=71
2026-03-30T17:08:09.312707+08:00 [RESPAWN] player="haft fox[white]" team=1 no_core=1 spawn_x=185 spawn_y=71 tile=core-foundation
2026-03-30T17:08:09.3209151+08:00 [RESPAWN] player="haft fox[white]" team=1 unit=36 build_speed=0.75 spawn_x=185 spawn_y=71
2026-03-30T17:08:11.6278353+08:00 [RESPAWN] player=" гусь " team=1 no_core=1 spawn_x=185 spawn_y=71 tile=core-foundation
2026-03-30T17:08:11.6349421+08:00 [RESPAWN] player=" гусь " team=1 unit=36 build_speed=0.75 spawn_x=185 spawn_y=71
2026-03-30T17:08:12.0642079+08:00 [RESPAWN] player="haft fox[white]" team=1 no_core=1 spawn_x=185 spawn_y=71 tile=core-foundation
2026-03-30T17:08:12.0719246+08:00 [RESPAWN] player="haft fox[white]" team=1 unit=36 build_speed=0.75 spawn_x=185 spawn_y=71
2026-03-30T17:08:13.129423+08:00 [RESPAWN] player=" гусь " team=1 no_core=1 spawn_x=185 spawn_y=71 tile=core-foundation
2026-03-30T17:08:13.1371831+08:00 [RESPAWN] player=" гусь " team=1 unit=36 build_speed=0.75 spawn_x=185 spawn_y=71
2026-03-30T17:08:13.5635985+08:00 [RESPAWN] player="haft fox[white]" team=1 no_core=1 spawn_x=185 spawn_y=71 tile=core-foundation
2026-03-30T17:08:13.5712651+08:00 [RESPAWN] player="haft fox[white]" team=1 unit=36 build_speed=0.75 spawn_x=185 spawn_y=71
2026-03-30T17:08:14.0641712+08:00 [CHAT] from="[#00ffffff]月[#8982edff]子[#87ceebff]芳 \uf7a9\uf7be" player_id=1 uuid=bRea8YRoGToAAAAAPO9P1Q== ip=10.147.17.101:64561 msg="我还得看看日志"
2026-03-30T17:08:14.6271777+08:00 [RESPAWN] player=" гусь " team=1 no_core=1 spawn_x=185 spawn_y=71 tile=core-foundation
2026-03-30T17:08:14.6349803+08:00 [RESPAWN] player=" гусь " team=1 unit=36 build_speed=0.75 spawn_x=185 spawn_y=71
2026-03-30T17:08:15.0636989+08:00 [RESPAWN] player="haft fox[white]" team=1 no_core=1 spawn_x=185 spawn_y=71 tile=core-foundation
2026-03-30T17:08:15.0713363+08:00 [RESPAWN] player="haft fox[white]" team=1 unit=36 build_speed=0.75 spawn_x=185 spawn_y=71
2026-03-30T17:08:15.480711+08:00 [CHAT] from="haft fox[white]" player_id=2 uuid=aAeramVzFr8AAAAAHtse2g== ip=222.89.164.56:50505 msg="/kill"
2026-03-30T17:08:16.1463913+08:00 [RESPAWN] player=" гусь " team=1 no_core=1 spawn_x=185 spawn_y=71 tile=core-foundation
2026-03-30T17:08:16.1541442+08:00 [RESPAWN] player=" гусь " team=1 unit=36 build_speed=0.75 spawn_x=185 spawn_y=71
2026-03-30T17:08:16.3226224+08:00 [RESPAWN] player="haft fox[white]" team=1 no_core=1 spawn_x=185 spawn_y=71 tile=core-foundation
2026-03-30T17:08:16.3301507+08:00 [RESPAWN] player="haft fox[white]" team=1 unit=36 build_speed=0.75 spawn_x=185 spawn_y=71
2026-03-30T17:08:17.8206693+08:00 [RESPAWN] player="haft fox[white]" team=1 no_core=1 spawn_x=185 spawn_y=71 tile=core-foundation
2026-03-30T17:08:17.8285824+08:00 [RESPAWN] player="haft fox[white]" team=1 unit=36 build_speed=0.75 spawn_x=185 spawn_y=71
2026-03-30T17:08:18.881269+08:00 [RESPAWN] player=" гусь " team=1 no_core=1 spawn_x=185 spawn_y=71 tile=core-foundation
2026-03-30T17:08:18.889001+08:00 [RESPAWN] player=" гусь " team=1 unit=36 build_speed=0.75 spawn_x=185 spawn_y=71
2026-03-30T17:08:19.3303146+08:00 [RESPAWN] player="haft fox[white]" team=1 no_core=1 spawn_x=185 spawn_y=71 tile=core-foundation
2026-03-30T17:08:19.3387215+08:00 [RESPAWN] player="haft fox[white]" team=1 unit=36 build_speed=0.75 spawn_x=185 spawn_y=71
2026-03-30T17:08:19.6198168+08:00 [BUILD] action=placed x=187 y=60 block_id=384 block=维修点 team=1 rot=0
2026-03-30T17:08:20.5875438+08:00 [RESPAWN] player="haft fox[white]" team=1 no_core=1 spawn_x=185 spawn_y=71 tile=core-foundation
2026-03-30T17:08:20.5953257+08:00 [RESPAWN] player="haft fox[white]" team=1 unit=36 build_speed=0.75 spawn_x=185 spawn_y=71
2026-03-30T17:08:20.9695519+08:00 [BUILD] action=constructed x=187 y=60 block_id=384 block=维修点 team=1 rot=0
2026-03-30T17:08:20.9696877+08:00 [BUILD] action=placed x=188 y=60 block_id=384 block=维修点 team=1 rot=0
2026-03-30T17:08:21.6310646+08:00 [RESPAWN] player=" гусь " team=1 no_core=1 spawn_x=185 spawn_y=71 tile=core-foundation
2026-03-30T17:08:21.6392689+08:00 [RESPAWN] player=" гусь " team=1 unit=36 build_speed=0.75 spawn_x=185 spawn_y=71
2026-03-30T17:08:21.8211417+08:00 [RESPAWN] player="haft fox[white]" team=1 no_core=1 spawn_x=185 spawn_y=71 tile=core-foundation
2026-03-30T17:08:21.8286731+08:00 [RESPAWN] player="haft fox[white]" team=1 unit=36 build_speed=0.75 spawn_x=185 spawn_y=71
2026-03-30T17:08:22.3042624+08:00 [BUILD] action=constructed x=188 y=60 block_id=384 block=维修点 team=1 rot=0
2026-03-30T17:08:22.336501+08:00 [BUILD] action=placed x=189 y=60 block_id=384 block=维修点 team=1 rot=0
2026-03-30T17:08:23.6531048+08:00 [BUILD] action=constructed x=189 y=60 block_id=384 block=维修点 team=1 rot=0
2026-03-30T17:08:23.6864453+08:00 [BUILD] action=placed x=190 y=60 block_id=384 block=维修点 team=1 rot=0
2026-03-30T17:08:24.3805575+08:00 [RESPAWN] player=" гусь " team=1 no_core=1 spawn_x=185 spawn_y=71 tile=core-foundation
2026-03-30T17:08:24.3887737+08:00 [RESPAWN] player=" гусь " team=1 unit=36 build_speed=0.75 spawn_x=185 spawn_y=71
2026-03-30T17:08:24.592196+08:00 [RESPAWN] player="haft fox[white]" team=1 no_core=1 spawn_x=185 spawn_y=71 tile=core-foundation
2026-03-30T17:08:24.6003403+08:00 [RESPAWN] player="haft fox[white]" team=1 unit=36 build_speed=0.75 spawn_x=185 spawn_y=71
2026-03-30T17:08:24.6003403+08:00 [CHAT] from="haft fox[white]" player_id=2 uuid=aAeramVzFr8AAAAAHtse2g== ip=222.89.164.56:50505 msg="/kill"
2026-03-30T17:08:25.0193243+08:00 [BUILD] action=constructed x=190 y=60 block_id=384 block=维修点 team=1 rot=0
2026-03-30T17:08:25.0193243+08:00 [BUILD] action=placed x=191 y=60 block_id=384 block=维修点 team=1 rot=0
2026-03-30T17:08:25.8138121+08:00 [RESPAWN] player="haft fox[white]" team=1 no_core=1 spawn_x=185 spawn_y=71 tile=core-foundation
2026-03-30T17:08:25.8221347+08:00 [RESPAWN] player="haft fox[white]" team=1 unit=36 build_speed=0.75 spawn_x=185 spawn_y=71
2026-03-30T17:08:26.3693697+08:00 [BUILD] action=constructed x=191 y=60 block_id=384 block=维修点 team=1 rot=0
2026-03-30T17:08:26.3696683+08:00 [BUILD] action=placed x=192 y=60 block_id=384 block=维修点 team=1 rot=0
2026-03-30T17:08:27.0948907+08:00 [RESPAWN] player="haft fox[white]" team=1 no_core=1 spawn_x=185 spawn_y=71 tile=core-foundation
2026-03-30T17:08:27.102983+08:00 [RESPAWN] player="haft fox[white]" team=1 unit=36 build_speed=0.75 spawn_x=185 spawn_y=71
2026-03-30T17:08:27.127709+08:00 [RESPAWN] player=" гусь " team=1 no_core=1 spawn_x=185 spawn_y=71 tile=core-foundation
2026-03-30T17:08:27.1373743+08:00 [RESPAWN] player=" гусь " team=1 unit=36 build_speed=0.75 spawn_x=185 spawn_y=71
2026-03-30T17:08:27.7193461+08:00 [BUILD] action=constructed x=192 y=60 block_id=384 block=维修点 team=1 rot=0
2026-03-30T17:08:27.7193461+08:00 [BUILD] action=placed x=193 y=60 block_id=384 block=维修点 team=1 rot=0
2026-03-30T17:08:28.3256378+08:00 [RESPAWN] player="haft fox[white]" team=1 no_core=1 spawn_x=185 spawn_y=71 tile=core-foundation
2026-03-30T17:08:28.3334273+08:00 [RESPAWN] player="haft fox[white]" team=1 unit=36 build_speed=0.75 spawn_x=185 spawn_y=71
2026-03-30T17:08:29.0540644+08:00 [BUILD] action=constructed x=193 y=60 block_id=384 block=维修点 team=1 rot=0
2026-03-30T17:08:29.0698201+08:00 [BUILD] action=placed x=194 y=60 block_id=384 block=维修点 team=1 rot=0
2026-03-30T17:08:29.8839239+08:00 [RESPAWN] player=" гусь " team=1 no_core=1 spawn_x=185 spawn_y=71 tile=core-foundation
2026-03-30T17:08:29.8914968+08:00 [RESPAWN] player=" гусь " team=1 unit=36 build_speed=0.75 spawn_x=185 spawn_y=71
2026-03-30T17:08:30.4038753+08:00 [BUILD] action=constructed x=194 y=60 block_id=384 block=维修点 team=1 rot=0
2026-03-30T17:08:30.4197338+08:00 [BUILD] action=placed x=195 y=60 block_id=384 block=维修点 team=1 rot=0
2026-03-30T17:08:31.0649986+08:00 [RESPAWN] player="haft fox[white]" team=1 no_core=1 spawn_x=185 spawn_y=71 tile=core-foundation
2026-03-30T17:08:31.0740466+08:00 [RESPAWN] player="haft fox[white]" team=1 unit=36 build_speed=0.75 spawn_x=185 spawn_y=71
2026-03-30T17:08:31.7535899+08:00 [BUILD] action=constructed x=195 y=60 block_id=384 block=维修点 team=1 rot=0
2026-03-30T17:08:31.7696341+08:00 [BUILD] action=placed x=188 y=61 block_id=410 block=电力源 team=1 rot=0
2026-03-30T17:08:32.3195859+08:00 [RESPAWN] player="haft fox[white]" team=1 no_core=1 spawn_x=185 spawn_y=71 tile=core-foundation
2026-03-30T17:08:32.3277415+08:00 [RESPAWN] player="haft fox[white]" team=1 unit=36 build_speed=0.75 spawn_x=185 spawn_y=71
2026-03-30T17:08:32.626342+08:00 [RESPAWN] player=" гусь " team=1 no_core=1 spawn_x=185 spawn_y=71 tile=core-foundation
2026-03-30T17:08:32.6339509+08:00 [RESPAWN] player=" гусь " team=1 unit=36 build_speed=0.75 spawn_x=185 spawn_y=71
2026-03-30T17:08:32.9530552+08:00 [BUILD] action=destroyed x=188 y=61 block_id=410 block=电力源 team=1
2026-03-30T17:08:33.0365706+08:00 [BUILD] action=placed x=188 y=61 block_id=410 block=电力源 team=1 rot=0
2026-03-30T17:08:33.2536127+08:00 [BUILD] action=destroyed x=188 y=61 block_id=410 block=电力源 team=1
2026-03-30T17:08:33.8167612+08:00 [RESPAWN] player="haft fox[white]" team=1 no_core=1 spawn_x=185 spawn_y=71 tile=core-foundation
2026-03-30T17:08:33.8278742+08:00 [RESPAWN] player="haft fox[white]" team=1 unit=36 build_speed=0.75 spawn_x=185 spawn_y=71
2026-03-30T17:08:34.1481854+08:00 [RESPAWN] player=" гусь " team=1 no_core=1 spawn_x=185 spawn_y=71 tile=core-foundation
2026-03-30T17:08:34.1564398+08:00 [RESPAWN] player=" гусь " team=1 unit=36 build_speed=0.75 spawn_x=185 spawn_y=71
2026-03-30T17:08:35.3129008+08:00 [RESPAWN] player="haft fox[white]" team=1 no_core=1 spawn_x=185 spawn_y=71 tile=core-foundation
2026-03-30T17:08:35.3207757+08:00 [RESPAWN] player="haft fox[white]" team=1 unit=36 build_speed=0.75 spawn_x=185 spawn_y=71
2026-03-30T17:08:35.3838257+08:00 [CHAT] from="haft fox[white]" player_id=2 uuid=aAeramVzFr8AAAAAHtse2g== ip=222.89.164.56:50505 msg="/kill"
2026-03-30T17:08:36.5642537+08:00 [RESPAWN] player="haft fox[white]" team=1 no_core=1 spawn_x=185 spawn_y=71 tile=core-foundation
2026-03-30T17:08:36.5713553+08:00 [RESPAWN] player="haft fox[white]" team=1 unit=36 build_speed=0.75 spawn_x=185 spawn_y=71
2026-03-30T17:08:36.8770537+08:00 [RESPAWN] player=" гусь " team=1 no_core=1 spawn_x=185 spawn_y=71 tile=core-foundation
2026-03-30T17:08:36.8850983+08:00 [RESPAWN] player=" гусь " team=1 unit=36 build_speed=0.75 spawn_x=185 spawn_y=71
2026-03-30T17:08:38.0650661+08:00 [RESPAWN] player="haft fox[white]" team=1 no_core=1 spawn_x=185 spawn_y=71 tile=core-foundation
2026-03-30T17:08:38.0736619+08:00 [RESPAWN] player="haft fox[white]" team=1 unit=36 build_speed=0.75 spawn_x=185 spawn_y=71
2026-03-30T17:08:38.1532764+08:00 [BUILD] action=placed x=188 y=61 block_id=410 block=电力源 team=1 rot=0
2026-03-30T17:08:39.486517+08:00 [BUILD] action=constructed x=188 y=61 block_id=410 block=电力源 team=1 rot=0
2026-03-30T17:08:39.5656123+08:00 [RESPAWN] player="haft fox[white]" team=1 no_core=1 spawn_x=185 spawn_y=71 tile=core-foundation
2026-03-30T17:08:39.5738015+08:00 [RESPAWN] player="haft fox[white]" team=1 unit=36 build_speed=0.75 spawn_x=185 spawn_y=71
2026-03-30T17:08:39.6321294+08:00 [RESPAWN] player=" гусь " team=1 no_core=1 spawn_x=185 spawn_y=71 tile=core-foundation
2026-03-30T17:08:39.6386997+08:00 [RESPAWN] player=" гусь " team=1 unit=36 build_speed=0.75 spawn_x=185 spawn_y=71
2026-03-30T17:08:41.127159+08:00 [RESPAWN] player=" гусь " team=1 no_core=1 spawn_x=185 spawn_y=71 tile=core-foundation
2026-03-30T17:08:41.1344304+08:00 [RESPAWN] player=" гусь " team=1 unit=36 build_speed=0.75 spawn_x=185 spawn_y=71
2026-03-30T17:08:42.3220196+08:00 [RESPAWN] player="haft fox[white]" team=1 no_core=1 spawn_x=185 spawn_y=71 tile=core-foundation
2026-03-30T17:08:42.33011+08:00 [RESPAWN] player="haft fox[white]" team=1 unit=36 build_speed=0.75 spawn_x=185 spawn_y=71
2026-03-30T17:08:43.8878636+08:00 [RESPAWN] player=" гусь " team=1 no_core=1 spawn_x=185 spawn_y=71 tile=core-foundation
2026-03-30T17:08:43.8959726+08:00 [RESPAWN] player=" гусь " team=1 unit=36 build_speed=0.75 spawn_x=185 spawn_y=71
2026-03-30T17:08:44.0640133+08:00 [RESPAWN] player="haft fox[white]" team=1 no_core=1 spawn_x=185 spawn_y=71 tile=core-foundation
2026-03-30T17:08:44.0722207+08:00 [RESPAWN] player="haft fox[white]" team=1 unit=36 build_speed=0.75 spawn_x=185 spawn_y=71
2026-03-30T17:08:46.6537071+08:00 [RESPAWN] player=" гусь " team=1 no_core=1 spawn_x=185 spawn_y=71 tile=core-foundation
2026-03-30T17:08:46.6597345+08:00 [RESPAWN] player=" гусь " team=1 unit=36 build_speed=0.75 spawn_x=185 spawn_y=71
2026-03-30T17:08:46.8138736+08:00 [RESPAWN] player="haft fox[white]" team=1 no_core=1 spawn_x=185 spawn_y=71 tile=core-foundation
2026-03-30T17:08:46.8224239+08:00 [RESPAWN] player="haft fox[white]" team=1 unit=36 build_speed=0.75 spawn_x=185 spawn_y=71
2026-03-30T17:08:48.0657141+08:00 [RESPAWN] player="haft fox[white]" team=1 no_core=1 spawn_x=185 spawn_y=71 tile=core-foundation
2026-03-30T17:08:48.0742217+08:00 [RESPAWN] player="haft fox[white]" team=1 unit=36 build_speed=0.75 spawn_x=185 spawn_y=71
2026-03-30T17:08:49.1557562+08:00 [CHAT] from="haft fox[white]" player_id=2 uuid=aAeramVzFr8AAAAAHtse2g== ip=222.89.164.56:50505 msg="算了"
2026-03-30T17:08:49.3751216+08:00 [RESPAWN] player=" гусь " team=1 no_core=1 spawn_x=185 spawn_y=71 tile=core-foundation
2026-03-30T17:08:49.3831742+08:00 [RESPAWN] player=" гусь " team=1 unit=36 build_speed=0.75 spawn_x=185 spawn_y=71
2026-03-30T17:08:50.8158043+08:00 [RESPAWN] player="haft fox[white]" team=1 no_core=1 spawn_x=185 spawn_y=71 tile=core-foundation
2026-03-30T17:08:50.8267305+08:00 [RESPAWN] player="haft fox[white]" team=1 unit=36 build_speed=0.75 spawn_x=185 spawn_y=71
2026-03-30T17:08:52.121561+08:00 [CHAT] from="haft fox[white]" player_id=2 uuid=aAeramVzFr8AAAAAHtse2g== ip=222.89.164.56:50505 msg="看看地图"
2026-03-30T17:08:52.1276648+08:00 [RESPAWN] player=" гусь " team=1 no_core=1 spawn_x=185 spawn_y=71 tile=core-foundation
2026-03-30T17:08:52.1368704+08:00 [RESPAWN] player=" гусь " team=1 unit=36 build_speed=0.75 spawn_x=185 spawn_y=71
2026-03-30T17:08:53.5652885+08:00 [RESPAWN] player="haft fox[white]" team=1 no_core=1 spawn_x=185 spawn_y=71 tile=core-foundation
2026-03-30T17:08:53.5733326+08:00 [RESPAWN] player="haft fox[white]" team=1 unit=36 build_speed=0.75 spawn_x=185 spawn_y=71
2026-03-30T17:08:54.8786341+08:00 [RESPAWN] player=" гусь " team=1 no_core=1 spawn_x=185 spawn_y=71 tile=core-foundation
2026-03-30T17:08:54.8898511+08:00 [RESPAWN] player=" гусь " team=1 unit=36 build_speed=0.75 spawn_x=185 spawn_y=71
2026-03-30T17:08:55.0671418+08:00 [RESPAWN] player="haft fox[white]" team=1 no_core=1 spawn_x=185 spawn_y=71 tile=core-foundation
2026-03-30T17:08:55.07474+08:00 [RESPAWN] player="haft fox[white]" team=1 unit=36 build_speed=0.75 spawn_x=185 spawn_y=71
2026-03-30T17:08:57.6264643+08:00 [RESPAWN] player=" гусь " team=1 no_core=1 spawn_x=185 spawn_y=71 tile=core-foundation
2026-03-30T17:08:57.634012+08:00 [RESPAWN] player=" гусь " team=1 unit=36 build_speed=0.75 spawn_x=185 spawn_y=71
2026-03-30T17:08:57.8177734+08:00 [RESPAWN] player="haft fox[white]" team=1 no_core=1 spawn_x=185 spawn_y=71 tile=core-foundation
2026-03-30T17:08:57.82498+08:00 [RESPAWN] player="haft fox[white]" team=1 unit=36 build_speed=0.75 spawn_x=185 spawn_y=71
2026-03-30T17:08:59.3119895+08:00 [RESPAWN] player="haft fox[white]" team=1 no_core=1 spawn_x=185 spawn_y=71 tile=core-foundation
2026-03-30T17:08:59.3201626+08:00 [RESPAWN] player="haft fox[white]" team=1 unit=36 build_speed=0.75 spawn_x=185 spawn_y=71
2026-03-30T17:09:00.3764324+08:00 [RESPAWN] player=" гусь " team=1 no_core=1 spawn_x=185 spawn_y=71 tile=core-foundation
2026-03-30T17:09:00.3824943+08:00 [RESPAWN] player=" гусь " team=1 unit=36 build_speed=0.75 spawn_x=185 spawn_y=71
2026-03-30T17:09:02.0616748+08:00 [RESPAWN] player="haft fox[white]" team=1 no_core=1 spawn_x=185 spawn_y=71 tile=core-foundation
2026-03-30T17:09:02.0697155+08:00 [RESPAWN] player="haft fox[white]" team=1 unit=36 build_speed=0.75 spawn_x=185 spawn_y=71
2026-03-30T09:09:02.1711577Z [NET] kind=tcp_closed packet= conn_id=70519 uuid=rYM5QkOwwF0AAAAAfg1z0w== ip=46.191.158.158 name="[scarlet]（未绑定）[]гусь[gray]70519[]" detail=EOF
2026-03-30T17:09:04.8199273+08:00 [RESPAWN] player="haft fox[white]" team=1 no_core=1 spawn_x=185 spawn_y=71 tile=core-foundation
2026-03-30T17:09:04.8314955+08:00 [RESPAWN] player="haft fox[white]" team=1 unit=36 build_speed=0.75 spawn_x=185 spawn_y=71
2026-03-30T17:09:07.5748744+08:00 [RESPAWN] player="haft fox[white]" team=1 no_core=1 spawn_x=185 spawn_y=71 tile=core-foundation
2026-03-30T17:09:07.5829231+08:00 [RESPAWN] player="haft fox[white]" team=1 unit=36 build_speed=0.75 spawn_x=185 spawn_y=71
2026-03-30T17:09:10.3255443+08:00 [RESPAWN] player="haft fox[white]" team=1 no_core=1 spawn_x=185 spawn_y=71 tile=core-foundation
2026-03-30T17:09:10.3337032+08:00 [RESPAWN] player="haft fox[white]" team=1 unit=36 build_speed=0.75 spawn_x=185 spawn_y=71
2026-03-30T17:09:13.0636442+08:00 [RESPAWN] player="haft fox[white]" team=1 no_core=1 spawn_x=185 spawn_y=71 tile=core-foundation
2026-03-30T17:09:13.0713476+08:00 [RESPAWN] player="haft fox[white]" team=1 unit=36 build_speed=0.75 spawn_x=185 spawn_y=71
2026-03-30T17:09:14.5623695+08:00 [RESPAWN] player="haft fox[white]" team=1 no_core=1 spawn_x=185 spawn_y=71 tile=core-foundation
2026-03-30T17:09:14.5695983+08:00 [RESPAWN] player="haft fox[white]" team=1 unit=36 build_speed=0.75 spawn_x=185 spawn_y=71
2026-03-30T17:09:16.0815741+08:00 [RESPAWN] player="haft fox[white]" team=1 no_core=1 spawn_x=185 spawn_y=71 tile=core-foundation
2026-03-30T17:09:16.0912906+08:00 [RESPAWN] player="haft fox[white]" team=1 unit=36 build_speed=0.75 spawn_x=185 spawn_y=71
2026-03-30T17:09:17.5680555+08:00 [RESPAWN] player="haft fox[white]" team=1 no_core=1 spawn_x=185 spawn_y=71 tile=core-foundation
2026-03-30T17:09:17.5756504+08:00 [RESPAWN] player="haft fox[white]" team=1 unit=36 build_speed=0.75 spawn_x=185 spawn_y=71
2026-03-30T17:09:20.3123773+08:00 [RESPAWN] player="haft fox[white]" team=1 no_core=1 spawn_x=185 spawn_y=71 tile=core-foundation
2026-03-30T17:09:20.3201283+08:00 [RESPAWN] player="haft fox[white]" team=1 unit=36 build_speed=0.75 spawn_x=185 spawn_y=71
2026-03-30T17:09:21.813184+08:00 [RESPAWN] player="haft fox[white]" team=1 no_core=1 spawn_x=185 spawn_y=71 tile=core-foundation
2026-03-30T17:09:21.8230653+08:00 [RESPAWN] player="haft fox[white]" team=1 unit=36 build_speed=0.75 spawn_x=185 spawn_y=71
2026-03-30T17:09:24.5626598+08:00 [RESPAWN] player="haft fox[white]" team=1 no_core=1 spawn_x=185 spawn_y=71 tile=core-foundation
2026-03-30T17:09:24.5694399+08:00 [RESPAWN] player="haft fox[white]" team=1 unit=36 build_speed=0.75 spawn_x=185 spawn_y=71
2026-03-30T17:09:26.3124+08:00 [RESPAWN] player="haft fox[white]" team=1 no_core=1 spawn_x=185 spawn_y=71 tile=core-foundation
2026-03-30T17:09:26.3206011+08:00 [RESPAWN] player="haft fox[white]" team=1 unit=36 build_speed=0.75 spawn_x=185 spawn_y=71
2026-03-30T17:09:28.7702574+08:00 [BUILD] action=placed x=135 y=83 block_id=328 block=爆破钻头 team=1 rot=0
2026-03-30T17:09:29.0642836+08:00 [RESPAWN] player="haft fox[white]" team=1 no_core=1 spawn_x=185 spawn_y=71 tile=core-foundation
2026-03-30T17:09:29.0724564+08:00 [RESPAWN] player="haft fox[white]" team=1 unit=36 build_speed=0.75 spawn_x=185 spawn_y=71
2026-03-30T17:09:30.1039703+08:00 [BUILD] action=constructed x=135 y=83 block_id=328 block=爆破钻头 team=1 rot=0
2026-03-30T17:09:30.5622711+08:00 [RESPAWN] player="haft fox[white]" team=1 no_core=1 spawn_x=185 spawn_y=71 tile=core-foundation
2026-03-30T17:09:30.5698969+08:00 [RESPAWN] player="haft fox[white]" team=1 unit=36 build_speed=0.75 spawn_x=185 spawn_y=71
2026-03-30T17:09:30.8198648+08:00 [BUILD] action=deconstructing x=135 y=83 block_id=328 block=爆破钻头 team=1
2026-03-30T17:09:32.0625915+08:00 [RESPAWN] player="haft fox[white]" team=1 no_core=1 spawn_x=185 spawn_y=71 tile=core-foundation
2026-03-30T17:09:32.0697326+08:00 [RESPAWN] player="haft fox[white]" team=1 unit=36 build_speed=0.75 spawn_x=185 spawn_y=71
2026-03-30T17:09:32.1538755+08:00 [BUILD] action=destroyed x=135 y=83 block_id=328 block=爆破钻头 team=1
2026-03-30T17:09:33.3128324+08:00 [RESPAWN] player="haft fox[white]" team=1 no_core=1 spawn_x=185 spawn_y=71 tile=core-foundation
2026-03-30T17:09:33.3198015+08:00 [RESPAWN] player="haft fox[white]" team=1 unit=36 build_speed=0.75 spawn_x=185 spawn_y=71
2026-03-30T17:09:36.0641175+08:00 [RESPAWN] player="haft fox[white]" team=1 no_core=1 spawn_x=185 spawn_y=71 tile=core-foundation
2026-03-30T17:09:36.0708329+08:00 [RESPAWN] player="haft fox[white]" team=1 unit=36 build_speed=0.75 spawn_x=185 spawn_y=71
2026-03-30T17:09:38.8119279+08:00 [RESPAWN] player="haft fox[white]" team=1 no_core=1 spawn_x=185 spawn_y=71 tile=core-foundation
2026-03-30T17:09:38.8195503+08:00 [RESPAWN] player="haft fox[white]" team=1 unit=36 build_speed=0.75 spawn_x=185 spawn_y=71
2026-03-30T17:09:41.5662874+08:00 [RESPAWN] player="haft fox[white]" team=1 no_core=1 spawn_x=185 spawn_y=71 tile=core-foundation
2026-03-30T17:09:41.5737333+08:00 [RESPAWN] player="haft fox[white]" team=1 unit=36 build_speed=0.75 spawn_x=185 spawn_y=71
2026-03-30T17:09:41.8138601+08:00 [CHAT] from="haft fox[white]" player_id=2 uuid=aAeramVzFr8AAAAAHtse2g== ip=222.89.164.56:50505 msg="/kill"
2026-03-30T17:09:43.0759241+08:00 [RESPAWN] player="haft fox[white]" team=1 no_core=1 spawn_x=185 spawn_y=71 tile=core-foundation
2026-03-30T17:09:43.0835527+08:00 [RESPAWN] player="haft fox[white]" team=1 unit=36 build_speed=0.75 spawn_x=185 spawn_y=71
2026-03-30T17:09:45.8291105+08:00 [RESPAWN] player="haft fox[white]" team=1 no_core=1 spawn_x=185 spawn_y=71 tile=core-foundation
2026-03-30T17:09:45.8367022+08:00 [RESPAWN] player="haft fox[white]" team=1 unit=36 build_speed=0.75 spawn_x=185 spawn_y=71
2026-03-30T17:09:47.3251881+08:00 [RESPAWN] player="haft fox[white]" team=1 no_core=1 spawn_x=185 spawn_y=71 tile=core-foundation
2026-03-30T17:09:47.3323952+08:00 [RESPAWN] player="haft fox[white]" team=1 unit=36 build_speed=0.75 spawn_x=185 spawn_y=71
2026-03-30T17:09:47.6046964+08:00 [RESPAWN] player="[#00ffffff]月[#8982edff]子[#87ceebff]芳 \uf7a9\uf7be" team=1 no_core=1 spawn_x=371 spawn_y=164 tile=core-shard
2026-03-30T17:09:47.6164412+08:00 [RESPAWN] player="[#00ffffff]月[#8982edff]子[#87ceebff]芳 \uf7a9\uf7be" team=1 unit=35 build_speed=0.50 spawn_x=371 spawn_y=164
2026-03-30T17:09:47.6913535+08:00 [RESPAWN] player="haft fox[white]" team=1 no_core=1 spawn_x=371 spawn_y=164 tile=core-shard
2026-03-30T17:09:47.7031987+08:00 [RESPAWN] player="haft fox[white]" team=1 unit=35 build_speed=0.50 spawn_x=371 spawn_y=164
2026-03-30T17:09:49.0870536+08:00 [RESPAWN] player="haft fox[white]" team=1 no_core=1 spawn_x=371 spawn_y=164 tile=core-shard
2026-03-30T17:09:49.0978204+08:00 [RESPAWN] player="haft fox[white]" team=1 unit=35 build_speed=0.50 spawn_x=371 spawn_y=164
2026-03-30T17:09:51.8337026+08:00 [RESPAWN] player="haft fox[white]" team=1 no_core=1 spawn_x=371 spawn_y=164 tile=core-shard
2026-03-30T17:09:51.8439243+08:00 [RESPAWN] player="haft fox[white]" team=1 unit=35 build_speed=0.50 spawn_x=371 spawn_y=164
2026-03-30T17:09:54.5797451+08:00 [RESPAWN] player="haft fox[white]" team=1 no_core=1 spawn_x=371 spawn_y=164 tile=core-shard
2026-03-30T17:09:54.5899335+08:00 [RESPAWN] player="haft fox[white]" team=1 unit=35 build_speed=0.50 spawn_x=371 spawn_y=164
2026-03-30T17:09:55.8294714+08:00 [RESPAWN] player="haft fox[white]" team=1 no_core=1 spawn_x=371 spawn_y=164 tile=core-shard
2026-03-30T17:09:55.8399906+08:00 [RESPAWN] player="haft fox[white]" team=1 unit=35 build_speed=0.50 spawn_x=371 spawn_y=164
2026-03-30T17:09:57.3268731+08:00 [RESPAWN] player="haft fox[white]" team=1 no_core=1 spawn_x=371 spawn_y=164 tile=core-shard
2026-03-30T17:09:57.3366004+08:00 [RESPAWN] player="haft fox[white]" team=1 unit=35 build_speed=0.50 spawn_x=371 spawn_y=164
2026-03-30T17:09:58.892648+08:00 [CHAT] from="haft fox[white]" player_id=2 uuid=aAeramVzFr8AAAAAHtse2g== ip=222.89.164.56:50505 msg="/kill"
2026-03-30T17:10:00.0783687+08:00 [RESPAWN] player="haft fox[white]" team=1 no_core=1 spawn_x=371 spawn_y=164 tile=core-shard
2026-03-30T17:10:00.0885503+08:00 [RESPAWN] player="haft fox[white]" team=1 unit=35 build_speed=0.50 spawn_x=371 spawn_y=164
2026-03-30T17:10:02.8340273+08:00 [RESPAWN] player="haft fox[white]" team=1 no_core=1 spawn_x=371 spawn_y=164 tile=core-shard
2026-03-30T17:10:02.8453099+08:00 [RESPAWN] player="haft fox[white]" team=1 unit=35 build_speed=0.50 spawn_x=371 spawn_y=164
2026-03-30T17:10:05.5766948+08:00 [RESPAWN] player="haft fox[white]" team=1 no_core=1 spawn_x=371 spawn_y=164 tile=core-shard
2026-03-30T17:10:05.5879807+08:00 [RESPAWN] player="haft fox[white]" team=1 unit=35 build_speed=0.50 spawn_x=371 spawn_y=164
2026-03-30T17:10:08.3338964+08:00 [RESPAWN] player="haft fox[white]" team=1 no_core=1 spawn_x=371 spawn_y=164 tile=core-shard
2026-03-30T17:10:08.3466256+08:00 [RESPAWN] player="haft fox[white]" team=1 unit=35 build_speed=0.50 spawn_x=371 spawn_y=164
2026-03-30T17:10:09.5794179+08:00 [RESPAWN] player="haft fox[white]" team=1 no_core=1 spawn_x=371 spawn_y=164 tile=core-shard
2026-03-30T17:10:09.5918012+08:00 [RESPAWN] player="haft fox[white]" team=1 unit=35 build_speed=0.50 spawn_x=371 spawn_y=164
2026-03-30T17:10:10.8438152+08:00 [RESPAWN] player="haft fox[white]" team=1 no_core=1 spawn_x=371 spawn_y=164 tile=core-shard
2026-03-30T17:10:10.8574831+08:00 [RESPAWN] player="haft fox[white]" team=1 unit=35 build_speed=0.50 spawn_x=371 spawn_y=164
2026-03-30T17:10:13.5775959+08:00 [RESPAWN] player="haft fox[white]" team=1 no_core=1 spawn_x=371 spawn_y=164 tile=core-shard
2026-03-30T17:10:13.5879403+08:00 [RESPAWN] player="haft fox[white]" team=1 unit=35 build_speed=0.50 spawn_x=371 spawn_y=164
2026-03-30T17:10:15.0737985+08:00 [CHAT] from="haft fox[white]" player_id=2 uuid=aAeramVzFr8AAAAAHtse2g== ip=222.89.164.56:50505 msg="/kill"
2026-03-30T17:10:16.328935+08:00 [RESPAWN] player="haft fox[white]" team=1 no_core=1 spawn_x=371 spawn_y=164 tile=core-shard
2026-03-30T17:10:16.3400911+08:00 [RESPAWN] player="haft fox[white]" team=1 unit=35 build_speed=0.50 spawn_x=371 spawn_y=164
2026-03-30T17:10:19.077331+08:00 [RESPAWN] player="haft fox[white]" team=1 no_core=1 spawn_x=371 spawn_y=164 tile=core-shard
2026-03-30T17:10:19.086641+08:00 [RESPAWN] player="haft fox[white]" team=1 unit=35 build_speed=0.50 spawn_x=371 spawn_y=164
2026-03-30T17:10:21.8291642+08:00 [RESPAWN] player="haft fox[white]" team=1 no_core=1 spawn_x=371 spawn_y=164 tile=core-shard
2026-03-30T17:10:21.8398764+08:00 [RESPAWN] player="haft fox[white]" team=1 unit=35 build_speed=0.50 spawn_x=371 spawn_y=164
2026-03-30T17:10:24.5773531+08:00 [RESPAWN] player="haft fox[white]" team=1 no_core=1 spawn_x=371 spawn_y=164 tile=core-shard
2026-03-30T17:10:24.5884885+08:00 [RESPAWN] player="haft fox[white]" team=1 unit=35 build_speed=0.50 spawn_x=371 spawn_y=164
2026-03-30T17:10:27.3329093+08:00 [RESPAWN] player="haft fox[white]" team=1 no_core=1 spawn_x=371 spawn_y=164 tile=core-shard
2026-03-30T17:10:27.3428144+08:00 [RESPAWN] player="haft fox[white]" team=1 unit=35 build_speed=0.50 spawn_x=371 spawn_y=164
2026-03-30T17:10:28.8274373+08:00 [RESPAWN] player="haft fox[white]" team=1 no_core=1 spawn_x=371 spawn_y=164 tile=core-shard
2026-03-30T17:10:28.838197+08:00 [RESPAWN] player="haft fox[white]" team=1 unit=35 build_speed=0.50 spawn_x=371 spawn_y=164
2026-03-30T17:10:31.5825931+08:00 [RESPAWN] player="haft fox[white]" team=1 no_core=1 spawn_x=371 spawn_y=164 tile=core-shard
2026-03-30T17:10:31.5927517+08:00 [RESPAWN] player="haft fox[white]" team=1 unit=35 build_speed=0.50 spawn_x=371 spawn_y=164
2026-03-30T17:10:34.3270022+08:00 [RESPAWN] player="haft fox[white]" team=1 no_core=1 spawn_x=371 spawn_y=164 tile=core-shard
2026-03-30T17:10:34.3367502+08:00 [RESPAWN] player="haft fox[white]" team=1 unit=35 build_speed=0.50 spawn_x=371 spawn_y=164
2026-03-30T17:10:37.0926376+08:00 [RESPAWN] player="haft fox[white]" team=1 no_core=1 spawn_x=371 spawn_y=164 tile=core-shard
2026-03-30T17:10:37.1058969+08:00 [RESPAWN] player="haft fox[white]" team=1 unit=35 build_speed=0.50 spawn_x=371 spawn_y=164
2026-03-30T17:10:38.3396156+08:00 [RESPAWN] player="haft fox[white]" team=1 no_core=1 spawn_x=371 spawn_y=164 tile=core-shard
2026-03-30T17:10:38.3501634+08:00 [RESPAWN] player="haft fox[white]" team=1 unit=35 build_speed=0.50 spawn_x=371 spawn_y=164
2026-03-30T17:10:41.0883572+08:00 [RESPAWN] player="haft fox[white]" team=1 no_core=1 spawn_x=371 spawn_y=164 tile=core-shard
2026-03-30T17:10:41.0999453+08:00 [RESPAWN] player="haft fox[white]" team=1 unit=35 build_speed=0.50 spawn_x=371 spawn_y=164
2026-03-30T17:10:42.5787794+08:00 [RESPAWN] player="haft fox[white]" team=1 no_core=1 spawn_x=371 spawn_y=164 tile=core-shard
2026-03-30T17:10:42.5888503+08:00 [RESPAWN] player="haft fox[white]" team=1 unit=35 build_speed=0.50 spawn_x=371 spawn_y=164
2026-03-30T17:10:45.3290043+08:00 [RESPAWN] player="haft fox[white]" team=1 no_core=1 spawn_x=371 spawn_y=164 tile=core-shard
2026-03-30T17:10:45.3391903+08:00 [RESPAWN] player="haft fox[white]" team=1 unit=35 build_speed=0.50 spawn_x=371 spawn_y=164
2026-03-30T17:10:48.082776+08:00 [RESPAWN] player="haft fox[white]" team=1 no_core=1 spawn_x=371 spawn_y=164 tile=core-shard
2026-03-30T17:10:48.093428+08:00 [RESPAWN] player="haft fox[white]" team=1 unit=35 build_speed=0.50 spawn_x=371 spawn_y=164
2026-03-30T17:10:49.5867213+08:00 [RESPAWN] player="haft fox[white]" team=1 no_core=1 spawn_x=371 spawn_y=164 tile=core-shard
2026-03-30T17:10:49.595469+08:00 [RESPAWN] player="haft fox[white]" team=1 unit=35 build_speed=0.50 spawn_x=371 spawn_y=164
2026-03-30T17:10:52.3370656+08:00 [RESPAWN] player="haft fox[white]" team=1 no_core=1 spawn_x=371 spawn_y=164 tile=core-shard
2026-03-30T17:10:52.3592034+08:00 [RESPAWN] player="haft fox[white]" team=1 unit=35 build_speed=0.50 spawn_x=371 spawn_y=164
2026-03-30T17:10:55.084491+08:00 [RESPAWN] player="haft fox[white]" team=1 no_core=1 spawn_x=371 spawn_y=164 tile=core-shard
2026-03-30T17:10:55.0956357+08:00 [RESPAWN] player="haft fox[white]" team=1 unit=35 build_speed=0.50 spawn_x=371 spawn_y=164
2026-03-30T17:10:57.8335152+08:00 [RESPAWN] player="haft fox[white]" team=1 no_core=1 spawn_x=371 spawn_y=164 tile=core-shard
2026-03-30T17:10:57.8433742+08:00 [RESPAWN] player="haft fox[white]" team=1 unit=35 build_speed=0.50 spawn_x=371 spawn_y=164
2026-03-30T17:11:00.5817089+08:00 [RESPAWN] player="haft fox[white]" team=1 no_core=1 spawn_x=371 spawn_y=164 tile=core-shard
2026-03-30T17:11:00.59284+08:00 [RESPAWN] player="haft fox[white]" team=1 unit=35 build_speed=0.50 spawn_x=371 spawn_y=164
2026-03-30T17:11:03.3440277+08:00 [RESPAWN] player="haft fox[white]" team=1 no_core=1 spawn_x=371 spawn_y=164 tile=core-shard
2026-03-30T17:11:03.3552141+08:00 [RESPAWN] player="haft fox[white]" team=1 unit=35 build_speed=0.50 spawn_x=371 spawn_y=164
2026-03-30T17:11:06.076829+08:00 [RESPAWN] player="haft fox[white]" team=1 no_core=1 spawn_x=371 spawn_y=164 tile=core-shard
2026-03-30T17:11:06.0870038+08:00 [RESPAWN] player="haft fox[white]" team=1 unit=35 build_speed=0.50 spawn_x=371 spawn_y=164
2026-03-30T17:11:07.59027+08:00 [RESPAWN] player="haft fox[white]" team=1 no_core=1 spawn_x=371 spawn_y=164 tile=core-shard
2026-03-30T17:11:07.6109479+08:00 [RESPAWN] player="haft fox[white]" team=1 unit=35 build_speed=0.50 spawn_x=371 spawn_y=164
2026-03-30T17:11:10.3307821+08:00 [RESPAWN] player="haft fox[white]" team=1 no_core=1 spawn_x=371 spawn_y=164 tile=core-shard
2026-03-30T17:11:10.3412541+08:00 [RESPAWN] player="haft fox[white]" team=1 unit=35 build_speed=0.50 spawn_x=371 spawn_y=164
2026-03-30T17:11:12.5656444+08:00 [CHAT] from="haft fox[white]" player_id=2 uuid=aAeramVzFr8AAAAAHtse2g== ip=222.89.164.56:50505 msg="我先退"
2026-03-30T17:11:13.076903+08:00 [RESPAWN] player="haft fox[white]" team=1 no_core=1 spawn_x=371 spawn_y=164 tile=core-shard
2026-03-30T17:11:13.0866739+08:00 [RESPAWN] player="haft fox[white]" team=1 unit=35 build_speed=0.50 spawn_x=371 spawn_y=164
2026-03-30T17:11:14.5770677+08:00 [RESPAWN] player="haft fox[white]" team=1 no_core=1 spawn_x=371 spawn_y=164 tile=core-shard
2026-03-30T17:11:14.589162+08:00 [RESPAWN] player="haft fox[white]" team=1 unit=35 build_speed=0.50 spawn_x=371 spawn_y=164
2026-03-30T09:11:14.777402Z [NET] kind=tcp_closed packet= conn_id=89981 uuid=aAeramVzFr8AAAAAHtse2g== ip=222.89.164.56 name="[scarlet]（未绑定）[]haft fox[white][gray]89981[]" detail=EOF
2026-03-30T17:11:15.5700988+08:00 [CHAT] from="[#00ffffff]月[#8982edff]子[#87ceebff]芳 \uf7a9\uf7be" player_id=1 uuid=bRea8YRoGToAAAAAPO9P1Q== ip=10.147.17.101:64561 msg="ok"
