2026-04-02T06:19:25.3723888Z [NET] kind=tcp_accept packet= conn_id=902461993 uuid= ip=10.147.17.101 name="" detail=
2026-04-02T06:19:25.3811639Z [NET] kind=connect_packet packet=*protocol.ConnectPacket conn_id=53404 uuid=MAv3KaDNyXEAAAAAz4iNgQ== ip=10.147.17.101 name="" detail=version=156 type=official mods=0
2026-04-02T06:19:25.4842027Z [NET] kind=world_handshake_sent packet= conn_id=53404 uuid=MAv3KaDNyXEAAAAAz4iNgQ== ip=10.147.17.101 name="[scarlet]（未绑定杂鱼~）[][#F285D1]月[#8982edff]子[#87ceebff]芳 I\uf7a9\uf7be[gray]53404[]" detail=
2026-04-02T06:19:25.9354361Z [NET] kind=connect_confirm_client_snapshot packet=*protocol.Remote_NetServer_clientSnapshot_22 conn_id=53404 uuid=MAv3KaDNyXEAAAAAz4iNgQ== ip=10.147.17.101 name="[scarlet]（未绑定杂鱼~）[][#F285D1]月[#8982edff]子[#87ceebff]芳 I\uf7a9\uf7be[gray]53404[]" detail=
2026-04-02T14:19:25.9884401+08:00 [RESPAWN] player="[#F285D1]月[#8982edff]子[#87ceebff]芳 I\uf7a9\uf7be" team=1 core=core-foundation core_x=164 core_y=79 spawn_x=164 spawn_y=79
2026-04-02T14:19:26.033478+08:00 [RESPAWN] player="[#F285D1]月[#8982edff]子[#87ceebff]芳 I\uf7a9\uf7be" team=1 unit=36 build_speed=0.75 spawn_x=164 spawn_y=79
2026-04-02T14:19:29.9585101+08:00 [BUILD] action=deconstructing x=159 y=108 block_id=363 block=气旋 team=1
2026-04-02T14:19:39.4286981+08:00 [BUILD] action=destroyed x=159 y=108 block_id=363 block=气旋 team=1
2026-04-02T14:19:40.7468251+08:00 [BUILD] action=destroyed x=187 y=243 block_id=223 block=大型钍墙 team=2
2026-04-02T14:19:40.7632064+08:00 [BUILD] action=destroyed x=189 y=243 block_id=288 block=电镀导管 team=2
2026-04-02T14:19:40.7792203+08:00 [BUILD] action=destroyed x=190 y=243 block_id=220 block=塑钢墙 team=2
2026-04-02T14:19:40.7797317+08:00 [BUILD] action=destroyed x=191 y=243 block_id=258 block=钛传送带 team=2
2026-04-02T14:19:40.7797317+08:00 [BUILD] action=destroyed x=192 y=243 block_id=258 block=钛传送带 team=2
2026-04-02T14:19:40.7797317+08:00 [BUILD] action=destroyed x=193 y=243 block_id=262 block=传送带桥 team=2
2026-04-02T14:19:40.7797317+08:00 [BUILD] action=destroyed x=184 y=244 block_id=228 block=门 team=2
2026-04-02T14:19:40.7797317+08:00 [BUILD] action=destroyed x=189 y=244 block_id=288 block=电镀导管 team=2
2026-04-02T14:19:40.7797317+08:00 [BUILD] action=destroyed x=190 y=244 block_id=220 block=塑钢墙 team=2
2026-04-02T14:19:40.7797317+08:00 [BUILD] action=destroyed x=191 y=244 block_id=258 block=钛传送带 team=2
2026-04-02T14:19:40.7802663+08:00 [BUILD] action=destroyed x=195 y=244 block_id=220 block=塑钢墙 team=2
2026-04-02T14:19:40.7802663+08:00 [BUILD] action=destroyed x=183 y=245 block_id=222 block=钍墙 team=2
2026-04-02T14:19:40.7802663+08:00 [BUILD] action=destroyed x=184 y=245 block_id=229 block=大门 team=2
2026-04-02T14:19:40.7802663+08:00 [BUILD] action=destroyed x=186 y=245 block_id=228 block=门 team=2
2026-04-02T14:19:40.7802663+08:00 [BUILD] action=destroyed x=187 y=245 block_id=222 block=钍墙 team=2
2026-04-02T14:19:40.7802663+08:00 [BUILD] action=destroyed x=188 y=245 block_id=290 block=流体容器 team=2
2026-04-02T14:19:40.7802663+08:00 [BUILD] action=destroyed x=190 y=245 block_id=220 block=塑钢墙 team=2
2026-04-02T14:19:40.7802663+08:00 [BUILD] action=destroyed x=191 y=245 block_id=262 block=传送带桥 team=2
2026-04-02T14:19:40.7802663+08:00 [BUILD] action=destroyed x=193 y=245 block_id=362 block=浪涌 team=2
2026-04-02T14:19:40.7802663+08:00 [BUILD] action=destroyed x=182 y=246 block_id=197 block=煤炭离心机 team=2
2026-04-02T14:19:40.7802663+08:00 [BUILD] action=destroyed x=186 y=246 block_id=326 block=气动钻头 team=2
2026-04-02T14:19:40.7802663+08:00 [BUILD] action=destroyed x=190 y=246 block_id=289 block=流体路由器 team=2
2026-04-02T14:19:40.7802663+08:00 [BUILD] action=destroyed x=191 y=246 block_id=288 block=电镀导管 team=2
2026-04-02T14:19:40.7802663+08:00 [BUILD] action=destroyed x=184 y=247 block_id=229 block=大门 team=2
2026-04-02T14:19:40.7802663+08:00 [BUILD] action=destroyed x=188 y=247 block_id=293 block=导管桥 team=2
2026-04-02T14:19:40.7807988+08:00 [BUILD] action=destroyed x=189 y=247 block_id=220 block=塑钢墙 team=2
2026-04-02T14:19:40.7808638+08:00 [BUILD] action=destroyed x=190 y=247 block_id=293 block=导管桥 team=2
2026-04-02T14:19:40.7808638+08:00 [BUILD] action=destroyed x=191 y=247 block_id=220 block=塑钢墙 team=2
2026-04-02T14:19:40.7808638+08:00 [BUILD] action=destroyed x=192 y=247 block_id=221 block=大型塑钢墙 team=2
2026-04-02T14:19:40.7808638+08:00 [BUILD] action=destroyed x=179 y=248 block_id=302 block=电力节点 team=2
2026-04-02T14:19:40.7808638+08:00 [BUILD] action=destroyed x=180 y=248 block_id=270 block=装卸器 team=2
2026-04-02T14:19:40.7808638+08:00 [BUILD] action=destroyed x=181 y=248 block_id=306 block=电池 team=2
2026-04-02T14:19:40.7808638+08:00 [BUILD] action=destroyed x=182 y=248 block_id=306 block=电池 team=2
2026-04-02T14:19:40.7808638+08:00 [BUILD] action=destroyed x=183 y=248 block_id=293 block=导管桥 team=2
2026-04-02T14:19:40.7808638+08:00 [BUILD] action=destroyed x=186 y=248 block_id=293 block=导管桥 team=2
2026-04-02T14:19:40.7808638+08:00 [BUILD] action=destroyed x=190 y=248 block_id=220 block=塑钢墙 team=2
2026-04-02T14:19:40.7808638+08:00 [BUILD] action=destroyed x=191 y=248 block_id=262 block=传送带桥 team=2
2026-04-02T14:19:40.7808638+08:00 [BUILD] action=destroyed x=179 y=249 block_id=260 block=装甲传送带 team=2
2026-04-02T14:19:40.7808638+08:00 [BUILD] action=destroyed x=180 y=249 block_id=183 block=硅冶炼厂 team=2
2026-04-02T14:19:40.7808638+08:00 [BUILD] action=destroyed x=182 y=249 block_id=197 block=煤炭离心机 team=2
2026-04-02T14:19:40.7808638+08:00 [BUILD] action=destroyed x=184 y=249 block_id=229 block=大门 team=2
2026-04-02T14:19:40.7808638+08:00 [BUILD] action=destroyed x=186 y=249 block_id=220 block=塑钢墙 team=2
2026-04-02T14:19:40.7808638+08:00 [BUILD] action=destroyed x=188 y=249 block_id=331 block=石油钻井 team=2
2026-04-02T14:19:40.7813949+08:00 [BUILD] action=destroyed x=190 y=249 block_id=220 block=塑钢墙 team=2
2026-04-02T14:19:40.7813949+08:00 [BUILD] action=destroyed x=194 y=249 block_id=221 block=大型塑钢墙 team=2
2026-04-02T14:19:40.7813949+08:00 [BUILD] action=destroyed x=179 y=250 block_id=220 block=塑钢墙 team=2
2026-04-02T14:19:40.7813949+08:00 [BUILD] action=destroyed x=186 y=250 block_id=220 block=塑钢墙 team=2
2026-04-02T14:19:40.7813949+08:00 [BUILD] action=destroyed x=190 y=250 block_id=293 block=导管桥 team=2
2026-04-02T14:19:40.7813949+08:00 [BUILD] action=destroyed x=192 y=250 block_id=362 block=浪涌 team=2
2026-04-02T14:19:40.7813949+08:00 [BUILD] action=destroyed x=179 y=251 block_id=220 block=塑钢墙 team=2
2026-04-02T14:19:40.7813949+08:00 [BUILD] action=destroyed x=180 y=251 block_id=221 block=大型塑钢墙 team=2
2026-04-02T14:19:40.7813949+08:00 [BUILD] action=destroyed x=182 y=251 block_id=229 block=大门 team=2
2026-04-02T14:19:40.7813949+08:00 [BUILD] action=destroyed x=184 y=251 block_id=229 block=大门 team=2
2026-04-02T14:19:40.7813949+08:00 [BUILD] action=destroyed x=186 y=251 block_id=221 block=大型塑钢墙 team=2
2026-04-02T14:19:40.7813949+08:00 [BUILD] action=destroyed x=188 y=251 block_id=293 block=导管桥 team=2
2026-04-02T14:19:40.7813949+08:00 [BUILD] action=destroyed x=189 y=251 block_id=302 block=电力节点 team=2
2026-04-02T14:19:40.7813949+08:00 [BUILD] action=destroyed x=190 y=251 block_id=259 block=塑钢传送带 team=2
2026-04-02T14:19:40.7813949+08:00 [BUILD] action=destroyed x=194 y=251 block_id=220 block=塑钢墙 team=2
2026-04-02T14:19:40.7813949+08:00 [BUILD] action=destroyed x=176 y=252 block_id=221 block=大型塑钢墙 team=2
2026-04-02T14:19:40.7813949+08:00 [BUILD] action=destroyed x=178 y=252 block_id=220 block=塑钢墙 team=2
2026-04-02T14:19:40.7813949+08:00 [BUILD] action=destroyed x=179 y=252 block_id=220 block=塑钢墙 team=2
2026-04-02T14:19:40.7813949+08:00 [BUILD] action=destroyed x=188 y=252 block_id=290 block=流体容器 team=2
2026-04-02T14:19:40.7819757+08:00 [BUILD] action=destroyed x=190 y=252 block_id=259 block=塑钢传送带 team=2
2026-04-02T14:19:40.7819757+08:00 [BUILD] action=destroyed x=191 y=252 block_id=262 block=传送带桥 team=2
2026-04-02T14:19:40.7819757+08:00 [BUILD] action=destroyed x=192 y=252 block_id=220 block=塑钢墙 team=2
2026-04-02T14:19:40.7819757+08:00 [BUILD] action=destroyed x=193 y=252 block_id=220 block=塑钢墙 team=2
2026-04-02T14:19:40.7819757+08:00 [BUILD] action=destroyed x=194 y=252 block_id=220 block=塑钢墙 team=2
2026-04-02T14:19:40.7819757+08:00 [BUILD] action=destroyed x=178 y=253 block_id=221 block=大型塑钢墙 team=2
2026-04-02T14:19:40.7819757+08:00 [BUILD] action=destroyed x=180 y=253 block_id=221 block=大型塑钢墙 team=2
2026-04-02T14:19:40.7819757+08:00 [BUILD] action=destroyed x=182 y=253 block_id=229 block=大门 team=2
2026-04-02T14:19:40.7819757+08:00 [BUILD] action=destroyed x=184 y=253 block_id=220 block=塑钢墙 team=2
2026-04-02T14:19:40.7819757+08:00 [BUILD] action=destroyed x=185 y=253 block_id=220 block=塑钢墙 team=2
2026-04-02T14:19:40.7819757+08:00 [BUILD] action=destroyed x=186 y=253 block_id=220 block=塑钢墙 team=2
2026-04-02T14:19:40.7819757+08:00 [BUILD] action=destroyed x=187 y=253 block_id=287 block=脉冲导管 team=2
2026-04-02T14:19:40.7819757+08:00 [BUILD] action=destroyed x=193 y=253 block_id=220 block=塑钢墙 team=2
2026-04-02T14:19:40.7819757+08:00 [BUILD] action=destroyed x=188 y=254 block_id=293 block=导管桥 team=2
2026-04-02T14:19:40.7819757+08:00 [BUILD] action=destroyed x=189 y=254 block_id=288 block=电镀导管 team=2
2026-04-02T14:19:40.7819757+08:00 [BUILD] action=destroyed x=191 y=254 block_id=363 block=气旋 team=2
2026-04-02T14:19:40.7825292+08:00 [BUILD] action=destroyed x=193 y=254 block_id=220 block=塑钢墙 team=2
2026-04-02T14:19:40.782584+08:00 [BUILD] action=destroyed x=175 y=255 block_id=365 block=幽灵 team=2
2026-04-02T14:19:40.782584+08:00 [BUILD] action=destroyed x=178 y=255 block_id=246 block=修理投影 team=2
2026-04-02T14:19:40.782584+08:00 [BUILD] action=destroyed x=180 y=255 block_id=221 block=大型塑钢墙 team=2
2026-04-02T14:19:40.782584+08:00 [BUILD] action=destroyed x=182 y=255 block_id=229 block=大门 team=2
2026-04-02T14:19:40.782584+08:00 [BUILD] action=destroyed x=185 y=255 block_id=328 block=爆破钻头 team=2
2026-04-02T14:19:40.782584+08:00 [BUILD] action=destroyed x=188 y=255 block_id=262 block=传送带桥 team=2
2026-04-02T14:19:40.782584+08:00 [BUILD] action=destroyed x=189 y=255 block_id=288 block=电镀导管 team=2
2026-04-02T14:19:40.782584+08:00 [BUILD] action=destroyed x=193 y=255 block_id=220 block=塑钢墙 team=2
2026-04-02T14:19:40.782584+08:00 [BUILD] action=destroyed x=209 y=255 block_id=220 block=塑钢墙 team=2
2026-04-02T14:19:40.782584+08:00 [BUILD] action=destroyed x=210 y=255 block_id=261 block=交叉器 team=2
2026-04-02T14:19:40.782584+08:00 [BUILD] action=destroyed x=188 y=256 block_id=293 block=导管桥 team=2
2026-04-02T14:19:40.782584+08:00 [BUILD] action=destroyed x=189 y=256 block_id=288 block=电镀导管 team=2
2026-04-02T14:19:40.782584+08:00 [BUILD] action=destroyed x=190 y=256 block_id=220 block=塑钢墙 team=2
2026-04-02T14:19:40.782584+08:00 [BUILD] action=destroyed x=191 y=256 block_id=221 block=大型塑钢墙 team=2
2026-04-02T14:19:40.782584+08:00 [BUILD] action=destroyed x=208 y=256 block_id=221 block=大型塑钢墙 team=2
2026-04-02T14:19:40.782584+08:00 [BUILD] action=destroyed x=210 y=256 block_id=266 block=路由器 team=2
2026-04-02T14:19:40.7830922+08:00 [BUILD] action=destroyed x=178 y=257 block_id=221 block=大型塑钢墙 team=2
2026-04-02T14:19:40.7830922+08:00 [BUILD] action=destroyed x=180 y=257 block_id=221 block=大型塑钢墙 team=2
2026-04-02T14:19:40.7830922+08:00 [BUILD] action=destroyed x=182 y=257 block_id=229 block=大门 team=2
2026-04-02T14:19:40.7830922+08:00 [BUILD] action=destroyed x=188 y=257 block_id=189 block=冷冻液混合器 team=2
2026-04-02T14:19:40.7830922+08:00 [BUILD] action=destroyed x=190 y=257 block_id=220 block=塑钢墙 team=2
2026-04-02T14:19:40.7830922+08:00 [BUILD] action=destroyed x=207 y=257 block_id=220 block=塑钢墙 team=2
2026-04-02T14:19:40.7830922+08:00 [BUILD] action=destroyed x=210 y=257 block_id=260 block=装甲传送带 team=2
2026-04-02T14:19:40.7830922+08:00 [BUILD] action=destroyed x=174 y=258 block_id=270 block=装卸器 team=2
2026-04-02T14:19:40.7830922+08:00 [BUILD] action=destroyed x=175 y=258 block_id=245 block=修理器 team=2
2026-04-02T14:19:40.7830922+08:00 [BUILD] action=destroyed x=176 y=258 block_id=245 block=修理器 team=2
2026-04-02T14:19:40.7830922+08:00 [BUILD] action=destroyed x=177 y=258 block_id=302 block=电力节点 team=2
2026-04-02T14:19:40.7830922+08:00 [BUILD] action=destroyed x=184 y=258 block_id=220 block=塑钢墙 team=2
2026-04-02T14:19:40.7830922+08:00 [BUILD] action=destroyed x=185 y=258 block_id=326 block=气动钻头 team=2
2026-04-02T14:19:40.7830922+08:00 [BUILD] action=destroyed x=187 y=258 block_id=258 block=钛传送带 team=2
2026-04-02T14:19:40.7830922+08:00 [BUILD] action=destroyed x=190 y=258 block_id=221 block=大型塑钢墙 team=2
2026-04-02T14:19:40.7830922+08:00 [BUILD] action=destroyed x=192 y=258 block_id=221 block=大型塑钢墙 team=2
2026-04-02T14:19:40.7830922+08:00 [BUILD] action=destroyed x=194 y=258 block_id=222 block=钍墙 team=2
2026-04-02T14:19:40.7836333+08:00 [BUILD] action=destroyed x=195 y=258 block_id=222 block=钍墙 team=2
2026-04-02T14:19:40.7836333+08:00 [BUILD] action=destroyed x=206 y=258 block_id=221 block=大型塑钢墙 team=2
2026-04-02T14:19:40.7836333+08:00 [BUILD] action=destroyed x=208 y=258 block_id=304 block=巨浪电力塔 team=2
2026-04-02T14:19:40.7836333+08:00 [BUILD] action=destroyed x=210 y=258 block_id=183 block=硅冶炼厂 team=2
2026-04-02T14:19:40.7836333+08:00 [BUILD] action=destroyed x=175 y=259 block_id=270 block=装卸器 team=2
2026-04-02T14:19:40.7836333+08:00 [BUILD] action=destroyed x=179 y=259 block_id=258 block=钛传送带 team=2
2026-04-02T14:19:40.7836333+08:00 [BUILD] action=destroyed x=180 y=259 block_id=258 block=钛传送带 team=2
2026-04-02T14:19:40.7836333+08:00 [BUILD] action=destroyed x=181 y=259 block_id=229 block=大门 team=2
2026-04-02T14:19:40.7836333+08:00 [BUILD] action=destroyed x=183 y=259 block_id=228 block=门 team=2
2026-04-02T14:19:40.7836333+08:00 [BUILD] action=destroyed x=184 y=259 block_id=220 block=塑钢墙 team=2
2026-04-02T14:19:40.7836333+08:00 [BUILD] action=destroyed x=187 y=259 block_id=287 block=脉冲导管 team=2
2026-04-02T14:19:40.7836333+08:00 [BUILD] action=destroyed x=188 y=259 block_id=262 block=传送带桥 team=2
2026-04-02T14:19:40.7836333+08:00 [BUILD] action=destroyed x=189 y=259 block_id=288 block=电镀导管 team=2
2026-04-02T14:19:40.7836333+08:00 [BUILD] action=destroyed x=194 y=259 block_id=221 block=大型塑钢墙 team=2
2026-04-02T14:19:40.7836333+08:00 [BUILD] action=destroyed x=196 y=259 block_id=222 block=钍墙 team=2
2026-04-02T14:19:40.7836333+08:00 [BUILD] action=destroyed x=205 y=259 block_id=220 block=塑钢墙 team=2
2026-04-02T14:19:40.7836333+08:00 [BUILD] action=destroyed x=175 y=260 block_id=270 block=装卸器 team=2
2026-04-02T14:19:40.7836333+08:00 [BUILD] action=destroyed x=177 y=260 block_id=377 block=陆军工厂 team=2
2026-04-02T14:19:40.7836333+08:00 [BUILD] action=destroyed x=179 y=260 block_id=228 block=门 team=2
2026-04-02T14:19:40.7836333+08:00 [BUILD] action=destroyed x=180 y=260 block_id=258 block=钛传送带 team=2
2026-04-02T14:19:40.7836333+08:00 [BUILD] action=destroyed x=183 y=260 block_id=228 block=门 team=2
2026-04-02T14:19:40.7836333+08:00 [BUILD] action=destroyed x=184 y=260 block_id=220 block=塑钢墙 team=2
2026-04-02T14:19:40.7836333+08:00 [BUILD] action=destroyed x=185 y=260 block_id=220 block=塑钢墙 team=2
2026-04-02T14:19:40.7836333+08:00 [BUILD] action=destroyed x=186 y=260 block_id=220 block=塑钢墙 team=2
2026-04-02T14:19:40.7836333+08:00 [BUILD] action=destroyed x=187 y=260 block_id=287 block=脉冲导管 team=2
2026-04-02T14:19:40.7836333+08:00 [BUILD] action=destroyed x=188 y=260 block_id=293 block=导管桥 team=2
2026-04-02T14:19:40.7836333+08:00 [BUILD] action=destroyed x=189 y=260 block_id=288 block=电镀导管 team=2
2026-04-02T14:19:40.7836333+08:00 [BUILD] action=destroyed x=190 y=260 block_id=302 block=电力节点 team=2
2026-04-02T14:19:40.7836333+08:00 [BUILD] action=destroyed x=196 y=260 block_id=222 block=钍墙 team=2
2026-04-02T14:19:40.7836333+08:00 [BUILD] action=destroyed x=197 y=260 block_id=222 block=钍墙 team=2
2026-04-02T14:19:40.7836333+08:00 [BUILD] action=destroyed x=207 y=260 block_id=220 block=塑钢墙 team=2
2026-04-02T14:19:40.7836333+08:00 [BUILD] action=destroyed x=208 y=260 block_id=221 block=大型塑钢墙 team=2
2026-04-02T14:19:40.7836333+08:00 [BUILD] action=destroyed x=210 y=260 block_id=220 block=塑钢墙 team=2
2026-04-02T14:19:40.7836333+08:00 [BUILD] action=destroyed x=175 y=261 block_id=262 block=传送带桥 team=2
2026-04-02T14:19:40.7836333+08:00 [BUILD] action=destroyed x=179 y=261 block_id=262 block=传送带桥 team=2
2026-04-02T14:19:40.7836333+08:00 [BUILD] action=destroyed x=180 y=261 block_id=262 block=传送带桥 team=2
2026-04-02T14:19:40.7836333+08:00 [BUILD] action=destroyed x=181 y=261 block_id=229 block=大门 team=2
2026-04-02T14:19:40.7836333+08:00 [BUILD] action=destroyed x=183 y=261 block_id=220 block=塑钢墙 team=2
2026-04-02T14:19:40.7851558+08:00 [BUILD] action=destroyed x=184 y=261 block_id=262 block=传送带桥 team=2
2026-04-02T14:19:40.7851558+08:00 [BUILD] action=destroyed x=185 y=261 block_id=221 block=大型塑钢墙 team=2
2026-04-02T14:19:40.7851558+08:00 [BUILD] action=destroyed x=187 y=261 block_id=220 block=塑钢墙 team=2
2026-04-02T14:19:40.7861619+08:00 [BUILD] action=destroyed x=188 y=261 block_id=262 block=传送带桥 team=2
2026-04-02T14:19:40.7861619+08:00 [BUILD] action=destroyed x=189 y=261 block_id=290 block=流体容器 team=2
2026-04-02T14:19:40.7861619+08:00 [BUILD] action=destroyed x=192 y=261 block_id=315 block=钍反应堆 team=2
2026-04-02T14:19:40.7861619+08:00 [BUILD] action=destroyed x=194 y=261 block_id=221 block=大型塑钢墙 team=2
2026-04-02T14:19:40.7861619+08:00 [BUILD] action=destroyed x=196 y=261 block_id=221 block=大型塑钢墙 team=2
2026-04-02T14:19:40.7861619+08:00 [BUILD] action=destroyed x=211 y=261 block_id=258 block=钛传送带 team=2
2026-04-02T14:19:40.7861619+08:00 [BUILD] action=destroyed x=175 y=262 block_id=270 block=装卸器 team=2
2026-04-02T14:19:40.7876675+08:00 [BUILD] action=destroyed x=179 y=262 block_id=245 block=修理器 team=2
2026-04-02T14:19:40.7876675+08:00 [BUILD] action=destroyed x=180 y=262 block_id=258 block=钛传送带 team=2
2026-04-02T14:19:40.7876675+08:00 [BUILD] action=destroyed x=183 y=262 block_id=220 block=塑钢墙 team=2
2026-04-02T14:19:40.7876675+08:00 [BUILD] action=destroyed x=184 y=262 block_id=220 block=塑钢墙 team=2
2026-04-02T14:19:40.7876675+08:00 [BUILD] action=destroyed x=187 y=262 block_id=293 block=导管桥 team=2
2026-04-02T14:19:40.7876675+08:00 [BUILD] action=destroyed x=188 y=262 block_id=289 block=流体路由器 team=2
2026-04-02T14:19:40.7876675+08:00 [BUILD] action=destroyed x=198 y=262 block_id=222 block=钍墙 team=2
2026-04-02T14:19:40.7876675+08:00 [BUILD] action=destroyed x=199 y=262 block_id=222 block=钍墙 team=2
2026-04-02T14:19:40.7876675+08:00 [BUILD] action=destroyed x=200 y=262 block_id=222 block=钍墙 team=2
2026-04-02T14:19:40.7876675+08:00 [BUILD] action=destroyed x=208 y=262 block_id=220 block=塑钢墙 team=2
2026-04-02T14:19:40.7876675+08:00 [BUILD] action=destroyed x=209 y=262 block_id=358 block=齐射 team=2
2026-04-02T14:19:40.7886733+08:00 [BUILD] action=destroyed x=175 y=263 block_id=270 block=装卸器 team=2
2026-04-02T14:19:40.7886733+08:00 [BUILD] action=destroyed x=177 y=263 block_id=377 block=陆军工厂 team=2
2026-04-02T14:19:40.7886733+08:00 [BUILD] action=destroyed x=179 y=263 block_id=228 block=门 team=2
2026-04-02T14:19:40.7886733+08:00 [BUILD] action=destroyed x=180 y=263 block_id=258 block=钛传送带 team=2
2026-04-02T14:19:40.7886733+08:00 [BUILD] action=destroyed x=181 y=263 block_id=229 block=大门 team=2
2026-04-02T14:19:40.7886733+08:00 [BUILD] action=destroyed x=183 y=263 block_id=220 block=塑钢墙 team=2
2026-04-02T14:19:40.789676+08:00 [BUILD] action=destroyed x=184 y=263 block_id=221 block=大型塑钢墙 team=2
2026-04-02T14:19:40.789676+08:00 [BUILD] action=destroyed x=186 y=263 block_id=247 block=超速投影 team=2
2026-04-02T14:19:40.789676+08:00 [BUILD] action=destroyed x=188 y=263 block_id=287 block=脉冲导管 team=2
2026-04-02T14:19:40.789676+08:00 [BUILD] action=destroyed x=192 y=263 block_id=262 block=传送带桥 team=2
2026-04-02T14:19:40.789676+08:00 [BUILD] action=destroyed x=196 y=263 block_id=221 block=大型塑钢墙 team=2
2026-04-02T14:19:40.789676+08:00 [BUILD] action=destroyed x=198 y=263 block_id=221 block=大型塑钢墙 team=2
2026-04-02T14:19:40.7912254+08:00 [BUILD] action=destroyed x=200 y=263 block_id=222 block=钍墙 team=2
2026-04-02T14:19:40.7912254+08:00 [BUILD] action=destroyed x=208 y=263 block_id=220 block=塑钢墙 team=2
2026-04-02T14:19:40.7912254+08:00 [BUILD] action=destroyed x=174 y=264 block_id=258 block=钛传送带 team=2
2026-04-02T14:19:40.7912254+08:00 [BUILD] action=destroyed x=175 y=264 block_id=302 block=电力节点 team=2
2026-04-02T14:19:40.7912254+08:00 [BUILD] action=destroyed x=179 y=264 block_id=258 block=钛传送带 team=2
2026-04-02T14:19:40.7912254+08:00 [BUILD] action=destroyed x=180 y=264 block_id=258 block=钛传送带 team=2
2026-04-02T14:19:40.7912254+08:00 [BUILD] action=destroyed x=183 y=264 block_id=220 block=塑钢墙 team=2
2026-04-02T14:19:40.7912254+08:00 [BUILD] action=destroyed x=188 y=264 block_id=293 block=导管桥 team=2
2026-04-02T14:19:40.7912254+08:00 [BUILD] action=destroyed x=190 y=264 block_id=315 block=钍反应堆 team=2
2026-04-02T14:19:40.7912254+08:00 [BUILD] action=destroyed x=192 y=264 block_id=293 block=导管桥 team=2
2026-04-02T14:19:40.792786+08:00 [BUILD] action=destroyed x=194 y=264 block_id=315 block=钍反应堆 team=2
2026-04-02T14:19:40.792786+08:00 [BUILD] action=destroyed x=200 y=264 block_id=220 block=塑钢墙 team=2
2026-04-02T14:19:40.792786+08:00 [BUILD] action=destroyed x=201 y=264 block_id=220 block=塑钢墙 team=2
2026-04-02T14:19:40.792786+08:00 [BUILD] action=destroyed x=207 y=264 block_id=222 block=钍墙 team=2
2026-04-02T14:19:40.792786+08:00 [BUILD] action=destroyed x=208 y=264 block_id=220 block=塑钢墙 team=2
2026-04-02T14:19:40.792786+08:00 [BUILD] action=destroyed x=209 y=264 block_id=220 block=塑钢墙 team=2
2026-04-02T14:19:40.792786+08:00 [BUILD] action=destroyed x=210 y=264 block_id=352 block=冰雹 team=2
2026-04-02T14:19:40.792786+08:00 [BUILD] action=destroyed x=174 y=265 block_id=260 block=装甲传送带 team=2
2026-04-02T14:19:40.792786+08:00 [BUILD] action=destroyed x=175 y=265 block_id=220 block=塑钢墙 team=2
2026-04-02T14:19:40.7943372+08:00 [BUILD] action=destroyed x=176 y=265 block_id=221 block=大型塑钢墙 team=2
2026-04-02T14:19:40.7943372+08:00 [BUILD] action=destroyed x=178 y=265 block_id=221 block=大型塑钢墙 team=2
2026-04-02T14:19:40.7943372+08:00 [BUILD] action=destroyed x=180 y=265 block_id=221 block=大型塑钢墙 team=2
2026-04-02T14:19:40.7943372+08:00 [BUILD] action=destroyed x=182 y=265 block_id=221 block=大型塑钢墙 team=2
2026-04-02T14:19:40.7943372+08:00 [BUILD] action=destroyed x=184 y=265 block_id=221 block=大型塑钢墙 team=2
2026-04-02T14:19:40.7943372+08:00 [BUILD] action=destroyed x=186 y=265 block_id=220 block=塑钢墙 team=2
2026-04-02T14:19:40.7943372+08:00 [BUILD] action=destroyed x=187 y=265 block_id=293 block=导管桥 team=2
2026-04-02T14:19:40.7943372+08:00 [BUILD] action=destroyed x=188 y=265 block_id=220 block=塑钢墙 team=2
2026-04-02T14:19:40.7943372+08:00 [BUILD] action=destroyed x=192 y=265 block_id=262 block=传送带桥 team=2
2026-04-02T14:19:40.7943372+08:00 [BUILD] action=destroyed x=196 y=265 block_id=247 block=超速投影 team=2
2026-04-02T14:19:40.7943372+08:00 [BUILD] action=destroyed x=198 y=265 block_id=246 block=修理投影 team=2
2026-04-02T14:19:40.796845+08:00 [BUILD] action=destroyed x=200 y=265 block_id=220 block=塑钢墙 team=2
2026-04-02T14:19:40.8166929+08:00 [BUILD] action=destroyed x=201 y=265 block_id=221 block=大型塑钢墙 team=2
2026-04-02T14:19:40.8338422+08:00 [BUILD] action=destroyed x=205 y=265 block_id=220 block=塑钢墙 team=2
2026-04-02T14:19:40.8495079+08:00 [BUILD] action=destroyed x=206 y=265 block_id=223 block=大型钍墙 team=2
2026-04-02T14:19:40.8495079+08:00 [BUILD] action=destroyed x=208 y=265 block_id=352 block=冰雹 team=2
2026-04-02T14:19:40.8510157+08:00 [BUILD] action=destroyed x=209 y=265 block_id=260 block=装甲传送带 team=2
2026-04-02T14:19:40.8661235+08:00 [BUILD] action=destroyed x=210 y=265 block_id=270 block=装卸器 team=2
2026-04-02T14:19:40.8661235+08:00 [BUILD] action=destroyed x=174 y=266 block_id=260 block=装甲传送带 team=2
2026-04-02T14:19:40.8661235+08:00 [BUILD] action=destroyed x=175 y=266 block_id=220 block=塑钢墙 team=2
2026-04-02T14:19:40.8661235+08:00 [BUILD] action=destroyed x=186 y=266 block_id=220 block=塑钢墙 team=2
2026-04-02T14:19:40.8661235+08:00 [BUILD] action=destroyed x=187 y=266 block_id=287 block=脉冲导管 team=2
2026-04-02T14:19:40.8661235+08:00 [BUILD] action=destroyed x=188 y=266 block_id=287 block=脉冲导管 team=2
2026-04-02T14:19:40.8661235+08:00 [BUILD] action=destroyed x=189 y=266 block_id=293 block=导管桥 team=2
2026-04-02T14:19:40.8661235+08:00 [BUILD] action=destroyed x=190 y=266 block_id=302 block=电力节点 team=2
2026-04-02T14:19:40.8661235+08:00 [BUILD] action=destroyed x=191 y=266 block_id=293 block=导管桥 team=2
2026-04-02T14:19:40.8661235+08:00 [BUILD] action=destroyed x=192 y=266 block_id=258 block=钛传送带 team=2
2026-04-02T14:19:40.8661235+08:00 [BUILD] action=destroyed x=193 y=266 block_id=220 block=塑钢墙 team=2
2026-04-02T14:19:40.8661235+08:00 [BUILD] action=destroyed x=194 y=266 block_id=220 block=塑钢墙 team=2
2026-04-02T14:19:40.8661235+08:00 [BUILD] action=destroyed x=195 y=266 block_id=220 block=塑钢墙 team=2
2026-04-02T14:19:40.8661235+08:00 [BUILD] action=destroyed x=200 y=266 block_id=220 block=塑钢墙 team=2
2026-04-02T14:19:40.8661235+08:00 [BUILD] action=destroyed x=204 y=266 block_id=221 block=大型塑钢墙 team=2
2026-04-02T14:19:40.8661235+08:00 [BUILD] action=destroyed x=174 y=267 block_id=260 block=装甲传送带 team=2
2026-04-02T14:19:40.8661235+08:00 [BUILD] action=destroyed x=175 y=267 block_id=358 block=齐射 team=2
2026-04-02T14:19:40.8661235+08:00 [BUILD] action=destroyed x=180 y=267 block_id=220 block=塑钢墙 team=2
2026-04-02T14:19:40.8661235+08:00 [BUILD] action=destroyed x=181 y=267 block_id=258 block=钛传送带 team=2
2026-04-02T14:19:40.8661235+08:00 [BUILD] action=destroyed x=182 y=267 block_id=258 block=钛传送带 team=2
2026-04-02T14:19:40.8661235+08:00 [BUILD] action=destroyed x=183 y=267 block_id=258 block=钛传送带 team=2
2026-04-02T14:19:40.8661235+08:00 [BUILD] action=destroyed x=184 y=267 block_id=258 block=钛传送带 team=2
2026-04-02T14:19:40.8661235+08:00 [BUILD] action=destroyed x=185 y=267 block_id=258 block=钛传送带 team=2
2026-04-02T14:19:40.8661235+08:00 [BUILD] action=destroyed x=186 y=267 block_id=258 block=钛传送带 team=2
2026-04-02T14:19:40.8661235+08:00 [BUILD] action=destroyed x=187 y=267 block_id=258 block=钛传送带 team=2
2026-04-02T14:19:40.8661235+08:00 [BUILD] action=destroyed x=188 y=267 block_id=258 block=钛传送带 team=2
2026-04-02T14:19:40.8661235+08:00 [BUILD] action=destroyed x=189 y=267 block_id=258 block=钛传送带 team=2
2026-04-02T14:19:40.8661235+08:00 [BUILD] action=destroyed x=190 y=267 block_id=258 block=钛传送带 team=2
2026-04-02T14:19:40.8661235+08:00 [BUILD] action=destroyed x=191 y=267 block_id=258 block=钛传送带 team=2
2026-04-02T14:19:40.8661235+08:00 [BUILD] action=destroyed x=192 y=267 block_id=269 block=反向溢流门 team=2
2026-04-02T14:19:40.8661235+08:00 [BUILD] action=destroyed x=193 y=267 block_id=258 block=钛传送带 team=2
2026-04-02T14:19:40.8661235+08:00 [BUILD] action=destroyed x=194 y=267 block_id=269 block=反向溢流门 team=2
2026-04-02T14:19:40.8661235+08:00 [BUILD] action=destroyed x=195 y=267 block_id=258 block=钛传送带 team=2
2026-04-02T14:19:40.8661235+08:00 [BUILD] action=destroyed x=196 y=267 block_id=258 block=钛传送带 team=2
2026-04-02T14:19:40.8661235+08:00 [BUILD] action=destroyed x=197 y=267 block_id=258 block=钛传送带 team=2
2026-04-02T14:19:40.8661235+08:00 [BUILD] action=destroyed x=198 y=267 block_id=258 block=钛传送带 team=2
2026-04-02T14:19:40.8661235+08:00 [BUILD] action=destroyed x=199 y=267 block_id=258 block=钛传送带 team=2
2026-04-02T14:19:40.8661235+08:00 [BUILD] action=destroyed x=206 y=267 block_id=223 block=大型钍墙 team=2
2026-04-02T14:19:40.8661235+08:00 [BUILD] action=destroyed x=209 y=267 block_id=426 block=发射台 team=2
2026-04-02T14:19:40.8661235+08:00 [BUILD] action=destroyed x=178 y=268 block_id=314 block=大型太阳能板 team=2
2026-04-02T14:19:40.8661235+08:00 [BUILD] action=destroyed x=180 y=268 block_id=302 block=电力节点 team=2
2026-04-02T14:19:40.8661235+08:00 [BUILD] action=destroyed x=181 y=268 block_id=258 block=钛传送带 team=2
2026-04-02T14:19:40.8661235+08:00 [BUILD] action=destroyed x=189 y=268 block_id=221 block=大型塑钢墙 team=2
2026-04-02T14:19:40.8661235+08:00 [BUILD] action=destroyed x=191 y=268 block_id=293 block=导管桥 team=2
2026-04-02T14:19:40.8661235+08:00 [BUILD] action=destroyed x=192 y=268 block_id=287 block=脉冲导管 team=2
2026-04-02T14:19:40.8661235+08:00 [BUILD] action=destroyed x=199 y=268 block_id=220 block=塑钢墙 team=2
2026-04-02T14:19:40.8661235+08:00 [BUILD] action=destroyed x=201 y=268 block_id=365 block=幽灵 team=2
2026-04-02T14:19:40.8661235+08:00 [BUILD] action=destroyed x=204 y=268 block_id=221 block=大型塑钢墙 team=2
2026-04-02T14:19:40.8661235+08:00 [BUILD] action=destroyed x=175 y=269 block_id=258 block=钛传送带 team=2
2026-04-02T14:19:40.8661235+08:00 [BUILD] action=destroyed x=176 y=269 block_id=262 block=传送带桥 team=2
2026-04-02T14:19:40.8676439+08:00 [BUILD] action=destroyed x=180 y=269 block_id=262 block=传送带桥 team=2
2026-04-02T14:19:40.8676439+08:00 [BUILD] action=destroyed x=181 y=269 block_id=258 block=钛传送带 team=2
2026-04-02T14:19:40.8676439+08:00 [BUILD] action=destroyed x=183 y=269 block_id=314 block=大型太阳能板 team=2
2026-04-02T14:19:40.8676439+08:00 [BUILD] action=destroyed x=186 y=269 block_id=314 block=大型太阳能板 team=2
2026-04-02T14:19:40.8676439+08:00 [BUILD] action=destroyed x=191 y=269 block_id=220 block=塑钢墙 team=2
2026-04-02T14:19:40.8676439+08:00 [BUILD] action=destroyed x=192 y=269 block_id=220 block=塑钢墙 team=2
2026-04-02T14:19:40.8676439+08:00 [BUILD] action=destroyed x=194 y=269 block_id=315 block=钍反应堆 team=2
2026-04-02T14:19:40.8676439+08:00 [BUILD] action=destroyed x=197 y=269 block_id=249 block=力墙投影 team=2
2026-04-02T14:19:40.8676439+08:00 [BUILD] action=destroyed x=199 y=269 block_id=302 block=电力节点 team=2
2026-04-02T14:19:40.8676439+08:00 [BUILD] action=destroyed x=206 y=269 block_id=223 block=大型钍墙 team=2
2026-04-02T14:19:40.8676439+08:00 [BUILD] action=destroyed x=177 y=270 block_id=221 block=大型塑钢墙 team=2
2026-04-02T14:19:40.8676439+08:00 [BUILD] action=destroyed x=179 y=270 block_id=220 block=塑钢墙 team=2
2026-04-02T14:19:40.8676439+08:00 [BUILD] action=destroyed x=180 y=270 block_id=269 block=反向溢流门 team=2
2026-04-02T14:19:40.8676439+08:00 [BUILD] action=destroyed x=181 y=270 block_id=258 block=钛传送带 team=2
2026-04-02T14:19:40.8676439+08:00 [BUILD] action=destroyed x=190 y=270 block_id=220 block=塑钢墙 team=2
2026-04-02T14:19:40.8676439+08:00 [BUILD] action=destroyed x=191 y=270 block_id=221 block=大型塑钢墙 team=2
2026-04-02T14:19:40.8676439+08:00 [BUILD] action=destroyed x=204 y=270 block_id=221 block=大型塑钢墙 team=2
2026-04-02T14:19:40.8676439+08:00 [BUILD] action=destroyed x=208 y=270 block_id=288 block=电镀导管 team=2
2026-04-02T14:19:40.8676439+08:00 [BUILD] action=destroyed x=179 y=271 block_id=220 block=塑钢墙 team=2
2026-04-02T14:19:40.8676439+08:00 [BUILD] action=destroyed x=180 y=271 block_id=262 block=传送带桥 team=2
2026-04-02T14:19:40.8676439+08:00 [BUILD] action=destroyed x=181 y=271 block_id=220 block=塑钢墙 team=2
2026-04-02T14:19:40.8676439+08:00 [BUILD] action=destroyed x=182 y=271 block_id=220 block=塑钢墙 team=2
2026-04-02T14:19:40.8676439+08:00 [BUILD] action=destroyed x=183 y=271 block_id=220 block=塑钢墙 team=2
2026-04-02T14:19:40.8676439+08:00 [BUILD] action=destroyed x=184 y=271 block_id=220 block=塑钢墙 team=2
2026-04-02T14:19:40.8676439+08:00 [BUILD] action=destroyed x=185 y=271 block_id=220 block=塑钢墙 team=2
2026-04-02T14:19:40.8676439+08:00 [BUILD] action=destroyed x=186 y=271 block_id=220 block=塑钢墙 team=2
2026-04-02T14:19:40.8676439+08:00 [BUILD] action=destroyed x=187 y=271 block_id=220 block=塑钢墙 team=2
2026-04-02T14:19:40.8676439+08:00 [BUILD] action=destroyed x=190 y=271 block_id=220 block=塑钢墙 team=2
2026-04-02T14:19:40.8676439+08:00 [BUILD] action=destroyed x=193 y=271 block_id=220 block=塑钢墙 team=2
2026-04-02T14:19:40.8676439+08:00 [BUILD] action=destroyed x=194 y=271 block_id=220 block=塑钢墙 team=2
2026-04-02T14:19:40.8676439+08:00 [BUILD] action=destroyed x=195 y=271 block_id=220 block=塑钢墙 team=2
2026-04-02T14:19:40.8676439+08:00 [BUILD] action=destroyed x=196 y=271 block_id=220 block=塑钢墙 team=2
2026-04-02T14:19:40.8676439+08:00 [BUILD] action=destroyed x=197 y=271 block_id=220 block=塑钢墙 team=2
2026-04-02T14:19:40.8676439+08:00 [BUILD] action=destroyed x=200 y=271 block_id=220 block=塑钢墙 team=2
2026-04-02T14:19:40.8676439+08:00 [BUILD] action=destroyed x=201 y=271 block_id=220 block=塑钢墙 team=2
2026-04-02T14:19:40.8676439+08:00 [BUILD] action=destroyed x=202 y=271 block_id=246 block=修理投影 team=2
2026-04-02T14:19:40.8676439+08:00 [BUILD] action=destroyed x=206 y=271 block_id=223 block=大型钍墙 team=2
2026-04-02T14:19:40.8676439+08:00 [BUILD] action=destroyed x=208 y=271 block_id=288 block=电镀导管 team=2
2026-04-02T14:19:40.8676439+08:00 [BUILD] action=destroyed x=181 y=272 block_id=302 block=电力节点 team=2
2026-04-02T14:19:40.8676439+08:00 [BUILD] action=destroyed x=182 y=272 block_id=219 block=大型钛墙 team=2
2026-04-02T14:19:40.8676439+08:00 [BUILD] action=destroyed x=184 y=272 block_id=218 block=钛墙 team=2
2026-04-02T14:19:40.8676439+08:00 [BUILD] action=destroyed x=194 y=272 block_id=230 block=废墙 team=0
2026-04-02T14:19:40.8676439+08:00 [BUILD] action=destroyed x=204 y=272 block_id=221 block=大型塑钢墙 team=2
2026-04-02T14:19:40.8676439+08:00 [BUILD] action=destroyed x=178 y=273 block_id=218 block=钛墙 team=2
2026-04-02T14:19:40.8676439+08:00 [BUILD] action=destroyed x=192 y=273 block_id=230 block=废墙 team=0
2026-04-02T14:19:40.8676439+08:00 [BUILD] action=destroyed x=194 y=273 block_id=230 block=废墙 team=0
2026-04-02T14:19:40.8676439+08:00 [BUILD] action=destroyed x=195 y=273 block_id=230 block=废墙 team=0
2026-04-02T14:19:40.8676439+08:00 [BUILD] action=destroyed x=203 y=273 block_id=220 block=塑钢墙 team=2
2026-04-02T14:19:40.8676439+08:00 [BUILD] action=destroyed x=206 y=273 block_id=223 block=大型钍墙 team=2
2026-04-02T14:19:40.8676439+08:00 [BUILD] action=destroyed x=179 y=274 block_id=266 block=路由器 team=2
2026-04-02T14:19:40.8686513+08:00 [BUILD] action=destroyed x=180 y=274 block_id=262 block=传送带桥 team=2
2026-04-02T14:19:40.8686513+08:00 [BUILD] action=destroyed x=181 y=274 block_id=266 block=路由器 team=2
2026-04-02T14:19:40.8686513+08:00 [BUILD] action=destroyed x=182 y=274 block_id=258 block=钛传送带 team=2
2026-04-02T14:19:40.8686513+08:00 [BUILD] action=destroyed x=183 y=274 block_id=258 block=钛传送带 team=2
2026-04-02T14:19:40.8686513+08:00 [BUILD] action=destroyed x=184 y=274 block_id=258 block=钛传送带 team=2
2026-04-02T14:19:40.8686513+08:00 [BUILD] action=destroyed x=185 y=274 block_id=358 block=齐射 team=2
2026-04-02T14:19:40.8686513+08:00 [BUILD] action=destroyed x=190 y=274 block_id=230 block=废墙 team=0
2026-04-02T14:19:40.8686513+08:00 [BUILD] action=destroyed x=192 y=274 block_id=230 block=废墙 team=0
2026-04-02T14:19:40.8686513+08:00 [BUILD] action=destroyed x=200 y=274 block_id=221 block=大型塑钢墙 team=2
2026-04-02T14:19:40.8686513+08:00 [BUILD] action=destroyed x=202 y=274 block_id=221 block=大型塑钢墙 team=2
2026-04-02T14:19:40.8686513+08:00 [BUILD] action=destroyed x=204 y=274 block_id=221 block=大型塑钢墙 team=2
2026-04-02T14:19:40.8686513+08:00 [BUILD] action=destroyed x=180 y=275 block_id=266 block=路由器 team=2
2026-04-02T14:19:40.8686513+08:00 [BUILD] action=destroyed x=181 y=275 block_id=258 block=钛传送带 team=2
2026-04-02T14:19:40.8686513+08:00 [BUILD] action=destroyed x=182 y=275 block_id=329 block=抽水机 team=2
2026-04-02T14:19:40.8686513+08:00 [BUILD] action=destroyed x=184 y=275 block_id=287 block=脉冲导管 team=2
2026-04-02T14:19:40.8686513+08:00 [BUILD] action=destroyed x=190 y=275 block_id=349 block=双管 team=0
2026-04-02T14:19:40.8686513+08:00 [BUILD] action=destroyed x=191 y=275 block_id=325 block=机械钻头 team=0
2026-04-02T14:19:40.8686513+08:00 [BUILD] action=destroyed x=198 y=275 block_id=230 block=废墙 team=0
2026-04-02T14:19:40.8686513+08:00 [BUILD] action=destroyed x=181 y=276 block_id=302 block=电力节点 team=2
2026-04-02T14:19:40.8686513+08:00 [BUILD] action=destroyed x=188 y=276 block_id=218 block=钛墙 team=2
2026-04-02T14:19:40.8686513+08:00 [BUILD] action=destroyed x=200 y=276 block_id=221 block=大型塑钢墙 team=2
2026-04-02T14:19:40.8686513+08:00 [BUILD] action=destroyed x=202 y=276 block_id=220 block=塑钢墙 team=2
2026-04-02T14:19:40.8686513+08:00 [BUILD] action=destroyed x=203 y=276 block_id=220 block=塑钢墙 team=2
2026-04-02T14:19:40.8686513+08:00 [BUILD] action=destroyed x=183 y=277 block_id=287 block=脉冲导管 team=2
2026-04-02T14:19:40.8686513+08:00 [BUILD] action=destroyed x=188 y=277 block_id=218 block=钛墙 team=2
2026-04-02T14:19:40.8686513+08:00 [BUILD] action=destroyed x=195 y=277 block_id=257 block=传送带 team=0
2026-04-02T14:19:40.8686513+08:00 [BUILD] action=destroyed x=196 y=277 block_id=349 block=双管 team=0
2026-04-02T14:19:40.8686513+08:00 [BUILD] action=destroyed x=199 y=277 block_id=230 block=废墙 team=0
2026-04-02T14:19:40.8686513+08:00 [BUILD] action=destroyed x=186 y=278 block_id=358 block=齐射 team=2
2026-04-02T14:19:40.8686513+08:00 [BUILD] action=destroyed x=190 y=279 block_id=230 block=废墙 team=0
2026-04-02T14:19:40.8686513+08:00 [BUILD] action=destroyed x=193 y=279 block_id=325 block=机械钻头 team=0
2026-04-02T14:19:50.2595291+08:00 [BUILD] action=deconstructing x=174 y=106 block_id=354 block=蓝瑟 team=1
2026-04-02T14:19:54.4159489+08:00 [BUILD] action=destroyed x=174 y=106 block_id=354 block=蓝瑟 team=1
2026-04-02T14:19:55.7681992+08:00 [BUILD] action=destroyed x=166 y=266 block_id=266 block=路由器 team=2
2026-04-02T14:19:56.1213701+08:00 [BUILD] action=destroyed x=167 y=267 block_id=269 block=反向溢流门 team=2
2026-04-02T14:19:56.5734034+08:00 [BUILD] action=destroyed x=164 y=267 block_id=269 block=反向溢流门 team=2
2026-04-02T14:20:46.5578167+08:00 [BUILD] action=destroyed x=168 y=266 block_id=269 block=反向溢流门 team=2
2026-04-02T14:20:47.5313728+08:00 [BUILD] action=destroyed x=165 y=266 block_id=260 block=装甲传送带 team=2
2026-04-02T14:20:51.9601244+08:00 [BUILD] action=destroyed x=166 y=264 block_id=378 block=空军工厂 team=2
2026-04-02T06:22:49.3914175Z [NET] kind=tcp_accept packet= conn_id=1292601649 uuid= ip=120.243.168.186 name="" detail=
2026-04-02T06:22:49.4754205Z [NET] kind=connect_packet packet=*protocol.ConnectPacket conn_id=53788 uuid=CXiLZJrsCOgAAAAAqSKn3g== ip=120.243.168.186 name="" detail=version=156 type=official mods=0
2026-04-02T06:22:49.6152506Z [NET] kind=world_handshake_sent packet= conn_id=53788 uuid=CXiLZJrsCOgAAAAAqSKn3g== ip=120.243.168.186 name="[scarlet]（未绑定杂鱼~）[]dfd[gray]53788[]" detail=
2026-04-02T06:22:50.5762322Z [NET] kind=connect_confirm_client_snapshot packet=*protocol.Remote_NetServer_clientSnapshot_22 conn_id=53788 uuid=CXiLZJrsCOgAAAAAqSKn3g== ip=120.243.168.186 name="[scarlet]（未绑定杂鱼~）[]dfd[gray]53788[]" detail=
2026-04-02T14:22:50.6635919+08:00 [RESPAWN] player="dfd" team=1 core=core-foundation core_x=164 core_y=79 spawn_x=164 spawn_y=79
2026-04-02T06:22:50.6802761Z [NET] kind=tcp_closed packet= conn_id=53404 uuid=MAv3KaDNyXEAAAAAz4iNgQ== ip=10.147.17.101 name="[scarlet]（未绑定杂鱼~）[][#F285D1]月[#8982edff]子[#87ceebff]芳 I\uf7a9\uf7be[gray]53404[]" detail=EOF
2026-04-02T14:22:50.6852465+08:00 [RESPAWN] player="dfd" team=1 unit=36 build_speed=0.75 spawn_x=164 spawn_y=79
2026-04-02T14:23:01.7008094+08:00 [BUILD] action=constructed x=212 y=74 block_id=363 block=气旋 team=1 rot=1
2026-04-02T14:23:02.4995513+08:00 [BUILD] action=constructed x=207 y=71 block_id=327 block=激光钻头 team=1 rot=0
2026-04-02T14:23:10.1062962+08:00 [BUILD] action=constructed x=200 y=61 block_id=230 block=废墙 team=1 rot=0
2026-04-02T14:23:10.1062962+08:00 [BUILD] action=constructed x=201 y=51 block_id=230 block=废墙 team=1 rot=0
2026-04-02T14:23:10.1062962+08:00 [BUILD] action=constructed x=201 y=52 block_id=230 block=废墙 team=1 rot=0
2026-04-02T14:23:10.1062962+08:00 [BUILD] action=constructed x=201 y=59 block_id=230 block=废墙 team=1 rot=0
2026-04-02T14:23:10.1062962+08:00 [BUILD] action=constructed x=201 y=60 block_id=231 block=大型废墙 team=1 rot=0
2026-04-02T14:23:10.1062962+08:00 [BUILD] action=constructed x=201 y=73 block_id=230 block=废墙 team=1 rot=0
2026-04-02T14:23:10.1062962+08:00 [BUILD] action=constructed x=202 y=53 block_id=231 block=大型废墙 team=1 rot=0
2026-04-02T14:23:10.1062962+08:00 [BUILD] action=constructed x=202 y=55 block_id=230 block=废墙 team=1 rot=0
2026-04-02T14:23:10.107801+08:00 [BUILD] action=constructed x=202 y=67 block_id=230 block=废墙 team=1 rot=0
2026-04-02T14:23:10.107801+08:00 [BUILD] action=constructed x=202 y=72 block_id=230 block=废墙 team=1 rot=0
2026-04-02T14:23:10.107801+08:00 [BUILD] action=constructed x=202 y=73 block_id=230 block=废墙 team=1 rot=0
2026-04-02T14:23:10.107801+08:00 [BUILD] action=constructed x=203 y=66 block_id=230 block=废墙 team=1 rot=0
2026-04-02T14:23:10.107801+08:00 [BUILD] action=constructed x=203 y=67 block_id=230 block=废墙 team=1 rot=0
2026-04-02T14:23:10.107801+08:00 [BUILD] action=constructed x=203 y=73 block_id=230 block=废墙 team=1 rot=0
2026-04-02T14:23:10.107801+08:00 [BUILD] action=constructed x=203 y=74 block_id=230 block=废墙 team=1 rot=0
2026-04-02T14:23:10.107801+08:00 [BUILD] action=constructed x=203 y=78 block_id=230 block=废墙 team=1 rot=0
2026-04-02T14:23:10.107801+08:00 [BUILD] action=constructed x=204 y=47 block_id=230 block=废墙 team=1 rot=0
2026-04-02T14:23:10.107801+08:00 [BUILD] action=constructed x=204 y=48 block_id=231 block=大型废墙 team=1 rot=0
2026-04-02T14:23:10.1088085+08:00 [BUILD] action=constructed x=205 y=54 block_id=361 block=雷光 team=1 rot=1
2026-04-02T14:23:10.1088085+08:00 [BUILD] action=constructed x=204 y=61 block_id=230 block=废墙 team=1 rot=0
2026-04-02T14:23:10.2504811+08:00 [BUILD] action=constructed x=204 y=78 block_id=230 block=废墙 team=1 rot=0
2026-04-02T14:23:10.2520874+08:00 [BUILD] action=constructed x=204 y=79 block_id=230 block=废墙 team=1 rot=0
2026-04-02T14:23:10.2520874+08:00 [BUILD] action=constructed x=205 y=68 block_id=326 block=气动钻头 team=1 rot=0
2026-04-02T14:23:10.2520874+08:00 [BUILD] action=constructed x=205 y=70 block_id=289 block=流体路由器 team=1 rot=0
2026-04-02T14:23:10.2520874+08:00 [BUILD] action=constructed x=205 y=71 block_id=287 block=脉冲导管 team=1 rot=3
2026-04-02T14:23:10.2520874+08:00 [BUILD] action=constructed x=205 y=73 block_id=287 block=脉冲导管 team=1 rot=3
2026-04-02T14:23:10.2520874+08:00 [BUILD] action=constructed x=205 y=77 block_id=230 block=废墙 team=1 rot=0
2026-04-02T14:23:10.2530127+08:00 [BUILD] action=constructed x=206 y=48 block_id=230 block=废墙 team=1 rot=0
2026-04-02T14:23:10.2530127+08:00 [BUILD] action=constructed x=206 y=63 block_id=230 block=废墙 team=1 rot=0
2026-04-02T14:23:10.2530127+08:00 [BUILD] action=constructed x=207 y=54 block_id=258 block=钛传送带 team=1 rot=2
2026-04-02T14:23:10.2530127+08:00 [BUILD] action=constructed x=207 y=61 block_id=258 block=钛传送带 team=1 rot=0
2026-04-02T14:23:10.2535192+08:00 [BUILD] action=constructed x=207 y=64 block_id=258 block=钛传送带 team=1 rot=3
2026-04-02T14:23:10.2535192+08:00 [BUILD] action=constructed x=207 y=65 block_id=258 block=钛传送带 team=1 rot=3
2026-04-02T14:23:10.2535192+08:00 [BUILD] action=constructed x=207 y=67 block_id=258 block=钛传送带 team=1 rot=3
2026-04-02T14:23:10.2535192+08:00 [BUILD] action=constructed x=207 y=68 block_id=266 block=路由器 team=1 rot=0
2026-04-02T14:23:10.2540373+08:00 [BUILD] action=constructed x=207 y=69 block_id=258 block=钛传送带 team=1 rot=3
2026-04-02T14:23:10.2540373+08:00 [BUILD] action=constructed x=208 y=46 block_id=231 block=大型废墙 team=1 rot=0
2026-04-02T14:23:10.2540373+08:00 [BUILD] action=constructed x=209 y=59 block_id=315 block=钍反应堆 team=1 rot=0
2026-04-02T14:23:10.2540373+08:00 [BUILD] action=constructed x=208 y=62 block_id=230 block=废墙 team=1 rot=0
2026-04-02T14:23:10.2540373+08:00 [BUILD] action=constructed x=208 y=63 block_id=230 block=废墙 team=1 rot=0
2026-04-02T14:23:10.3961126+08:00 [BUILD] action=constructed x=209 y=50 block_id=258 block=钛传送带 team=1 rot=3
2026-04-02T14:23:10.4308916+08:00 [BUILD] action=constructed x=209 y=51 block_id=258 block=钛传送带 team=1 rot=3
2026-04-02T14:23:10.467986+08:00 [BUILD] action=constructed x=209 y=57 block_id=258 block=钛传送带 team=1 rot=1
2026-04-02T14:23:10.4689918+08:00 [BUILD] action=constructed x=209 y=62 block_id=230 block=废墙 team=1 rot=0
2026-04-02T14:23:10.4689918+08:00 [BUILD] action=constructed x=209 y=66 block_id=306 block=电池 team=1 rot=0
2026-04-02T14:23:10.4689918+08:00 [BUILD] action=constructed x=209 y=68 block_id=258 block=钛传送带 team=1 rot=0
2026-04-02T14:23:10.4689918+08:00 [BUILD] action=constructed x=209 y=76 block_id=230 block=废墙 team=1 rot=0
2026-04-02T14:23:10.4689918+08:00 [BUILD] action=constructed x=210 y=47 block_id=230 block=废墙 team=1 rot=0
2026-04-02T14:23:10.4689918+08:00 [BUILD] action=constructed x=210 y=49 block_id=329 block=抽水机 team=1 rot=0
2026-04-02T14:23:10.4689918+08:00 [BUILD] action=constructed x=210 y=61 block_id=258 block=钛传送带 team=1 rot=0
2026-04-02T14:23:10.4689918+08:00 [BUILD] action=constructed x=210 y=65 block_id=306 block=电池 team=1 rot=0
2026-04-02T14:23:10.4701081+08:00 [BUILD] action=constructed x=210 y=68 block_id=258 block=钛传送带 team=1 rot=0
2026-04-02T14:23:10.470268+08:00 [BUILD] action=constructed x=210 y=69 block_id=302 block=电力节点 team=1 rot=0
2026-04-02T14:23:10.470268+08:00 [BUILD] action=constructed x=210 y=76 block_id=231 block=大型废墙 team=1 rot=0
2026-04-02T14:23:10.470268+08:00 [BUILD] action=constructed x=211 y=48 block_id=287 block=脉冲导管 team=1 rot=2
2026-04-02T14:23:10.470268+08:00 [BUILD] action=constructed x=211 y=58 block_id=287 block=脉冲导管 team=1 rot=2
2026-04-02T14:23:10.470268+08:00 [BUILD] action=constructed x=211 y=61 block_id=258 block=钛传送带 team=1 rot=0
2026-04-02T14:23:10.470268+08:00 [BUILD] action=constructed x=212 y=50 block_id=287 block=脉冲导管 team=1 rot=1
2026-04-02T14:23:10.470268+08:00 [BUILD] action=constructed x=212 y=53 block_id=287 block=脉冲导管 team=1 rot=1
2026-04-02T14:23:10.4711172+08:00 [BUILD] action=constructed x=212 y=54 block_id=289 block=流体路由器 team=1 rot=0
2026-04-02T14:23:10.5457418+08:00 [BUILD] action=constructed x=212 y=55 block_id=302 block=电力节点 team=1 rot=0
2026-04-02T14:23:10.7198923+08:00 [BUILD] action=constructed x=212 y=59 block_id=189 block=冷冻液混合器 team=1 rot=0
2026-04-02T14:23:10.7198923+08:00 [BUILD] action=constructed x=212 y=61 block_id=258 block=钛传送带 team=1 rot=3
2026-04-02T14:23:10.7198923+08:00 [BUILD] action=constructed x=212 y=66 block_id=258 block=钛传送带 team=1 rot=3
2026-04-02T14:23:10.7198923+08:00 [BUILD] action=constructed x=212 y=68 block_id=186 block=塑钢压缩机 team=1 rot=0
2026-04-02T14:23:10.7198923+08:00 [BUILD] action=constructed x=212 y=70 block_id=258 block=钛传送带 team=1 rot=1
2026-04-02T14:23:10.7198923+08:00 [BUILD] action=constructed x=212 y=71 block_id=258 block=钛传送带 team=1 rot=1
2026-04-02T14:23:10.7198923+08:00 [BUILD] action=constructed x=212 y=77 block_id=230 block=废墙 team=1 rot=0
2026-04-02T14:23:10.7198923+08:00 [BUILD] action=constructed x=213 y=47 block_id=230 block=废墙 team=1 rot=0
2026-04-02T14:23:10.7198923+08:00 [BUILD] action=constructed x=213 y=48 block_id=287 block=脉冲导管 team=1 rot=0
2026-04-02T14:23:10.7198923+08:00 [BUILD] action=constructed x=213 y=54 block_id=287 block=脉冲导管 team=1 rot=0
2026-04-02T14:23:10.7198923+08:00 [BUILD] action=constructed x=213 y=58 block_id=293 block=导管桥 team=1 rot=0
2026-04-02T14:23:10.7213972+08:00 [BUILD] action=constructed x=213 y=65 block_id=258 block=钛传送带 team=1 rot=0
2026-04-02T14:23:10.7213972+08:00 [BUILD] action=constructed x=213 y=70 block_id=287 block=脉冲导管 team=1 rot=3
2026-04-02T14:23:10.7213972+08:00 [BUILD] action=constructed x=214 y=46 block_id=230 block=废墙 team=1 rot=0
2026-04-02T14:23:10.7213972+08:00 [BUILD] action=constructed x=214 y=48 block_id=287 block=脉冲导管 team=1 rot=0
2026-04-02T14:23:10.7213972+08:00 [BUILD] action=constructed x=215 y=54 block_id=327 block=激光钻头 team=1 rot=0
2026-04-02T14:23:10.7213972+08:00 [BUILD] action=constructed x=214 y=62 block_id=231 block=大型废墙 team=1 rot=0
2026-04-02T14:23:10.7213972+08:00 [BUILD] action=constructed x=214 y=65 block_id=258 block=钛传送带 team=1 rot=0
2026-04-02T14:23:10.7213972+08:00 [BUILD] action=constructed x=214 y=68 block_id=283 block=机械泵 team=1 rot=0
2026-04-02T14:23:10.7224036+08:00 [BUILD] action=constructed x=214 y=75 block_id=230 block=废墙 team=1 rot=0
2026-04-02T14:23:10.9114138+08:00 [BUILD] action=constructed x=215 y=46 block_id=230 block=废墙 team=1 rot=0
2026-04-02T14:23:10.9443681+08:00 [BUILD] action=constructed x=215 y=48 block_id=358 block=齐射 team=1 rot=1
2026-04-02T14:23:10.9443681+08:00 [BUILD] action=constructed x=215 y=50 block_id=258 block=钛传送带 team=1 rot=3
2026-04-02T14:23:10.9443681+08:00 [BUILD] action=constructed x=215 y=52 block_id=258 block=钛传送带 team=1 rot=3
2026-04-02T14:23:10.9443681+08:00 [BUILD] action=constructed x=215 y=56 block_id=258 block=钛传送带 team=1 rot=1
2026-04-02T14:23:10.9443681+08:00 [BUILD] action=constructed x=215 y=57 block_id=258 block=钛传送带 team=1 rot=1
2026-04-02T14:23:10.9443681+08:00 [BUILD] action=constructed x=215 y=70 block_id=283 block=机械泵 team=1 rot=0
2026-04-02T14:23:10.9443681+08:00 [BUILD] action=constructed x=215 y=75 block_id=230 block=废墙 team=1 rot=0
2026-04-02T14:23:10.9443681+08:00 [BUILD] action=constructed x=216 y=63 block_id=230 block=废墙 team=1 rot=0
2026-04-02T14:23:10.9443681+08:00 [BUILD] action=constructed x=216 y=67 block_id=283 block=机械泵 team=1 rot=0
2026-04-02T14:23:10.9443681+08:00 [BUILD] action=constructed x=216 y=72 block_id=290 block=流体容器 team=1 rot=0
2026-04-02T14:23:10.9458289+08:00 [BUILD] action=constructed x=217 y=58 block_id=293 block=导管桥 team=1 rot=0
2026-04-02T14:23:10.9458289+08:00 [BUILD] action=constructed x=217 y=67 block_id=287 block=脉冲导管 team=1 rot=1
2026-04-02T14:23:10.9458289+08:00 [BUILD] action=constructed x=217 y=68 block_id=287 block=脉冲导管 team=1 rot=1
2026-04-02T14:23:10.9458289+08:00 [BUILD] action=constructed x=217 y=70 block_id=287 block=脉冲导管 team=1 rot=1
2026-04-02T14:23:10.9458289+08:00 [BUILD] action=constructed x=217 y=71 block_id=287 block=脉冲导管 team=1 rot=1
2026-04-02T14:23:10.9458289+08:00 [BUILD] action=constructed x=217 y=74 block_id=230 block=废墙 team=1 rot=0
2026-04-02T14:23:10.9458289+08:00 [BUILD] action=constructed x=218 y=54 block_id=258 block=钛传送带 team=1 rot=0
2026-04-02T14:23:10.9458289+08:00 [BUILD] action=constructed x=219 y=46 block_id=230 block=废墙 team=1 rot=0
2026-04-02T14:23:10.9468322+08:00 [BUILD] action=constructed x=219 y=47 block_id=230 block=废墙 team=1 rot=0
2026-04-02T14:23:11.0491437+08:00 [BUILD] action=constructed x=220 y=46 block_id=230 block=废墙 team=1 rot=0
2026-04-02T14:23:11.0820312+08:00 [BUILD] action=constructed x=222 y=43 block_id=230 block=废墙 team=1 rot=0
2026-04-02T14:23:11.0999924+08:00 [BUILD] action=constructed x=222 y=44 block_id=230 block=废墙 team=1 rot=0
2026-04-02T14:23:11.1469421+08:00 [BUILD] action=constructed x=223 y=45 block_id=230 block=废墙 team=1 rot=0
2026-04-02T14:23:17.3678721+08:00 [BUILD] action=deconstructing x=215 y=70 block_id=283 block=机械泵 team=1
2026-04-02T14:23:18.0464541+08:00 [BUILD] action=destroyed x=215 y=70 block_id=283 block=机械泵 team=1
2026-04-02T14:23:18.0796446+08:00 [BUILD] action=deconstructing x=216 y=72 block_id=290 block=流体容器 team=1
2026-04-02T14:23:19.1076464+08:00 [BUILD] action=destroyed x=216 y=72 block_id=290 block=流体容器 team=1
2026-04-02T14:23:19.1259767+08:00 [BUILD] action=deconstructing x=216 y=67 block_id=283 block=机械泵 team=1
2026-04-02T06:23:19.2827104Z [NET] kind=tcp_closed packet= conn_id=53788 uuid=CXiLZJrsCOgAAAAAqSKn3g== ip=120.243.168.186 name="[scarlet]（未绑定杂鱼~）[]dfd[gray]53788[]" detail=EOF
2026-04-02T06:28:50.1993747Z [NET] kind=tcp_accept packet= conn_id=2071513843 uuid= ip=10.147.17.101 name="" detail=
2026-04-02T06:28:50.2069874Z [NET] kind=connect_packet packet=*protocol.ConnectPacket conn_id=53404 uuid=MAv3KaDNyXEAAAAAz4iNgQ== ip=10.147.17.101 name="" detail=version=156 type=official mods=0
2026-04-02T06:28:50.2589844Z [NET] kind=world_handshake_sent packet= conn_id=53404 uuid=MAv3KaDNyXEAAAAAz4iNgQ== ip=10.147.17.101 name="[scarlet]（未绑定杂鱼~）[][#F285D1]月[#8982edff]子[#87ceebff]芳 I\uf7a9\uf7be[gray]53404[]" detail=
2026-04-02T06:28:51.1379944Z [NET] kind=connect_confirm_client_snapshot packet=*protocol.Remote_NetServer_clientSnapshot_22 conn_id=53404 uuid=MAv3KaDNyXEAAAAAz4iNgQ== ip=10.147.17.101 name="[scarlet]（未绑定杂鱼~）[][#F285D1]月[#8982edff]子[#87ceebff]芳 I\uf7a9\uf7be[gray]53404[]" detail=
2026-04-02T14:28:51.2067826+08:00 [RESPAWN] player="[#F285D1]月[#8982edff]子[#87ceebff]芳 I\uf7a9\uf7be" team=1 core=core-foundation core_x=164 core_y=79 spawn_x=164 spawn_y=79
2026-04-02T14:28:51.2984509+08:00 [RESPAWN] player="[#F285D1]月[#8982edff]子[#87ceebff]芳 I\uf7a9\uf7be" team=1 unit=36 build_speed=0.75 spawn_x=164 spawn_y=79
2026-04-02T14:28:54.439856+08:00 [BUILD] action=placed x=166 y=77 block_id=270 block=装卸器 team=1 rot=0
2026-04-02T14:28:55.8500497+08:00 [BUILD] action=constructed x=166 y=77 block_id=270 block=装卸器 team=1 rot=0
2026-04-02T14:28:57.9784857+08:00 [BUILD] action=placed x=167 y=77 block_id=183 block=硅冶炼厂 team=1 rot=0
2026-04-02T14:28:58.9076243+08:00 [BUILD] action=constructed x=167 y=77 block_id=183 block=硅冶炼厂 team=1 rot=0
2026-04-02T14:29:04.2054217+08:00 [BUILD] action=placed x=163 y=76 block_id=325 block=机械钻头 team=1 rot=0
2026-04-02T14:29:04.3776056+08:00 [BUILD] action=constructed x=163 y=76 block_id=325 block=机械钻头 team=1 rot=0
2026-04-02T14:29:04.4112839+08:00 [BUILD] action=placed x=163 y=74 block_id=325 block=机械钻头 team=1 rot=0
2026-04-02T14:29:04.583364+08:00 [BUILD] action=constructed x=163 y=74 block_id=325 block=机械钻头 team=1 rot=0
2026-04-02T14:29:04.583364+08:00 [BUILD] action=placed x=163 y=72 block_id=325 block=机械钻头 team=1 rot=0
2026-04-02T14:29:04.7544285+08:00 [BUILD] action=constructed x=163 y=72 block_id=325 block=机械钻头 team=1 rot=0
2026-04-02T14:30:02.2773311+08:00 [BUILD] action=placed x=153 y=84 block_id=325 block=机械钻头 team=1 rot=0
2026-04-02T06:30:02.3936278Z [NET] kind=tcp_accept packet= conn_id=1634323580 uuid= ip=183.211.200.43 name="" detail=
2026-04-02T14:30:02.4342347+08:00 [BUILD] action=constructed x=153 y=84 block_id=325 block=机械钻头 team=1 rot=0
2026-04-02T14:30:02.4694222+08:00 [BUILD] action=placed x=151 y=84 block_id=325 block=机械钻头 team=1 rot=0
2026-04-02T06:30:02.4699328Z [NET] kind=connect_packet packet=*protocol.ConnectPacket conn_id=64472 uuid=gE9+PiTG6pUAAAAANeWbQw== ip=183.211.200.43 name="" detail=version=156 type=official mods=0
2026-04-02T06:30:02.5811928Z [NET] kind=world_handshake_sent packet= conn_id=64472 uuid=gE9+PiTG6pUAAAAANeWbQw== ip=183.211.200.43 name="[scarlet]（未绑定杂鱼~）[]keuai[gray]64472[]" detail=
2026-04-02T14:30:02.63153+08:00 [BUILD] action=constructed x=151 y=84 block_id=325 block=机械钻头 team=1 rot=0
2026-04-02T06:30:02.9493838Z [NET] kind=connect_confirm_client_snapshot packet=*protocol.Remote_NetServer_clientSnapshot_22 conn_id=64472 uuid=gE9+PiTG6pUAAAAANeWbQw== ip=183.211.200.43 name="[scarlet]（未绑定杂鱼~）[]keuai[gray]64472[]" detail=
2026-04-02T14:30:03.0022389+08:00 [RESPAWN] player="keuai" team=1 core=core-foundation core_x=164 core_y=79 spawn_x=164 spawn_y=79
2026-04-02T14:30:03.0320878+08:00 [RESPAWN] player="keuai" team=1 unit=36 build_speed=0.75 spawn_x=164 spawn_y=79
2026-04-02T14:30:04.0764968+08:00 [BUILD] action=placed x=152 y=82 block_id=325 block=机械钻头 team=1 rot=0
2026-04-02T14:30:04.2532236+08:00 [BUILD] action=constructed x=152 y=82 block_id=325 block=机械钻头 team=1 rot=0
2026-04-02T14:30:05.1860602+08:00 [BUILD] action=placed x=151 y=80 block_id=325 block=机械钻头 team=1 rot=0
2026-04-02T14:30:05.3699121+08:00 [BUILD] action=constructed x=151 y=80 block_id=325 block=机械钻头 team=1 rot=0
2026-04-02T14:30:07.7266088+08:00 [BUILD] action=placed x=154 y=83 block_id=257 block=传送带 team=1 rot=3
2026-04-02T14:30:07.762398+08:00 [BUILD] action=constructed x=154 y=83 block_id=257 block=传送带 team=1 rot=3
2026-04-02T14:30:07.8180917+08:00 [BUILD] action=placed x=154 y=82 block_id=257 block=传送带 team=1 rot=3
2026-04-02T14:30:07.8180917+08:00 [BUILD] action=constructed x=154 y=82 block_id=257 block=传送带 team=1 rot=3
2026-04-02T14:30:07.8191048+08:00 [BUILD] action=placed x=154 y=81 block_id=257 block=传送带 team=1 rot=3
2026-04-02T14:30:07.8616403+08:00 [BUILD] action=constructed x=154 y=81 block_id=257 block=传送带 team=1 rot=3
2026-04-02T14:30:08.3364159+08:00 [BUILD] action=placed x=153 y=81 block_id=257 block=传送带 team=1 rot=0
2026-04-02T14:30:08.3364159+08:00 [BUILD] action=constructed x=153 y=81 block_id=257 block=传送带 team=1 rot=0
2026-04-02T14:30:08.9258323+08:00 [BUILD] action=placed x=154 y=81 block_id=257 block=传送带 team=1 rot=0
2026-04-02T14:30:08.9650625+08:00 [BUILD] action=constructed x=154 y=81 block_id=257 block=传送带 team=1 rot=0
2026-04-02T14:30:08.9883532+08:00 [BUILD] action=placed x=155 y=81 block_id=257 block=传送带 team=1 rot=0
2026-04-02T14:30:08.9883532+08:00 [BUILD] action=constructed x=155 y=81 block_id=257 block=传送带 team=1 rot=0
2026-04-02T14:30:09.0232494+08:00 [BUILD] action=placed x=156 y=81 block_id=257 block=传送带 team=1 rot=0
2026-04-02T14:30:09.0441631+08:00 [BUILD] action=constructed x=156 y=81 block_id=257 block=传送带 team=1 rot=0
2026-04-02T14:30:09.0820577+08:00 [BUILD] action=placed x=157 y=81 block_id=257 block=传送带 team=1 rot=0
2026-04-02T14:30:09.0820577+08:00 [BUILD] action=constructed x=157 y=81 block_id=257 block=传送带 team=1 rot=0
2026-04-02T14:30:09.1165663+08:00 [BUILD] action=placed x=158 y=81 block_id=257 block=传送带 team=1 rot=0
2026-04-02T14:30:09.1384185+08:00 [BUILD] action=constructed x=158 y=81 block_id=257 block=传送带 team=1 rot=0
2026-04-02T14:30:09.1554446+08:00 [BUILD] action=placed x=159 y=81 block_id=257 block=传送带 team=1 rot=0
2026-04-02T14:30:09.1764862+08:00 [BUILD] action=constructed x=159 y=81 block_id=257 block=传送带 team=1 rot=0
2026-04-02T14:30:09.2292251+08:00 [BUILD] action=placed x=160 y=81 block_id=257 block=传送带 team=1 rot=0
2026-04-02T14:30:09.2292251+08:00 [BUILD] action=constructed x=160 y=81 block_id=257 block=传送带 team=1 rot=0
2026-04-02T14:30:09.2672005+08:00 [BUILD] action=placed x=161 y=81 block_id=257 block=传送带 team=1 rot=0
2026-04-02T14:30:09.2677068+08:00 [BUILD] action=constructed x=161 y=81 block_id=257 block=传送带 team=1 rot=0
2026-04-02T14:30:09.3050557+08:00 [BUILD] action=placed x=162 y=81 block_id=257 block=传送带 team=1 rot=0
2026-04-02T14:30:09.3421393+08:00 [BUILD] action=constructed x=162 y=81 block_id=257 block=传送带 team=1 rot=0
2026-04-02T14:30:10.7580296+08:00 [BUILD] action=deconstructing x=151 y=84 block_id=325 block=机械钻头 team=1
2026-04-02T14:30:10.9361124+08:00 [BUILD] action=destroyed x=151 y=84 block_id=325 block=机械钻头 team=1
2026-04-02T14:30:16.0235168+08:00 [BUILD] action=deconstructing x=217 y=71 block_id=287 block=脉冲导管 team=1
2026-04-02T14:30:16.1142173+08:00 [BUILD] action=destroyed x=217 y=71 block_id=287 block=脉冲导管 team=1
2026-04-02T14:30:16.1650204+08:00 [BUILD] action=deconstructing x=217 y=70 block_id=287 block=脉冲导管 team=1
2026-04-02T14:30:16.2199114+08:00 [BUILD] action=destroyed x=217 y=70 block_id=287 block=脉冲导管 team=1
2026-04-02T14:30:16.2542444+08:00 [BUILD] action=deconstructing x=217 y=68 block_id=287 block=脉冲导管 team=1
2026-04-02T14:30:16.3279484+08:00 [BUILD] action=destroyed x=217 y=68 block_id=287 block=脉冲导管 team=1
2026-04-02T14:30:16.3788836+08:00 [BUILD] action=deconstructing x=217 y=67 block_id=287 block=脉冲导管 team=1
2026-04-02T14:30:16.4328651+08:00 [BUILD] action=destroyed x=217 y=67 block_id=287 block=脉冲导管 team=1
2026-04-02T14:30:19.4656387+08:00 [BUILD] action=deconstructing x=216 y=67 block_id=283 block=机械泵 team=1
2026-04-02T14:30:20.1236024+08:00 [BUILD] action=destroyed x=216 y=67 block_id=283 block=机械泵 team=1
2026-04-02T14:30:21.8334666+08:00 [BUILD] action=deconstructing x=164 y=111 block_id=186 block=塑钢压缩机 team=1
2026-04-02T14:30:22.4129187+08:00 [BUILD] action=deconstructing x=217 y=74 block_id=230 block=废墙 team=1
2026-04-02T14:30:22.7750131+08:00 [BUILD] action=destroyed x=217 y=74 block_id=230 block=废墙 team=1
2026-04-02T14:30:22.809568+08:00 [BUILD] action=deconstructing x=218 y=74 block_id=230 block=废墙 team=1
2026-04-02T14:30:23.1583363+08:00 [BUILD] action=destroyed x=218 y=74 block_id=230 block=废墙 team=1
2026-04-02T14:30:23.2097389+08:00 [BUILD] action=deconstructing x=218 y=72 block_id=231 block=大型废墙 team=1
2026-04-02T06:30:23.548646Z [NET] kind=tcp_accept packet= conn_id=613822434 uuid= ip=124.235.142.90 name="" detail=
2026-04-02T06:30:23.708198Z [NET] kind=connect_packet packet=*protocol.ConnectPacket conn_id=57556 uuid=746QX9Uh/d0AAAAAMatjtw== ip=124.235.142.90 name="" detail=version=156 type=official mods=0
2026-04-02T06:30:23.880633Z [NET] kind=world_handshake_sent packet= conn_id=57556 uuid=746QX9Uh/d0AAAAAMatjtw== ip=124.235.142.90 name="[scarlet]（未绑定杂鱼~）[]比开局屯蛋萌新菜。[gray]57556[]" detail=
2026-04-02T06:30:24.4295456Z [NET] kind=connect_confirm_client_snapshot packet=*protocol.Remote_NetServer_clientSnapshot_22 conn_id=57556 uuid=746QX9Uh/d0AAAAAMatjtw== ip=124.235.142.90 name="[scarlet]（未绑定杂鱼~）[]比开局屯蛋萌新菜。[gray]57556[]" detail=
2026-04-02T14:30:24.4914409+08:00 [RESPAWN] player="比开局屯蛋萌新菜。" team=1 core=core-foundation core_x=164 core_y=79 spawn_x=164 spawn_y=79
2026-04-02T14:30:24.5242547+08:00 [RESPAWN] player="比开局屯蛋萌新菜。" team=1 unit=36 build_speed=0.75 spawn_x=164 spawn_y=79
2026-04-02T14:30:24.9542801+08:00 [BUILD] action=destroyed x=218 y=72 block_id=231 block=大型废墙 team=1
2026-04-02T14:30:24.9936789+08:00 [BUILD] action=deconstructing x=218 y=71 block_id=230 block=废墙 team=1
2026-04-02T14:30:25.3311988+08:00 [BUILD] action=destroyed x=218 y=71 block_id=230 block=废墙 team=1
2026-04-02T06:30:29.9299728Z [NET] kind=tcp_closed packet= conn_id=64472 uuid=gE9+PiTG6pUAAAAANeWbQw== ip=183.211.200.43 name="[scarlet]（未绑定杂鱼~）[]keuai[gray]64472[]" detail=EOF
2026-04-02T14:30:30.2396498+08:00 [BUILD] action=destroyed x=164 y=111 block_id=186 block=塑钢压缩机 team=1
2026-04-02T14:30:30.2956087+08:00 [BUILD] action=placed x=166 y=76 block_id=308 block=火力发电机 team=1 rot=0
2026-04-02T14:30:30.9290827+08:00 [BUILD] action=constructed x=166 y=76 block_id=308 block=火力发电机 team=1 rot=0
2026-04-02T14:30:30.9638283+08:00 [BUILD] action=placed x=168 y=75 block_id=302 block=电力节点 team=1 rot=0
2026-04-02T14:30:31.1141602+08:00 [BUILD] action=constructed x=168 y=75 block_id=302 block=电力节点 team=1 rot=0
2026-04-02T06:30:41.1470364Z [NET] kind=tcp_closed packet= conn_id=57556 uuid=746QX9Uh/d0AAAAAMatjtw== ip=124.235.142.90 name="[scarlet]（未绑定杂鱼~）[]比开局屯蛋萌新菜。[gray]57556[]" detail=EOF
2026-04-02T06:30:46.7893835Z [NET] kind=tcp_accept packet= conn_id=118009870 uuid= ip=192.168.0.101 name="" detail=
2026-04-02T06:30:46.8122201Z [NET] kind=connect_packet packet=*protocol.ConnectPacket conn_id=12153 uuid=bRea8YRoGToAAAAAPO9P1Q== ip=192.168.0.101 name="" detail=version=156 type=official mods=0
2026-04-02T06:30:46.8614719Z [NET] kind=world_handshake_sent packet= conn_id=12153 uuid=bRea8YRoGToAAAAAPO9P1Q== ip=192.168.0.101 name="[scarlet]（未绑定杂鱼~）[][#00ffffff]月[#8982edff]子[#87ceebff]芳 \uf7a9\uf7be[gray]12153[]" detail=
2026-04-02T06:30:47.1535551Z [NET] kind=connect_confirm_client_snapshot packet=*protocol.Remote_NetServer_clientSnapshot_22 conn_id=12153 uuid=bRea8YRoGToAAAAAPO9P1Q== ip=192.168.0.101 name="[scarlet]（未绑定杂鱼~）[][#00ffffff]月[#8982edff]子[#87ceebff]芳 \uf7a9\uf7be[gray]12153[]" detail=
2026-04-02T14:30:47.2261533+08:00 [RESPAWN] player="[#00ffffff]月[#8982edff]子[#87ceebff]芳 \uf7a9\uf7be" team=1 core=core-foundation core_x=164 core_y=79 spawn_x=164 spawn_y=79
2026-04-02T14:30:47.2439055+08:00 [RESPAWN] player="[#00ffffff]月[#8982edff]子[#87ceebff]芳 \uf7a9\uf7be" team=1 unit=36 build_speed=0.75 spawn_x=164 spawn_y=79
2026-04-02T14:30:56.4551863+08:00 [BUILD] action=placed x=171 y=72 block_id=303 block=大型电力节点 team=1 rot=0
2026-04-02T14:30:56.8880088+08:00 [BUILD] action=constructed x=171 y=72 block_id=303 block=大型电力节点 team=1 rot=0
