2026-03-31T03:03:43.5376379Z [NET] kind=tcp_accept packet= conn_id=1984173915 uuid= ip=127.0.0.1 name="" detail=
2026-03-31T03:03:43.5499127Z [NET] kind=connect_packet packet=*protocol.ConnectPacket conn_id=87402 uuid=MAv3KaDNyXEAAAAAz4iNgQ== ip=127.0.0.1 name="" detail=version=156 type=official mods=0
2026-03-31T03:03:43.6445436Z [NET] kind=world_handshake_sent packet= conn_id=87402 uuid=MAv3KaDNyXEAAAAAz4iNgQ== ip=127.0.0.1 name="[scarlet]（未绑定）[][#F285D1]月[#8982edff]子[#87ceebff]芳 I\uf7a9\uf7be[gray]87402[]" detail=
2026-03-31T03:03:43.8662028Z [NET] kind=connect_confirm_client_snapshot packet=*protocol.Remote_NetServer_clientSnapshot_22 conn_id=87402 uuid=MAv3KaDNyXEAAAAAz4iNgQ== ip=127.0.0.1 name="[scarlet]（未绑定）[][#F285D1]月[#8982edff]子[#87ceebff]芳 I\uf7a9\uf7be[gray]87402[]" detail=
2026-03-31T11:03:43.8996317+08:00 [RESPAWN] player="[#F285D1]月[#8982edff]子[#87ceebff]芳 I\uf7a9\uf7be" team=1 no_core=1 spawn_x=185 spawn_y=71 tile=core-foundation
2026-03-31T11:03:43.9077039+08:00 [RESPAWN] player="[#F285D1]月[#8982edff]子[#87ceebff]芳 I\uf7a9\uf7be" team=1 unit=36 build_speed=0.75 spawn_x=185 spawn_y=71
2026-03-31T11:03:46.0999666+08:00 [BUILD] action=constructed x=205 y=68 block_id=326 block=气动钻头 team=1 rot=0
2026-03-31T11:03:46.1004708+08:00 [BUILD] action=constructed x=205 y=70 block_id=289 block=流体路由器 team=1 rot=0
2026-03-31T11:03:46.1006403+08:00 [BUILD] action=constructed x=205 y=71 block_id=287 block=脉冲导管 team=1 rot=3
2026-03-31T11:03:46.1006403+08:00 [BUILD] action=constructed x=205 y=73 block_id=287 block=脉冲导管 team=1 rot=3
2026-03-31T11:03:46.1006403+08:00 [BUILD] action=constructed x=207 y=71 block_id=327 block=激光钻头 team=1 rot=0
2026-03-31T11:03:46.1006403+08:00 [BUILD] action=constructed x=207 y=68 block_id=266 block=路由器 team=1 rot=0
2026-03-31T11:03:46.1012022+08:00 [BUILD] action=constructed x=207 y=69 block_id=258 block=钛传送带 team=1 rot=3
2026-03-31T11:03:46.1012022+08:00 [BUILD] action=constructed x=209 y=68 block_id=258 block=钛传送带 team=1 rot=0
2026-03-31T11:03:47.9994334+08:00 [BUILD] action=placed x=190 y=79 block_id=266 block=路由器 team=1 rot=0
2026-03-31T11:03:49.3327654+08:00 [BUILD] action=constructed x=190 y=79 block_id=266 block=路由器 team=1 rot=0
2026-03-31T11:03:49.3494488+08:00 [BUILD] action=placed x=189 y=79 block_id=266 block=路由器 team=1 rot=0
2026-03-31T11:03:50.0161427+08:00 [BUILD] action=destroyed x=187 y=79 block_id=266 block=路由器 team=1
2026-03-31T11:03:50.0161427+08:00 [BUILD] action=destroyed x=186 y=79 block_id=266 block=路由器 team=1
2026-03-31T11:03:50.0166644+08:00 [BUILD] action=destroyed x=185 y=79 block_id=266 block=路由器 team=1
2026-03-31T11:03:50.0166644+08:00 [BUILD] action=destroyed x=184 y=79 block_id=266 block=路由器 team=1
2026-03-31T11:03:50.0166644+08:00 [BUILD] action=destroyed x=189 y=79 block_id=266 block=路由器 team=1
2026-03-31T11:03:50.0171878+08:00 [BUILD] action=destroyed x=188 y=79 block_id=266 block=路由器 team=1
2026-03-31T11:03:50.6833978+08:00 [BUILD] action=constructed x=206 y=63 block_id=230 block=废墙 team=1 rot=0
2026-03-31T11:03:50.6835095+08:00 [BUILD] action=constructed x=207 y=61 block_id=258 block=钛传送带 team=1 rot=0
2026-03-31T11:03:50.6835095+08:00 [BUILD] action=constructed x=207 y=64 block_id=258 block=钛传送带 team=1 rot=3
2026-03-31T11:03:50.6843248+08:00 [BUILD] action=constructed x=207 y=65 block_id=258 block=钛传送带 team=1 rot=3
2026-03-31T11:03:50.6843248+08:00 [BUILD] action=constructed x=207 y=67 block_id=258 block=钛传送带 team=1 rot=3
2026-03-31T11:03:50.6843248+08:00 [BUILD] action=constructed x=209 y=59 block_id=315 block=钍反应堆 team=1 rot=0
2026-03-31T11:03:50.6848364+08:00 [BUILD] action=constructed x=208 y=62 block_id=230 block=废墙 team=1 rot=0
2026-03-31T11:03:50.6848364+08:00 [BUILD] action=constructed x=208 y=63 block_id=230 block=废墙 team=1 rot=0
2026-03-31T11:03:50.6848364+08:00 [BUILD] action=constructed x=209 y=62 block_id=230 block=废墙 team=1 rot=0
2026-03-31T11:03:50.6848364+08:00 [BUILD] action=constructed x=209 y=66 block_id=306 block=电池 team=1 rot=0
2026-03-31T11:03:50.6854359+08:00 [BUILD] action=constructed x=210 y=61 block_id=258 block=钛传送带 team=1 rot=0
2026-03-31T11:03:50.6854359+08:00 [BUILD] action=constructed x=210 y=65 block_id=306 block=电池 team=1 rot=0
2026-03-31T11:03:50.6854359+08:00 [BUILD] action=constructed x=210 y=68 block_id=258 block=钛传送带 team=1 rot=0
2026-03-31T11:03:50.6854359+08:00 [BUILD] action=constructed x=210 y=69 block_id=302 block=电力节点 team=1 rot=0
2026-03-31T11:03:50.6859493+08:00 [BUILD] action=constructed x=211 y=61 block_id=258 block=钛传送带 team=1 rot=0
2026-03-31T11:03:50.6859493+08:00 [BUILD] action=constructed x=212 y=74 block_id=363 block=气旋 team=1 rot=1
2026-03-31T11:03:50.6859493+08:00 [BUILD] action=constructed x=212 y=59 block_id=189 block=冷冻液混合器 team=1 rot=0
2026-03-31T11:03:50.6859493+08:00 [BUILD] action=constructed x=212 y=61 block_id=258 block=钛传送带 team=1 rot=3
2026-03-31T11:03:50.6864815+08:00 [BUILD] action=constructed x=212 y=66 block_id=258 block=钛传送带 team=1 rot=3
2026-03-31T11:03:50.6865447+08:00 [BUILD] action=constructed x=212 y=68 block_id=186 block=塑钢压缩机 team=1 rot=0
2026-03-31T11:03:50.7536555+08:00 [BUILD] action=constructed x=212 y=70 block_id=258 block=钛传送带 team=1 rot=1
2026-03-31T11:03:50.7536555+08:00 [BUILD] action=constructed x=212 y=71 block_id=258 block=钛传送带 team=1 rot=1
2026-03-31T11:03:50.7542995+08:00 [BUILD] action=constructed x=213 y=65 block_id=258 block=钛传送带 team=1 rot=0
2026-03-31T11:03:50.7542995+08:00 [BUILD] action=constructed x=213 y=70 block_id=287 block=脉冲导管 team=1 rot=3
2026-03-31T11:03:50.7542995+08:00 [BUILD] action=constructed x=214 y=62 block_id=231 block=大型废墙 team=1 rot=0
2026-03-31T11:03:50.7542995+08:00 [BUILD] action=constructed x=214 y=65 block_id=258 block=钛传送带 team=1 rot=0
2026-03-31T11:03:50.7548375+08:00 [BUILD] action=constructed x=214 y=68 block_id=283 block=机械泵 team=1 rot=0
2026-03-31T11:03:50.7548375+08:00 [BUILD] action=constructed x=214 y=75 block_id=230 block=废墙 team=1 rot=0
2026-03-31T11:03:50.7548375+08:00 [BUILD] action=constructed x=215 y=70 block_id=283 block=机械泵 team=1 rot=0
2026-03-31T11:03:50.7553834+08:00 [BUILD] action=constructed x=215 y=75 block_id=230 block=废墙 team=1 rot=0
2026-03-31T11:03:50.755438+08:00 [BUILD] action=constructed x=216 y=63 block_id=230 block=废墙 team=1 rot=0
2026-03-31T11:03:50.755438+08:00 [BUILD] action=constructed x=216 y=67 block_id=283 block=机械泵 team=1 rot=0
2026-03-31T11:03:50.755438+08:00 [BUILD] action=constructed x=216 y=72 block_id=290 block=流体容器 team=1 rot=0
2026-03-31T11:03:50.755438+08:00 [BUILD] action=constructed x=217 y=67 block_id=287 block=脉冲导管 team=1 rot=1
2026-03-31T11:03:50.7559466+08:00 [BUILD] action=constructed x=217 y=68 block_id=287 block=脉冲导管 team=1 rot=1
2026-03-31T11:03:50.7559466+08:00 [BUILD] action=constructed x=217 y=70 block_id=287 block=脉冲导管 team=1 rot=1
2026-03-31T11:03:50.7559466+08:00 [BUILD] action=constructed x=217 y=71 block_id=287 block=脉冲导管 team=1 rot=1
2026-03-31T11:03:50.7559466+08:00 [BUILD] action=constructed x=217 y=74 block_id=230 block=废墙 team=1 rot=0
2026-03-31T11:03:50.7559466+08:00 [BUILD] action=constructed x=218 y=59 block_id=329 block=抽水机 team=1 rot=0
2026-03-31T11:03:50.7565836+08:00 [BUILD] action=constructed x=218 y=71 block_id=230 block=废墙 team=1 rot=0
2026-03-31T11:03:50.8169229+08:00 [BUILD] action=constructed x=218 y=72 block_id=231 block=大型废墙 team=1 rot=0
2026-03-31T11:03:50.8174728+08:00 [BUILD] action=constructed x=218 y=74 block_id=230 block=废墙 team=1 rot=0
2026-03-31T11:03:51.7663179+08:00 [BUILD] action=constructed x=200 y=61 block_id=230 block=废墙 team=1 rot=0
2026-03-31T11:03:51.7663179+08:00 [BUILD] action=constructed x=201 y=51 block_id=230 block=废墙 team=1 rot=0
2026-03-31T11:03:51.7663179+08:00 [BUILD] action=constructed x=201 y=52 block_id=230 block=废墙 team=1 rot=0
2026-03-31T11:03:51.7668238+08:00 [BUILD] action=constructed x=201 y=59 block_id=230 block=废墙 team=1 rot=0
2026-03-31T11:03:51.7668238+08:00 [BUILD] action=constructed x=201 y=60 block_id=231 block=大型废墙 team=1 rot=0
2026-03-31T11:03:51.7668238+08:00 [BUILD] action=constructed x=201 y=73 block_id=230 block=废墙 team=1 rot=0
2026-03-31T11:03:51.7673566+08:00 [BUILD] action=constructed x=202 y=53 block_id=231 block=大型废墙 team=1 rot=0
2026-03-31T11:03:51.7673566+08:00 [BUILD] action=constructed x=202 y=55 block_id=230 block=废墙 team=1 rot=0
2026-03-31T11:03:51.7673566+08:00 [BUILD] action=constructed x=202 y=67 block_id=230 block=废墙 team=1 rot=0
2026-03-31T11:03:51.7679058+08:00 [BUILD] action=constructed x=202 y=72 block_id=230 block=废墙 team=1 rot=0
2026-03-31T11:03:51.7679058+08:00 [BUILD] action=constructed x=202 y=73 block_id=230 block=废墙 team=1 rot=0
2026-03-31T11:03:51.7679058+08:00 [BUILD] action=constructed x=203 y=66 block_id=230 block=废墙 team=1 rot=0
2026-03-31T11:03:51.7684617+08:00 [BUILD] action=constructed x=203 y=67 block_id=230 block=废墙 team=1 rot=0
2026-03-31T11:03:51.7684617+08:00 [BUILD] action=constructed x=203 y=73 block_id=230 block=废墙 team=1 rot=0
2026-03-31T11:03:51.7684617+08:00 [BUILD] action=constructed x=203 y=74 block_id=230 block=废墙 team=1 rot=0
2026-03-31T11:03:51.7684617+08:00 [BUILD] action=constructed x=203 y=78 block_id=230 block=废墙 team=1 rot=0
2026-03-31T11:03:51.7689982+08:00 [BUILD] action=constructed x=204 y=47 block_id=230 block=废墙 team=1 rot=0
2026-03-31T11:03:51.7689982+08:00 [BUILD] action=constructed x=204 y=48 block_id=231 block=大型废墙 team=1 rot=0
2026-03-31T11:03:51.7689982+08:00 [BUILD] action=constructed x=205 y=54 block_id=361 block=雷光 team=1 rot=1
2026-03-31T11:03:51.7689982+08:00 [BUILD] action=constructed x=204 y=61 block_id=230 block=废墙 team=1 rot=0
2026-03-31T11:03:51.8329728+08:00 [BUILD] action=constructed x=204 y=78 block_id=230 block=废墙 team=1 rot=0
2026-03-31T11:03:51.8331639+08:00 [BUILD] action=constructed x=205 y=77 block_id=230 block=废墙 team=1 rot=0
2026-03-31T11:03:51.8331639+08:00 [BUILD] action=constructed x=206 y=48 block_id=230 block=废墙 team=1 rot=0
2026-03-31T11:03:51.8331639+08:00 [BUILD] action=constructed x=207 y=54 block_id=258 block=钛传送带 team=1 rot=2
2026-03-31T11:03:51.8337015+08:00 [BUILD] action=constructed x=208 y=46 block_id=231 block=大型废墙 team=1 rot=0
2026-03-31T11:03:51.8337015+08:00 [BUILD] action=constructed x=209 y=50 block_id=258 block=钛传送带 team=1 rot=3
2026-03-31T11:03:51.8337015+08:00 [BUILD] action=constructed x=209 y=51 block_id=258 block=钛传送带 team=1 rot=3
2026-03-31T11:03:51.8337015+08:00 [BUILD] action=constructed x=209 y=57 block_id=258 block=钛传送带 team=1 rot=1
2026-03-31T11:03:51.8342741+08:00 [BUILD] action=constructed x=209 y=76 block_id=230 block=废墙 team=1 rot=0
2026-03-31T11:03:51.8342741+08:00 [BUILD] action=constructed x=210 y=47 block_id=230 block=废墙 team=1 rot=0
2026-03-31T11:03:51.8342741+08:00 [BUILD] action=constructed x=210 y=49 block_id=329 block=抽水机 team=1 rot=0
2026-03-31T11:03:51.834784+08:00 [BUILD] action=constructed x=210 y=76 block_id=231 block=大型废墙 team=1 rot=0
2026-03-31T11:03:51.834784+08:00 [BUILD] action=constructed x=211 y=48 block_id=287 block=脉冲导管 team=1 rot=2
2026-03-31T11:03:51.834784+08:00 [BUILD] action=constructed x=211 y=58 block_id=287 block=脉冲导管 team=1 rot=2
2026-03-31T11:03:51.834784+08:00 [BUILD] action=constructed x=212 y=50 block_id=287 block=脉冲导管 team=1 rot=1
2026-03-31T11:03:51.8353393+08:00 [BUILD] action=constructed x=212 y=53 block_id=287 block=脉冲导管 team=1 rot=1
2026-03-31T11:03:51.8353393+08:00 [BUILD] action=constructed x=212 y=54 block_id=289 block=流体路由器 team=1 rot=0
2026-03-31T11:03:51.8353393+08:00 [BUILD] action=constructed x=212 y=55 block_id=302 block=电力节点 team=1 rot=0
2026-03-31T11:03:51.8353393+08:00 [BUILD] action=constructed x=212 y=77 block_id=230 block=废墙 team=1 rot=0
2026-03-31T11:03:51.8353393+08:00 [BUILD] action=constructed x=213 y=47 block_id=230 block=废墙 team=1 rot=0
2026-03-31T11:03:51.8995445+08:00 [BUILD] action=constructed x=213 y=48 block_id=287 block=脉冲导管 team=1 rot=0
2026-03-31T11:03:51.8997253+08:00 [BUILD] action=constructed x=213 y=54 block_id=287 block=脉冲导管 team=1 rot=0
2026-03-31T11:03:51.8997253+08:00 [BUILD] action=constructed x=213 y=58 block_id=293 block=导管桥 team=1 rot=0
2026-03-31T11:03:51.8997253+08:00 [BUILD] action=constructed x=214 y=46 block_id=230 block=废墙 team=1 rot=0
2026-03-31T11:03:51.9002619+08:00 [BUILD] action=constructed x=214 y=48 block_id=287 block=脉冲导管 team=1 rot=0
2026-03-31T11:03:51.9002619+08:00 [BUILD] action=constructed x=215 y=54 block_id=327 block=激光钻头 team=1 rot=0
2026-03-31T11:03:51.9002619+08:00 [BUILD] action=constructed x=215 y=46 block_id=230 block=废墙 team=1 rot=0
2026-03-31T11:03:51.9007725+08:00 [BUILD] action=constructed x=215 y=48 block_id=358 block=齐射 team=1 rot=1
2026-03-31T11:03:51.9007725+08:00 [BUILD] action=constructed x=215 y=50 block_id=258 block=钛传送带 team=1 rot=3
2026-03-31T11:03:51.9007725+08:00 [BUILD] action=constructed x=215 y=52 block_id=258 block=钛传送带 team=1 rot=3
2026-03-31T11:03:51.9013173+08:00 [BUILD] action=constructed x=215 y=56 block_id=258 block=钛传送带 team=1 rot=1
2026-03-31T11:03:51.9013173+08:00 [BUILD] action=constructed x=215 y=57 block_id=258 block=钛传送带 team=1 rot=1
2026-03-31T11:03:51.9013173+08:00 [BUILD] action=constructed x=217 y=58 block_id=293 block=导管桥 team=1 rot=0
2026-03-31T11:03:51.9013173+08:00 [BUILD] action=constructed x=218 y=54 block_id=258 block=钛传送带 team=1 rot=0
2026-03-31T11:03:51.9013173+08:00 [BUILD] action=constructed x=219 y=46 block_id=230 block=废墙 team=1 rot=0
2026-03-31T11:03:51.9019085+08:00 [BUILD] action=constructed x=219 y=47 block_id=230 block=废墙 team=1 rot=0
2026-03-31T11:03:51.9019085+08:00 [BUILD] action=constructed x=219 y=58 block_id=287 block=脉冲导管 team=1 rot=2
2026-03-31T11:03:51.9019085+08:00 [BUILD] action=constructed x=220 y=46 block_id=230 block=废墙 team=1 rot=0
2026-03-31T11:03:51.9019085+08:00 [BUILD] action=constructed x=220 y=58 block_id=287 block=脉冲导管 team=1 rot=2
2026-03-31T11:03:51.9024146+08:00 [BUILD] action=constructed x=222 y=43 block_id=230 block=废墙 team=1 rot=0
2026-03-31T11:03:51.9828041+08:00 [BUILD] action=constructed x=222 y=44 block_id=230 block=废墙 team=1 rot=0
2026-03-31T11:03:51.9828041+08:00 [BUILD] action=constructed x=222 y=49 block_id=230 block=废墙 team=1 rot=0
2026-03-31T11:03:51.9828041+08:00 [BUILD] action=constructed x=222 y=50 block_id=230 block=废墙 team=1 rot=0
2026-03-31T11:03:51.9833608+08:00 [BUILD] action=constructed x=222 y=53 block_id=230 block=废墙 team=1 rot=0
2026-03-31T11:03:51.9833608+08:00 [BUILD] action=constructed x=222 y=54 block_id=231 block=大型废墙 team=1 rot=0
2026-03-31T11:03:51.9833608+08:00 [BUILD] action=constructed x=223 y=45 block_id=230 block=废墙 team=1 rot=0
2026-03-31T11:03:51.9833608+08:00 [BUILD] action=constructed x=225 y=46 block_id=230 block=废墙 team=1 rot=0
2026-03-31T11:03:51.9833608+08:00 [BUILD] action=constructed x=225 y=47 block_id=230 block=废墙 team=1 rot=0
2026-03-31T11:03:51.9839365+08:00 [BUILD] action=constructed x=226 y=47 block_id=230 block=废墙 team=1 rot=0
2026-03-31T11:03:51.9839365+08:00 [BUILD] action=constructed x=229 y=47 block_id=230 block=废墙 team=1 rot=0
2026-03-31T11:03:54.8998647+08:00 [BUILD] action=constructed x=142 y=108 block_id=286 block=导管 team=1 rot=1
2026-03-31T11:03:54.8998647+08:00 [BUILD] action=constructed x=142 y=110 block_id=326 block=气动钻头 team=1 rot=0
2026-03-31T11:03:54.8998647+08:00 [BUILD] action=constructed x=142 y=113 block_id=286 block=导管 team=1 rot=0
2026-03-31T11:03:54.9004305+08:00 [BUILD] action=constructed x=143 y=107 block_id=286 block=导管 team=1 rot=1
2026-03-31T11:03:54.9004305+08:00 [BUILD] action=constructed x=143 y=108 block_id=289 block=流体路由器 team=1 rot=0
2026-03-31T11:03:54.9009411+08:00 [BUILD] action=constructed x=143 y=109 block_id=258 block=钛传送带 team=1 rot=0
2026-03-31T11:03:54.9009411+08:00 [BUILD] action=constructed x=143 y=112 block_id=326 block=气动钻头 team=1 rot=0
2026-03-31T11:03:54.9009411+08:00 [BUILD] action=constructed x=144 y=109 block_id=258 block=钛传送带 team=1 rot=0
2026-03-31T11:03:54.9009411+08:00 [BUILD] action=constructed x=144 y=110 block_id=326 block=气动钻头 team=1 rot=0
2026-03-31T11:03:54.9014727+08:00 [BUILD] action=constructed x=144 y=114 block_id=258 block=钛传送带 team=1 rot=0
2026-03-31T11:03:54.9014727+08:00 [BUILD] action=constructed x=145 y=106 block_id=358 block=齐射 team=1 rot=1
2026-03-31T11:03:54.9014727+08:00 [BUILD] action=constructed x=145 y=109 block_id=286 block=导管 team=1 rot=1
2026-03-31T11:03:54.9014727+08:00 [BUILD] action=constructed x=145 y=112 block_id=326 block=气动钻头 team=1 rot=0
2026-03-31T11:03:54.9014727+08:00 [BUILD] action=constructed x=146 y=108 block_id=258 block=钛传送带 team=1 rot=3
2026-03-31T11:03:54.9020793+08:00 [BUILD] action=constructed x=146 y=114 block_id=258 block=钛传送带 team=1 rot=0
2026-03-31T11:03:54.9020793+08:00 [BUILD] action=constructed x=147 y=105 block_id=230 block=废墙 team=1 rot=0
2026-03-31T11:03:54.9020793+08:00 [BUILD] action=constructed x=147 y=114 block_id=258 block=钛传送带 team=1 rot=0
2026-03-31T11:03:54.9020793+08:00 [BUILD] action=constructed x=148 y=109 block_id=306 block=电池 team=1 rot=0
2026-03-31T11:03:54.9020793+08:00 [BUILD] action=constructed x=148 y=110 block_id=306 block=电池 team=1 rot=0
2026-03-31T11:03:54.902587+08:00 [BUILD] action=constructed x=149 y=111 block_id=306 block=电池 team=1 rot=0
2026-03-31T11:03:54.9832445+08:00 [BUILD] action=constructed x=150 y=114 block_id=258 block=钛传送带 team=1 rot=0
2026-03-31T11:03:54.9832445+08:00 [BUILD] action=constructed x=151 y=106 block_id=349 block=双管 team=1 rot=1
2026-03-31T11:03:54.9832445+08:00 [BUILD] action=constructed x=151 y=107 block_id=266 block=路由器 team=1 rot=0
2026-03-31T11:03:54.9837518+08:00 [BUILD] action=constructed x=151 y=110 block_id=258 block=钛传送带 team=1 rot=3
2026-03-31T11:03:54.9837518+08:00 [BUILD] action=constructed x=151 y=111 block_id=258 block=钛传送带 team=1 rot=3
2026-03-31T11:03:54.9837518+08:00 [BUILD] action=constructed x=151 y=113 block_id=258 block=钛传送带 team=1 rot=3
2026-03-31T11:03:54.9843072+08:00 [BUILD] action=constructed x=151 y=114 block_id=258 block=钛传送带 team=1 rot=3
2026-03-31T11:03:54.9843583+08:00 [BUILD] action=constructed x=152 y=104 block_id=230 block=废墙 team=1 rot=0
2026-03-31T11:03:54.9843583+08:00 [BUILD] action=constructed x=152 y=105 block_id=230 block=废墙 team=1 rot=0
2026-03-31T11:03:54.9843583+08:00 [BUILD] action=constructed x=152 y=107 block_id=258 block=钛传送带 team=1 rot=3
2026-03-31T11:03:54.9843583+08:00 [BUILD] action=constructed x=153 y=104 block_id=230 block=废墙 team=1 rot=0
2026-03-31T11:03:54.9849184+08:00 [BUILD] action=constructed x=153 y=110 block_id=302 block=电力节点 team=1 rot=0
2026-03-31T11:03:54.9849184+08:00 [BUILD] action=constructed x=155 y=111 block_id=230 block=废墙 team=1 rot=0
2026-03-31T11:03:54.9849184+08:00 [BUILD] action=constructed x=155 y=112 block_id=230 block=废墙 team=1 rot=0
2026-03-31T11:03:54.9849184+08:00 [BUILD] action=constructed x=155 y=125 block_id=230 block=废墙 team=1 rot=0
2026-03-31T11:03:54.9854259+08:00 [BUILD] action=constructed x=155 y=126 block_id=231 block=大型废墙 team=1 rot=0
2026-03-31T11:03:54.9854259+08:00 [BUILD] action=constructed x=156 y=103 block_id=230 block=废墙 team=1 rot=0
2026-03-31T11:03:54.9854259+08:00 [BUILD] action=constructed x=156 y=106 block_id=231 block=大型废墙 team=1 rot=0
2026-03-31T11:03:54.9854259+08:00 [BUILD] action=constructed x=156 y=117 block_id=230 block=废墙 team=1 rot=0
2026-03-31T11:03:54.9859798+08:00 [BUILD] action=constructed x=156 y=118 block_id=231 block=大型废墙 team=1 rot=0
2026-03-31T11:03:55.0499703+08:00 [BUILD] action=constructed x=156 y=124 block_id=230 block=废墙 team=1 rot=0
2026-03-31T11:03:55.0500972+08:00 [BUILD] action=constructed x=156 y=128 block_id=230 block=废墙 team=1 rot=0
2026-03-31T11:03:55.0506066+08:00 [BUILD] action=constructed x=157 y=102 block_id=230 block=废墙 team=1 rot=0
2026-03-31T11:03:55.0506066+08:00 [BUILD] action=constructed x=157 y=103 block_id=231 block=大型废墙 team=1 rot=0
2026-03-31T11:03:55.0506066+08:00 [BUILD] action=constructed x=157 y=108 block_id=230 block=废墙 team=1 rot=0
2026-03-31T11:03:55.0512119+08:00 [BUILD] action=constructed x=157 y=120 block_id=230 block=废墙 team=1 rot=0
2026-03-31T11:03:55.0512119+08:00 [BUILD] action=constructed x=157 y=128 block_id=351 block=火焰 team=1 rot=1
2026-03-31T11:03:55.0512119+08:00 [BUILD] action=constructed x=158 y=106 block_id=230 block=废墙 team=1 rot=0
2026-03-31T11:03:55.0512119+08:00 [BUILD] action=constructed x=159 y=108 block_id=363 block=气旋 team=1 rot=1
2026-03-31T11:03:55.0517202+08:00 [BUILD] action=constructed x=158 y=120 block_id=230 block=废墙 team=1 rot=0
2026-03-31T11:03:55.0517202+08:00 [BUILD] action=constructed x=158 y=121 block_id=230 block=废墙 team=1 rot=0
2026-03-31T11:03:55.0517202+08:00 [BUILD] action=constructed x=158 y=125 block_id=284 block=回转泵 team=1 rot=0
2026-03-31T11:03:55.0517202+08:00 [BUILD] action=constructed x=158 y=128 block_id=258 block=钛传送带 team=1 rot=2
2026-03-31T11:03:55.0517202+08:00 [BUILD] action=constructed x=159 y=103 block_id=230 block=废墙 team=1 rot=0
2026-03-31T11:03:55.0522633+08:00 [BUILD] action=constructed x=159 y=106 block_id=230 block=废墙 team=1 rot=0
2026-03-31T11:03:55.0522633+08:00 [BUILD] action=constructed x=159 y=110 block_id=258 block=钛传送带 team=1 rot=3
2026-03-31T11:03:55.0522633+08:00 [BUILD] action=constructed x=159 y=111 block_id=258 block=钛传送带 team=1 rot=3
2026-03-31T11:03:55.0522633+08:00 [BUILD] action=constructed x=159 y=112 block_id=286 block=导管 team=1 rot=0
2026-03-31T11:03:55.0527934+08:00 [BUILD] action=constructed x=159 y=113 block_id=286 block=导管 team=1 rot=3
2026-03-31T11:03:55.0527934+08:00 [BUILD] action=constructed x=159 y=116 block_id=286 block=导管 team=1 rot=3
2026-03-31T11:03:55.1327907+08:00 [BUILD] action=constructed x=159 y=117 block_id=289 block=流体路由器 team=1 rot=0
2026-03-31T11:03:55.1328944+08:00 [BUILD] action=constructed x=159 y=118 block_id=286 block=导管 team=1 rot=3
2026-03-31T11:03:55.1328944+08:00 [BUILD] action=constructed x=159 y=120 block_id=230 block=废墙 team=1 rot=0
2026-03-31T11:03:55.1328944+08:00 [BUILD] action=constructed x=159 y=123 block_id=289 block=流体路由器 team=1 rot=0
2026-03-31T11:03:55.1334431+08:00 [BUILD] action=constructed x=159 y=124 block_id=286 block=导管 team=1 rot=3
2026-03-31T11:03:55.1334431+08:00 [BUILD] action=constructed x=160 y=111 block_id=258 block=钛传送带 team=1 rot=2
2026-03-31T11:03:55.1334431+08:00 [BUILD] action=constructed x=160 y=112 block_id=286 block=导管 team=1 rot=0
2026-03-31T11:03:55.1334431+08:00 [BUILD] action=constructed x=160 y=117 block_id=286 block=导管 team=1 rot=0
2026-03-31T11:03:55.1334431+08:00 [BUILD] action=constructed x=160 y=123 block_id=286 block=导管 team=1 rot=0
2026-03-31T11:03:55.1339838+08:00 [BUILD] action=constructed x=161 y=113 block_id=258 block=钛传送带 team=1 rot=3
2026-03-31T11:03:55.1339838+08:00 [BUILD] action=constructed x=162 y=115 block_id=327 block=激光钻头 team=1 rot=0
2026-03-31T11:03:55.1339838+08:00 [BUILD] action=constructed x=161 y=127 block_id=345 block=容器 team=1 rot=0
2026-03-31T11:03:55.1345419+08:00 [BUILD] action=constructed x=162 y=104 block_id=230 block=废墙 team=1 rot=0
2026-03-31T11:03:55.1345419+08:00 [BUILD] action=constructed x=162 y=105 block_id=230 block=废墙 team=1 rot=0
2026-03-31T11:03:55.1345419+08:00 [BUILD] action=constructed x=162 y=109 block_id=258 block=钛传送带 team=1 rot=0
2026-03-31T11:03:55.1345419+08:00 [BUILD] action=constructed x=162 y=110 block_id=258 block=钛传送带 team=1 rot=3
2026-03-31T11:03:55.1350879+08:00 [BUILD] action=constructed x=162 y=119 block_id=302 block=电力节点 team=1 rot=0
2026-03-31T11:03:55.135259+08:00 [BUILD] action=constructed x=162 y=123 block_id=197 block=煤炭离心机 team=1 rot=0
2026-03-31T11:03:55.135259+08:00 [BUILD] action=constructed x=162 y=125 block_id=258 block=钛传送带 team=1 rot=1
2026-03-31T11:03:55.1357708+08:00 [BUILD] action=constructed x=162 y=129 block_id=230 block=废墙 team=1 rot=0
2026-03-31T11:03:55.2159056+08:00 [BUILD] action=constructed x=163 y=104 block_id=230 block=废墙 team=1 rot=0
2026-03-31T11:03:55.2159056+08:00 [BUILD] action=constructed x=163 y=107 block_id=230 block=废墙 team=1 rot=0
2026-03-31T11:03:55.2159056+08:00 [BUILD] action=constructed x=163 y=108 block_id=345 block=容器 team=1 rot=0
2026-03-31T11:03:55.2159056+08:00 [BUILD] action=constructed x=163 y=117 block_id=286 block=导管 team=1 rot=0
2026-03-31T11:03:55.2169613+08:00 [BUILD] action=constructed x=163 y=120 block_id=230 block=废墙 team=1 rot=0
2026-03-31T11:03:55.2169613+08:00 [BUILD] action=constructed x=163 y=121 block_id=230 block=废墙 team=1 rot=0
2026-03-31T11:03:55.2169613+08:00 [BUILD] action=constructed x=163 y=128 block_id=230 block=废墙 team=1 rot=0
2026-03-31T11:03:55.2169613+08:00 [BUILD] action=constructed x=163 y=129 block_id=230 block=废墙 team=1 rot=0
2026-03-31T11:03:55.2174728+08:00 [BUILD] action=constructed x=164 y=111 block_id=186 block=塑钢压缩机 team=1 rot=0
2026-03-31T11:03:55.2180922+08:00 [BUILD] action=constructed x=164 y=113 block_id=286 block=导管 team=1 rot=3
2026-03-31T11:03:55.2180922+08:00 [BUILD] action=constructed x=164 y=116 block_id=286 block=导管 team=1 rot=3
2026-03-31T11:03:55.2180922+08:00 [BUILD] action=constructed x=164 y=117 block_id=286 block=导管 team=1 rot=3
2026-03-31T11:03:55.218637+08:00 [BUILD] action=constructed x=164 y=121 block_id=230 block=废墙 team=1 rot=0
2026-03-31T11:03:55.218637+08:00 [BUILD] action=constructed x=164 y=123 block_id=258 block=钛传送带 team=1 rot=0
2026-03-31T11:03:55.218637+08:00 [BUILD] action=constructed x=165 y=107 block_id=230 block=废墙 team=1 rot=0
2026-03-31T11:03:55.2191523+08:00 [BUILD] action=constructed x=165 y=108 block_id=230 block=废墙 team=1 rot=0
2026-03-31T11:03:55.2191523+08:00 [BUILD] action=constructed x=165 y=109 block_id=258 block=钛传送带 team=1 rot=2
2026-03-31T11:03:55.2191523+08:00 [BUILD] action=constructed x=165 y=113 block_id=258 block=钛传送带 team=1 rot=3
2026-03-31T11:03:55.2191523+08:00 [BUILD] action=constructed x=165 y=114 block_id=258 block=钛传送带 team=1 rot=3
2026-03-31T11:03:55.2196745+08:00 [BUILD] action=constructed x=165 y=122 block_id=351 block=火焰 team=1 rot=1
2026-03-31T11:03:55.2998447+08:00 [BUILD] action=constructed x=166 y=111 block_id=258 block=钛传送带 team=1 rot=0
2026-03-31T11:03:55.2998447+08:00 [BUILD] action=constructed x=167 y=115 block_id=313 block=太阳能板 team=1 rot=0
2026-03-31T11:03:55.2998447+08:00 [BUILD] action=constructed x=167 y=123 block_id=266 block=路由器 team=1 rot=0
2026-03-31T11:03:55.3003686+08:00 [BUILD] action=constructed x=168 y=110 block_id=258 block=钛传送带 team=1 rot=3
2026-03-31T11:03:55.3003686+08:00 [BUILD] action=constructed x=168 y=111 block_id=258 block=钛传送带 team=1 rot=3
2026-03-31T11:03:55.3003686+08:00 [BUILD] action=constructed x=168 y=114 block_id=313 block=太阳能板 team=1 rot=0
2026-03-31T11:03:55.3003686+08:00 [BUILD] action=constructed x=168 y=115 block_id=313 block=太阳能板 team=1 rot=0
2026-03-31T11:03:55.3010991+08:00 [BUILD] action=constructed x=168 y=120 block_id=230 block=废墙 team=1 rot=0
2026-03-31T11:03:55.3010991+08:00 [BUILD] action=constructed x=168 y=123 block_id=258 block=钛传送带 team=1 rot=0
2026-03-31T11:03:55.3010991+08:00 [BUILD] action=constructed x=169 y=116 block_id=313 block=太阳能板 team=1 rot=0
2026-03-31T11:03:55.3016702+08:00 [BUILD] action=constructed x=169 y=119 block_id=231 block=大型废墙 team=1 rot=0
2026-03-31T11:03:55.3016702+08:00 [BUILD] action=constructed x=169 y=121 block_id=230 block=废墙 team=1 rot=0
2026-03-31T11:03:55.3016702+08:00 [BUILD] action=constructed x=169 y=122 block_id=351 block=火焰 team=1 rot=1
2026-03-31T11:03:55.3022012+08:00 [BUILD] action=constructed x=169 y=123 block_id=258 block=钛传送带 team=1 rot=3
2026-03-31T11:03:55.3022012+08:00 [BUILD] action=constructed x=170 y=122 block_id=230 block=废墙 team=1 rot=0
2026-03-31T11:03:55.3022012+08:00 [BUILD] action=constructed x=170 y=123 block_id=230 block=废墙 team=1 rot=0
2026-03-31T11:03:55.3022012+08:00 [BUILD] action=constructed x=171 y=102 block_id=230 block=废墙 team=1 rot=0
2026-03-31T11:03:55.3027685+08:00 [BUILD] action=constructed x=171 y=110 block_id=230 block=废墙 team=1 rot=0
2026-03-31T11:03:55.3027685+08:00 [BUILD] action=constructed x=171 y=118 block_id=230 block=废墙 team=1 rot=0
2026-03-31T11:03:55.3027685+08:00 [BUILD] action=constructed x=172 y=102 block_id=230 block=废墙 team=1 rot=0
2026-03-31T11:03:55.3662611+08:00 [BUILD] action=constructed x=172 y=106 block_id=230 block=废墙 team=1 rot=0
2026-03-31T11:03:55.3662611+08:00 [BUILD] action=constructed x=172 y=110 block_id=230 block=废墙 team=1 rot=0
2026-03-31T11:03:55.3662611+08:00 [BUILD] action=constructed x=172 y=118 block_id=230 block=废墙 team=1 rot=0
2026-03-31T11:03:55.3667668+08:00 [BUILD] action=constructed x=173 y=104 block_id=230 block=废墙 team=1 rot=0
2026-03-31T11:03:55.3667668+08:00 [BUILD] action=constructed x=173 y=105 block_id=230 block=废墙 team=1 rot=0
2026-03-31T11:03:55.3667668+08:00 [BUILD] action=constructed x=173 y=109 block_id=302 block=电力节点 team=1 rot=0
2026-03-31T11:03:55.3667668+08:00 [BUILD] action=constructed x=173 y=110 block_id=350 block=分裂 team=1 rot=1
2026-03-31T11:03:55.3667668+08:00 [BUILD] action=constructed x=173 y=114 block_id=350 block=分裂 team=1 rot=1
2026-03-31T11:03:55.3673039+08:00 [BUILD] action=constructed x=174 y=104 block_id=230 block=废墙 team=1 rot=0
2026-03-31T11:03:55.3674857+08:00 [BUILD] action=constructed x=174 y=106 block_id=354 block=蓝瑟 team=1 rot=1
2026-03-31T11:03:55.3674857+08:00 [BUILD] action=constructed x=175 y=109 block_id=326 block=气动钻头 team=1 rot=0
2026-03-31T11:03:55.3679933+08:00 [BUILD] action=constructed x=175 y=111 block_id=258 block=钛传送带 team=1 rot=1
2026-03-31T11:03:55.3679933+08:00 [BUILD] action=constructed x=175 y=113 block_id=266 block=路由器 team=1 rot=0
2026-03-31T11:03:55.3679933+08:00 [BUILD] action=constructed x=175 y=114 block_id=258 block=钛传送带 team=1 rot=1
2026-03-31T11:03:55.3679933+08:00 [BUILD] action=constructed x=176 y=117 block_id=326 block=气动钻头 team=1 rot=0
2026-03-31T11:03:55.3685962+08:00 [BUILD] action=constructed x=177 y=105 block_id=230 block=废墙 team=1 rot=0
2026-03-31T11:03:55.3685962+08:00 [BUILD] action=constructed x=177 y=110 block_id=260 block=装甲传送带 team=1 rot=1
2026-03-31T11:03:55.3685962+08:00 [BUILD] action=constructed x=177 y=112 block_id=258 block=钛传送带 team=1 rot=0
2026-03-31T11:03:55.3685962+08:00 [BUILD] action=constructed x=177 y=113 block_id=258 block=钛传送带 team=1 rot=3
2026-03-31T11:03:55.3691022+08:00 [BUILD] action=constructed x=177 y=116 block_id=258 block=钛传送带 team=1 rot=3
2026-03-31T11:03:55.4332297+08:00 [BUILD] action=constructed x=177 y=119 block_id=230 block=废墙 team=1 rot=0
2026-03-31T11:03:55.4334+08:00 [BUILD] action=constructed x=178 y=104 block_id=231 block=大型废墙 team=1 rot=0
2026-03-31T11:03:55.4334+08:00 [BUILD] action=constructed x=178 y=107 block_id=262 block=传送带桥 team=1 rot=0
2026-03-31T11:03:55.4334+08:00 [BUILD] action=constructed x=178 y=110 block_id=262 block=传送带桥 team=1 rot=0
2026-03-31T11:03:55.4339753+08:00 [BUILD] action=constructed x=178 y=111 block_id=185 block=窑炉 team=1 rot=0
2026-03-31T11:03:55.4339753+08:00 [BUILD] action=constructed x=178 y=114 block_id=326 block=气动钻头 team=1 rot=0
2026-03-31T11:03:55.4344838+08:00 [BUILD] action=constructed x=178 y=118 block_id=230 block=废墙 team=1 rot=0
2026-03-31T11:03:55.4344838+08:00 [BUILD] action=constructed x=179 y=106 block_id=258 block=钛传送带 team=1 rot=0
2026-03-31T11:03:55.4344838+08:00 [BUILD] action=constructed x=179 y=110 block_id=258 block=钛传送带 team=1 rot=1
2026-03-31T11:03:55.4350042+08:00 [BUILD] action=constructed x=179 y=118 block_id=230 block=废墙 team=1 rot=0
2026-03-31T11:03:55.4350611+08:00 [BUILD] action=constructed x=180 y=104 block_id=230 block=废墙 team=1 rot=0
2026-03-31T11:03:55.4350611+08:00 [BUILD] action=constructed x=180 y=106 block_id=258 block=钛传送带 team=1 rot=0
2026-03-31T11:03:55.4350611+08:00 [BUILD] action=constructed x=182 y=107 block_id=363 block=气旋 team=1 rot=1
2026-03-31T11:03:55.4350611+08:00 [BUILD] action=constructed x=184 y=102 block_id=230 block=废墙 team=1 rot=0
2026-03-31T11:03:55.4355916+08:00 [BUILD] action=constructed x=184 y=110 block_id=230 block=废墙 team=1 rot=0
2026-03-31T11:03:55.4355916+08:00 [BUILD] action=constructed x=185 y=102 block_id=230 block=废墙 team=1 rot=0
2026-03-31T11:03:55.4355916+08:00 [BUILD] action=constructed x=185 y=103 block_id=230 block=废墙 team=1 rot=0
2026-03-31T11:03:55.4355916+08:00 [BUILD] action=constructed x=185 y=109 block_id=230 block=废墙 team=1 rot=0
2026-03-31T11:03:55.4355916+08:00 [BUILD] action=constructed x=185 y=110 block_id=230 block=废墙 team=1 rot=0
2026-03-31T11:03:55.4361129+08:00 [BUILD] action=constructed x=186 y=103 block_id=231 block=大型废墙 team=1 rot=0
2026-03-31T11:03:57.0001187+08:00 [BUILD] action=constructed x=220 y=150 block_id=230 block=废墙 team=1 rot=0
2026-03-31T11:03:57.0002607+08:00 [BUILD] action=constructed x=223 y=132 block_id=230 block=废墙 team=1 rot=0
2026-03-31T11:03:57.0008712+08:00 [BUILD] action=constructed x=223 y=133 block_id=230 block=废墙 team=1 rot=0
2026-03-31T11:03:57.0008712+08:00 [BUILD] action=constructed x=224 y=132 block_id=230 block=废墙 team=1 rot=0
2026-03-31T11:03:57.0008712+08:00 [BUILD] action=constructed x=224 y=148 block_id=230 block=废墙 team=1 rot=0
2026-03-31T11:03:57.0014043+08:00 [BUILD] action=constructed x=224 y=149 block_id=230 block=废墙 team=1 rot=0
2026-03-31T11:03:57.0014043+08:00 [BUILD] action=constructed x=225 y=147 block_id=231 block=大型废墙 team=1 rot=0
2026-03-31T11:03:57.0014043+08:00 [BUILD] action=constructed x=226 y=126 block_id=230 block=废墙 team=1 rot=0
2026-03-31T11:03:57.002104+08:00 [BUILD] action=constructed x=226 y=127 block_id=230 block=废墙 team=1 rot=0
2026-03-31T11:03:57.002104+08:00 [BUILD] action=constructed x=226 y=129 block_id=230 block=废墙 team=1 rot=0
2026-03-31T11:03:57.002104+08:00 [BUILD] action=constructed x=226 y=134 block_id=230 block=废墙 team=1 rot=0
2026-03-31T11:03:57.002104+08:00 [BUILD] action=constructed x=226 y=141 block_id=230 block=废墙 team=1 rot=0
2026-03-31T11:03:57.0026092+08:00 [BUILD] action=constructed x=226 y=142 block_id=230 block=废墙 team=1 rot=0
2026-03-31T11:03:57.0027313+08:00 [BUILD] action=constructed x=226 y=145 block_id=231 block=大型废墙 team=1 rot=0
2026-03-31T11:03:57.0027313+08:00 [BUILD] action=constructed x=226 y=151 block_id=230 block=废墙 team=1 rot=0
2026-03-31T11:03:57.0027313+08:00 [BUILD] action=constructed x=226 y=152 block_id=230 block=废墙 team=1 rot=0
2026-03-31T11:03:57.0027313+08:00 [BUILD] action=constructed x=227 y=125 block_id=230 block=废墙 team=1 rot=0
2026-03-31T11:03:57.0027313+08:00 [BUILD] action=constructed x=227 y=126 block_id=230 block=废墙 team=1 rot=0
2026-03-31T11:03:57.0032372+08:00 [BUILD] action=constructed x=227 y=130 block_id=230 block=废墙 team=1 rot=0
2026-03-31T11:03:57.0032372+08:00 [BUILD] action=constructed x=227 y=133 block_id=230 block=废墙 team=1 rot=0
2026-03-31T11:03:57.0665465+08:00 [BUILD] action=constructed x=227 y=134 block_id=230 block=废墙 team=1 rot=0
2026-03-31T11:03:57.0666785+08:00 [BUILD] action=constructed x=227 y=143 block_id=230 block=废墙 team=1 rot=0
2026-03-31T11:03:57.0666785+08:00 [BUILD] action=constructed x=227 y=152 block_id=230 block=废墙 team=1 rot=0
2026-03-31T11:03:57.0666785+08:00 [BUILD] action=constructed x=227 y=153 block_id=230 block=废墙 team=1 rot=0
2026-03-31T11:03:57.0671848+08:00 [BUILD] action=constructed x=228 y=130 block_id=302 block=电力节点 team=1 rot=0
2026-03-31T11:03:57.0671848+08:00 [BUILD] action=constructed x=228 y=134 block_id=231 block=大型废墙 team=1 rot=0
2026-03-31T11:03:57.0677416+08:00 [BUILD] action=constructed x=228 y=136 block_id=230 block=废墙 team=1 rot=0
2026-03-31T11:03:57.0677416+08:00 [BUILD] action=constructed x=229 y=145 block_id=426 block=发射台 team=1 rot=0
2026-03-31T11:03:57.0677416+08:00 [BUILD] action=constructed x=228 y=148 block_id=302 block=电力节点 team=1 rot=0
2026-03-31T11:03:57.0677416+08:00 [BUILD] action=constructed x=228 y=151 block_id=354 block=蓝瑟 team=1 rot=1
2026-03-31T11:03:57.0682858+08:00 [BUILD] action=constructed x=229 y=143 block_id=258 block=钛传送带 team=1 rot=1
2026-03-31T11:03:57.0682858+08:00 [BUILD] action=constructed x=230 y=133 block_id=231 block=大型废墙 team=1 rot=0
2026-03-31T11:03:57.0682858+08:00 [BUILD] action=constructed x=230 y=135 block_id=230 block=废墙 team=1 rot=0
2026-03-31T11:03:57.0682858+08:00 [BUILD] action=constructed x=230 y=137 block_id=258 block=钛传送带 team=1 rot=1
2026-03-31T11:03:57.068832+08:00 [BUILD] action=constructed x=230 y=139 block_id=185 block=窑炉 team=1 rot=0
2026-03-31T11:03:57.068832+08:00 [BUILD] action=constructed x=230 y=141 block_id=258 block=钛传送带 team=1 rot=1
2026-03-31T11:03:57.068832+08:00 [BUILD] action=constructed x=230 y=150 block_id=230 block=废墙 team=1 rot=0
2026-03-31T11:03:57.068832+08:00 [BUILD] action=constructed x=230 y=153 block_id=230 block=废墙 team=1 rot=0
2026-03-31T11:03:57.069378+08:00 [BUILD] action=constructed x=231 y=132 block_id=230 block=废墙 team=1 rot=0
2026-03-31T11:03:57.069378+08:00 [BUILD] action=constructed x=231 y=137 block_id=258 block=钛传送带 team=1 rot=2
2026-03-31T11:03:57.1326777+08:00 [BUILD] action=constructed x=231 y=142 block_id=258 block=钛传送带 team=1 rot=2
2026-03-31T11:03:57.1328748+08:00 [BUILD] action=constructed x=231 y=148 block_id=286 block=导管 team=1 rot=3
2026-03-31T11:03:57.1328748+08:00 [BUILD] action=constructed x=231 y=151 block_id=286 block=导管 team=1 rot=3
2026-03-31T11:03:57.1328748+08:00 [BUILD] action=constructed x=231 y=153 block_id=230 block=废墙 team=1 rot=0
2026-03-31T11:03:57.1333829+08:00 [BUILD] action=constructed x=231 y=154 block_id=230 block=废墙 team=1 rot=0
2026-03-31T11:03:57.1333829+08:00 [BUILD] action=constructed x=232 y=132 block_id=230 block=废墙 team=1 rot=0
2026-03-31T11:03:57.1333829+08:00 [BUILD] action=constructed x=232 y=134 block_id=302 block=电力节点 team=1 rot=0
2026-03-31T11:03:57.1333829+08:00 [BUILD] action=constructed x=233 y=136 block_id=327 block=激光钻头 team=1 rot=0
2026-03-31T11:03:57.1339002+08:00 [BUILD] action=constructed x=232 y=141 block_id=266 block=路由器 team=1 rot=0
2026-03-31T11:03:57.1344495+08:00 [BUILD] action=constructed x=232 y=142 block_id=261 block=交叉器 team=1 rot=0
2026-03-31T11:03:57.1345598+08:00 [BUILD] action=constructed x=232 y=145 block_id=302 block=电力节点 team=1 rot=0
2026-03-31T11:03:57.1345598+08:00 [BUILD] action=constructed x=232 y=149 block_id=230 block=废墙 team=1 rot=0
2026-03-31T11:03:57.1345598+08:00 [BUILD] action=constructed x=233 y=138 block_id=258 block=钛传送带 team=1 rot=1
2026-03-31T11:03:57.1345598+08:00 [BUILD] action=constructed x=233 y=141 block_id=258 block=钛传送带 team=1 rot=3
2026-03-31T11:03:57.1350658+08:00 [BUILD] action=constructed x=233 y=144 block_id=266 block=路由器 team=1 rot=0
2026-03-31T11:03:57.1350658+08:00 [BUILD] action=constructed x=233 y=145 block_id=258 block=钛传送带 team=1 rot=1
2026-03-31T11:03:57.1350658+08:00 [BUILD] action=constructed x=233 y=151 block_id=230 block=废墙 team=1 rot=0
2026-03-31T11:03:57.1350658+08:00 [BUILD] action=constructed x=233 y=152 block_id=286 block=导管 team=1 rot=2
2026-03-31T11:03:57.1355853+08:00 [BUILD] action=constructed x=233 y=153 block_id=283 block=机械泵 team=1 rot=0
2026-03-31T11:03:57.1355853+08:00 [BUILD] action=constructed x=234 y=142 block_id=258 block=钛传送带 team=1 rot=2
2026-03-31T11:03:57.216242+08:00 [BUILD] action=constructed x=234 y=144 block_id=258 block=钛传送带 team=1 rot=2
2026-03-31T11:03:57.216242+08:00 [BUILD] action=constructed x=234 y=148 block_id=230 block=废墙 team=1 rot=0
2026-03-31T11:03:57.2167485+08:00 [BUILD] action=constructed x=234 y=150 block_id=231 block=大型废墙 team=1 rot=0
2026-03-31T11:03:57.2167485+08:00 [BUILD] action=constructed x=235 y=132 block_id=230 block=废墙 team=1 rot=0
2026-03-31T11:03:57.2167485+08:00 [BUILD] action=constructed x=235 y=133 block_id=230 block=废墙 team=1 rot=0
2026-03-31T11:03:57.2167485+08:00 [BUILD] action=constructed x=235 y=138 block_id=329 block=抽水机 team=1 rot=0
2026-03-31T11:03:57.2167485+08:00 [BUILD] action=constructed x=235 y=141 block_id=286 block=导管 team=1 rot=1
2026-03-31T11:03:57.2172624+08:00 [BUILD] action=constructed x=235 y=142 block_id=286 block=导管 team=1 rot=1
2026-03-31T11:03:57.2178202+08:00 [BUILD] action=constructed x=235 y=147 block_id=231 block=大型废墙 team=1 rot=0
2026-03-31T11:03:57.2179391+08:00 [BUILD] action=constructed x=235 y=152 block_id=230 block=废墙 team=1 rot=0
2026-03-31T11:03:57.2179391+08:00 [BUILD] action=constructed x=236 y=137 block_id=230 block=废墙 team=1 rot=0
2026-03-31T11:03:57.2179391+08:00 [BUILD] action=constructed x=236 y=149 block_id=230 block=废墙 team=1 rot=0
2026-03-31T11:03:57.2179391+08:00 [BUILD] action=constructed x=237 y=135 block_id=230 block=废墙 team=1 rot=0
2026-03-31T11:03:57.2184452+08:00 [BUILD] action=constructed x=237 y=136 block_id=231 block=大型废墙 team=1 rot=0
2026-03-31T11:03:57.2184452+08:00 [BUILD] action=constructed x=237 y=146 block_id=230 block=废墙 team=1 rot=0
2026-03-31T11:03:57.2184452+08:00 [BUILD] action=constructed x=237 y=147 block_id=230 block=废墙 team=1 rot=0
2026-03-31T11:03:57.2184452+08:00 [BUILD] action=constructed x=238 y=144 block_id=230 block=废墙 team=1 rot=0
2026-03-31T11:03:57.2184452+08:00 [BUILD] action=constructed x=238 y=145 block_id=230 block=废墙 team=1 rot=0
2026-03-31T11:04:03.0996264+08:00 [BUILD] action=placed x=208 y=126 block_id=426 block=发射台 team=1 rot=0
2026-03-31T11:04:04.4330826+08:00 [BUILD] action=constructed x=208 y=126 block_id=426 block=发射台 team=1 rot=0
2026-03-31T11:04:05.4995479+08:00 [BUILD] action=deconstructing x=208 y=126 block_id=426 block=发射台 team=1
2026-03-31T11:04:06.8328478+08:00 [BUILD] action=destroyed x=208 y=126 block_id=426 block=发射台 team=1
2026-03-31T11:04:12.116246+08:00 [BUILD] action=deconstructing x=238 y=144 block_id=230 block=废墙 team=1
2026-03-31T11:04:13.4496878+08:00 [BUILD] action=destroyed x=238 y=144 block_id=230 block=废墙 team=1
2026-03-31T11:04:13.4660604+08:00 [BUILD] action=deconstructing x=238 y=145 block_id=230 block=废墙 team=1
2026-03-31T03:04:20.5049998Z [NET] kind=tcp_accept packet= conn_id=1973072058 uuid= ip=188.18.64.29 name="" detail=
2026-03-31T03:04:21.2528974Z [NET] kind=connect_packet packet=*protocol.ConnectPacket conn_id=18511 uuid=skYVUpBePZoAAAAAZrKRiQ== ip=188.18.64.29 name="" detail=version=156 type=official mods=0
2026-03-31T03:04:21.9375478Z [NET] kind=world_handshake_sent packet= conn_id=18511 uuid=skYVUpBePZoAAAAAZrKRiQ== ip=188.18.64.29 name="[scarlet]（未绑定）[]Milkcs[gray]18511[]" detail=
2026-03-31T03:04:23.4253637Z [NET] kind=connect_confirm_client_snapshot packet=*protocol.Remote_NetServer_clientSnapshot_22 conn_id=18511 uuid=skYVUpBePZoAAAAAZrKRiQ== ip=188.18.64.29 name="[scarlet]（未绑定）[]Milkcs[gray]18511[]" detail=
2026-03-31T11:04:23.463028+08:00 [RESPAWN] player="Milkcs" team=1 no_core=1 spawn_x=185 spawn_y=71 tile=core-foundation
2026-03-31T11:04:23.4712593+08:00 [RESPAWN] player="Milkcs" team=1 unit=36 build_speed=0.75 spawn_x=185 spawn_y=71
2026-03-31T11:04:46.4161415+08:00 [BUILD] action=placed x=177 y=108 block_id=326 block=气动钻头 team=1 rot=0
2026-03-31T11:04:47.7496698+08:00 [BUILD] action=constructed x=177 y=108 block_id=326 block=气动钻头 team=1 rot=0
2026-03-31T11:04:51.6509522+08:00 [BUILD] action=deconstructing x=179 y=108 block_id=326 block=气动钻头 team=1
2026-03-31T11:04:52.999559+08:00 [BUILD] action=destroyed x=179 y=108 block_id=326 block=气动钻头 team=1
2026-03-31T11:04:58.6679711+08:00 [BUILD] action=deconstructing x=179 y=110 block_id=258 block=钛传送带 team=1
2026-03-31T11:05:00.0163525+08:00 [BUILD] action=destroyed x=179 y=110 block_id=258 block=钛传送带 team=1
2026-03-31T11:05:04.6661446+08:00 [BUILD] action=placed x=178 y=106 block_id=258 block=钛传送带 team=1 rot=0
2026-03-31T11:05:05.9993802+08:00 [BUILD] action=constructed x=178 y=106 block_id=258 block=钛传送带 team=1 rot=0
2026-03-31T11:05:19.3161477+08:00 [BUILD] action=placed x=182 y=63 block_id=416 block=载荷源 team=1 rot=0
2026-03-31T11:05:20.6494212+08:00 [BUILD] action=constructed x=182 y=63 block_id=416 block=载荷源 team=1 rot=0
2026-03-31T11:05:31.0497016+08:00 [BUILD] action=placed x=182 y=58 block_id=416 block=载荷源 team=1 rot=0
2026-03-31T11:05:32.3826683+08:00 [BUILD] action=constructed x=182 y=58 block_id=416 block=载荷源 team=1 rot=0
2026-03-31T11:05:45.4995654+08:00 [BUILD] action=placed x=181 y=73 block_id=378 block=空军工厂 team=1 rot=3
2026-03-31T11:05:46.8328344+08:00 [BUILD] action=constructed x=181 y=73 block_id=378 block=空军工厂 team=1 rot=3
2026-03-31T11:05:48.0167647+08:00 [BUILD] action=placed x=183 y=73 block_id=270 block=装卸器 team=1 rot=0
2026-03-31T11:05:49.3496435+08:00 [BUILD] action=constructed x=183 y=73 block_id=270 block=装卸器 team=1 rot=0
2026-03-31T11:05:52.9327545+08:00 [BUILD] action=placed x=183 y=72 block_id=270 block=装卸器 team=1 rot=0
2026-03-31T11:05:54.2664607+08:00 [BUILD] action=constructed x=183 y=72 block_id=270 block=装卸器 team=1 rot=0
2026-03-31T11:06:03.0661223+08:00 [BUILD] action=placed x=184 y=74 block_id=412 block=物品源 team=1 rot=0
2026-03-31T11:06:04.3992929+08:00 [BUILD] action=constructed x=184 y=74 block_id=412 block=物品源 team=1 rot=0
2026-03-31T11:06:04.4161696+08:00 [BUILD] action=placed x=185 y=74 block_id=412 block=物品源 team=1 rot=0
2026-03-31T11:06:05.7496284+08:00 [BUILD] action=constructed x=185 y=74 block_id=412 block=物品源 team=1 rot=0
2026-03-31T11:06:05.7660792+08:00 [BUILD] action=placed x=186 y=74 block_id=412 block=物品源 team=1 rot=0
2026-03-31T11:06:07.1000172+08:00 [BUILD] action=constructed x=186 y=74 block_id=412 block=物品源 team=1 rot=0
2026-03-31T11:06:07.1161186+08:00 [BUILD] action=placed x=187 y=74 block_id=412 block=物品源 team=1 rot=0
2026-03-31T11:06:08.4496385+08:00 [BUILD] action=constructed x=187 y=74 block_id=412 block=物品源 team=1 rot=0
2026-03-31T11:06:08.4662827+08:00 [BUILD] action=placed x=188 y=73 block_id=412 block=物品源 team=1 rot=0
2026-03-31T11:06:09.7997093+08:00 [BUILD] action=constructed x=188 y=73 block_id=412 block=物品源 team=1 rot=0
2026-03-31T11:06:09.8162393+08:00 [BUILD] action=placed x=188 y=72 block_id=412 block=物品源 team=1 rot=0
2026-03-31T11:06:11.1498334+08:00 [BUILD] action=constructed x=188 y=72 block_id=412 block=物品源 team=1 rot=0
2026-03-31T11:06:11.1662811+08:00 [BUILD] action=placed x=188 y=71 block_id=412 block=物品源 team=1 rot=0
2026-03-31T11:06:12.4996627+08:00 [BUILD] action=constructed x=188 y=71 block_id=412 block=物品源 team=1 rot=0
2026-03-31T11:06:12.5160905+08:00 [BUILD] action=placed x=188 y=70 block_id=412 block=物品源 team=1 rot=0
2026-03-31T11:06:13.8505856+08:00 [BUILD] action=constructed x=188 y=70 block_id=412 block=物品源 team=1 rot=0
2026-03-31T11:06:29.7826621+08:00 [BUILD] action=deconstructing x=188 y=73 block_id=412 block=物品源 team=1
2026-03-31T11:06:31.1019714+08:00 [BUILD] action=destroyed x=188 y=73 block_id=412 block=物品源 team=1
2026-03-31T11:06:31.1350154+08:00 [BUILD] action=deconstructing x=188 y=72 block_id=412 block=物品源 team=1
2026-03-31T11:06:32.4522016+08:00 [BUILD] action=destroyed x=188 y=72 block_id=412 block=物品源 team=1
2026-03-31T11:06:32.482852+08:00 [BUILD] action=deconstructing x=188 y=71 block_id=412 block=物品源 team=1
2026-03-31T11:06:33.8163996+08:00 [BUILD] action=destroyed x=188 y=71 block_id=412 block=物品源 team=1
2026-03-31T11:06:33.8331057+08:00 [BUILD] action=deconstructing x=188 y=70 block_id=412 block=物品源 team=1
2026-03-31T11:06:35.16615+08:00 [BUILD] action=destroyed x=188 y=70 block_id=412 block=物品源 team=1
2026-03-31T11:06:35.1831223+08:00 [BUILD] action=deconstructing x=187 y=74 block_id=412 block=物品源 team=1
2026-03-31T11:06:36.5163097+08:00 [BUILD] action=destroyed x=187 y=74 block_id=412 block=物品源 team=1
2026-03-31T11:06:36.532715+08:00 [BUILD] action=deconstructing x=186 y=74 block_id=412 block=物品源 team=1
2026-03-31T11:06:37.8662924+08:00 [BUILD] action=destroyed x=186 y=74 block_id=412 block=物品源 team=1
2026-03-31T11:06:37.8827201+08:00 [BUILD] action=deconstructing x=185 y=74 block_id=412 block=物品源 team=1
2026-03-31T11:06:39.2162298+08:00 [BUILD] action=destroyed x=185 y=74 block_id=412 block=物品源 team=1
2026-03-31T11:06:39.2329459+08:00 [BUILD] action=deconstructing x=184 y=74 block_id=412 block=物品源 team=1
2026-03-31T11:06:40.5661291+08:00 [BUILD] action=destroyed x=184 y=74 block_id=412 block=物品源 team=1
2026-03-31T11:06:40.5833707+08:00 [BUILD] action=deconstructing x=183 y=73 block_id=270 block=装卸器 team=1
2026-03-31T11:06:41.916268+08:00 [BUILD] action=destroyed x=183 y=73 block_id=270 block=装卸器 team=1
2026-03-31T11:06:41.9343751+08:00 [BUILD] action=deconstructing x=183 y=72 block_id=270 block=装卸器 team=1
2026-03-31T11:06:43.2661023+08:00 [BUILD] action=destroyed x=183 y=72 block_id=270 block=装卸器 team=1
2026-03-31T11:06:43.2827226+08:00 [BUILD] action=deconstructing x=181 y=73 block_id=378 block=空军工厂 team=1
2026-03-31T11:06:44.6163676+08:00 [BUILD] action=destroyed x=181 y=73 block_id=378 block=空军工厂 team=1
2026-03-31T03:06:50.0054267Z [NET] kind=tcp_accept packet= conn_id=1504083293 uuid= ip=176.59.146.119 name="" detail=
2026-03-31T11:06:50.3828773+08:00 [BUILD] action=placed x=182 y=87 block_id=412 block=物品源 team=1 rot=0
2026-03-31T03:06:50.4109192Z [NET] kind=connect_packet packet=*protocol.ConnectPacket conn_id=59676 uuid=noLR8DXtCUQAAAAAF0toBg== ip=176.59.146.119 name="" detail=version=156 type=official mods=0
2026-03-31T03:06:50.8422583Z [NET] kind=world_handshake_sent packet= conn_id=59676 uuid=noLR8DXtCUQAAAAAF0toBg== ip=176.59.146.119 name="[scarlet]（未绑定）[][TD] Затмение[gray]59676[]" detail=
2026-03-31T11:06:51.7164419+08:00 [BUILD] action=constructed x=182 y=87 block_id=412 block=物品源 team=1 rot=0
2026-03-31T11:06:51.7327403+08:00 [BUILD] action=placed x=182 y=86 block_id=412 block=物品源 team=1 rot=0
2026-03-31T11:06:53.0662+08:00 [BUILD] action=constructed x=182 y=86 block_id=412 block=物品源 team=1 rot=0
2026-03-31T11:06:53.0828207+08:00 [BUILD] action=placed x=182 y=85 block_id=412 block=物品源 team=1 rot=0
2026-03-31T03:06:53.3617195Z [NET] kind=connect_confirm_client_snapshot packet=*protocol.Remote_NetServer_clientSnapshot_22 conn_id=59676 uuid=noLR8DXtCUQAAAAAF0toBg== ip=176.59.146.119 name="[scarlet]（未绑定）[][TD] Затмение[gray]59676[]" detail=
2026-03-31T11:06:53.3940205+08:00 [RESPAWN] player=" [TD] Затмение" team=1 no_core=1 spawn_x=185 spawn_y=71 tile=core-foundation
2026-03-31T11:06:53.4026198+08:00 [RESPAWN] player=" [TD] Затмение" team=1 unit=36 build_speed=0.75 spawn_x=185 spawn_y=71
2026-03-31T11:06:54.4183596+08:00 [BUILD] action=constructed x=182 y=85 block_id=412 block=物品源 team=1 rot=0
2026-03-31T11:06:54.4183596+08:00 [BUILD] action=placed x=182 y=84 block_id=412 block=物品源 team=1 rot=0
2026-03-31T11:06:55.7662124+08:00 [BUILD] action=constructed x=182 y=84 block_id=412 block=物品源 team=1 rot=0
2026-03-31T11:06:55.7830711+08:00 [BUILD] action=placed x=182 y=83 block_id=412 block=物品源 team=1 rot=0
2026-03-31T11:06:57.1164649+08:00 [BUILD] action=constructed x=182 y=83 block_id=412 block=物品源 team=1 rot=0
2026-03-31T11:06:57.1327183+08:00 [BUILD] action=placed x=182 y=82 block_id=412 block=物品源 team=1 rot=0
2026-03-31T11:06:58.4664217+08:00 [BUILD] action=constructed x=182 y=82 block_id=412 block=物品源 team=1 rot=0
2026-03-31T11:06:58.4829735+08:00 [BUILD] action=placed x=182 y=81 block_id=412 block=物品源 team=1 rot=0
2026-03-31T11:06:59.8165226+08:00 [BUILD] action=constructed x=182 y=81 block_id=412 block=物品源 team=1 rot=0
2026-03-31T11:06:59.8328409+08:00 [BUILD] action=placed x=182 y=80 block_id=412 block=物品源 team=1 rot=0
2026-03-31T11:07:01.1661745+08:00 [BUILD] action=constructed x=182 y=80 block_id=412 block=物品源 team=1 rot=0
2026-03-31T11:07:01.18277+08:00 [BUILD] action=placed x=180 y=87 block_id=378 block=空军工厂 team=1 rot=3
2026-03-31T11:07:02.5163971+08:00 [BUILD] action=constructed x=180 y=87 block_id=378 block=空军工厂 team=1 rot=3
2026-03-31T11:07:02.5326831+08:00 [BUILD] action=placed x=180 y=84 block_id=380 block=数增级单位重构工厂 team=1 rot=3
2026-03-31T11:07:03.8662286+08:00 [BUILD] action=constructed x=180 y=84 block_id=380 block=数增级单位重构工厂 team=1 rot=3
2026-03-31T11:07:03.883065+08:00 [BUILD] action=placed x=179 y=80 block_id=381 block=倍乘级单位重构工厂 team=1 rot=3
2026-03-31T11:07:05.2192814+08:00 [BUILD] action=constructed x=179 y=80 block_id=381 block=倍乘级单位重构工厂 team=1 rot=3
2026-03-31T11:07:11.1496174+08:00 [BUILD] action=placed x=176 y=83 block_id=410 block=电力源 team=1 rot=0
2026-03-31T11:07:12.4828397+08:00 [BUILD] action=constructed x=176 y=83 block_id=410 block=电力源 team=1 rot=0
2026-03-31T11:07:33.9517987+08:00 [BUILD] action=placed x=176 y=82 block_id=412 block=物品源 team=1 rot=0
2026-03-31T11:07:35.2845639+08:00 [BUILD] action=constructed x=176 y=82 block_id=412 block=物品源 team=1 rot=0
2026-03-31T11:07:35.2850637+08:00 [BUILD] action=placed x=176 y=81 block_id=412 block=物品源 team=1 rot=0
2026-03-31T11:07:36.6330735+08:00 [BUILD] action=constructed x=176 y=81 block_id=412 block=物品源 team=1 rot=0
2026-03-31T11:07:36.6497289+08:00 [BUILD] action=placed x=176 y=80 block_id=412 block=物品源 team=1 rot=0
2026-03-31T11:07:37.9831314+08:00 [BUILD] action=constructed x=176 y=80 block_id=412 block=物品源 team=1 rot=0
2026-03-31T11:07:38.0000708+08:00 [BUILD] action=placed x=176 y=79 block_id=412 block=物品源 team=1 rot=0
2026-03-31T11:07:39.3345669+08:00 [BUILD] action=constructed x=176 y=79 block_id=412 block=物品源 team=1 rot=0
2026-03-31T11:07:39.3350762+08:00 [BUILD] action=placed x=176 y=78 block_id=412 block=物品源 team=1 rot=0
2026-03-31T11:07:40.6695797+08:00 [BUILD] action=constructed x=176 y=78 block_id=412 block=物品源 team=1 rot=0
2026-03-31T11:07:40.7017485+08:00 [BUILD] action=placed x=182 y=79 block_id=412 block=物品源 team=1 rot=0
2026-03-31T11:07:42.0329171+08:00 [BUILD] action=constructed x=182 y=79 block_id=412 block=物品源 team=1 rot=0
2026-03-31T11:07:42.0497089+08:00 [BUILD] action=placed x=182 y=78 block_id=412 block=物品源 team=1 rot=0
2026-03-31T11:07:43.3830956+08:00 [BUILD] action=constructed x=182 y=78 block_id=412 block=物品源 team=1 rot=0
2026-03-31T11:08:03.8164492+08:00 [BUILD] action=deconstructing x=182 y=63 block_id=416 block=载荷源 team=1
2026-03-31T11:08:05.1497486+08:00 [BUILD] action=destroyed x=182 y=63 block_id=416 block=载荷源 team=1
2026-03-31T11:08:05.1661298+08:00 [BUILD] action=deconstructing x=182 y=58 block_id=416 block=载荷源 team=1
2026-03-31T11:08:06.4997248+08:00 [BUILD] action=destroyed x=182 y=58 block_id=416 block=载荷源 team=1
2026-03-31T11:08:15.1493949+08:00 [BUILD] action=placed x=169 y=78 block_id=412 block=物品源 team=1 rot=0
2026-03-31T11:08:16.4830888+08:00 [BUILD] action=constructed x=169 y=78 block_id=412 block=物品源 team=1 rot=0
2026-03-31T11:08:16.4995374+08:00 [BUILD] action=placed x=169 y=79 block_id=412 block=物品源 team=1 rot=0
2026-03-31T11:08:17.8330524+08:00 [BUILD] action=constructed x=169 y=79 block_id=412 block=物品源 team=1 rot=0
2026-03-31T11:08:17.8496721+08:00 [BUILD] action=placed x=169 y=80 block_id=412 block=物品源 team=1 rot=0
2026-03-31T11:08:19.1827696+08:00 [BUILD] action=constructed x=169 y=80 block_id=412 block=物品源 team=1 rot=0
2026-03-31T11:08:19.19951+08:00 [BUILD] action=placed x=169 y=81 block_id=412 block=物品源 team=1 rot=0
2026-03-31T11:08:20.5327786+08:00 [BUILD] action=constructed x=169 y=81 block_id=412 block=物品源 team=1 rot=0
2026-03-31T11:08:20.5497397+08:00 [BUILD] action=placed x=169 y=82 block_id=412 block=物品源 team=1 rot=0
2026-03-31T11:08:21.8826161+08:00 [BUILD] action=constructed x=169 y=82 block_id=412 block=物品源 team=1 rot=0
2026-03-31T11:08:21.8997169+08:00 [BUILD] action=placed x=172 y=80 block_id=381 block=倍乘级单位重构工厂 team=1 rot=3
2026-03-31T11:08:23.2330499+08:00 [BUILD] action=constructed x=172 y=80 block_id=381 block=倍乘级单位重构工厂 team=1 rot=3
2026-03-31T11:08:23.2496823+08:00 [BUILD] action=placed x=173 y=84 block_id=380 block=数增级单位重构工厂 team=1 rot=3
2026-03-31T11:08:24.5826166+08:00 [BUILD] action=constructed x=173 y=84 block_id=380 block=数增级单位重构工厂 team=1 rot=3
2026-03-31T11:08:24.5992885+08:00 [BUILD] action=placed x=173 y=87 block_id=378 block=空军工厂 team=1 rot=3
2026-03-31T11:08:25.9329352+08:00 [BUILD] action=constructed x=173 y=87 block_id=378 block=空军工厂 team=1 rot=3
2026-03-31T11:08:25.949776+08:00 [BUILD] action=placed x=175 y=78 block_id=412 block=物品源 team=1 rot=0
2026-03-31T11:08:27.2827931+08:00 [BUILD] action=constructed x=175 y=78 block_id=412 block=物品源 team=1 rot=0
2026-03-31T11:08:27.3014712+08:00 [BUILD] action=placed x=175 y=79 block_id=412 block=物品源 team=1 rot=0
2026-03-31T11:08:28.632627+08:00 [BUILD] action=constructed x=175 y=79 block_id=412 block=物品源 team=1 rot=0
2026-03-31T11:08:28.6493784+08:00 [BUILD] action=placed x=175 y=80 block_id=412 block=物品源 team=1 rot=0
2026-03-31T11:08:29.9849266+08:00 [BUILD] action=constructed x=175 y=80 block_id=412 block=物品源 team=1 rot=0
2026-03-31T11:08:29.9855619+08:00 [BUILD] action=placed x=175 y=81 block_id=412 block=物品源 team=1 rot=0
2026-03-31T11:08:31.3331324+08:00 [BUILD] action=constructed x=175 y=81 block_id=412 block=物品源 team=1 rot=0
2026-03-31T11:08:31.3526804+08:00 [BUILD] action=placed x=175 y=82 block_id=412 block=物品源 team=1 rot=0
2026-03-31T11:08:32.6832067+08:00 [BUILD] action=constructed x=175 y=82 block_id=412 block=物品源 team=1 rot=0
2026-03-31T11:08:32.6993201+08:00 [BUILD] action=placed x=175 y=83 block_id=412 block=物品源 team=1 rot=0
2026-03-31T11:08:34.0327605+08:00 [BUILD] action=constructed x=175 y=83 block_id=412 block=物品源 team=1 rot=0
2026-03-31T11:08:34.0497917+08:00 [BUILD] action=placed x=175 y=84 block_id=412 block=物品源 team=1 rot=0
2026-03-31T11:08:35.382705+08:00 [BUILD] action=constructed x=175 y=84 block_id=412 block=物品源 team=1 rot=0
2026-03-31T11:08:35.3997213+08:00 [BUILD] action=placed x=175 y=85 block_id=412 block=物品源 team=1 rot=0
2026-03-31T11:08:36.7333885+08:00 [BUILD] action=constructed x=175 y=85 block_id=412 block=物品源 team=1 rot=0
2026-03-31T11:08:36.7494707+08:00 [BUILD] action=placed x=175 y=86 block_id=412 block=物品源 team=1 rot=0
2026-03-31T11:08:38.0829608+08:00 [BUILD] action=constructed x=175 y=86 block_id=412 block=物品源 team=1 rot=0
2026-03-31T11:08:38.0997225+08:00 [BUILD] action=placed x=175 y=87 block_id=412 block=物品源 team=1 rot=0
2026-03-31T11:08:39.4327422+08:00 [BUILD] action=constructed x=175 y=87 block_id=412 block=物品源 team=1 rot=0
2026-03-31T11:08:39.4493359+08:00 [BUILD] action=placed x=169 y=83 block_id=410 block=电力源 team=1 rot=0
2026-03-31T11:08:40.7830989+08:00 [BUILD] action=constructed x=169 y=83 block_id=410 block=电力源 team=1 rot=0
2026-03-31T11:08:40.7830989+08:00 [BUILD] action=deconstructing x=179 y=80 block_id=381 block=倍乘级单位重构工厂 team=1
2026-03-31T11:08:42.1160555+08:00 [BUILD] action=destroyed x=179 y=80 block_id=381 block=倍乘级单位重构工厂 team=1
2026-03-31T11:09:19.9830475+08:00 [BUILD] action=placed x=204 y=178 block_id=362 block=浪涌 team=1 rot=3
2026-03-31T11:09:21.3161295+08:00 [BUILD] action=constructed x=204 y=178 block_id=362 block=浪涌 team=1 rot=3
2026-03-31T11:09:21.3328211+08:00 [BUILD] action=placed x=204 y=175 block_id=362 block=浪涌 team=1 rot=3
2026-03-31T11:09:22.6664958+08:00 [BUILD] action=constructed x=204 y=175 block_id=362 block=浪涌 team=1 rot=3
2026-03-31T11:09:22.6829867+08:00 [BUILD] action=placed x=204 y=172 block_id=362 block=浪涌 team=1 rot=3
2026-03-31T11:09:24.002908+08:00 [BUILD] action=constructed x=204 y=172 block_id=362 block=浪涌 team=1 rot=3
2026-03-31T11:09:24.0329886+08:00 [BUILD] action=placed x=204 y=169 block_id=362 block=浪涌 team=1 rot=3
2026-03-31T11:09:25.366306+08:00 [BUILD] action=constructed x=204 y=169 block_id=362 block=浪涌 team=1 rot=3
2026-03-31T11:09:25.3828409+08:00 [BUILD] action=placed x=204 y=166 block_id=362 block=浪涌 team=1 rot=3
2026-03-31T11:09:26.7159816+08:00 [BUILD] action=constructed x=204 y=166 block_id=362 block=浪涌 team=1 rot=3
2026-03-31T11:09:26.7329327+08:00 [BUILD] action=placed x=208 y=178 block_id=362 block=浪涌 team=1 rot=3
2026-03-31T11:09:28.0662674+08:00 [BUILD] action=constructed x=208 y=178 block_id=362 block=浪涌 team=1 rot=3
2026-03-31T11:09:28.0829011+08:00 [BUILD] action=placed x=208 y=175 block_id=362 block=浪涌 team=1 rot=3
2026-03-31T11:09:29.4164588+08:00 [BUILD] action=constructed x=208 y=175 block_id=362 block=浪涌 team=1 rot=3
2026-03-31T11:09:29.4333858+08:00 [BUILD] action=placed x=208 y=172 block_id=362 block=浪涌 team=1 rot=3
2026-03-31T11:09:30.7527598+08:00 [BUILD] action=constructed x=208 y=172 block_id=362 block=浪涌 team=1 rot=3
2026-03-31T11:09:30.7827438+08:00 [BUILD] action=placed x=208 y=169 block_id=362 block=浪涌 team=1 rot=3
2026-03-31T11:09:32.1164764+08:00 [BUILD] action=constructed x=208 y=169 block_id=362 block=浪涌 team=1 rot=3
2026-03-31T11:09:32.1330301+08:00 [BUILD] action=placed x=212 y=178 block_id=362 block=浪涌 team=1 rot=3
2026-03-31T11:09:33.4660485+08:00 [BUILD] action=constructed x=212 y=178 block_id=362 block=浪涌 team=1 rot=3
2026-03-31T11:09:33.483087+08:00 [BUILD] action=placed x=212 y=175 block_id=362 block=浪涌 team=1 rot=3
2026-03-31T11:09:34.8162223+08:00 [BUILD] action=constructed x=212 y=175 block_id=362 block=浪涌 team=1 rot=3
2026-03-31T11:09:34.832594+08:00 [BUILD] action=placed x=212 y=172 block_id=362 block=浪涌 team=1 rot=3
2026-03-31T11:09:36.1661491+08:00 [BUILD] action=constructed x=212 y=172 block_id=362 block=浪涌 team=1 rot=3
2026-03-31T11:09:36.1828656+08:00 [BUILD] action=placed x=208 y=166 block_id=362 block=浪涌 team=1 rot=3
2026-03-31T11:09:37.5166438+08:00 [BUILD] action=constructed x=208 y=166 block_id=362 block=浪涌 team=1 rot=3
2026-03-31T11:09:37.5325763+08:00 [BUILD] action=placed x=206 y=176 block_id=412 block=物品源 team=1 rot=0
2026-03-31T11:09:38.8662317+08:00 [BUILD] action=constructed x=206 y=176 block_id=412 block=物品源 team=1 rot=0
2026-03-31T11:09:38.8852695+08:00 [BUILD] action=placed x=206 y=179 block_id=412 block=物品源 team=1 rot=0
2026-03-31T11:09:40.2163788+08:00 [BUILD] action=constructed x=206 y=179 block_id=412 block=物品源 team=1 rot=0
2026-03-31T11:09:40.2328134+08:00 [BUILD] action=placed x=206 y=178 block_id=412 block=物品源 team=1 rot=0
2026-03-31T11:09:41.5662013+08:00 [BUILD] action=constructed x=206 y=178 block_id=412 block=物品源 team=1 rot=0
2026-03-31T11:09:41.583006+08:00 [BUILD] action=placed x=206 y=177 block_id=412 block=物品源 team=1 rot=0
2026-03-31T11:09:42.9160464+08:00 [BUILD] action=constructed x=206 y=177 block_id=412 block=物品源 team=1 rot=0
2026-03-31T11:09:42.932741+08:00 [BUILD] action=placed x=206 y=175 block_id=412 block=物品源 team=1 rot=0
2026-03-31T11:09:44.2535815+08:00 [BUILD] action=constructed x=206 y=175 block_id=412 block=物品源 team=1 rot=0
2026-03-31T11:09:44.2828005+08:00 [BUILD] action=placed x=206 y=174 block_id=412 block=物品源 team=1 rot=0
2026-03-31T11:09:45.61626+08:00 [BUILD] action=constructed x=206 y=174 block_id=412 block=物品源 team=1 rot=0
2026-03-31T11:09:45.6326971+08:00 [BUILD] action=placed x=206 y=173 block_id=412 block=物品源 team=1 rot=0
2026-03-31T11:09:46.9664736+08:00 [BUILD] action=constructed x=206 y=173 block_id=412 block=物品源 team=1 rot=0
2026-03-31T11:09:46.9829483+08:00 [BUILD] action=placed x=206 y=172 block_id=412 block=物品源 team=1 rot=0
2026-03-31T11:09:48.3161821+08:00 [BUILD] action=constructed x=206 y=172 block_id=412 block=物品源 team=1 rot=0
2026-03-31T11:09:48.3327706+08:00 [BUILD] action=placed x=206 y=171 block_id=412 block=物品源 team=1 rot=0
2026-03-31T11:09:49.6663708+08:00 [BUILD] action=constructed x=206 y=171 block_id=412 block=物品源 team=1 rot=0
2026-03-31T11:09:49.6832221+08:00 [BUILD] action=placed x=206 y=170 block_id=412 block=物品源 team=1 rot=0
2026-03-31T11:09:51.0160761+08:00 [BUILD] action=constructed x=206 y=170 block_id=412 block=物品源 team=1 rot=0
2026-03-31T11:09:51.032971+08:00 [BUILD] action=placed x=206 y=169 block_id=412 block=物品源 team=1 rot=0
2026-03-31T11:09:52.3664249+08:00 [BUILD] action=constructed x=206 y=169 block_id=412 block=物品源 team=1 rot=0
2026-03-31T11:09:52.3828719+08:00 [BUILD] action=placed x=206 y=168 block_id=412 block=物品源 team=1 rot=0
2026-03-31T11:09:53.7031386+08:00 [BUILD] action=constructed x=206 y=168 block_id=412 block=物品源 team=1 rot=0
2026-03-31T11:09:53.7328007+08:00 [BUILD] action=placed x=206 y=167 block_id=412 block=物品源 team=1 rot=0
2026-03-31T11:09:55.0525792+08:00 [BUILD] action=constructed x=206 y=167 block_id=412 block=物品源 team=1 rot=0
2026-03-31T11:09:55.0828501+08:00 [BUILD] action=placed x=206 y=166 block_id=412 block=物品源 team=1 rot=0
2026-03-31T11:09:56.4165037+08:00 [BUILD] action=constructed x=206 y=166 block_id=412 block=物品源 team=1 rot=0
2026-03-31T11:09:56.4327888+08:00 [BUILD] action=placed x=206 y=165 block_id=412 block=物品源 team=1 rot=0
2026-03-31T11:09:57.7531106+08:00 [BUILD] action=constructed x=206 y=165 block_id=412 block=物品源 team=1 rot=0
2026-03-31T11:09:57.7830187+08:00 [BUILD] action=placed x=210 y=179 block_id=412 block=物品源 team=1 rot=0
2026-03-31T11:09:59.1033212+08:00 [BUILD] action=constructed x=210 y=179 block_id=412 block=物品源 team=1 rot=0
2026-03-31T11:09:59.1326639+08:00 [BUILD] action=placed x=210 y=178 block_id=412 block=物品源 team=1 rot=0
2026-03-31T11:10:00.4664224+08:00 [BUILD] action=constructed x=210 y=178 block_id=412 block=物品源 team=1 rot=0
2026-03-31T11:10:00.4856145+08:00 [BUILD] action=placed x=210 y=177 block_id=412 block=物品源 team=1 rot=0
2026-03-31T11:10:01.8164316+08:00 [BUILD] action=constructed x=210 y=177 block_id=412 block=物品源 team=1 rot=0
2026-03-31T11:10:01.8352937+08:00 [BUILD] action=placed x=210 y=176 block_id=412 block=物品源 team=1 rot=0
2026-03-31T11:10:03.1663768+08:00 [BUILD] action=constructed x=210 y=176 block_id=412 block=物品源 team=1 rot=0
2026-03-31T11:10:03.1829564+08:00 [BUILD] action=placed x=210 y=175 block_id=412 block=物品源 team=1 rot=0
2026-03-31T11:10:04.5160643+08:00 [BUILD] action=constructed x=210 y=175 block_id=412 block=物品源 team=1 rot=0
2026-03-31T11:10:04.5328581+08:00 [BUILD] action=placed x=210 y=174 block_id=412 block=物品源 team=1 rot=0
2026-03-31T11:10:05.8662478+08:00 [BUILD] action=constructed x=210 y=174 block_id=412 block=物品源 team=1 rot=0
2026-03-31T11:10:05.8858265+08:00 [BUILD] action=placed x=210 y=173 block_id=412 block=物品源 team=1 rot=0
2026-03-31T11:10:07.2163282+08:00 [BUILD] action=constructed x=210 y=173 block_id=412 block=物品源 team=1 rot=0
2026-03-31T11:10:07.2328981+08:00 [BUILD] action=placed x=210 y=172 block_id=412 block=物品源 team=1 rot=0
2026-03-31T11:10:08.5519777+08:00 [BUILD] action=constructed x=210 y=172 block_id=412 block=物品源 team=1 rot=0
2026-03-31T11:10:08.5828789+08:00 [BUILD] action=placed x=210 y=171 block_id=412 block=物品源 team=1 rot=0
2026-03-31T11:10:09.9163992+08:00 [BUILD] action=constructed x=210 y=171 block_id=412 block=物品源 team=1 rot=0
2026-03-31T03:10:25.5014623Z [NET] kind=tcp_closed packet= conn_id=18511 uuid=skYVUpBePZoAAAAAZrKRiQ== ip=188.18.64.29 name="[scarlet]（未绑定）[]Milkcs[gray]18511[]" detail=EOF
2026-03-31T03:12:52.1772387Z [NET] kind=tcp_closed packet= conn_id=59676 uuid=noLR8DXtCUQAAAAAF0toBg== ip=176.59.146.119 name="[scarlet]（未绑定）[][TD] Затмение[gray]59676[]" detail=EOF
2026-03-31T03:14:21.8207423Z [NET] kind=tcp_accept packet= conn_id=1903674116 uuid= ip=183.42.213.3 name="" detail=
2026-03-31T03:14:21.9447029Z [NET] kind=connect_packet packet=*protocol.ConnectPacket conn_id=83199 uuid=RZnBsbOThMQAAAAAumhwgQ== ip=183.42.213.3 name="" detail=version=156 type=official mods=0
2026-03-31T03:14:22.1138413Z [NET] kind=world_handshake_sent packet= conn_id=83199 uuid=RZnBsbOThMQAAAAAumhwgQ== ip=183.42.213.3 name="[scarlet]（未绑定）[]一死我就开导[gray]83199[]" detail=
2026-03-31T03:14:22.4474236Z [NET] kind=connect_confirm_client_snapshot packet=*protocol.Remote_NetServer_clientSnapshot_22 conn_id=83199 uuid=RZnBsbOThMQAAAAAumhwgQ== ip=183.42.213.3 name="[scarlet]（未绑定）[]一死我就开导[gray]83199[]" detail=
2026-03-31T11:14:22.4797274+08:00 [RESPAWN] player="一死我就开导" team=1 no_core=1 spawn_x=185 spawn_y=71 tile=core-foundation
2026-03-31T11:14:22.4885327+08:00 [RESPAWN] player="一死我就开导" team=1 unit=36 build_speed=0.75 spawn_x=185 spawn_y=71
2026-03-31T03:14:37.328911Z [NET] kind=tcp_closed packet= conn_id=83199 uuid=RZnBsbOThMQAAAAAumhwgQ== ip=183.42.213.3 name="[scarlet]（未绑定）[]一死我就开导[gray]83199[]" detail=EOF
