2026-03-31T14:32:40.1508254Z [NET] kind=tcp_accept packet= conn_id=1407667487 uuid= ip=10.147.17.101 name="" detail=
2026-03-31T14:32:40.1615101Z [NET] kind=connect_packet packet=*protocol.ConnectPacket conn_id=36001 uuid=MAv3KaDNyXEAAAAAz4iNgQ== ip=10.147.17.101 name="" detail=version=156 type=official mods=0
2026-03-31T14:32:40.338969Z [NET] kind=world_handshake_sent packet= conn_id=36001 uuid=MAv3KaDNyXEAAAAAz4iNgQ== ip=10.147.17.101 name="[scarlet]（未绑定杂鱼~）[][#F285D1]月[#8982edff]子[#87ceebff]芳 I\uf7a9\uf7be[gray]36001[]" detail=
2026-03-31T14:32:40.8767667Z [NET] kind=connect_confirm_client_snapshot packet=*protocol.Remote_NetServer_clientSnapshot_22 conn_id=36001 uuid=MAv3KaDNyXEAAAAAz4iNgQ== ip=10.147.17.101 name="[scarlet]（未绑定杂鱼~）[][#F285D1]月[#8982edff]子[#87ceebff]芳 I\uf7a9\uf7be[gray]36001[]" detail=
2026-03-31T22:32:40.9314682+08:00 [RESPAWN] player="[#F285D1]月[#8982edff]子[#87ceebff]芳 I\uf7a9\uf7be" team=1 core=core-nucleus core_x=239 core_y=343 spawn_x=239 spawn_y=343
2026-03-31T22:32:40.9523533+08:00 [RESPAWN] player="[#F285D1]月[#8982edff]子[#87ceebff]芳 I\uf7a9\uf7be" team=1 unit=37 build_speed=1.00 spawn_x=239 spawn_y=343
2026-03-31T22:32:43.4718721+08:00 [BUILD] action=placed x=249 y=343 block_id=257 block=传送带 team=1 rot=3
2026-03-31T22:32:44.4731737+08:00 [BUILD] action=constructed x=249 y=343 block_id=257 block=传送带 team=1 rot=3
2026-03-31T22:32:44.4859576+08:00 [BUILD] action=placed x=249 y=342 block_id=257 block=传送带 team=1 rot=3
2026-03-31T22:32:47.5404077+08:00 [BUILD] action=placed x=242 y=339 block_id=378 block=空军工厂 team=1 rot=3
2026-03-31T22:32:48.5462456+08:00 [BUILD] action=constructed x=242 y=339 block_id=378 block=空军工厂 team=1 rot=3
2026-03-31T22:32:49.8082127+08:00 [BUILD] action=placed x=240 y=340 block_id=270 block=装卸器 team=1 rot=0
2026-03-31T22:32:50.7908775+08:00 [BUILD] action=constructed x=240 y=340 block_id=270 block=装卸器 team=1 rot=0
2026-03-31T22:32:55.0366021+08:00 [BUILD] action=placed x=239 y=338 block_id=315 block=钍反应堆 team=1 rot=0
2026-03-31T22:32:56.0470953+08:00 [BUILD] action=constructed x=239 y=338 block_id=315 block=钍反应堆 team=1 rot=0
2026-03-31T22:33:01.7423196+08:00 [BUILD] action=placed x=240 y=335 block_id=315 block=钍反应堆 team=1 rot=0
2026-03-31T22:33:02.782957+08:00 [BUILD] action=constructed x=240 y=335 block_id=315 block=钍反应堆 team=1 rot=0
2026-03-31T22:33:03.5295619+08:00 [BUILD] action=placed x=241 y=337 block_id=270 block=装卸器 team=1 rot=0
2026-03-31T22:33:04.5340063+08:00 [BUILD] action=constructed x=241 y=337 block_id=270 block=装卸器 team=1 rot=0
2026-03-31T22:33:05.8782539+08:00 [BUILD] action=placed x=239 y=340 block_id=265 block=反向分类器 team=1 rot=0
2026-03-31T22:33:06.8859411+08:00 [BUILD] action=constructed x=239 y=340 block_id=265 block=反向分类器 team=1 rot=0
2026-03-31T22:33:06.8975913+08:00 [BUILD] action=placed x=238 y=340 block_id=265 block=反向分类器 team=1 rot=0
2026-03-31T22:33:07.9000688+08:00 [BUILD] action=constructed x=238 y=340 block_id=265 block=反向分类器 team=1 rot=0
2026-03-31T22:33:08.4299379+08:00 [BUILD] action=placed x=236 y=339 block_id=248 block=超速穹顶 team=1 rot=0
2026-03-31T22:33:09.4341031+08:00 [BUILD] action=constructed x=236 y=339 block_id=248 block=超速穹顶 team=1 rot=0
2026-03-31T22:33:11.8414185+08:00 [BUILD] action=destroyed x=240 y=335 block_id=315 block=钍反应堆 team=1
2026-03-31T22:33:11.8700145+08:00 [BUILD] action=destroyed x=241 y=337 block_id=270 block=装卸器 team=1
2026-03-31T22:33:11.8824967+08:00 [BUILD] action=destroyed x=239 y=338 block_id=315 block=钍反应堆 team=1
2026-03-31T22:33:11.8824967+08:00 [BUILD] action=destroyed x=225 y=339 block_id=231 block=大型废墙 team=0
2026-03-31T22:33:11.8824967+08:00 [BUILD] action=destroyed x=236 y=339 block_id=248 block=超速穹顶 team=1
2026-03-31T22:33:11.8824967+08:00 [BUILD] action=destroyed x=242 y=339 block_id=378 block=空军工厂 team=1
2026-03-31T22:33:11.8824967+08:00 [BUILD] action=destroyed x=222 y=340 block_id=230 block=废墙 team=0
2026-03-31T22:33:11.883529+08:00 [BUILD] action=destroyed x=238 y=340 block_id=265 block=反向分类器 team=1
2026-03-31T22:33:11.883529+08:00 [BUILD] action=destroyed x=239 y=340 block_id=265 block=反向分类器 team=1
2026-03-31T22:33:11.883529+08:00 [BUILD] action=destroyed x=240 y=340 block_id=270 block=装卸器 team=1
2026-03-31T22:33:11.883529+08:00 [BUILD] action=destroyed x=222 y=342 block_id=366 block=熔毁 team=0
2026-03-31T22:33:11.883529+08:00 [BUILD] action=destroyed x=225 y=342 block_id=230 block=废墙 team=0
2026-03-31T22:33:11.883529+08:00 [BUILD] action=destroyed x=225 y=343 block_id=230 block=废墙 team=0
2026-03-31T22:33:11.883529+08:00 [BUILD] action=destroyed x=249 y=343 block_id=257 block=传送带 team=1
2026-03-31T22:33:11.883529+08:00 [BUILD] action=destroyed x=222 y=345 block_id=288 block=电镀导管 team=0
2026-03-31T22:33:11.883529+08:00 [BUILD] action=destroyed x=223 y=345 block_id=288 block=电镀导管 team=0
2026-03-31T22:33:11.8845282+08:00 [BUILD] action=destroyed x=224 y=345 block_id=230 block=废墙 team=0
2026-03-31T22:33:11.8845282+08:00 [BUILD] action=destroyed x=225 y=345 block_id=231 block=大型废墙 team=0
2026-03-31T22:33:11.8845282+08:00 [BUILD] action=destroyed x=222 y=346 block_id=284 block=回转泵 team=0
2026-03-31T22:33:11.8845282+08:00 [BUILD] action=destroyed x=255 y=347 block_id=326 block=气动钻头 team=0
2026-03-31T22:33:11.8845282+08:00 [BUILD] action=destroyed x=224 y=348 block_id=230 block=废墙 team=0
2026-03-31T22:33:11.8850355+08:00 [BUILD] action=destroyed x=224 y=349 block_id=230 block=废墙 team=0
2026-03-31T22:33:11.8850355+08:00 [BUILD] action=destroyed x=254 y=349 block_id=358 block=齐射 team=0
2026-03-31T22:33:11.8850355+08:00 [BUILD] action=destroyed x=225 y=350 block_id=231 block=大型废墙 team=0
2026-03-31T22:33:11.8850355+08:00 [BUILD] action=destroyed x=227 y=350 block_id=230 block=废墙 team=0
2026-03-31T14:33:34.7172607Z [NET] kind=tcp_accept packet= conn_id=1713726853 uuid= ip=10.147.17.101 name="" detail=
2026-03-31T14:33:34.7350103Z [NET] kind=connect_packet packet=*protocol.ConnectPacket conn_id=56781 uuid=bRea8YRoGToAAAAAPO9P1Q== ip=10.147.17.101 name="" detail=version=156 type=official mods=0
2026-03-31T14:33:34.7924152Z [NET] kind=world_handshake_sent packet= conn_id=56781 uuid=bRea8YRoGToAAAAAPO9P1Q== ip=10.147.17.101 name="[scarlet]（未绑定杂鱼~）[][#00ffffff]月[#8982edff]子[#87ceebff]芳 \uf7a9\uf7be[gray]56781[]" detail=
2026-03-31T14:33:35.4453529Z [NET] kind=connect_confirm_client_snapshot packet=*protocol.Remote_NetServer_clientSnapshot_22 conn_id=56781 uuid=bRea8YRoGToAAAAAPO9P1Q== ip=10.147.17.101 name="[scarlet]（未绑定杂鱼~）[][#00ffffff]月[#8982edff]子[#87ceebff]芳 \uf7a9\uf7be[gray]56781[]" detail=
2026-03-31T22:33:35.4961738+08:00 [RESPAWN] player="[#00ffffff]月[#8982edff]子[#87ceebff]芳 \uf7a9\uf7be" team=1 core=core-nucleus core_x=239 core_y=343 spawn_x=239 spawn_y=343
2026-03-31T22:33:35.5119867+08:00 [RESPAWN] player="[#00ffffff]月[#8982edff]子[#87ceebff]芳 \uf7a9\uf7be" team=1 unit=37 build_speed=1.00 spawn_x=239 spawn_y=343
2026-03-31T22:34:09.7427219+08:00 [RESPAWN] player="[#F285D1]月[#8982edff]子[#87ceebff]芳 I\uf7a9\uf7be" team=1 core=core-nucleus core_x=239 core_y=343 spawn_x=239 spawn_y=343
2026-03-31T22:34:09.7601132+08:00 [RESPAWN] player="[#00ffffff]月[#8982edff]子[#87ceebff]芳 \uf7a9\uf7be" team=1 core=core-nucleus core_x=239 core_y=343 spawn_x=239 spawn_y=343
2026-03-31T22:34:09.8299182+08:00 [RESPAWN] player="[#F285D1]月[#8982edff]子[#87ceebff]芳 I\uf7a9\uf7be" team=1 unit=37 build_speed=1.00 spawn_x=239 spawn_y=343
2026-03-31T22:34:09.8299182+08:00 [RESPAWN] player="[#00ffffff]月[#8982edff]子[#87ceebff]芳 \uf7a9\uf7be" team=1 unit=37 build_speed=1.00 spawn_x=239 spawn_y=343
2026-03-31T14:34:19.5408879Z [NET] kind=tcp_closed packet= conn_id=56781 uuid=bRea8YRoGToAAAAAPO9P1Q== ip=10.147.17.101 name="[scarlet]（未绑定杂鱼~）[][#00ffffff]月[#8982edff]子[#87ceebff]芳 \uf7a9\uf7be[gray]56781[]" detail=EOF
2026-03-31T14:34:24.5398404Z [NET] kind=tcp_closed packet= conn_id=36001 uuid=MAv3KaDNyXEAAAAAz4iNgQ== ip=10.147.17.101 name="[scarlet]（未绑定杂鱼~）[][#F285D1]月[#8982edff]子[#87ceebff]芳 I\uf7a9\uf7be[gray]36001[]" detail=EOF
2026-03-31T14:34:27.0776881Z [NET] kind=tcp_accept packet= conn_id=1070641159 uuid= ip=10.147.17.101 name="" detail=
2026-03-31T14:34:27.0918894Z [NET] kind=connect_packet packet=*protocol.ConnectPacket conn_id=36001 uuid=MAv3KaDNyXEAAAAAz4iNgQ== ip=10.147.17.101 name="" detail=version=156 type=official mods=0
2026-03-31T14:34:27.1732779Z [NET] kind=world_handshake_sent packet= conn_id=36001 uuid=MAv3KaDNyXEAAAAAz4iNgQ== ip=10.147.17.101 name="[scarlet]（未绑定杂鱼~）[][#F285D1]月[#8982edff]子[#87ceebff]芳 I\uf7a9\uf7be[gray]36001[]" detail=
2026-03-31T14:34:27.6061745Z [NET] kind=connect_confirm_client_snapshot packet=*protocol.Remote_NetServer_clientSnapshot_22 conn_id=36001 uuid=MAv3KaDNyXEAAAAAz4iNgQ== ip=10.147.17.101 name="[scarlet]（未绑定杂鱼~）[][#F285D1]月[#8982edff]子[#87ceebff]芳 I\uf7a9\uf7be[gray]36001[]" detail=
2026-03-31T22:34:27.6669855+08:00 [RESPAWN] player="[#F285D1]月[#8982edff]子[#87ceebff]芳 I\uf7a9\uf7be" team=1 core=core-nucleus core_x=239 core_y=343 spawn_x=239 spawn_y=343
2026-03-31T22:34:27.6885984+08:00 [RESPAWN] player="[#F285D1]月[#8982edff]子[#87ceebff]芳 I\uf7a9\uf7be" team=1 unit=37 build_speed=1.00 spawn_x=239 spawn_y=343
2026-03-31T22:34:31.5291706+08:00 [BUILD] action=placed x=236 y=339 block_id=315 block=钍反应堆 team=1 rot=0
2026-03-31T22:34:32.5284173+08:00 [BUILD] action=constructed x=236 y=339 block_id=315 block=钍反应堆 team=1 rot=0
2026-03-31T22:34:32.5459936+08:00 [BUILD] action=placed x=237 y=336 block_id=315 block=钍反应堆 team=1 rot=0
2026-03-31T22:34:33.5493777+08:00 [BUILD] action=constructed x=237 y=336 block_id=315 block=钍反应堆 team=1 rot=0
2026-03-31T22:34:34.9396334+08:00 [BUILD] action=placed x=238 y=340 block_id=270 block=装卸器 team=1 rot=0
2026-03-31T22:34:35.9426715+08:00 [BUILD] action=constructed x=238 y=340 block_id=270 block=装卸器 team=1 rot=0
2026-03-31T22:34:36.4846543+08:00 [BUILD] action=placed x=238 y=339 block_id=265 block=反向分类器 team=1 rot=0
2026-03-31T22:34:37.4952035+08:00 [BUILD] action=constructed x=238 y=339 block_id=265 block=反向分类器 team=1 rot=0
2026-03-31T22:34:37.5389092+08:00 [BUILD] action=placed x=238 y=338 block_id=265 block=反向分类器 team=1 rot=0
2026-03-31T22:34:38.5243488+08:00 [BUILD] action=constructed x=238 y=338 block_id=265 block=反向分类器 team=1 rot=0
2026-03-31T22:34:53.4483719+08:00 [BUILD] action=placed x=240 y=339 block_id=248 block=超速穹顶 team=1 rot=0
2026-03-31T22:34:54.4540174+08:00 [BUILD] action=constructed x=240 y=339 block_id=248 block=超速穹顶 team=1 rot=0
2026-03-31T22:34:56.7109134+08:00 [BUILD] action=placed x=239 y=337 block_id=302 block=电力节点 team=1 rot=0
2026-03-31T22:34:57.7386849+08:00 [BUILD] action=constructed x=239 y=337 block_id=302 block=电力节点 team=1 rot=0
2026-03-31T22:34:57.7396905+08:00 [BUILD] action=placed x=240 y=337 block_id=302 block=电力节点 team=1 rot=0
2026-03-31T22:35:05.6953886+08:00 [BUILD] action=destroyed x=237 y=336 block_id=315 block=钍反应堆 team=1
2026-03-31T22:35:05.7077528+08:00 [BUILD] action=destroyed x=239 y=337 block_id=302 block=电力节点 team=1
2026-03-31T22:35:05.7087507+08:00 [BUILD] action=destroyed x=238 y=338 block_id=265 block=反向分类器 team=1
2026-03-31T22:35:05.7330659+08:00 [BUILD] action=destroyed x=219 y=339 block_id=231 block=大型废墙 team=0
2026-03-31T22:35:05.7330659+08:00 [BUILD] action=destroyed x=225 y=339 block_id=231 block=大型废墙 team=0
2026-03-31T22:35:05.7330659+08:00 [BUILD] action=destroyed x=236 y=339 block_id=315 block=钍反应堆 team=1
2026-03-31T22:35:05.7330659+08:00 [BUILD] action=destroyed x=238 y=339 block_id=265 block=反向分类器 team=1
2026-03-31T22:35:05.733574+08:00 [BUILD] action=destroyed x=240 y=339 block_id=248 block=超速穹顶 team=1
2026-03-31T22:35:05.733574+08:00 [BUILD] action=destroyed x=222 y=340 block_id=230 block=废墙 team=0
2026-03-31T22:35:05.733574+08:00 [BUILD] action=destroyed x=238 y=340 block_id=270 block=装卸器 team=1
2026-03-31T22:35:05.733574+08:00 [BUILD] action=destroyed x=220 y=342 block_id=230 block=废墙 team=0
2026-03-31T22:35:05.7340489+08:00 [BUILD] action=destroyed x=222 y=342 block_id=366 block=熔毁 team=0
2026-03-31T22:35:05.7340489+08:00 [BUILD] action=destroyed x=225 y=342 block_id=230 block=废墙 team=0
2026-03-31T22:35:05.7340489+08:00 [BUILD] action=destroyed x=220 y=343 block_id=230 block=废墙 team=0
2026-03-31T22:35:05.7340489+08:00 [BUILD] action=destroyed x=225 y=343 block_id=230 block=废墙 team=0
2026-03-31T22:35:05.7340489+08:00 [BUILD] action=destroyed x=222 y=345 block_id=288 block=电镀导管 team=0
2026-03-31T22:35:05.7340489+08:00 [BUILD] action=destroyed x=223 y=345 block_id=288 block=电镀导管 team=0
2026-03-31T22:35:05.7340489+08:00 [BUILD] action=destroyed x=224 y=345 block_id=230 block=废墙 team=0
2026-03-31T22:35:05.7340489+08:00 [BUILD] action=destroyed x=225 y=345 block_id=231 block=大型废墙 team=0
2026-03-31T22:35:05.7340489+08:00 [BUILD] action=destroyed x=222 y=346 block_id=284 block=回转泵 team=0
2026-03-31T22:35:05.7340489+08:00 [BUILD] action=destroyed x=224 y=348 block_id=230 block=废墙 team=0
2026-03-31T22:35:05.7350809+08:00 [BUILD] action=destroyed x=224 y=349 block_id=230 block=废墙 team=0
2026-03-31T22:35:05.7350809+08:00 [BUILD] action=destroyed x=225 y=350 block_id=231 block=大型废墙 team=0
2026-03-31T22:35:05.7350809+08:00 [BUILD] action=destroyed x=227 y=350 block_id=230 block=废墙 team=0
2026-03-31T22:35:06.0632394+08:00 [BUILD] action=placed x=235 y=342 block_id=378 block=空军工厂 team=1 rot=2
2026-03-31T14:42:19.6573657Z [NET] kind=tcp_accept packet= conn_id=1472857024 uuid= ip=46.112.226.17 name="" detail=
2026-03-31T14:42:21.0350927Z [NET] kind=connect_packet packet=*protocol.ConnectPacket conn_id=69113 uuid=H2uxeOMMymgAAAAA7pBOMw== ip=46.112.226.17 name="" detail=version=156 type=official mods=0
2026-03-31T14:42:21.6638899Z [NET] kind=world_handshake_sent packet= conn_id=69113 uuid=H2uxeOMMymgAAAAA7pBOMw== ip=46.112.226.17 name="[scarlet]（未绑定杂鱼~）[]Никитос 557[gray]69113[]" detail=
2026-03-31T14:42:24.2640341Z [NET] kind=connect_confirm_client_snapshot packet=*protocol.Remote_NetServer_clientSnapshot_22 conn_id=69113 uuid=H2uxeOMMymgAAAAA7pBOMw== ip=46.112.226.17 name="[scarlet]（未绑定杂鱼~）[]Никитос 557[gray]69113[]" detail=
2026-03-31T22:42:24.309218+08:00 [RESPAWN] player="Никитос 557" team=1 core=core-nucleus core_x=239 core_y=343 spawn_x=239 spawn_y=343
2026-03-31T22:42:24.330695+08:00 [RESPAWN] player="Никитос 557" team=1 unit=37 build_speed=1.00 spawn_x=239 spawn_y=343
2026-03-31T14:42:44.3064063Z [NET] kind=tcp_closed packet= conn_id=69113 uuid=H2uxeOMMymgAAAAA7pBOMw== ip=46.112.226.17 name="[scarlet]（未绑定杂鱼~）[]Никитос 557[gray]69113[]" detail=read tcp 192.168.0.101:6567->46.112.226.17:38236: wsarecv: An existing connection was forcibly closed by the remote host.
