2026-04-02T05:22:42.1295677Z [NET] kind=tcp_accept packet= conn_id=822388371 uuid= ip=10.147.17.101 name="" detail=
2026-04-02T05:22:42.1402055Z [NET] kind=connect_packet packet=*protocol.ConnectPacket conn_id=53404 uuid=MAv3KaDNyXEAAAAAz4iNgQ== ip=10.147.17.101 name="" detail=version=156 type=official mods=0
2026-04-02T05:22:42.2532684Z [NET] kind=world_handshake_sent packet= conn_id=53404 uuid=MAv3KaDNyXEAAAAAz4iNgQ== ip=10.147.17.101 name="[scarlet]（未绑定杂鱼~）[][#F285D1]月[#8982edff]子[#87ceebff]芳 I\uf7a9\uf7be[gray]53404[]" detail=
2026-04-02T05:22:43.1968051Z [NET] kind=connect_confirm_client_snapshot packet=*protocol.Remote_NetServer_clientSnapshot_22 conn_id=53404 uuid=MAv3KaDNyXEAAAAAz4iNgQ== ip=10.147.17.101 name="[scarlet]（未绑定杂鱼~）[][#F285D1]月[#8982edff]子[#87ceebff]芳 I\uf7a9\uf7be[gray]53404[]" detail=
2026-04-02T13:22:43.2578231+08:00 [RESPAWN] player="[#F285D1]月[#8982edff]子[#87ceebff]芳 I\uf7a9\uf7be" team=1 core=core-foundation core_x=164 core_y=79 spawn_x=164 spawn_y=79
2026-04-02T13:22:43.3114417+08:00 [RESPAWN] player="[#F285D1]月[#8982edff]子[#87ceebff]芳 I\uf7a9\uf7be" team=1 unit=36 build_speed=0.75 spawn_x=164 spawn_y=79
2026-04-02T13:22:46.8385377+08:00 [BUILD] action=deconstructing x=159 y=108 block_id=363 block=气旋 team=1
2026-04-02T13:22:56.4720781+08:00 [BUILD] action=destroyed x=159 y=108 block_id=363 block=气旋 team=1
2026-04-02T13:22:58.1368862+08:00 [BUILD] action=destroyed x=187 y=243 block_id=223 block=大型钍墙 team=2
2026-04-02T13:22:58.1368862+08:00 [BUILD] action=destroyed x=189 y=243 block_id=288 block=电镀导管 team=2
2026-04-02T13:22:58.1368862+08:00 [BUILD] action=destroyed x=190 y=243 block_id=220 block=塑钢墙 team=2
2026-04-02T13:22:58.1368862+08:00 [BUILD] action=destroyed x=191 y=243 block_id=258 block=钛传送带 team=2
2026-04-02T13:22:58.1368862+08:00 [BUILD] action=destroyed x=192 y=243 block_id=258 block=钛传送带 team=2
2026-04-02T13:22:58.1368862+08:00 [BUILD] action=destroyed x=193 y=243 block_id=262 block=传送带桥 team=2
2026-04-02T13:22:58.1378972+08:00 [BUILD] action=destroyed x=184 y=244 block_id=228 block=门 team=2
2026-04-02T13:22:58.1378972+08:00 [BUILD] action=destroyed x=189 y=244 block_id=288 block=电镀导管 team=2
2026-04-02T13:22:58.1378972+08:00 [BUILD] action=destroyed x=190 y=244 block_id=220 block=塑钢墙 team=2
2026-04-02T13:22:58.1378972+08:00 [BUILD] action=destroyed x=191 y=244 block_id=258 block=钛传送带 team=2
2026-04-02T13:22:58.1378972+08:00 [BUILD] action=destroyed x=195 y=244 block_id=220 block=塑钢墙 team=2
2026-04-02T13:22:58.1378972+08:00 [BUILD] action=destroyed x=183 y=245 block_id=222 block=钍墙 team=2
2026-04-02T13:22:58.1378972+08:00 [BUILD] action=destroyed x=184 y=245 block_id=229 block=大门 team=2
2026-04-02T13:22:58.1378972+08:00 [BUILD] action=destroyed x=186 y=245 block_id=228 block=门 team=2
2026-04-02T13:22:58.1378972+08:00 [BUILD] action=destroyed x=187 y=245 block_id=222 block=钍墙 team=2
2026-04-02T13:22:58.1378972+08:00 [BUILD] action=destroyed x=188 y=245 block_id=290 block=流体容器 team=2
2026-04-02T13:22:58.1378972+08:00 [BUILD] action=destroyed x=190 y=245 block_id=220 block=塑钢墙 team=2
2026-04-02T13:22:58.1378972+08:00 [BUILD] action=destroyed x=191 y=245 block_id=262 block=传送带桥 team=2
2026-04-02T13:22:58.1378972+08:00 [BUILD] action=destroyed x=193 y=245 block_id=362 block=浪涌 team=2
2026-04-02T13:22:58.1378972+08:00 [BUILD] action=destroyed x=182 y=246 block_id=197 block=煤炭离心机 team=2
2026-04-02T13:22:58.1378972+08:00 [BUILD] action=destroyed x=186 y=246 block_id=326 block=气动钻头 team=2
2026-04-02T13:22:58.1378972+08:00 [BUILD] action=destroyed x=190 y=246 block_id=289 block=流体路由器 team=2
2026-04-02T13:22:58.1378972+08:00 [BUILD] action=destroyed x=191 y=246 block_id=288 block=电镀导管 team=2
2026-04-02T13:22:58.1378972+08:00 [BUILD] action=destroyed x=184 y=247 block_id=229 block=大门 team=2
2026-04-02T13:22:58.1378972+08:00 [BUILD] action=destroyed x=188 y=247 block_id=293 block=导管桥 team=2
2026-04-02T13:22:58.1378972+08:00 [BUILD] action=destroyed x=189 y=247 block_id=220 block=塑钢墙 team=2
2026-04-02T13:22:58.1378972+08:00 [BUILD] action=destroyed x=190 y=247 block_id=293 block=导管桥 team=2
2026-04-02T13:22:58.1378972+08:00 [BUILD] action=destroyed x=191 y=247 block_id=220 block=塑钢墙 team=2
2026-04-02T13:22:58.1378972+08:00 [BUILD] action=destroyed x=192 y=247 block_id=221 block=大型塑钢墙 team=2
2026-04-02T13:22:58.1378972+08:00 [BUILD] action=destroyed x=179 y=248 block_id=302 block=电力节点 team=2
2026-04-02T13:22:58.1378972+08:00 [BUILD] action=destroyed x=180 y=248 block_id=270 block=装卸器 team=2
2026-04-02T13:22:58.1378972+08:00 [BUILD] action=destroyed x=181 y=248 block_id=306 block=电池 team=2
2026-04-02T13:22:58.1378972+08:00 [BUILD] action=destroyed x=182 y=248 block_id=306 block=电池 team=2
2026-04-02T13:22:58.1378972+08:00 [BUILD] action=destroyed x=183 y=248 block_id=293 block=导管桥 team=2
2026-04-02T13:22:58.1378972+08:00 [BUILD] action=destroyed x=186 y=248 block_id=293 block=导管桥 team=2
2026-04-02T13:22:58.1378972+08:00 [BUILD] action=destroyed x=190 y=248 block_id=220 block=塑钢墙 team=2
2026-04-02T13:22:58.1378972+08:00 [BUILD] action=destroyed x=191 y=248 block_id=262 block=传送带桥 team=2
2026-04-02T13:22:58.1378972+08:00 [BUILD] action=destroyed x=179 y=249 block_id=260 block=装甲传送带 team=2
2026-04-02T13:22:58.1388977+08:00 [BUILD] action=destroyed x=180 y=249 block_id=183 block=硅冶炼厂 team=2
2026-04-02T13:22:58.1388977+08:00 [BUILD] action=destroyed x=182 y=249 block_id=197 block=煤炭离心机 team=2
2026-04-02T13:22:58.1388977+08:00 [BUILD] action=destroyed x=184 y=249 block_id=229 block=大门 team=2
2026-04-02T13:22:58.1388977+08:00 [BUILD] action=destroyed x=186 y=249 block_id=220 block=塑钢墙 team=2
2026-04-02T13:22:58.1388977+08:00 [BUILD] action=destroyed x=188 y=249 block_id=331 block=石油钻井 team=2
2026-04-02T13:22:58.1388977+08:00 [BUILD] action=destroyed x=190 y=249 block_id=220 block=塑钢墙 team=2
2026-04-02T13:22:58.1388977+08:00 [BUILD] action=destroyed x=194 y=249 block_id=221 block=大型塑钢墙 team=2
2026-04-02T13:22:58.1388977+08:00 [BUILD] action=destroyed x=179 y=250 block_id=220 block=塑钢墙 team=2
2026-04-02T13:22:58.1388977+08:00 [BUILD] action=destroyed x=186 y=250 block_id=220 block=塑钢墙 team=2
2026-04-02T13:22:58.1388977+08:00 [BUILD] action=destroyed x=190 y=250 block_id=293 block=导管桥 team=2
2026-04-02T13:22:58.1388977+08:00 [BUILD] action=destroyed x=192 y=250 block_id=362 block=浪涌 team=2
2026-04-02T13:22:58.1388977+08:00 [BUILD] action=destroyed x=179 y=251 block_id=220 block=塑钢墙 team=2
2026-04-02T13:22:58.1388977+08:00 [BUILD] action=destroyed x=180 y=251 block_id=221 block=大型塑钢墙 team=2
2026-04-02T13:22:58.1388977+08:00 [BUILD] action=destroyed x=182 y=251 block_id=229 block=大门 team=2
2026-04-02T13:22:58.1388977+08:00 [BUILD] action=destroyed x=184 y=251 block_id=229 block=大门 team=2
2026-04-02T13:22:58.1388977+08:00 [BUILD] action=destroyed x=186 y=251 block_id=221 block=大型塑钢墙 team=2
2026-04-02T13:22:58.1388977+08:00 [BUILD] action=destroyed x=188 y=251 block_id=293 block=导管桥 team=2
2026-04-02T13:22:58.1388977+08:00 [BUILD] action=destroyed x=189 y=251 block_id=302 block=电力节点 team=2
2026-04-02T13:22:58.1388977+08:00 [BUILD] action=destroyed x=190 y=251 block_id=259 block=塑钢传送带 team=2
2026-04-02T13:22:58.1388977+08:00 [BUILD] action=destroyed x=194 y=251 block_id=220 block=塑钢墙 team=2
2026-04-02T13:22:58.1388977+08:00 [BUILD] action=destroyed x=176 y=252 block_id=221 block=大型塑钢墙 team=2
2026-04-02T13:22:58.1388977+08:00 [BUILD] action=destroyed x=178 y=252 block_id=220 block=塑钢墙 team=2
2026-04-02T13:22:58.1388977+08:00 [BUILD] action=destroyed x=179 y=252 block_id=220 block=塑钢墙 team=2
2026-04-02T13:22:58.1388977+08:00 [BUILD] action=destroyed x=188 y=252 block_id=290 block=流体容器 team=2
2026-04-02T13:22:58.1388977+08:00 [BUILD] action=destroyed x=190 y=252 block_id=259 block=塑钢传送带 team=2
2026-04-02T13:22:58.1388977+08:00 [BUILD] action=destroyed x=191 y=252 block_id=262 block=传送带桥 team=2
2026-04-02T13:22:58.1388977+08:00 [BUILD] action=destroyed x=192 y=252 block_id=220 block=塑钢墙 team=2
2026-04-02T13:22:58.1388977+08:00 [BUILD] action=destroyed x=193 y=252 block_id=220 block=塑钢墙 team=2
2026-04-02T13:22:58.1388977+08:00 [BUILD] action=destroyed x=194 y=252 block_id=220 block=塑钢墙 team=2
2026-04-02T13:22:58.1388977+08:00 [BUILD] action=destroyed x=178 y=253 block_id=221 block=大型塑钢墙 team=2
2026-04-02T13:22:58.1388977+08:00 [BUILD] action=destroyed x=180 y=253 block_id=221 block=大型塑钢墙 team=2
2026-04-02T13:22:58.1388977+08:00 [BUILD] action=destroyed x=182 y=253 block_id=229 block=大门 team=2
2026-04-02T13:22:58.1388977+08:00 [BUILD] action=destroyed x=184 y=253 block_id=220 block=塑钢墙 team=2
2026-04-02T13:22:58.1388977+08:00 [BUILD] action=destroyed x=185 y=253 block_id=220 block=塑钢墙 team=2
2026-04-02T13:22:58.1388977+08:00 [BUILD] action=destroyed x=186 y=253 block_id=220 block=塑钢墙 team=2
2026-04-02T13:22:58.1388977+08:00 [BUILD] action=destroyed x=187 y=253 block_id=287 block=脉冲导管 team=2
2026-04-02T13:22:58.1388977+08:00 [BUILD] action=destroyed x=193 y=253 block_id=220 block=塑钢墙 team=2
2026-04-02T13:22:58.1388977+08:00 [BUILD] action=destroyed x=188 y=254 block_id=293 block=导管桥 team=2
2026-04-02T13:22:58.1388977+08:00 [BUILD] action=destroyed x=189 y=254 block_id=288 block=电镀导管 team=2
2026-04-02T13:22:58.1388977+08:00 [BUILD] action=destroyed x=191 y=254 block_id=363 block=气旋 team=2
2026-04-02T13:22:58.1388977+08:00 [BUILD] action=destroyed x=193 y=254 block_id=220 block=塑钢墙 team=2
2026-04-02T13:22:58.1388977+08:00 [BUILD] action=destroyed x=175 y=255 block_id=365 block=幽灵 team=2
2026-04-02T13:22:58.1388977+08:00 [BUILD] action=destroyed x=178 y=255 block_id=246 block=修理投影 team=2
2026-04-02T13:22:58.1388977+08:00 [BUILD] action=destroyed x=180 y=255 block_id=221 block=大型塑钢墙 team=2
2026-04-02T13:22:58.1388977+08:00 [BUILD] action=destroyed x=182 y=255 block_id=229 block=大门 team=2
2026-04-02T13:22:58.1388977+08:00 [BUILD] action=destroyed x=185 y=255 block_id=328 block=爆破钻头 team=2
2026-04-02T13:22:58.1388977+08:00 [BUILD] action=destroyed x=188 y=255 block_id=262 block=传送带桥 team=2
2026-04-02T13:22:58.1388977+08:00 [BUILD] action=destroyed x=189 y=255 block_id=288 block=电镀导管 team=2
2026-04-02T13:22:58.1388977+08:00 [BUILD] action=destroyed x=193 y=255 block_id=220 block=塑钢墙 team=2
2026-04-02T13:22:58.1388977+08:00 [BUILD] action=destroyed x=209 y=255 block_id=220 block=塑钢墙 team=2
2026-04-02T13:22:58.1388977+08:00 [BUILD] action=destroyed x=210 y=255 block_id=261 block=交叉器 team=2
2026-04-02T13:22:58.1398981+08:00 [BUILD] action=destroyed x=188 y=256 block_id=293 block=导管桥 team=2
2026-04-02T13:22:58.1398981+08:00 [BUILD] action=destroyed x=189 y=256 block_id=288 block=电镀导管 team=2
2026-04-02T13:22:58.1398981+08:00 [BUILD] action=destroyed x=190 y=256 block_id=220 block=塑钢墙 team=2
2026-04-02T13:22:58.1398981+08:00 [BUILD] action=destroyed x=191 y=256 block_id=221 block=大型塑钢墙 team=2
2026-04-02T13:22:58.1398981+08:00 [BUILD] action=destroyed x=208 y=256 block_id=221 block=大型塑钢墙 team=2
2026-04-02T13:22:58.1398981+08:00 [BUILD] action=destroyed x=210 y=256 block_id=266 block=路由器 team=2
2026-04-02T13:22:58.1398981+08:00 [BUILD] action=destroyed x=178 y=257 block_id=221 block=大型塑钢墙 team=2
2026-04-02T13:22:58.1398981+08:00 [BUILD] action=destroyed x=180 y=257 block_id=221 block=大型塑钢墙 team=2
2026-04-02T13:22:58.1398981+08:00 [BUILD] action=destroyed x=182 y=257 block_id=229 block=大门 team=2
2026-04-02T13:22:58.1398981+08:00 [BUILD] action=destroyed x=188 y=257 block_id=189 block=冷冻液混合器 team=2
2026-04-02T13:22:58.1398981+08:00 [BUILD] action=destroyed x=190 y=257 block_id=220 block=塑钢墙 team=2
2026-04-02T13:22:58.1398981+08:00 [BUILD] action=destroyed x=207 y=257 block_id=220 block=塑钢墙 team=2
2026-04-02T13:22:58.1398981+08:00 [BUILD] action=destroyed x=210 y=257 block_id=260 block=装甲传送带 team=2
2026-04-02T13:22:58.1398981+08:00 [BUILD] action=destroyed x=174 y=258 block_id=270 block=装卸器 team=2
2026-04-02T13:22:58.1398981+08:00 [BUILD] action=destroyed x=175 y=258 block_id=245 block=修理器 team=2
2026-04-02T13:22:58.1398981+08:00 [BUILD] action=destroyed x=176 y=258 block_id=245 block=修理器 team=2
2026-04-02T13:22:58.1398981+08:00 [BUILD] action=destroyed x=177 y=258 block_id=302 block=电力节点 team=2
2026-04-02T13:22:58.1398981+08:00 [BUILD] action=destroyed x=184 y=258 block_id=220 block=塑钢墙 team=2
2026-04-02T13:22:58.1398981+08:00 [BUILD] action=destroyed x=185 y=258 block_id=326 block=气动钻头 team=2
2026-04-02T13:22:58.1398981+08:00 [BUILD] action=destroyed x=187 y=258 block_id=258 block=钛传送带 team=2
2026-04-02T13:22:58.1398981+08:00 [BUILD] action=destroyed x=190 y=258 block_id=221 block=大型塑钢墙 team=2
2026-04-02T13:22:58.1398981+08:00 [BUILD] action=destroyed x=192 y=258 block_id=221 block=大型塑钢墙 team=2
2026-04-02T13:22:58.1398981+08:00 [BUILD] action=destroyed x=194 y=258 block_id=222 block=钍墙 team=2
2026-04-02T13:22:58.1398981+08:00 [BUILD] action=destroyed x=195 y=258 block_id=222 block=钍墙 team=2
2026-04-02T13:22:58.1398981+08:00 [BUILD] action=destroyed x=206 y=258 block_id=221 block=大型塑钢墙 team=2
2026-04-02T13:22:58.1398981+08:00 [BUILD] action=destroyed x=208 y=258 block_id=304 block=巨浪电力塔 team=2
2026-04-02T13:22:58.1398981+08:00 [BUILD] action=destroyed x=210 y=258 block_id=183 block=硅冶炼厂 team=2
2026-04-02T13:22:58.1398981+08:00 [BUILD] action=destroyed x=175 y=259 block_id=270 block=装卸器 team=2
2026-04-02T13:22:58.1398981+08:00 [BUILD] action=destroyed x=179 y=259 block_id=258 block=钛传送带 team=2
2026-04-02T13:22:58.1398981+08:00 [BUILD] action=destroyed x=180 y=259 block_id=258 block=钛传送带 team=2
2026-04-02T13:22:58.1398981+08:00 [BUILD] action=destroyed x=181 y=259 block_id=229 block=大门 team=2
2026-04-02T13:22:58.1398981+08:00 [BUILD] action=destroyed x=183 y=259 block_id=228 block=门 team=2
2026-04-02T13:22:58.1398981+08:00 [BUILD] action=destroyed x=184 y=259 block_id=220 block=塑钢墙 team=2
2026-04-02T13:22:58.1398981+08:00 [BUILD] action=destroyed x=187 y=259 block_id=287 block=脉冲导管 team=2
2026-04-02T13:22:58.1398981+08:00 [BUILD] action=destroyed x=188 y=259 block_id=262 block=传送带桥 team=2
2026-04-02T13:22:58.1398981+08:00 [BUILD] action=destroyed x=189 y=259 block_id=288 block=电镀导管 team=2
2026-04-02T13:22:58.1398981+08:00 [BUILD] action=destroyed x=194 y=259 block_id=221 block=大型塑钢墙 team=2
2026-04-02T13:22:58.1398981+08:00 [BUILD] action=destroyed x=196 y=259 block_id=222 block=钍墙 team=2
2026-04-02T13:22:58.1398981+08:00 [BUILD] action=destroyed x=205 y=259 block_id=220 block=塑钢墙 team=2
2026-04-02T13:22:58.1398981+08:00 [BUILD] action=destroyed x=175 y=260 block_id=270 block=装卸器 team=2
2026-04-02T13:22:58.1398981+08:00 [BUILD] action=destroyed x=177 y=260 block_id=377 block=陆军工厂 team=2
2026-04-02T13:22:58.1398981+08:00 [BUILD] action=destroyed x=179 y=260 block_id=228 block=门 team=2
2026-04-02T13:22:58.1398981+08:00 [BUILD] action=destroyed x=180 y=260 block_id=258 block=钛传送带 team=2
2026-04-02T13:22:58.1398981+08:00 [BUILD] action=destroyed x=183 y=260 block_id=228 block=门 team=2
2026-04-02T13:22:58.1398981+08:00 [BUILD] action=destroyed x=184 y=260 block_id=220 block=塑钢墙 team=2
2026-04-02T13:22:58.1398981+08:00 [BUILD] action=destroyed x=185 y=260 block_id=220 block=塑钢墙 team=2
2026-04-02T13:22:58.1398981+08:00 [BUILD] action=destroyed x=186 y=260 block_id=220 block=塑钢墙 team=2
2026-04-02T13:22:58.1398981+08:00 [BUILD] action=destroyed x=187 y=260 block_id=287 block=脉冲导管 team=2
2026-04-02T13:22:58.1398981+08:00 [BUILD] action=destroyed x=188 y=260 block_id=293 block=导管桥 team=2
2026-04-02T13:22:58.1398981+08:00 [BUILD] action=destroyed x=189 y=260 block_id=288 block=电镀导管 team=2
2026-04-02T13:22:58.1398981+08:00 [BUILD] action=destroyed x=190 y=260 block_id=302 block=电力节点 team=2
2026-04-02T13:22:58.1398981+08:00 [BUILD] action=destroyed x=196 y=260 block_id=222 block=钍墙 team=2
2026-04-02T13:22:58.1408991+08:00 [BUILD] action=destroyed x=197 y=260 block_id=222 block=钍墙 team=2
2026-04-02T13:22:58.1408991+08:00 [BUILD] action=destroyed x=207 y=260 block_id=220 block=塑钢墙 team=2
2026-04-02T13:22:58.1408991+08:00 [BUILD] action=destroyed x=208 y=260 block_id=221 block=大型塑钢墙 team=2
2026-04-02T13:22:58.1408991+08:00 [BUILD] action=destroyed x=210 y=260 block_id=220 block=塑钢墙 team=2
2026-04-02T13:22:58.1408991+08:00 [BUILD] action=destroyed x=175 y=261 block_id=262 block=传送带桥 team=2
2026-04-02T13:22:58.1408991+08:00 [BUILD] action=destroyed x=179 y=261 block_id=262 block=传送带桥 team=2
2026-04-02T13:22:58.1408991+08:00 [BUILD] action=destroyed x=180 y=261 block_id=262 block=传送带桥 team=2
2026-04-02T13:22:58.1408991+08:00 [BUILD] action=destroyed x=181 y=261 block_id=229 block=大门 team=2
2026-04-02T13:22:58.1408991+08:00 [BUILD] action=destroyed x=183 y=261 block_id=220 block=塑钢墙 team=2
2026-04-02T13:22:58.1408991+08:00 [BUILD] action=destroyed x=184 y=261 block_id=262 block=传送带桥 team=2
2026-04-02T13:22:58.1408991+08:00 [BUILD] action=destroyed x=185 y=261 block_id=221 block=大型塑钢墙 team=2
2026-04-02T13:22:58.1408991+08:00 [BUILD] action=destroyed x=187 y=261 block_id=220 block=塑钢墙 team=2
2026-04-02T13:22:58.1408991+08:00 [BUILD] action=destroyed x=188 y=261 block_id=262 block=传送带桥 team=2
2026-04-02T13:22:58.1408991+08:00 [BUILD] action=destroyed x=189 y=261 block_id=290 block=流体容器 team=2
2026-04-02T13:22:58.1408991+08:00 [BUILD] action=destroyed x=192 y=261 block_id=315 block=钍反应堆 team=2
2026-04-02T13:22:58.1408991+08:00 [BUILD] action=destroyed x=194 y=261 block_id=221 block=大型塑钢墙 team=2
2026-04-02T13:22:58.1408991+08:00 [BUILD] action=destroyed x=196 y=261 block_id=221 block=大型塑钢墙 team=2
2026-04-02T13:22:58.1408991+08:00 [BUILD] action=destroyed x=211 y=261 block_id=258 block=钛传送带 team=2
2026-04-02T13:22:58.1408991+08:00 [BUILD] action=destroyed x=175 y=262 block_id=270 block=装卸器 team=2
2026-04-02T13:22:58.1408991+08:00 [BUILD] action=destroyed x=179 y=262 block_id=245 block=修理器 team=2
2026-04-02T13:22:58.141414+08:00 [BUILD] action=destroyed x=180 y=262 block_id=258 block=钛传送带 team=2
2026-04-02T13:22:58.1424232+08:00 [BUILD] action=destroyed x=183 y=262 block_id=220 block=塑钢墙 team=2
2026-04-02T13:22:58.1424232+08:00 [BUILD] action=destroyed x=184 y=262 block_id=220 block=塑钢墙 team=2
2026-04-02T13:22:58.1424232+08:00 [BUILD] action=destroyed x=187 y=262 block_id=293 block=导管桥 team=2
2026-04-02T13:22:58.1424232+08:00 [BUILD] action=destroyed x=188 y=262 block_id=289 block=流体路由器 team=2
2026-04-02T13:22:58.1424232+08:00 [BUILD] action=destroyed x=198 y=262 block_id=222 block=钍墙 team=2
2026-04-02T13:22:58.1424232+08:00 [BUILD] action=destroyed x=199 y=262 block_id=222 block=钍墙 team=2
2026-04-02T13:22:58.1424232+08:00 [BUILD] action=destroyed x=200 y=262 block_id=222 block=钍墙 team=2
2026-04-02T13:22:58.143932+08:00 [BUILD] action=destroyed x=208 y=262 block_id=220 block=塑钢墙 team=2
2026-04-02T13:22:58.143932+08:00 [BUILD] action=destroyed x=209 y=262 block_id=358 block=齐射 team=2
2026-04-02T13:22:58.143932+08:00 [BUILD] action=destroyed x=175 y=263 block_id=270 block=装卸器 team=2
2026-04-02T13:22:58.143932+08:00 [BUILD] action=destroyed x=177 y=263 block_id=377 block=陆军工厂 team=2
2026-04-02T13:22:58.143932+08:00 [BUILD] action=destroyed x=179 y=263 block_id=228 block=门 team=2
2026-04-02T13:22:58.143932+08:00 [BUILD] action=destroyed x=180 y=263 block_id=258 block=钛传送带 team=2
2026-04-02T13:22:58.143932+08:00 [BUILD] action=destroyed x=181 y=263 block_id=229 block=大门 team=2
2026-04-02T13:22:58.143932+08:00 [BUILD] action=destroyed x=183 y=263 block_id=220 block=塑钢墙 team=2
2026-04-02T13:22:58.143932+08:00 [BUILD] action=destroyed x=184 y=263 block_id=221 block=大型塑钢墙 team=2
2026-04-02T13:22:58.143932+08:00 [BUILD] action=destroyed x=186 y=263 block_id=247 block=超速投影 team=2
2026-04-02T13:22:58.1449841+08:00 [BUILD] action=destroyed x=188 y=263 block_id=287 block=脉冲导管 team=2
2026-04-02T13:22:58.1449841+08:00 [BUILD] action=destroyed x=192 y=263 block_id=262 block=传送带桥 team=2
2026-04-02T13:22:58.1449841+08:00 [BUILD] action=destroyed x=196 y=263 block_id=221 block=大型塑钢墙 team=2
2026-04-02T13:22:58.1449841+08:00 [BUILD] action=destroyed x=198 y=263 block_id=221 block=大型塑钢墙 team=2
2026-04-02T13:22:58.1449841+08:00 [BUILD] action=destroyed x=200 y=263 block_id=222 block=钍墙 team=2
2026-04-02T13:22:58.1449841+08:00 [BUILD] action=destroyed x=208 y=263 block_id=220 block=塑钢墙 team=2
2026-04-02T13:22:58.1465108+08:00 [BUILD] action=destroyed x=174 y=264 block_id=258 block=钛传送带 team=2
2026-04-02T13:22:58.1465108+08:00 [BUILD] action=destroyed x=175 y=264 block_id=302 block=电力节点 team=2
2026-04-02T13:22:58.1465108+08:00 [BUILD] action=destroyed x=179 y=264 block_id=258 block=钛传送带 team=2
2026-04-02T13:22:58.1465108+08:00 [BUILD] action=destroyed x=180 y=264 block_id=258 block=钛传送带 team=2
2026-04-02T13:22:58.1465108+08:00 [BUILD] action=destroyed x=183 y=264 block_id=220 block=塑钢墙 team=2
2026-04-02T13:22:58.1465108+08:00 [BUILD] action=destroyed x=188 y=264 block_id=293 block=导管桥 team=2
2026-04-02T13:22:58.1465108+08:00 [BUILD] action=destroyed x=190 y=264 block_id=315 block=钍反应堆 team=2
2026-04-02T13:22:58.1465108+08:00 [BUILD] action=destroyed x=192 y=264 block_id=293 block=导管桥 team=2
2026-04-02T13:22:58.1465108+08:00 [BUILD] action=destroyed x=194 y=264 block_id=315 block=钍反应堆 team=2
2026-04-02T13:22:58.1465108+08:00 [BUILD] action=destroyed x=200 y=264 block_id=220 block=塑钢墙 team=2
2026-04-02T13:22:58.1475234+08:00 [BUILD] action=destroyed x=201 y=264 block_id=220 block=塑钢墙 team=2
2026-04-02T13:22:58.1475234+08:00 [BUILD] action=destroyed x=207 y=264 block_id=222 block=钍墙 team=2
2026-04-02T13:22:58.1475234+08:00 [BUILD] action=destroyed x=208 y=264 block_id=220 block=塑钢墙 team=2
2026-04-02T13:22:58.1475234+08:00 [BUILD] action=destroyed x=209 y=264 block_id=220 block=塑钢墙 team=2
2026-04-02T13:22:58.1475234+08:00 [BUILD] action=destroyed x=210 y=264 block_id=352 block=冰雹 team=2
2026-04-02T13:22:58.1475234+08:00 [BUILD] action=destroyed x=174 y=265 block_id=260 block=装甲传送带 team=2
2026-04-02T13:22:58.1485242+08:00 [BUILD] action=destroyed x=175 y=265 block_id=220 block=塑钢墙 team=2
2026-04-02T13:22:58.1485242+08:00 [BUILD] action=destroyed x=176 y=265 block_id=221 block=大型塑钢墙 team=2
2026-04-02T13:22:58.1485242+08:00 [BUILD] action=destroyed x=178 y=265 block_id=221 block=大型塑钢墙 team=2
2026-04-02T13:22:58.1485242+08:00 [BUILD] action=destroyed x=180 y=265 block_id=221 block=大型塑钢墙 team=2
2026-04-02T13:22:58.1485242+08:00 [BUILD] action=destroyed x=182 y=265 block_id=221 block=大型塑钢墙 team=2
2026-04-02T13:22:58.1485242+08:00 [BUILD] action=destroyed x=184 y=265 block_id=221 block=大型塑钢墙 team=2
2026-04-02T13:22:58.1510333+08:00 [BUILD] action=destroyed x=186 y=265 block_id=220 block=塑钢墙 team=2
2026-04-02T13:22:58.1510333+08:00 [BUILD] action=destroyed x=187 y=265 block_id=293 block=导管桥 team=2
2026-04-02T13:22:58.1510333+08:00 [BUILD] action=destroyed x=188 y=265 block_id=220 block=塑钢墙 team=2
2026-04-02T13:22:58.1510333+08:00 [BUILD] action=destroyed x=192 y=265 block_id=262 block=传送带桥 team=2
2026-04-02T13:22:58.1510333+08:00 [BUILD] action=destroyed x=196 y=265 block_id=247 block=超速投影 team=2
2026-04-02T13:22:58.1510333+08:00 [BUILD] action=destroyed x=198 y=265 block_id=246 block=修理投影 team=2
2026-04-02T13:22:58.1510333+08:00 [BUILD] action=destroyed x=200 y=265 block_id=220 block=塑钢墙 team=2
2026-04-02T13:22:58.1510333+08:00 [BUILD] action=destroyed x=201 y=265 block_id=221 block=大型塑钢墙 team=2
2026-04-02T13:22:58.1510333+08:00 [BUILD] action=destroyed x=205 y=265 block_id=220 block=塑钢墙 team=2
2026-04-02T13:22:58.1510333+08:00 [BUILD] action=destroyed x=206 y=265 block_id=223 block=大型钍墙 team=2
2026-04-02T13:22:58.1510333+08:00 [BUILD] action=destroyed x=208 y=265 block_id=352 block=冰雹 team=2
2026-04-02T13:22:58.1510333+08:00 [BUILD] action=destroyed x=209 y=265 block_id=260 block=装甲传送带 team=2
2026-04-02T13:22:58.1510333+08:00 [BUILD] action=destroyed x=210 y=265 block_id=270 block=装卸器 team=2
2026-04-02T13:22:58.1510333+08:00 [BUILD] action=destroyed x=174 y=266 block_id=260 block=装甲传送带 team=2
2026-04-02T13:22:58.1510333+08:00 [BUILD] action=destroyed x=175 y=266 block_id=220 block=塑钢墙 team=2
2026-04-02T13:22:58.1510333+08:00 [BUILD] action=destroyed x=186 y=266 block_id=220 block=塑钢墙 team=2
2026-04-02T13:22:58.1510333+08:00 [BUILD] action=destroyed x=187 y=266 block_id=287 block=脉冲导管 team=2
2026-04-02T13:22:58.1525645+08:00 [BUILD] action=destroyed x=188 y=266 block_id=287 block=脉冲导管 team=2
2026-04-02T13:22:58.1525645+08:00 [BUILD] action=destroyed x=189 y=266 block_id=293 block=导管桥 team=2
2026-04-02T13:22:58.1525645+08:00 [BUILD] action=destroyed x=190 y=266 block_id=302 block=电力节点 team=2
2026-04-02T13:22:58.1525645+08:00 [BUILD] action=destroyed x=191 y=266 block_id=293 block=导管桥 team=2
2026-04-02T13:22:58.1525645+08:00 [BUILD] action=destroyed x=192 y=266 block_id=258 block=钛传送带 team=2
2026-04-02T13:22:58.1525645+08:00 [BUILD] action=destroyed x=193 y=266 block_id=220 block=塑钢墙 team=2
2026-04-02T13:22:58.1525645+08:00 [BUILD] action=destroyed x=194 y=266 block_id=220 block=塑钢墙 team=2
2026-04-02T13:22:58.1525645+08:00 [BUILD] action=destroyed x=195 y=266 block_id=220 block=塑钢墙 team=2
2026-04-02T13:22:58.1535765+08:00 [BUILD] action=destroyed x=200 y=266 block_id=220 block=塑钢墙 team=2
2026-04-02T13:22:58.1704445+08:00 [BUILD] action=destroyed x=204 y=266 block_id=221 block=大型塑钢墙 team=2
2026-04-02T13:22:58.1878519+08:00 [BUILD] action=destroyed x=174 y=267 block_id=260 block=装甲传送带 team=2
2026-04-02T13:22:58.1878519+08:00 [BUILD] action=destroyed x=175 y=267 block_id=358 block=齐射 team=2
2026-04-02T13:22:58.1878519+08:00 [BUILD] action=destroyed x=180 y=267 block_id=220 block=塑钢墙 team=2
2026-04-02T13:22:58.1878519+08:00 [BUILD] action=destroyed x=181 y=267 block_id=258 block=钛传送带 team=2
2026-04-02T13:22:58.202325+08:00 [BUILD] action=destroyed x=182 y=267 block_id=258 block=钛传送带 team=2
2026-04-02T13:22:58.202325+08:00 [BUILD] action=destroyed x=183 y=267 block_id=258 block=钛传送带 team=2
2026-04-02T13:22:58.202325+08:00 [BUILD] action=destroyed x=184 y=267 block_id=258 block=钛传送带 team=2
2026-04-02T13:22:58.202325+08:00 [BUILD] action=destroyed x=185 y=267 block_id=258 block=钛传送带 team=2
2026-04-02T13:22:58.202325+08:00 [BUILD] action=destroyed x=186 y=267 block_id=258 block=钛传送带 team=2
2026-04-02T13:22:58.202325+08:00 [BUILD] action=destroyed x=187 y=267 block_id=258 block=钛传送带 team=2
2026-04-02T13:22:58.202325+08:00 [BUILD] action=destroyed x=188 y=267 block_id=258 block=钛传送带 team=2
2026-04-02T13:22:58.202325+08:00 [BUILD] action=destroyed x=189 y=267 block_id=258 block=钛传送带 team=2
2026-04-02T13:22:58.202325+08:00 [BUILD] action=destroyed x=190 y=267 block_id=258 block=钛传送带 team=2
2026-04-02T13:22:58.202325+08:00 [BUILD] action=destroyed x=191 y=267 block_id=258 block=钛传送带 team=2
2026-04-02T13:22:58.202325+08:00 [BUILD] action=destroyed x=192 y=267 block_id=269 block=反向溢流门 team=2
2026-04-02T13:22:58.202325+08:00 [BUILD] action=destroyed x=193 y=267 block_id=258 block=钛传送带 team=2
2026-04-02T13:22:58.202325+08:00 [BUILD] action=destroyed x=194 y=267 block_id=269 block=反向溢流门 team=2
2026-04-02T13:22:58.202325+08:00 [BUILD] action=destroyed x=195 y=267 block_id=258 block=钛传送带 team=2
2026-04-02T13:22:58.202325+08:00 [BUILD] action=destroyed x=196 y=267 block_id=258 block=钛传送带 team=2
2026-04-02T13:22:58.2038499+08:00 [BUILD] action=destroyed x=197 y=267 block_id=258 block=钛传送带 team=2
2026-04-02T13:22:58.2038499+08:00 [BUILD] action=destroyed x=198 y=267 block_id=258 block=钛传送带 team=2
2026-04-02T13:22:58.2038499+08:00 [BUILD] action=destroyed x=199 y=267 block_id=258 block=钛传送带 team=2
2026-04-02T13:22:58.2210959+08:00 [BUILD] action=destroyed x=206 y=267 block_id=223 block=大型钍墙 team=2
2026-04-02T13:22:58.2375703+08:00 [BUILD] action=destroyed x=209 y=267 block_id=426 block=发射台 team=2
2026-04-02T13:22:58.2534246+08:00 [BUILD] action=destroyed x=178 y=268 block_id=314 block=大型太阳能板 team=2
2026-04-02T13:22:58.2534246+08:00 [BUILD] action=destroyed x=180 y=268 block_id=302 block=电力节点 team=2
2026-04-02T13:22:58.2534246+08:00 [BUILD] action=destroyed x=181 y=268 block_id=258 block=钛传送带 team=2
2026-04-02T13:22:58.2534246+08:00 [BUILD] action=destroyed x=189 y=268 block_id=221 block=大型塑钢墙 team=2
2026-04-02T13:22:58.2534246+08:00 [BUILD] action=destroyed x=191 y=268 block_id=293 block=导管桥 team=2
2026-04-02T13:22:58.2534246+08:00 [BUILD] action=destroyed x=192 y=268 block_id=287 block=脉冲导管 team=2
2026-04-02T13:22:58.253947+08:00 [BUILD] action=destroyed x=199 y=268 block_id=220 block=塑钢墙 team=2
2026-04-02T13:22:58.253947+08:00 [BUILD] action=destroyed x=201 y=268 block_id=365 block=幽灵 team=2
2026-04-02T13:22:58.253947+08:00 [BUILD] action=destroyed x=204 y=268 block_id=221 block=大型塑钢墙 team=2
2026-04-02T13:22:58.2741252+08:00 [BUILD] action=destroyed x=175 y=269 block_id=258 block=钛传送带 team=2
2026-04-02T13:22:58.2741252+08:00 [BUILD] action=destroyed x=176 y=269 block_id=262 block=传送带桥 team=2
2026-04-02T13:22:58.288855+08:00 [BUILD] action=destroyed x=180 y=269 block_id=262 block=传送带桥 team=2
2026-04-02T13:22:58.3061238+08:00 [BUILD] action=destroyed x=181 y=269 block_id=258 block=钛传送带 team=2
2026-04-02T13:22:58.3233778+08:00 [BUILD] action=destroyed x=183 y=269 block_id=314 block=大型太阳能板 team=2
2026-04-02T13:22:58.3233778+08:00 [BUILD] action=destroyed x=186 y=269 block_id=314 block=大型太阳能板 team=2
2026-04-02T13:22:58.3243898+08:00 [BUILD] action=destroyed x=191 y=269 block_id=220 block=塑钢墙 team=2
2026-04-02T13:22:58.3243898+08:00 [BUILD] action=destroyed x=192 y=269 block_id=220 block=塑钢墙 team=2
2026-04-02T13:22:58.3243898+08:00 [BUILD] action=destroyed x=194 y=269 block_id=315 block=钍反应堆 team=2
2026-04-02T13:22:58.3243898+08:00 [BUILD] action=destroyed x=197 y=269 block_id=249 block=力墙投影 team=2
2026-04-02T13:22:58.3243898+08:00 [BUILD] action=destroyed x=199 y=269 block_id=302 block=电力节点 team=2
2026-04-02T13:22:58.3243898+08:00 [BUILD] action=destroyed x=206 y=269 block_id=223 block=大型钍墙 team=2
2026-04-02T13:22:58.3243898+08:00 [BUILD] action=destroyed x=177 y=270 block_id=221 block=大型塑钢墙 team=2
2026-04-02T13:22:58.3243898+08:00 [BUILD] action=destroyed x=179 y=270 block_id=220 block=塑钢墙 team=2
2026-04-02T13:22:58.3243898+08:00 [BUILD] action=destroyed x=180 y=270 block_id=269 block=反向溢流门 team=2
2026-04-02T13:22:58.3243898+08:00 [BUILD] action=destroyed x=181 y=270 block_id=258 block=钛传送带 team=2
2026-04-02T13:22:58.3243898+08:00 [BUILD] action=destroyed x=190 y=270 block_id=220 block=塑钢墙 team=2
2026-04-02T13:22:58.3243898+08:00 [BUILD] action=destroyed x=191 y=270 block_id=221 block=大型塑钢墙 team=2
2026-04-02T13:22:58.3243898+08:00 [BUILD] action=destroyed x=204 y=270 block_id=221 block=大型塑钢墙 team=2
2026-04-02T13:22:58.3243898+08:00 [BUILD] action=destroyed x=208 y=270 block_id=288 block=电镀导管 team=2
2026-04-02T13:22:58.3243898+08:00 [BUILD] action=destroyed x=179 y=271 block_id=220 block=塑钢墙 team=2
2026-04-02T13:22:58.3243898+08:00 [BUILD] action=destroyed x=180 y=271 block_id=262 block=传送带桥 team=2
2026-04-02T13:22:58.3243898+08:00 [BUILD] action=destroyed x=181 y=271 block_id=220 block=塑钢墙 team=2
2026-04-02T13:22:58.3243898+08:00 [BUILD] action=destroyed x=182 y=271 block_id=220 block=塑钢墙 team=2
2026-04-02T13:22:58.3243898+08:00 [BUILD] action=destroyed x=183 y=271 block_id=220 block=塑钢墙 team=2
2026-04-02T13:22:58.3243898+08:00 [BUILD] action=destroyed x=184 y=271 block_id=220 block=塑钢墙 team=2
2026-04-02T13:22:58.3243898+08:00 [BUILD] action=destroyed x=185 y=271 block_id=220 block=塑钢墙 team=2
2026-04-02T13:22:58.3243898+08:00 [BUILD] action=destroyed x=186 y=271 block_id=220 block=塑钢墙 team=2
2026-04-02T13:22:58.3243898+08:00 [BUILD] action=destroyed x=187 y=271 block_id=220 block=塑钢墙 team=2
2026-04-02T13:22:58.3243898+08:00 [BUILD] action=destroyed x=190 y=271 block_id=220 block=塑钢墙 team=2
2026-04-02T13:22:58.3249042+08:00 [BUILD] action=destroyed x=193 y=271 block_id=220 block=塑钢墙 team=2
2026-04-02T13:22:58.3249042+08:00 [BUILD] action=destroyed x=194 y=271 block_id=220 block=塑钢墙 team=2
2026-04-02T13:22:58.3249042+08:00 [BUILD] action=destroyed x=195 y=271 block_id=220 block=塑钢墙 team=2
2026-04-02T13:22:58.3249042+08:00 [BUILD] action=destroyed x=196 y=271 block_id=220 block=塑钢墙 team=2
2026-04-02T13:22:58.3249042+08:00 [BUILD] action=destroyed x=197 y=271 block_id=220 block=塑钢墙 team=2
2026-04-02T13:22:58.3249042+08:00 [BUILD] action=destroyed x=200 y=271 block_id=220 block=塑钢墙 team=2
2026-04-02T13:22:58.3249042+08:00 [BUILD] action=destroyed x=201 y=271 block_id=220 block=塑钢墙 team=2
2026-04-02T13:22:58.3249042+08:00 [BUILD] action=destroyed x=202 y=271 block_id=246 block=修理投影 team=2
2026-04-02T13:22:58.3249042+08:00 [BUILD] action=destroyed x=206 y=271 block_id=223 block=大型钍墙 team=2
2026-04-02T13:22:58.3249042+08:00 [BUILD] action=destroyed x=208 y=271 block_id=288 block=电镀导管 team=2
2026-04-02T13:22:58.3249042+08:00 [BUILD] action=destroyed x=181 y=272 block_id=302 block=电力节点 team=2
2026-04-02T13:22:58.3249042+08:00 [BUILD] action=destroyed x=182 y=272 block_id=219 block=大型钛墙 team=2
2026-04-02T13:22:58.3249042+08:00 [BUILD] action=destroyed x=184 y=272 block_id=218 block=钛墙 team=2
2026-04-02T13:22:58.3249042+08:00 [BUILD] action=destroyed x=194 y=272 block_id=230 block=废墙 team=0
2026-04-02T13:22:58.3249042+08:00 [BUILD] action=destroyed x=204 y=272 block_id=221 block=大型塑钢墙 team=2
2026-04-02T13:22:58.3249042+08:00 [BUILD] action=destroyed x=178 y=273 block_id=218 block=钛墙 team=2
2026-04-02T13:22:58.3249042+08:00 [BUILD] action=destroyed x=192 y=273 block_id=230 block=废墙 team=0
2026-04-02T13:22:58.3249042+08:00 [BUILD] action=destroyed x=194 y=273 block_id=230 block=废墙 team=0
2026-04-02T13:22:58.3249042+08:00 [BUILD] action=destroyed x=195 y=273 block_id=230 block=废墙 team=0
2026-04-02T13:22:58.3249042+08:00 [BUILD] action=destroyed x=203 y=273 block_id=220 block=塑钢墙 team=2
2026-04-02T13:22:58.3249042+08:00 [BUILD] action=destroyed x=206 y=273 block_id=223 block=大型钍墙 team=2
2026-04-02T13:22:58.3249042+08:00 [BUILD] action=destroyed x=179 y=274 block_id=266 block=路由器 team=2
2026-04-02T13:22:58.3249042+08:00 [BUILD] action=destroyed x=180 y=274 block_id=262 block=传送带桥 team=2
2026-04-02T13:22:58.3249042+08:00 [BUILD] action=destroyed x=181 y=274 block_id=266 block=路由器 team=2
2026-04-02T13:22:58.3249042+08:00 [BUILD] action=destroyed x=182 y=274 block_id=258 block=钛传送带 team=2
2026-04-02T13:22:58.3249042+08:00 [BUILD] action=destroyed x=183 y=274 block_id=258 block=钛传送带 team=2
2026-04-02T13:22:58.3249042+08:00 [BUILD] action=destroyed x=184 y=274 block_id=258 block=钛传送带 team=2
2026-04-02T13:22:58.3249042+08:00 [BUILD] action=destroyed x=185 y=274 block_id=358 block=齐射 team=2
2026-04-02T13:22:58.3249042+08:00 [BUILD] action=destroyed x=190 y=274 block_id=230 block=废墙 team=0
2026-04-02T13:22:58.3254146+08:00 [BUILD] action=destroyed x=192 y=274 block_id=230 block=废墙 team=0
2026-04-02T13:22:58.3254146+08:00 [BUILD] action=destroyed x=200 y=274 block_id=221 block=大型塑钢墙 team=2
2026-04-02T13:22:58.3254146+08:00 [BUILD] action=destroyed x=202 y=274 block_id=221 block=大型塑钢墙 team=2
2026-04-02T13:22:58.3254146+08:00 [BUILD] action=destroyed x=204 y=274 block_id=221 block=大型塑钢墙 team=2
2026-04-02T13:22:58.3254146+08:00 [BUILD] action=destroyed x=180 y=275 block_id=266 block=路由器 team=2
2026-04-02T13:22:58.3254146+08:00 [BUILD] action=destroyed x=181 y=275 block_id=258 block=钛传送带 team=2
2026-04-02T13:22:58.3254146+08:00 [BUILD] action=destroyed x=182 y=275 block_id=329 block=抽水机 team=2
2026-04-02T13:22:58.3254146+08:00 [BUILD] action=destroyed x=184 y=275 block_id=287 block=脉冲导管 team=2
2026-04-02T13:22:58.3254146+08:00 [BUILD] action=destroyed x=190 y=275 block_id=349 block=双管 team=0
2026-04-02T13:22:58.3254146+08:00 [BUILD] action=destroyed x=191 y=275 block_id=325 block=机械钻头 team=0
2026-04-02T13:22:58.3254146+08:00 [BUILD] action=destroyed x=198 y=275 block_id=230 block=废墙 team=0
2026-04-02T13:22:58.3254146+08:00 [BUILD] action=destroyed x=181 y=276 block_id=302 block=电力节点 team=2
2026-04-02T13:22:58.3254146+08:00 [BUILD] action=destroyed x=188 y=276 block_id=218 block=钛墙 team=2
2026-04-02T13:22:58.3254146+08:00 [BUILD] action=destroyed x=200 y=276 block_id=221 block=大型塑钢墙 team=2
2026-04-02T13:22:58.3254146+08:00 [BUILD] action=destroyed x=202 y=276 block_id=220 block=塑钢墙 team=2
2026-04-02T13:22:58.3254146+08:00 [BUILD] action=destroyed x=203 y=276 block_id=220 block=塑钢墙 team=2
2026-04-02T13:22:58.3254146+08:00 [BUILD] action=destroyed x=183 y=277 block_id=287 block=脉冲导管 team=2
2026-04-02T13:22:58.3254146+08:00 [BUILD] action=destroyed x=188 y=277 block_id=218 block=钛墙 team=2
2026-04-02T13:22:58.3254146+08:00 [BUILD] action=destroyed x=195 y=277 block_id=257 block=传送带 team=0
2026-04-02T13:22:58.3254146+08:00 [BUILD] action=destroyed x=196 y=277 block_id=349 block=双管 team=0
2026-04-02T13:22:58.3254146+08:00 [BUILD] action=destroyed x=199 y=277 block_id=230 block=废墙 team=0
2026-04-02T13:22:58.3254146+08:00 [BUILD] action=destroyed x=186 y=278 block_id=358 block=齐射 team=2
2026-04-02T13:22:58.3254146+08:00 [BUILD] action=destroyed x=190 y=279 block_id=230 block=废墙 team=0
2026-04-02T13:22:58.3254146+08:00 [BUILD] action=destroyed x=193 y=279 block_id=325 block=机械钻头 team=0
2026-04-02T13:22:58.326936+08:00 [BUILD] action=deconstructing x=163 y=108 block_id=345 block=容器 team=1
2026-04-02T13:23:00.7770484+08:00 [BUILD] action=destroyed x=163 y=108 block_id=345 block=容器 team=1
2026-04-02T13:23:02.954498+08:00 [BUILD] action=deconstructing x=172 y=106 block_id=230 block=废墙 team=1
2026-04-02T13:23:03.277797+08:00 [BUILD] action=destroyed x=172 y=106 block_id=230 block=废墙 team=1
2026-04-02T13:23:04.2204964+08:00 [BUILD] action=deconstructing x=178 y=104 block_id=231 block=大型废墙 team=1
2026-04-02T13:23:05.9036677+08:00 [BUILD] action=destroyed x=178 y=104 block_id=231 block=大型废墙 team=1
2026-04-02T13:23:06.9157354+08:00 [BUILD] action=deconstructing x=180 y=104 block_id=230 block=废墙 team=1
2026-04-02T13:23:07.247381+08:00 [BUILD] action=destroyed x=180 y=104 block_id=230 block=废墙 team=1
2026-04-02T13:23:08.897496+08:00 [BUILD] action=deconstructing x=185 y=103 block_id=230 block=废墙 team=1
2026-04-02T13:23:09.2630814+08:00 [BUILD] action=destroyed x=185 y=103 block_id=230 block=废墙 team=1
2026-04-02T13:23:09.6454768+08:00 [BUILD] action=deconstructing x=185 y=102 block_id=230 block=废墙 team=1
2026-04-02T13:23:10.0131472+08:00 [BUILD] action=destroyed x=185 y=102 block_id=230 block=废墙 team=1
2026-04-02T13:23:10.4438153+08:00 [BUILD] action=deconstructing x=184 y=102 block_id=230 block=废墙 team=1
2026-04-02T13:23:10.8071988+08:00 [BUILD] action=destroyed x=184 y=102 block_id=230 block=废墙 team=1
2026-04-02T13:23:11.5511965+08:00 [BUILD] action=deconstructing x=186 y=103 block_id=231 block=大型废墙 team=1
2026-04-02T13:23:13.156826+08:00 [BUILD] action=destroyed x=186 y=103 block_id=231 block=大型废墙 team=1
2026-04-02T13:23:14.0501657+08:00 [BUILD] action=destroyed x=166 y=266 block_id=266 block=路由器 team=2
2026-04-02T13:23:14.4452593+08:00 [BUILD] action=destroyed x=167 y=267 block_id=269 block=反向溢流门 team=2
2026-04-02T13:23:14.6868563+08:00 [BUILD] action=deconstructing x=178 y=114 block_id=326 block=气动钻头 team=1
2026-04-02T13:23:14.8460268+08:00 [BUILD] action=destroyed x=164 y=267 block_id=269 block=反向溢流门 team=2
2026-04-02T13:23:15.204587+08:00 [BUILD] action=destroyed x=178 y=114 block_id=326 block=气动钻头 team=1
2026-04-02T13:23:15.8799471+08:00 [BUILD] action=deconstructing x=176 y=117 block_id=326 block=气动钻头 team=1
2026-04-02T13:23:16.3584711+08:00 [BUILD] action=destroyed x=176 y=117 block_id=326 block=气动钻头 team=1
2026-04-02T13:23:16.8421773+08:00 [BUILD] action=deconstructing x=180 y=112 block_id=326 block=气动钻头 team=1
2026-04-02T13:23:17.3023258+08:00 [BUILD] action=destroyed x=180 y=112 block_id=326 block=气动钻头 team=1
2026-04-02T13:23:18.7689101+08:00 [BUILD] action=placed x=179 y=93 block_id=257 block=传送带 team=1 rot=2
2026-04-02T13:23:18.7694465+08:00 [BUILD] action=constructed x=179 y=93 block_id=257 block=传送带 team=1 rot=2
2026-04-02T13:23:18.8053581+08:00 [BUILD] action=placed x=178 y=93 block_id=257 block=传送带 team=1 rot=2
2026-04-02T13:23:18.8053581+08:00 [BUILD] action=constructed x=178 y=93 block_id=257 block=传送带 team=1 rot=2
2026-04-02T13:23:18.8378599+08:00 [BUILD] action=placed x=177 y=93 block_id=257 block=传送带 team=1 rot=2
2026-04-02T13:23:18.8735281+08:00 [BUILD] action=constructed x=177 y=93 block_id=257 block=传送带 team=1 rot=2
2026-04-02T13:23:18.8912468+08:00 [BUILD] action=placed x=176 y=93 block_id=257 block=传送带 team=1 rot=2
2026-04-02T13:23:18.8912468+08:00 [BUILD] action=constructed x=176 y=93 block_id=257 block=传送带 team=1 rot=2
2026-04-02T13:23:18.9457329+08:00 [BUILD] action=placed x=175 y=93 block_id=257 block=传送带 team=1 rot=2
2026-04-02T13:23:18.9457329+08:00 [BUILD] action=constructed x=175 y=93 block_id=257 block=传送带 team=1 rot=2
2026-04-02T13:23:18.9867805+08:00 [BUILD] action=placed x=174 y=93 block_id=257 block=传送带 team=1 rot=2
2026-04-02T13:23:18.9867805+08:00 [BUILD] action=constructed x=174 y=93 block_id=257 block=传送带 team=1 rot=2
2026-04-02T13:23:19.0376102+08:00 [BUILD] action=placed x=173 y=93 block_id=257 block=传送带 team=1 rot=2
2026-04-02T13:23:19.0376102+08:00 [BUILD] action=constructed x=173 y=93 block_id=257 block=传送带 team=1 rot=2
2026-04-02T13:23:19.4761063+08:00 [BUILD] action=deconstructing x=179 y=93 block_id=257 block=传送带 team=1
2026-04-02T13:23:19.49664+08:00 [BUILD] action=destroyed x=179 y=93 block_id=257 block=传送带 team=1
2026-04-02T13:23:19.5325567+08:00 [BUILD] action=deconstructing x=178 y=93 block_id=257 block=传送带 team=1
2026-04-02T13:23:19.5325567+08:00 [BUILD] action=destroyed x=178 y=93 block_id=257 block=传送带 team=1
2026-04-02T13:23:19.583369+08:00 [BUILD] action=deconstructing x=177 y=93 block_id=257 block=传送带 team=1
2026-04-02T13:23:19.583369+08:00 [BUILD] action=destroyed x=177 y=93 block_id=257 block=传送带 team=1
2026-04-02T13:23:19.6190025+08:00 [BUILD] action=deconstructing x=176 y=93 block_id=257 block=传送带 team=1
2026-04-02T13:23:19.6190025+08:00 [BUILD] action=destroyed x=176 y=93 block_id=257 block=传送带 team=1
2026-04-02T13:23:19.6512748+08:00 [BUILD] action=deconstructing x=175 y=93 block_id=257 block=传送带 team=1
2026-04-02T13:23:19.674271+08:00 [BUILD] action=destroyed x=175 y=93 block_id=257 block=传送带 team=1
2026-04-02T13:23:19.7080582+08:00 [BUILD] action=deconstructing x=174 y=93 block_id=257 block=传送带 team=1
2026-04-02T13:23:19.7080582+08:00 [BUILD] action=destroyed x=174 y=93 block_id=257 block=传送带 team=1
2026-04-02T13:23:19.7422158+08:00 [BUILD] action=deconstructing x=173 y=93 block_id=257 block=传送带 team=1
2026-04-02T13:23:19.7925945+08:00 [BUILD] action=destroyed x=173 y=93 block_id=257 block=传送带 team=1
2026-04-02T13:23:24.5430011+08:00 [BUILD] action=deconstructing x=207 y=71 block_id=327 block=激光钻头 team=1
2026-04-02T13:23:26.9996148+08:00 [BUILD] action=destroyed x=207 y=71 block_id=327 block=激光钻头 team=1
2026-04-02T13:23:28.3834795+08:00 [BUILD] action=deconstructing x=209 y=59 block_id=315 block=钍反应堆 team=1
2026-04-02T13:23:48.9009125+08:00 [BUILD] action=destroyed x=209 y=59 block_id=315 block=钍反应堆 team=1
2026-04-02T13:23:55.7369878+08:00 [BUILD] action=deconstructing x=205 y=54 block_id=361 block=雷光 team=1
2026-04-02T13:24:02.0520461+08:00 [BUILD] action=destroyed x=168 y=266 block_id=269 block=反向溢流门 team=2
2026-04-02T13:24:02.9040937+08:00 [BUILD] action=destroyed x=165 y=266 block_id=260 block=装甲传送带 team=2
2026-04-02T13:24:07.1343515+08:00 [BUILD] action=destroyed x=166 y=264 block_id=378 block=空军工厂 team=2
2026-04-02T13:24:08.0620727+08:00 [BUILD] action=destroyed x=205 y=54 block_id=361 block=雷光 team=1
2026-04-02T13:24:16.4219761+08:00 [BUILD] action=placed x=183 y=88 block_id=303 block=大型电力节点 team=1 rot=0
2026-04-02T13:24:16.7995855+08:00 [BUILD] action=constructed x=183 y=88 block_id=303 block=大型电力节点 team=1 rot=0
2026-04-02T13:24:17.4264578+08:00 [BUILD] action=placed x=183 y=81 block_id=303 block=大型电力节点 team=1 rot=0
2026-04-02T13:24:17.8304572+08:00 [BUILD] action=constructed x=183 y=81 block_id=303 block=大型电力节点 team=1 rot=0
2026-04-02T13:24:18.5213262+08:00 [BUILD] action=placed x=175 y=83 block_id=303 block=大型电力节点 team=1 rot=0
2026-04-02T13:24:18.9333497+08:00 [BUILD] action=constructed x=175 y=83 block_id=303 block=大型电力节点 team=1 rot=0
2026-04-02T13:24:19.267715+08:00 [BUILD] action=placed x=175 y=89 block_id=303 block=大型电力节点 team=1 rot=0
2026-04-02T13:24:19.6105007+08:00 [BUILD] action=constructed x=175 y=89 block_id=303 block=大型电力节点 team=1 rot=0
2026-04-02T05:24:26.2036904Z [NET] kind=tcp_accept packet= conn_id=1051827562 uuid= ip=192.168.0.101 name="" detail=
2026-04-02T05:24:26.228636Z [NET] kind=connect_packet packet=*protocol.ConnectPacket conn_id=12153 uuid=bRea8YRoGToAAAAAPO9P1Q== ip=192.168.0.101 name="" detail=version=156 type=official mods=0
2026-04-02T05:24:26.2652234Z [NET] kind=world_handshake_sent packet= conn_id=12153 uuid=bRea8YRoGToAAAAAPO9P1Q== ip=192.168.0.101 name="[scarlet]（未绑定杂鱼~）[][#00ffffff]月[#8982edff]子[#87ceebff]芳 \uf7a9\uf7be[gray]12153[]" detail=
2026-04-02T05:24:26.5068086Z [NET] kind=connect_confirm_client_snapshot packet=*protocol.Remote_NetServer_clientSnapshot_22 conn_id=12153 uuid=bRea8YRoGToAAAAAPO9P1Q== ip=192.168.0.101 name="[scarlet]（未绑定杂鱼~）[][#00ffffff]月[#8982edff]子[#87ceebff]芳 \uf7a9\uf7be[gray]12153[]" detail=
2026-04-02T05:24:26.5553301Z [NET] kind=tcp_closed packet= conn_id=53404 uuid=MAv3KaDNyXEAAAAAz4iNgQ== ip=10.147.17.101 name="[scarlet]（未绑定杂鱼~）[][#F285D1]月[#8982edff]子[#87ceebff]芳 I\uf7a9\uf7be[gray]53404[]" detail=EOF
2026-04-02T13:24:26.565392+08:00 [RESPAWN] player="[#00ffffff]月[#8982edff]子[#87ceebff]芳 \uf7a9\uf7be" team=1 core=core-foundation core_x=164 core_y=79 spawn_x=164 spawn_y=79
2026-04-02T13:24:26.6174225+08:00 [RESPAWN] player="[#00ffffff]月[#8982edff]子[#87ceebff]芳 \uf7a9\uf7be" team=1 unit=36 build_speed=0.75 spawn_x=164 spawn_y=79
2026-04-02T05:25:24.1714291Z [NET] kind=tcp_accept packet= conn_id=393076060 uuid= ip=10.147.17.101 name="" detail=
2026-04-02T05:25:24.2148357Z [NET] kind=connect_packet packet=*protocol.ConnectPacket conn_id=53404 uuid=MAv3KaDNyXEAAAAAz4iNgQ== ip=10.147.17.101 name="" detail=version=156 type=official mods=0
2026-04-02T05:25:24.2539204Z [NET] kind=world_handshake_sent packet= conn_id=53404 uuid=MAv3KaDNyXEAAAAAz4iNgQ== ip=10.147.17.101 name="[scarlet]（未绑定杂鱼~）[][#F285D1]月[#8982edff]子[#87ceebff]芳 I\uf7a9\uf7be[gray]53404[]" detail=
2026-04-02T05:25:25.1393162Z [NET] kind=connect_confirm_client_snapshot packet=*protocol.Remote_NetServer_clientSnapshot_22 conn_id=53404 uuid=MAv3KaDNyXEAAAAAz4iNgQ== ip=10.147.17.101 name="[scarlet]（未绑定杂鱼~）[][#F285D1]月[#8982edff]子[#87ceebff]芳 I\uf7a9\uf7be[gray]53404[]" detail=
2026-04-02T13:25:25.2093021+08:00 [RESPAWN] player="[#F285D1]月[#8982edff]子[#87ceebff]芳 I\uf7a9\uf7be" team=1 core=core-foundation core_x=164 core_y=79 spawn_x=164 spawn_y=79
2026-04-02T13:25:25.2489112+08:00 [RESPAWN] player="[#F285D1]月[#8982edff]子[#87ceebff]芳 I\uf7a9\uf7be" team=1 unit=36 build_speed=0.75 spawn_x=164 spawn_y=79
2026-04-02T13:25:33.0797965+08:00 [BUILD] action=placed x=166 y=77 block_id=270 block=装卸器 team=1 rot=0
2026-04-02T13:25:34.4902538+08:00 [BUILD] action=constructed x=166 y=77 block_id=270 block=装卸器 team=1 rot=0
2026-04-02T13:25:38.6738666+08:00 [BUILD] action=placed x=166 y=75 block_id=183 block=硅冶炼厂 team=1 rot=0
2026-04-02T13:25:39.6139329+08:00 [BUILD] action=constructed x=166 y=75 block_id=183 block=硅冶炼厂 team=1 rot=0
2026-04-02T13:25:41.6635639+08:00 [BUILD] action=placed x=167 y=77 block_id=308 block=火力发电机 team=1 rot=0
2026-04-02T13:25:42.2679482+08:00 [BUILD] action=constructed x=167 y=77 block_id=308 block=火力发电机 team=1 rot=0
2026-04-02T05:26:07.9576856Z [NET] kind=tcp_accept packet= conn_id=1048762147 uuid= ip=223.74.11.134 name="" detail=
2026-04-02T05:26:08.0629303Z [NET] kind=connect_packet packet=*protocol.ConnectPacket conn_id=54529 uuid=pcsFR7VIsyYAAAAAukvyTA== ip=223.74.11.134 name="" detail=version=156 type=official mods=0
2026-04-02T05:26:08.2589513Z [NET] kind=world_handshake_sent packet= conn_id=54529 uuid=pcsFR7VIsyYAAAAAukvyTA== ip=223.74.11.134 name="[scarlet]（未绑定杂鱼~）[]羊咩[gray]54529[]" detail=
2026-04-02T13:26:08.9505187+08:00 [BUILD] action=placed x=164 y=77 block_id=270 block=装卸器 team=1 rot=0
2026-04-02T05:26:08.9919551Z [NET] kind=connect_confirm_client_snapshot packet=*protocol.Remote_NetServer_clientSnapshot_22 conn_id=54529 uuid=pcsFR7VIsyYAAAAAukvyTA== ip=223.74.11.134 name="[scarlet]（未绑定杂鱼~）[]羊咩[gray]54529[]" detail=
2026-04-02T13:26:09.0574118+08:00 [RESPAWN] player="羊咩" team=1 core=core-foundation core_x=164 core_y=79 spawn_x=164 spawn_y=79
2026-04-02T13:26:09.0775905+08:00 [RESPAWN] player="羊咩" team=1 unit=36 build_speed=0.75 spawn_x=164 spawn_y=79
2026-04-02T13:26:10.4156945+08:00 [BUILD] action=constructed x=164 y=77 block_id=270 block=装卸器 team=1 rot=0
2026-04-02T13:26:11.2419833+08:00 [BUILD] action=placed x=164 y=76 block_id=258 block=钛传送带 team=1 rot=2
2026-04-02T13:26:11.2772428+08:00 [BUILD] action=constructed x=164 y=76 block_id=258 block=钛传送带 team=1 rot=2
2026-04-02T13:26:11.2954653+08:00 [BUILD] action=placed x=163 y=76 block_id=258 block=钛传送带 team=1 rot=2
2026-04-02T13:26:11.3472325+08:00 [BUILD] action=constructed x=163 y=76 block_id=258 block=钛传送带 team=1 rot=2
2026-04-02T13:26:12.0734324+08:00 [BUILD] action=placed x=162 y=76 block_id=258 block=钛传送带 team=1 rot=1
2026-04-02T13:26:12.0983068+08:00 [BUILD] action=constructed x=162 y=76 block_id=258 block=钛传送带 team=1 rot=1
2026-04-02T13:26:12.1161684+08:00 [BUILD] action=placed x=162 y=77 block_id=258 block=钛传送带 team=1 rot=1
2026-04-02T13:26:12.1667109+08:00 [BUILD] action=constructed x=162 y=77 block_id=258 block=钛传送带 team=1 rot=1
2026-04-02T13:26:12.6938345+08:00 [BUILD] action=placed x=162 y=78 block_id=258 block=钛传送带 team=1 rot=0
2026-04-02T13:26:12.7135675+08:00 [BUILD] action=constructed x=162 y=78 block_id=258 block=钛传送带 team=1 rot=0
2026-04-02T13:26:14.0595013+08:00 [BUILD] action=constructed x=165 y=113 block_id=258 block=钛传送带 team=1 rot=3
2026-04-02T13:26:14.7792613+08:00 [BUILD] action=constructed x=164 y=111 block_id=186 block=塑钢压缩机 team=1 rot=0
2026-04-02T13:26:19.691778+08:00 [BUILD] action=constructed x=224 y=132 block_id=230 block=废墙 team=1 rot=0
2026-04-02T13:26:19.724352+08:00 [BUILD] action=constructed x=224 y=148 block_id=230 block=废墙 team=1 rot=0
2026-04-02T13:26:19.724352+08:00 [BUILD] action=constructed x=224 y=149 block_id=230 block=废墙 team=1 rot=0
2026-04-02T13:26:19.724352+08:00 [BUILD] action=constructed x=225 y=147 block_id=231 block=大型废墙 team=1 rot=0
2026-04-02T13:26:19.724352+08:00 [BUILD] action=constructed x=226 y=126 block_id=230 block=废墙 team=1 rot=0
2026-04-02T13:26:19.724352+08:00 [BUILD] action=constructed x=226 y=127 block_id=230 block=废墙 team=1 rot=0
2026-04-02T13:26:19.724352+08:00 [BUILD] action=constructed x=226 y=129 block_id=230 block=废墙 team=1 rot=0
2026-04-02T13:26:19.724352+08:00 [BUILD] action=constructed x=226 y=134 block_id=230 block=废墙 team=1 rot=0
2026-04-02T13:26:19.724352+08:00 [BUILD] action=constructed x=226 y=141 block_id=230 block=废墙 team=1 rot=0
2026-04-02T13:26:19.7258711+08:00 [BUILD] action=constructed x=226 y=142 block_id=230 block=废墙 team=1 rot=0
2026-04-02T13:26:19.7258711+08:00 [BUILD] action=constructed x=226 y=145 block_id=231 block=大型废墙 team=1 rot=0
2026-04-02T13:26:19.7258711+08:00 [BUILD] action=constructed x=226 y=151 block_id=230 block=废墙 team=1 rot=0
2026-04-02T13:26:19.7258711+08:00 [BUILD] action=constructed x=226 y=152 block_id=230 block=废墙 team=1 rot=0
2026-04-02T13:26:19.7258711+08:00 [BUILD] action=constructed x=227 y=126 block_id=230 block=废墙 team=1 rot=0
2026-04-02T13:26:19.7258711+08:00 [BUILD] action=constructed x=227 y=130 block_id=230 block=废墙 team=1 rot=0
2026-04-02T13:26:19.7258711+08:00 [BUILD] action=constructed x=227 y=133 block_id=230 block=废墙 team=1 rot=0
2026-04-02T13:26:19.7268794+08:00 [BUILD] action=constructed x=227 y=134 block_id=230 block=废墙 team=1 rot=0
2026-04-02T13:26:19.7268794+08:00 [BUILD] action=constructed x=227 y=143 block_id=230 block=废墙 team=1 rot=0
2026-04-02T13:26:19.7268794+08:00 [BUILD] action=constructed x=227 y=152 block_id=230 block=废墙 team=1 rot=0
2026-04-02T13:26:19.7268794+08:00 [BUILD] action=constructed x=227 y=153 block_id=230 block=废墙 team=1 rot=0
2026-04-02T13:26:19.9169821+08:00 [BUILD] action=constructed x=228 y=130 block_id=302 block=电力节点 team=1 rot=0
2026-04-02T13:26:19.9185595+08:00 [BUILD] action=constructed x=228 y=134 block_id=231 block=大型废墙 team=1 rot=0
2026-04-02T13:26:19.9348776+08:00 [BUILD] action=constructed x=228 y=136 block_id=230 block=废墙 team=1 rot=0
2026-04-02T13:26:19.9520194+08:00 [BUILD] action=constructed x=228 y=148 block_id=302 block=电力节点 team=1 rot=0
2026-04-02T13:26:19.9693174+08:00 [BUILD] action=constructed x=228 y=151 block_id=354 block=蓝瑟 team=1 rot=1
2026-04-02T13:26:19.9693174+08:00 [BUILD] action=constructed x=229 y=143 block_id=258 block=钛传送带 team=1 rot=1
2026-04-02T13:26:19.9693174+08:00 [BUILD] action=constructed x=230 y=133 block_id=231 block=大型废墙 team=1 rot=0
2026-04-02T13:26:19.9693174+08:00 [BUILD] action=constructed x=230 y=135 block_id=230 block=废墙 team=1 rot=0
2026-04-02T13:26:19.9693174+08:00 [BUILD] action=constructed x=230 y=137 block_id=258 block=钛传送带 team=1 rot=1
2026-04-02T13:26:19.9693174+08:00 [BUILD] action=constructed x=230 y=139 block_id=185 block=窑炉 team=1 rot=0
2026-04-02T13:26:19.9693174+08:00 [BUILD] action=constructed x=230 y=141 block_id=258 block=钛传送带 team=1 rot=1
2026-04-02T13:26:19.9693174+08:00 [BUILD] action=constructed x=230 y=150 block_id=230 block=废墙 team=1 rot=0
2026-04-02T13:26:19.9703215+08:00 [BUILD] action=constructed x=230 y=153 block_id=230 block=废墙 team=1 rot=0
2026-04-02T13:26:19.9703215+08:00 [BUILD] action=constructed x=231 y=132 block_id=230 block=废墙 team=1 rot=0
2026-04-02T13:26:19.9703215+08:00 [BUILD] action=constructed x=231 y=137 block_id=258 block=钛传送带 team=1 rot=2
2026-04-02T13:26:19.9703215+08:00 [BUILD] action=constructed x=231 y=142 block_id=258 block=钛传送带 team=1 rot=2
2026-04-02T13:26:19.9708286+08:00 [BUILD] action=constructed x=231 y=148 block_id=286 block=导管 team=1 rot=3
2026-04-02T13:26:19.9708286+08:00 [BUILD] action=constructed x=231 y=151 block_id=286 block=导管 team=1 rot=3
2026-04-02T13:26:19.9708286+08:00 [BUILD] action=constructed x=231 y=153 block_id=230 block=废墙 team=1 rot=0
2026-04-02T13:26:19.9708286+08:00 [BUILD] action=constructed x=231 y=154 block_id=230 block=废墙 team=1 rot=0
2026-04-02T13:26:20.0079587+08:00 [BUILD] action=constructed x=232 y=132 block_id=230 block=废墙 team=1 rot=0
2026-04-02T13:26:20.1208392+08:00 [BUILD] action=constructed x=232 y=134 block_id=302 block=电力节点 team=1 rot=0
2026-04-02T13:26:20.1792023+08:00 [BUILD] action=constructed x=233 y=136 block_id=327 block=激光钻头 team=1 rot=0
2026-04-02T13:26:20.196889+08:00 [BUILD] action=constructed x=232 y=141 block_id=266 block=路由器 team=1 rot=0
2026-04-02T13:26:20.2029214+08:00 [BUILD] action=constructed x=232 y=142 block_id=261 block=交叉器 team=1 rot=0
2026-04-02T13:26:20.2034578+08:00 [BUILD] action=constructed x=232 y=145 block_id=302 block=电力节点 team=1 rot=0
2026-04-02T13:26:20.2034578+08:00 [BUILD] action=constructed x=232 y=149 block_id=230 block=废墙 team=1 rot=0
2026-04-02T13:26:20.2034578+08:00 [BUILD] action=constructed x=233 y=138 block_id=258 block=钛传送带 team=1 rot=1
2026-04-02T13:26:20.2039638+08:00 [BUILD] action=constructed x=233 y=141 block_id=258 block=钛传送带 team=1 rot=3
2026-04-02T13:26:20.2039638+08:00 [BUILD] action=constructed x=233 y=144 block_id=266 block=路由器 team=1 rot=0
2026-04-02T13:26:20.2039638+08:00 [BUILD] action=constructed x=233 y=145 block_id=258 block=钛传送带 team=1 rot=1
2026-04-02T13:26:20.2039638+08:00 [BUILD] action=constructed x=233 y=151 block_id=230 block=废墙 team=1 rot=0
2026-04-02T13:26:20.2044892+08:00 [BUILD] action=constructed x=233 y=152 block_id=286 block=导管 team=1 rot=2
2026-04-02T13:26:20.2044892+08:00 [BUILD] action=constructed x=233 y=153 block_id=283 block=机械泵 team=1 rot=0
2026-04-02T13:26:20.2044892+08:00 [BUILD] action=constructed x=234 y=142 block_id=258 block=钛传送带 team=1 rot=2
2026-04-02T13:26:20.2044892+08:00 [BUILD] action=constructed x=234 y=144 block_id=258 block=钛传送带 team=1 rot=2
2026-04-02T13:26:20.2044892+08:00 [BUILD] action=constructed x=234 y=148 block_id=230 block=废墙 team=1 rot=0
2026-04-02T13:26:20.2044892+08:00 [BUILD] action=constructed x=234 y=150 block_id=231 block=大型废墙 team=1 rot=0
2026-04-02T13:26:20.2044892+08:00 [BUILD] action=constructed x=235 y=132 block_id=230 block=废墙 team=1 rot=0
2026-04-02T13:26:20.2044892+08:00 [BUILD] action=constructed x=235 y=133 block_id=230 block=废墙 team=1 rot=0
2026-04-02T13:26:20.2054974+08:00 [BUILD] action=constructed x=235 y=138 block_id=329 block=抽水机 team=1 rot=0
2026-04-02T13:26:20.304561+08:00 [BUILD] action=constructed x=235 y=141 block_id=286 block=导管 team=1 rot=1
2026-04-02T13:26:20.3223927+08:00 [BUILD] action=constructed x=235 y=142 block_id=286 block=导管 team=1 rot=1
2026-04-02T13:26:20.339009+08:00 [BUILD] action=constructed x=235 y=147 block_id=231 block=大型废墙 team=1 rot=0
2026-04-02T13:26:20.3573263+08:00 [BUILD] action=constructed x=235 y=152 block_id=230 block=废墙 team=1 rot=0
2026-04-02T13:26:20.3947532+08:00 [BUILD] action=constructed x=236 y=137 block_id=230 block=废墙 team=1 rot=0
2026-04-02T13:26:20.3952764+08:00 [BUILD] action=constructed x=236 y=149 block_id=230 block=废墙 team=1 rot=0
2026-04-02T13:26:20.3952764+08:00 [BUILD] action=constructed x=237 y=135 block_id=230 block=废墙 team=1 rot=0
2026-04-02T13:26:20.3952764+08:00 [BUILD] action=constructed x=237 y=136 block_id=231 block=大型废墙 team=1 rot=0
2026-04-02T13:26:20.3962845+08:00 [BUILD] action=constructed x=237 y=146 block_id=230 block=废墙 team=1 rot=0
2026-04-02T13:26:20.3962845+08:00 [BUILD] action=constructed x=237 y=147 block_id=230 block=废墙 team=1 rot=0
2026-04-02T13:26:20.3962845+08:00 [BUILD] action=constructed x=238 y=144 block_id=230 block=废墙 team=1 rot=0
2026-04-02T13:26:20.3962845+08:00 [BUILD] action=constructed x=238 y=145 block_id=230 block=废墙 team=1 rot=0
2026-04-02T13:26:25.9742568+08:00 [BUILD] action=deconstructing x=167 y=77 block_id=308 block=火力发电机 team=1
2026-04-02T13:26:26.6478964+08:00 [BUILD] action=destroyed x=167 y=77 block_id=308 block=火力发电机 team=1
2026-04-02T13:26:30.3475684+08:00 [BUILD] action=placed x=167 y=77 block_id=308 block=火力发电机 team=1 rot=0
2026-04-02T13:26:31.0040073+08:00 [BUILD] action=constructed x=167 y=77 block_id=308 block=火力发电机 team=1 rot=0
2026-04-02T13:27:10.8799343+08:00 [BUILD] action=constructed x=142 y=108 block_id=286 block=导管 team=1 rot=1
2026-04-02T13:27:10.8991297+08:00 [BUILD] action=constructed x=142 y=110 block_id=326 block=气动钻头 team=1 rot=0
2026-04-02T13:27:10.9166015+08:00 [BUILD] action=constructed x=142 y=113 block_id=286 block=导管 team=1 rot=0
2026-04-02T13:27:10.9166015+08:00 [BUILD] action=constructed x=143 y=107 block_id=286 block=导管 team=1 rot=1
2026-04-02T13:27:10.9166015+08:00 [BUILD] action=constructed x=143 y=108 block_id=289 block=流体路由器 team=1 rot=0
2026-04-02T13:27:10.9166015+08:00 [BUILD] action=constructed x=143 y=109 block_id=258 block=钛传送带 team=1 rot=0
2026-04-02T13:27:10.9181242+08:00 [BUILD] action=constructed x=143 y=112 block_id=326 block=气动钻头 team=1 rot=0
2026-04-02T13:27:10.9182368+08:00 [BUILD] action=constructed x=144 y=109 block_id=258 block=钛传送带 team=1 rot=0
2026-04-02T13:27:10.9182368+08:00 [BUILD] action=constructed x=144 y=110 block_id=326 block=气动钻头 team=1 rot=0
2026-04-02T13:27:10.9182368+08:00 [BUILD] action=constructed x=144 y=114 block_id=258 block=钛传送带 team=1 rot=0
2026-04-02T13:27:10.9182368+08:00 [BUILD] action=constructed x=145 y=106 block_id=358 block=齐射 team=1 rot=1
2026-04-02T13:27:10.9182368+08:00 [BUILD] action=constructed x=145 y=109 block_id=286 block=导管 team=1 rot=1
2026-04-02T13:27:10.9182368+08:00 [BUILD] action=constructed x=145 y=112 block_id=326 block=气动钻头 team=1 rot=0
2026-04-02T13:27:10.9191339+08:00 [BUILD] action=constructed x=146 y=108 block_id=258 block=钛传送带 team=1 rot=3
2026-04-02T13:27:10.9191339+08:00 [BUILD] action=constructed x=146 y=114 block_id=258 block=钛传送带 team=1 rot=0
2026-04-02T13:27:10.9191339+08:00 [BUILD] action=constructed x=147 y=105 block_id=230 block=废墙 team=1 rot=0
2026-04-02T13:27:10.9191339+08:00 [BUILD] action=constructed x=147 y=114 block_id=258 block=钛传送带 team=1 rot=0
2026-04-02T13:27:10.9191339+08:00 [BUILD] action=constructed x=148 y=109 block_id=306 block=电池 team=1 rot=0
2026-04-02T13:27:10.9191339+08:00 [BUILD] action=constructed x=148 y=110 block_id=306 block=电池 team=1 rot=0
2026-04-02T13:27:10.9191339+08:00 [BUILD] action=constructed x=149 y=111 block_id=306 block=电池 team=1 rot=0
2026-04-02T13:27:11.0743271+08:00 [BUILD] action=constructed x=150 y=114 block_id=258 block=钛传送带 team=1 rot=0
2026-04-02T13:27:11.1090696+08:00 [BUILD] action=constructed x=151 y=106 block_id=349 block=双管 team=1 rot=1
2026-04-02T13:27:11.1272772+08:00 [BUILD] action=constructed x=151 y=107 block_id=266 block=路由器 team=1 rot=0
2026-04-02T13:27:11.1448154+08:00 [BUILD] action=constructed x=151 y=110 block_id=258 block=钛传送带 team=1 rot=3
2026-04-02T13:27:11.1456772+08:00 [BUILD] action=constructed x=151 y=111 block_id=258 block=钛传送带 team=1 rot=3
2026-04-02T13:27:11.1456772+08:00 [BUILD] action=constructed x=151 y=113 block_id=258 block=钛传送带 team=1 rot=3
2026-04-02T13:27:11.1456772+08:00 [BUILD] action=constructed x=151 y=114 block_id=258 block=钛传送带 team=1 rot=3
2026-04-02T13:27:11.1456772+08:00 [BUILD] action=constructed x=152 y=104 block_id=230 block=废墙 team=1 rot=0
2026-04-02T13:27:11.146678+08:00 [BUILD] action=constructed x=152 y=105 block_id=230 block=废墙 team=1 rot=0
2026-04-02T13:27:11.146678+08:00 [BUILD] action=constructed x=152 y=107 block_id=258 block=钛传送带 team=1 rot=3
2026-04-02T13:27:11.146678+08:00 [BUILD] action=constructed x=153 y=104 block_id=230 block=废墙 team=1 rot=0
2026-04-02T13:27:11.146678+08:00 [BUILD] action=constructed x=153 y=110 block_id=302 block=电力节点 team=1 rot=0
2026-04-02T13:27:11.146678+08:00 [BUILD] action=constructed x=155 y=111 block_id=230 block=废墙 team=1 rot=0
2026-04-02T13:27:11.146678+08:00 [BUILD] action=constructed x=155 y=112 block_id=230 block=废墙 team=1 rot=0
2026-04-02T13:27:11.146678+08:00 [BUILD] action=constructed x=155 y=125 block_id=230 block=废墙 team=1 rot=0
2026-04-02T13:27:11.146678+08:00 [BUILD] action=constructed x=155 y=126 block_id=231 block=大型废墙 team=1 rot=0
2026-04-02T13:27:11.146678+08:00 [BUILD] action=constructed x=156 y=103 block_id=230 block=废墙 team=1 rot=0
2026-04-02T13:27:11.146678+08:00 [BUILD] action=constructed x=156 y=106 block_id=231 block=大型废墙 team=1 rot=0
2026-04-02T13:27:11.1481855+08:00 [BUILD] action=constructed x=156 y=117 block_id=230 block=废墙 team=1 rot=0
2026-04-02T13:27:11.1481855+08:00 [BUILD] action=constructed x=156 y=118 block_id=231 block=大型废墙 team=1 rot=0
2026-04-02T13:27:11.3020536+08:00 [BUILD] action=constructed x=156 y=124 block_id=230 block=废墙 team=1 rot=0
2026-04-02T13:27:11.3228579+08:00 [BUILD] action=constructed x=156 y=128 block_id=230 block=废墙 team=1 rot=0
2026-04-02T13:27:11.3228579+08:00 [BUILD] action=constructed x=157 y=102 block_id=230 block=废墙 team=1 rot=0
2026-04-02T13:27:11.3570788+08:00 [BUILD] action=constructed x=157 y=103 block_id=231 block=大型废墙 team=1 rot=0
2026-04-02T13:27:11.3755909+08:00 [BUILD] action=constructed x=157 y=108 block_id=230 block=废墙 team=1 rot=0
2026-04-02T13:27:11.3760997+08:00 [BUILD] action=constructed x=157 y=120 block_id=230 block=废墙 team=1 rot=0
2026-04-02T13:27:11.3760997+08:00 [BUILD] action=constructed x=157 y=128 block_id=351 block=火焰 team=1 rot=1
2026-04-02T13:27:11.3760997+08:00 [BUILD] action=constructed x=158 y=106 block_id=230 block=废墙 team=1 rot=0
2026-04-02T13:27:11.3760997+08:00 [BUILD] action=constructed x=158 y=120 block_id=230 block=废墙 team=1 rot=0
2026-04-02T13:27:11.3760997+08:00 [BUILD] action=constructed x=158 y=121 block_id=230 block=废墙 team=1 rot=0
2026-04-02T13:27:11.3760997+08:00 [BUILD] action=constructed x=158 y=125 block_id=284 block=回转泵 team=1 rot=0
2026-04-02T13:27:11.3760997+08:00 [BUILD] action=constructed x=158 y=128 block_id=258 block=钛传送带 team=1 rot=2
2026-04-02T13:27:11.3760997+08:00 [BUILD] action=constructed x=159 y=103 block_id=230 block=废墙 team=1 rot=0
2026-04-02T13:27:11.3777409+08:00 [BUILD] action=constructed x=159 y=106 block_id=230 block=废墙 team=1 rot=0
2026-04-02T13:27:11.3777409+08:00 [BUILD] action=constructed x=159 y=110 block_id=258 block=钛传送带 team=1 rot=3
2026-04-02T13:27:11.3777409+08:00 [BUILD] action=constructed x=159 y=111 block_id=258 block=钛传送带 team=1 rot=3
2026-04-02T13:27:11.3777409+08:00 [BUILD] action=constructed x=159 y=112 block_id=286 block=导管 team=1 rot=0
2026-04-02T13:27:11.3777409+08:00 [BUILD] action=constructed x=159 y=113 block_id=286 block=导管 team=1 rot=3
2026-04-02T13:27:11.3777409+08:00 [BUILD] action=constructed x=159 y=116 block_id=286 block=导管 team=1 rot=3
2026-04-02T13:27:11.3786159+08:00 [BUILD] action=constructed x=159 y=117 block_id=289 block=流体路由器 team=1 rot=0
2026-04-02T13:27:11.4815325+08:00 [BUILD] action=constructed x=159 y=118 block_id=286 block=导管 team=1 rot=3
2026-04-02T13:27:11.4994943+08:00 [BUILD] action=constructed x=159 y=120 block_id=230 block=废墙 team=1 rot=0
2026-04-02T13:27:11.5183084+08:00 [BUILD] action=constructed x=159 y=123 block_id=289 block=流体路由器 team=1 rot=0
2026-04-02T13:27:11.5192302+08:00 [BUILD] action=constructed x=159 y=124 block_id=286 block=导管 team=1 rot=3
2026-04-02T13:27:11.5192302+08:00 [BUILD] action=constructed x=160 y=111 block_id=258 block=钛传送带 team=1 rot=2
2026-04-02T13:27:11.5192302+08:00 [BUILD] action=constructed x=160 y=112 block_id=286 block=导管 team=1 rot=0
2026-04-02T13:27:11.5192302+08:00 [BUILD] action=constructed x=160 y=117 block_id=286 block=导管 team=1 rot=0
2026-04-02T13:27:11.5192302+08:00 [BUILD] action=constructed x=160 y=123 block_id=286 block=导管 team=1 rot=0
2026-04-02T13:27:11.5192302+08:00 [BUILD] action=constructed x=161 y=113 block_id=258 block=钛传送带 team=1 rot=3
2026-04-02T13:27:11.5202281+08:00 [BUILD] action=constructed x=162 y=115 block_id=327 block=激光钻头 team=1 rot=0
2026-04-02T13:27:11.5202281+08:00 [BUILD] action=constructed x=161 y=127 block_id=345 block=容器 team=1 rot=0
2026-04-02T13:27:11.5202281+08:00 [BUILD] action=constructed x=162 y=104 block_id=230 block=废墙 team=1 rot=0
2026-04-02T13:27:11.5750187+08:00 [BUILD] action=constructed x=162 y=105 block_id=230 block=废墙 team=1 rot=0
2026-04-02T13:27:11.6174071+08:00 [BUILD] action=constructed x=162 y=109 block_id=258 block=钛传送带 team=1 rot=0
2026-04-02T13:27:11.6354742+08:00 [BUILD] action=constructed x=162 y=110 block_id=258 block=钛传送带 team=1 rot=3
2026-04-02T13:27:11.6875353+08:00 [BUILD] action=constructed x=162 y=119 block_id=302 block=电力节点 team=1 rot=0
2026-04-02T13:27:11.7075146+08:00 [BUILD] action=constructed x=162 y=123 block_id=197 block=煤炭离心机 team=1 rot=0
2026-04-02T13:27:11.7422523+08:00 [BUILD] action=constructed x=162 y=125 block_id=258 block=钛传送带 team=1 rot=1
2026-04-02T13:27:11.745359+08:00 [BUILD] action=constructed x=162 y=129 block_id=230 block=废墙 team=1 rot=0
2026-04-02T13:27:11.745359+08:00 [BUILD] action=constructed x=163 y=104 block_id=230 block=废墙 team=1 rot=0
2026-04-02T13:27:11.747339+08:00 [BUILD] action=constructed x=163 y=107 block_id=230 block=废墙 team=1 rot=0
2026-04-02T13:27:11.747339+08:00 [BUILD] action=constructed x=163 y=117 block_id=286 block=导管 team=1 rot=0
2026-04-02T13:27:11.747339+08:00 [BUILD] action=constructed x=163 y=120 block_id=230 block=废墙 team=1 rot=0
2026-04-02T13:27:11.747339+08:00 [BUILD] action=constructed x=163 y=121 block_id=230 block=废墙 team=1 rot=0
2026-04-02T13:27:11.747339+08:00 [BUILD] action=constructed x=163 y=128 block_id=230 block=废墙 team=1 rot=0
2026-04-02T13:27:11.747339+08:00 [BUILD] action=constructed x=163 y=129 block_id=230 block=废墙 team=1 rot=0
2026-04-02T13:27:11.747339+08:00 [BUILD] action=constructed x=164 y=113 block_id=286 block=导管 team=1 rot=3
2026-04-02T13:27:11.7483324+08:00 [BUILD] action=constructed x=164 y=116 block_id=286 block=导管 team=1 rot=3
2026-04-02T13:27:11.7483324+08:00 [BUILD] action=constructed x=164 y=117 block_id=286 block=导管 team=1 rot=3
2026-04-02T13:27:11.7483324+08:00 [BUILD] action=constructed x=164 y=121 block_id=230 block=废墙 team=1 rot=0
2026-04-02T13:27:11.7483324+08:00 [BUILD] action=constructed x=164 y=123 block_id=258 block=钛传送带 team=1 rot=0
2026-04-02T13:27:11.7488417+08:00 [BUILD] action=constructed x=165 y=107 block_id=230 block=废墙 team=1 rot=0
2026-04-02T13:27:11.7488417+08:00 [BUILD] action=constructed x=165 y=108 block_id=230 block=废墙 team=1 rot=0
2026-04-02T13:27:11.7856765+08:00 [BUILD] action=constructed x=165 y=109 block_id=258 block=钛传送带 team=1 rot=2
2026-04-02T13:27:11.8232118+08:00 [BUILD] action=constructed x=165 y=114 block_id=258 block=钛传送带 team=1 rot=3
2026-04-02T13:27:11.8951598+08:00 [BUILD] action=constructed x=165 y=122 block_id=351 block=火焰 team=1 rot=1
2026-04-02T13:27:11.8961728+08:00 [BUILD] action=constructed x=166 y=111 block_id=258 block=钛传送带 team=1 rot=0
2026-04-02T13:27:11.8961728+08:00 [BUILD] action=constructed x=167 y=115 block_id=313 block=太阳能板 team=1 rot=0
2026-04-02T13:27:11.8961728+08:00 [BUILD] action=constructed x=167 y=123 block_id=266 block=路由器 team=1 rot=0
2026-04-02T13:27:11.8961728+08:00 [BUILD] action=constructed x=168 y=110 block_id=258 block=钛传送带 team=1 rot=3
2026-04-02T13:27:11.8961728+08:00 [BUILD] action=constructed x=168 y=111 block_id=258 block=钛传送带 team=1 rot=3
2026-04-02T13:27:11.8961728+08:00 [BUILD] action=constructed x=168 y=114 block_id=313 block=太阳能板 team=1 rot=0
2026-04-02T13:27:11.897169+08:00 [BUILD] action=constructed x=168 y=115 block_id=313 block=太阳能板 team=1 rot=0
2026-04-02T13:27:11.897169+08:00 [BUILD] action=constructed x=168 y=120 block_id=230 block=废墙 team=1 rot=0
2026-04-02T13:27:11.897169+08:00 [BUILD] action=constructed x=168 y=123 block_id=258 block=钛传送带 team=1 rot=0
2026-04-02T13:27:11.8976797+08:00 [BUILD] action=constructed x=169 y=116 block_id=313 block=太阳能板 team=1 rot=0
2026-04-02T13:27:11.9058073+08:00 [BUILD] action=constructed x=169 y=119 block_id=231 block=大型废墙 team=1 rot=0
2026-04-02T13:27:11.9058073+08:00 [BUILD] action=constructed x=169 y=121 block_id=230 block=废墙 team=1 rot=0
2026-04-02T13:27:11.9058073+08:00 [BUILD] action=constructed x=169 y=122 block_id=351 block=火焰 team=1 rot=1
2026-04-02T13:27:11.9058073+08:00 [BUILD] action=constructed x=169 y=123 block_id=258 block=钛传送带 team=1 rot=3
2026-04-02T13:27:11.9058073+08:00 [BUILD] action=constructed x=170 y=122 block_id=230 block=废墙 team=1 rot=0
2026-04-02T13:27:11.9058073+08:00 [BUILD] action=constructed x=170 y=123 block_id=230 block=废墙 team=1 rot=0
2026-04-02T13:27:11.9058073+08:00 [BUILD] action=constructed x=171 y=102 block_id=230 block=废墙 team=1 rot=0
2026-04-02T13:27:11.9073148+08:00 [BUILD] action=constructed x=171 y=110 block_id=230 block=废墙 team=1 rot=0
2026-04-02T13:27:11.9083302+08:00 [BUILD] action=constructed x=171 y=118 block_id=230 block=废墙 team=1 rot=0
2026-04-02T13:27:12.0371309+08:00 [BUILD] action=constructed x=172 y=102 block_id=230 block=废墙 team=1 rot=0
2026-04-02T13:27:12.0539078+08:00 [BUILD] action=constructed x=172 y=110 block_id=230 block=废墙 team=1 rot=0
2026-04-02T13:27:12.0737337+08:00 [BUILD] action=constructed x=172 y=118 block_id=230 block=废墙 team=1 rot=0
2026-04-02T13:27:12.0944589+08:00 [BUILD] action=constructed x=173 y=104 block_id=230 block=废墙 team=1 rot=0
2026-04-02T13:27:12.1577856+08:00 [BUILD] action=constructed x=173 y=105 block_id=230 block=废墙 team=1 rot=0
2026-04-02T13:27:12.1930754+08:00 [BUILD] action=constructed x=173 y=109 block_id=302 block=电力节点 team=1 rot=0
2026-04-02T13:27:12.2175931+08:00 [BUILD] action=constructed x=173 y=110 block_id=350 block=分裂 team=1 rot=1
2026-04-02T13:27:12.2291886+08:00 [BUILD] action=constructed x=173 y=114 block_id=350 block=分裂 team=1 rot=1
2026-04-02T13:27:12.2291886+08:00 [BUILD] action=constructed x=174 y=104 block_id=230 block=废墙 team=1 rot=0
2026-04-02T13:27:12.2291886+08:00 [BUILD] action=constructed x=174 y=106 block_id=354 block=蓝瑟 team=1 rot=1
2026-04-02T13:27:12.2291886+08:00 [BUILD] action=constructed x=175 y=109 block_id=326 block=气动钻头 team=1 rot=0
2026-04-02T13:27:12.2304949+08:00 [BUILD] action=constructed x=175 y=111 block_id=258 block=钛传送带 team=1 rot=1
2026-04-02T13:27:12.2304949+08:00 [BUILD] action=constructed x=175 y=113 block_id=266 block=路由器 team=1 rot=0
2026-04-02T13:27:12.2304949+08:00 [BUILD] action=constructed x=175 y=114 block_id=258 block=钛传送带 team=1 rot=1
2026-04-02T13:27:12.2310045+08:00 [BUILD] action=constructed x=177 y=105 block_id=230 block=废墙 team=1 rot=0
2026-04-02T13:27:12.2310045+08:00 [BUILD] action=constructed x=177 y=110 block_id=260 block=装甲传送带 team=1 rot=1
2026-04-02T13:27:12.2310045+08:00 [BUILD] action=constructed x=177 y=112 block_id=258 block=钛传送带 team=1 rot=0
2026-04-02T13:27:12.2310045+08:00 [BUILD] action=constructed x=177 y=113 block_id=258 block=钛传送带 team=1 rot=3
2026-04-02T13:27:12.2315241+08:00 [BUILD] action=constructed x=177 y=116 block_id=258 block=钛传送带 team=1 rot=3
2026-04-02T13:27:12.2315241+08:00 [BUILD] action=constructed x=177 y=119 block_id=230 block=废墙 team=1 rot=0
2026-04-02T13:27:12.2315241+08:00 [BUILD] action=constructed x=178 y=107 block_id=262 block=传送带桥 team=1 rot=0
2026-04-02T13:27:12.2315241+08:00 [BUILD] action=constructed x=178 y=110 block_id=262 block=传送带桥 team=1 rot=0
2026-04-02T13:27:12.2315241+08:00 [BUILD] action=constructed x=178 y=111 block_id=185 block=窑炉 team=1 rot=0
2026-04-02T13:27:12.2315241+08:00 [BUILD] action=constructed x=178 y=118 block_id=230 block=废墙 team=1 rot=0
2026-04-02T13:27:12.2597637+08:00 [BUILD] action=constructed x=179 y=106 block_id=258 block=钛传送带 team=1 rot=0
2026-04-02T13:27:12.3464286+08:00 [BUILD] action=constructed x=179 y=110 block_id=258 block=钛传送带 team=1 rot=1
2026-04-02T13:27:12.3890722+08:00 [BUILD] action=constructed x=179 y=118 block_id=230 block=废墙 team=1 rot=0
2026-04-02T13:27:12.3890722+08:00 [BUILD] action=constructed x=180 y=106 block_id=258 block=钛传送带 team=1 rot=0
2026-04-02T13:27:12.4082075+08:00 [BUILD] action=constructed x=182 y=107 block_id=363 block=气旋 team=1 rot=1
2026-04-02T13:27:12.4287244+08:00 [BUILD] action=constructed x=184 y=110 block_id=230 block=废墙 team=1 rot=0
2026-04-02T13:27:12.4287244+08:00 [BUILD] action=constructed x=185 y=109 block_id=230 block=废墙 team=1 rot=0
2026-04-02T13:27:12.4287244+08:00 [BUILD] action=constructed x=185 y=110 block_id=230 block=废墙 team=1 rot=0
2026-04-02T13:27:29.6192634+08:00 [BUILD] action=deconstructing x=228 y=130 block_id=302 block=电力节点 team=1
2026-04-02T13:27:29.7484122+08:00 [BUILD] action=destroyed x=228 y=130 block_id=302 block=电力节点 team=1
2026-04-02T13:27:32.2921368+08:00 [BUILD] action=placed x=233 y=140 block_id=302 block=电力节点 team=1 rot=0
2026-04-02T13:27:32.4370304+08:00 [BUILD] action=constructed x=233 y=140 block_id=302 block=电力节点 team=1 rot=0
2026-04-02T13:27:46.1901235+08:00 [BUILD] action=destroyed x=228 y=140 block_id=350 block=分裂 team=2
