2026-03-30T08:58:59.8418176Z [NET] kind=tcp_accept packet= conn_id=890297834 uuid= ip=10.147.17.101 name="" detail=
2026-03-30T08:58:59.8563211Z [NET] kind=connect_packet packet=*protocol.ConnectPacket conn_id=17594 uuid=bRea8YRoGToAAAAAPO9P1Q== ip=10.147.17.101 name="" detail=version=156 type=official mods=0
2026-03-30T08:58:59.9811615Z [NET] kind=world_handshake_sent packet= conn_id=17594 uuid=bRea8YRoGToAAAAAPO9P1Q== ip=10.147.17.101 name="[scarlet]（未绑定）[][#00ffffff]月[#8982edff]子[#87ceebff]芳 \uf7a9\uf7be[gray]17594[]" detail=
2026-03-30T08:59:00.4263069Z [NET] kind=connect_confirm_client_snapshot packet=*protocol.Remote_NetServer_clientSnapshot_22 conn_id=17594 uuid=bRea8YRoGToAAAAAPO9P1Q== ip=10.147.17.101 name="[scarlet]（未绑定）[][#00ffffff]月[#8982edff]子[#87ceebff]芳 \uf7a9\uf7be[gray]17594[]" detail=
2026-03-30T16:59:00.4756147+08:00 [RESPAWN] player="[#00ffffff]月[#8982edff]子[#87ceebff]芳 \uf7a9\uf7be" team=1 no_core=1 spawn_x=352 spawn_y=50 tile=core-nucleus
2026-03-30T16:59:00.4870291+08:00 [RESPAWN] player="[#00ffffff]月[#8982edff]子[#87ceebff]芳 \uf7a9\uf7be" team=1 unit=37 build_speed=1.00 spawn_x=352 spawn_y=50
2026-03-30T16:59:06.6051911+08:00 [BUILD] action=placed x=291 y=106 block_id=184 block=热能坩埚 team=1 rot=0
2026-03-30T16:59:06.6717892+08:00 [BUILD] action=destroyed x=291 y=106 block_id=184 block=热能坩埚 team=1
2026-03-30T16:59:07.6882773+08:00 [BUILD] action=deconstructing x=295 y=106 block_id=184 block=热能坩埚 team=1
2026-03-30T16:59:08.6883793+08:00 [BUILD] action=destroyed x=295 y=106 block_id=184 block=热能坩埚 team=1
2026-03-30T16:59:10.4052143+08:00 [BUILD] action=placed x=289 y=109 block_id=257 block=传送带 team=1 rot=1
2026-03-30T16:59:11.4049142+08:00 [BUILD] action=constructed x=289 y=109 block_id=257 block=传送带 team=1 rot=1
2026-03-30T16:59:11.4218673+08:00 [BUILD] action=placed x=289 y=110 block_id=257 block=传送带 team=1 rot=1
2026-03-30T16:59:12.42226+08:00 [BUILD] action=constructed x=289 y=110 block_id=257 block=传送带 team=1 rot=1
2026-03-30T16:59:12.43858+08:00 [BUILD] action=placed x=289 y=111 block_id=257 block=传送带 team=1 rot=1
2026-03-30T16:59:12.8715254+08:00 [BUILD] action=destroyed x=289 y=112 block_id=257 block=传送带 team=1
2026-03-30T16:59:12.8716234+08:00 [BUILD] action=destroyed x=289 y=114 block_id=257 block=传送带 team=1
2026-03-30T16:59:12.8716234+08:00 [BUILD] action=destroyed x=289 y=116 block_id=257 block=传送带 team=1
2026-03-30T16:59:12.8716234+08:00 [BUILD] action=destroyed x=289 y=117 block_id=257 block=传送带 team=1
2026-03-30T16:59:12.8721613+08:00 [BUILD] action=destroyed x=289 y=111 block_id=257 block=传送带 team=1
2026-03-30T16:59:12.8721613+08:00 [BUILD] action=destroyed x=289 y=113 block_id=257 block=传送带 team=1
2026-03-30T16:59:12.8721613+08:00 [BUILD] action=destroyed x=289 y=115 block_id=257 block=传送带 team=1
2026-03-30T16:59:15.4549422+08:00 [BUILD] action=placed x=268 y=81 block_id=250 block=脉冲地雷 team=1 rot=0
2026-03-30T16:59:15.5049045+08:00 [BUILD] action=destroyed x=268 y=81 block_id=250 block=脉冲地雷 team=1
2026-03-30T16:59:15.5219518+08:00 [BUILD] action=placed x=269 y=80 block_id=250 block=脉冲地雷 team=1 rot=0
2026-03-30T16:59:15.5723124+08:00 [BUILD] action=destroyed x=269 y=80 block_id=250 block=脉冲地雷 team=1
2026-03-30T16:59:15.5883019+08:00 [BUILD] action=placed x=269 y=82 block_id=250 block=脉冲地雷 team=1 rot=0
2026-03-30T16:59:15.6383853+08:00 [BUILD] action=destroyed x=269 y=82 block_id=250 block=脉冲地雷 team=1
2026-03-30T16:59:15.6549495+08:00 [BUILD] action=placed x=270 y=90 block_id=328 block=爆破钻头 team=1 rot=0
2026-03-30T16:59:15.7215033+08:00 [BUILD] action=destroyed x=270 y=90 block_id=328 block=爆破钻头 team=1
2026-03-30T16:59:15.738189+08:00 [BUILD] action=placed x=270 y=81 block_id=250 block=脉冲地雷 team=1 rot=0
2026-03-30T16:59:15.7882614+08:00 [BUILD] action=destroyed x=270 y=81 block_id=250 block=脉冲地雷 team=1
2026-03-30T16:59:15.805034+08:00 [BUILD] action=placed x=271 y=85 block_id=328 block=爆破钻头 team=1 rot=0
2026-03-30T16:59:15.8714928+08:00 [BUILD] action=destroyed x=271 y=85 block_id=328 block=爆破钻头 team=1
2026-03-30T16:59:15.8883408+08:00 [BUILD] action=placed x=270 y=95 block_id=230 block=废墙 team=1 rot=0
2026-03-30T16:59:15.9381952+08:00 [BUILD] action=destroyed x=270 y=95 block_id=230 block=废墙 team=1
2026-03-30T16:59:15.9551493+08:00 [BUILD] action=placed x=270 y=96 block_id=231 block=大型废墙 team=1 rot=0
2026-03-30T16:59:16.0063336+08:00 [BUILD] action=destroyed x=270 y=96 block_id=231 block=大型废墙 team=1
2026-03-30T16:59:16.0063336+08:00 [BUILD] action=placed x=271 y=80 block_id=250 block=脉冲地雷 team=1 rot=0
2026-03-30T16:59:16.0883288+08:00 [BUILD] action=destroyed x=271 y=80 block_id=250 block=脉冲地雷 team=1
2026-03-30T16:59:16.1050075+08:00 [BUILD] action=placed x=271 y=82 block_id=250 block=脉冲地雷 team=1 rot=0
2026-03-30T16:59:16.1714899+08:00 [BUILD] action=destroyed x=271 y=82 block_id=250 block=脉冲地雷 team=1
2026-03-30T16:59:16.1883136+08:00 [BUILD] action=placed x=273 y=94 block_id=327 block=激光钻头 team=1 rot=0
2026-03-30T16:59:16.2382385+08:00 [BUILD] action=destroyed x=273 y=94 block_id=327 block=激光钻头 team=1
2026-03-30T16:59:16.2552827+08:00 [BUILD] action=placed x=272 y=97 block_id=230 block=废墙 team=1 rot=0
2026-03-30T16:59:16.3056756+08:00 [BUILD] action=destroyed x=272 y=97 block_id=230 block=废墙 team=1
2026-03-30T16:59:16.3216948+08:00 [BUILD] action=placed x=272 y=100 block_id=230 block=废墙 team=1 rot=0
2026-03-30T16:59:16.3882832+08:00 [BUILD] action=destroyed x=272 y=100 block_id=230 block=废墙 team=1
2026-03-30T16:59:16.3884188+08:00 [BUILD] action=placed x=274 y=79 block_id=346 block=仓库 team=1 rot=0
2026-03-30T16:59:16.4551494+08:00 [BUILD] action=destroyed x=274 y=79 block_id=346 block=仓库 team=1
2026-03-30T16:59:16.4551494+08:00 [BUILD] action=placed x=274 y=91 block_id=327 block=激光钻头 team=1 rot=0
2026-03-30T16:59:16.5219344+08:00 [BUILD] action=destroyed x=274 y=91 block_id=327 block=激光钻头 team=1
2026-03-30T16:59:16.5386068+08:00 [BUILD] action=placed x=273 y=99 block_id=230 block=废墙 team=1 rot=0
2026-03-30T16:59:16.5882205+08:00 [BUILD] action=destroyed x=276 y=100 block_id=230 block=废墙 team=1
2026-03-30T16:59:16.5882205+08:00 [BUILD] action=destroyed x=279 y=100 block_id=230 block=废墙 team=1
2026-03-30T16:59:16.5882205+08:00 [BUILD] action=destroyed x=281 y=93 block_id=365 block=幽灵 team=1
2026-03-30T16:59:16.5882205+08:00 [BUILD] action=destroyed x=281 y=88 block_id=260 block=装甲传送带 team=1
2026-03-30T16:59:16.5887701+08:00 [BUILD] action=destroyed x=274 y=97 block_id=230 block=废墙 team=1
2026-03-30T16:59:16.5887701+08:00 [BUILD] action=destroyed x=279 y=99 block_id=230 block=废墙 team=1
2026-03-30T16:59:16.5887701+08:00 [BUILD] action=destroyed x=283 y=91 block_id=270 block=装卸器 team=1
2026-03-30T16:59:16.5887701+08:00 [BUILD] action=destroyed x=281 y=87 block_id=260 block=装甲传送带 team=1
2026-03-30T16:59:16.5887701+08:00 [BUILD] action=destroyed x=282 y=89 block_id=260 block=装甲传送带 team=1
2026-03-30T16:59:16.5892866+08:00 [BUILD] action=destroyed x=282 y=96 block_id=231 block=大型废墙 team=1
2026-03-30T16:59:16.5898103+08:00 [BUILD] action=destroyed x=273 y=100 block_id=230 block=废墙 team=1
2026-03-30T16:59:16.5898103+08:00 [BUILD] action=destroyed x=275 y=97 block_id=230 block=废墙 team=1
2026-03-30T16:59:16.5898103+08:00 [BUILD] action=destroyed x=276 y=97 block_id=230 block=废墙 team=1
2026-03-30T16:59:16.5898103+08:00 [BUILD] action=destroyed x=277 y=100 block_id=231 block=大型废墙 team=1
2026-03-30T16:59:16.5903304+08:00 [BUILD] action=destroyed x=282 y=88 block_id=260 block=装甲传送带 team=1
2026-03-30T16:59:16.5903304+08:00 [BUILD] action=destroyed x=273 y=99 block_id=230 block=废墙 team=1
2026-03-30T16:59:16.5903304+08:00 [BUILD] action=destroyed x=280 y=96 block_id=231 block=大型废墙 team=1
2026-03-30T16:59:16.5903304+08:00 [BUILD] action=destroyed x=281 y=90 block_id=260 block=装甲传送带 team=1
2026-03-30T16:59:16.5908839+08:00 [BUILD] action=destroyed x=278 y=97 block_id=232 block=巨型废墙 team=1
2026-03-30T16:59:16.5908839+08:00 [BUILD] action=destroyed x=281 y=101 block_id=232 block=巨型废墙 team=1
2026-03-30T08:59:18.3529004Z [NET] kind=tcp_closed packet= conn_id=17594 uuid=bRea8YRoGToAAAAAPO9P1Q== ip=10.147.17.101 name="[scarlet]（未绑定）[][#00ffffff]月[#8982edff]子[#87ceebff]芳 \uf7a9\uf7be[gray]17594[]" detail=EOF
