2026-04-02T10:46:19.3268349+08:00 [BUILD] action=destroyed x=187 y=243 block_id=223 block=大型钍墙 team=2
2026-04-02T10:46:19.3268349+08:00 [BUILD] action=destroyed x=189 y=243 block_id=288 block=电镀导管 team=2
2026-04-02T10:46:19.3268349+08:00 [BUILD] action=destroyed x=190 y=243 block_id=220 block=塑钢墙 team=2
2026-04-02T10:46:19.3268349+08:00 [BUILD] action=destroyed x=191 y=243 block_id=258 block=钛传送带 team=2
2026-04-02T10:46:19.3268349+08:00 [BUILD] action=destroyed x=192 y=243 block_id=258 block=钛传送带 team=2
2026-04-02T10:46:19.3268349+08:00 [BUILD] action=destroyed x=193 y=243 block_id=262 block=传送带桥 team=2
2026-04-02T10:46:19.3268349+08:00 [BUILD] action=destroyed x=184 y=244 block_id=228 block=门 team=2
2026-04-02T10:46:19.3268349+08:00 [BUILD] action=destroyed x=189 y=244 block_id=288 block=电镀导管 team=2
2026-04-02T10:46:19.3268349+08:00 [BUILD] action=destroyed x=190 y=244 block_id=220 block=塑钢墙 team=2
2026-04-02T10:46:19.3268349+08:00 [BUILD] action=destroyed x=191 y=244 block_id=258 block=钛传送带 team=2
2026-04-02T10:46:19.3278663+08:00 [BUILD] action=destroyed x=195 y=244 block_id=220 block=塑钢墙 team=2
2026-04-02T10:46:19.3278663+08:00 [BUILD] action=destroyed x=183 y=245 block_id=222 block=钍墙 team=2
2026-04-02T10:46:19.3278663+08:00 [BUILD] action=destroyed x=184 y=245 block_id=229 block=大门 team=2
2026-04-02T10:46:19.3278663+08:00 [BUILD] action=destroyed x=186 y=245 block_id=228 block=门 team=2
2026-04-02T10:46:19.3278663+08:00 [BUILD] action=destroyed x=187 y=245 block_id=222 block=钍墙 team=2
2026-04-02T10:46:19.3278663+08:00 [BUILD] action=destroyed x=188 y=245 block_id=290 block=流体容器 team=2
2026-04-02T10:46:19.3278663+08:00 [BUILD] action=destroyed x=190 y=245 block_id=220 block=塑钢墙 team=2
2026-04-02T10:46:19.3278663+08:00 [BUILD] action=destroyed x=191 y=245 block_id=262 block=传送带桥 team=2
2026-04-02T10:46:19.3278663+08:00 [BUILD] action=destroyed x=193 y=245 block_id=362 block=浪涌 team=2
2026-04-02T10:46:19.3278663+08:00 [BUILD] action=destroyed x=182 y=246 block_id=197 block=煤炭离心机 team=2
2026-04-02T10:46:19.3278663+08:00 [BUILD] action=destroyed x=186 y=246 block_id=326 block=气动钻头 team=2
2026-04-02T10:46:19.3278663+08:00 [BUILD] action=destroyed x=190 y=246 block_id=289 block=流体路由器 team=2
2026-04-02T10:46:19.3278663+08:00 [BUILD] action=destroyed x=191 y=246 block_id=288 block=电镀导管 team=2
2026-04-02T10:46:19.3278663+08:00 [BUILD] action=destroyed x=184 y=247 block_id=229 block=大门 team=2
2026-04-02T10:46:19.3278663+08:00 [BUILD] action=destroyed x=188 y=247 block_id=293 block=导管桥 team=2
2026-04-02T10:46:19.3278663+08:00 [BUILD] action=destroyed x=189 y=247 block_id=220 block=塑钢墙 team=2
2026-04-02T10:46:19.3278663+08:00 [BUILD] action=destroyed x=190 y=247 block_id=293 block=导管桥 team=2
2026-04-02T10:46:19.3278663+08:00 [BUILD] action=destroyed x=191 y=247 block_id=220 block=塑钢墙 team=2
2026-04-02T10:46:19.3278663+08:00 [BUILD] action=destroyed x=192 y=247 block_id=221 block=大型塑钢墙 team=2
2026-04-02T10:46:19.3278663+08:00 [BUILD] action=destroyed x=179 y=248 block_id=302 block=电力节点 team=2
2026-04-02T10:46:19.3278663+08:00 [BUILD] action=destroyed x=180 y=248 block_id=270 block=装卸器 team=2
2026-04-02T10:46:19.3278663+08:00 [BUILD] action=destroyed x=181 y=248 block_id=306 block=电池 team=2
2026-04-02T10:46:19.3278663+08:00 [BUILD] action=destroyed x=182 y=248 block_id=306 block=电池 team=2
2026-04-02T10:46:19.3278663+08:00 [BUILD] action=destroyed x=183 y=248 block_id=293 block=导管桥 team=2
2026-04-02T10:46:19.3278663+08:00 [BUILD] action=destroyed x=186 y=248 block_id=293 block=导管桥 team=2
2026-04-02T10:46:19.3278663+08:00 [BUILD] action=destroyed x=190 y=248 block_id=220 block=塑钢墙 team=2
2026-04-02T10:46:19.3278663+08:00 [BUILD] action=destroyed x=191 y=248 block_id=262 block=传送带桥 team=2
2026-04-02T10:46:19.3278663+08:00 [BUILD] action=destroyed x=179 y=249 block_id=260 block=装甲传送带 team=2
2026-04-02T10:46:19.3278663+08:00 [BUILD] action=destroyed x=180 y=249 block_id=183 block=硅冶炼厂 team=2
2026-04-02T10:46:19.3278663+08:00 [BUILD] action=destroyed x=182 y=249 block_id=197 block=煤炭离心机 team=2
2026-04-02T10:46:19.3278663+08:00 [BUILD] action=destroyed x=184 y=249 block_id=229 block=大门 team=2
2026-04-02T10:46:19.3278663+08:00 [BUILD] action=destroyed x=186 y=249 block_id=220 block=塑钢墙 team=2
2026-04-02T10:46:19.3278663+08:00 [BUILD] action=destroyed x=188 y=249 block_id=331 block=石油钻井 team=2
2026-04-02T10:46:19.3278663+08:00 [BUILD] action=destroyed x=190 y=249 block_id=220 block=塑钢墙 team=2
2026-04-02T10:46:19.3278663+08:00 [BUILD] action=destroyed x=194 y=249 block_id=221 block=大型塑钢墙 team=2
2026-04-02T10:46:19.3278663+08:00 [BUILD] action=destroyed x=179 y=250 block_id=220 block=塑钢墙 team=2
2026-04-02T10:46:19.3278663+08:00 [BUILD] action=destroyed x=186 y=250 block_id=220 block=塑钢墙 team=2
2026-04-02T10:46:19.3278663+08:00 [BUILD] action=destroyed x=190 y=250 block_id=293 block=导管桥 team=2
2026-04-02T10:46:19.3278663+08:00 [BUILD] action=destroyed x=192 y=250 block_id=362 block=浪涌 team=2
2026-04-02T10:46:19.3278663+08:00 [BUILD] action=destroyed x=179 y=251 block_id=220 block=塑钢墙 team=2
2026-04-02T10:46:19.3278663+08:00 [BUILD] action=destroyed x=180 y=251 block_id=221 block=大型塑钢墙 team=2
2026-04-02T10:46:19.3278663+08:00 [BUILD] action=destroyed x=182 y=251 block_id=229 block=大门 team=2
2026-04-02T10:46:19.3278663+08:00 [BUILD] action=destroyed x=184 y=251 block_id=229 block=大门 team=2
2026-04-02T10:46:19.3278663+08:00 [BUILD] action=destroyed x=186 y=251 block_id=221 block=大型塑钢墙 team=2
2026-04-02T10:46:19.3278663+08:00 [BUILD] action=destroyed x=188 y=251 block_id=293 block=导管桥 team=2
2026-04-02T10:46:19.3278663+08:00 [BUILD] action=destroyed x=189 y=251 block_id=302 block=电力节点 team=2
2026-04-02T10:46:19.3278663+08:00 [BUILD] action=destroyed x=190 y=251 block_id=259 block=塑钢传送带 team=2
2026-04-02T10:46:19.3278663+08:00 [BUILD] action=destroyed x=194 y=251 block_id=220 block=塑钢墙 team=2
2026-04-02T10:46:19.3278663+08:00 [BUILD] action=destroyed x=176 y=252 block_id=221 block=大型塑钢墙 team=2
2026-04-02T10:46:19.3278663+08:00 [BUILD] action=destroyed x=178 y=252 block_id=220 block=塑钢墙 team=2
2026-04-02T10:46:19.3278663+08:00 [BUILD] action=destroyed x=179 y=252 block_id=220 block=塑钢墙 team=2
2026-04-02T10:46:19.3278663+08:00 [BUILD] action=destroyed x=188 y=252 block_id=290 block=流体容器 team=2
2026-04-02T10:46:19.3278663+08:00 [BUILD] action=destroyed x=190 y=252 block_id=259 block=塑钢传送带 team=2
2026-04-02T10:46:19.3288675+08:00 [BUILD] action=destroyed x=191 y=252 block_id=262 block=传送带桥 team=2
2026-04-02T10:46:19.3288675+08:00 [BUILD] action=destroyed x=192 y=252 block_id=220 block=塑钢墙 team=2
2026-04-02T10:46:19.3288675+08:00 [BUILD] action=destroyed x=193 y=252 block_id=220 block=塑钢墙 team=2
2026-04-02T10:46:19.3288675+08:00 [BUILD] action=destroyed x=194 y=252 block_id=220 block=塑钢墙 team=2
2026-04-02T10:46:19.3288675+08:00 [BUILD] action=destroyed x=178 y=253 block_id=221 block=大型塑钢墙 team=2
2026-04-02T10:46:19.3288675+08:00 [BUILD] action=destroyed x=180 y=253 block_id=221 block=大型塑钢墙 team=2
2026-04-02T10:46:19.3288675+08:00 [BUILD] action=destroyed x=182 y=253 block_id=229 block=大门 team=2
2026-04-02T10:46:19.3288675+08:00 [BUILD] action=destroyed x=184 y=253 block_id=220 block=塑钢墙 team=2
2026-04-02T10:46:19.3288675+08:00 [BUILD] action=destroyed x=185 y=253 block_id=220 block=塑钢墙 team=2
2026-04-02T10:46:19.3288675+08:00 [BUILD] action=destroyed x=186 y=253 block_id=220 block=塑钢墙 team=2
2026-04-02T10:46:19.3288675+08:00 [BUILD] action=destroyed x=187 y=253 block_id=287 block=脉冲导管 team=2
2026-04-02T10:46:19.3288675+08:00 [BUILD] action=destroyed x=193 y=253 block_id=220 block=塑钢墙 team=2
2026-04-02T10:46:19.3288675+08:00 [BUILD] action=destroyed x=188 y=254 block_id=293 block=导管桥 team=2
2026-04-02T10:46:19.3288675+08:00 [BUILD] action=destroyed x=189 y=254 block_id=288 block=电镀导管 team=2
2026-04-02T10:46:19.3288675+08:00 [BUILD] action=destroyed x=191 y=254 block_id=363 block=气旋 team=2
2026-04-02T10:46:19.3288675+08:00 [BUILD] action=destroyed x=193 y=254 block_id=220 block=塑钢墙 team=2
2026-04-02T10:46:19.3288675+08:00 [BUILD] action=destroyed x=175 y=255 block_id=365 block=幽灵 team=2
2026-04-02T10:46:19.3288675+08:00 [BUILD] action=destroyed x=178 y=255 block_id=246 block=修理投影 team=2
2026-04-02T10:46:19.3288675+08:00 [BUILD] action=destroyed x=180 y=255 block_id=221 block=大型塑钢墙 team=2
2026-04-02T10:46:19.3288675+08:00 [BUILD] action=destroyed x=182 y=255 block_id=229 block=大门 team=2
2026-04-02T10:46:19.3288675+08:00 [BUILD] action=destroyed x=185 y=255 block_id=328 block=爆破钻头 team=2
2026-04-02T10:46:19.3288675+08:00 [BUILD] action=destroyed x=188 y=255 block_id=262 block=传送带桥 team=2
2026-04-02T10:46:19.3288675+08:00 [BUILD] action=destroyed x=189 y=255 block_id=288 block=电镀导管 team=2
2026-04-02T10:46:19.3288675+08:00 [BUILD] action=destroyed x=193 y=255 block_id=220 block=塑钢墙 team=2
2026-04-02T10:46:19.3288675+08:00 [BUILD] action=destroyed x=209 y=255 block_id=220 block=塑钢墙 team=2
2026-04-02T10:46:19.3288675+08:00 [BUILD] action=destroyed x=210 y=255 block_id=261 block=交叉器 team=2
2026-04-02T10:46:19.3293753+08:00 [BUILD] action=destroyed x=188 y=256 block_id=293 block=导管桥 team=2
2026-04-02T10:46:19.3293753+08:00 [BUILD] action=destroyed x=189 y=256 block_id=288 block=电镀导管 team=2
2026-04-02T10:46:19.3293753+08:00 [BUILD] action=destroyed x=190 y=256 block_id=220 block=塑钢墙 team=2
2026-04-02T10:46:19.3293753+08:00 [BUILD] action=destroyed x=191 y=256 block_id=221 block=大型塑钢墙 team=2
2026-04-02T10:46:19.3293753+08:00 [BUILD] action=destroyed x=208 y=256 block_id=221 block=大型塑钢墙 team=2
2026-04-02T10:46:19.3293753+08:00 [BUILD] action=destroyed x=210 y=256 block_id=266 block=路由器 team=2
2026-04-02T10:46:19.3293753+08:00 [BUILD] action=destroyed x=178 y=257 block_id=221 block=大型塑钢墙 team=2
2026-04-02T10:46:19.3293753+08:00 [BUILD] action=destroyed x=180 y=257 block_id=221 block=大型塑钢墙 team=2
2026-04-02T10:46:19.3293753+08:00 [BUILD] action=destroyed x=182 y=257 block_id=229 block=大门 team=2
2026-04-02T10:46:19.3293753+08:00 [BUILD] action=destroyed x=188 y=257 block_id=189 block=冷冻液混合器 team=2
2026-04-02T10:46:19.3293753+08:00 [BUILD] action=destroyed x=190 y=257 block_id=220 block=塑钢墙 team=2
2026-04-02T10:46:19.3293753+08:00 [BUILD] action=destroyed x=207 y=257 block_id=220 block=塑钢墙 team=2
2026-04-02T10:46:19.3293753+08:00 [BUILD] action=destroyed x=210 y=257 block_id=260 block=装甲传送带 team=2
2026-04-02T10:46:19.3293753+08:00 [BUILD] action=destroyed x=174 y=258 block_id=270 block=装卸器 team=2
2026-04-02T10:46:19.3293753+08:00 [BUILD] action=destroyed x=175 y=258 block_id=245 block=修理器 team=2
2026-04-02T10:46:19.3293753+08:00 [BUILD] action=destroyed x=176 y=258 block_id=245 block=修理器 team=2
2026-04-02T10:46:19.3293753+08:00 [BUILD] action=destroyed x=177 y=258 block_id=302 block=电力节点 team=2
2026-04-02T10:46:19.3293753+08:00 [BUILD] action=destroyed x=184 y=258 block_id=220 block=塑钢墙 team=2
2026-04-02T10:46:19.3293753+08:00 [BUILD] action=destroyed x=185 y=258 block_id=326 block=气动钻头 team=2
2026-04-02T10:46:19.3293753+08:00 [BUILD] action=destroyed x=187 y=258 block_id=258 block=钛传送带 team=2
2026-04-02T10:46:19.3293753+08:00 [BUILD] action=destroyed x=190 y=258 block_id=221 block=大型塑钢墙 team=2
2026-04-02T10:46:19.3293753+08:00 [BUILD] action=destroyed x=192 y=258 block_id=221 block=大型塑钢墙 team=2
2026-04-02T10:46:19.3293753+08:00 [BUILD] action=destroyed x=194 y=258 block_id=222 block=钍墙 team=2
2026-04-02T10:46:19.3293753+08:00 [BUILD] action=destroyed x=195 y=258 block_id=222 block=钍墙 team=2
2026-04-02T10:46:19.3293753+08:00 [BUILD] action=destroyed x=206 y=258 block_id=221 block=大型塑钢墙 team=2
2026-04-02T10:46:19.3293753+08:00 [BUILD] action=destroyed x=208 y=258 block_id=304 block=巨浪电力塔 team=2
2026-04-02T10:46:19.3293753+08:00 [BUILD] action=destroyed x=210 y=258 block_id=183 block=硅冶炼厂 team=2
2026-04-02T10:46:19.3293753+08:00 [BUILD] action=destroyed x=175 y=259 block_id=270 block=装卸器 team=2
2026-04-02T10:46:19.3293753+08:00 [BUILD] action=destroyed x=179 y=259 block_id=258 block=钛传送带 team=2
2026-04-02T10:46:19.3293753+08:00 [BUILD] action=destroyed x=180 y=259 block_id=258 block=钛传送带 team=2
2026-04-02T10:46:19.3293753+08:00 [BUILD] action=destroyed x=181 y=259 block_id=229 block=大门 team=2
2026-04-02T10:46:19.3293753+08:00 [BUILD] action=destroyed x=183 y=259 block_id=228 block=门 team=2
2026-04-02T10:46:19.3293753+08:00 [BUILD] action=destroyed x=184 y=259 block_id=220 block=塑钢墙 team=2
2026-04-02T10:46:19.3293753+08:00 [BUILD] action=destroyed x=187 y=259 block_id=287 block=脉冲导管 team=2
2026-04-02T10:46:19.3293753+08:00 [BUILD] action=destroyed x=188 y=259 block_id=262 block=传送带桥 team=2
2026-04-02T10:46:19.3293753+08:00 [BUILD] action=destroyed x=189 y=259 block_id=288 block=电镀导管 team=2
2026-04-02T10:46:19.3293753+08:00 [BUILD] action=destroyed x=194 y=259 block_id=221 block=大型塑钢墙 team=2
2026-04-02T10:46:19.3293753+08:00 [BUILD] action=destroyed x=196 y=259 block_id=222 block=钍墙 team=2
2026-04-02T10:46:19.3293753+08:00 [BUILD] action=destroyed x=205 y=259 block_id=220 block=塑钢墙 team=2
2026-04-02T10:46:19.3293753+08:00 [BUILD] action=destroyed x=175 y=260 block_id=270 block=装卸器 team=2
2026-04-02T10:46:19.3293753+08:00 [BUILD] action=destroyed x=177 y=260 block_id=377 block=陆军工厂 team=2
2026-04-02T10:46:19.3293753+08:00 [BUILD] action=destroyed x=179 y=260 block_id=228 block=门 team=2
2026-04-02T10:46:19.3293753+08:00 [BUILD] action=destroyed x=180 y=260 block_id=258 block=钛传送带 team=2
2026-04-02T10:46:19.3293753+08:00 [BUILD] action=destroyed x=183 y=260 block_id=228 block=门 team=2
2026-04-02T10:46:19.3293753+08:00 [BUILD] action=destroyed x=184 y=260 block_id=220 block=塑钢墙 team=2
2026-04-02T10:46:19.3293753+08:00 [BUILD] action=destroyed x=185 y=260 block_id=220 block=塑钢墙 team=2
2026-04-02T10:46:19.3293753+08:00 [BUILD] action=destroyed x=186 y=260 block_id=220 block=塑钢墙 team=2
2026-04-02T10:46:19.3293753+08:00 [BUILD] action=destroyed x=187 y=260 block_id=287 block=脉冲导管 team=2
2026-04-02T10:46:19.3293753+08:00 [BUILD] action=destroyed x=188 y=260 block_id=293 block=导管桥 team=2
2026-04-02T10:46:19.3293753+08:00 [BUILD] action=destroyed x=189 y=260 block_id=288 block=电镀导管 team=2
2026-04-02T10:46:19.3293753+08:00 [BUILD] action=destroyed x=190 y=260 block_id=302 block=电力节点 team=2
2026-04-02T10:46:19.3293753+08:00 [BUILD] action=destroyed x=196 y=260 block_id=222 block=钍墙 team=2
2026-04-02T10:46:19.3293753+08:00 [BUILD] action=destroyed x=197 y=260 block_id=222 block=钍墙 team=2
2026-04-02T10:46:19.3293753+08:00 [BUILD] action=destroyed x=207 y=260 block_id=220 block=塑钢墙 team=2
2026-04-02T10:46:19.3293753+08:00 [BUILD] action=destroyed x=208 y=260 block_id=221 block=大型塑钢墙 team=2
2026-04-02T10:46:19.3293753+08:00 [BUILD] action=destroyed x=210 y=260 block_id=220 block=塑钢墙 team=2
2026-04-02T10:46:19.3304071+08:00 [BUILD] action=destroyed x=175 y=261 block_id=262 block=传送带桥 team=2
2026-04-02T10:46:19.3304071+08:00 [BUILD] action=destroyed x=179 y=261 block_id=262 block=传送带桥 team=2
2026-04-02T10:46:19.3304071+08:00 [BUILD] action=destroyed x=180 y=261 block_id=262 block=传送带桥 team=2
2026-04-02T10:46:19.3304071+08:00 [BUILD] action=destroyed x=181 y=261 block_id=229 block=大门 team=2
2026-04-02T10:46:19.3304071+08:00 [BUILD] action=destroyed x=183 y=261 block_id=220 block=塑钢墙 team=2
2026-04-02T10:46:19.3304071+08:00 [BUILD] action=destroyed x=184 y=261 block_id=262 block=传送带桥 team=2
2026-04-02T10:46:19.3304071+08:00 [BUILD] action=destroyed x=185 y=261 block_id=221 block=大型塑钢墙 team=2
2026-04-02T10:46:19.3304071+08:00 [BUILD] action=destroyed x=187 y=261 block_id=220 block=塑钢墙 team=2
2026-04-02T10:46:19.3304071+08:00 [BUILD] action=destroyed x=188 y=261 block_id=262 block=传送带桥 team=2
2026-04-02T10:46:19.3304071+08:00 [BUILD] action=destroyed x=189 y=261 block_id=290 block=流体容器 team=2
2026-04-02T10:46:19.3304071+08:00 [BUILD] action=destroyed x=192 y=261 block_id=315 block=钍反应堆 team=2
2026-04-02T10:46:19.3304071+08:00 [BUILD] action=destroyed x=194 y=261 block_id=221 block=大型塑钢墙 team=2
2026-04-02T10:46:19.3304071+08:00 [BUILD] action=destroyed x=196 y=261 block_id=221 block=大型塑钢墙 team=2
2026-04-02T10:46:19.3304071+08:00 [BUILD] action=destroyed x=211 y=261 block_id=258 block=钛传送带 team=2
2026-04-02T10:46:19.3304071+08:00 [BUILD] action=destroyed x=175 y=262 block_id=270 block=装卸器 team=2
2026-04-02T10:46:19.3304071+08:00 [BUILD] action=destroyed x=179 y=262 block_id=245 block=修理器 team=2
2026-04-02T10:46:19.3304071+08:00 [BUILD] action=destroyed x=180 y=262 block_id=258 block=钛传送带 team=2
2026-04-02T10:46:19.3304071+08:00 [BUILD] action=destroyed x=183 y=262 block_id=220 block=塑钢墙 team=2
2026-04-02T10:46:19.3304071+08:00 [BUILD] action=destroyed x=184 y=262 block_id=220 block=塑钢墙 team=2
2026-04-02T10:46:19.3304071+08:00 [BUILD] action=destroyed x=187 y=262 block_id=293 block=导管桥 team=2
2026-04-02T10:46:19.3304071+08:00 [BUILD] action=destroyed x=188 y=262 block_id=289 block=流体路由器 team=2
2026-04-02T10:46:19.3304071+08:00 [BUILD] action=destroyed x=198 y=262 block_id=222 block=钍墙 team=2
2026-04-02T10:46:19.3304071+08:00 [BUILD] action=destroyed x=199 y=262 block_id=222 block=钍墙 team=2
2026-04-02T10:46:19.3304071+08:00 [BUILD] action=destroyed x=200 y=262 block_id=222 block=钍墙 team=2
2026-04-02T10:46:19.3304071+08:00 [BUILD] action=destroyed x=208 y=262 block_id=220 block=塑钢墙 team=2
2026-04-02T10:46:19.3304071+08:00 [BUILD] action=destroyed x=209 y=262 block_id=358 block=齐射 team=2
2026-04-02T10:46:19.3304071+08:00 [BUILD] action=destroyed x=175 y=263 block_id=270 block=装卸器 team=2
2026-04-02T10:46:19.3304071+08:00 [BUILD] action=destroyed x=177 y=263 block_id=377 block=陆军工厂 team=2
2026-04-02T10:46:19.3304071+08:00 [BUILD] action=destroyed x=179 y=263 block_id=228 block=门 team=2
2026-04-02T10:46:19.3304071+08:00 [BUILD] action=destroyed x=180 y=263 block_id=258 block=钛传送带 team=2
2026-04-02T10:46:19.3304071+08:00 [BUILD] action=destroyed x=181 y=263 block_id=229 block=大门 team=2
2026-04-02T10:46:19.3304071+08:00 [BUILD] action=destroyed x=183 y=263 block_id=220 block=塑钢墙 team=2
2026-04-02T10:46:19.3304071+08:00 [BUILD] action=destroyed x=184 y=263 block_id=221 block=大型塑钢墙 team=2
2026-04-02T10:46:19.3304071+08:00 [BUILD] action=destroyed x=186 y=263 block_id=247 block=超速投影 team=2
2026-04-02T10:46:19.3304071+08:00 [BUILD] action=destroyed x=188 y=263 block_id=287 block=脉冲导管 team=2
2026-04-02T10:46:19.3304071+08:00 [BUILD] action=destroyed x=192 y=263 block_id=262 block=传送带桥 team=2
2026-04-02T10:46:19.3304071+08:00 [BUILD] action=destroyed x=196 y=263 block_id=221 block=大型塑钢墙 team=2
2026-04-02T10:46:19.3304071+08:00 [BUILD] action=destroyed x=198 y=263 block_id=221 block=大型塑钢墙 team=2
2026-04-02T10:46:19.3304071+08:00 [BUILD] action=destroyed x=200 y=263 block_id=222 block=钍墙 team=2
2026-04-02T10:46:19.3304071+08:00 [BUILD] action=destroyed x=208 y=263 block_id=220 block=塑钢墙 team=2
2026-04-02T10:46:19.3304071+08:00 [BUILD] action=destroyed x=174 y=264 block_id=258 block=钛传送带 team=2
2026-04-02T10:46:19.3304071+08:00 [BUILD] action=destroyed x=175 y=264 block_id=302 block=电力节点 team=2
2026-04-02T10:46:19.3304071+08:00 [BUILD] action=destroyed x=179 y=264 block_id=258 block=钛传送带 team=2
2026-04-02T10:46:19.3304071+08:00 [BUILD] action=destroyed x=180 y=264 block_id=258 block=钛传送带 team=2
2026-04-02T10:46:19.3304071+08:00 [BUILD] action=destroyed x=183 y=264 block_id=220 block=塑钢墙 team=2
2026-04-02T10:46:19.3304071+08:00 [BUILD] action=destroyed x=188 y=264 block_id=293 block=导管桥 team=2
2026-04-02T10:46:19.3314118+08:00 [BUILD] action=destroyed x=190 y=264 block_id=315 block=钍反应堆 team=2
2026-04-02T10:46:19.3314118+08:00 [BUILD] action=destroyed x=192 y=264 block_id=293 block=导管桥 team=2
2026-04-02T10:46:19.3314118+08:00 [BUILD] action=destroyed x=194 y=264 block_id=315 block=钍反应堆 team=2
2026-04-02T10:46:19.3314118+08:00 [BUILD] action=destroyed x=200 y=264 block_id=220 block=塑钢墙 team=2
2026-04-02T10:46:19.3314118+08:00 [BUILD] action=destroyed x=201 y=264 block_id=220 block=塑钢墙 team=2
2026-04-02T10:46:19.3314118+08:00 [BUILD] action=destroyed x=207 y=264 block_id=222 block=钍墙 team=2
2026-04-02T10:46:19.3314118+08:00 [BUILD] action=destroyed x=208 y=264 block_id=220 block=塑钢墙 team=2
2026-04-02T10:46:19.3314118+08:00 [BUILD] action=destroyed x=209 y=264 block_id=220 block=塑钢墙 team=2
2026-04-02T10:46:19.3314118+08:00 [BUILD] action=destroyed x=210 y=264 block_id=352 block=冰雹 team=2
2026-04-02T10:46:19.3314118+08:00 [BUILD] action=destroyed x=174 y=265 block_id=260 block=装甲传送带 team=2
2026-04-02T10:46:19.3314118+08:00 [BUILD] action=destroyed x=175 y=265 block_id=220 block=塑钢墙 team=2
2026-04-02T10:46:19.3314118+08:00 [BUILD] action=destroyed x=176 y=265 block_id=221 block=大型塑钢墙 team=2
2026-04-02T10:46:19.3314118+08:00 [BUILD] action=destroyed x=178 y=265 block_id=221 block=大型塑钢墙 team=2
2026-04-02T10:46:19.3314118+08:00 [BUILD] action=destroyed x=180 y=265 block_id=221 block=大型塑钢墙 team=2
2026-04-02T10:46:19.3314118+08:00 [BUILD] action=destroyed x=182 y=265 block_id=221 block=大型塑钢墙 team=2
2026-04-02T10:46:19.3314118+08:00 [BUILD] action=destroyed x=184 y=265 block_id=221 block=大型塑钢墙 team=2
2026-04-02T10:46:19.3314118+08:00 [BUILD] action=destroyed x=186 y=265 block_id=220 block=塑钢墙 team=2
2026-04-02T10:46:19.3314118+08:00 [BUILD] action=destroyed x=187 y=265 block_id=293 block=导管桥 team=2
2026-04-02T10:46:19.3314118+08:00 [BUILD] action=destroyed x=188 y=265 block_id=220 block=塑钢墙 team=2
2026-04-02T10:46:19.3314118+08:00 [BUILD] action=destroyed x=192 y=265 block_id=262 block=传送带桥 team=2
2026-04-02T10:46:19.3314118+08:00 [BUILD] action=destroyed x=196 y=265 block_id=247 block=超速投影 team=2
2026-04-02T10:46:19.3314118+08:00 [BUILD] action=destroyed x=198 y=265 block_id=246 block=修理投影 team=2
2026-04-02T10:46:19.3314118+08:00 [BUILD] action=destroyed x=200 y=265 block_id=220 block=塑钢墙 team=2
2026-04-02T10:46:19.3314118+08:00 [BUILD] action=destroyed x=201 y=265 block_id=221 block=大型塑钢墙 team=2
2026-04-02T10:46:19.3314118+08:00 [BUILD] action=destroyed x=205 y=265 block_id=220 block=塑钢墙 team=2
2026-04-02T10:46:19.3314118+08:00 [BUILD] action=destroyed x=206 y=265 block_id=223 block=大型钍墙 team=2
2026-04-02T10:46:19.3314118+08:00 [BUILD] action=destroyed x=208 y=265 block_id=352 block=冰雹 team=2
2026-04-02T10:46:19.3314118+08:00 [BUILD] action=destroyed x=209 y=265 block_id=260 block=装甲传送带 team=2
2026-04-02T10:46:19.3314118+08:00 [BUILD] action=destroyed x=210 y=265 block_id=270 block=装卸器 team=2
2026-04-02T10:46:19.3314118+08:00 [BUILD] action=destroyed x=174 y=266 block_id=260 block=装甲传送带 team=2
2026-04-02T10:46:19.3314118+08:00 [BUILD] action=destroyed x=175 y=266 block_id=220 block=塑钢墙 team=2
2026-04-02T10:46:19.3314118+08:00 [BUILD] action=destroyed x=186 y=266 block_id=220 block=塑钢墙 team=2
2026-04-02T10:46:19.3314118+08:00 [BUILD] action=destroyed x=187 y=266 block_id=287 block=脉冲导管 team=2
2026-04-02T10:46:19.3314118+08:00 [BUILD] action=destroyed x=188 y=266 block_id=287 block=脉冲导管 team=2
2026-04-02T10:46:19.3314118+08:00 [BUILD] action=destroyed x=189 y=266 block_id=293 block=导管桥 team=2
2026-04-02T10:46:19.3314118+08:00 [BUILD] action=destroyed x=190 y=266 block_id=302 block=电力节点 team=2
2026-04-02T10:46:19.3314118+08:00 [BUILD] action=destroyed x=191 y=266 block_id=293 block=导管桥 team=2
2026-04-02T10:46:19.3314118+08:00 [BUILD] action=destroyed x=192 y=266 block_id=258 block=钛传送带 team=2
2026-04-02T10:46:19.3314118+08:00 [BUILD] action=destroyed x=193 y=266 block_id=220 block=塑钢墙 team=2
2026-04-02T10:46:19.3314118+08:00 [BUILD] action=destroyed x=194 y=266 block_id=220 block=塑钢墙 team=2
2026-04-02T10:46:19.3314118+08:00 [BUILD] action=destroyed x=195 y=266 block_id=220 block=塑钢墙 team=2
2026-04-02T10:46:19.3314118+08:00 [BUILD] action=destroyed x=200 y=266 block_id=220 block=塑钢墙 team=2
2026-04-02T10:46:19.3314118+08:00 [BUILD] action=destroyed x=204 y=266 block_id=221 block=大型塑钢墙 team=2
2026-04-02T10:46:19.3314118+08:00 [BUILD] action=destroyed x=174 y=267 block_id=260 block=装甲传送带 team=2
2026-04-02T10:46:19.3314118+08:00 [BUILD] action=destroyed x=175 y=267 block_id=358 block=齐射 team=2
2026-04-02T10:46:19.3314118+08:00 [BUILD] action=destroyed x=180 y=267 block_id=220 block=塑钢墙 team=2
2026-04-02T10:46:19.3314118+08:00 [BUILD] action=destroyed x=181 y=267 block_id=258 block=钛传送带 team=2
2026-04-02T10:46:19.3314118+08:00 [BUILD] action=destroyed x=182 y=267 block_id=258 block=钛传送带 team=2
2026-04-02T10:46:19.3314118+08:00 [BUILD] action=destroyed x=183 y=267 block_id=258 block=钛传送带 team=2
2026-04-02T10:46:19.3323845+08:00 [BUILD] action=destroyed x=184 y=267 block_id=258 block=钛传送带 team=2
2026-04-02T10:46:19.3323845+08:00 [BUILD] action=destroyed x=185 y=267 block_id=258 block=钛传送带 team=2
2026-04-02T10:46:19.3323845+08:00 [BUILD] action=destroyed x=186 y=267 block_id=258 block=钛传送带 team=2
2026-04-02T10:46:19.3323845+08:00 [BUILD] action=destroyed x=187 y=267 block_id=258 block=钛传送带 team=2
2026-04-02T10:46:19.3323845+08:00 [BUILD] action=destroyed x=188 y=267 block_id=258 block=钛传送带 team=2
2026-04-02T10:46:19.3323845+08:00 [BUILD] action=destroyed x=189 y=267 block_id=258 block=钛传送带 team=2
2026-04-02T10:46:19.3323845+08:00 [BUILD] action=destroyed x=190 y=267 block_id=258 block=钛传送带 team=2
2026-04-02T10:46:19.3323845+08:00 [BUILD] action=destroyed x=191 y=267 block_id=258 block=钛传送带 team=2
2026-04-02T10:46:19.3323845+08:00 [BUILD] action=destroyed x=192 y=267 block_id=269 block=反向溢流门 team=2
2026-04-02T10:46:19.3323845+08:00 [BUILD] action=destroyed x=193 y=267 block_id=258 block=钛传送带 team=2
2026-04-02T10:46:19.3323845+08:00 [BUILD] action=destroyed x=194 y=267 block_id=269 block=反向溢流门 team=2
2026-04-02T10:46:19.3323845+08:00 [BUILD] action=destroyed x=195 y=267 block_id=258 block=钛传送带 team=2
2026-04-02T10:46:19.3323845+08:00 [BUILD] action=destroyed x=196 y=267 block_id=258 block=钛传送带 team=2
2026-04-02T10:46:19.3323845+08:00 [BUILD] action=destroyed x=197 y=267 block_id=258 block=钛传送带 team=2
2026-04-02T10:46:19.3323845+08:00 [BUILD] action=destroyed x=198 y=267 block_id=258 block=钛传送带 team=2
2026-04-02T10:46:19.3323845+08:00 [BUILD] action=destroyed x=199 y=267 block_id=258 block=钛传送带 team=2
2026-04-02T10:46:19.3323845+08:00 [BUILD] action=destroyed x=206 y=267 block_id=223 block=大型钍墙 team=2
2026-04-02T10:46:19.3323845+08:00 [BUILD] action=destroyed x=209 y=267 block_id=426 block=发射台 team=2
2026-04-02T10:46:19.3323845+08:00 [BUILD] action=destroyed x=178 y=268 block_id=314 block=大型太阳能板 team=2
2026-04-02T10:46:19.3323845+08:00 [BUILD] action=destroyed x=180 y=268 block_id=302 block=电力节点 team=2
2026-04-02T10:46:19.3323845+08:00 [BUILD] action=destroyed x=181 y=268 block_id=258 block=钛传送带 team=2
2026-04-02T10:46:19.3323845+08:00 [BUILD] action=destroyed x=189 y=268 block_id=221 block=大型塑钢墙 team=2
2026-04-02T10:46:19.3323845+08:00 [BUILD] action=destroyed x=191 y=268 block_id=293 block=导管桥 team=2
2026-04-02T10:46:19.3323845+08:00 [BUILD] action=destroyed x=192 y=268 block_id=287 block=脉冲导管 team=2
2026-04-02T10:46:19.3323845+08:00 [BUILD] action=destroyed x=199 y=268 block_id=220 block=塑钢墙 team=2
2026-04-02T10:46:19.3323845+08:00 [BUILD] action=destroyed x=201 y=268 block_id=365 block=幽灵 team=2
2026-04-02T10:46:19.3323845+08:00 [BUILD] action=destroyed x=204 y=268 block_id=221 block=大型塑钢墙 team=2
2026-04-02T10:46:19.3323845+08:00 [BUILD] action=destroyed x=175 y=269 block_id=258 block=钛传送带 team=2
2026-04-02T10:46:19.3323845+08:00 [BUILD] action=destroyed x=176 y=269 block_id=262 block=传送带桥 team=2
2026-04-02T10:46:19.3323845+08:00 [BUILD] action=destroyed x=180 y=269 block_id=262 block=传送带桥 team=2
2026-04-02T10:46:19.3323845+08:00 [BUILD] action=destroyed x=181 y=269 block_id=258 block=钛传送带 team=2
2026-04-02T10:46:19.3323845+08:00 [BUILD] action=destroyed x=183 y=269 block_id=314 block=大型太阳能板 team=2
2026-04-02T10:46:19.3323845+08:00 [BUILD] action=destroyed x=186 y=269 block_id=314 block=大型太阳能板 team=2
2026-04-02T10:46:19.3323845+08:00 [BUILD] action=destroyed x=191 y=269 block_id=220 block=塑钢墙 team=2
2026-04-02T10:46:19.3323845+08:00 [BUILD] action=destroyed x=192 y=269 block_id=220 block=塑钢墙 team=2
2026-04-02T10:46:19.3323845+08:00 [BUILD] action=destroyed x=194 y=269 block_id=315 block=钍反应堆 team=2
2026-04-02T10:46:19.3323845+08:00 [BUILD] action=destroyed x=197 y=269 block_id=249 block=力墙投影 team=2
2026-04-02T10:46:19.3323845+08:00 [BUILD] action=destroyed x=199 y=269 block_id=302 block=电力节点 team=2
2026-04-02T10:46:19.3323845+08:00 [BUILD] action=destroyed x=206 y=269 block_id=223 block=大型钍墙 team=2
2026-04-02T10:46:19.3323845+08:00 [BUILD] action=destroyed x=177 y=270 block_id=221 block=大型塑钢墙 team=2
2026-04-02T10:46:19.3323845+08:00 [BUILD] action=destroyed x=179 y=270 block_id=220 block=塑钢墙 team=2
2026-04-02T10:46:19.3323845+08:00 [BUILD] action=destroyed x=180 y=270 block_id=269 block=反向溢流门 team=2
2026-04-02T10:46:19.3323845+08:00 [BUILD] action=destroyed x=181 y=270 block_id=258 block=钛传送带 team=2
2026-04-02T10:46:19.3323845+08:00 [BUILD] action=destroyed x=190 y=270 block_id=220 block=塑钢墙 team=2
2026-04-02T10:46:19.3323845+08:00 [BUILD] action=destroyed x=191 y=270 block_id=221 block=大型塑钢墙 team=2
2026-04-02T10:46:19.3323845+08:00 [BUILD] action=destroyed x=204 y=270 block_id=221 block=大型塑钢墙 team=2
2026-04-02T10:46:19.3323845+08:00 [BUILD] action=destroyed x=208 y=270 block_id=288 block=电镀导管 team=2
2026-04-02T10:46:19.3323845+08:00 [BUILD] action=destroyed x=179 y=271 block_id=220 block=塑钢墙 team=2
2026-04-02T10:46:19.3323845+08:00 [BUILD] action=destroyed x=180 y=271 block_id=262 block=传送带桥 team=2
2026-04-02T10:46:19.3323845+08:00 [BUILD] action=destroyed x=181 y=271 block_id=220 block=塑钢墙 team=2
2026-04-02T10:46:19.3323845+08:00 [BUILD] action=destroyed x=182 y=271 block_id=220 block=塑钢墙 team=2
2026-04-02T10:46:19.3323845+08:00 [BUILD] action=destroyed x=183 y=271 block_id=220 block=塑钢墙 team=2
2026-04-02T10:46:19.3323845+08:00 [BUILD] action=destroyed x=184 y=271 block_id=220 block=塑钢墙 team=2
2026-04-02T10:46:19.3323845+08:00 [BUILD] action=destroyed x=185 y=271 block_id=220 block=塑钢墙 team=2
2026-04-02T10:46:19.3323845+08:00 [BUILD] action=destroyed x=186 y=271 block_id=220 block=塑钢墙 team=2
2026-04-02T10:46:19.3323845+08:00 [BUILD] action=destroyed x=187 y=271 block_id=220 block=塑钢墙 team=2
2026-04-02T10:46:19.3323845+08:00 [BUILD] action=destroyed x=190 y=271 block_id=220 block=塑钢墙 team=2
2026-04-02T10:46:19.3334085+08:00 [BUILD] action=destroyed x=193 y=271 block_id=220 block=塑钢墙 team=2
2026-04-02T10:46:19.3334085+08:00 [BUILD] action=destroyed x=194 y=271 block_id=220 block=塑钢墙 team=2
2026-04-02T10:46:19.3334085+08:00 [BUILD] action=destroyed x=195 y=271 block_id=220 block=塑钢墙 team=2
2026-04-02T10:46:19.3334085+08:00 [BUILD] action=destroyed x=196 y=271 block_id=220 block=塑钢墙 team=2
2026-04-02T10:46:19.3334085+08:00 [BUILD] action=destroyed x=197 y=271 block_id=220 block=塑钢墙 team=2
2026-04-02T10:46:19.3334085+08:00 [BUILD] action=destroyed x=200 y=271 block_id=220 block=塑钢墙 team=2
2026-04-02T10:46:19.3334085+08:00 [BUILD] action=destroyed x=201 y=271 block_id=220 block=塑钢墙 team=2
2026-04-02T10:46:19.3334085+08:00 [BUILD] action=destroyed x=202 y=271 block_id=246 block=修理投影 team=2
2026-04-02T10:46:19.3334085+08:00 [BUILD] action=destroyed x=206 y=271 block_id=223 block=大型钍墙 team=2
2026-04-02T10:46:19.3334085+08:00 [BUILD] action=destroyed x=208 y=271 block_id=288 block=电镀导管 team=2
2026-04-02T10:46:19.3334085+08:00 [BUILD] action=destroyed x=181 y=272 block_id=302 block=电力节点 team=2
2026-04-02T10:46:19.3334085+08:00 [BUILD] action=destroyed x=182 y=272 block_id=219 block=大型钛墙 team=2
2026-04-02T10:46:19.3334085+08:00 [BUILD] action=destroyed x=184 y=272 block_id=218 block=钛墙 team=2
2026-04-02T10:46:19.3334085+08:00 [BUILD] action=destroyed x=194 y=272 block_id=230 block=废墙 team=0
2026-04-02T10:46:19.3334085+08:00 [BUILD] action=destroyed x=204 y=272 block_id=221 block=大型塑钢墙 team=2
2026-04-02T10:46:19.3334085+08:00 [BUILD] action=destroyed x=178 y=273 block_id=218 block=钛墙 team=2
2026-04-02T10:46:19.3334085+08:00 [BUILD] action=destroyed x=192 y=273 block_id=230 block=废墙 team=0
2026-04-02T10:46:19.3334085+08:00 [BUILD] action=destroyed x=194 y=273 block_id=230 block=废墙 team=0
2026-04-02T10:46:19.3334085+08:00 [BUILD] action=destroyed x=195 y=273 block_id=230 block=废墙 team=0
2026-04-02T10:46:19.3334085+08:00 [BUILD] action=destroyed x=203 y=273 block_id=220 block=塑钢墙 team=2
2026-04-02T10:46:19.3334085+08:00 [BUILD] action=destroyed x=206 y=273 block_id=223 block=大型钍墙 team=2
2026-04-02T10:46:19.3334085+08:00 [BUILD] action=destroyed x=179 y=274 block_id=266 block=路由器 team=2
2026-04-02T10:46:19.3334085+08:00 [BUILD] action=destroyed x=180 y=274 block_id=262 block=传送带桥 team=2
2026-04-02T10:46:19.3334085+08:00 [BUILD] action=destroyed x=181 y=274 block_id=266 block=路由器 team=2
2026-04-02T10:46:19.3334085+08:00 [BUILD] action=destroyed x=182 y=274 block_id=258 block=钛传送带 team=2
2026-04-02T10:46:19.3334085+08:00 [BUILD] action=destroyed x=183 y=274 block_id=258 block=钛传送带 team=2
2026-04-02T10:46:19.3334085+08:00 [BUILD] action=destroyed x=184 y=274 block_id=258 block=钛传送带 team=2
2026-04-02T10:46:19.3334085+08:00 [BUILD] action=destroyed x=185 y=274 block_id=358 block=齐射 team=2
2026-04-02T10:46:19.3339435+08:00 [BUILD] action=destroyed x=190 y=274 block_id=230 block=废墙 team=0
2026-04-02T10:46:19.3339435+08:00 [BUILD] action=destroyed x=192 y=274 block_id=230 block=废墙 team=0
2026-04-02T10:46:19.3339435+08:00 [BUILD] action=destroyed x=200 y=274 block_id=221 block=大型塑钢墙 team=2
2026-04-02T10:46:19.3339435+08:00 [BUILD] action=destroyed x=202 y=274 block_id=221 block=大型塑钢墙 team=2
2026-04-02T10:46:19.3339435+08:00 [BUILD] action=destroyed x=204 y=274 block_id=221 block=大型塑钢墙 team=2
2026-04-02T10:46:19.3339435+08:00 [BUILD] action=destroyed x=180 y=275 block_id=266 block=路由器 team=2
2026-04-02T10:46:19.3339435+08:00 [BUILD] action=destroyed x=181 y=275 block_id=258 block=钛传送带 team=2
2026-04-02T10:46:19.3339435+08:00 [BUILD] action=destroyed x=182 y=275 block_id=329 block=抽水机 team=2
2026-04-02T10:46:19.3339435+08:00 [BUILD] action=destroyed x=184 y=275 block_id=287 block=脉冲导管 team=2
2026-04-02T10:46:19.3339435+08:00 [BUILD] action=destroyed x=190 y=275 block_id=349 block=双管 team=0
2026-04-02T10:46:19.3339435+08:00 [BUILD] action=destroyed x=191 y=275 block_id=325 block=机械钻头 team=0
2026-04-02T10:46:19.3339435+08:00 [BUILD] action=destroyed x=198 y=275 block_id=230 block=废墙 team=0
2026-04-02T10:46:19.3339435+08:00 [BUILD] action=destroyed x=181 y=276 block_id=302 block=电力节点 team=2
2026-04-02T10:46:19.3339435+08:00 [BUILD] action=destroyed x=188 y=276 block_id=218 block=钛墙 team=2
2026-04-02T10:46:19.3339435+08:00 [BUILD] action=destroyed x=200 y=276 block_id=221 block=大型塑钢墙 team=2
2026-04-02T10:46:19.3339435+08:00 [BUILD] action=destroyed x=202 y=276 block_id=220 block=塑钢墙 team=2
2026-04-02T10:46:19.3339435+08:00 [BUILD] action=destroyed x=203 y=276 block_id=220 block=塑钢墙 team=2
2026-04-02T10:46:19.3339435+08:00 [BUILD] action=destroyed x=183 y=277 block_id=287 block=脉冲导管 team=2
2026-04-02T10:46:19.3339435+08:00 [BUILD] action=destroyed x=188 y=277 block_id=218 block=钛墙 team=2
2026-04-02T10:46:19.3339435+08:00 [BUILD] action=destroyed x=195 y=277 block_id=257 block=传送带 team=0
2026-04-02T10:46:19.3339435+08:00 [BUILD] action=destroyed x=196 y=277 block_id=349 block=双管 team=0
2026-04-02T10:46:19.3339435+08:00 [BUILD] action=destroyed x=199 y=277 block_id=230 block=废墙 team=0
2026-04-02T10:46:19.3339435+08:00 [BUILD] action=destroyed x=186 y=278 block_id=358 block=齐射 team=2
2026-04-02T10:46:19.3339435+08:00 [BUILD] action=destroyed x=190 y=279 block_id=230 block=废墙 team=0
2026-04-02T10:46:19.3339435+08:00 [BUILD] action=destroyed x=193 y=279 block_id=325 block=机械钻头 team=0
2026-04-02T10:46:37.1387378+08:00 [BUILD] action=destroyed x=166 y=266 block_id=266 block=路由器 team=2
2026-04-02T10:46:37.5159394+08:00 [BUILD] action=destroyed x=167 y=267 block_id=269 block=反向溢流门 team=2
2026-04-02T10:46:37.9255678+08:00 [BUILD] action=destroyed x=164 y=267 block_id=269 block=反向溢流门 team=2
2026-04-02T10:47:24.5284078+08:00 [BUILD] action=destroyed x=168 y=266 block_id=269 block=反向溢流门 team=2
2026-04-02T10:47:25.2806019+08:00 [BUILD] action=destroyed x=165 y=266 block_id=260 block=装甲传送带 team=2
2026-04-02T10:47:29.1582137+08:00 [BUILD] action=destroyed x=166 y=264 block_id=378 block=空军工厂 team=2
2026-04-02T03:03:10.3877215Z [NET] kind=tcp_accept packet= conn_id=263820095 uuid= ip=122.97.214.155 name="" detail=
2026-04-02T03:03:10.5109356Z [NET] kind=connect_packet packet=*protocol.ConnectPacket conn_id=44839 uuid=zcWoka3SyPcAAAAAEnu6/w== ip=122.97.214.155 name="" detail=version=156 type=official mods=0
2026-04-02T03:03:10.7664007Z [NET] kind=world_handshake_sent packet= conn_id=44839 uuid=zcWoka3SyPcAAAAAEnu6/w== ip=122.97.214.155 name="[scarlet]（未绑定杂鱼~）[]b[gray]44839[]" detail=
2026-04-02T03:03:12.3349075Z [NET] kind=connect_confirm_client_snapshot packet=*protocol.Remote_NetServer_clientSnapshot_22 conn_id=44839 uuid=zcWoka3SyPcAAAAAEnu6/w== ip=122.97.214.155 name="[scarlet]（未绑定杂鱼~）[]b[gray]44839[]" detail=
2026-04-02T11:03:12.4099371+08:00 [RESPAWN] player="b " team=1 core=core-foundation core_x=164 core_y=79 spawn_x=164 spawn_y=79
2026-04-02T11:03:12.4885614+08:00 [RESPAWN] player="b " team=1 unit=36 build_speed=0.75 spawn_x=164 spawn_y=79
2026-04-02T11:03:22.4167909+08:00 [CHAT] from="b " player_id=1 uuid=zcWoka3SyPcAAAAAEnu6/w== ip=122.97.214.155:62913 msg="/help"
2026-04-02T11:03:28.8967374+08:00 [CHAT] from="b " player_id=1 uuid=zcWoka3SyPcAAAAAEnu6/w== ip=122.97.214.155:62913 msg="/help"
2026-04-02T11:03:46.7431236+08:00 [CHAT] from="b " player_id=1 uuid=zcWoka3SyPcAAAAAEnu6/w== ip=122.97.214.155:62913 msg="/stop"
2026-04-02T11:03:53.3872877+08:00 [CHAT] from="b " player_id=1 uuid=zcWoka3SyPcAAAAAEnu6/w== ip=122.97.214.155:62913 msg="/help"
2026-04-02T11:03:57.9586089+08:00 [BUILD] action=constructed x=162 y=125 block_id=258 block=钛传送带 team=1 rot=1
2026-04-02T11:03:59.1009443+08:00 [BUILD] action=constructed x=162 y=123 block_id=197 block=煤炭离心机 team=1 rot=0
2026-04-02T11:04:05.2516055+08:00 [BUILD] action=deconstructing x=162 y=115 block_id=327 block=激光钻头 team=1
2026-04-02T11:04:07.9339804+08:00 [BUILD] action=destroyed x=162 y=115 block_id=327 block=激光钻头 team=1
2026-04-02T11:04:11.959253+08:00 [BUILD] action=deconstructing x=180 y=112 block_id=326 block=气动钻头 team=1
2026-04-02T11:04:12.5164738+08:00 [BUILD] action=destroyed x=180 y=112 block_id=326 block=气动钻头 team=1
2026-04-02T11:04:12.5523325+08:00 [BUILD] action=deconstructing x=182 y=107 block_id=363 block=气旋 team=1
2026-04-02T11:04:22.0074851+08:00 [BUILD] action=destroyed x=182 y=107 block_id=363 block=气旋 team=1
2026-04-02T11:04:22.0587236+08:00 [BUILD] action=deconstructing x=179 y=108 block_id=326 block=气动钻头 team=1
2026-04-02T11:04:22.6114786+08:00 [BUILD] action=destroyed x=179 y=108 block_id=326 block=气动钻头 team=1
2026-04-02T11:04:22.6296432+08:00 [BUILD] action=deconstructing x=180 y=106 block_id=258 block=钛传送带 team=1
2026-04-02T11:04:22.6985288+08:00 [BUILD] action=destroyed x=180 y=106 block_id=258 block=钛传送带 team=1
2026-04-02T11:04:22.7151926+08:00 [BUILD] action=deconstructing x=180 y=104 block_id=230 block=废墙 team=1
2026-04-02T11:04:23.0319024+08:00 [BUILD] action=destroyed x=180 y=104 block_id=230 block=废墙 team=1
2026-04-02T11:04:23.0709213+08:00 [BUILD] action=deconstructing x=179 y=118 block_id=230 block=废墙 team=1
2026-04-02T11:04:23.4341741+08:00 [BUILD] action=destroyed x=179 y=118 block_id=230 block=废墙 team=1
2026-04-02T11:04:23.4341741+08:00 [BUILD] action=deconstructing x=178 y=114 block_id=326 block=气动钻头 team=1
2026-04-02T11:04:23.9959974+08:00 [BUILD] action=destroyed x=178 y=114 block_id=326 block=气动钻头 team=1
2026-04-02T11:04:24.0306927+08:00 [BUILD] action=deconstructing x=178 y=111 block_id=185 block=窑炉 team=1
2026-04-02T11:04:26.3387552+08:00 [BUILD] action=destroyed x=178 y=111 block_id=185 block=窑炉 team=1
2026-04-02T11:04:26.3558089+08:00 [BUILD] action=deconstructing x=179 y=110 block_id=258 block=钛传送带 team=1
2026-04-02T11:04:26.3765045+08:00 [BUILD] action=destroyed x=179 y=110 block_id=258 block=钛传送带 team=1
2026-04-02T11:04:26.4255771+08:00 [BUILD] action=deconstructing x=179 y=106 block_id=258 block=钛传送带 team=1
2026-04-02T11:04:26.4625116+08:00 [BUILD] action=destroyed x=179 y=106 block_id=258 block=钛传送带 team=1
2026-04-02T11:04:26.4625116+08:00 [BUILD] action=deconstructing x=178 y=104 block_id=231 block=大型废墙 team=1
2026-04-02T11:04:28.2499338+08:00 [BUILD] action=destroyed x=178 y=104 block_id=231 block=大型废墙 team=1
2026-04-02T11:04:28.2680024+08:00 [BUILD] action=deconstructing x=178 y=118 block_id=230 block=废墙 team=1
2026-04-02T11:04:28.6052489+08:00 [BUILD] action=destroyed x=178 y=118 block_id=230 block=废墙 team=1
2026-04-02T11:04:28.6387306+08:00 [BUILD] action=deconstructing x=178 y=110 block_id=262 block=传送带桥 team=1
2026-04-02T11:04:28.8231116+08:00 [BUILD] action=destroyed x=178 y=110 block_id=262 block=传送带桥 team=1
2026-04-02T11:04:28.8740002+08:00 [BUILD] action=deconstructing x=178 y=107 block_id=262 block=传送带桥 team=1
2026-04-02T11:04:29.0893356+08:00 [BUILD] action=destroyed x=178 y=107 block_id=262 block=传送带桥 team=1
2026-04-02T11:04:29.0893356+08:00 [BUILD] action=deconstructing x=177 y=119 block_id=230 block=废墙 team=1
2026-04-02T11:04:29.4492731+08:00 [BUILD] action=destroyed x=177 y=119 block_id=230 block=废墙 team=1
2026-04-02T11:04:29.4502819+08:00 [BUILD] action=deconstructing x=176 y=117 block_id=326 block=气动钻头 team=1
2026-04-02T11:04:30.0185461+08:00 [BUILD] action=destroyed x=176 y=117 block_id=326 block=气动钻头 team=1
2026-04-02T11:04:30.0373975+08:00 [BUILD] action=deconstructing x=177 y=116 block_id=258 block=钛传送带 team=1
2026-04-02T11:04:30.1091936+08:00 [BUILD] action=destroyed x=177 y=116 block_id=258 block=钛传送带 team=1
2026-04-02T11:04:30.1283546+08:00 [BUILD] action=deconstructing x=177 y=113 block_id=258 block=钛传送带 team=1
2026-04-02T11:04:30.1303628+08:00 [BUILD] action=destroyed x=177 y=113 block_id=258 block=钛传送带 team=1
2026-04-02T11:04:30.1792481+08:00 [BUILD] action=deconstructing x=177 y=112 block_id=258 block=钛传送带 team=1
2026-04-02T11:04:30.2166298+08:00 [BUILD] action=destroyed x=177 y=112 block_id=258 block=钛传送带 team=1
2026-04-02T11:04:30.2166298+08:00 [BUILD] action=deconstructing x=177 y=110 block_id=260 block=装甲传送带 team=1
2026-04-02T11:04:30.3789757+08:00 [BUILD] action=destroyed x=177 y=110 block_id=260 block=装甲传送带 team=1
2026-04-02T11:04:30.3977517+08:00 [BUILD] action=deconstructing x=177 y=105 block_id=230 block=废墙 team=1
2026-04-02T11:04:30.7121725+08:00 [BUILD] action=destroyed x=177 y=105 block_id=230 block=废墙 team=1
2026-04-02T11:04:30.7293451+08:00 [BUILD] action=deconstructing x=175 y=109 block_id=326 block=气动钻头 team=1
2026-04-02T11:04:31.2770548+08:00 [BUILD] action=destroyed x=175 y=109 block_id=326 block=气动钻头 team=1
2026-04-02T11:04:31.3184452+08:00 [BUILD] action=deconstructing x=175 y=114 block_id=258 block=钛传送带 team=1
2026-04-02T11:04:31.3195319+08:00 [BUILD] action=destroyed x=175 y=114 block_id=258 block=钛传送带 team=1
2026-04-02T11:04:31.3676854+08:00 [BUILD] action=deconstructing x=175 y=113 block_id=266 block=路由器 team=1
2026-04-02T11:04:31.552231+08:00 [BUILD] action=destroyed x=175 y=113 block_id=266 block=路由器 team=1
2026-04-02T11:04:31.552231+08:00 [BUILD] action=deconstructing x=175 y=111 block_id=258 block=钛传送带 team=1
2026-04-02T11:04:31.621916+08:00 [BUILD] action=destroyed x=175 y=111 block_id=258 block=钛传送带 team=1
2026-04-02T11:04:31.6397458+08:00 [BUILD] action=deconstructing x=174 y=106 block_id=354 block=蓝瑟 team=1
2026-04-02T11:04:36.1572216+08:00 [BUILD] action=destroyed x=174 y=106 block_id=354 block=蓝瑟 team=1
2026-04-02T11:04:36.195051+08:00 [BUILD] action=deconstructing x=173 y=114 block_id=350 block=分裂 team=1
2026-04-02T11:04:38.2805958+08:00 [BUILD] action=destroyed x=173 y=114 block_id=350 block=分裂 team=1
2026-04-02T11:04:38.3155633+08:00 [BUILD] action=deconstructing x=173 y=110 block_id=350 block=分裂 team=1
2026-04-02T11:04:40.5264193+08:00 [BUILD] action=destroyed x=173 y=110 block_id=350 block=分裂 team=1
2026-04-02T11:04:40.5264193+08:00 [BUILD] action=deconstructing x=174 y=104 block_id=230 block=废墙 team=1
2026-04-02T11:04:40.8468607+08:00 [BUILD] action=destroyed x=174 y=104 block_id=230 block=废墙 team=1
2026-04-02T11:04:40.8805835+08:00 [BUILD] action=deconstructing x=173 y=109 block_id=302 block=电力节点 team=1
2026-04-02T11:04:41.0240346+08:00 [BUILD] action=destroyed x=173 y=109 block_id=302 block=电力节点 team=1
2026-04-02T11:04:41.0435119+08:00 [BUILD] action=deconstructing x=173 y=105 block_id=230 block=废墙 team=1
2026-04-02T11:04:41.3988+08:00 [BUILD] action=destroyed x=173 y=105 block_id=230 block=废墙 team=1
2026-04-02T11:04:41.4151208+08:00 [BUILD] action=deconstructing x=173 y=104 block_id=230 block=废墙 team=1
2026-04-02T11:04:41.7333144+08:00 [BUILD] action=destroyed x=173 y=104 block_id=230 block=废墙 team=1
2026-04-02T11:04:41.7691164+08:00 [BUILD] action=deconstructing x=172 y=118 block_id=230 block=废墙 team=1
2026-04-02T11:04:42.1404741+08:00 [BUILD] action=destroyed x=172 y=118 block_id=230 block=废墙 team=1
2026-04-02T11:04:42.1770267+08:00 [BUILD] action=deconstructing x=172 y=110 block_id=230 block=废墙 team=1
2026-04-02T11:04:42.5103578+08:00 [BUILD] action=destroyed x=172 y=110 block_id=230 block=废墙 team=1
2026-04-02T11:04:42.5283598+08:00 [BUILD] action=deconstructing x=172 y=106 block_id=230 block=废墙 team=1
2026-04-02T11:04:42.8856118+08:00 [BUILD] action=destroyed x=172 y=106 block_id=230 block=废墙 team=1
2026-04-02T11:04:42.8856118+08:00 [BUILD] action=deconstructing x=172 y=102 block_id=230 block=废墙 team=1
2026-04-02T11:04:43.265406+08:00 [BUILD] action=destroyed x=172 y=102 block_id=230 block=废墙 team=1
2026-04-02T11:04:43.265939+08:00 [BUILD] action=deconstructing x=171 y=118 block_id=230 block=废墙 team=1
2026-04-02T11:04:43.615007+08:00 [BUILD] action=destroyed x=171 y=118 block_id=230 block=废墙 team=1
2026-04-02T11:04:43.615007+08:00 [BUILD] action=deconstructing x=171 y=110 block_id=230 block=废墙 team=1
2026-04-02T11:04:43.9768406+08:00 [BUILD] action=destroyed x=171 y=110 block_id=230 block=废墙 team=1
2026-04-02T11:04:44.027893+08:00 [BUILD] action=deconstructing x=171 y=102 block_id=230 block=废墙 team=1
2026-04-02T11:04:44.3443316+08:00 [BUILD] action=destroyed x=171 y=102 block_id=230 block=废墙 team=1
2026-04-02T11:04:44.3965079+08:00 [BUILD] action=deconstructing x=169 y=119 block_id=231 block=大型废墙 team=1
2026-04-02T11:04:46.1516284+08:00 [BUILD] action=destroyed x=169 y=119 block_id=231 block=大型废墙 team=1
2026-04-02T11:04:46.1719868+08:00 [BUILD] action=deconstructing x=169 y=116 block_id=313 block=太阳能板 team=1
2026-04-02T11:04:46.5204314+08:00 [BUILD] action=destroyed x=169 y=116 block_id=313 block=太阳能板 team=1
2026-04-02T11:04:46.5204314+08:00 [BUILD] action=deconstructing x=168 y=120 block_id=230 block=废墙 team=1
2026-04-02T11:04:46.8715211+08:00 [BUILD] action=destroyed x=168 y=120 block_id=230 block=废墙 team=1
2026-04-02T11:04:46.9255973+08:00 [BUILD] action=deconstructing x=168 y=115 block_id=313 block=太阳能板 team=1
2026-04-02T11:04:47.3000055+08:00 [BUILD] action=destroyed x=168 y=115 block_id=313 block=太阳能板 team=1
2026-04-02T11:04:47.300982+08:00 [BUILD] action=deconstructing x=168 y=114 block_id=313 block=太阳能板 team=1
2026-04-02T11:04:47.6571899+08:00 [BUILD] action=destroyed x=168 y=114 block_id=313 block=太阳能板 team=1
2026-04-02T11:04:47.7164919+08:00 [BUILD] action=deconstructing x=167 y=115 block_id=313 block=太阳能板 team=1
2026-04-02T11:04:47.8586548+08:00 [BUILD] action=deconstructing x=165 y=114 block_id=258 block=钛传送带 team=1
2026-04-02T11:04:47.910569+08:00 [BUILD] action=deconstructing x=164 y=117 block_id=286 block=导管 team=1
2026-04-02T11:04:47.9480971+08:00 [BUILD] action=destroyed x=164 y=117 block_id=286 block=导管 team=1
2026-04-02T11:04:47.9667672+08:00 [BUILD] action=deconstructing x=164 y=116 block_id=286 block=导管 team=1
2026-04-02T11:04:48.0177384+08:00 [BUILD] action=destroyed x=164 y=116 block_id=286 block=导管 team=1
2026-04-02T11:04:48.2610589+08:00 [BUILD] action=deconstructing x=163 y=120 block_id=230 block=废墙 team=1
2026-04-02T11:04:48.4531515+08:00 [BUILD] action=deconstructing x=159 y=120 block_id=230 block=废墙 team=1
2026-04-02T11:04:48.7228611+08:00 [BUILD] action=deconstructing x=158 y=120 block_id=230 block=废墙 team=1
2026-04-02T11:04:48.7896503+08:00 [BUILD] action=deconstructing x=157 y=120 block_id=230 block=废墙 team=1
2026-04-02T11:04:56.5666317+08:00 [BUILD] action=destroyed x=90 y=206 block_id=270 block=装卸器 team=2
2026-04-02T11:04:58.7882402+08:00 [BUILD] action=destroyed x=90 y=205 block_id=262 block=传送带桥 team=2
2026-04-02T11:05:02.5275757+08:00 [BUILD] action=destroyed x=89 y=205 block_id=258 block=钛传送带 team=2
2026-04-02T03:05:33.8810157Z [NET] kind=tcp_accept packet= conn_id=2129050882 uuid= ip=120.242.54.218 name="" detail=
2026-04-02T03:05:33.975827Z [NET] kind=connect_packet packet=*protocol.ConnectPacket conn_id=44541 uuid=Cl1u8FmwQb0AAAAA48N67A== ip=120.242.54.218 name="" detail=version=156 type=official mods=0
2026-04-02T03:05:34.1106672Z [NET] kind=world_handshake_sent packet= conn_id=44541 uuid=Cl1u8FmwQb0AAAAA48N67A== ip=120.242.54.218 name="[scarlet]（未绑定杂鱼~）[][orange]\uf8b5\uf876硫变小号\uf7a7\uf7b0[gray]44541[]" detail=
2026-04-02T03:05:34.8398475Z [NET] kind=connect_confirm_client_snapshot packet=*protocol.Remote_NetServer_clientSnapshot_22 conn_id=44541 uuid=Cl1u8FmwQb0AAAAA48N67A== ip=120.242.54.218 name="[scarlet]（未绑定杂鱼~）[][orange]\uf8b5\uf876硫变小号\uf7a7\uf7b0[gray]44541[]" detail=
2026-04-02T11:05:34.8940905+08:00 [RESPAWN] player="[orange]\uf8b5\uf876硫变小号\uf7a7\uf7b0" team=1 core=core-foundation core_x=164 core_y=79 spawn_x=164 spawn_y=79
2026-04-02T11:05:34.9253329+08:00 [RESPAWN] player="[orange]\uf8b5\uf876硫变小号\uf7a7\uf7b0" team=1 unit=36 build_speed=0.75 spawn_x=164 spawn_y=79
2026-04-02T03:05:47.8364505Z [NET] kind=tcp_closed packet= conn_id=44541 uuid=Cl1u8FmwQb0AAAAA48N67A== ip=120.242.54.218 name="[scarlet]（未绑定杂鱼~）[][orange]\uf8b5\uf876硫变小号\uf7a7\uf7b0[gray]44541[]" detail=EOF
2026-04-02T11:05:53.2750582+08:00 [BUILD] action=destroyed x=252 y=242 block_id=262 block=传送带桥 team=2
2026-04-02T11:05:59.2520873+08:00 [BUILD] action=placed x=192 y=195 block_id=286 block=导管 team=1 rot=3
2026-04-02T11:05:59.29+08:00 [BUILD] action=constructed x=192 y=195 block_id=286 block=导管 team=1 rot=3
2026-04-02T11:05:59.29+08:00 [BUILD] action=placed x=192 y=194 block_id=286 block=导管 team=1 rot=3
2026-04-02T11:05:59.3430267+08:00 [BUILD] action=constructed x=192 y=194 block_id=286 block=导管 team=1 rot=3
2026-04-02T11:05:59.3785561+08:00 [BUILD] action=placed x=192 y=193 block_id=286 block=导管 team=1 rot=3
2026-04-02T11:05:59.4145041+08:00 [BUILD] action=constructed x=192 y=193 block_id=286 block=导管 team=1 rot=3
2026-04-02T11:06:18.8004441+08:00 [BUILD] action=deconstructing x=229 y=145 block_id=426 block=发射台 team=1
2026-04-02T11:06:42.5665835+08:00 [BUILD] action=destroyed x=229 y=145 block_id=426 block=发射台 team=1
2026-04-02T11:06:55.8710007+08:00 [BUILD] action=deconstructing x=230 y=139 block_id=185 block=窑炉 team=1
2026-04-02T11:06:57.0501862+08:00 [BUILD] action=destroyed x=228 y=140 block_id=350 block=分裂 team=2
2026-04-02T11:06:58.2777164+08:00 [BUILD] action=destroyed x=230 y=139 block_id=185 block=窑炉 team=1
2026-04-02T11:07:02.3180573+08:00 [BUILD] action=deconstructing x=233 y=136 block_id=327 block=激光钻头 team=1
2026-04-02T11:07:05.0500473+08:00 [BUILD] action=destroyed x=233 y=136 block_id=327 block=激光钻头 team=1
2026-04-02T11:07:18.1786319+08:00 [BUILD] action=deconstructing x=237 y=147 block_id=230 block=废墙 team=1
2026-04-02T11:07:18.5374514+08:00 [BUILD] action=destroyed x=237 y=147 block_id=230 block=废墙 team=1
2026-04-02T11:07:18.5897268+08:00 [BUILD] action=deconstructing x=237 y=146 block_id=230 block=废墙 team=1
2026-04-02T11:07:18.915458+08:00 [BUILD] action=destroyed x=237 y=146 block_id=230 block=废墙 team=1
2026-04-02T11:07:18.9515787+08:00 [BUILD] action=deconstructing x=236 y=149 block_id=230 block=废墙 team=1
2026-04-02T11:07:19.2647123+08:00 [BUILD] action=destroyed x=236 y=149 block_id=230 block=废墙 team=1
2026-04-02T11:07:19.324343+08:00 [BUILD] action=deconstructing x=235 y=147 block_id=231 block=大型废墙 team=1
2026-04-02T11:07:21.063512+08:00 [BUILD] action=destroyed x=235 y=147 block_id=231 block=大型废墙 team=1
2026-04-02T11:07:21.1185482+08:00 [BUILD] action=deconstructing x=235 y=152 block_id=230 block=废墙 team=1
2026-04-02T11:07:21.4399516+08:00 [BUILD] action=destroyed x=235 y=152 block_id=230 block=废墙 team=1
2026-04-02T11:07:21.4752744+08:00 [BUILD] action=deconstructing x=234 y=150 block_id=231 block=大型废墙 team=1
2026-04-02T11:07:23.2464261+08:00 [BUILD] action=destroyed x=234 y=150 block_id=231 block=大型废墙 team=1
2026-04-02T11:07:23.2783772+08:00 [BUILD] action=deconstructing x=235 y=142 block_id=286 block=导管 team=1
2026-04-02T11:07:23.3306976+08:00 [BUILD] action=destroyed x=235 y=142 block_id=286 block=导管 team=1
2026-04-02T11:07:23.3504253+08:00 [BUILD] action=deconstructing x=235 y=141 block_id=286 block=导管 team=1
2026-04-02T11:07:23.425922+08:00 [BUILD] action=destroyed x=235 y=141 block_id=286 block=导管 team=1
2026-04-02T11:07:23.4438814+08:00 [BUILD] action=deconstructing x=234 y=148 block_id=230 block=废墙 team=1
2026-04-02T11:07:23.8003203+08:00 [BUILD] action=destroyed x=234 y=148 block_id=230 block=废墙 team=1
2026-04-02T11:07:23.8003203+08:00 [BUILD] action=deconstructing x=234 y=144 block_id=258 block=钛传送带 team=1
2026-04-02T11:07:23.8537991+08:00 [BUILD] action=destroyed x=234 y=144 block_id=258 block=钛传送带 team=1
2026-04-02T11:07:23.8886131+08:00 [BUILD] action=deconstructing x=234 y=142 block_id=258 block=钛传送带 team=1
2026-04-02T11:07:23.9445899+08:00 [BUILD] action=destroyed x=234 y=142 block_id=258 block=钛传送带 team=1
2026-04-02T11:07:23.9812179+08:00 [BUILD] action=deconstructing x=233 y=153 block_id=283 block=机械泵 team=1
2026-04-02T11:07:24.6220117+08:00 [BUILD] action=destroyed x=233 y=153 block_id=283 block=机械泵 team=1
2026-04-02T11:07:24.6220117+08:00 [BUILD] action=deconstructing x=233 y=152 block_id=286 block=导管 team=1
2026-04-02T11:07:24.6827395+08:00 [BUILD] action=destroyed x=233 y=152 block_id=286 block=导管 team=1
2026-04-02T11:07:24.7155354+08:00 [BUILD] action=deconstructing x=233 y=151 block_id=230 block=废墙 team=1
2026-04-02T11:07:25.071442+08:00 [BUILD] action=destroyed x=233 y=151 block_id=230 block=废墙 team=1
2026-04-02T11:07:25.071442+08:00 [BUILD] action=deconstructing x=233 y=145 block_id=258 block=钛传送带 team=1
2026-04-02T11:07:25.160621+08:00 [BUILD] action=destroyed x=233 y=145 block_id=258 block=钛传送带 team=1
2026-04-02T11:07:25.1777452+08:00 [BUILD] action=deconstructing x=233 y=144 block_id=266 block=路由器 team=1
2026-04-02T11:07:25.3184031+08:00 [BUILD] action=destroyed x=233 y=144 block_id=266 block=路由器 team=1
2026-04-02T11:07:25.3537191+08:00 [BUILD] action=deconstructing x=233 y=141 block_id=258 block=钛传送带 team=1
2026-04-02T11:07:25.4296528+08:00 [BUILD] action=destroyed x=233 y=141 block_id=258 block=钛传送带 team=1
2026-04-02T11:07:25.449165+08:00 [BUILD] action=deconstructing x=232 y=149 block_id=230 block=废墙 team=1
2026-04-02T11:07:25.8228305+08:00 [BUILD] action=destroyed x=232 y=149 block_id=230 block=废墙 team=1
2026-04-02T11:07:25.8228305+08:00 [BUILD] action=deconstructing x=232 y=145 block_id=302 block=电力节点 team=1
2026-04-02T11:07:25.966049+08:00 [BUILD] action=destroyed x=232 y=145 block_id=302 block=电力节点 team=1
2026-04-02T11:07:25.9826881+08:00 [BUILD] action=deconstructing x=232 y=142 block_id=261 block=交叉器 team=1
2026-04-02T11:07:26.2355798+08:00 [BUILD] action=destroyed x=232 y=142 block_id=261 block=交叉器 team=1
2026-04-02T11:07:26.2939983+08:00 [BUILD] action=deconstructing x=232 y=141 block_id=266 block=路由器 team=1
2026-04-02T11:07:26.456779+08:00 [BUILD] action=destroyed x=232 y=141 block_id=266 block=路由器 team=1
2026-04-02T11:07:26.4753882+08:00 [BUILD] action=deconstructing x=231 y=154 block_id=230 block=废墙 team=1
2026-04-02T11:07:26.8315246+08:00 [BUILD] action=destroyed x=231 y=154 block_id=230 block=废墙 team=1
2026-04-02T11:07:26.8315246+08:00 [BUILD] action=deconstructing x=231 y=153 block_id=230 block=废墙 team=1
2026-04-02T11:07:27.1909028+08:00 [BUILD] action=destroyed x=231 y=153 block_id=230 block=废墙 team=1
2026-04-02T11:07:27.2251138+08:00 [BUILD] action=deconstructing x=231 y=151 block_id=286 block=导管 team=1
2026-04-02T11:07:27.2667355+08:00 [BUILD] action=destroyed x=231 y=151 block_id=286 block=导管 team=1
2026-04-02T11:07:27.3454018+08:00 [BUILD] action=deconstructing x=231 y=148 block_id=286 block=导管 team=1
2026-04-02T11:07:27.3894728+08:00 [BUILD] action=destroyed x=231 y=148 block_id=286 block=导管 team=1
2026-04-02T11:07:27.3904792+08:00 [BUILD] action=deconstructing x=231 y=142 block_id=258 block=钛传送带 team=1
2026-04-02T11:07:27.4884838+08:00 [BUILD] action=destroyed x=231 y=142 block_id=258 block=钛传送带 team=1
2026-04-02T11:07:27.4892496+08:00 [BUILD] action=deconstructing x=230 y=153 block_id=230 block=废墙 team=1
2026-04-02T11:07:27.8567388+08:00 [BUILD] action=destroyed x=230 y=153 block_id=230 block=废墙 team=1
2026-04-02T11:07:27.8741105+08:00 [BUILD] action=deconstructing x=230 y=150 block_id=230 block=废墙 team=1
2026-04-02T11:07:28.2359531+08:00 [BUILD] action=destroyed x=230 y=150 block_id=230 block=废墙 team=1
2026-04-02T11:07:28.2359531+08:00 [BUILD] action=deconstructing x=230 y=141 block_id=258 block=钛传送带 team=1
2026-04-02T11:07:28.3326645+08:00 [BUILD] action=destroyed x=230 y=141 block_id=258 block=钛传送带 team=1
2026-04-02T11:07:28.3336661+08:00 [BUILD] action=deconstructing x=228 y=151 block_id=354 block=蓝瑟 team=1
2026-04-02T11:07:33.091668+08:00 [BUILD] action=destroyed x=228 y=151 block_id=354 block=蓝瑟 team=1
2026-04-02T11:07:33.0926778+08:00 [BUILD] action=deconstructing x=229 y=143 block_id=258 block=钛传送带 team=1
2026-04-02T11:07:33.162823+08:00 [BUILD] action=destroyed x=229 y=143 block_id=258 block=钛传送带 team=1
2026-04-02T11:07:33.1800343+08:00 [BUILD] action=deconstructing x=228 y=148 block_id=302 block=电力节点 team=1
2026-04-02T11:07:33.2744882+08:00 [BUILD] action=destroyed x=228 y=148 block_id=302 block=电力节点 team=1
2026-04-02T11:07:33.3086584+08:00 [BUILD] action=deconstructing x=227 y=153 block_id=230 block=废墙 team=1
2026-04-02T11:07:33.7039924+08:00 [BUILD] action=destroyed x=227 y=153 block_id=230 block=废墙 team=1
2026-04-02T11:07:33.7230673+08:00 [BUILD] action=deconstructing x=227 y=152 block_id=230 block=废墙 team=1
2026-04-02T11:07:34.0734552+08:00 [BUILD] action=destroyed x=227 y=152 block_id=230 block=废墙 team=1
2026-04-02T11:07:34.1097239+08:00 [BUILD] action=deconstructing x=226 y=145 block_id=231 block=大型废墙 team=1
2026-04-02T11:07:35.9392133+08:00 [BUILD] action=destroyed x=226 y=145 block_id=231 block=大型废墙 team=1
2026-04-02T11:07:35.9592414+08:00 [BUILD] action=deconstructing x=227 y=143 block_id=230 block=废墙 team=1
2026-04-02T11:07:36.3212992+08:00 [BUILD] action=destroyed x=227 y=143 block_id=230 block=废墙 team=1
2026-04-02T11:07:41.7174121+08:00 [BUILD] action=deconstructing x=212 y=74 block_id=363 block=气旋 team=1
2026-04-02T11:07:51.7169309+08:00 [BUILD] action=destroyed x=212 y=74 block_id=363 block=气旋 team=1
2026-04-02T11:07:54.0690834+08:00 [BUILD] action=deconstructing x=212 y=68 block_id=186 block=塑钢压缩机 team=1
2026-04-02T11:08:02.7753194+08:00 [BUILD] action=destroyed x=212 y=68 block_id=186 block=塑钢压缩机 team=1
2026-04-02T03:08:10.2106662Z [NET] kind=tcp_accept packet= conn_id=1463923349 uuid= ip=10.147.17.101 name="" detail=
2026-04-02T03:08:10.2324617Z [NET] kind=connect_packet packet=*protocol.ConnectPacket conn_id=53404 uuid=MAv3KaDNyXEAAAAAz4iNgQ== ip=10.147.17.101 name="" detail=version=156 type=official mods=0
2026-04-02T03:08:10.2851134Z [NET] kind=world_handshake_sent packet= conn_id=53404 uuid=MAv3KaDNyXEAAAAAz4iNgQ== ip=10.147.17.101 name="[scarlet]（未绑定杂鱼~）[][#F285D1]月[#8982edff]子[#87ceebff]芳 I\uf7a9\uf7be[gray]53404[]" detail=
2026-04-02T03:08:11.2029728Z [NET] kind=connect_confirm_client_snapshot packet=*protocol.Remote_NetServer_clientSnapshot_22 conn_id=53404 uuid=MAv3KaDNyXEAAAAAz4iNgQ== ip=10.147.17.101 name="[scarlet]（未绑定杂鱼~）[][#F285D1]月[#8982edff]子[#87ceebff]芳 I\uf7a9\uf7be[gray]53404[]" detail=
2026-04-02T11:08:11.2942424+08:00 [RESPAWN] player="[#F285D1]月[#8982edff]子[#87ceebff]芳 I\uf7a9\uf7be" team=1 core=core-foundation core_x=164 core_y=79 spawn_x=164 spawn_y=79
2026-04-02T11:08:11.3625415+08:00 [RESPAWN] player="[#F285D1]月[#8982edff]子[#87ceebff]芳 I\uf7a9\uf7be" team=1 unit=36 build_speed=0.75 spawn_x=164 spawn_y=79
2026-04-02T11:08:14.5011096+08:00 [BUILD] action=placed x=231 y=34 block_id=352 block=冰雹 team=1 rot=3
2026-04-02T11:08:15.6807179+08:00 [BUILD] action=constructed x=231 y=34 block_id=352 block=冰雹 team=1 rot=3
2026-04-02T11:08:17.9391286+08:00 [BUILD] action=placed x=168 y=87 block_id=257 block=传送带 team=1 rot=2
2026-04-02T11:08:17.9607445+08:00 [BUILD] action=constructed x=168 y=87 block_id=257 block=传送带 team=1 rot=2
2026-04-02T11:08:17.9979861+08:00 [BUILD] action=placed x=167 y=87 block_id=257 block=传送带 team=1 rot=2
2026-04-02T11:08:17.9979861+08:00 [BUILD] action=constructed x=167 y=87 block_id=257 block=传送带 team=1 rot=2
2026-04-02T11:08:18.0342885+08:00 [BUILD] action=placed x=166 y=87 block_id=257 block=传送带 team=1 rot=2
2026-04-02T11:08:18.1067838+08:00 [BUILD] action=constructed x=166 y=87 block_id=257 block=传送带 team=1 rot=2
2026-04-02T11:08:18.1067838+08:00 [BUILD] action=placed x=165 y=87 block_id=257 block=传送带 team=1 rot=2
2026-04-02T11:08:18.1067838+08:00 [BUILD] action=constructed x=165 y=87 block_id=257 block=传送带 team=1 rot=2
2026-04-02T11:08:18.1428325+08:00 [BUILD] action=placed x=164 y=87 block_id=257 block=传送带 team=1 rot=2
2026-04-02T11:08:18.1644354+08:00 [BUILD] action=constructed x=164 y=87 block_id=257 block=传送带 team=1 rot=2
2026-04-02T11:08:18.20353+08:00 [BUILD] action=placed x=163 y=87 block_id=257 block=传送带 team=1 rot=2
2026-04-02T11:08:18.2050471+08:00 [BUILD] action=constructed x=163 y=87 block_id=257 block=传送带 team=1 rot=2
2026-04-02T11:08:18.2601946+08:00 [BUILD] action=placed x=162 y=87 block_id=257 block=传送带 team=1 rot=2
2026-04-02T11:08:18.2601946+08:00 [BUILD] action=constructed x=162 y=87 block_id=257 block=传送带 team=1 rot=2
2026-04-02T11:08:18.3022914+08:00 [BUILD] action=placed x=161 y=87 block_id=257 block=传送带 team=1 rot=2
2026-04-02T11:08:18.3022914+08:00 [BUILD] action=constructed x=161 y=87 block_id=257 block=传送带 team=1 rot=2
2026-04-02T11:08:18.3367343+08:00 [BUILD] action=placed x=160 y=87 block_id=257 block=传送带 team=1 rot=2
2026-04-02T11:08:18.3570358+08:00 [BUILD] action=constructed x=160 y=87 block_id=257 block=传送带 team=1 rot=2
2026-04-02T11:08:18.3777728+08:00 [BUILD] action=placed x=159 y=87 block_id=257 block=传送带 team=1 rot=2
2026-04-02T11:08:18.3981793+08:00 [BUILD] action=constructed x=159 y=87 block_id=257 block=传送带 team=1 rot=2
2026-04-02T11:08:18.4364214+08:00 [BUILD] action=placed x=158 y=87 block_id=257 block=传送带 team=1 rot=2
2026-04-02T11:08:18.4967829+08:00 [BUILD] action=constructed x=158 y=87 block_id=257 block=传送带 team=1 rot=2
2026-04-02T11:08:18.4983059+08:00 [BUILD] action=placed x=157 y=87 block_id=257 block=传送带 team=1 rot=2
2026-04-02T11:08:18.4983059+08:00 [BUILD] action=constructed x=157 y=87 block_id=257 block=传送带 team=1 rot=2
2026-04-02T11:08:18.5320416+08:00 [BUILD] action=placed x=156 y=87 block_id=257 block=传送带 team=1 rot=2
2026-04-02T11:08:18.5946386+08:00 [BUILD] action=constructed x=156 y=87 block_id=257 block=传送带 team=1 rot=2
2026-04-02T11:08:18.5946386+08:00 [BUILD] action=placed x=155 y=87 block_id=257 block=传送带 team=1 rot=2
2026-04-02T11:08:18.5966533+08:00 [BUILD] action=constructed x=155 y=87 block_id=257 block=传送带 team=1 rot=2
2026-04-02T11:08:18.635305+08:00 [BUILD] action=placed x=154 y=87 block_id=257 block=传送带 team=1 rot=2
2026-04-02T11:08:18.6548493+08:00 [BUILD] action=constructed x=154 y=87 block_id=257 block=传送带 team=1 rot=2
2026-04-02T11:08:18.6941605+08:00 [BUILD] action=placed x=153 y=87 block_id=257 block=传送带 team=1 rot=2
2026-04-02T11:08:18.6941605+08:00 [BUILD] action=constructed x=153 y=87 block_id=257 block=传送带 team=1 rot=2
2026-04-02T11:08:18.7309242+08:00 [BUILD] action=placed x=169 y=89 block_id=257 block=传送带 team=1 rot=2
2026-04-02T11:08:18.7946535+08:00 [BUILD] action=constructed x=169 y=89 block_id=257 block=传送带 team=1 rot=2
2026-04-02T11:08:18.7946535+08:00 [BUILD] action=placed x=168 y=89 block_id=257 block=传送带 team=1 rot=2
2026-04-02T11:08:18.7946535+08:00 [BUILD] action=constructed x=168 y=89 block_id=257 block=传送带 team=1 rot=2
2026-04-02T11:08:18.8309993+08:00 [BUILD] action=placed x=167 y=89 block_id=257 block=传送带 team=1 rot=2
2026-04-02T11:08:18.8586758+08:00 [BUILD] action=constructed x=167 y=89 block_id=257 block=传送带 team=1 rot=2
2026-04-02T11:08:18.9004477+08:00 [BUILD] action=placed x=166 y=89 block_id=257 block=传送带 team=1 rot=2
2026-04-02T11:08:18.9004477+08:00 [BUILD] action=constructed x=166 y=89 block_id=257 block=传送带 team=1 rot=2
2026-04-02T11:08:18.9397608+08:00 [BUILD] action=placed x=165 y=89 block_id=257 block=传送带 team=1 rot=2
2026-04-02T11:08:18.9798722+08:00 [BUILD] action=constructed x=165 y=89 block_id=257 block=传送带 team=1 rot=2
2026-04-02T11:08:19.0018252+08:00 [BUILD] action=placed x=164 y=89 block_id=257 block=传送带 team=1 rot=2
2026-04-02T11:08:19.0033327+08:00 [BUILD] action=constructed x=164 y=89 block_id=257 block=传送带 team=1 rot=2
2026-04-02T11:08:19.0367123+08:00 [BUILD] action=placed x=163 y=89 block_id=257 block=传送带 team=1 rot=2
2026-04-02T11:08:19.060089+08:00 [BUILD] action=constructed x=163 y=89 block_id=257 block=传送带 team=1 rot=2
2026-04-02T11:08:19.0969592+08:00 [BUILD] action=placed x=162 y=89 block_id=257 block=传送带 team=1 rot=2
2026-04-02T11:08:19.0969592+08:00 [BUILD] action=constructed x=162 y=89 block_id=257 block=传送带 team=1 rot=2
2026-04-02T11:08:19.1325222+08:00 [BUILD] action=placed x=161 y=89 block_id=257 block=传送带 team=1 rot=2
2026-04-02T11:08:19.1930747+08:00 [BUILD] action=constructed x=161 y=89 block_id=257 block=传送带 team=1 rot=2
2026-04-02T11:08:19.1930747+08:00 [BUILD] action=placed x=160 y=89 block_id=257 block=传送带 team=1 rot=2
2026-04-02T11:08:19.1930747+08:00 [BUILD] action=constructed x=160 y=89 block_id=257 block=传送带 team=1 rot=2
2026-04-02T11:08:19.2516168+08:00 [BUILD] action=placed x=159 y=89 block_id=257 block=传送带 team=1 rot=2
2026-04-02T11:08:19.2516168+08:00 [BUILD] action=constructed x=159 y=89 block_id=257 block=传送带 team=1 rot=2
2026-04-02T11:08:19.2914902+08:00 [BUILD] action=placed x=158 y=89 block_id=257 block=传送带 team=1 rot=2
2026-04-02T11:08:19.2914902+08:00 [BUILD] action=constructed x=158 y=89 block_id=257 block=传送带 team=1 rot=2
2026-04-02T11:08:19.4186272+08:00 [BUILD] action=placed x=168 y=90 block_id=257 block=传送带 team=1 rot=2
2026-04-02T11:08:19.4584663+08:00 [BUILD] action=constructed x=168 y=90 block_id=257 block=传送带 team=1 rot=2
2026-04-02T11:08:19.4790349+08:00 [BUILD] action=placed x=167 y=90 block_id=257 block=传送带 team=1 rot=2
2026-04-02T11:08:19.4790349+08:00 [BUILD] action=constructed x=167 y=90 block_id=257 block=传送带 team=1 rot=2
2026-04-02T11:08:19.5140713+08:00 [BUILD] action=placed x=166 y=90 block_id=257 block=传送带 team=1 rot=2
2026-04-02T11:08:19.5721588+08:00 [BUILD] action=constructed x=166 y=90 block_id=257 block=传送带 team=1 rot=2
2026-04-02T11:08:19.5721588+08:00 [BUILD] action=placed x=165 y=90 block_id=257 block=传送带 team=1 rot=2
2026-04-02T11:08:19.5721588+08:00 [BUILD] action=constructed x=165 y=90 block_id=257 block=传送带 team=1 rot=2
2026-04-02T11:08:19.6061454+08:00 [BUILD] action=placed x=164 y=90 block_id=257 block=传送带 team=1 rot=2
2026-04-02T11:08:19.6443822+08:00 [BUILD] action=constructed x=164 y=90 block_id=257 block=传送带 team=1 rot=2
2026-04-02T11:08:19.6453929+08:00 [BUILD] action=placed x=163 y=90 block_id=257 block=传送带 team=1 rot=2
2026-04-02T11:08:19.6711023+08:00 [BUILD] action=constructed x=163 y=90 block_id=257 block=传送带 team=1 rot=2
2026-04-02T11:08:19.7070419+08:00 [BUILD] action=placed x=162 y=90 block_id=257 block=传送带 team=1 rot=2
2026-04-02T11:08:19.7446364+08:00 [BUILD] action=constructed x=162 y=90 block_id=257 block=传送带 team=1 rot=2
2026-04-02T11:08:19.7455787+08:00 [BUILD] action=placed x=161 y=90 block_id=257 block=传送带 team=1 rot=2
2026-04-02T11:08:19.7669633+08:00 [BUILD] action=constructed x=161 y=90 block_id=257 block=传送带 team=1 rot=2
2026-04-02T11:08:19.8014655+08:00 [BUILD] action=placed x=160 y=90 block_id=257 block=传送带 team=1 rot=2
2026-04-02T11:08:19.8380323+08:00 [BUILD] action=constructed x=160 y=90 block_id=257 block=传送带 team=1 rot=2
2026-04-02T11:08:19.8638145+08:00 [BUILD] action=placed x=159 y=90 block_id=257 block=传送带 team=1 rot=2
2026-04-02T11:08:19.8638145+08:00 [BUILD] action=constructed x=159 y=90 block_id=257 block=传送带 team=1 rot=2
2026-04-02T11:08:19.9014735+08:00 [BUILD] action=placed x=158 y=90 block_id=257 block=传送带 team=1 rot=2
2026-04-02T11:08:19.9280336+08:00 [BUILD] action=constructed x=158 y=90 block_id=257 block=传送带 team=1 rot=2
2026-04-02T11:08:19.9681891+08:00 [BUILD] action=placed x=157 y=90 block_id=257 block=传送带 team=1 rot=2
2026-04-02T11:08:19.9681891+08:00 [BUILD] action=constructed x=157 y=90 block_id=257 block=传送带 team=1 rot=2
2026-04-02T11:08:20.0246164+08:00 [BUILD] action=placed x=156 y=90 block_id=257 block=传送带 team=1 rot=2
2026-04-02T11:08:20.0246164+08:00 [BUILD] action=constructed x=156 y=90 block_id=257 block=传送带 team=1 rot=2
2026-04-02T11:08:20.1025908+08:00 [BUILD] action=placed x=167 y=91 block_id=257 block=传送带 team=1 rot=2
2026-04-02T11:08:20.1216253+08:00 [BUILD] action=constructed x=167 y=91 block_id=257 block=传送带 team=1 rot=2
2026-04-02T11:08:20.1597511+08:00 [BUILD] action=placed x=166 y=91 block_id=257 block=传送带 team=1 rot=2
2026-04-02T11:08:20.1597511+08:00 [BUILD] action=constructed x=166 y=91 block_id=257 block=传送带 team=1 rot=2
2026-04-02T11:08:20.1957986+08:00 [BUILD] action=placed x=165 y=91 block_id=257 block=传送带 team=1 rot=2
2026-04-02T11:08:20.2526629+08:00 [BUILD] action=constructed x=165 y=91 block_id=257 block=传送带 team=1 rot=2
2026-04-02T11:08:20.2536684+08:00 [BUILD] action=placed x=164 y=91 block_id=257 block=传送带 team=1 rot=2
2026-04-02T11:08:20.2536684+08:00 [BUILD] action=constructed x=164 y=91 block_id=257 block=传送带 team=1 rot=2
2026-04-02T11:08:20.2899902+08:00 [BUILD] action=placed x=163 y=91 block_id=257 block=传送带 team=1 rot=2
2026-04-02T11:08:20.3276102+08:00 [BUILD] action=constructed x=163 y=91 block_id=257 block=传送带 team=1 rot=2
2026-04-02T11:08:20.3301125+08:00 [BUILD] action=placed x=162 y=91 block_id=257 block=传送带 team=1 rot=2
2026-04-02T11:08:20.3537158+08:00 [BUILD] action=constructed x=162 y=91 block_id=257 block=传送带 team=1 rot=2
2026-04-02T11:08:20.4113253+08:00 [BUILD] action=placed x=161 y=91 block_id=257 block=传送带 team=1 rot=2
2026-04-02T11:08:20.4113253+08:00 [BUILD] action=constructed x=161 y=91 block_id=257 block=传送带 team=1 rot=2
2026-04-02T11:08:20.4508042+08:00 [BUILD] action=placed x=160 y=91 block_id=257 block=传送带 team=1 rot=2
2026-04-02T11:08:20.4508042+08:00 [BUILD] action=constructed x=160 y=91 block_id=257 block=传送带 team=1 rot=2
2026-04-02T11:08:20.485917+08:00 [BUILD] action=placed x=159 y=91 block_id=257 block=传送带 team=1 rot=2
2026-04-02T11:08:20.5306798+08:00 [BUILD] action=constructed x=159 y=91 block_id=257 block=传送带 team=1 rot=2
2026-04-02T11:08:20.552045+08:00 [BUILD] action=placed x=158 y=91 block_id=257 block=传送带 team=1 rot=2
2026-04-02T11:08:20.552045+08:00 [BUILD] action=constructed x=158 y=91 block_id=257 block=传送带 team=1 rot=2
2026-04-02T11:08:20.5880247+08:00 [BUILD] action=placed x=157 y=91 block_id=257 block=传送带 team=1 rot=2
2026-04-02T11:08:20.6498725+08:00 [BUILD] action=constructed x=157 y=91 block_id=257 block=传送带 team=1 rot=2
2026-04-02T11:08:20.6513782+08:00 [BUILD] action=placed x=156 y=91 block_id=257 block=传送带 team=1 rot=2
2026-04-02T11:08:20.6513782+08:00 [BUILD] action=constructed x=156 y=91 block_id=257 block=传送带 team=1 rot=2
2026-04-02T11:08:20.8740903+08:00 [BUILD] action=placed x=168 y=92 block_id=257 block=传送带 team=1 rot=2
2026-04-02T11:08:20.9151036+08:00 [BUILD] action=constructed x=168 y=92 block_id=257 block=传送带 team=1 rot=2
2026-04-02T11:08:20.9395762+08:00 [BUILD] action=placed x=167 y=92 block_id=257 block=传送带 team=1 rot=2
2026-04-02T11:08:20.9395762+08:00 [BUILD] action=constructed x=167 y=92 block_id=257 block=传送带 team=1 rot=2
2026-04-02T11:08:20.9747141+08:00 [BUILD] action=placed x=166 y=92 block_id=257 block=传送带 team=1 rot=2
2026-04-02T11:08:21.0372532+08:00 [BUILD] action=constructed x=166 y=92 block_id=257 block=传送带 team=1 rot=2
2026-04-02T11:08:21.0372532+08:00 [BUILD] action=placed x=165 y=92 block_id=257 block=传送带 team=1 rot=2
2026-04-02T11:08:21.0372532+08:00 [BUILD] action=constructed x=165 y=92 block_id=257 block=传送带 team=1 rot=2
2026-04-02T11:08:21.0797636+08:00 [BUILD] action=placed x=164 y=92 block_id=257 block=传送带 team=1 rot=2
2026-04-02T11:08:21.1217451+08:00 [BUILD] action=constructed x=164 y=92 block_id=257 block=传送带 team=1 rot=2
2026-04-02T11:08:21.1446065+08:00 [BUILD] action=placed x=163 y=92 block_id=257 block=传送带 team=1 rot=2
2026-04-02T11:08:21.147115+08:00 [BUILD] action=constructed x=163 y=92 block_id=257 block=传送带 team=1 rot=2
2026-04-02T11:08:21.2014851+08:00 [BUILD] action=placed x=162 y=92 block_id=257 block=传送带 team=1 rot=2
2026-04-02T11:08:21.2014851+08:00 [BUILD] action=constructed x=162 y=92 block_id=257 block=传送带 team=1 rot=2
2026-04-02T11:08:21.2204793+08:00 [BUILD] action=placed x=161 y=92 block_id=257 block=传送带 team=1 rot=2
2026-04-02T11:08:21.2422229+08:00 [BUILD] action=constructed x=161 y=92 block_id=257 block=传送带 team=1 rot=2
2026-04-02T11:08:21.2753509+08:00 [BUILD] action=placed x=160 y=92 block_id=257 block=传送带 team=1 rot=2
2026-04-02T11:08:21.296668+08:00 [BUILD] action=constructed x=160 y=92 block_id=257 block=传送带 team=1 rot=2
2026-04-02T11:08:21.3360345+08:00 [BUILD] action=placed x=159 y=92 block_id=257 block=传送带 team=1 rot=2
2026-04-02T11:08:21.3370363+08:00 [BUILD] action=constructed x=159 y=92 block_id=257 block=传送带 team=1 rot=2
2026-04-02T11:08:21.3723218+08:00 [BUILD] action=placed x=158 y=92 block_id=257 block=传送带 team=1 rot=2
2026-04-02T11:08:21.4138687+08:00 [BUILD] action=constructed x=158 y=92 block_id=257 block=传送带 team=1 rot=2
2026-04-02T11:08:26.3219987+08:00 [BUILD] action=deconstructing x=169 y=89 block_id=257 block=传送带 team=1
2026-04-02T11:08:26.3219987+08:00 [BUILD] action=destroyed x=169 y=89 block_id=257 block=传送带 team=1
2026-04-02T11:08:26.3566426+08:00 [BUILD] action=deconstructing x=168 y=87 block_id=257 block=传送带 team=1
2026-04-02T11:08:26.3841873+08:00 [BUILD] action=destroyed x=168 y=87 block_id=257 block=传送带 team=1
2026-04-02T11:08:26.4277552+08:00 [BUILD] action=deconstructing x=168 y=89 block_id=257 block=传送带 team=1
2026-04-02T11:08:26.4277552+08:00 [BUILD] action=destroyed x=168 y=89 block_id=257 block=传送带 team=1
2026-04-02T11:08:26.4652024+08:00 [BUILD] action=deconstructing x=168 y=90 block_id=257 block=传送带 team=1
2026-04-02T11:08:26.5035703+08:00 [BUILD] action=destroyed x=168 y=90 block_id=257 block=传送带 team=1
2026-04-02T11:08:26.5268631+08:00 [BUILD] action=deconstructing x=168 y=92 block_id=257 block=传送带 team=1
2026-04-02T11:08:26.5268631+08:00 [BUILD] action=destroyed x=168 y=92 block_id=257 block=传送带 team=1
2026-04-02T11:08:26.5630713+08:00 [BUILD] action=deconstructing x=167 y=87 block_id=257 block=传送带 team=1
2026-04-02T11:08:26.6270161+08:00 [BUILD] action=destroyed x=167 y=87 block_id=257 block=传送带 team=1
2026-04-02T11:08:26.6270161+08:00 [BUILD] action=deconstructing x=167 y=89 block_id=257 block=传送带 team=1
2026-04-02T11:08:26.6275233+08:00 [BUILD] action=destroyed x=167 y=89 block_id=257 block=传送带 team=1
2026-04-02T11:08:26.6612629+08:00 [BUILD] action=deconstructing x=167 y=90 block_id=257 block=传送带 team=1
2026-04-02T11:08:26.7046116+08:00 [BUILD] action=destroyed x=167 y=90 block_id=257 block=传送带 team=1
2026-04-02T11:08:26.7051161+08:00 [BUILD] action=deconstructing x=167 y=91 block_id=257 block=传送带 team=1
2026-04-02T11:08:26.726687+08:00 [BUILD] action=destroyed x=167 y=91 block_id=257 block=传送带 team=1
2026-04-02T11:08:26.7606594+08:00 [BUILD] action=deconstructing x=167 y=92 block_id=257 block=传送带 team=1
2026-04-02T11:08:26.7993648+08:00 [BUILD] action=destroyed x=167 y=92 block_id=257 block=传送带 team=1
2026-04-02T11:08:26.8210116+08:00 [BUILD] action=deconstructing x=166 y=87 block_id=257 block=传送带 team=1
2026-04-02T11:08:26.8210116+08:00 [BUILD] action=destroyed x=166 y=87 block_id=257 block=传送带 team=1
2026-04-02T11:08:26.8563878+08:00 [BUILD] action=deconstructing x=166 y=89 block_id=257 block=传送带 team=1
2026-04-02T11:08:26.8784637+08:00 [BUILD] action=destroyed x=166 y=89 block_id=257 block=传送带 team=1
2026-04-02T11:08:26.9215444+08:00 [BUILD] action=deconstructing x=166 y=90 block_id=257 block=传送带 team=1
2026-04-02T11:08:26.9215444+08:00 [BUILD] action=destroyed x=166 y=90 block_id=257 block=传送带 team=1
2026-04-02T11:08:26.9578988+08:00 [BUILD] action=deconstructing x=166 y=91 block_id=257 block=传送带 team=1
2026-04-02T11:08:27.0192869+08:00 [BUILD] action=destroyed x=166 y=91 block_id=257 block=传送带 team=1
2026-04-02T11:08:27.0202578+08:00 [BUILD] action=deconstructing x=166 y=92 block_id=257 block=传送带 team=1
2026-04-02T11:08:27.0202578+08:00 [BUILD] action=destroyed x=166 y=92 block_id=257 block=传送带 team=1
2026-04-02T11:08:27.0545156+08:00 [BUILD] action=deconstructing x=165 y=87 block_id=257 block=传送带 team=1
2026-04-02T11:08:27.0791018+08:00 [BUILD] action=destroyed x=165 y=87 block_id=257 block=传送带 team=1
2026-04-02T11:08:27.0981017+08:00 [BUILD] action=deconstructing x=165 y=89 block_id=257 block=传送带 team=1
2026-04-02T11:08:27.121324+08:00 [BUILD] action=destroyed x=165 y=89 block_id=257 block=传送带 team=1
2026-04-02T11:08:27.155224+08:00 [BUILD] action=deconstructing x=165 y=90 block_id=257 block=传送带 team=1
2026-04-02T11:08:27.197023+08:00 [BUILD] action=destroyed x=165 y=90 block_id=257 block=传送带 team=1
2026-04-02T11:08:27.197536+08:00 [BUILD] action=deconstructing x=165 y=91 block_id=257 block=传送带 team=1
2026-04-02T11:08:27.2178206+08:00 [BUILD] action=destroyed x=165 y=91 block_id=257 block=传送带 team=1
2026-04-02T11:08:27.2547865+08:00 [BUILD] action=deconstructing x=165 y=92 block_id=257 block=传送带 team=1
2026-04-02T11:08:27.3159045+08:00 [BUILD] action=destroyed x=165 y=92 block_id=257 block=传送带 team=1
2026-04-02T11:08:27.3159045+08:00 [BUILD] action=deconstructing x=164 y=87 block_id=257 block=传送带 team=1
2026-04-02T11:08:27.3159045+08:00 [BUILD] action=destroyed x=164 y=87 block_id=257 block=传送带 team=1
2026-04-02T11:08:27.3485956+08:00 [BUILD] action=deconstructing x=164 y=89 block_id=257 block=传送带 team=1
2026-04-02T11:08:27.3698399+08:00 [BUILD] action=destroyed x=164 y=89 block_id=257 block=传送带 team=1
2026-04-02T11:08:27.4097773+08:00 [BUILD] action=deconstructing x=164 y=90 block_id=257 block=传送带 team=1
2026-04-02T11:08:27.4097773+08:00 [BUILD] action=destroyed x=164 y=90 block_id=257 block=传送带 team=1
2026-04-02T11:08:27.4485114+08:00 [BUILD] action=deconstructing x=164 y=91 block_id=257 block=传送带 team=1
2026-04-02T11:08:28.2977818+08:00 [BUILD] action=deconstructing x=159 y=108 block_id=363 block=气旋 team=1
2026-04-02T11:08:38.4267387+08:00 [BUILD] action=destroyed x=159 y=108 block_id=363 block=气旋 team=1
2026-04-02T11:08:38.4444457+08:00 [BUILD] action=deconstructing x=164 y=91 block_id=257 block=传送带 team=1
2026-04-02T11:08:38.5027697+08:00 [BUILD] action=destroyed x=164 y=91 block_id=257 block=传送带 team=1
2026-04-02T11:08:38.5433313+08:00 [BUILD] action=deconstructing x=164 y=92 block_id=257 block=传送带 team=1
2026-04-02T11:08:38.5433313+08:00 [BUILD] action=destroyed x=164 y=92 block_id=257 block=传送带 team=1
2026-04-02T11:08:38.5433313+08:00 [BUILD] action=deconstructing x=163 y=87 block_id=257 block=传送带 team=1
2026-04-02T11:08:38.5790688+08:00 [BUILD] action=destroyed x=163 y=87 block_id=257 block=传送带 team=1
2026-04-02T11:08:38.6191494+08:00 [BUILD] action=deconstructing x=163 y=89 block_id=257 block=传送带 team=1
2026-04-02T11:08:38.6191494+08:00 [BUILD] action=destroyed x=163 y=89 block_id=257 block=传送带 team=1
2026-04-02T11:08:38.6395093+08:00 [BUILD] action=deconstructing x=163 y=90 block_id=257 block=传送带 team=1
2026-04-02T11:08:38.6949714+08:00 [BUILD] action=destroyed x=163 y=90 block_id=257 block=传送带 team=1
2026-04-02T11:08:38.7331043+08:00 [BUILD] action=deconstructing x=163 y=91 block_id=257 block=传送带 team=1
2026-04-02T11:08:38.7341114+08:00 [BUILD] action=destroyed x=163 y=91 block_id=257 block=传送带 team=1
2026-04-02T11:08:38.7341114+08:00 [BUILD] action=deconstructing x=163 y=92 block_id=257 block=传送带 team=1
2026-04-02T11:08:38.7706584+08:00 [BUILD] action=destroyed x=163 y=92 block_id=257 block=传送带 team=1
2026-04-02T11:08:38.8304704+08:00 [BUILD] action=deconstructing x=162 y=87 block_id=257 block=传送带 team=1
2026-04-02T11:08:38.8304704+08:00 [BUILD] action=destroyed x=162 y=87 block_id=257 block=传送带 team=1
2026-04-02T11:08:38.8304704+08:00 [BUILD] action=deconstructing x=162 y=89 block_id=257 block=传送带 team=1
2026-04-02T11:08:38.870122+08:00 [BUILD] action=destroyed x=162 y=89 block_id=257 block=传送带 team=1
2026-04-02T11:08:38.9281247+08:00 [BUILD] action=deconstructing x=162 y=90 block_id=257 block=传送带 team=1
2026-04-02T11:08:38.9281247+08:00 [BUILD] action=destroyed x=162 y=90 block_id=257 block=传送带 team=1
2026-04-02T11:08:38.9291314+08:00 [BUILD] action=deconstructing x=162 y=91 block_id=257 block=传送带 team=1
2026-04-02T11:08:38.9823359+08:00 [BUILD] action=destroyed x=162 y=91 block_id=257 block=传送带 team=1
2026-04-02T11:08:38.9823359+08:00 [BUILD] action=deconstructing x=162 y=92 block_id=257 block=传送带 team=1
2026-04-02T11:08:39.02272+08:00 [BUILD] action=destroyed x=162 y=92 block_id=257 block=传送带 team=1
2026-04-02T11:08:39.0243142+08:00 [BUILD] action=deconstructing x=161 y=87 block_id=257 block=传送带 team=1
2026-04-02T11:08:39.0607166+08:00 [BUILD] action=destroyed x=161 y=87 block_id=257 block=传送带 team=1
2026-04-02T11:08:39.1153181+08:00 [BUILD] action=deconstructing x=161 y=89 block_id=257 block=传送带 team=1
2026-04-02T11:08:39.1153181+08:00 [BUILD] action=destroyed x=161 y=89 block_id=257 block=传送带 team=1
2026-04-02T11:08:39.1153181+08:00 [BUILD] action=deconstructing x=161 y=90 block_id=257 block=传送带 team=1
2026-04-02T11:08:39.1546654+08:00 [BUILD] action=destroyed x=161 y=90 block_id=257 block=传送带 team=1
2026-04-02T11:08:39.1910729+08:00 [BUILD] action=deconstructing x=161 y=91 block_id=257 block=传送带 team=1
2026-04-02T11:08:39.1910729+08:00 [BUILD] action=destroyed x=161 y=91 block_id=257 block=传送带 team=1
2026-04-02T11:08:39.2101754+08:00 [BUILD] action=deconstructing x=161 y=92 block_id=257 block=传送带 team=1
2026-04-02T11:08:39.25043+08:00 [BUILD] action=destroyed x=161 y=92 block_id=257 block=传送带 team=1
2026-04-02T11:08:39.2944476+08:00 [BUILD] action=deconstructing x=160 y=87 block_id=257 block=传送带 team=1
2026-04-02T11:08:39.314419+08:00 [BUILD] action=destroyed x=160 y=87 block_id=257 block=传送带 team=1
2026-04-02T11:08:39.314419+08:00 [BUILD] action=deconstructing x=160 y=89 block_id=257 block=传送带 team=1
2026-04-02T11:08:39.3536717+08:00 [BUILD] action=destroyed x=160 y=89 block_id=257 block=传送带 team=1
2026-04-02T11:08:39.4195117+08:00 [BUILD] action=deconstructing x=160 y=90 block_id=257 block=传送带 team=1
2026-04-02T11:08:39.4195117+08:00 [BUILD] action=destroyed x=160 y=90 block_id=257 block=传送带 team=1
2026-04-02T11:08:39.4221369+08:00 [BUILD] action=deconstructing x=160 y=91 block_id=257 block=传送带 team=1
2026-04-02T11:08:39.4568798+08:00 [BUILD] action=destroyed x=160 y=91 block_id=257 block=传送带 team=1
2026-04-02T11:08:39.4946436+08:00 [BUILD] action=deconstructing x=160 y=92 block_id=257 block=传送带 team=1
2026-04-02T11:08:39.5130967+08:00 [BUILD] action=destroyed x=160 y=92 block_id=257 block=传送带 team=1
2026-04-02T11:08:39.5141106+08:00 [BUILD] action=deconstructing x=159 y=87 block_id=257 block=传送带 team=1
2026-04-02T11:08:39.6127649+08:00 [BUILD] action=destroyed x=159 y=87 block_id=257 block=传送带 team=1
2026-04-02T11:08:39.6137922+08:00 [BUILD] action=deconstructing x=159 y=89 block_id=257 block=传送带 team=1
2026-04-02T11:08:39.6137922+08:00 [BUILD] action=destroyed x=159 y=89 block_id=257 block=传送带 team=1
2026-04-02T11:08:39.6148002+08:00 [BUILD] action=deconstructing x=159 y=90 block_id=257 block=传送带 team=1
2026-04-02T11:08:39.6503225+08:00 [BUILD] action=destroyed x=159 y=90 block_id=257 block=传送带 team=1
2026-04-02T11:08:39.6889949+08:00 [BUILD] action=deconstructing x=159 y=91 block_id=257 block=传送带 team=1
2026-04-02T11:08:39.7076352+08:00 [BUILD] action=destroyed x=159 y=91 block_id=257 block=传送带 team=1
2026-04-02T11:08:39.7076352+08:00 [BUILD] action=deconstructing x=159 y=92 block_id=257 block=传送带 team=1
2026-04-02T11:08:39.7807429+08:00 [BUILD] action=destroyed x=159 y=92 block_id=257 block=传送带 team=1
2026-04-02T11:08:39.8012745+08:00 [BUILD] action=deconstructing x=158 y=87 block_id=257 block=传送带 team=1
2026-04-02T11:08:39.8012745+08:00 [BUILD] action=destroyed x=158 y=87 block_id=257 block=传送带 team=1
2026-04-02T11:08:39.8012745+08:00 [BUILD] action=deconstructing x=158 y=89 block_id=257 block=传送带 team=1
2026-04-02T11:08:39.8367666+08:00 [BUILD] action=destroyed x=158 y=89 block_id=257 block=传送带 team=1
2026-04-02T11:08:39.8739057+08:00 [BUILD] action=deconstructing x=158 y=90 block_id=257 block=传送带 team=1
2026-04-02T11:08:39.8739057+08:00 [BUILD] action=destroyed x=158 y=90 block_id=257 block=传送带 team=1
2026-04-02T11:08:39.8929665+08:00 [BUILD] action=deconstructing x=158 y=91 block_id=257 block=传送带 team=1
2026-04-02T11:08:39.9318315+08:00 [BUILD] action=destroyed x=158 y=91 block_id=257 block=传送带 team=1
2026-04-02T11:08:39.9870451+08:00 [BUILD] action=deconstructing x=158 y=92 block_id=257 block=传送带 team=1
2026-04-02T11:08:39.9870451+08:00 [BUILD] action=destroyed x=158 y=92 block_id=257 block=传送带 team=1
2026-04-02T11:08:39.9870451+08:00 [BUILD] action=deconstructing x=157 y=87 block_id=257 block=传送带 team=1
2026-04-02T11:08:40.0437083+08:00 [BUILD] action=destroyed x=157 y=87 block_id=257 block=传送带 team=1
2026-04-02T11:08:40.082933+08:00 [BUILD] action=deconstructing x=157 y=90 block_id=257 block=传送带 team=1
2026-04-02T11:08:40.082933+08:00 [BUILD] action=destroyed x=157 y=90 block_id=257 block=传送带 team=1
2026-04-02T11:08:40.0839862+08:00 [BUILD] action=deconstructing x=157 y=91 block_id=257 block=传送带 team=1
2026-04-02T11:08:40.1408366+08:00 [BUILD] action=destroyed x=157 y=91 block_id=257 block=传送带 team=1
2026-04-02T11:08:40.1408366+08:00 [BUILD] action=deconstructing x=156 y=87 block_id=257 block=传送带 team=1
2026-04-02T11:08:40.1795148+08:00 [BUILD] action=destroyed x=156 y=87 block_id=257 block=传送带 team=1
2026-04-02T11:08:40.1800402+08:00 [BUILD] action=deconstructing x=156 y=90 block_id=257 block=传送带 team=1
2026-04-02T11:08:40.2171769+08:00 [BUILD] action=destroyed x=156 y=90 block_id=257 block=传送带 team=1
2026-04-02T11:08:40.2720593+08:00 [BUILD] action=deconstructing x=156 y=91 block_id=257 block=传送带 team=1
2026-04-02T11:08:40.2720593+08:00 [BUILD] action=destroyed x=156 y=91 block_id=257 block=传送带 team=1
2026-04-02T11:08:40.2720593+08:00 [BUILD] action=deconstructing x=155 y=87 block_id=257 block=传送带 team=1
2026-04-02T11:08:40.3291186+08:00 [BUILD] action=destroyed x=155 y=87 block_id=257 block=传送带 team=1
2026-04-02T11:08:40.3689538+08:00 [BUILD] action=deconstructing x=154 y=87 block_id=257 block=传送带 team=1
2026-04-02T11:08:40.3696743+08:00 [BUILD] action=destroyed x=154 y=87 block_id=257 block=传送带 team=1
2026-04-02T11:08:40.3696743+08:00 [BUILD] action=deconstructing x=153 y=87 block_id=257 block=传送带 team=1
2026-04-02T11:08:40.4073292+08:00 [BUILD] action=destroyed x=153 y=87 block_id=257 block=传送带 team=1
2026-04-02T03:08:41.5918241Z [NET] kind=tcp_closed packet= conn_id=44839 uuid=zcWoka3SyPcAAAAAEnu6/w== ip=122.97.214.155 name="[scarlet]（未绑定杂鱼~）[]b[gray]44839[]" detail=EOF
2026-04-02T11:08:52.3167893+08:00 [BUILD] action=deconstructing x=163 y=108 block_id=345 block=容器 team=1
2026-04-02T11:08:55.3379509+08:00 [BUILD] action=destroyed x=163 y=108 block_id=345 block=容器 team=1
2026-04-02T11:09:02.2422379+08:00 [BUILD] action=deconstructing x=164 y=111 block_id=186 block=塑钢压缩机 team=1
2026-04-02T11:09:10.8954371+08:00 [BUILD] action=destroyed x=164 y=111 block_id=186 block=塑钢压缩机 team=1
