2026-03-29T15:09:37.4011584Z [NET] kind=tcp_accept packet= conn_id=1586973144 uuid= ip=10.147.17.101 name="" detail=
2026-03-29T15:09:37.4105379Z [NET] kind=connect_packet packet=*protocol.ConnectPacket conn_id=1586973144 uuid=MAv3KaDNyXEAAAAAz4iNgQ== ip=10.147.17.101 name="[#00ffffff]月[#8982edff]子[#87ceebff]芳 \uf7a9\uf7be" detail=version=156 type=official mods=0
2026-03-29T15:09:37.4431483Z [NET] kind=world_handshake_sent packet= conn_id=1586973144 uuid=MAv3KaDNyXEAAAAAz4iNgQ== ip=10.147.17.101 name="[#00ffffff]月[#8982edff]子[#87ceebff]芳 \uf7a9\uf7be" detail=
2026-03-29T15:09:37.8624593Z [NET] kind=connect_confirm_client_snapshot packet=*protocol.Remote_NetServer_clientSnapshot_22 conn_id=1586973144 uuid=MAv3KaDNyXEAAAAAz4iNgQ== ip=10.147.17.101 name="[#00ffffff]月[#8982edff]子[#87ceebff]芳 \uf7a9\uf7be" detail=
2026-03-29T23:09:37.875378+08:00 [RESPAWN] player="[#00ffffff]月[#8982edff]子[#87ceebff]芳 \uf7a9\uf7be" team=1 core=core-acropolis core_x=105 core_y=321 spawn_x=105 spawn_y=321
2026-03-29T23:09:37.8781409+08:00 [RESPAWN] player="[#00ffffff]月[#8982edff]子[#87ceebff]芳 \uf7a9\uf7be" team=1 unit=60 build_speed=1.50 spawn_x=105 spawn_y=321
2026-03-29T23:09:44.6274273+08:00 [BUILD] action=placed x=260 y=243 block_id=265 block=反向分类器 team=1 rot=0
2026-03-29T23:09:45.2951083+08:00 [BUILD] action=constructed x=260 y=243 block_id=265 block=反向分类器 team=1 rot=0
2026-03-29T23:09:47.6272412+08:00 [BUILD] action=placed x=260 y=243 block_id=258 block=钛传送带 team=1 rot=0
2026-03-29T23:09:48.2949614+08:00 [BUILD] action=constructed x=260 y=243 block_id=258 block=钛传送带 team=1 rot=0
2026-03-29T23:10:05.2442029+08:00 [BUILD] action=placed x=238 y=220 block_id=270 block=卸载器 team=1 rot=0
2026-03-29T23:10:05.897385+08:00 [BUILD] action=constructed x=238 y=220 block_id=270 block=卸载器 team=1 rot=0
2026-03-29T23:10:07.8104512+08:00 [BUILD] action=placed x=246 y=223 block_id=377 block=ground-factory team=1 rot=1
2026-03-29T23:10:08.4939451+08:00 [BUILD] action=constructed x=246 y=223 block_id=377 block=ground-factory team=1 rot=1
2026-03-29T23:10:10.4938356+08:00 [BUILD] action=placed x=239 y=229 block_id=417 block=payload-void team=1 rot=0
2026-03-29T23:10:11.1623658+08:00 [BUILD] action=constructed x=239 y=229 block_id=417 block=payload-void team=1 rot=0
2026-03-29T23:10:12.977319+08:00 [BUILD] action=placed x=220 y=261 block_id=181 block=graphite-press team=1 rot=0
2026-03-29T23:10:13.6606535+08:00 [BUILD] action=constructed x=220 y=261 block_id=181 block=graphite-press team=1 rot=0
2026-03-29T23:10:13.6612526+08:00 [BUILD] action=placed x=218 y=261 block_id=181 block=graphite-press team=1 rot=0
2026-03-29T23:10:14.329983+08:00 [BUILD] action=constructed x=218 y=261 block_id=181 block=graphite-press team=1 rot=0
2026-03-29T23:10:15.6275343+08:00 [BUILD] action=placed x=220 y=252 block_id=185 block=kiln team=1 rot=0
2026-03-29T23:10:16.2791794+08:00 [BUILD] action=constructed x=220 y=252 block_id=185 block=kiln team=1 rot=0
2026-03-29T23:10:16.2942313+08:00 [BUILD] action=placed x=218 y=252 block_id=185 block=kiln team=1 rot=0
2026-03-29T23:10:16.5103145+08:00 [BUILD] action=destroyed x=218 y=252 block_id=185 block=kiln team=1
2026-03-29T23:10:17.744545+08:00 [BUILD] action=placed x=206 y=252 block_id=194 block=disassembler team=1 rot=0
2026-03-29T23:10:18.413774+08:00 [BUILD] action=constructed x=206 y=252 block_id=194 block=disassembler team=1 rot=0
2026-03-29T23:10:20.4773197+08:00 [BUILD] action=placed x=212 y=251 block_id=193 block=separator team=1 rot=0
2026-03-29T23:10:21.1459992+08:00 [BUILD] action=constructed x=212 y=251 block_id=193 block=separator team=1 rot=0
2026-03-29T23:10:22.0778626+08:00 [BUILD] action=placed x=213 y=253 block_id=196 block=pulverizer team=1 rot=0
2026-03-29T23:10:22.7438022+08:00 [BUILD] action=constructed x=213 y=253 block_id=196 block=pulverizer team=1 rot=0
2026-03-29T23:10:23.9113153+08:00 [BUILD] action=placed x=203 y=259 block_id=189 block=cryofluid-mixer team=1 rot=0
2026-03-29T23:10:24.5801513+08:00 [BUILD] action=constructed x=203 y=259 block_id=189 block=cryofluid-mixer team=1 rot=0
2026-03-29T23:10:26.8773668+08:00 [BUILD] action=placed x=208 y=256 block_id=197 block=coal-centrifuge team=1 rot=0
2026-03-29T23:10:27.5438502+08:00 [BUILD] action=constructed x=208 y=256 block_id=197 block=coal-centrifuge team=1 rot=0
2026-03-29T23:10:27.994013+08:00 [BUILD] action=placed x=215 y=255 block_id=198 block=incinerator team=1 rot=0
2026-03-29T23:10:28.6630153+08:00 [BUILD] action=constructed x=215 y=255 block_id=198 block=incinerator team=1 rot=0
2026-03-29T23:10:29.0104187+08:00 [BUILD] action=placed x=214 y=257 block_id=418 block=heat-source team=1 rot=1
2026-03-29T23:10:29.6628118+08:00 [BUILD] action=constructed x=214 y=257 block_id=418 block=heat-source team=1 rot=1
2026-03-29T23:10:31.9942374+08:00 [BUILD] action=placed x=208 y=265 block_id=302 block=电力节点 team=1 rot=0
2026-03-29T23:10:32.6474981+08:00 [BUILD] action=constructed x=208 y=265 block_id=302 block=电力节点 team=1 rot=0
2026-03-29T15:10:35.3692319Z [NET] kind=tcp_closed packet= conn_id=1586973144 uuid=MAv3KaDNyXEAAAAAz4iNgQ== ip=10.147.17.101 name="[#00ffffff]月[#8982edff]子[#87ceebff]芳 \uf7a9\uf7be" detail=EOF
