2026-04-24T10:13:31.2448576Z [NET] kind=tcp_accept packet= conn_id=694130884 uuid= ip=1.199.248.10 name="" detail=
2026-04-24T10:13:31.2612161Z [NET] kind=connect_packet packet=*protocol.ConnectPacket conn_id=57062 uuid=MAv3KaDNyXEAAAAAz4iNgQ== ip=1.199.248.10 name="[scarlet]（未绑定）[][#F285D1]月[#8982edff]子[#87ceebff]芳[gray]57062[]" detail=version=157 type=official mods=0 | checkpoint conn_uuid="57062" conn_uuid_ready=true identity_ready=true display_name_ready=true display_name="[scarlet]（未绑定）[][#F285D1]月[#8982edff]子[#87ceebff]芳[gray]57062[]"
2026-04-24T10:13:31.3716818Z [NET] kind=world_handshake_sent packet= conn_id=57062 uuid=MAv3KaDNyXEAAAAAz4iNgQ== ip=1.199.248.10 name="[scarlet]（未绑定）[][#F285D1]月[#8982edff]子[#87ceebff]芳[gray]57062[]" detail=checkpoint conn_uuid="57062" conn_uuid_ready=true identity_ready=true display_name_ready=true display_name="[scarlet]（未绑定）[][#F285D1]月[#8982edff]子[#87ceebff]芳[gray]57062[]"
2026-04-24T10:13:31.9283562Z [NET] kind=client_snapshot_ignored_pre_confirm packet=*protocol.Remote_NetServer_clientSnapshot_48 conn_id=57062 uuid=MAv3KaDNyXEAAAAAz4iNgQ== ip=1.199.248.10 name="[scarlet]（未绑定）[][#F285D1]月[#8982edff]子[#87ceebff]芳[gray]57062[]" detail=waiting_for_connect_confirm
2026-04-24T10:13:31.9304814Z [NET] kind=connect_confirm packet=*protocol.Remote_NetServer_connectConfirm_50 conn_id=57062 uuid=MAv3KaDNyXEAAAAAz4iNgQ== ip=1.199.248.10 name="[scarlet]（未绑定）[][#F285D1]月[#8982edff]子[#87ceebff]芳[gray]57062[]" detail=checkpoint conn_uuid="57062" conn_uuid_ready=true identity_ready=true display_name_ready=true display_name="[scarlet]（未绑定）[][#F285D1]月[#8982edff]子[#87ceebff]芳[gray]57062[]"
2026-04-24T18:13:32.3348982+08:00 [RESPAWN] player="[#F285D1]月[#8982edff]子[#87ceebff]芳" team=1 core=core-nucleus core_x=166 core_y=159 spawn_x=166 spawn_y=159
2026-04-24T18:13:32.3348982+08:00 [RESPAWN] player="[#F285D1]月[#8982edff]子[#87ceebff]芳" team=1 unit=37 build_speed=1.00 spawn_x=166 spawn_y=159
2026-04-24T18:13:35.8305222+08:00 [BUILD] action=deconstructing x=199 y=175 block_id=116 block=玄武岩石块 team=1
2026-04-24T18:13:36.8301718+08:00 [BUILD] action=destroyed x=199 y=175 block_id=116 block=玄武岩石块 team=1
2026-04-24T18:13:36.8389469+08:00 [BUILD] action=deconstructing x=196 y=182 block_id=113 block=页岩石块 team=1
2026-04-24T18:13:37.8384879+08:00 [BUILD] action=destroyed x=196 y=182 block_id=113 block=页岩石块 team=1
2026-04-24T18:13:37.8472798+08:00 [BUILD] action=deconstructing x=194 y=178 block_id=258 block=钛传送带 team=1
2026-04-24T18:13:37.8761767+08:00 [BUILD] action=destroyed x=194 y=178 block_id=258 block=钛传送带 team=1
2026-04-24T18:13:37.8885814+08:00 [BUILD] action=deconstructing x=193 y=189 block_id=113 block=页岩石块 team=1
2026-04-24T18:13:38.8836539+08:00 [BUILD] action=destroyed x=193 y=189 block_id=113 block=页岩石块 team=1
2026-04-24T18:13:38.8968565+08:00 [BUILD] action=deconstructing x=193 y=178 block_id=258 block=钛传送带 team=1
2026-04-24T18:13:38.9304916+08:00 [BUILD] action=destroyed x=193 y=178 block_id=258 block=钛传送带 team=1
2026-04-24T18:13:38.9418485+08:00 [BUILD] action=deconstructing x=193 y=165 block_id=116 block=玄武岩石块 team=1
2026-04-24T18:13:39.9661605+08:00 [BUILD] action=destroyed x=193 y=165 block_id=116 block=玄武岩石块 team=1
2026-04-24T18:13:39.975067+08:00 [BUILD] action=deconstructing x=192 y=183 block_id=116 block=玄武岩石块 team=1
2026-04-24T18:13:40.9743909+08:00 [BUILD] action=destroyed x=192 y=183 block_id=116 block=玄武岩石块 team=1
2026-04-24T18:13:40.9832521+08:00 [BUILD] action=deconstructing x=192 y=178 block_id=258 block=钛传送带 team=1
2026-04-24T18:13:41.0171261+08:00 [BUILD] action=destroyed x=192 y=178 block_id=258 block=钛传送带 team=1
2026-04-24T18:13:41.0234789+08:00 [BUILD] action=deconstructing x=191 y=178 block_id=258 block=钛传送带 team=1
2026-04-24T18:13:41.0575684+08:00 [BUILD] action=destroyed x=191 y=178 block_id=258 block=钛传送带 team=1
2026-04-24T18:13:41.0687374+08:00 [BUILD] action=deconstructing x=190 y=178 block_id=258 block=钛传送带 team=1
2026-04-24T18:13:41.0991828+08:00 [BUILD] action=destroyed x=190 y=178 block_id=258 block=钛传送带 team=1
2026-04-24T18:13:41.1076679+08:00 [BUILD] action=deconstructing x=189 y=178 block_id=258 block=钛传送带 team=1
2026-04-24T18:13:41.1406051+08:00 [BUILD] action=destroyed x=189 y=178 block_id=258 block=钛传送带 team=1
2026-04-24T18:13:41.1510959+08:00 [BUILD] action=deconstructing x=188 y=178 block_id=258 block=钛传送带 team=1
2026-04-24T18:13:41.1839797+08:00 [BUILD] action=destroyed x=188 y=178 block_id=258 block=钛传送带 team=1
2026-04-24T18:13:41.1918437+08:00 [BUILD] action=deconstructing x=187 y=178 block_id=258 block=钛传送带 team=1
2026-04-24T18:13:41.2236834+08:00 [BUILD] action=destroyed x=187 y=178 block_id=258 block=钛传送带 team=1
2026-04-24T18:13:41.2346907+08:00 [BUILD] action=deconstructing x=187 y=175 block_id=116 block=玄武岩石块 team=1
2026-04-24T18:13:42.2405891+08:00 [BUILD] action=destroyed x=187 y=175 block_id=116 block=玄武岩石块 team=1
2026-04-24T18:13:42.2412127+08:00 [BUILD] action=deconstructing x=187 y=173 block_id=116 block=玄武岩石块 team=1
2026-04-24T18:13:43.2426406+08:00 [BUILD] action=destroyed x=187 y=173 block_id=116 block=玄武岩石块 team=1
2026-04-24T18:13:43.2509623+08:00 [BUILD] action=deconstructing x=187 y=170 block_id=116 block=玄武岩石块 team=1
2026-04-24T18:13:44.2583837+08:00 [BUILD] action=destroyed x=187 y=170 block_id=116 block=玄武岩石块 team=1
2026-04-24T18:13:44.2583837+08:00 [BUILD] action=deconstructing x=186 y=178 block_id=258 block=钛传送带 team=1
2026-04-24T18:13:44.293326+08:00 [BUILD] action=destroyed x=186 y=178 block_id=258 block=钛传送带 team=1
2026-04-24T18:13:44.3007593+08:00 [BUILD] action=deconstructing x=186 y=160 block_id=116 block=玄武岩石块 team=1
2026-04-24T18:13:45.3012222+08:00 [BUILD] action=destroyed x=186 y=160 block_id=116 block=玄武岩石块 team=1
2026-04-24T18:13:45.3086865+08:00 [BUILD] action=deconstructing x=185 y=178 block_id=258 block=钛传送带 team=1
2026-04-24T18:13:45.3435847+08:00 [BUILD] action=destroyed x=185 y=178 block_id=258 block=钛传送带 team=1
2026-04-24T18:13:45.3603038+08:00 [BUILD] action=deconstructing x=184 y=178 block_id=258 block=钛传送带 team=1
2026-04-24T18:13:45.3857244+08:00 [BUILD] action=destroyed x=184 y=178 block_id=258 block=钛传送带 team=1
2026-04-24T18:13:45.4570916+08:00 [BUILD] action=deconstructing x=183 y=178 block_id=258 block=钛传送带 team=1
2026-04-24T18:13:45.4801645+08:00 [BUILD] action=destroyed x=183 y=178 block_id=258 block=钛传送带 team=1
2026-04-24T18:13:45.4956147+08:00 [BUILD] action=deconstructing x=191 y=172 block_id=116 block=玄武岩石块 team=1
2026-04-24T18:13:46.4884956+08:00 [BUILD] action=destroyed x=191 y=172 block_id=116 block=玄武岩石块 team=1
2026-04-24T18:13:46.4969379+08:00 [BUILD] action=placed x=162 y=168 block_id=431 block=微型处理器 team=1 rot=0
2026-04-24T18:13:48.4944334+08:00 [BUILD] action=constructed x=162 y=168 block_id=431 block=微型处理器 team=1 rot=0
2026-04-24T18:13:48.5021715+08:00 [BUILD] action=placed x=162 y=169 block_id=431 block=微型处理器 team=1 rot=0
2026-04-24T18:13:48.8803065+08:00 [BUILD] action=placed x=168 y=151 block_id=290 block=流体容器 team=1 rot=0
2026-04-24T18:13:49.4887917+08:00 [BUILD] action=constructed x=168 y=151 block_id=290 block=流体容器 team=1 rot=0
2026-04-24T18:13:49.4997069+08:00 [BUILD] action=placed x=168 y=154 block_id=270 block=装卸器 team=1 rot=0
2026-04-24T18:13:50.4469169+08:00 [BUILD] action=constructed x=168 y=154 block_id=270 block=装卸器 team=1 rot=0
2026-04-24T18:13:50.4580598+08:00 [BUILD] action=placed x=168 y=165 block_id=270 block=装卸器 team=1 rot=0
2026-04-24T18:13:51.2760772+08:00 [BUILD] action=constructed x=168 y=165 block_id=270 block=装卸器 team=1 rot=0
2026-04-24T18:13:51.276587+08:00 [BUILD] action=placed x=169 y=154 block_id=189 block=冷冻液混合器 team=1 rot=0
2026-04-24T18:13:53.5884667+08:00 [BUILD] action=constructed x=169 y=154 block_id=189 block=冷冻液混合器 team=1 rot=0
2026-04-24T18:13:53.5971318+08:00 [BUILD] action=placed x=169 y=160 block_id=294 block=相织布导管桥 team=1 rot=0
2026-04-24T18:13:54.4639361+08:00 [BUILD] action=constructed x=169 y=160 block_id=294 block=相织布导管桥 team=1 rot=0
2026-04-24T18:13:54.4718567+08:00 [BUILD] action=placed x=169 y=163 block_id=269 block=反向溢流门 team=1 rot=0
2026-04-24T18:13:54.6385504+08:00 [BUILD] action=constructed x=169 y=163 block_id=269 block=反向溢流门 team=1 rot=0
2026-04-24T18:13:54.647205+08:00 [BUILD] action=placed x=170 y=160 block_id=293 block=导管桥 team=1 rot=0
2026-04-24T18:13:54.9139147+08:00 [BUILD] action=constructed x=170 y=160 block_id=293 block=导管桥 team=1 rot=0
2026-04-24T18:13:54.9221874+08:00 [BUILD] action=placed x=170 y=173 block_id=289 block=流体路由器 team=1 rot=0
2026-04-24T18:13:55.0386659+08:00 [BUILD] action=constructed x=170 y=173 block_id=289 block=流体路由器 team=1 rot=0
2026-04-24T18:13:55.0470374+08:00 [BUILD] action=placed x=171 y=164 block_id=286 block=导管 team=1 rot=0
2026-04-24T18:13:55.0720034+08:00 [BUILD] action=constructed x=171 y=164 block_id=286 block=导管 team=1 rot=0
2026-04-24T18:13:55.080627+08:00 [BUILD] action=placed x=171 y=170 block_id=270 block=装卸器 team=1 rot=0
2026-04-24T18:13:55.8972038+08:00 [BUILD] action=constructed x=171 y=170 block_id=270 block=装卸器 team=1 rot=0
2026-04-24T18:13:55.9053998+08:00 [BUILD] action=placed x=172 y=163 block_id=294 block=相织布导管桥 team=1 rot=0
2026-04-24T18:13:56.7721995+08:00 [BUILD] action=constructed x=172 y=163 block_id=294 block=相织布导管桥 team=1 rot=0
2026-04-24T18:13:56.7806783+08:00 [BUILD] action=placed x=172 y=164 block_id=286 block=导管 team=1 rot=0
2026-04-24T18:13:56.8054366+08:00 [BUILD] action=constructed x=172 y=164 block_id=286 block=导管 team=1 rot=0
2026-04-24T18:13:56.8137258+08:00 [BUILD] action=placed x=172 y=169 block_id=289 block=流体路由器 team=1 rot=0
2026-04-24T18:13:56.9306085+08:00 [BUILD] action=constructed x=172 y=169 block_id=289 block=流体路由器 team=1 rot=0
2026-04-24T18:13:56.938568+08:00 [BUILD] action=placed x=173 y=156 block_id=270 block=装卸器 team=1 rot=0
2026-04-24T18:13:57.7803598+08:00 [BUILD] action=constructed x=173 y=156 block_id=270 block=装卸器 team=1 rot=0
2026-04-24T18:13:57.7885444+08:00 [BUILD] action=placed x=173 y=173 block_id=292 block=流体交叉器 team=1 rot=0
2026-04-24T18:13:58.055185+08:00 [BUILD] action=constructed x=173 y=173 block_id=292 block=流体交叉器 team=1 rot=0
2026-04-24T10:13:58.9711885Z [NET] kind=tcp_accept packet= conn_id=714606359 uuid= ip=192.168.0.101 name="" detail=
2026-04-24T10:13:58.9909502Z [NET] kind=connect_packet packet=*protocol.ConnectPacket conn_id=57006 uuid=bRea8YRoGToAAAAAPO9P1Q== ip=192.168.0.101 name="[scarlet]（未绑定）[][#00ffffff]月[#8982edff]子[#87ceebff][gray]57006[]" detail=version=157 type=official mods=0 | checkpoint conn_uuid="57006" conn_uuid_ready=true identity_ready=true display_name_ready=true display_name="[scarlet]（未绑定）[][#00ffffff]月[#8982edff]子[#87ceebff][gray]57006[]"
2026-04-24T10:13:59.0746648Z [NET] kind=world_handshake_sent packet= conn_id=57006 uuid=bRea8YRoGToAAAAAPO9P1Q== ip=192.168.0.101 name="[scarlet]（未绑定）[][#00ffffff]月[#8982edff]子[#87ceebff][gray]57006[]" detail=checkpoint conn_uuid="57006" conn_uuid_ready=true identity_ready=true display_name_ready=true display_name="[scarlet]（未绑定）[][#00ffffff]月[#8982edff]子[#87ceebff][gray]57006[]"
2026-04-24T18:13:59.4889077+08:00 [BUILD] action=constructed x=162 y=169 block_id=431 block=微型处理器 team=1 rot=0
2026-04-24T18:13:59.4970117+08:00 [BUILD] action=placed x=178 y=161 block_id=431 block=微型处理器 team=1 rot=0
2026-04-24T10:13:59.5673562Z [NET] kind=client_snapshot_ignored_pre_confirm packet=*protocol.Remote_NetServer_clientSnapshot_48 conn_id=57006 uuid=bRea8YRoGToAAAAAPO9P1Q== ip=192.168.0.101 name="[scarlet]（未绑定）[][#00ffffff]月[#8982edff]子[#87ceebff][gray]57006[]" detail=waiting_for_connect_confirm
2026-04-24T10:13:59.5695904Z [NET] kind=connect_confirm packet=*protocol.Remote_NetServer_connectConfirm_50 conn_id=57006 uuid=bRea8YRoGToAAAAAPO9P1Q== ip=192.168.0.101 name="[scarlet]（未绑定）[][#00ffffff]月[#8982edff]子[#87ceebff][gray]57006[]" detail=checkpoint conn_uuid="57006" conn_uuid_ready=true identity_ready=true display_name_ready=true display_name="[scarlet]（未绑定）[][#00ffffff]月[#8982edff]子[#87ceebff][gray]57006[]"
2026-04-24T10:13:59.7192176Z [NET] kind=tcp_closed packet= conn_id=57006 uuid=bRea8YRoGToAAAAAPO9P1Q== ip=192.168.0.101 name="[scarlet]（未绑定）[][#00ffffff]月[#8982edff]子[#87ceebff][gray]57006[]" detail=EOF
2026-04-24T18:14:01.4968952+08:00 [BUILD] action=constructed x=178 y=161 block_id=431 block=微型处理器 team=1 rot=0
2026-04-24T18:14:01.5054865+08:00 [BUILD] action=placed x=161 y=151 block_id=293 block=导管桥 team=1 rot=0
2026-04-24T18:14:01.771891+08:00 [BUILD] action=constructed x=161 y=151 block_id=293 block=导管桥 team=1 rot=0
2026-04-24T18:14:01.7805641+08:00 [BUILD] action=placed x=161 y=152 block_id=293 block=导管桥 team=1 rot=0
2026-04-24T18:14:02.0469369+08:00 [BUILD] action=constructed x=161 y=152 block_id=293 block=导管桥 team=1 rot=0
2026-04-24T18:14:02.0553271+08:00 [BUILD] action=placed x=161 y=153 block_id=263 block=相织布传送带桥 team=1 rot=0
2026-04-24T18:14:02.5393253+08:00 [BUILD] action=constructed x=161 y=153 block_id=263 block=相织布传送带桥 team=1 rot=0
2026-04-24T18:14:02.5469129+08:00 [BUILD] action=placed x=161 y=154 block_id=293 block=导管桥 team=1 rot=0
2026-04-24T18:14:02.8138714+08:00 [BUILD] action=constructed x=161 y=154 block_id=293 block=导管桥 team=1 rot=0
2026-04-24T18:14:02.8223427+08:00 [BUILD] action=placed x=161 y=155 block_id=293 block=导管桥 team=1 rot=0
2026-04-24T18:14:03.0888217+08:00 [BUILD] action=constructed x=161 y=155 block_id=293 block=导管桥 team=1 rot=0
2026-04-24T18:14:03.0970356+08:00 [BUILD] action=placed x=161 y=156 block_id=330 block=培养机 team=1 rot=0
2026-04-24T18:14:03.1889706+08:00 [BUILD] action=placed x=161 y=159 block_id=262 block=传送带桥 team=1 rot=0
2026-04-24T10:14:03.8054356Z [NET] kind=tcp_accept packet= conn_id=719202858 uuid= ip=1.199.248.10 name="" detail=
2026-04-24T10:14:03.8200541Z [NET] kind=connect_packet packet=*protocol.ConnectPacket conn_id=57006 uuid=bRea8YRoGToAAAAAPO9P1Q== ip=1.199.248.10 name="[scarlet]（未绑定）[][#00ffffff]月[#8982edff]子[#87ceebff][gray]57006[]" detail=version=157 type=official mods=0 | checkpoint conn_uuid="57006" conn_uuid_ready=true identity_ready=true display_name_ready=true display_name="[scarlet]（未绑定）[][#00ffffff]月[#8982edff]子[#87ceebff][gray]57006[]"
2026-04-24T10:14:03.9041932Z [NET] kind=world_handshake_sent packet= conn_id=57006 uuid=bRea8YRoGToAAAAAPO9P1Q== ip=1.199.248.10 name="[scarlet]（未绑定）[][#00ffffff]月[#8982edff]子[#87ceebff][gray]57006[]" detail=checkpoint conn_uuid="57006" conn_uuid_ready=true identity_ready=true display_name_ready=true display_name="[scarlet]（未绑定）[][#00ffffff]月[#8982edff]子[#87ceebff][gray]57006[]"
2026-04-24T10:14:04.3262213Z [NET] kind=client_snapshot_ignored_pre_confirm packet=*protocol.Remote_NetServer_clientSnapshot_48 conn_id=57006 uuid=bRea8YRoGToAAAAAPO9P1Q== ip=1.199.248.10 name="[scarlet]（未绑定）[][#00ffffff]月[#8982edff]子[#87ceebff][gray]57006[]" detail=waiting_for_connect_confirm
2026-04-24T10:14:04.3284218Z [NET] kind=connect_confirm packet=*protocol.Remote_NetServer_connectConfirm_50 conn_id=57006 uuid=bRea8YRoGToAAAAAPO9P1Q== ip=1.199.248.10 name="[scarlet]（未绑定）[][#00ffffff]月[#8982edff]子[#87ceebff][gray]57006[]" detail=checkpoint conn_uuid="57006" conn_uuid_ready=true identity_ready=true display_name_ready=true display_name="[scarlet]（未绑定）[][#00ffffff]月[#8982edff]子[#87ceebff][gray]57006[]"
2026-04-24T18:14:04.7297432+08:00 [RESPAWN] player="[#00ffffff]月[#8982edff]子[#87ceebff]" team=1 core=core-nucleus core_x=166 core_y=159 spawn_x=166 spawn_y=159
2026-04-24T18:14:04.7297432+08:00 [RESPAWN] player="[#00ffffff]月[#8982edff]子[#87ceebff]" team=1 unit=37 build_speed=1.00 spawn_x=166 spawn_y=159
2026-04-24T18:14:04.7302496+08:00 [BUILD] action=constructed x=161 y=159 block_id=262 block=传送带桥 team=1 rot=0
2026-04-24T18:14:04.7390339+08:00 [BUILD] action=placed x=161 y=160 block_id=330 block=培养机 team=1 rot=0
2026-04-24T10:14:04.7670287Z [NET] kind=tcp_closed packet= conn_id=57006 uuid=bRea8YRoGToAAAAAPO9P1Q== ip=1.199.248.10 name="[scarlet]（未绑定）[][#00ffffff]月[#8982edff]子[#87ceebff][gray]57006[]" detail=EOF
2026-04-24T10:14:13.1869686Z [NET] kind=tcp_accept packet= conn_id=433626462 uuid= ip=192.168.0.101 name="" detail=
2026-04-24T10:14:13.2021862Z [NET] kind=connect_packet packet=*protocol.ConnectPacket conn_id=57006 uuid=bRea8YRoGToAAAAAPO9P1Q== ip=192.168.0.101 name="[scarlet]（未绑定）[][#00ffffff]月[#8982edff]子[#87ceebff][gray]57006[]" detail=version=157 type=official mods=0 | checkpoint conn_uuid="57006" conn_uuid_ready=true identity_ready=true display_name_ready=true display_name="[scarlet]（未绑定）[][#00ffffff]月[#8982edff]子[#87ceebff][gray]57006[]"
2026-04-24T10:14:13.2890073Z [NET] kind=world_handshake_sent packet= conn_id=57006 uuid=bRea8YRoGToAAAAAPO9P1Q== ip=192.168.0.101 name="[scarlet]（未绑定）[][#00ffffff]月[#8982edff]子[#87ceebff][gray]57006[]" detail=checkpoint conn_uuid="57006" conn_uuid_ready=true identity_ready=true display_name_ready=true display_name="[scarlet]（未绑定）[][#00ffffff]月[#8982edff]子[#87ceebff][gray]57006[]"
2026-04-24T10:14:13.7093081Z [NET] kind=client_snapshot_ignored_pre_confirm packet=*protocol.Remote_NetServer_clientSnapshot_48 conn_id=57006 uuid=bRea8YRoGToAAAAAPO9P1Q== ip=192.168.0.101 name="[scarlet]（未绑定）[][#00ffffff]月[#8982edff]子[#87ceebff][gray]57006[]" detail=waiting_for_connect_confirm
2026-04-24T10:14:13.7109094Z [NET] kind=connect_confirm packet=*protocol.Remote_NetServer_connectConfirm_50 conn_id=57006 uuid=bRea8YRoGToAAAAAPO9P1Q== ip=192.168.0.101 name="[scarlet]（未绑定）[][#00ffffff]月[#8982edff]子[#87ceebff][gray]57006[]" detail=checkpoint conn_uuid="57006" conn_uuid_ready=true identity_ready=true display_name_ready=true display_name="[scarlet]（未绑定）[][#00ffffff]月[#8982edff]子[#87ceebff][gray]57006[]"
2026-04-24T10:14:13.8666256Z [NET] kind=tcp_closed packet= conn_id=57006 uuid=bRea8YRoGToAAAAAPO9P1Q== ip=192.168.0.101 name="[scarlet]（未绑定）[][#00ffffff]月[#8982edff]子[#87ceebff][gray]57006[]" detail=EOF
2026-04-24T10:14:21.9638566Z [NET] kind=tcp_closed packet= conn_id=57062 uuid=MAv3KaDNyXEAAAAAz4iNgQ== ip=1.199.248.10 name="[scarlet]（未绑定）[][#F285D1]月[#8982edff]子[#87ceebff]芳[gray]57062[]" detail=EOF
