2026-03-29T13:59:42.7843598Z [NET] kind=tcp_accept packet= conn_id=235409363 uuid= ip=10.147.17.101 name="" detail=
2026-03-29T13:59:42.7974252Z [NET] kind=connect_packet packet=*protocol.ConnectPacket conn_id=235409363 uuid=bRea8YRoGToAAAAAPO9P1Q== ip=10.147.17.101 name="[#00ffffff]月[#8982edff]子[#87ceebff]芳 \uf7a9\uf7be" detail=version=156 type=official mods=0
2026-03-29T13:59:42.828243Z [NET] kind=world_handshake_sent packet= conn_id=235409363 uuid=bRea8YRoGToAAAAAPO9P1Q== ip=10.147.17.101 name="[#00ffffff]月[#8982edff]子[#87ceebff]芳 \uf7a9\uf7be" detail=
2026-03-29T13:59:43.0613602Z [NET] kind=connect_confirm_client_snapshot packet=*protocol.Remote_NetServer_clientSnapshot_22 conn_id=235409363 uuid=bRea8YRoGToAAAAAPO9P1Q== ip=10.147.17.101 name="[#00ffffff]月[#8982edff]子[#87ceebff]芳 \uf7a9\uf7be" detail=
2026-03-29T21:59:43.0703819+08:00 [RESPAWN] player="[#00ffffff]月[#8982edff]子[#87ceebff]芳 \uf7a9\uf7be" team=1 core=core-acropolis core_x=105 core_y=321 spawn_x=105 spawn_y=321
2026-03-29T21:59:43.0729006+08:00 [RESPAWN] player="[#00ffffff]月[#8982edff]子[#87ceebff]芳 \uf7a9\uf7be" team=1 unit=60 build_speed=1.50 spawn_x=105 spawn_y=321
2026-03-29T13:59:44.168938Z [NET] kind=tcp_accept packet= conn_id=80280431 uuid= ip=10.147.17.101 name="" detail=
2026-03-29T13:59:44.1797382Z [NET] kind=connect_packet packet=*protocol.ConnectPacket conn_id=80280431 uuid=MAv3KaDNyXEAAAAAz4iNgQ== ip=10.147.17.101 name="[#00ffffff]月[#8982edff]子[#87ceebff]芳 \uf7a9\uf7be" detail=version=156 type=official mods=0
2026-03-29T13:59:44.1930871Z [NET] kind=world_handshake_sent packet= conn_id=80280431 uuid=MAv3KaDNyXEAAAAAz4iNgQ== ip=10.147.17.101 name="[#00ffffff]月[#8982edff]子[#87ceebff]芳 \uf7a9\uf7be" detail=
2026-03-29T13:59:44.4935603Z [NET] kind=connect_confirm_client_snapshot packet=*protocol.Remote_NetServer_clientSnapshot_22 conn_id=80280431 uuid=MAv3KaDNyXEAAAAAz4iNgQ== ip=10.147.17.101 name="[#00ffffff]月[#8982edff]子[#87ceebff]芳 \uf7a9\uf7be" detail=
2026-03-29T21:59:44.5035543+08:00 [RESPAWN] player="[#00ffffff]月[#8982edff]子[#87ceebff]芳 \uf7a9\uf7be" team=1 core=core-acropolis core_x=105 core_y=321 spawn_x=105 spawn_y=321
2026-03-29T21:59:44.505706+08:00 [RESPAWN] player="[#00ffffff]月[#8982edff]子[#87ceebff]芳 \uf7a9\uf7be" team=1 unit=60 build_speed=1.50 spawn_x=105 spawn_y=321
2026-03-29T21:59:47.541716+08:00 [BUILD] action=placed x=140 y=324 block_id=412 block=item-source team=1 rot=0
2026-03-29T21:59:48.2250133+08:00 [BUILD] action=constructed x=140 y=324 block_id=412 block=item-source team=1 rot=0
2026-03-29T21:59:51.0749975+08:00 [BUILD] action=placed x=141 y=324 block_id=258 block=钛传送带 team=1 rot=1
2026-03-29T21:59:51.7428004+08:00 [BUILD] action=constructed x=141 y=324 block_id=258 block=钛传送带 team=1 rot=1
2026-03-29T21:59:58.1419118+08:00 [BUILD] action=placed x=260 y=252 block_id=265 block=反向分类器 team=1 rot=0
2026-03-29T21:59:58.8247314+08:00 [BUILD] action=constructed x=260 y=252 block_id=265 block=反向分类器 team=1 rot=0
2026-03-29T21:59:58.8424207+08:00 [BUILD] action=placed x=260 y=251 block_id=265 block=反向分类器 team=1 rot=0
2026-03-29T21:59:59.5080766+08:00 [BUILD] action=constructed x=260 y=251 block_id=265 block=反向分类器 team=1 rot=0
2026-03-29T21:59:59.5249849+08:00 [BUILD] action=placed x=260 y=250 block_id=265 block=反向分类器 team=1 rot=0
2026-03-29T22:00:00.1927008+08:00 [BUILD] action=constructed x=260 y=250 block_id=265 block=反向分类器 team=1 rot=0
2026-03-29T22:00:00.192898+08:00 [BUILD] action=placed x=260 y=249 block_id=265 block=反向分类器 team=1 rot=0
2026-03-29T22:00:00.8746469+08:00 [BUILD] action=constructed x=260 y=249 block_id=265 block=反向分类器 team=1 rot=0
2026-03-29T22:00:00.8914299+08:00 [BUILD] action=placed x=260 y=248 block_id=265 block=反向分类器 team=1 rot=0
2026-03-29T22:00:01.5581267+08:00 [BUILD] action=constructed x=260 y=248 block_id=265 block=反向分类器 team=1 rot=0
2026-03-29T22:00:01.5746055+08:00 [BUILD] action=placed x=260 y=247 block_id=265 block=反向分类器 team=1 rot=0
2026-03-29T22:00:02.2264111+08:00 [BUILD] action=constructed x=260 y=247 block_id=265 block=反向分类器 team=1 rot=0
2026-03-29T22:00:02.2583223+08:00 [BUILD] action=placed x=260 y=246 block_id=265 block=反向分类器 team=1 rot=0
2026-03-29T22:00:02.9248942+08:00 [BUILD] action=constructed x=260 y=246 block_id=265 block=反向分类器 team=1 rot=0
2026-03-29T22:00:02.9412036+08:00 [BUILD] action=placed x=260 y=245 block_id=265 block=反向分类器 team=1 rot=0
2026-03-29T22:00:03.6079972+08:00 [BUILD] action=constructed x=260 y=245 block_id=265 block=反向分类器 team=1 rot=0
2026-03-29T22:00:03.6248395+08:00 [BUILD] action=placed x=260 y=244 block_id=265 block=反向分类器 team=1 rot=0
2026-03-29T22:00:04.2912909+08:00 [BUILD] action=constructed x=260 y=244 block_id=265 block=反向分类器 team=1 rot=0
2026-03-29T22:00:04.3080608+08:00 [BUILD] action=placed x=260 y=243 block_id=265 block=反向分类器 team=1 rot=0
2026-03-29T22:00:04.9746429+08:00 [BUILD] action=constructed x=260 y=243 block_id=265 block=反向分类器 team=1 rot=0
2026-03-29T22:00:04.9912774+08:00 [BUILD] action=placed x=260 y=242 block_id=265 block=反向分类器 team=1 rot=0
2026-03-29T22:00:05.6432971+08:00 [BUILD] action=constructed x=260 y=242 block_id=265 block=反向分类器 team=1 rot=0
2026-03-29T22:00:05.6750185+08:00 [BUILD] action=placed x=260 y=241 block_id=265 block=反向分类器 team=1 rot=0
2026-03-29T22:00:05.6793632+08:00 [CHAT] from="[#00ffffff]月[#8982edff]子[#87ceebff]芳 \uf7a9\uf7be" player_id=2 uuid=MAv3KaDNyXEAAAAAz4iNgQ== ip=10.147.17.101:58777 msg="/HOST"
2026-03-29T22:00:06.3420431+08:00 [BUILD] action=constructed x=260 y=241 block_id=265 block=反向分类器 team=1 rot=0
2026-03-29T22:00:06.3425566+08:00 [BUILD] action=placed x=260 y=240 block_id=265 block=反向分类器 team=1 rot=0
2026-03-29T22:00:07.0245075+08:00 [BUILD] action=constructed x=260 y=240 block_id=265 block=反向分类器 team=1 rot=0
2026-03-29T22:00:07.0412431+08:00 [BUILD] action=placed x=260 y=239 block_id=265 block=反向分类器 team=1 rot=0
2026-03-29T22:00:07.7081705+08:00 [BUILD] action=constructed x=260 y=239 block_id=265 block=反向分类器 team=1 rot=0
2026-03-29T22:00:07.7248182+08:00 [BUILD] action=placed x=260 y=238 block_id=265 block=反向分类器 team=1 rot=0
2026-03-29T22:00:08.3927511+08:00 [BUILD] action=constructed x=260 y=238 block_id=265 block=反向分类器 team=1 rot=0
2026-03-29T22:00:08.3929717+08:00 [BUILD] action=placed x=259 y=252 block_id=265 block=反向分类器 team=1 rot=0
2026-03-29T22:00:09.0593801+08:00 [BUILD] action=constructed x=259 y=252 block_id=265 block=反向分类器 team=1 rot=0
2026-03-29T22:00:09.0917498+08:00 [BUILD] action=placed x=258 y=252 block_id=265 block=反向分类器 team=1 rot=0
2026-03-29T22:00:09.7580127+08:00 [BUILD] action=constructed x=258 y=252 block_id=265 block=反向分类器 team=1 rot=0
2026-03-29T22:00:09.7748397+08:00 [BUILD] action=placed x=257 y=252 block_id=265 block=反向分类器 team=1 rot=0
2026-03-29T22:00:10.0804742+08:00 [CHAT] from="[#00ffffff]月[#8982edff]子[#87ceebff]芳 \uf7a9\uf7be" player_id=2 uuid=MAv3KaDNyXEAAAAAz4iNgQ== ip=10.147.17.101:58777 msg="/host"
2026-03-29T22:00:10.4414295+08:00 [BUILD] action=constructed x=257 y=252 block_id=265 block=反向分类器 team=1 rot=0
2026-03-29T22:00:10.458273+08:00 [BUILD] action=placed x=256 y=252 block_id=265 block=反向分类器 team=1 rot=0
2026-03-29T22:00:10.8749758+08:00 [BUILD] action=destroyed x=251 y=252 block_id=265 block=反向分类器 team=1
2026-03-29T22:00:10.875123+08:00 [BUILD] action=destroyed x=250 y=252 block_id=265 block=反向分类器 team=1
2026-03-29T22:00:10.875123+08:00 [BUILD] action=destroyed x=247 y=252 block_id=265 block=反向分类器 team=1
2026-03-29T22:00:10.875123+08:00 [BUILD] action=destroyed x=256 y=252 block_id=265 block=反向分类器 team=1
2026-03-29T22:00:10.8756312+08:00 [BUILD] action=destroyed x=253 y=252 block_id=265 block=反向分类器 team=1
2026-03-29T22:00:10.8756312+08:00 [BUILD] action=destroyed x=252 y=252 block_id=265 block=反向分类器 team=1
2026-03-29T22:00:10.8756312+08:00 [BUILD] action=destroyed x=249 y=252 block_id=265 block=反向分类器 team=1
2026-03-29T22:00:10.8761824+08:00 [BUILD] action=destroyed x=255 y=252 block_id=265 block=反向分类器 team=1
2026-03-29T22:00:10.8761824+08:00 [BUILD] action=destroyed x=254 y=252 block_id=265 block=反向分类器 team=1
2026-03-29T22:00:10.8761824+08:00 [BUILD] action=destroyed x=248 y=252 block_id=265 block=反向分类器 team=1
2026-03-29T22:00:10.8761824+08:00 [BUILD] action=destroyed x=246 y=252 block_id=265 block=反向分类器 team=1
2026-03-29T22:00:21.3749043+08:00 [BUILD] action=placed x=167 y=291 block_id=263 block=phase-conveyor team=1 rot=0
2026-03-29T22:00:21.6412457+08:00 [BUILD] action=destroyed x=167 y=291 block_id=263 block=phase-conveyor team=1
2026-03-29T22:00:22.6920617+08:00 [BUILD] action=placed x=185 y=287 block_id=258 block=钛传送带 team=1 rot=2
2026-03-29T22:00:22.8582126+08:00 [BUILD] action=destroyed x=185 y=287 block_id=258 block=钛传送带 team=1
2026-03-29T22:00:23.5754924+08:00 [BUILD] action=placed x=181 y=283 block_id=257 block=传送带 team=1 rot=2
2026-03-29T22:00:23.7911111+08:00 [BUILD] action=destroyed x=181 y=283 block_id=257 block=传送带 team=1
2026-03-29T22:00:23.7911111+08:00 [BUILD] action=destroyed x=180 y=283 block_id=257 block=传送带 team=1
2026-03-29T22:00:23.7916176+08:00 [BUILD] action=destroyed x=179 y=283 block_id=257 block=传送带 team=1
2026-03-29T22:00:24.4912756+08:00 [BUILD] action=placed x=184 y=282 block_id=265 block=反向分类器 team=1 rot=0
2026-03-29T22:00:24.6911693+08:00 [BUILD] action=destroyed x=184 y=282 block_id=265 block=反向分类器 team=1
2026-03-29T22:00:24.6912611+08:00 [BUILD] action=destroyed x=185 y=282 block_id=265 block=反向分类器 team=1
2026-03-29T22:00:27.3925935+08:00 [BUILD] action=placed x=182 y=285 block_id=271 block=mass-driver team=1 rot=0
2026-03-29T22:00:27.4583792+08:00 [BUILD] action=destroyed x=182 y=285 block_id=271 block=mass-driver team=1
2026-03-29T22:00:28.892168+08:00 [BUILD] action=placed x=169 y=287 block_id=270 block=unloader team=1 rot=0
2026-03-29T22:00:29.0248134+08:00 [BUILD] action=destroyed x=169 y=287 block_id=270 block=unloader team=1
2026-03-29T22:00:29.0249335+08:00 [BUILD] action=destroyed x=168 y=287 block_id=270 block=unloader team=1
2026-03-29T22:00:30.491376+08:00 [BUILD] action=placed x=173 y=295 block_id=412 block=item-source team=1 rot=0
2026-03-29T22:00:30.5583924+08:00 [BUILD] action=destroyed x=173 y=295 block_id=412 block=item-source team=1
2026-03-29T22:00:30.5583924+08:00 [BUILD] action=destroyed x=172 y=295 block_id=412 block=item-source team=1
2026-03-29T22:00:30.5594031+08:00 [BUILD] action=destroyed x=171 y=295 block_id=412 block=item-source team=1
2026-03-29T22:00:32.2917323+08:00 [BUILD] action=placed x=179 y=286 block_id=413 block=item-void team=1 rot=0
2026-03-29T22:00:32.9433365+08:00 [BUILD] action=constructed x=179 y=286 block_id=413 block=item-void team=1 rot=0
2026-03-29T22:00:32.9746669+08:00 [BUILD] action=placed x=180 y=286 block_id=413 block=item-void team=1 rot=0
2026-03-29T22:00:33.0248976+08:00 [BUILD] action=destroyed x=182 y=286 block_id=413 block=item-void team=1
2026-03-29T22:00:33.025013+08:00 [BUILD] action=destroyed x=180 y=286 block_id=413 block=item-void team=1
2026-03-29T22:00:33.025013+08:00 [BUILD] action=destroyed x=181 y=286 block_id=413 block=item-void team=1
2026-03-29T22:00:33.9088202+08:00 [BUILD] action=placed x=201 y=286 block_id=302 block=power-node team=1 rot=0
2026-03-29T22:00:34.0578949+08:00 [BUILD] action=destroyed x=201 y=286 block_id=302 block=power-node team=1
2026-03-29T22:00:34.0578949+08:00 [BUILD] action=destroyed x=200 y=286 block_id=302 block=power-node team=1
2026-03-29T22:00:34.9599491+08:00 [BUILD] action=placed x=225 y=285 block_id=312 block=rtg-generator team=1 rot=0
2026-03-29T22:00:35.1080453+08:00 [BUILD] action=destroyed x=225 y=285 block_id=312 block=rtg-generator team=1
2026-03-29T22:00:35.1080453+08:00 [BUILD] action=destroyed x=227 y=285 block_id=312 block=rtg-generator team=1
2026-03-29T22:00:35.9248756+08:00 [BUILD] action=placed x=211 y=286 block_id=311 block=differential-generator team=1 rot=0
2026-03-29T22:00:35.9748133+08:00 [BUILD] action=destroyed x=211 y=286 block_id=311 block=differential-generator team=1
2026-03-29T14:00:40.4312819Z [NET] kind=tcp_accept packet= conn_id=1631381423 uuid= ip=122.188.49.61 name="" detail=
2026-03-29T14:00:40.5156875Z [NET] kind=connect_packet packet=*protocol.ConnectPacket conn_id=1631381423 uuid=XP+zxILwJ2oAAAAA8GBrUw== ip=122.188.49.61 name="  ll" detail=version=156 type=official mods=0
2026-03-29T14:00:40.5279995Z [NET] kind=world_handshake_sent packet= conn_id=1631381423 uuid=XP+zxILwJ2oAAAAA8GBrUw== ip=122.188.49.61 name="  ll" detail=
2026-03-29T14:00:41.8929188Z [NET] kind=connect_confirm_client_snapshot packet=*protocol.Remote_NetServer_clientSnapshot_22 conn_id=1631381423 uuid=XP+zxILwJ2oAAAAA8GBrUw== ip=122.188.49.61 name="  ll" detail=
2026-03-29T22:00:41.9022036+08:00 [RESPAWN] player="  ll" team=1 core=core-acropolis core_x=105 core_y=321 spawn_x=105 spawn_y=321
2026-03-29T22:00:41.9049265+08:00 [RESPAWN] player="  ll" team=1 unit=60 build_speed=1.50 spawn_x=105 spawn_y=321
2026-03-29T22:00:50.8759664+08:00 [CHAT] from="[#00ffffff]月[#8982edff]子[#87ceebff]芳 \uf7a9\uf7be" player_id=2 uuid=MAv3KaDNyXEAAAAAz4iNgQ== ip=10.147.17.101:58777 msg="/votekick #1 a"
2026-03-29T22:01:00.2246686+08:00 [BUILD] action=placed x=133 y=424 block_id=328 block=blast-drill team=1 rot=0
2026-03-29T22:01:00.891223+08:00 [BUILD] action=constructed x=133 y=424 block_id=328 block=blast-drill team=1 rot=0
2026-03-29T22:01:03.0423387+08:00 [BUILD] action=placed x=136 y=432 block_id=328 block=blast-drill team=1 rot=0
2026-03-29T22:01:03.7081781+08:00 [BUILD] action=constructed x=136 y=432 block_id=328 block=blast-drill team=1 rot=0
2026-03-29T22:01:03.7250429+08:00 [BUILD] action=placed x=149 y=424 block_id=328 block=blast-drill team=1 rot=0
2026-03-29T22:01:04.3920015+08:00 [BUILD] action=constructed x=149 y=424 block_id=328 block=blast-drill team=1 rot=0
2026-03-29T22:01:24.7583168+08:00 [BUILD] action=placed x=118 y=419 block_id=364 block=foreshadow team=1 rot=0
2026-03-29T22:01:25.4245925+08:00 [BUILD] action=constructed x=118 y=419 block_id=364 block=foreshadow team=1 rot=0
2026-03-29T22:01:27.2914635+08:00 [BUILD] action=placed x=123 y=405 block_id=366 block=meltdown team=1 rot=0
2026-03-29T22:01:27.9580709+08:00 [BUILD] action=constructed x=123 y=405 block_id=366 block=meltdown team=1 rot=0
2026-03-29T22:01:40.1919403+08:00 [BUILD] action=placed x=113 y=374 block_id=366 block=meltdown team=1 rot=0
2026-03-29T22:01:40.875533+08:00 [BUILD] action=constructed x=113 y=374 block_id=366 block=meltdown team=1 rot=0
2026-03-29T22:01:40.8756393+08:00 [BUILD] action=deconstructing x=118 y=419 block_id=364 block=foreshadow team=1
2026-03-29T22:01:41.5415399+08:00 [BUILD] action=destroyed x=118 y=419 block_id=364 block=foreshadow team=1
2026-03-29T22:01:41.5582722+08:00 [BUILD] action=deconstructing x=123 y=405 block_id=366 block=meltdown team=1
2026-03-29T22:01:42.2247656+08:00 [BUILD] action=destroyed x=123 y=405 block_id=366 block=meltdown team=1
2026-03-29T22:01:48.391378+08:00 [BUILD] action=deconstructing x=113 y=374 block_id=366 block=meltdown team=1
2026-03-29T22:01:49.0580531+08:00 [BUILD] action=destroyed x=113 y=374 block_id=366 block=meltdown team=1
2026-03-29T22:02:04.6751212+08:00 [BUILD] action=placed x=113 y=378 block_id=366 block=meltdown team=1 rot=0
2026-03-29T22:02:05.3414847+08:00 [BUILD] action=constructed x=113 y=378 block_id=366 block=meltdown team=1 rot=0
2026-03-29T22:02:05.3582478+08:00 [BUILD] action=placed x=117 y=378 block_id=366 block=meltdown team=1 rot=0
2026-03-29T22:02:06.0255731+08:00 [BUILD] action=constructed x=117 y=378 block_id=366 block=meltdown team=1 rot=0
2026-03-29T22:02:06.0256724+08:00 [BUILD] action=placed x=121 y=378 block_id=366 block=meltdown team=1 rot=0
2026-03-29T22:02:06.70815+08:00 [BUILD] action=constructed x=121 y=378 block_id=366 block=meltdown team=1 rot=0
2026-03-29T22:02:06.7247511+08:00 [BUILD] action=placed x=125 y=378 block_id=366 block=meltdown team=1 rot=0
2026-03-29T22:02:07.3761216+08:00 [BUILD] action=constructed x=125 y=378 block_id=366 block=meltdown team=1 rot=0
2026-03-29T22:02:07.4082527+08:00 [BUILD] action=placed x=129 y=378 block_id=366 block=meltdown team=1 rot=0
2026-03-29T22:02:08.0598811+08:00 [BUILD] action=constructed x=129 y=378 block_id=366 block=meltdown team=1 rot=0
2026-03-29T22:02:08.0913292+08:00 [BUILD] action=placed x=133 y=378 block_id=366 block=meltdown team=1 rot=0
2026-03-29T22:02:08.7431843+08:00 [BUILD] action=constructed x=133 y=378 block_id=366 block=meltdown team=1 rot=0
2026-03-29T22:02:08.7748926+08:00 [BUILD] action=placed x=137 y=378 block_id=366 block=meltdown team=1 rot=0
2026-03-29T22:02:09.4422725+08:00 [BUILD] action=constructed x=137 y=378 block_id=366 block=meltdown team=1 rot=0
2026-03-29T22:02:09.4422725+08:00 [BUILD] action=placed x=113 y=374 block_id=366 block=meltdown team=1 rot=0
2026-03-29T22:02:10.1095662+08:00 [BUILD] action=constructed x=113 y=374 block_id=366 block=meltdown team=1 rot=0
2026-03-29T22:02:10.1415275+08:00 [BUILD] action=placed x=117 y=374 block_id=366 block=meltdown team=1 rot=0
2026-03-29T22:02:10.7928072+08:00 [BUILD] action=constructed x=117 y=374 block_id=366 block=meltdown team=1 rot=0
2026-03-29T22:02:10.8248292+08:00 [BUILD] action=placed x=121 y=374 block_id=366 block=meltdown team=1 rot=0
2026-03-29T22:02:11.4912576+08:00 [BUILD] action=constructed x=121 y=374 block_id=366 block=meltdown team=1 rot=0
2026-03-29T22:02:11.5078903+08:00 [BUILD] action=placed x=125 y=374 block_id=366 block=meltdown team=1 rot=0
2026-03-29T22:02:12.1759411+08:00 [BUILD] action=constructed x=125 y=374 block_id=366 block=meltdown team=1 rot=0
2026-03-29T22:02:12.1759411+08:00 [BUILD] action=placed x=129 y=374 block_id=366 block=meltdown team=1 rot=0
2026-03-29T22:02:12.8580258+08:00 [BUILD] action=constructed x=129 y=374 block_id=366 block=meltdown team=1 rot=0
2026-03-29T22:02:12.8749511+08:00 [BUILD] action=placed x=133 y=374 block_id=366 block=meltdown team=1 rot=0
2026-03-29T22:02:13.5425972+08:00 [BUILD] action=constructed x=133 y=374 block_id=366 block=meltdown team=1 rot=0
2026-03-29T22:02:13.5427988+08:00 [BUILD] action=placed x=137 y=374 block_id=366 block=meltdown team=1 rot=0
2026-03-29T14:02:13.7603735Z [NET] kind=tcp_accept packet= conn_id=1872987296 uuid= ip=125.37.175.44 name="" detail=
2026-03-29T14:02:13.8383686Z [NET] kind=connect_packet packet=*protocol.ConnectPacket conn_id=1872987296 uuid=Dcn4QdHiF30AAAAAJEmpSA== ip=125.37.175.44 name="[#c31dff]♥met[#f67fff]aph[#e59dff]or\uf6aa" detail=version=156 type=official mods=0
2026-03-29T14:02:13.8556785Z [NET] kind=world_handshake_sent packet= conn_id=1872987296 uuid=Dcn4QdHiF30AAAAAJEmpSA== ip=125.37.175.44 name="[#c31dff]♥met[#f67fff]aph[#e59dff]or\uf6aa" detail=
2026-03-29T14:02:14.1214323Z [NET] kind=connect_confirm_client_snapshot packet=*protocol.Remote_NetServer_clientSnapshot_22 conn_id=1872987296 uuid=Dcn4QdHiF30AAAAAJEmpSA== ip=125.37.175.44 name="[#c31dff]♥met[#f67fff]aph[#e59dff]or\uf6aa" detail=
2026-03-29T22:02:14.1309757+08:00 [RESPAWN] player="[#c31dff]♥met[#f67fff]aph[#e59dff]or\uf6aa" team=1 core=core-acropolis core_x=105 core_y=321 spawn_x=105 spawn_y=321
2026-03-29T22:02:14.134876+08:00 [RESPAWN] player="[#c31dff]♥met[#f67fff]aph[#e59dff]or\uf6aa" team=1 unit=60 build_speed=1.50 spawn_x=105 spawn_y=321
2026-03-29T22:02:14.2249959+08:00 [BUILD] action=constructed x=137 y=374 block_id=366 block=meltdown team=1 rot=0
2026-03-29T22:02:14.2257243+08:00 [BUILD] action=placed x=113 y=370 block_id=366 block=meltdown team=1 rot=0
2026-03-29T22:02:14.8939376+08:00 [BUILD] action=constructed x=113 y=370 block_id=366 block=meltdown team=1 rot=0
2026-03-29T22:02:14.9247034+08:00 [BUILD] action=placed x=117 y=370 block_id=366 block=meltdown team=1 rot=0
2026-03-29T22:02:15.5912234+08:00 [BUILD] action=constructed x=117 y=370 block_id=366 block=meltdown team=1 rot=0
2026-03-29T22:02:15.6081504+08:00 [BUILD] action=placed x=121 y=370 block_id=366 block=meltdown team=1 rot=0
2026-03-29T22:02:16.2748568+08:00 [BUILD] action=constructed x=121 y=370 block_id=366 block=meltdown team=1 rot=0
2026-03-29T22:02:16.2911955+08:00 [BUILD] action=placed x=125 y=370 block_id=366 block=meltdown team=1 rot=0
2026-03-29T22:02:16.9432256+08:00 [BUILD] action=constructed x=125 y=370 block_id=366 block=meltdown team=1 rot=0
2026-03-29T22:02:16.9745533+08:00 [BUILD] action=placed x=129 y=370 block_id=366 block=meltdown team=1 rot=0
2026-03-29T14:02:17.2678871Z [NET] kind=tcp_closed packet= conn_id=1872987296 uuid=Dcn4QdHiF30AAAAAJEmpSA== ip=125.37.175.44 name="[#c31dff]♥met[#f67fff]aph[#e59dff]or\uf6aa" detail=EOF
2026-03-29T22:02:17.6415808+08:00 [BUILD] action=constructed x=129 y=370 block_id=366 block=meltdown team=1 rot=0
2026-03-29T22:02:17.6580111+08:00 [BUILD] action=placed x=133 y=370 block_id=366 block=meltdown team=1 rot=0
2026-03-29T22:02:18.3246817+08:00 [BUILD] action=constructed x=133 y=370 block_id=366 block=meltdown team=1 rot=0
2026-03-29T22:02:18.3414159+08:00 [BUILD] action=placed x=137 y=370 block_id=366 block=meltdown team=1 rot=0
2026-03-29T22:02:19.0088906+08:00 [BUILD] action=constructed x=137 y=370 block_id=366 block=meltdown team=1 rot=0
2026-03-29T14:02:28.8908067Z [NET] kind=tcp_closed packet= conn_id=1631381423 uuid=XP+zxILwJ2oAAAAA8GBrUw== ip=122.188.49.61 name="  ll" detail=read tcp 192.168.0.101:6567->122.188.49.61:22402: wsarecv: An existing connection was forcibly closed by the remote host.
