2026-03-31T04:15:19.9706981Z [NET] kind=tcp_accept packet= conn_id=599933605 uuid= ip=10.147.17.101 name="" detail=
2026-03-31T04:15:19.9832011Z [NET] kind=connect_packet packet=*protocol.ConnectPacket conn_id=87402 uuid=MAv3KaDNyXEAAAAAz4iNgQ== ip=10.147.17.101 name="" detail=version=156 type=official mods=0
2026-03-31T04:15:20.0866567Z [NET] kind=world_handshake_sent packet= conn_id=87402 uuid=MAv3KaDNyXEAAAAAz4iNgQ== ip=10.147.17.101 name="[scarlet]（未绑定）[][#F285D1]月[#8982edff]子[#87ceebff]芳 I\uf7a9\uf7be[gray]87402[]" detail=
2026-03-31T04:15:20.3082327Z [NET] kind=connect_confirm_client_snapshot packet=*protocol.Remote_NetServer_clientSnapshot_22 conn_id=87402 uuid=MAv3KaDNyXEAAAAAz4iNgQ== ip=10.147.17.101 name="[scarlet]（未绑定）[][#F285D1]月[#8982edff]子[#87ceebff]芳 I\uf7a9\uf7be[gray]87402[]" detail=
2026-03-31T12:15:20.3733749+08:00 [RESPAWN] player="[#F285D1]月[#8982edff]子[#87ceebff]芳 I\uf7a9\uf7be" team=1 no_core=1 spawn_x=185 spawn_y=71 tile=core-foundation
2026-03-31T12:15:20.380924+08:00 [RESPAWN] player="[#F285D1]月[#8982edff]子[#87ceebff]芳 I\uf7a9\uf7be" team=1 unit=36 build_speed=0.75 spawn_x=185 spawn_y=71
2026-03-31T12:15:20.422328+08:00 [BUILD] action=destroyed x=185 y=71 block_id=340 block=次代核心 team=128
2026-03-31T12:15:24.295282+08:00 [BUILD] action=destroyed x=205 y=73 block_id=287 block=脉冲导管 team=131
2026-03-31T12:15:24.9644643+08:00 [BUILD] action=destroyed x=203 y=74 block_id=230 block=废墙 team=128
2026-03-31T12:15:27.6306512+08:00 [BUILD] action=destroyed x=162 y=105 block_id=230 block=废墙 team=128
2026-03-31T12:15:27.8243999+08:00 [BUILD] action=destroyed x=180 y=104 block_id=230 block=废墙 team=128
2026-03-31T12:15:28.3144851+08:00 [BUILD] action=destroyed x=163 y=107 block_id=230 block=废墙 team=128
2026-03-31T12:15:28.4151342+08:00 [BUILD] action=destroyed x=164 y=116 block_id=286 block=导管 team=131
2026-03-31T12:15:28.416134+08:00 [BUILD] action=destroyed x=152 y=107 block_id=258 block=钛传送带 team=131
2026-03-31T12:15:28.5158569+08:00 [BUILD] action=destroyed x=162 y=109 block_id=258 block=钛传送带 team=128
2026-03-31T12:15:28.5780498+08:00 [BUILD] action=destroyed x=178 y=107 block_id=262 block=传送带桥 team=131
2026-03-31T12:15:28.7740836+08:00 [BUILD] action=destroyed x=179 y=108 block_id=326 block=气动钻头 team=128
2026-03-31T12:15:28.7962643+08:00 [BUILD] action=destroyed x=151 y=107 block_id=266 block=路由器 team=128
2026-03-31T12:15:28.971794+08:00 [BUILD] action=destroyed x=159 y=110 block_id=258 block=钛传送带 team=131
2026-03-31T12:15:29.0108365+08:00 [BUILD] action=destroyed x=146 y=108 block_id=258 block=钛传送带 team=131
2026-03-31T12:15:29.4016847+08:00 [BUILD] action=destroyed x=172 y=102 block_id=230 block=废墙 team=128
2026-03-31T12:15:29.5609186+08:00 [BUILD] action=destroyed x=153 y=110 block_id=302 block=电力节点 team=128
2026-03-31T12:15:29.6024736+08:00 [BUILD] action=destroyed x=164 y=113 block_id=286 block=导管 team=131
2026-03-31T12:15:29.6024736+08:00 [BUILD] action=destroyed x=136 y=162 block_id=258 block=钛传送带 team=128
2026-03-31T12:15:29.6024736+08:00 [BUILD] action=destroyed x=136 y=160 block_id=218 block=钛墙 team=128
2026-03-31T12:15:29.6024736+08:00 [BUILD] action=destroyed x=136 y=161 block_id=218 block=钛墙 team=128
2026-03-31T12:15:29.6039793+08:00 [BUILD] action=destroyed x=134 y=162 block_id=258 block=钛传送带 team=128
2026-03-31T12:15:29.6039793+08:00 [BUILD] action=destroyed x=135 y=162 block_id=258 block=钛传送带 team=128
2026-03-31T12:15:29.6039793+08:00 [BUILD] action=destroyed x=137 y=162 block_id=258 block=钛传送带 team=128
2026-03-31T12:15:29.6039793+08:00 [BUILD] action=destroyed x=138 y=163 block_id=269 block=反向溢流门 team=128
2026-03-31T12:15:29.6600414+08:00 [BUILD] action=destroyed x=145 y=156 block_id=218 block=钛墙 team=128
2026-03-31T12:15:30.1029949+08:00 [BUILD] action=destroyed x=128 y=156 block_id=262 block=传送带桥 team=128
2026-03-31T12:15:31.2555965+08:00 [RESPAWN] player="[#F285D1]月[#8982edff]子[#87ceebff]芳 I\uf7a9\uf7be" team=1 no_core=1 spawn_x=185 spawn_y=71 tile=air
2026-03-31T12:15:31.2812312+08:00 [RESPAWN] player="[#F285D1]月[#8982edff]子[#87ceebff]芳 I\uf7a9\uf7be" team=1 unit=35 build_speed=0.50 spawn_x=185 spawn_y=71
2026-03-31T12:15:31.3318335+08:00 [BUILD] action=destroyed x=135 y=168 block_id=380 block=数增级单位重构工厂 team=130
2026-03-31T12:15:31.3318335+08:00 [BUILD] action=destroyed x=134 y=166 block_id=218 block=钛墙 team=128
2026-03-31T12:15:31.3724748+08:00 [BUILD] action=destroyed x=133 y=169 block_id=283 block=机械泵 team=128
2026-03-31T12:15:31.3724748+08:00 [BUILD] action=destroyed x=136 y=170 block_id=258 block=钛传送带 team=131
2026-03-31T12:15:31.3724748+08:00 [BUILD] action=destroyed x=136 y=171 block_id=269 block=反向溢流门 team=130
2026-03-31T12:15:31.6622903+08:00 [BUILD] action=destroyed x=138 y=168 block_id=379 block=海军工厂 team=130
2026-03-31T12:15:31.8252711+08:00 [BUILD] action=destroyed x=130 y=156 block_id=218 block=钛墙 team=128
2026-03-31T12:15:33.1067219+08:00 [BUILD] action=destroyed x=164 y=111 block_id=186 block=塑钢压缩机 team=128
2026-03-31T12:15:34.0190604+08:00 [RESPAWN] player="[#F285D1]月[#8982edff]子[#87ceebff]芳 I\uf7a9\uf7be" team=1 no_core=1 spawn_x=185 spawn_y=71 tile=air
2026-03-31T12:15:34.0281297+08:00 [RESPAWN] player="[#F285D1]月[#8982edff]子[#87ceebff]芳 I\uf7a9\uf7be" team=1 unit=35 build_speed=0.50 spawn_x=185 spawn_y=71
2026-03-31T12:15:36.7377909+08:00 [RESPAWN] player="[#F285D1]月[#8982edff]子[#87ceebff]芳 I\uf7a9\uf7be" team=1 no_core=1 spawn_x=185 spawn_y=71 tile=air
2026-03-31T12:15:36.7943138+08:00 [RESPAWN] player="[#F285D1]月[#8982edff]子[#87ceebff]芳 I\uf7a9\uf7be" team=1 unit=35 build_speed=0.50 spawn_x=185 spawn_y=71
2026-03-31T12:15:39.7461141+08:00 [RESPAWN] player="[#F285D1]月[#8982edff]子[#87ceebff]芳 I\uf7a9\uf7be" team=1 no_core=1 spawn_x=185 spawn_y=71 tile=air
2026-03-31T12:15:39.7723484+08:00 [RESPAWN] player="[#F285D1]月[#8982edff]子[#87ceebff]芳 I\uf7a9\uf7be" team=1 unit=35 build_speed=0.50 spawn_x=185 spawn_y=71
