2026-04-02T03:17:57.0913666Z [NET] kind=tcp_accept packet= conn_id=1387910413 uuid= ip=10.147.17.101 name="" detail=
2026-04-02T03:17:57.1036006Z [NET] kind=connect_packet packet=*protocol.ConnectPacket conn_id=53404 uuid=MAv3KaDNyXEAAAAAz4iNgQ== ip=10.147.17.101 name="" detail=version=156 type=official mods=0
2026-04-02T03:17:57.2075164Z [NET] kind=world_handshake_sent packet= conn_id=53404 uuid=MAv3KaDNyXEAAAAAz4iNgQ== ip=10.147.17.101 name="[scarlet]（未绑定杂鱼~）[][#F285D1]月[#8982edff]子[#87ceebff]芳 I\uf7a9\uf7be[gray]53404[]" detail=
2026-04-02T03:17:57.6367371Z [NET] kind=connect_confirm_client_snapshot packet=*protocol.Remote_NetServer_clientSnapshot_22 conn_id=53404 uuid=MAv3KaDNyXEAAAAAz4iNgQ== ip=10.147.17.101 name="[scarlet]（未绑定杂鱼~）[][#F285D1]月[#8982edff]子[#87ceebff]芳 I\uf7a9\uf7be[gray]53404[]" detail=
2026-04-02T11:17:57.70699+08:00 [RESPAWN] player="[#F285D1]月[#8982edff]子[#87ceebff]芳 I\uf7a9\uf7be" team=1 core=core-foundation core_x=164 core_y=79 spawn_x=164 spawn_y=79
2026-04-02T11:17:57.7259034+08:00 [RESPAWN] player="[#F285D1]月[#8982edff]子[#87ceebff]芳 I\uf7a9\uf7be" team=1 unit=36 build_speed=0.75 spawn_x=164 spawn_y=79
2026-04-02T11:18:01.3175694+08:00 [BUILD] action=deconstructing x=159 y=108 block_id=363 block=气旋 team=1
2026-04-02T11:18:10.8138997+08:00 [BUILD] action=destroyed x=159 y=108 block_id=363 block=气旋 team=1
2026-04-02T11:18:13.2793379+08:00 [BUILD] action=destroyed x=187 y=243 block_id=223 block=大型钍墙 team=2
2026-04-02T11:18:13.2793379+08:00 [BUILD] action=destroyed x=189 y=243 block_id=288 block=电镀导管 team=2
2026-04-02T11:18:13.2793379+08:00 [BUILD] action=destroyed x=190 y=243 block_id=220 block=塑钢墙 team=2
2026-04-02T11:18:13.2964564+08:00 [BUILD] action=destroyed x=191 y=243 block_id=258 block=钛传送带 team=2
2026-04-02T11:18:13.3133338+08:00 [BUILD] action=destroyed x=192 y=243 block_id=258 block=钛传送带 team=2
2026-04-02T11:18:13.3143407+08:00 [BUILD] action=destroyed x=193 y=243 block_id=262 block=传送带桥 team=2
2026-04-02T11:18:13.3143407+08:00 [BUILD] action=destroyed x=184 y=244 block_id=228 block=门 team=2
2026-04-02T11:18:13.3143407+08:00 [BUILD] action=destroyed x=189 y=244 block_id=288 block=电镀导管 team=2
2026-04-02T11:18:13.3143407+08:00 [BUILD] action=destroyed x=190 y=244 block_id=220 block=塑钢墙 team=2
2026-04-02T11:18:13.3143407+08:00 [BUILD] action=destroyed x=191 y=244 block_id=258 block=钛传送带 team=2
2026-04-02T11:18:13.3143407+08:00 [BUILD] action=destroyed x=195 y=244 block_id=220 block=塑钢墙 team=2
2026-04-02T11:18:13.3143407+08:00 [BUILD] action=destroyed x=183 y=245 block_id=222 block=钍墙 team=2
2026-04-02T11:18:13.3143407+08:00 [BUILD] action=destroyed x=184 y=245 block_id=229 block=大门 team=2
2026-04-02T11:18:13.3143407+08:00 [BUILD] action=destroyed x=186 y=245 block_id=228 block=门 team=2
2026-04-02T11:18:13.3143407+08:00 [BUILD] action=destroyed x=187 y=245 block_id=222 block=钍墙 team=2
2026-04-02T11:18:13.3143407+08:00 [BUILD] action=destroyed x=188 y=245 block_id=290 block=流体容器 team=2
2026-04-02T11:18:13.3143407+08:00 [BUILD] action=destroyed x=190 y=245 block_id=220 block=塑钢墙 team=2
2026-04-02T11:18:13.3143407+08:00 [BUILD] action=destroyed x=191 y=245 block_id=262 block=传送带桥 team=2
2026-04-02T11:18:13.3143407+08:00 [BUILD] action=destroyed x=193 y=245 block_id=362 block=浪涌 team=2
2026-04-02T11:18:13.3143407+08:00 [BUILD] action=destroyed x=182 y=246 block_id=197 block=煤炭离心机 team=2
2026-04-02T11:18:13.3143407+08:00 [BUILD] action=destroyed x=186 y=246 block_id=326 block=气动钻头 team=2
2026-04-02T11:18:13.3143407+08:00 [BUILD] action=destroyed x=190 y=246 block_id=289 block=流体路由器 team=2
2026-04-02T11:18:13.3143407+08:00 [BUILD] action=destroyed x=191 y=246 block_id=288 block=电镀导管 team=2
2026-04-02T11:18:13.3143407+08:00 [BUILD] action=destroyed x=184 y=247 block_id=229 block=大门 team=2
2026-04-02T11:18:13.3143407+08:00 [BUILD] action=destroyed x=188 y=247 block_id=293 block=导管桥 team=2
2026-04-02T11:18:13.3143407+08:00 [BUILD] action=destroyed x=189 y=247 block_id=220 block=塑钢墙 team=2
2026-04-02T11:18:13.3143407+08:00 [BUILD] action=destroyed x=190 y=247 block_id=293 block=导管桥 team=2
2026-04-02T11:18:13.3143407+08:00 [BUILD] action=destroyed x=191 y=247 block_id=220 block=塑钢墙 team=2
2026-04-02T11:18:13.3143407+08:00 [BUILD] action=destroyed x=192 y=247 block_id=221 block=大型塑钢墙 team=2
2026-04-02T11:18:13.3143407+08:00 [BUILD] action=destroyed x=179 y=248 block_id=302 block=电力节点 team=2
2026-04-02T11:18:13.3143407+08:00 [BUILD] action=destroyed x=180 y=248 block_id=270 block=装卸器 team=2
2026-04-02T11:18:13.3143407+08:00 [BUILD] action=destroyed x=181 y=248 block_id=306 block=电池 team=2
2026-04-02T11:18:13.3143407+08:00 [BUILD] action=destroyed x=182 y=248 block_id=306 block=电池 team=2
2026-04-02T11:18:13.3143407+08:00 [BUILD] action=destroyed x=183 y=248 block_id=293 block=导管桥 team=2
2026-04-02T11:18:13.3153663+08:00 [BUILD] action=destroyed x=186 y=248 block_id=293 block=导管桥 team=2
2026-04-02T11:18:13.3153663+08:00 [BUILD] action=destroyed x=190 y=248 block_id=220 block=塑钢墙 team=2
2026-04-02T11:18:13.3153663+08:00 [BUILD] action=destroyed x=191 y=248 block_id=262 block=传送带桥 team=2
2026-04-02T11:18:13.3153663+08:00 [BUILD] action=destroyed x=179 y=249 block_id=260 block=装甲传送带 team=2
2026-04-02T11:18:13.3153663+08:00 [BUILD] action=destroyed x=180 y=249 block_id=183 block=硅冶炼厂 team=2
2026-04-02T11:18:13.3153663+08:00 [BUILD] action=destroyed x=182 y=249 block_id=197 block=煤炭离心机 team=2
2026-04-02T11:18:13.3153663+08:00 [BUILD] action=destroyed x=184 y=249 block_id=229 block=大门 team=2
2026-04-02T11:18:13.3153663+08:00 [BUILD] action=destroyed x=186 y=249 block_id=220 block=塑钢墙 team=2
2026-04-02T11:18:13.3153663+08:00 [BUILD] action=destroyed x=188 y=249 block_id=331 block=石油钻井 team=2
2026-04-02T11:18:13.3153663+08:00 [BUILD] action=destroyed x=190 y=249 block_id=220 block=塑钢墙 team=2
2026-04-02T11:18:13.3153663+08:00 [BUILD] action=destroyed x=194 y=249 block_id=221 block=大型塑钢墙 team=2
2026-04-02T11:18:13.3153663+08:00 [BUILD] action=destroyed x=179 y=250 block_id=220 block=塑钢墙 team=2
2026-04-02T11:18:13.3153663+08:00 [BUILD] action=destroyed x=186 y=250 block_id=220 block=塑钢墙 team=2
2026-04-02T11:18:13.3153663+08:00 [BUILD] action=destroyed x=190 y=250 block_id=293 block=导管桥 team=2
2026-04-02T11:18:13.3153663+08:00 [BUILD] action=destroyed x=192 y=250 block_id=362 block=浪涌 team=2
2026-04-02T11:18:13.3153663+08:00 [BUILD] action=destroyed x=179 y=251 block_id=220 block=塑钢墙 team=2
2026-04-02T11:18:13.3153663+08:00 [BUILD] action=destroyed x=180 y=251 block_id=221 block=大型塑钢墙 team=2
2026-04-02T11:18:13.3153663+08:00 [BUILD] action=destroyed x=182 y=251 block_id=229 block=大门 team=2
2026-04-02T11:18:13.3153663+08:00 [BUILD] action=destroyed x=184 y=251 block_id=229 block=大门 team=2
2026-04-02T11:18:13.3153663+08:00 [BUILD] action=destroyed x=186 y=251 block_id=221 block=大型塑钢墙 team=2
2026-04-02T11:18:13.3158987+08:00 [BUILD] action=destroyed x=188 y=251 block_id=293 block=导管桥 team=2
2026-04-02T11:18:13.3158987+08:00 [BUILD] action=destroyed x=189 y=251 block_id=302 block=电力节点 team=2
2026-04-02T11:18:13.3158987+08:00 [BUILD] action=destroyed x=190 y=251 block_id=259 block=塑钢传送带 team=2
2026-04-02T11:18:13.3158987+08:00 [BUILD] action=destroyed x=194 y=251 block_id=220 block=塑钢墙 team=2
2026-04-02T11:18:13.3158987+08:00 [BUILD] action=destroyed x=176 y=252 block_id=221 block=大型塑钢墙 team=2
2026-04-02T11:18:13.3158987+08:00 [BUILD] action=destroyed x=178 y=252 block_id=220 block=塑钢墙 team=2
2026-04-02T11:18:13.3158987+08:00 [BUILD] action=destroyed x=179 y=252 block_id=220 block=塑钢墙 team=2
2026-04-02T11:18:13.3158987+08:00 [BUILD] action=destroyed x=188 y=252 block_id=290 block=流体容器 team=2
2026-04-02T11:18:13.3158987+08:00 [BUILD] action=destroyed x=190 y=252 block_id=259 block=塑钢传送带 team=2
2026-04-02T11:18:13.3158987+08:00 [BUILD] action=destroyed x=191 y=252 block_id=262 block=传送带桥 team=2
2026-04-02T11:18:13.3158987+08:00 [BUILD] action=destroyed x=192 y=252 block_id=220 block=塑钢墙 team=2
2026-04-02T11:18:13.3158987+08:00 [BUILD] action=destroyed x=193 y=252 block_id=220 block=塑钢墙 team=2
2026-04-02T11:18:13.3158987+08:00 [BUILD] action=destroyed x=194 y=252 block_id=220 block=塑钢墙 team=2
2026-04-02T11:18:13.3158987+08:00 [BUILD] action=destroyed x=178 y=253 block_id=221 block=大型塑钢墙 team=2
2026-04-02T11:18:13.3158987+08:00 [BUILD] action=destroyed x=180 y=253 block_id=221 block=大型塑钢墙 team=2
2026-04-02T11:18:13.3158987+08:00 [BUILD] action=destroyed x=182 y=253 block_id=229 block=大门 team=2
2026-04-02T11:18:13.3158987+08:00 [BUILD] action=destroyed x=184 y=253 block_id=220 block=塑钢墙 team=2
2026-04-02T11:18:13.3158987+08:00 [BUILD] action=destroyed x=185 y=253 block_id=220 block=塑钢墙 team=2
2026-04-02T11:18:13.3158987+08:00 [BUILD] action=destroyed x=186 y=253 block_id=220 block=塑钢墙 team=2
2026-04-02T11:18:13.3158987+08:00 [BUILD] action=destroyed x=187 y=253 block_id=287 block=脉冲导管 team=2
2026-04-02T11:18:13.3158987+08:00 [BUILD] action=destroyed x=193 y=253 block_id=220 block=塑钢墙 team=2
2026-04-02T11:18:13.3158987+08:00 [BUILD] action=destroyed x=188 y=254 block_id=293 block=导管桥 team=2
2026-04-02T11:18:13.3158987+08:00 [BUILD] action=destroyed x=189 y=254 block_id=288 block=电镀导管 team=2
2026-04-02T11:18:13.3158987+08:00 [BUILD] action=destroyed x=191 y=254 block_id=363 block=气旋 team=2
2026-04-02T11:18:13.3158987+08:00 [BUILD] action=destroyed x=193 y=254 block_id=220 block=塑钢墙 team=2
2026-04-02T11:18:13.3158987+08:00 [BUILD] action=destroyed x=175 y=255 block_id=365 block=幽灵 team=2
2026-04-02T11:18:13.3158987+08:00 [BUILD] action=destroyed x=178 y=255 block_id=246 block=修理投影 team=2
2026-04-02T11:18:13.3158987+08:00 [BUILD] action=destroyed x=180 y=255 block_id=221 block=大型塑钢墙 team=2
2026-04-02T11:18:13.3158987+08:00 [BUILD] action=destroyed x=182 y=255 block_id=229 block=大门 team=2
2026-04-02T11:18:13.3158987+08:00 [BUILD] action=destroyed x=185 y=255 block_id=328 block=爆破钻头 team=2
2026-04-02T11:18:13.3158987+08:00 [BUILD] action=destroyed x=188 y=255 block_id=262 block=传送带桥 team=2
2026-04-02T11:18:13.3158987+08:00 [BUILD] action=destroyed x=189 y=255 block_id=288 block=电镀导管 team=2
2026-04-02T11:18:13.3158987+08:00 [BUILD] action=destroyed x=193 y=255 block_id=220 block=塑钢墙 team=2
2026-04-02T11:18:13.3158987+08:00 [BUILD] action=destroyed x=209 y=255 block_id=220 block=塑钢墙 team=2
2026-04-02T11:18:13.3158987+08:00 [BUILD] action=destroyed x=210 y=255 block_id=261 block=交叉器 team=2
2026-04-02T11:18:13.3158987+08:00 [BUILD] action=destroyed x=188 y=256 block_id=293 block=导管桥 team=2
2026-04-02T11:18:13.3158987+08:00 [BUILD] action=destroyed x=189 y=256 block_id=288 block=电镀导管 team=2
2026-04-02T11:18:13.3158987+08:00 [BUILD] action=destroyed x=190 y=256 block_id=220 block=塑钢墙 team=2
2026-04-02T11:18:13.3158987+08:00 [BUILD] action=destroyed x=191 y=256 block_id=221 block=大型塑钢墙 team=2
2026-04-02T11:18:13.3158987+08:00 [BUILD] action=destroyed x=208 y=256 block_id=221 block=大型塑钢墙 team=2
2026-04-02T11:18:13.3158987+08:00 [BUILD] action=destroyed x=210 y=256 block_id=266 block=路由器 team=2
2026-04-02T11:18:13.3158987+08:00 [BUILD] action=destroyed x=178 y=257 block_id=221 block=大型塑钢墙 team=2
2026-04-02T11:18:13.3158987+08:00 [BUILD] action=destroyed x=180 y=257 block_id=221 block=大型塑钢墙 team=2
2026-04-02T11:18:13.3158987+08:00 [BUILD] action=destroyed x=182 y=257 block_id=229 block=大门 team=2
2026-04-02T11:18:13.3158987+08:00 [BUILD] action=destroyed x=188 y=257 block_id=189 block=冷冻液混合器 team=2
2026-04-02T11:18:13.3158987+08:00 [BUILD] action=destroyed x=190 y=257 block_id=220 block=塑钢墙 team=2
2026-04-02T11:18:13.3158987+08:00 [BUILD] action=destroyed x=207 y=257 block_id=220 block=塑钢墙 team=2
2026-04-02T11:18:13.3158987+08:00 [BUILD] action=destroyed x=210 y=257 block_id=260 block=装甲传送带 team=2
2026-04-02T11:18:13.3158987+08:00 [BUILD] action=destroyed x=174 y=258 block_id=270 block=装卸器 team=2
2026-04-02T11:18:13.3158987+08:00 [BUILD] action=destroyed x=175 y=258 block_id=245 block=修理器 team=2
2026-04-02T11:18:13.3158987+08:00 [BUILD] action=destroyed x=176 y=258 block_id=245 block=修理器 team=2
2026-04-02T11:18:13.3158987+08:00 [BUILD] action=destroyed x=177 y=258 block_id=302 block=电力节点 team=2
2026-04-02T11:18:13.3158987+08:00 [BUILD] action=destroyed x=184 y=258 block_id=220 block=塑钢墙 team=2
2026-04-02T11:18:13.3158987+08:00 [BUILD] action=destroyed x=185 y=258 block_id=326 block=气动钻头 team=2
2026-04-02T11:18:13.3158987+08:00 [BUILD] action=destroyed x=187 y=258 block_id=258 block=钛传送带 team=2
2026-04-02T11:18:13.3158987+08:00 [BUILD] action=destroyed x=190 y=258 block_id=221 block=大型塑钢墙 team=2
2026-04-02T11:18:13.3158987+08:00 [BUILD] action=destroyed x=192 y=258 block_id=221 block=大型塑钢墙 team=2
2026-04-02T11:18:13.3158987+08:00 [BUILD] action=destroyed x=194 y=258 block_id=222 block=钍墙 team=2
2026-04-02T11:18:13.3158987+08:00 [BUILD] action=destroyed x=195 y=258 block_id=222 block=钍墙 team=2
2026-04-02T11:18:13.3174543+08:00 [BUILD] action=destroyed x=206 y=258 block_id=221 block=大型塑钢墙 team=2
2026-04-02T11:18:13.3174543+08:00 [BUILD] action=destroyed x=208 y=258 block_id=304 block=巨浪电力塔 team=2
2026-04-02T11:18:13.3174543+08:00 [BUILD] action=destroyed x=210 y=258 block_id=183 block=硅冶炼厂 team=2
2026-04-02T11:18:13.3174543+08:00 [BUILD] action=destroyed x=175 y=259 block_id=270 block=装卸器 team=2
2026-04-02T11:18:13.3174543+08:00 [BUILD] action=destroyed x=179 y=259 block_id=258 block=钛传送带 team=2
2026-04-02T11:18:13.3174543+08:00 [BUILD] action=destroyed x=180 y=259 block_id=258 block=钛传送带 team=2
2026-04-02T11:18:13.3174543+08:00 [BUILD] action=destroyed x=181 y=259 block_id=229 block=大门 team=2
2026-04-02T11:18:13.3174543+08:00 [BUILD] action=destroyed x=183 y=259 block_id=228 block=门 team=2
2026-04-02T11:18:13.3174543+08:00 [BUILD] action=destroyed x=184 y=259 block_id=220 block=塑钢墙 team=2
2026-04-02T11:18:13.3174543+08:00 [BUILD] action=destroyed x=187 y=259 block_id=287 block=脉冲导管 team=2
2026-04-02T11:18:13.3174543+08:00 [BUILD] action=destroyed x=188 y=259 block_id=262 block=传送带桥 team=2
2026-04-02T11:18:13.3174543+08:00 [BUILD] action=destroyed x=189 y=259 block_id=288 block=电镀导管 team=2
2026-04-02T11:18:13.3174543+08:00 [BUILD] action=destroyed x=194 y=259 block_id=221 block=大型塑钢墙 team=2
2026-04-02T11:18:13.3174543+08:00 [BUILD] action=destroyed x=196 y=259 block_id=222 block=钍墙 team=2
2026-04-02T11:18:13.3174543+08:00 [BUILD] action=destroyed x=205 y=259 block_id=220 block=塑钢墙 team=2
2026-04-02T11:18:13.3174543+08:00 [BUILD] action=destroyed x=175 y=260 block_id=270 block=装卸器 team=2
2026-04-02T11:18:13.3174543+08:00 [BUILD] action=destroyed x=177 y=260 block_id=377 block=陆军工厂 team=2
2026-04-02T11:18:13.3174543+08:00 [BUILD] action=destroyed x=179 y=260 block_id=228 block=门 team=2
2026-04-02T11:18:13.3174543+08:00 [BUILD] action=destroyed x=180 y=260 block_id=258 block=钛传送带 team=2
2026-04-02T11:18:13.3174543+08:00 [BUILD] action=destroyed x=183 y=260 block_id=228 block=门 team=2
2026-04-02T11:18:13.3174543+08:00 [BUILD] action=destroyed x=184 y=260 block_id=220 block=塑钢墙 team=2
2026-04-02T11:18:13.3174543+08:00 [BUILD] action=destroyed x=185 y=260 block_id=220 block=塑钢墙 team=2
2026-04-02T11:18:13.3174543+08:00 [BUILD] action=destroyed x=186 y=260 block_id=220 block=塑钢墙 team=2
2026-04-02T11:18:13.3174543+08:00 [BUILD] action=destroyed x=187 y=260 block_id=287 block=脉冲导管 team=2
2026-04-02T11:18:13.3174543+08:00 [BUILD] action=destroyed x=188 y=260 block_id=293 block=导管桥 team=2
2026-04-02T11:18:13.3174543+08:00 [BUILD] action=destroyed x=189 y=260 block_id=288 block=电镀导管 team=2
2026-04-02T11:18:13.3174543+08:00 [BUILD] action=destroyed x=190 y=260 block_id=302 block=电力节点 team=2
2026-04-02T11:18:13.3174543+08:00 [BUILD] action=destroyed x=196 y=260 block_id=222 block=钍墙 team=2
2026-04-02T11:18:13.3174543+08:00 [BUILD] action=destroyed x=197 y=260 block_id=222 block=钍墙 team=2
2026-04-02T11:18:13.3174543+08:00 [BUILD] action=destroyed x=207 y=260 block_id=220 block=塑钢墙 team=2
2026-04-02T11:18:13.3174543+08:00 [BUILD] action=destroyed x=208 y=260 block_id=221 block=大型塑钢墙 team=2
2026-04-02T11:18:13.3174543+08:00 [BUILD] action=destroyed x=210 y=260 block_id=220 block=塑钢墙 team=2
2026-04-02T11:18:13.3184642+08:00 [BUILD] action=destroyed x=175 y=261 block_id=262 block=传送带桥 team=2
2026-04-02T11:18:13.3184642+08:00 [BUILD] action=destroyed x=179 y=261 block_id=262 block=传送带桥 team=2
2026-04-02T11:18:13.3184642+08:00 [BUILD] action=destroyed x=180 y=261 block_id=262 block=传送带桥 team=2
2026-04-02T11:18:13.3184642+08:00 [BUILD] action=destroyed x=181 y=261 block_id=229 block=大门 team=2
2026-04-02T11:18:13.3184642+08:00 [BUILD] action=destroyed x=183 y=261 block_id=220 block=塑钢墙 team=2
2026-04-02T11:18:13.3184642+08:00 [BUILD] action=destroyed x=184 y=261 block_id=262 block=传送带桥 team=2
2026-04-02T11:18:13.3184642+08:00 [BUILD] action=destroyed x=185 y=261 block_id=221 block=大型塑钢墙 team=2
2026-04-02T11:18:13.3184642+08:00 [BUILD] action=destroyed x=187 y=261 block_id=220 block=塑钢墙 team=2
2026-04-02T11:18:13.3184642+08:00 [BUILD] action=destroyed x=188 y=261 block_id=262 block=传送带桥 team=2
2026-04-02T11:18:13.3184642+08:00 [BUILD] action=destroyed x=189 y=261 block_id=290 block=流体容器 team=2
2026-04-02T11:18:13.3184642+08:00 [BUILD] action=destroyed x=192 y=261 block_id=315 block=钍反应堆 team=2
2026-04-02T11:18:13.3184642+08:00 [BUILD] action=destroyed x=194 y=261 block_id=221 block=大型塑钢墙 team=2
2026-04-02T11:18:13.3184642+08:00 [BUILD] action=destroyed x=196 y=261 block_id=221 block=大型塑钢墙 team=2
2026-04-02T11:18:13.3184642+08:00 [BUILD] action=destroyed x=211 y=261 block_id=258 block=钛传送带 team=2
2026-04-02T11:18:13.3184642+08:00 [BUILD] action=destroyed x=175 y=262 block_id=270 block=装卸器 team=2
2026-04-02T11:18:13.3184642+08:00 [BUILD] action=destroyed x=179 y=262 block_id=245 block=修理器 team=2
2026-04-02T11:18:13.3184642+08:00 [BUILD] action=destroyed x=180 y=262 block_id=258 block=钛传送带 team=2
2026-04-02T11:18:13.3184642+08:00 [BUILD] action=destroyed x=183 y=262 block_id=220 block=塑钢墙 team=2
2026-04-02T11:18:13.3184642+08:00 [BUILD] action=destroyed x=184 y=262 block_id=220 block=塑钢墙 team=2
2026-04-02T11:18:13.3184642+08:00 [BUILD] action=destroyed x=187 y=262 block_id=293 block=导管桥 team=2
2026-04-02T11:18:13.3184642+08:00 [BUILD] action=destroyed x=188 y=262 block_id=289 block=流体路由器 team=2
2026-04-02T11:18:13.3184642+08:00 [BUILD] action=destroyed x=198 y=262 block_id=222 block=钍墙 team=2
2026-04-02T11:18:13.3184642+08:00 [BUILD] action=destroyed x=199 y=262 block_id=222 block=钍墙 team=2
2026-04-02T11:18:13.3184642+08:00 [BUILD] action=destroyed x=200 y=262 block_id=222 block=钍墙 team=2
2026-04-02T11:18:13.3184642+08:00 [BUILD] action=destroyed x=208 y=262 block_id=220 block=塑钢墙 team=2
2026-04-02T11:18:13.3184642+08:00 [BUILD] action=destroyed x=209 y=262 block_id=358 block=齐射 team=2
2026-04-02T11:18:13.3194877+08:00 [BUILD] action=destroyed x=175 y=263 block_id=270 block=装卸器 team=2
2026-04-02T11:18:13.3194877+08:00 [BUILD] action=destroyed x=177 y=263 block_id=377 block=陆军工厂 team=2
2026-04-02T11:18:13.3194877+08:00 [BUILD] action=destroyed x=179 y=263 block_id=228 block=门 team=2
2026-04-02T11:18:13.3210532+08:00 [BUILD] action=destroyed x=180 y=263 block_id=258 block=钛传送带 team=2
2026-04-02T11:18:13.3210532+08:00 [BUILD] action=destroyed x=181 y=263 block_id=229 block=大门 team=2
2026-04-02T11:18:13.3210532+08:00 [BUILD] action=destroyed x=183 y=263 block_id=220 block=塑钢墙 team=2
2026-04-02T11:18:13.3210532+08:00 [BUILD] action=destroyed x=184 y=263 block_id=221 block=大型塑钢墙 team=2
2026-04-02T11:18:13.3210532+08:00 [BUILD] action=destroyed x=186 y=263 block_id=247 block=超速投影 team=2
2026-04-02T11:18:13.3210532+08:00 [BUILD] action=destroyed x=188 y=263 block_id=287 block=脉冲导管 team=2
2026-04-02T11:18:13.3210532+08:00 [BUILD] action=destroyed x=192 y=263 block_id=262 block=传送带桥 team=2
2026-04-02T11:18:13.3210532+08:00 [BUILD] action=destroyed x=196 y=263 block_id=221 block=大型塑钢墙 team=2
2026-04-02T11:18:13.3210532+08:00 [BUILD] action=destroyed x=198 y=263 block_id=221 block=大型塑钢墙 team=2
2026-04-02T11:18:13.3210532+08:00 [BUILD] action=destroyed x=200 y=263 block_id=222 block=钍墙 team=2
2026-04-02T11:18:13.3210532+08:00 [BUILD] action=destroyed x=208 y=263 block_id=220 block=塑钢墙 team=2
2026-04-02T11:18:13.3230277+08:00 [BUILD] action=destroyed x=174 y=264 block_id=258 block=钛传送带 team=2
2026-04-02T11:18:13.3230277+08:00 [BUILD] action=destroyed x=175 y=264 block_id=302 block=电力节点 team=2
2026-04-02T11:18:13.3230277+08:00 [BUILD] action=destroyed x=179 y=264 block_id=258 block=钛传送带 team=2
2026-04-02T11:18:13.3230277+08:00 [BUILD] action=destroyed x=180 y=264 block_id=258 block=钛传送带 team=2
2026-04-02T11:18:13.3230277+08:00 [BUILD] action=destroyed x=183 y=264 block_id=220 block=塑钢墙 team=2
2026-04-02T11:18:13.3230277+08:00 [BUILD] action=destroyed x=188 y=264 block_id=293 block=导管桥 team=2
2026-04-02T11:18:13.3230277+08:00 [BUILD] action=destroyed x=190 y=264 block_id=315 block=钍反应堆 team=2
2026-04-02T11:18:13.3230277+08:00 [BUILD] action=destroyed x=192 y=264 block_id=293 block=导管桥 team=2
2026-04-02T11:18:13.3230277+08:00 [BUILD] action=destroyed x=194 y=264 block_id=315 block=钍反应堆 team=2
2026-04-02T11:18:13.3230277+08:00 [BUILD] action=destroyed x=200 y=264 block_id=220 block=塑钢墙 team=2
2026-04-02T11:18:13.3230277+08:00 [BUILD] action=destroyed x=201 y=264 block_id=220 block=塑钢墙 team=2
2026-04-02T11:18:13.3230277+08:00 [BUILD] action=destroyed x=207 y=264 block_id=222 block=钍墙 team=2
2026-04-02T11:18:13.3230277+08:00 [BUILD] action=destroyed x=208 y=264 block_id=220 block=塑钢墙 team=2
2026-04-02T11:18:13.3230277+08:00 [BUILD] action=destroyed x=209 y=264 block_id=220 block=塑钢墙 team=2
2026-04-02T11:18:13.3245467+08:00 [BUILD] action=destroyed x=210 y=264 block_id=352 block=冰雹 team=2
2026-04-02T11:18:13.3245467+08:00 [BUILD] action=destroyed x=174 y=265 block_id=260 block=装甲传送带 team=2
2026-04-02T11:18:13.3245467+08:00 [BUILD] action=destroyed x=175 y=265 block_id=220 block=塑钢墙 team=2
2026-04-02T11:18:13.3245467+08:00 [BUILD] action=destroyed x=176 y=265 block_id=221 block=大型塑钢墙 team=2
2026-04-02T11:18:13.3245467+08:00 [BUILD] action=destroyed x=178 y=265 block_id=221 block=大型塑钢墙 team=2
2026-04-02T11:18:13.3245467+08:00 [BUILD] action=destroyed x=180 y=265 block_id=221 block=大型塑钢墙 team=2
2026-04-02T11:18:13.3245467+08:00 [BUILD] action=destroyed x=182 y=265 block_id=221 block=大型塑钢墙 team=2
2026-04-02T11:18:13.3245467+08:00 [BUILD] action=destroyed x=184 y=265 block_id=221 block=大型塑钢墙 team=2
2026-04-02T11:18:13.3245467+08:00 [BUILD] action=destroyed x=186 y=265 block_id=220 block=塑钢墙 team=2
2026-04-02T11:18:13.3245467+08:00 [BUILD] action=destroyed x=187 y=265 block_id=293 block=导管桥 team=2
2026-04-02T11:18:13.3255737+08:00 [BUILD] action=destroyed x=188 y=265 block_id=220 block=塑钢墙 team=2
2026-04-02T11:18:13.3255737+08:00 [BUILD] action=destroyed x=192 y=265 block_id=262 block=传送带桥 team=2
2026-04-02T11:18:13.3255737+08:00 [BUILD] action=destroyed x=196 y=265 block_id=247 block=超速投影 team=2
2026-04-02T11:18:13.3255737+08:00 [BUILD] action=destroyed x=198 y=265 block_id=246 block=修理投影 team=2
2026-04-02T11:18:13.3255737+08:00 [BUILD] action=destroyed x=200 y=265 block_id=220 block=塑钢墙 team=2
2026-04-02T11:18:13.3255737+08:00 [BUILD] action=destroyed x=201 y=265 block_id=221 block=大型塑钢墙 team=2
2026-04-02T11:18:13.3271057+08:00 [BUILD] action=destroyed x=205 y=265 block_id=220 block=塑钢墙 team=2
2026-04-02T11:18:13.3271057+08:00 [BUILD] action=destroyed x=206 y=265 block_id=223 block=大型钍墙 team=2
2026-04-02T11:18:13.3271057+08:00 [BUILD] action=destroyed x=208 y=265 block_id=352 block=冰雹 team=2
2026-04-02T11:18:13.3271057+08:00 [BUILD] action=destroyed x=209 y=265 block_id=260 block=装甲传送带 team=2
2026-04-02T11:18:13.3271057+08:00 [BUILD] action=destroyed x=210 y=265 block_id=270 block=装卸器 team=2
2026-04-02T11:18:13.3271057+08:00 [BUILD] action=destroyed x=174 y=266 block_id=260 block=装甲传送带 team=2
2026-04-02T11:18:13.3271057+08:00 [BUILD] action=destroyed x=175 y=266 block_id=220 block=塑钢墙 team=2
2026-04-02T11:18:13.3271057+08:00 [BUILD] action=destroyed x=186 y=266 block_id=220 block=塑钢墙 team=2
2026-04-02T11:18:13.3271057+08:00 [BUILD] action=destroyed x=187 y=266 block_id=287 block=脉冲导管 team=2
2026-04-02T11:18:13.3271057+08:00 [BUILD] action=destroyed x=188 y=266 block_id=287 block=脉冲导管 team=2
2026-04-02T11:18:13.3271057+08:00 [BUILD] action=destroyed x=189 y=266 block_id=293 block=导管桥 team=2
2026-04-02T11:18:13.3281161+08:00 [BUILD] action=destroyed x=190 y=266 block_id=302 block=电力节点 team=2
2026-04-02T11:18:13.3281161+08:00 [BUILD] action=destroyed x=191 y=266 block_id=293 block=导管桥 team=2
2026-04-02T11:18:13.3281161+08:00 [BUILD] action=destroyed x=192 y=266 block_id=258 block=钛传送带 team=2
2026-04-02T11:18:13.3281161+08:00 [BUILD] action=destroyed x=193 y=266 block_id=220 block=塑钢墙 team=2
2026-04-02T11:18:13.3281161+08:00 [BUILD] action=destroyed x=194 y=266 block_id=220 block=塑钢墙 team=2
2026-04-02T11:18:13.3281161+08:00 [BUILD] action=destroyed x=195 y=266 block_id=220 block=塑钢墙 team=2
2026-04-02T11:18:13.329711+08:00 [BUILD] action=destroyed x=200 y=266 block_id=220 block=塑钢墙 team=2
2026-04-02T11:18:13.329711+08:00 [BUILD] action=destroyed x=204 y=266 block_id=221 block=大型塑钢墙 team=2
2026-04-02T11:18:13.329711+08:00 [BUILD] action=destroyed x=174 y=267 block_id=260 block=装甲传送带 team=2
2026-04-02T11:18:13.329711+08:00 [BUILD] action=destroyed x=175 y=267 block_id=358 block=齐射 team=2
2026-04-02T11:18:13.329711+08:00 [BUILD] action=destroyed x=180 y=267 block_id=220 block=塑钢墙 team=2
2026-04-02T11:18:13.329711+08:00 [BUILD] action=destroyed x=181 y=267 block_id=258 block=钛传送带 team=2
2026-04-02T11:18:13.329711+08:00 [BUILD] action=destroyed x=182 y=267 block_id=258 block=钛传送带 team=2
2026-04-02T11:18:13.329711+08:00 [BUILD] action=destroyed x=183 y=267 block_id=258 block=钛传送带 team=2
2026-04-02T11:18:13.3307337+08:00 [BUILD] action=destroyed x=184 y=267 block_id=258 block=钛传送带 team=2
2026-04-02T11:18:13.346189+08:00 [BUILD] action=destroyed x=185 y=267 block_id=258 block=钛传送带 team=2
2026-04-02T11:18:13.346189+08:00 [BUILD] action=destroyed x=186 y=267 block_id=258 block=钛传送带 team=2
2026-04-02T11:18:13.346189+08:00 [BUILD] action=destroyed x=187 y=267 block_id=258 block=钛传送带 team=2
2026-04-02T11:18:13.346189+08:00 [BUILD] action=destroyed x=188 y=267 block_id=258 block=钛传送带 team=2
2026-04-02T11:18:13.346189+08:00 [BUILD] action=destroyed x=189 y=267 block_id=258 block=钛传送带 team=2
2026-04-02T11:18:13.346189+08:00 [BUILD] action=destroyed x=190 y=267 block_id=258 block=钛传送带 team=2
2026-04-02T11:18:13.346189+08:00 [BUILD] action=destroyed x=191 y=267 block_id=258 block=钛传送带 team=2
2026-04-02T11:18:13.346189+08:00 [BUILD] action=destroyed x=192 y=267 block_id=269 block=反向溢流门 team=2
2026-04-02T11:18:13.346189+08:00 [BUILD] action=destroyed x=193 y=267 block_id=258 block=钛传送带 team=2
2026-04-02T11:18:13.346189+08:00 [BUILD] action=destroyed x=194 y=267 block_id=269 block=反向溢流门 team=2
2026-04-02T11:18:13.346189+08:00 [BUILD] action=destroyed x=195 y=267 block_id=258 block=钛传送带 team=2
2026-04-02T11:18:13.346189+08:00 [BUILD] action=destroyed x=196 y=267 block_id=258 block=钛传送带 team=2
2026-04-02T11:18:13.346189+08:00 [BUILD] action=destroyed x=197 y=267 block_id=258 block=钛传送带 team=2
2026-04-02T11:18:13.346189+08:00 [BUILD] action=destroyed x=198 y=267 block_id=258 block=钛传送带 team=2
2026-04-02T11:18:13.346189+08:00 [BUILD] action=destroyed x=199 y=267 block_id=258 block=钛传送带 team=2
2026-04-02T11:18:13.346189+08:00 [BUILD] action=destroyed x=206 y=267 block_id=223 block=大型钍墙 team=2
2026-04-02T11:18:13.346189+08:00 [BUILD] action=destroyed x=209 y=267 block_id=426 block=发射台 team=2
2026-04-02T11:18:13.346189+08:00 [BUILD] action=destroyed x=178 y=268 block_id=314 block=大型太阳能板 team=2
2026-04-02T11:18:13.346189+08:00 [BUILD] action=destroyed x=180 y=268 block_id=302 block=电力节点 team=2
2026-04-02T11:18:13.346189+08:00 [BUILD] action=destroyed x=181 y=268 block_id=258 block=钛传送带 team=2
2026-04-02T11:18:13.346189+08:00 [BUILD] action=destroyed x=189 y=268 block_id=221 block=大型塑钢墙 team=2
2026-04-02T11:18:13.346189+08:00 [BUILD] action=destroyed x=191 y=268 block_id=293 block=导管桥 team=2
2026-04-02T11:18:13.346189+08:00 [BUILD] action=destroyed x=192 y=268 block_id=287 block=脉冲导管 team=2
2026-04-02T11:18:13.346189+08:00 [BUILD] action=destroyed x=199 y=268 block_id=220 block=塑钢墙 team=2
2026-04-02T11:18:13.346189+08:00 [BUILD] action=destroyed x=201 y=268 block_id=365 block=幽灵 team=2
2026-04-02T11:18:13.346189+08:00 [BUILD] action=destroyed x=204 y=268 block_id=221 block=大型塑钢墙 team=2
2026-04-02T11:18:13.346189+08:00 [BUILD] action=destroyed x=175 y=269 block_id=258 block=钛传送带 team=2
2026-04-02T11:18:13.346189+08:00 [BUILD] action=destroyed x=176 y=269 block_id=262 block=传送带桥 team=2
2026-04-02T11:18:13.346189+08:00 [BUILD] action=destroyed x=180 y=269 block_id=262 block=传送带桥 team=2
2026-04-02T11:18:13.346189+08:00 [BUILD] action=destroyed x=181 y=269 block_id=258 block=钛传送带 team=2
2026-04-02T11:18:13.346189+08:00 [BUILD] action=destroyed x=183 y=269 block_id=314 block=大型太阳能板 team=2
2026-04-02T11:18:13.346189+08:00 [BUILD] action=destroyed x=186 y=269 block_id=314 block=大型太阳能板 team=2
2026-04-02T11:18:13.346189+08:00 [BUILD] action=destroyed x=191 y=269 block_id=220 block=塑钢墙 team=2
2026-04-02T11:18:13.346189+08:00 [BUILD] action=destroyed x=192 y=269 block_id=220 block=塑钢墙 team=2
2026-04-02T11:18:13.346189+08:00 [BUILD] action=destroyed x=194 y=269 block_id=315 block=钍反应堆 team=2
2026-04-02T11:18:13.346189+08:00 [BUILD] action=destroyed x=197 y=269 block_id=249 block=力墙投影 team=2
2026-04-02T11:18:13.346189+08:00 [BUILD] action=destroyed x=199 y=269 block_id=302 block=电力节点 team=2
2026-04-02T11:18:13.346189+08:00 [BUILD] action=destroyed x=206 y=269 block_id=223 block=大型钍墙 team=2
2026-04-02T11:18:13.346189+08:00 [BUILD] action=destroyed x=177 y=270 block_id=221 block=大型塑钢墙 team=2
2026-04-02T11:18:13.346189+08:00 [BUILD] action=destroyed x=179 y=270 block_id=220 block=塑钢墙 team=2
2026-04-02T11:18:13.3471845+08:00 [BUILD] action=destroyed x=180 y=270 block_id=269 block=反向溢流门 team=2
2026-04-02T11:18:13.3471845+08:00 [BUILD] action=destroyed x=181 y=270 block_id=258 block=钛传送带 team=2
2026-04-02T11:18:13.3471845+08:00 [BUILD] action=destroyed x=190 y=270 block_id=220 block=塑钢墙 team=2
2026-04-02T11:18:13.3471845+08:00 [BUILD] action=destroyed x=191 y=270 block_id=221 block=大型塑钢墙 team=2
2026-04-02T11:18:13.3641659+08:00 [BUILD] action=destroyed x=204 y=270 block_id=221 block=大型塑钢墙 team=2
2026-04-02T11:18:13.3799485+08:00 [BUILD] action=destroyed x=208 y=270 block_id=288 block=电镀导管 team=2
2026-04-02T11:18:13.3799485+08:00 [BUILD] action=destroyed x=179 y=271 block_id=220 block=塑钢墙 team=2
2026-04-02T11:18:13.3799485+08:00 [BUILD] action=destroyed x=180 y=271 block_id=262 block=传送带桥 team=2
2026-04-02T11:18:13.3799485+08:00 [BUILD] action=destroyed x=181 y=271 block_id=220 block=塑钢墙 team=2
2026-04-02T11:18:13.3799485+08:00 [BUILD] action=destroyed x=182 y=271 block_id=220 block=塑钢墙 team=2
2026-04-02T11:18:13.3799485+08:00 [BUILD] action=destroyed x=183 y=271 block_id=220 block=塑钢墙 team=2
2026-04-02T11:18:13.3799485+08:00 [BUILD] action=destroyed x=184 y=271 block_id=220 block=塑钢墙 team=2
2026-04-02T11:18:13.3799485+08:00 [BUILD] action=destroyed x=185 y=271 block_id=220 block=塑钢墙 team=2
2026-04-02T11:18:13.3799485+08:00 [BUILD] action=destroyed x=186 y=271 block_id=220 block=塑钢墙 team=2
2026-04-02T11:18:13.3799485+08:00 [BUILD] action=destroyed x=187 y=271 block_id=220 block=塑钢墙 team=2
2026-04-02T11:18:13.3799485+08:00 [BUILD] action=destroyed x=190 y=271 block_id=220 block=塑钢墙 team=2
2026-04-02T11:18:13.3799485+08:00 [BUILD] action=destroyed x=193 y=271 block_id=220 block=塑钢墙 team=2
2026-04-02T11:18:13.3799485+08:00 [BUILD] action=destroyed x=194 y=271 block_id=220 block=塑钢墙 team=2
2026-04-02T11:18:13.3799485+08:00 [BUILD] action=destroyed x=195 y=271 block_id=220 block=塑钢墙 team=2
2026-04-02T11:18:13.3799485+08:00 [BUILD] action=destroyed x=196 y=271 block_id=220 block=塑钢墙 team=2
2026-04-02T11:18:13.3799485+08:00 [BUILD] action=destroyed x=197 y=271 block_id=220 block=塑钢墙 team=2
2026-04-02T11:18:13.3799485+08:00 [BUILD] action=destroyed x=200 y=271 block_id=220 block=塑钢墙 team=2
2026-04-02T11:18:13.3799485+08:00 [BUILD] action=destroyed x=201 y=271 block_id=220 block=塑钢墙 team=2
2026-04-02T11:18:13.3799485+08:00 [BUILD] action=destroyed x=202 y=271 block_id=246 block=修理投影 team=2
2026-04-02T11:18:13.3799485+08:00 [BUILD] action=destroyed x=206 y=271 block_id=223 block=大型钍墙 team=2
2026-04-02T11:18:13.3799485+08:00 [BUILD] action=destroyed x=208 y=271 block_id=288 block=电镀导管 team=2
2026-04-02T11:18:13.3799485+08:00 [BUILD] action=destroyed x=181 y=272 block_id=302 block=电力节点 team=2
2026-04-02T11:18:13.3814804+08:00 [BUILD] action=destroyed x=182 y=272 block_id=219 block=大型钛墙 team=2
2026-04-02T11:18:13.3814804+08:00 [BUILD] action=destroyed x=184 y=272 block_id=218 block=钛墙 team=2
2026-04-02T11:18:13.3814804+08:00 [BUILD] action=destroyed x=194 y=272 block_id=230 block=废墙 team=0
2026-04-02T11:18:13.3814804+08:00 [BUILD] action=destroyed x=204 y=272 block_id=221 block=大型塑钢墙 team=2
2026-04-02T11:18:13.4014971+08:00 [BUILD] action=destroyed x=178 y=273 block_id=218 block=钛墙 team=2
2026-04-02T11:18:13.4331919+08:00 [BUILD] action=destroyed x=192 y=273 block_id=230 block=废墙 team=0
2026-04-02T11:18:13.449492+08:00 [BUILD] action=destroyed x=194 y=273 block_id=230 block=废墙 team=0
2026-04-02T11:18:13.449492+08:00 [BUILD] action=destroyed x=195 y=273 block_id=230 block=废墙 team=0
2026-04-02T11:18:13.449492+08:00 [BUILD] action=destroyed x=203 y=273 block_id=220 block=塑钢墙 team=2
2026-04-02T11:18:13.449492+08:00 [BUILD] action=destroyed x=206 y=273 block_id=223 block=大型钍墙 team=2
2026-04-02T11:18:13.449492+08:00 [BUILD] action=destroyed x=179 y=274 block_id=266 block=路由器 team=2
2026-04-02T11:18:13.449492+08:00 [BUILD] action=destroyed x=180 y=274 block_id=262 block=传送带桥 team=2
2026-04-02T11:18:13.449492+08:00 [BUILD] action=destroyed x=181 y=274 block_id=266 block=路由器 team=2
2026-04-02T11:18:13.449492+08:00 [BUILD] action=destroyed x=182 y=274 block_id=258 block=钛传送带 team=2
2026-04-02T11:18:13.449492+08:00 [BUILD] action=destroyed x=183 y=274 block_id=258 block=钛传送带 team=2
2026-04-02T11:18:13.449492+08:00 [BUILD] action=destroyed x=184 y=274 block_id=258 block=钛传送带 team=2
2026-04-02T11:18:13.449492+08:00 [BUILD] action=destroyed x=185 y=274 block_id=358 block=齐射 team=2
2026-04-02T11:18:13.449492+08:00 [BUILD] action=destroyed x=190 y=274 block_id=230 block=废墙 team=0
2026-04-02T11:18:13.449492+08:00 [BUILD] action=destroyed x=192 y=274 block_id=230 block=废墙 team=0
2026-04-02T11:18:13.449492+08:00 [BUILD] action=destroyed x=200 y=274 block_id=221 block=大型塑钢墙 team=2
2026-04-02T11:18:13.449492+08:00 [BUILD] action=destroyed x=202 y=274 block_id=221 block=大型塑钢墙 team=2
2026-04-02T11:18:13.449492+08:00 [BUILD] action=destroyed x=204 y=274 block_id=221 block=大型塑钢墙 team=2
2026-04-02T11:18:13.449492+08:00 [BUILD] action=destroyed x=180 y=275 block_id=266 block=路由器 team=2
2026-04-02T11:18:13.449492+08:00 [BUILD] action=destroyed x=181 y=275 block_id=258 block=钛传送带 team=2
2026-04-02T11:18:13.4504954+08:00 [BUILD] action=destroyed x=182 y=275 block_id=329 block=抽水机 team=2
2026-04-02T11:18:13.4504954+08:00 [BUILD] action=destroyed x=184 y=275 block_id=287 block=脉冲导管 team=2
2026-04-02T11:18:13.4504954+08:00 [BUILD] action=destroyed x=190 y=275 block_id=349 block=双管 team=0
2026-04-02T11:18:13.4504954+08:00 [BUILD] action=destroyed x=191 y=275 block_id=325 block=机械钻头 team=0
2026-04-02T11:18:13.4504954+08:00 [BUILD] action=destroyed x=198 y=275 block_id=230 block=废墙 team=0
2026-04-02T11:18:13.4504954+08:00 [BUILD] action=destroyed x=181 y=276 block_id=302 block=电力节点 team=2
2026-04-02T11:18:13.4504954+08:00 [BUILD] action=destroyed x=188 y=276 block_id=218 block=钛墙 team=2
2026-04-02T11:18:13.4504954+08:00 [BUILD] action=destroyed x=200 y=276 block_id=221 block=大型塑钢墙 team=2
2026-04-02T11:18:13.4504954+08:00 [BUILD] action=destroyed x=202 y=276 block_id=220 block=塑钢墙 team=2
2026-04-02T11:18:13.4504954+08:00 [BUILD] action=destroyed x=203 y=276 block_id=220 block=塑钢墙 team=2
2026-04-02T11:18:13.4504954+08:00 [BUILD] action=destroyed x=183 y=277 block_id=287 block=脉冲导管 team=2
2026-04-02T11:18:13.4504954+08:00 [BUILD] action=destroyed x=188 y=277 block_id=218 block=钛墙 team=2
2026-04-02T11:18:13.4504954+08:00 [BUILD] action=destroyed x=195 y=277 block_id=257 block=传送带 team=0
2026-04-02T11:18:13.4504954+08:00 [BUILD] action=destroyed x=196 y=277 block_id=349 block=双管 team=0
2026-04-02T11:18:13.4504954+08:00 [BUILD] action=destroyed x=199 y=277 block_id=230 block=废墙 team=0
2026-04-02T11:18:13.4504954+08:00 [BUILD] action=destroyed x=186 y=278 block_id=358 block=齐射 team=2
2026-04-02T11:18:13.4504954+08:00 [BUILD] action=destroyed x=190 y=279 block_id=230 block=废墙 team=0
2026-04-02T11:18:13.4504954+08:00 [BUILD] action=destroyed x=193 y=279 block_id=325 block=机械钻头 team=0
2026-04-02T11:18:17.136197+08:00 [BUILD] action=constructed x=164 y=111 block_id=186 block=塑钢压缩机 team=1 rot=0
2026-04-02T11:18:17.9748521+08:00 [BUILD] action=deconstructing x=164 y=111 block_id=186 block=塑钢压缩机 team=1
2026-04-02T11:18:20.1294818+08:00 [BUILD] action=deconstructing x=166 y=111 block_id=258 block=钛传送带 team=1
2026-04-02T11:18:20.1659671+08:00 [BUILD] action=destroyed x=166 y=111 block_id=258 block=钛传送带 team=1
2026-04-02T11:18:21.2539153+08:00 [BUILD] action=deconstructing x=164 y=111 block_id=186 block=塑钢压缩机 team=1
2026-04-02T11:18:28.4639751+08:00 [BUILD] action=destroyed x=166 y=266 block_id=266 block=路由器 team=2
2026-04-02T11:18:28.9096715+08:00 [BUILD] action=destroyed x=164 y=111 block_id=186 block=塑钢压缩机 team=1
2026-04-02T11:18:28.9096715+08:00 [BUILD] action=destroyed x=167 y=267 block_id=269 block=反向溢流门 team=2
2026-04-02T11:18:29.3075593+08:00 [BUILD] action=destroyed x=164 y=267 block_id=269 block=反向溢流门 team=2
2026-04-02T11:18:30.469628+08:00 [BUILD] action=constructed x=162 y=115 block_id=327 block=激光钻头 team=1 rot=0
2026-04-02T11:18:31.2258809+08:00 [BUILD] action=deconstructing x=162 y=115 block_id=327 block=激光钻头 team=1
2026-04-02T11:18:33.767568+08:00 [BUILD] action=destroyed x=162 y=115 block_id=327 block=激光钻头 team=1
2026-04-02T11:18:35.9692249+08:00 [BUILD] action=constructed x=173 y=110 block_id=350 block=分裂 team=1 rot=1
2026-04-02T11:18:36.4185168+08:00 [BUILD] action=deconstructing x=173 y=110 block_id=350 block=分裂 team=1
2026-04-02T11:18:38.5084672+08:00 [BUILD] action=destroyed x=173 y=110 block_id=350 block=分裂 team=1
2026-04-02T11:18:57.580469+08:00 [BUILD] action=placed x=167 y=88 block_id=303 block=大型电力节点 team=1 rot=0
2026-04-02T11:18:57.9593953+08:00 [BUILD] action=constructed x=167 y=88 block_id=303 block=大型电力节点 team=1 rot=0
2026-04-02T11:18:58.6160247+08:00 [BUILD] action=placed x=173 y=91 block_id=303 block=大型电力节点 team=1 rot=0
2026-04-02T11:18:58.9932053+08:00 [BUILD] action=constructed x=173 y=91 block_id=303 block=大型电力节点 team=1 rot=0
2026-04-02T11:18:59.588545+08:00 [BUILD] action=placed x=172 y=85 block_id=303 block=大型电力节点 team=1 rot=0
2026-04-02T11:18:59.9553384+08:00 [BUILD] action=constructed x=172 y=85 block_id=303 block=大型电力节点 team=1 rot=0
2026-04-02T11:19:00.6606447+08:00 [BUILD] action=placed x=178 y=88 block_id=303 block=大型电力节点 team=1 rot=0
2026-04-02T11:19:01.0600771+08:00 [BUILD] action=constructed x=178 y=88 block_id=303 block=大型电力节点 team=1 rot=0
2026-04-02T11:19:01.6226391+08:00 [BUILD] action=placed x=178 y=81 block_id=303 block=大型电力节点 team=1 rot=0
2026-04-02T11:19:02.000547+08:00 [BUILD] action=constructed x=178 y=81 block_id=303 block=大型电力节点 team=1 rot=0
2026-04-02T11:19:02.6516921+08:00 [BUILD] action=placed x=181 y=85 block_id=303 block=大型电力节点 team=1 rot=0
2026-04-02T11:19:03.0541182+08:00 [BUILD] action=constructed x=181 y=85 block_id=303 block=大型电力节点 team=1 rot=0
2026-04-02T11:19:03.6460626+08:00 [BUILD] action=placed x=183 y=91 block_id=303 block=大型电力节点 team=1 rot=0
2026-04-02T11:19:04.0059702+08:00 [BUILD] action=constructed x=183 y=91 block_id=303 block=大型电力节点 team=1 rot=0
2026-04-02T11:19:04.5006324+08:00 [BUILD] action=placed x=176 y=94 block_id=303 block=大型电力节点 team=1 rot=0
2026-04-02T11:19:04.9221499+08:00 [BUILD] action=constructed x=176 y=94 block_id=303 block=大型电力节点 team=1 rot=0
2026-04-02T11:19:08.0218734+08:00 [BUILD] action=deconstructing x=183 y=91 block_id=303 block=大型电力节点 team=1
2026-04-02T11:19:08.4911889+08:00 [BUILD] action=destroyed x=183 y=91 block_id=303 block=大型电力节点 team=1
2026-04-02T11:19:08.4926939+08:00 [BUILD] action=deconstructing x=181 y=85 block_id=303 block=大型电力节点 team=1
2026-04-02T11:19:09.1602997+08:00 [BUILD] action=destroyed x=181 y=85 block_id=303 block=大型电力节点 team=1
2026-04-02T11:19:09.1602997+08:00 [BUILD] action=deconstructing x=178 y=88 block_id=303 block=大型电力节点 team=1
2026-04-02T11:19:09.9103927+08:00 [BUILD] action=destroyed x=178 y=88 block_id=303 block=大型电力节点 team=1
2026-04-02T11:19:09.9103927+08:00 [BUILD] action=deconstructing x=178 y=81 block_id=303 block=大型电力节点 team=1
2026-04-02T11:19:10.3683161+08:00 [BUILD] action=destroyed x=178 y=81 block_id=303 block=大型电力节点 team=1
2026-04-02T11:19:10.3683161+08:00 [BUILD] action=deconstructing x=176 y=94 block_id=303 block=大型电力节点 team=1
2026-04-02T11:19:10.8149351+08:00 [BUILD] action=destroyed x=176 y=94 block_id=303 block=大型电力节点 team=1
2026-04-02T11:19:10.8486885+08:00 [BUILD] action=deconstructing x=173 y=91 block_id=303 block=大型电力节点 team=1
2026-04-02T11:19:11.2243569+08:00 [BUILD] action=destroyed x=173 y=91 block_id=303 block=大型电力节点 team=1
2026-04-02T11:19:11.247381+08:00 [BUILD] action=deconstructing x=172 y=85 block_id=303 block=大型电力节点 team=1
2026-04-02T11:19:11.6473831+08:00 [BUILD] action=destroyed x=172 y=85 block_id=303 block=大型电力节点 team=1
2026-04-02T11:19:11.6793954+08:00 [BUILD] action=deconstructing x=167 y=88 block_id=303 block=大型电力节点 team=1
2026-04-02T11:19:12.0224496+08:00 [BUILD] action=destroyed x=167 y=88 block_id=303 block=大型电力节点 team=1
2026-04-02T11:19:13.9699322+08:00 [BUILD] action=placed x=173 y=91 block_id=303 block=大型电力节点 team=1 rot=0
2026-04-02T11:19:14.367135+08:00 [BUILD] action=constructed x=173 y=91 block_id=303 block=大型电力节点 team=1 rot=0
2026-04-02T11:19:15.0197798+08:00 [BUILD] action=deconstructing x=173 y=91 block_id=303 block=大型电力节点 team=1
2026-04-02T11:19:15.4178733+08:00 [BUILD] action=destroyed x=173 y=91 block_id=303 block=大型电力节点 team=1
2026-04-02T11:19:18.4046695+08:00 [BUILD] action=placed x=169 y=89 block_id=303 block=大型电力节点 team=1 rot=0
2026-04-02T11:19:18.7873153+08:00 [BUILD] action=constructed x=169 y=89 block_id=303 block=大型电力节点 team=1 rot=0
2026-04-02T11:19:18.9582434+08:00 [BUILD] action=destroyed x=168 y=266 block_id=269 block=反向溢流门 team=2
2026-04-02T11:19:19.7003199+08:00 [BUILD] action=destroyed x=165 y=266 block_id=260 block=装甲传送带 team=2
2026-04-02T11:19:21.2233995+08:00 [BUILD] action=deconstructing x=169 y=89 block_id=303 block=大型电力节点 team=1
2026-04-02T11:19:21.6853835+08:00 [BUILD] action=destroyed x=169 y=89 block_id=303 block=大型电力节点 team=1
2026-04-02T11:19:23.065187+08:00 [BUILD] action=placed x=166 y=89 block_id=303 block=大型电力节点 team=1 rot=0
2026-04-02T11:19:23.4938832+08:00 [BUILD] action=constructed x=166 y=89 block_id=303 block=大型电力节点 team=1 rot=0
2026-04-02T11:19:24.2949125+08:00 [BUILD] action=destroyed x=166 y=264 block_id=378 block=空军工厂 team=2
2026-04-02T11:19:24.7156747+08:00 [BUILD] action=deconstructing x=166 y=89 block_id=303 block=大型电力节点 team=1
2026-04-02T11:19:25.1458103+08:00 [BUILD] action=destroyed x=166 y=89 block_id=303 block=大型电力节点 team=1
