2026-03-29T11:43:29.8957295Z [NET] kind=tcp_accept packet= conn_id=2067503066 uuid= ip=10.147.17.101 name="" detail=
2026-03-29T11:43:29.9102757Z [NET] kind=connect_packet packet=*protocol.ConnectPacket conn_id=2067503066 uuid=bRea8YRoGToAAAAAPO9P1Q== ip=10.147.17.101 name="[#00ffffff]月[#8982edff]子[#87ceebff]芳 \uf7a9\uf7be" detail=version=156 type=official mods=0
2026-03-29T11:43:29.9412653Z [NET] kind=world_handshake_sent packet= conn_id=2067503066 uuid=bRea8YRoGToAAAAAPO9P1Q== ip=10.147.17.101 name="[#00ffffff]月[#8982edff]子[#87ceebff]芳 \uf7a9\uf7be" detail=
2026-03-29T11:43:30.3435766Z [NET] kind=connect_confirm_client_snapshot packet=*protocol.Remote_NetServer_clientSnapshot_22 conn_id=2067503066 uuid=bRea8YRoGToAAAAAPO9P1Q== ip=10.147.17.101 name="[#00ffffff]月[#8982edff]子[#87ceebff]芳 \uf7a9\uf7be" detail=
2026-03-29T19:43:30.3542236+08:00 [RESPAWN] player="[#00ffffff]月[#8982edff]子[#87ceebff]芳 \uf7a9\uf7be" team=1 core=core-acropolis core_x=105 core_y=321 spawn_x=105 spawn_y=321
2026-03-29T19:43:30.3584966+08:00 [RESPAWN] player="[#00ffffff]月[#8982edff]子[#87ceebff]芳 \uf7a9\uf7be" team=1 unit=60 build_speed=1.50 spawn_x=105 spawn_y=321
2026-03-29T19:43:32.2721693+08:00 [BUILD] action=placed x=120 y=315 block_id=257 block=传送带 team=1 rot=3
2026-03-29T19:43:32.9385924+08:00 [BUILD] action=constructed x=120 y=315 block_id=257 block=传送带 team=1 rot=3
2026-03-29T19:43:32.9553203+08:00 [BUILD] action=placed x=120 y=314 block_id=257 block=传送带 team=1 rot=3
2026-03-29T19:43:33.6222418+08:00 [BUILD] action=constructed x=120 y=314 block_id=257 block=传送带 team=1 rot=3
2026-03-29T19:43:33.642543+08:00 [BUILD] action=placed x=120 y=313 block_id=257 block=传送带 team=1 rot=3
2026-03-29T19:43:34.2933269+08:00 [BUILD] action=constructed x=120 y=313 block_id=257 block=传送带 team=1 rot=3
2026-03-29T19:43:34.3274933+08:00 [BUILD] action=placed x=120 y=312 block_id=257 block=传送带 team=1 rot=3
2026-03-29T19:43:34.9888332+08:00 [BUILD] action=constructed x=120 y=312 block_id=257 block=传送带 team=1 rot=3
2026-03-29T19:43:35.0053669+08:00 [BUILD] action=placed x=120 y=311 block_id=257 block=传送带 team=1 rot=3
2026-03-29T19:43:35.6719385+08:00 [BUILD] action=constructed x=120 y=311 block_id=257 block=传送带 team=1 rot=3
2026-03-29T19:43:35.6947207+08:00 [BUILD] action=placed x=120 y=310 block_id=257 block=传送带 team=1 rot=3
2026-03-29T19:43:36.35556+08:00 [BUILD] action=constructed x=120 y=310 block_id=257 block=传送带 team=1 rot=3
2026-03-29T19:43:36.3721102+08:00 [BUILD] action=placed x=120 y=309 block_id=257 block=传送带 team=1 rot=3
2026-03-29T19:43:37.0258461+08:00 [BUILD] action=constructed x=120 y=309 block_id=257 block=传送带 team=1 rot=3
2026-03-29T19:43:37.0447793+08:00 [BUILD] action=placed x=120 y=308 block_id=257 block=传送带 team=1 rot=3
2026-03-29T11:43:37.4276989Z [NET] kind=tcp_accept packet= conn_id=1535193578 uuid= ip=10.147.17.101 name="" detail=
2026-03-29T11:43:37.4374982Z [NET] kind=connect_packet packet=*protocol.ConnectPacket conn_id=1535193578 uuid=MAv3KaDNyXEAAAAAz4iNgQ== ip=10.147.17.101 name="[#00ffffff]月[#8982edff]子[#87ceebff]芳 \uf7a9\uf7be" detail=version=156 type=official mods=0
2026-03-29T11:43:37.4512646Z [NET] kind=world_handshake_sent packet= conn_id=1535193578 uuid=MAv3KaDNyXEAAAAAz4iNgQ== ip=10.147.17.101 name="[#00ffffff]月[#8982edff]子[#87ceebff]芳 \uf7a9\uf7be" detail=
2026-03-29T19:43:37.7098113+08:00 [BUILD] action=constructed x=120 y=308 block_id=257 block=传送带 team=1 rot=3
2026-03-29T19:43:37.7389164+08:00 [BUILD] action=placed x=120 y=307 block_id=257 block=传送带 team=1 rot=3
2026-03-29T11:43:37.8510973Z [NET] kind=connect_confirm_client_snapshot packet=*protocol.Remote_NetServer_clientSnapshot_22 conn_id=1535193578 uuid=MAv3KaDNyXEAAAAAz4iNgQ== ip=10.147.17.101 name="[#00ffffff]月[#8982edff]子[#87ceebff]芳 \uf7a9\uf7be" detail=
2026-03-29T19:43:37.8599645+08:00 [RESPAWN] player="[#00ffffff]月[#8982edff]子[#87ceebff]芳 \uf7a9\uf7be" team=1 core=core-acropolis core_x=105 core_y=321 spawn_x=105 spawn_y=321
2026-03-29T19:43:37.8645123+08:00 [RESPAWN] player="[#00ffffff]月[#8982edff]子[#87ceebff]芳 \uf7a9\uf7be" team=1 unit=60 build_speed=1.50 spawn_x=105 spawn_y=321
2026-03-29T19:43:38.3935638+08:00 [BUILD] action=constructed x=120 y=307 block_id=257 block=传送带 team=1 rot=3
2026-03-29T19:43:38.4219744+08:00 [BUILD] action=placed x=120 y=306 block_id=257 block=传送带 team=1 rot=3
2026-03-29T19:43:39.0885946+08:00 [BUILD] action=constructed x=120 y=306 block_id=257 block=传送带 team=1 rot=3
2026-03-29T19:43:39.1055961+08:00 [BUILD] action=placed x=120 y=305 block_id=257 block=传送带 team=1 rot=3
2026-03-29T19:43:39.7717757+08:00 [BUILD] action=constructed x=120 y=305 block_id=257 block=传送带 team=1 rot=3
2026-03-29T19:43:39.7942342+08:00 [BUILD] action=placed x=120 y=304 block_id=257 block=传送带 team=1 rot=3
2026-03-29T19:43:40.4599368+08:00 [BUILD] action=constructed x=120 y=304 block_id=257 block=传送带 team=1 rot=3
2026-03-29T19:43:40.4604428+08:00 [BUILD] action=placed x=120 y=303 block_id=257 block=传送带 team=1 rot=3
2026-03-29T19:43:41.1435838+08:00 [BUILD] action=constructed x=120 y=303 block_id=257 block=传送带 team=1 rot=3
2026-03-29T19:43:41.1441141+08:00 [BUILD] action=placed x=120 y=302 block_id=257 block=传送带 team=1 rot=3
2026-03-29T19:43:41.8222543+08:00 [BUILD] action=constructed x=120 y=302 block_id=257 block=传送带 team=1 rot=3
2026-03-29T19:43:41.8447716+08:00 [BUILD] action=placed x=120 y=301 block_id=257 block=传送带 team=1 rot=3
2026-03-29T19:43:42.5055262+08:00 [BUILD] action=constructed x=120 y=301 block_id=257 block=传送带 team=1 rot=3
2026-03-29T19:43:42.5218756+08:00 [BUILD] action=placed x=120 y=300 block_id=257 block=传送带 team=1 rot=3
2026-03-29T19:43:43.1767042+08:00 [BUILD] action=constructed x=120 y=300 block_id=257 block=传送带 team=1 rot=3
2026-03-29T19:43:43.2055226+08:00 [BUILD] action=placed x=120 y=299 block_id=257 block=传送带 team=1 rot=3
2026-03-29T19:43:43.8720055+08:00 [BUILD] action=constructed x=120 y=299 block_id=257 block=传送带 team=1 rot=3
2026-03-29T19:43:43.8887512+08:00 [BUILD] action=placed x=120 y=298 block_id=257 block=传送带 team=1 rot=3
2026-03-29T19:43:44.5424772+08:00 [BUILD] action=constructed x=120 y=298 block_id=257 block=传送带 team=1 rot=3
2026-03-29T19:43:44.5769932+08:00 [BUILD] action=placed x=120 y=297 block_id=257 block=传送带 team=1 rot=3
2026-03-29T19:43:45.1055057+08:00 [BUILD] action=placed x=113 y=294 block_id=264 block=分类器 team=1 rot=0
2026-03-29T19:43:45.2436311+08:00 [BUILD] action=constructed x=120 y=297 block_id=257 block=传送带 team=1 rot=3
2026-03-29T19:43:45.2436311+08:00 [BUILD] action=placed x=120 y=296 block_id=257 block=传送带 team=1 rot=3
2026-03-29T19:43:45.7719196+08:00 [BUILD] action=constructed x=113 y=294 block_id=264 block=分类器 team=1 rot=0
2026-03-29T19:43:45.9221498+08:00 [BUILD] action=constructed x=120 y=296 block_id=257 block=传送带 team=1 rot=3
2026-03-29T19:43:45.9392257+08:00 [BUILD] action=placed x=120 y=295 block_id=257 block=传送带 team=1 rot=3
2026-03-29T19:43:46.6054746+08:00 [BUILD] action=constructed x=120 y=295 block_id=257 block=传送带 team=1 rot=3
2026-03-29T19:43:46.6221884+08:00 [BUILD] action=placed x=116 y=317 block_id=257 block=传送带 team=1 rot=3
2026-03-29T19:43:47.2886308+08:00 [BUILD] action=constructed x=116 y=317 block_id=257 block=传送带 team=1 rot=3
2026-03-29T19:43:47.3098948+08:00 [BUILD] action=placed x=116 y=316 block_id=257 block=传送带 team=1 rot=3
2026-03-29T19:43:47.9719003+08:00 [BUILD] action=constructed x=116 y=316 block_id=257 block=传送带 team=1 rot=3
2026-03-29T19:43:47.9889289+08:00 [BUILD] action=placed x=116 y=315 block_id=257 block=传送带 team=1 rot=3
2026-03-29T19:43:48.4554158+08:00 [BUILD] action=placed x=117 y=310 block_id=264 block=分类器 team=1 rot=0
2026-03-29T19:43:48.6552699+08:00 [BUILD] action=constructed x=116 y=315 block_id=257 block=传送带 team=1 rot=3
2026-03-29T19:43:48.6721301+08:00 [BUILD] action=placed x=116 y=314 block_id=257 block=传送带 team=1 rot=3
2026-03-29T19:43:49.1055754+08:00 [BUILD] action=destroyed x=117 y=310 block_id=264 block=分类器 team=1
2026-03-29T19:43:49.1055754+08:00 [BUILD] action=destroyed x=117 y=308 block_id=264 block=分类器 team=1
2026-03-29T19:43:49.3388882+08:00 [BUILD] action=constructed x=116 y=314 block_id=257 block=传送带 team=1 rot=3
2026-03-29T19:43:49.3556108+08:00 [BUILD] action=placed x=116 y=313 block_id=257 block=传送带 team=1 rot=3
2026-03-29T19:43:50.0274518+08:00 [BUILD] action=constructed x=116 y=313 block_id=257 block=传送带 team=1 rot=3
2026-03-29T19:43:50.0275965+08:00 [BUILD] action=placed x=116 y=312 block_id=257 block=传送带 team=1 rot=3
2026-03-29T19:43:50.7052917+08:00 [BUILD] action=constructed x=116 y=312 block_id=257 block=传送带 team=1 rot=3
2026-03-29T19:43:50.7220014+08:00 [BUILD] action=placed x=116 y=311 block_id=257 block=传送带 team=1 rot=3
2026-03-29T19:43:51.3886328+08:00 [BUILD] action=constructed x=116 y=311 block_id=257 block=传送带 team=1 rot=3
2026-03-29T19:43:51.4052367+08:00 [BUILD] action=placed x=116 y=310 block_id=257 block=传送带 team=1 rot=3
2026-03-29T19:43:52.0720647+08:00 [BUILD] action=constructed x=116 y=310 block_id=257 block=传送带 team=1 rot=3
2026-03-29T19:43:52.09384+08:00 [BUILD] action=placed x=116 y=309 block_id=257 block=传送带 team=1 rot=3
2026-03-29T19:43:52.7553735+08:00 [BUILD] action=constructed x=116 y=309 block_id=257 block=传送带 team=1 rot=3
2026-03-29T19:43:52.7719238+08:00 [BUILD] action=placed x=116 y=308 block_id=257 block=传送带 team=1 rot=3
2026-03-29T19:43:53.4388538+08:00 [BUILD] action=constructed x=116 y=308 block_id=257 block=传送带 team=1 rot=3
2026-03-29T19:43:53.455614+08:00 [BUILD] action=placed x=116 y=307 block_id=257 block=传送带 team=1 rot=3
2026-03-29T19:43:54.1264256+08:00 [BUILD] action=constructed x=116 y=307 block_id=257 block=传送带 team=1 rot=3
2026-03-29T19:43:54.1270493+08:00 [BUILD] action=placed x=116 y=306 block_id=257 block=传送带 team=1 rot=3
2026-03-29T19:43:54.7941524+08:00 [BUILD] action=constructed x=116 y=306 block_id=257 block=传送带 team=1 rot=3
2026-03-29T19:43:54.822174+08:00 [BUILD] action=placed x=116 y=305 block_id=257 block=传送带 team=1 rot=3
2026-03-29T19:43:55.4768704+08:00 [BUILD] action=constructed x=116 y=305 block_id=257 block=传送带 team=1 rot=3
2026-03-29T19:43:55.4930837+08:00 [BUILD] action=placed x=116 y=304 block_id=257 block=传送带 team=1 rot=3
2026-03-29T19:43:56.1598474+08:00 [BUILD] action=constructed x=116 y=304 block_id=257 block=传送带 team=1 rot=3
2026-03-29T19:43:56.1931345+08:00 [BUILD] action=placed x=116 y=303 block_id=257 block=传送带 team=1 rot=3
2026-03-29T19:43:56.8431792+08:00 [BUILD] action=constructed x=116 y=303 block_id=257 block=传送带 team=1 rot=3
2026-03-29T19:43:56.8764875+08:00 [BUILD] action=placed x=116 y=302 block_id=257 block=传送带 team=1 rot=3
2026-03-29T19:43:57.5270635+08:00 [BUILD] action=constructed x=116 y=302 block_id=257 block=传送带 team=1 rot=3
2026-03-29T19:43:57.5610361+08:00 [BUILD] action=placed x=116 y=301 block_id=257 block=传送带 team=1 rot=3
2026-03-29T19:43:58.2222696+08:00 [BUILD] action=constructed x=116 y=301 block_id=257 block=传送带 team=1 rot=3
2026-03-29T19:43:58.238765+08:00 [BUILD] action=placed x=116 y=300 block_id=257 block=传送带 team=1 rot=3
2026-03-29T19:43:58.9055832+08:00 [BUILD] action=constructed x=116 y=300 block_id=257 block=传送带 team=1 rot=3
2026-03-29T19:43:58.9220812+08:00 [BUILD] action=placed x=116 y=299 block_id=257 block=传送带 team=1 rot=3
2026-03-29T19:43:59.5885177+08:00 [BUILD] action=constructed x=116 y=299 block_id=257 block=传送带 team=1 rot=3
2026-03-29T19:43:59.6053841+08:00 [BUILD] action=placed x=116 y=298 block_id=257 block=传送带 team=1 rot=3
2026-03-29T19:44:00.2722658+08:00 [BUILD] action=constructed x=116 y=298 block_id=257 block=传送带 team=1 rot=3
2026-03-29T19:44:00.2928902+08:00 [BUILD] action=placed x=116 y=297 block_id=257 block=传送带 team=1 rot=3
2026-03-29T19:44:00.955351+08:00 [BUILD] action=constructed x=116 y=297 block_id=257 block=传送带 team=1 rot=3
2026-03-29T19:44:00.9718466+08:00 [BUILD] action=placed x=116 y=296 block_id=257 block=传送带 team=1 rot=3
2026-03-29T19:44:01.638732+08:00 [BUILD] action=constructed x=116 y=296 block_id=257 block=传送带 team=1 rot=3
2026-03-29T19:44:01.655323+08:00 [BUILD] action=placed x=116 y=295 block_id=257 block=传送带 team=1 rot=3
2026-03-29T19:44:02.2272877+08:00 [BUILD] action=placed x=113 y=294 block_id=257 block=传送带 team=1 rot=3
2026-03-29T19:44:02.9052058+08:00 [BUILD] action=constructed x=113 y=294 block_id=257 block=传送带 team=1 rot=3
2026-03-29T19:44:03.0054418+08:00 [BUILD] action=constructed x=116 y=295 block_id=257 block=传送带 team=1 rot=3
2026-03-29T19:44:03.0218269+08:00 [BUILD] action=placed x=116 y=294 block_id=257 block=传送带 team=1 rot=3
2026-03-29T19:44:03.6887196+08:00 [BUILD] action=constructed x=116 y=294 block_id=257 block=传送带 team=1 rot=3
2026-03-29T19:44:03.7054761+08:00 [BUILD] action=placed x=116 y=293 block_id=257 block=传送带 team=1 rot=3
2026-03-29T19:44:04.3722567+08:00 [BUILD] action=constructed x=116 y=293 block_id=257 block=传送带 team=1 rot=3
2026-03-29T19:44:04.3886146+08:00 [BUILD] action=placed x=113 y=303 block_id=257 block=传送带 team=1 rot=3
2026-03-29T19:44:05.0602138+08:00 [BUILD] action=constructed x=113 y=303 block_id=257 block=传送带 team=1 rot=3
2026-03-29T19:44:05.0603679+08:00 [BUILD] action=placed x=113 y=302 block_id=257 block=传送带 team=1 rot=3
2026-03-29T19:44:05.7264628+08:00 [BUILD] action=constructed x=113 y=302 block_id=257 block=传送带 team=1 rot=3
2026-03-29T19:44:05.7552385+08:00 [BUILD] action=placed x=113 y=301 block_id=257 block=传送带 team=1 rot=3
2026-03-29T19:44:06.4283151+08:00 [BUILD] action=constructed x=113 y=301 block_id=257 block=传送带 team=1 rot=3
2026-03-29T19:44:06.4283151+08:00 [BUILD] action=placed x=113 y=300 block_id=257 block=传送带 team=1 rot=3
2026-03-29T19:44:07.1053798+08:00 [BUILD] action=constructed x=113 y=300 block_id=257 block=传送带 team=1 rot=3
2026-03-29T19:44:07.1270653+08:00 [BUILD] action=placed x=113 y=299 block_id=257 block=传送带 team=1 rot=3
2026-03-29T19:44:07.7778129+08:00 [BUILD] action=constructed x=113 y=299 block_id=257 block=传送带 team=1 rot=3
2026-03-29T19:44:07.8053278+08:00 [BUILD] action=placed x=113 y=298 block_id=257 block=传送带 team=1 rot=3
2026-03-29T19:44:08.4720411+08:00 [BUILD] action=constructed x=113 y=298 block_id=257 block=传送带 team=1 rot=3
2026-03-29T19:44:08.4886542+08:00 [BUILD] action=placed x=113 y=297 block_id=257 block=传送带 team=1 rot=3
2026-03-29T19:44:09.1597772+08:00 [BUILD] action=constructed x=113 y=297 block_id=257 block=传送带 team=1 rot=3
2026-03-29T19:44:09.1599004+08:00 [BUILD] action=placed x=113 y=296 block_id=257 block=传送带 team=1 rot=3
2026-03-29T19:44:09.5101051+08:00 [BUILD] action=placed x=111 y=299 block_id=264 block=分类器 team=1 rot=0
2026-03-29T19:44:09.8387965+08:00 [BUILD] action=constructed x=113 y=296 block_id=257 block=传送带 team=1 rot=3
2026-03-29T19:44:09.8552417+08:00 [BUILD] action=placed x=113 y=295 block_id=257 block=传送带 team=1 rot=3
2026-03-29T19:44:10.1924698+08:00 [BUILD] action=constructed x=111 y=299 block_id=264 block=分类器 team=1 rot=0
2026-03-29T19:44:10.5272676+08:00 [BUILD] action=constructed x=113 y=295 block_id=257 block=传送带 team=1 rot=3
2026-03-29T19:44:10.5272676+08:00 [BUILD] action=placed x=113 y=293 block_id=257 block=传送带 team=1 rot=3
2026-03-29T19:44:11.1935503+08:00 [BUILD] action=constructed x=113 y=293 block_id=257 block=传送带 team=1 rot=3
2026-03-29T19:44:11.2219159+08:00 [BUILD] action=placed x=113 y=292 block_id=257 block=传送带 team=1 rot=3
2026-03-29T19:44:11.8778158+08:00 [BUILD] action=constructed x=113 y=292 block_id=257 block=传送带 team=1 rot=3
2026-03-29T19:44:11.8940009+08:00 [BUILD] action=placed x=113 y=291 block_id=257 block=传送带 team=1 rot=3
2026-03-29T19:44:12.4611358+08:00 [BUILD] action=placed x=111 y=296 block_id=264 block=分类器 team=1 rot=0
2026-03-29T19:44:12.5721046+08:00 [BUILD] action=constructed x=113 y=291 block_id=257 block=传送带 team=1 rot=3
2026-03-29T19:44:12.5886248+08:00 [BUILD] action=placed x=113 y=290 block_id=257 block=传送带 team=1 rot=3
2026-03-29T19:44:13.1271322+08:00 [BUILD] action=constructed x=111 y=296 block_id=264 block=分类器 team=1 rot=0
2026-03-29T19:44:13.2554627+08:00 [BUILD] action=constructed x=113 y=290 block_id=257 block=传送带 team=1 rot=3
2026-03-29T19:44:13.2720138+08:00 [BUILD] action=placed x=113 y=289 block_id=257 block=传送带 team=1 rot=3
2026-03-29T19:44:13.9387045+08:00 [BUILD] action=constructed x=113 y=289 block_id=257 block=传送带 team=1 rot=3
2026-03-29T19:44:13.9551594+08:00 [BUILD] action=placed x=113 y=288 block_id=257 block=传送带 team=1 rot=3
2026-03-29T19:44:14.6220202+08:00 [BUILD] action=constructed x=113 y=288 block_id=257 block=传送带 team=1 rot=3
2026-03-29T19:44:19.2054512+08:00 [BUILD] action=placed x=108 y=299 block_id=264 block=分类器 team=1 rot=0
2026-03-29T19:44:19.8596065+08:00 [BUILD] action=constructed x=108 y=299 block_id=264 block=分类器 team=1 rot=0
2026-03-29T19:44:58.1285542+08:00 [BUILD] action=placed x=89 y=286 block_id=264 block=分类器 team=1 rot=0
2026-03-29T19:44:59.8258998+08:00 [BUILD] action=constructed x=89 y=286 block_id=264 block=分类器 team=1 rot=0
2026-03-29T19:45:00.1703909+08:00 [BUILD] action=placed x=90 y=288 block_id=184 block=silicon-crucible team=1 rot=0
2026-03-29T19:45:01.6191434+08:00 [BUILD] action=constructed x=90 y=288 block_id=184 block=silicon-crucible team=1 rot=0
2026-03-29T19:45:01.7035545+08:00 [BUILD] action=placed x=89 y=290 block_id=190 block=pyratite-mixer team=1 rot=0
2026-03-29T19:45:03.3096922+08:00 [BUILD] action=constructed x=89 y=290 block_id=190 block=pyratite-mixer team=1 rot=0
2026-03-29T19:45:03.3944575+08:00 [BUILD] action=placed x=90 y=293 block_id=184 block=silicon-crucible team=1 rot=0
2026-03-29T19:45:05.0593959+08:00 [BUILD] action=constructed x=90 y=293 block_id=184 block=silicon-crucible team=1 rot=0
2026-03-29T19:45:05.1505537+08:00 [BUILD] action=placed x=89 y=296 block_id=262 block=bridge-conveyor team=1 rot=0
2026-03-29T19:45:06.8299564+08:00 [BUILD] action=constructed x=89 y=296 block_id=262 block=bridge-conveyor team=1 rot=0
2026-03-29T19:45:06.970841+08:00 [BUILD] action=placed x=90 y=286 block_id=263 block=phase-conveyor team=1 rot=0
2026-03-29T19:45:08.589684+08:00 [BUILD] action=constructed x=90 y=286 block_id=263 block=phase-conveyor team=1 rot=0
2026-03-29T19:45:08.7480936+08:00 [BUILD] action=placed x=90 y=295 block_id=265 block=反向分类器 team=1 rot=0
2026-03-29T19:45:10.3478903+08:00 [BUILD] action=constructed x=90 y=295 block_id=265 block=反向分类器 team=1 rot=0
2026-03-29T19:45:10.4379294+08:00 [BUILD] action=placed x=90 y=296 block_id=263 block=phase-conveyor team=1 rot=0
2026-03-29T19:45:12.0159666+08:00 [BUILD] action=constructed x=90 y=296 block_id=263 block=phase-conveyor team=1 rot=0
2026-03-29T19:45:12.1781663+08:00 [BUILD] action=placed x=91 y=290 block_id=270 block=unloader team=1 rot=0
2026-03-29T19:45:13.7924206+08:00 [BUILD] action=constructed x=91 y=290 block_id=270 block=unloader team=1 rot=0
2026-03-29T19:45:14.0299086+08:00 [BUILD] action=placed x=91 y=291 block_id=270 block=unloader team=1 rot=0
2026-03-29T19:45:15.4767335+08:00 [BUILD] action=constructed x=91 y=291 block_id=270 block=unloader team=1 rot=0
2026-03-29T19:45:15.6918365+08:00 [BUILD] action=placed x=91 y=295 block_id=270 block=unloader team=1 rot=0
2026-03-29T19:45:17.1890097+08:00 [BUILD] action=constructed x=91 y=295 block_id=270 block=unloader team=1 rot=0
2026-03-29T19:45:17.35648+08:00 [BUILD] action=placed x=91 y=296 block_id=262 block=bridge-conveyor team=1 rot=0
2026-03-29T19:45:18.9162608+08:00 [BUILD] action=constructed x=91 y=296 block_id=262 block=bridge-conveyor team=1 rot=0
2026-03-29T19:45:19.0419013+08:00 [BUILD] action=placed x=92 y=286 block_id=263 block=phase-conveyor team=1 rot=0
2026-03-29T19:45:20.6470761+08:00 [BUILD] action=constructed x=92 y=286 block_id=263 block=phase-conveyor team=1 rot=0
2026-03-29T19:45:20.8560104+08:00 [BUILD] action=placed x=92 y=287 block_id=264 block=分类器 team=1 rot=0
2026-03-29T19:45:22.3755921+08:00 [BUILD] action=constructed x=92 y=287 block_id=264 block=分类器 team=1 rot=0
2026-03-29T19:45:22.5986238+08:00 [BUILD] action=placed x=92 y=288 block_id=270 block=unloader team=1 rot=0
2026-03-29T19:45:24.1079552+08:00 [BUILD] action=constructed x=92 y=288 block_id=270 block=unloader team=1 rot=0
2026-03-29T19:45:24.3585777+08:00 [BUILD] action=placed x=92 y=289 block_id=270 block=unloader team=1 rot=0
2026-03-29T19:45:25.1053908+08:00 [BUILD] action=placed x=104 y=289 block_id=257 block=传送带 team=1 rot=3
2026-03-29T19:45:25.8479066+08:00 [BUILD] action=constructed x=92 y=289 block_id=270 block=unloader team=1 rot=0
2026-03-29T19:45:25.9353188+08:00 [BUILD] action=placed x=92 y=290 block_id=190 block=pyratite-mixer team=1 rot=0
2026-03-29T19:45:26.7282678+08:00 [BUILD] action=constructed x=104 y=289 block_id=257 block=传送带 team=1 rot=3
2026-03-29T19:45:26.942952+08:00 [BUILD] action=placed x=104 y=290 block_id=257 block=传送带 team=1 rot=3
2026-03-29T19:45:27.6348607+08:00 [BUILD] action=constructed x=92 y=290 block_id=190 block=pyratite-mixer team=1 rot=0
2026-03-29T19:45:27.8032198+08:00 [BUILD] action=placed x=92 y=292 block_id=270 block=unloader team=1 rot=0
2026-03-29T19:45:28.5611241+08:00 [BUILD] action=constructed x=104 y=290 block_id=257 block=传送带 team=1 rot=3
2026-03-29T19:45:28.6821185+08:00 [BUILD] action=placed x=104 y=291 block_id=257 block=传送带 team=1 rot=3
2026-03-29T19:45:29.3666943+08:00 [BUILD] action=constructed x=92 y=292 block_id=270 block=unloader team=1 rot=0
2026-03-29T19:45:29.4924613+08:00 [BUILD] action=placed x=93 y=294 block_id=184 block=silicon-crucible team=1 rot=0
2026-03-29T19:45:30.2422303+08:00 [BUILD] action=constructed x=104 y=291 block_id=257 block=传送带 team=1 rot=3
2026-03-29T19:45:30.3672925+08:00 [BUILD] action=placed x=104 y=292 block_id=257 block=传送带 team=1 rot=3
2026-03-29T19:45:31.0500531+08:00 [BUILD] action=constructed x=93 y=294 block_id=184 block=silicon-crucible team=1 rot=0
2026-03-29T19:45:31.1334303+08:00 [BUILD] action=placed x=92 y=296 block_id=263 block=phase-conveyor team=1 rot=0
2026-03-29T19:45:31.9603439+08:00 [BUILD] action=constructed x=104 y=292 block_id=257 block=传送带 team=1 rot=3
2026-03-29T19:45:32.1287876+08:00 [BUILD] action=placed x=104 y=293 block_id=257 block=传送带 team=1 rot=3
2026-03-29T19:45:32.7990854+08:00 [BUILD] action=constructed x=92 y=296 block_id=263 block=phase-conveyor team=1 rot=0
2026-03-29T19:45:33.7239291+08:00 [BUILD] action=constructed x=104 y=293 block_id=257 block=传送带 team=1 rot=3
2026-03-29T19:45:33.8054442+08:00 [BUILD] action=placed x=104 y=294 block_id=257 block=传送带 team=1 rot=3
2026-03-29T19:45:35.4551956+08:00 [BUILD] action=constructed x=104 y=294 block_id=257 block=传送带 team=1 rot=3
2026-03-29T19:45:35.5798604+08:00 [BUILD] action=placed x=104 y=295 block_id=257 block=传送带 team=1 rot=3
