2026-03-31T05:22:51.7775928Z [NET] kind=tcp_accept packet= conn_id=77216247 uuid= ip=10.147.17.101 name="" detail=
2026-03-31T05:22:51.7907423Z [NET] kind=connect_packet packet=*protocol.ConnectPacket conn_id=87402 uuid=MAv3KaDNyXEAAAAAz4iNgQ== ip=10.147.17.101 name="" detail=version=156 type=official mods=0
2026-03-31T05:22:52.0024509Z [NET] kind=world_handshake_sent packet= conn_id=87402 uuid=MAv3KaDNyXEAAAAAz4iNgQ== ip=10.147.17.101 name="[scarlet]（未绑定）[][#F285D1]月[#8982edff]子[#87ceebff]芳 I\uf7a9\uf7be[gray]87402[]" detail=
2026-03-31T05:22:52.4579505Z [NET] kind=connect_confirm_client_snapshot packet=*protocol.Remote_NetServer_clientSnapshot_22 conn_id=87402 uuid=MAv3KaDNyXEAAAAAz4iNgQ== ip=10.147.17.101 name="[scarlet]（未绑定）[][#F285D1]月[#8982edff]子[#87ceebff]芳 I\uf7a9\uf7be[gray]87402[]" detail=
2026-03-31T13:22:52.8236452+08:00 [RESPAWN] player="[#F285D1]月[#8982edff]子[#87ceebff]芳 I\uf7a9\uf7be" team=1 core=core-nucleus core_x=239 core_y=343 spawn_x=239 spawn_y=343
2026-03-31T13:22:53.1615726+08:00 [RESPAWN] player="[#F285D1]月[#8982edff]子[#87ceebff]芳 I\uf7a9\uf7be" team=1 unit=37 build_speed=1.00 spawn_x=239 spawn_y=343
2026-03-31T13:22:58.1025061+08:00 [RESPAWN] player="[#F285D1]月[#8982edff]子[#87ceebff]芳 I\uf7a9\uf7be" team=1 core=core-nucleus core_x=239 core_y=343 spawn_x=239 spawn_y=343
2026-03-31T13:22:58.4311971+08:00 [RESPAWN] player="[#F285D1]月[#8982edff]子[#87ceebff]芳 I\uf7a9\uf7be" team=1 unit=37 build_speed=1.00 spawn_x=239 spawn_y=343
2026-03-31T13:23:01.9868649+08:00 [BUILD] action=constructed x=225 y=350 block_id=231 block=大型废墙 team=1 rot=0
2026-03-31T13:23:02.6869596+08:00 [BUILD] action=constructed x=223 y=350 block_id=231 block=大型废墙 team=1 rot=0
2026-03-31T13:23:03.7509302+08:00 [RESPAWN] player="[#F285D1]月[#8982edff]子[#87ceebff]芳 I\uf7a9\uf7be" team=1 core=core-nucleus core_x=239 core_y=343 spawn_x=239 spawn_y=343
2026-03-31T13:23:04.0886529+08:00 [RESPAWN] player="[#F285D1]月[#8982edff]子[#87ceebff]芳 I\uf7a9\uf7be" team=1 unit=37 build_speed=1.00 spawn_x=239 spawn_y=343
2026-03-31T13:23:04.10368+08:00 [BUILD] action=constructed x=224 y=348 block_id=230 block=废墙 team=1 rot=0
2026-03-31T13:23:05.503435+08:00 [BUILD] action=constructed x=222 y=342 block_id=366 block=熔毁 team=1 rot=1
2026-03-31T13:23:09.2250986+08:00 [RESPAWN] player="[#F285D1]月[#8982edff]子[#87ceebff]芳 I\uf7a9\uf7be" team=1 core=core-nucleus core_x=239 core_y=343 spawn_x=239 spawn_y=343
2026-03-31T13:23:09.7187879+08:00 [RESPAWN] player="[#F285D1]月[#8982edff]子[#87ceebff]芳 I\uf7a9\uf7be" team=1 unit=37 build_speed=1.00 spawn_x=239 spawn_y=343
2026-03-31T13:23:11.4958532+08:00 [BUILD] action=deconstructing x=257 y=345 block_id=326 block=气动钻头 team=1
2026-03-31T13:23:14.8559927+08:00 [RESPAWN] player="[#F285D1]月[#8982edff]子[#87ceebff]芳 I\uf7a9\uf7be" team=1 core=core-nucleus core_x=239 core_y=343 spawn_x=239 spawn_y=343
2026-03-31T13:23:15.3588643+08:00 [RESPAWN] player="[#F285D1]月[#8982edff]子[#87ceebff]芳 I\uf7a9\uf7be" team=1 unit=37 build_speed=1.00 spawn_x=239 spawn_y=343
2026-03-31T13:23:20.514677+08:00 [RESPAWN] player="[#F285D1]月[#8982edff]子[#87ceebff]芳 I\uf7a9\uf7be" team=1 core=core-nucleus core_x=239 core_y=343 spawn_x=239 spawn_y=343
2026-03-31T13:23:21.0316211+08:00 [RESPAWN] player="[#F285D1]月[#8982edff]子[#87ceebff]芳 I\uf7a9\uf7be" team=1 unit=37 build_speed=1.00 spawn_x=239 spawn_y=343
2026-03-31T13:23:22.469272+08:00 [BUILD] action=destroyed x=257 y=345 block_id=326 block=气动钻头 team=1
2026-03-31T13:23:22.4702962+08:00 [BUILD] action=deconstructing x=257 y=347 block_id=326 block=气动钻头 team=1
2026-03-31T13:23:26.1446777+08:00 [RESPAWN] player="[#F285D1]月[#8982edff]子[#87ceebff]芳 I\uf7a9\uf7be" team=1 core=core-nucleus core_x=239 core_y=343 spawn_x=239 spawn_y=343
2026-03-31T13:23:26.6401019+08:00 [RESPAWN] player="[#F285D1]月[#8982edff]子[#87ceebff]芳 I\uf7a9\uf7be" team=1 unit=37 build_speed=1.00 spawn_x=239 spawn_y=343
