2026-04-01T12:48:34.6014682Z [NET] kind=tcp_accept packet= conn_id=711075545 uuid= ip=10.147.17.101 name="" detail=
2026-04-01T12:48:34.6165124Z [NET] kind=connect_packet packet=*protocol.ConnectPacket conn_id=53404 uuid=MAv3KaDNyXEAAAAAz4iNgQ== ip=10.147.17.101 name="" detail=version=156 type=official mods=0
2026-04-01T12:48:34.7874431Z [NET] kind=world_handshake_sent packet= conn_id=53404 uuid=MAv3KaDNyXEAAAAAz4iNgQ== ip=10.147.17.101 name="[scarlet]（未绑定杂鱼~）[][#F285D1]月[#8982edff]子[#87ceebff]芳 I\uf7a9\uf7be[gray]53404[]" detail=
2026-04-01T12:48:36.4394186Z [NET] kind=connect_confirm_client_snapshot packet=*protocol.Remote_NetServer_clientSnapshot_22 conn_id=53404 uuid=MAv3KaDNyXEAAAAAz4iNgQ== ip=10.147.17.101 name="[scarlet]（未绑定杂鱼~）[][#F285D1]月[#8982edff]子[#87ceebff]芳 I\uf7a9\uf7be[gray]53404[]" detail=
2026-04-01T20:48:36.5756453+08:00 [RESPAWN] player="[#F285D1]月[#8982edff]子[#87ceebff]芳 I\uf7a9\uf7be" team=1 core=core-nucleus core_x=408 core_y=213 spawn_x=408 spawn_y=213
2026-04-01T20:48:36.6469274+08:00 [RESPAWN] player="[#F285D1]月[#8982edff]子[#87ceebff]芳 I\uf7a9\uf7be" team=1 unit=37 build_speed=1.00 spawn_x=408 spawn_y=213
2026-04-01T20:48:37.3787985+08:00 [RESPAWN] player="[#F285D1]月[#8982edff]子[#87ceebff]芳 I\uf7a9\uf7be" team=1 core=core-nucleus core_x=408 core_y=213 spawn_x=408 spawn_y=213
2026-04-01T20:48:37.4400466+08:00 [RESPAWN] player="[#F285D1]月[#8982edff]子[#87ceebff]芳 I\uf7a9\uf7be" team=1 unit=37 build_speed=1.00 spawn_x=408 spawn_y=213
2026-04-01T20:48:41.677213+08:00 [BUILD] action=placed x=427 y=209 block_id=308 block=火力发电机 team=1 rot=0
2026-04-01T20:48:42.3293183+08:00 [BUILD] action=constructed x=427 y=209 block_id=308 block=火力发电机 team=1 rot=0
2026-04-01T20:48:43.356827+08:00 [BUILD] action=placed x=423 y=208 block_id=183 block=硅冶炼厂 team=1 rot=0
2026-04-01T20:48:44.2994412+08:00 [BUILD] action=constructed x=423 y=208 block_id=183 block=硅冶炼厂 team=1 rot=0
2026-04-01T20:48:45.2705241+08:00 [BUILD] action=placed x=429 y=217 block_id=257 block=传送带 team=1 rot=2
2026-04-01T20:48:45.3041679+08:00 [BUILD] action=constructed x=429 y=217 block_id=257 block=传送带 team=1 rot=2
2026-04-01T20:48:45.3659836+08:00 [BUILD] action=placed x=428 y=217 block_id=257 block=传送带 team=1 rot=2
2026-04-01T20:48:45.3669904+08:00 [BUILD] action=constructed x=428 y=217 block_id=257 block=传送带 team=1 rot=2
2026-04-01T20:48:45.4088247+08:00 [BUILD] action=placed x=427 y=217 block_id=257 block=传送带 team=1 rot=2
2026-04-01T20:48:45.463809+08:00 [BUILD] action=constructed x=427 y=217 block_id=257 block=传送带 team=1 rot=2
2026-04-01T20:48:45.4963165+08:00 [BUILD] action=placed x=426 y=217 block_id=257 block=传送带 team=1 rot=2
2026-04-01T20:48:45.4963165+08:00 [BUILD] action=constructed x=426 y=217 block_id=257 block=传送带 team=1 rot=2
2026-04-01T20:48:45.5431422+08:00 [BUILD] action=placed x=425 y=217 block_id=257 block=传送带 team=1 rot=2
2026-04-01T20:48:45.6033883+08:00 [BUILD] action=constructed x=425 y=217 block_id=257 block=传送带 team=1 rot=2
2026-04-01T20:48:45.6326467+08:00 [BUILD] action=placed x=424 y=217 block_id=257 block=传送带 team=1 rot=2
2026-04-01T20:48:45.6326467+08:00 [BUILD] action=constructed x=424 y=217 block_id=257 block=传送带 team=1 rot=2
2026-04-01T20:48:45.6709803+08:00 [BUILD] action=placed x=423 y=217 block_id=257 block=传送带 team=1 rot=2
2026-04-01T20:48:45.6987141+08:00 [BUILD] action=constructed x=423 y=217 block_id=257 block=传送带 team=1 rot=2
2026-04-01T20:48:45.7485717+08:00 [BUILD] action=placed x=422 y=217 block_id=257 block=传送带 team=1 rot=2
2026-04-01T20:48:45.7500816+08:00 [BUILD] action=constructed x=422 y=217 block_id=257 block=传送带 team=1 rot=2
2026-04-01T20:48:45.7897855+08:00 [BUILD] action=placed x=421 y=217 block_id=257 block=传送带 team=1 rot=2
2026-04-01T20:48:45.841288+08:00 [BUILD] action=constructed x=421 y=217 block_id=257 block=传送带 team=1 rot=2
2026-04-01T20:48:45.8699933+08:00 [BUILD] action=placed x=420 y=217 block_id=257 block=传送带 team=1 rot=2
2026-04-01T20:48:45.8699933+08:00 [BUILD] action=constructed x=420 y=217 block_id=257 block=传送带 team=1 rot=2
2026-04-01T20:48:45.9097381+08:00 [BUILD] action=placed x=419 y=217 block_id=257 block=传送带 team=1 rot=2
2026-04-01T20:48:45.9595245+08:00 [BUILD] action=constructed x=419 y=217 block_id=257 block=传送带 team=1 rot=2
2026-04-01T20:48:45.9868049+08:00 [BUILD] action=placed x=418 y=217 block_id=257 block=传送带 team=1 rot=2
2026-04-01T20:48:45.9877811+08:00 [BUILD] action=constructed x=418 y=217 block_id=257 block=传送带 team=1 rot=2
2026-04-01T20:48:46.0770202+08:00 [BUILD] action=placed x=417 y=217 block_id=257 block=传送带 team=1 rot=2
2026-04-01T20:48:46.078018+08:00 [BUILD] action=constructed x=417 y=217 block_id=257 block=传送带 team=1 rot=2
2026-04-01T20:48:46.1329638+08:00 [BUILD] action=placed x=416 y=217 block_id=257 block=传送带 team=1 rot=2
2026-04-01T20:48:46.1329638+08:00 [BUILD] action=constructed x=416 y=217 block_id=257 block=传送带 team=1 rot=2
2026-04-01T20:48:50.0325575+08:00 [BUILD] action=placed x=419 y=208 block_id=181 block=石墨压缩机 team=1 rot=0
2026-04-01T20:48:51.7419943+08:00 [BUILD] action=constructed x=419 y=208 block_id=181 block=石墨压缩机 team=1 rot=0
2026-04-01T20:48:51.7419943+08:00 [BUILD] action=placed x=419 y=213 block_id=185 block=窑炉 team=1 rot=0
2026-04-01T20:48:54.257254+08:00 [BUILD] action=constructed x=419 y=213 block_id=185 block=窑炉 team=1 rot=0
2026-04-01T20:48:54.5299698+08:00 [BUILD] action=placed x=425 y=213 block_id=306 block=电池 team=1 rot=0
2026-04-01T20:48:54.948222+08:00 [BUILD] action=constructed x=425 y=213 block_id=306 block=电池 team=1 rot=0
2026-04-01T20:48:56.1729312+08:00 [BUILD] action=placed x=425 y=202 block_id=303 block=大型电力节点 team=1 rot=0
2026-04-01T20:48:56.5559963+08:00 [BUILD] action=constructed x=425 y=202 block_id=303 block=大型电力节点 team=1 rot=0
