2026-04-02T16:37:53.6037758Z [NET] kind=tcp_accept packet= conn_id=1749888414 uuid= ip=10.147.17.101 name="" detail=
2026-04-02T16:37:53.6393893Z [NET] kind=connect_packet packet=*protocol.ConnectPacket conn_id=53404 uuid=MAv3KaDNyXEAAAAAz4iNgQ== ip=10.147.17.101 name="" detail=version=156 type=official mods=0
2026-04-02T16:37:53.7451091Z [NET] kind=world_handshake_sent packet= conn_id=53404 uuid=MAv3KaDNyXEAAAAAz4iNgQ== ip=10.147.17.101 name="[scarlet]（未绑定杂鱼~）[][#F285D1]月[#8982edff]子[#87ceebff]芳 I\uf7a9\uf7be[gray]53404[]" detail=
2026-04-02T16:37:55.265029Z [NET] kind=connect_confirm_client_snapshot packet=*protocol.Remote_NetServer_clientSnapshot_22 conn_id=53404 uuid=MAv3KaDNyXEAAAAAz4iNgQ== ip=10.147.17.101 name="[scarlet]（未绑定杂鱼~）[][#F285D1]月[#8982edff]子[#87ceebff]芳 I\uf7a9\uf7be[gray]53404[]" detail=
2026-04-03T00:37:55.2925834+08:00 [RESPAWN] player="[#F285D1]月[#8982edff]子[#87ceebff]芳 I\uf7a9\uf7be" team=1 core=core-acropolis core_x=107 core_y=323 spawn_x=107 spawn_y=323
2026-04-03T00:37:55.2961673+08:00 [RESPAWN] player="[#F285D1]月[#8982edff]子[#87ceebff]芳 I\uf7a9\uf7be" team=1 unit=60 build_speed=1.50 spawn_x=107 spawn_y=323
2026-04-03T00:38:01.5074835+08:00 [BUILD] action=deconstructing x=93 y=313 block_id=429 block=信息板 team=1
2026-04-03T00:38:01.5925147+08:00 [BUILD] action=destroyed x=93 y=313 block_id=429 block=信息板 team=1
2026-04-03T00:38:01.6040021+08:00 [BUILD] action=deconstructing x=93 y=314 block_id=429 block=信息板 team=1
2026-04-03T00:38:01.6936667+08:00 [BUILD] action=destroyed x=93 y=314 block_id=429 block=信息板 team=1
2026-04-03T00:38:01.7044262+08:00 [BUILD] action=deconstructing x=93 y=315 block_id=429 block=信息板 team=1
2026-04-03T00:38:01.8002358+08:00 [BUILD] action=destroyed x=93 y=315 block_id=429 block=信息板 team=1
2026-04-03T00:38:01.82815+08:00 [BUILD] action=deconstructing x=93 y=316 block_id=429 block=信息板 team=1
2026-04-03T00:38:01.8925771+08:00 [BUILD] action=destroyed x=93 y=316 block_id=429 block=信息板 team=1
2026-04-03T00:38:01.9098275+08:00 [BUILD] action=deconstructing x=93 y=317 block_id=429 block=信息板 team=1
2026-04-03T00:38:01.9936376+08:00 [BUILD] action=destroyed x=93 y=317 block_id=429 block=信息板 team=1
2026-04-03T00:38:02.0047433+08:00 [BUILD] action=deconstructing x=92 y=313 block_id=429 block=信息板 team=1
2026-04-03T00:38:02.0905433+08:00 [BUILD] action=destroyed x=92 y=313 block_id=429 block=信息板 team=1
2026-04-03T00:38:02.1084128+08:00 [BUILD] action=deconstructing x=91 y=313 block_id=429 block=信息板 team=1
2026-04-03T00:38:02.1955172+08:00 [BUILD] action=destroyed x=91 y=313 block_id=429 block=信息板 team=1
2026-04-03T00:38:02.2052822+08:00 [BUILD] action=deconstructing x=90 y=313 block_id=429 block=信息板 team=1
2026-04-03T00:38:02.2937235+08:00 [BUILD] action=destroyed x=90 y=313 block_id=429 block=信息板 team=1
2026-04-03T00:38:02.304638+08:00 [BUILD] action=deconstructing x=89 y=313 block_id=429 block=信息板 team=1
2026-04-03T00:38:02.3927983+08:00 [BUILD] action=destroyed x=89 y=313 block_id=429 block=信息板 team=1
2026-04-03T00:38:05.223954+08:00 [BUILD] action=deconstructing x=140 y=303 block_id=220 block=塑钢墙 team=1
2026-04-03T00:38:05.3272353+08:00 [BUILD] action=destroyed x=140 y=303 block_id=220 block=塑钢墙 team=1
2026-04-03T00:38:05.3426451+08:00 [BUILD] action=deconstructing x=141 y=303 block_id=220 block=塑钢墙 team=1
2026-04-03T00:38:05.4485213+08:00 [BUILD] action=destroyed x=141 y=303 block_id=220 block=塑钢墙 team=1
2026-04-03T00:38:05.4602533+08:00 [BUILD] action=deconstructing x=142 y=303 block_id=220 block=塑钢墙 team=1
2026-04-03T00:38:05.5619977+08:00 [BUILD] action=destroyed x=142 y=303 block_id=220 block=塑钢墙 team=1
2026-04-03T00:38:05.5704562+08:00 [BUILD] action=deconstructing x=143 y=303 block_id=220 block=塑钢墙 team=1
2026-04-03T00:38:05.6804213+08:00 [BUILD] action=destroyed x=143 y=303 block_id=220 block=塑钢墙 team=1
2026-04-03T00:38:05.6880955+08:00 [BUILD] action=deconstructing x=144 y=303 block_id=220 block=塑钢墙 team=1
2026-04-03T00:38:05.7920457+08:00 [BUILD] action=destroyed x=144 y=303 block_id=220 block=塑钢墙 team=1
2026-04-03T00:38:05.8042457+08:00 [BUILD] action=deconstructing x=145 y=303 block_id=220 block=塑钢墙 team=1
2026-04-03T00:38:05.915392+08:00 [BUILD] action=destroyed x=145 y=303 block_id=220 block=塑钢墙 team=1
2026-04-03T00:38:05.9278181+08:00 [BUILD] action=deconstructing x=146 y=303 block_id=220 block=塑钢墙 team=1
2026-04-03T00:38:06.0265741+08:00 [BUILD] action=destroyed x=146 y=303 block_id=220 block=塑钢墙 team=1
2026-04-03T00:38:06.0413441+08:00 [BUILD] action=deconstructing x=147 y=303 block_id=220 block=塑钢墙 team=1
2026-04-03T00:38:06.1430046+08:00 [BUILD] action=destroyed x=147 y=303 block_id=220 block=塑钢墙 team=1
2026-04-03T00:38:06.1549242+08:00 [BUILD] action=deconstructing x=148 y=303 block_id=220 block=塑钢墙 team=1
2026-04-03T00:38:06.2601298+08:00 [BUILD] action=destroyed x=148 y=303 block_id=220 block=塑钢墙 team=1
2026-04-03T00:38:06.2701215+08:00 [BUILD] action=deconstructing x=149 y=303 block_id=220 block=塑钢墙 team=1
2026-04-03T00:38:06.3750236+08:00 [BUILD] action=destroyed x=149 y=303 block_id=220 block=塑钢墙 team=1
2026-04-03T00:38:06.3876518+08:00 [BUILD] action=deconstructing x=150 y=303 block_id=220 block=塑钢墙 team=1
2026-04-03T00:38:06.496467+08:00 [BUILD] action=destroyed x=150 y=303 block_id=220 block=塑钢墙 team=1
2026-04-03T00:38:06.5094397+08:00 [BUILD] action=deconstructing x=151 y=303 block_id=220 block=塑钢墙 team=1
2026-04-03T00:38:06.6136961+08:00 [BUILD] action=destroyed x=151 y=303 block_id=220 block=塑钢墙 team=1
2026-04-03T00:38:06.6243081+08:00 [BUILD] action=deconstructing x=152 y=303 block_id=220 block=塑钢墙 team=1
2026-04-03T00:38:06.7258325+08:00 [BUILD] action=destroyed x=152 y=303 block_id=220 block=塑钢墙 team=1
2026-04-03T00:38:06.7384517+08:00 [BUILD] action=deconstructing x=153 y=303 block_id=220 block=塑钢墙 team=1
2026-04-03T00:38:06.8448273+08:00 [BUILD] action=destroyed x=153 y=303 block_id=220 block=塑钢墙 team=1
2026-04-03T00:38:06.8540431+08:00 [BUILD] action=deconstructing x=154 y=303 block_id=220 block=塑钢墙 team=1
2026-04-03T00:38:06.9610887+08:00 [BUILD] action=destroyed x=154 y=303 block_id=220 block=塑钢墙 team=1
2026-04-03T00:38:06.9758733+08:00 [BUILD] action=deconstructing x=155 y=303 block_id=220 block=塑钢墙 team=1
2026-04-03T00:38:07.0781125+08:00 [BUILD] action=destroyed x=155 y=303 block_id=220 block=塑钢墙 team=1
2026-04-03T00:38:07.1402583+08:00 [BUILD] action=deconstructing x=156 y=303 block_id=220 block=塑钢墙 team=1
2026-04-03T00:38:07.1951569+08:00 [BUILD] action=destroyed x=156 y=303 block_id=220 block=塑钢墙 team=1
2026-04-03T00:38:07.2052936+08:00 [BUILD] action=deconstructing x=157 y=303 block_id=220 block=塑钢墙 team=1
2026-04-03T00:38:07.3086116+08:00 [BUILD] action=destroyed x=157 y=303 block_id=220 block=塑钢墙 team=1
2026-04-03T00:38:07.3214369+08:00 [BUILD] action=deconstructing x=158 y=303 block_id=220 block=塑钢墙 team=1
2026-04-03T00:38:07.430292+08:00 [BUILD] action=destroyed x=158 y=303 block_id=220 block=塑钢墙 team=1
2026-04-03T00:38:07.4379173+08:00 [BUILD] action=deconstructing x=159 y=303 block_id=220 block=塑钢墙 team=1
2026-04-03T00:38:07.5494957+08:00 [BUILD] action=destroyed x=159 y=303 block_id=220 block=塑钢墙 team=1
2026-04-03T00:38:07.562211+08:00 [BUILD] action=deconstructing x=160 y=303 block_id=220 block=塑钢墙 team=1
2026-04-03T00:38:07.6594414+08:00 [BUILD] action=destroyed x=160 y=303 block_id=220 block=塑钢墙 team=1
2026-04-03T00:38:08.3042578+08:00 [BUILD] action=deconstructing x=160 y=311 block_id=220 block=塑钢墙 team=1
2026-04-03T00:38:08.4094037+08:00 [BUILD] action=destroyed x=160 y=311 block_id=220 block=塑钢墙 team=1
2026-04-03T00:38:08.4213989+08:00 [BUILD] action=deconstructing x=161 y=310 block_id=429 block=信息板 team=1
2026-04-03T00:38:08.5108677+08:00 [BUILD] action=destroyed x=161 y=310 block_id=429 block=信息板 team=1
2026-04-03T00:38:08.5248065+08:00 [BUILD] action=deconstructing x=161 y=311 block_id=220 block=塑钢墙 team=1
2026-04-03T00:38:08.6245814+08:00 [BUILD] action=destroyed x=161 y=311 block_id=220 block=塑钢墙 team=1
2026-04-03T00:38:08.6427007+08:00 [BUILD] action=deconstructing x=162 y=305 block_id=220 block=塑钢墙 team=1
2026-04-03T00:38:08.7422021+08:00 [BUILD] action=destroyed x=162 y=305 block_id=220 block=塑钢墙 team=1
2026-04-03T00:38:08.7553922+08:00 [BUILD] action=deconstructing x=162 y=306 block_id=220 block=塑钢墙 team=1
2026-04-03T00:38:08.858072+08:00 [BUILD] action=destroyed x=162 y=306 block_id=220 block=塑钢墙 team=1
2026-04-03T00:38:08.8755497+08:00 [BUILD] action=deconstructing x=162 y=307 block_id=220 block=塑钢墙 team=1
2026-04-03T00:38:08.9821124+08:00 [BUILD] action=destroyed x=162 y=307 block_id=220 block=塑钢墙 team=1
2026-04-03T00:38:08.9915532+08:00 [BUILD] action=deconstructing x=162 y=308 block_id=220 block=塑钢墙 team=1
2026-04-03T00:38:09.0978123+08:00 [BUILD] action=destroyed x=162 y=308 block_id=220 block=塑钢墙 team=1
2026-04-03T00:38:09.1066068+08:00 [BUILD] action=deconstructing x=162 y=309 block_id=220 block=塑钢墙 team=1
2026-04-03T00:38:09.2112447+08:00 [BUILD] action=destroyed x=162 y=309 block_id=220 block=塑钢墙 team=1
2026-04-03T00:38:09.2243371+08:00 [BUILD] action=deconstructing x=162 y=310 block_id=220 block=塑钢墙 team=1
2026-04-03T00:38:09.3289562+08:00 [BUILD] action=destroyed x=162 y=310 block_id=220 block=塑钢墙 team=1
2026-04-03T00:38:09.3373251+08:00 [BUILD] action=deconstructing x=162 y=311 block_id=220 block=塑钢墙 team=1
2026-04-03T00:38:09.4423571+08:00 [BUILD] action=destroyed x=162 y=311 block_id=220 block=塑钢墙 team=1
2026-04-03T00:38:09.5085564+08:00 [BUILD] action=deconstructing x=159 y=311 block_id=220 block=塑钢墙 team=1
2026-04-03T00:38:09.6178609+08:00 [BUILD] action=destroyed x=159 y=311 block_id=220 block=塑钢墙 team=1
2026-04-03T00:38:09.6269849+08:00 [BUILD] action=deconstructing x=158 y=311 block_id=220 block=塑钢墙 team=1
2026-04-03T00:38:09.7274558+08:00 [BUILD] action=destroyed x=158 y=311 block_id=220 block=塑钢墙 team=1
2026-04-03T00:38:09.7380145+08:00 [BUILD] action=deconstructing x=157 y=311 block_id=220 block=塑钢墙 team=1
2026-04-03T00:38:09.8423499+08:00 [BUILD] action=destroyed x=157 y=311 block_id=220 block=塑钢墙 team=1
2026-04-03T00:38:09.8565821+08:00 [BUILD] action=deconstructing x=156 y=311 block_id=220 block=塑钢墙 team=1
2026-04-03T00:38:09.9622634+08:00 [BUILD] action=destroyed x=156 y=311 block_id=220 block=塑钢墙 team=1
2026-04-03T00:38:09.9729533+08:00 [BUILD] action=deconstructing x=155 y=311 block_id=220 block=塑钢墙 team=1
2026-04-03T00:38:10.0753323+08:00 [BUILD] action=destroyed x=155 y=311 block_id=220 block=塑钢墙 team=1
2026-04-03T00:38:10.0880507+08:00 [BUILD] action=deconstructing x=154 y=311 block_id=220 block=塑钢墙 team=1
2026-04-03T00:38:10.1923379+08:00 [BUILD] action=destroyed x=154 y=311 block_id=220 block=塑钢墙 team=1
2026-04-03T00:38:10.2068139+08:00 [BUILD] action=deconstructing x=153 y=311 block_id=220 block=塑钢墙 team=1
2026-04-03T00:38:10.308987+08:00 [BUILD] action=destroyed x=153 y=311 block_id=220 block=塑钢墙 team=1
2026-04-03T00:38:10.3207841+08:00 [BUILD] action=deconstructing x=152 y=311 block_id=220 block=塑钢墙 team=1
2026-04-03T00:38:10.4242608+08:00 [BUILD] action=destroyed x=152 y=311 block_id=220 block=塑钢墙 team=1
2026-04-03T00:38:10.436817+08:00 [BUILD] action=deconstructing x=151 y=311 block_id=220 block=塑钢墙 team=1
2026-04-03T00:38:10.5427018+08:00 [BUILD] action=destroyed x=151 y=311 block_id=220 block=塑钢墙 team=1
2026-04-03T00:38:10.5555631+08:00 [BUILD] action=deconstructing x=150 y=311 block_id=220 block=塑钢墙 team=1
2026-04-03T00:38:10.6656354+08:00 [BUILD] action=destroyed x=150 y=311 block_id=220 block=塑钢墙 team=1
2026-04-03T00:38:10.6736892+08:00 [BUILD] action=deconstructing x=149 y=311 block_id=220 block=塑钢墙 team=1
2026-04-03T00:38:10.7761455+08:00 [BUILD] action=destroyed x=149 y=311 block_id=220 block=塑钢墙 team=1
2026-04-03T00:38:10.78729+08:00 [BUILD] action=deconstructing x=148 y=311 block_id=220 block=塑钢墙 team=1
2026-04-03T00:38:10.8901725+08:00 [BUILD] action=destroyed x=148 y=311 block_id=220 block=塑钢墙 team=1
2026-04-03T00:38:10.9062813+08:00 [BUILD] action=deconstructing x=147 y=311 block_id=220 block=塑钢墙 team=1
2026-04-03T00:38:11.0108747+08:00 [BUILD] action=destroyed x=147 y=311 block_id=220 block=塑钢墙 team=1
2026-04-03T00:38:11.0210558+08:00 [BUILD] action=deconstructing x=146 y=311 block_id=220 block=塑钢墙 team=1
2026-04-03T00:38:11.1245111+08:00 [BUILD] action=destroyed x=146 y=311 block_id=220 block=塑钢墙 team=1
2026-04-03T00:38:11.136868+08:00 [BUILD] action=deconstructing x=145 y=311 block_id=220 block=塑钢墙 team=1
2026-04-03T00:38:11.2411859+08:00 [BUILD] action=destroyed x=145 y=311 block_id=220 block=塑钢墙 team=1
2026-04-03T00:38:11.2549114+08:00 [BUILD] action=deconstructing x=144 y=311 block_id=220 block=塑钢墙 team=1
2026-04-03T00:38:11.356898+08:00 [BUILD] action=destroyed x=144 y=311 block_id=220 block=塑钢墙 team=1
2026-04-03T00:38:11.3713705+08:00 [BUILD] action=deconstructing x=143 y=311 block_id=220 block=塑钢墙 team=1
2026-04-03T00:38:11.4767159+08:00 [BUILD] action=destroyed x=143 y=311 block_id=220 block=塑钢墙 team=1
2026-04-03T00:38:11.4891294+08:00 [BUILD] action=deconstructing x=142 y=311 block_id=220 block=塑钢墙 team=1
2026-04-03T00:38:11.591406+08:00 [BUILD] action=destroyed x=142 y=311 block_id=220 block=塑钢墙 team=1
2026-04-03T00:38:11.6044961+08:00 [BUILD] action=deconstructing x=141 y=311 block_id=220 block=塑钢墙 team=1
2026-04-03T00:38:11.7084561+08:00 [BUILD] action=destroyed x=141 y=311 block_id=220 block=塑钢墙 team=1
2026-04-03T00:38:11.7226041+08:00 [BUILD] action=deconstructing x=140 y=311 block_id=220 block=塑钢墙 team=1
2026-04-03T00:38:11.8259106+08:00 [BUILD] action=destroyed x=140 y=311 block_id=220 block=塑钢墙 team=1
2026-04-03T00:38:11.8365754+08:00 [BUILD] action=deconstructing x=139 y=311 block_id=220 block=塑钢墙 team=1
2026-04-03T00:38:11.9422202+08:00 [BUILD] action=destroyed x=139 y=311 block_id=220 block=塑钢墙 team=1
2026-04-03T00:38:11.9543145+08:00 [BUILD] action=deconstructing x=138 y=311 block_id=220 block=塑钢墙 team=1
2026-04-03T00:38:12.059071+08:00 [BUILD] action=destroyed x=138 y=311 block_id=220 block=塑钢墙 team=1
2026-04-03T00:38:12.070786+08:00 [BUILD] action=deconstructing x=137 y=311 block_id=220 block=塑钢墙 team=1
2026-04-03T00:38:12.1757429+08:00 [BUILD] action=destroyed x=137 y=311 block_id=220 block=塑钢墙 team=1
2026-04-03T00:38:12.1873565+08:00 [BUILD] action=deconstructing x=136 y=311 block_id=220 block=塑钢墙 team=1
2026-04-03T00:39:02.2674791+08:00 [BUILD] action=deconstructing x=339 y=173 block_id=259 block=塑钢传送带 team=1
2026-04-03T00:39:02.3008262+08:00 [BUILD] action=destroyed x=339 y=173 block_id=259 block=塑钢传送带 team=1
2026-04-02T16:39:13.7183795Z [NET] kind=tcp_closed packet= conn_id=53404 uuid=MAv3KaDNyXEAAAAAz4iNgQ== ip=10.147.17.101 name="[scarlet]（未绑定杂鱼~）[][#F285D1]月[#8982edff]子[#87ceebff]芳 I\uf7a9\uf7be[gray]53404[]" detail=EOF
