2026-04-04T06:18:36.5697008Z [NET] kind=tcp_accept packet= conn_id=1488080091 uuid= ip=10.147.17.101 name="" detail=
2026-04-04T06:18:36.5813542Z [NET] kind=connect_packet packet=*protocol.ConnectPacket conn_id=79926 uuid=MAv3KaDNyXEAAAAAz4iNgQ== ip=10.147.17.101 name="" detail=version=156 type=official mods=0
2026-04-04T06:18:36.6629735Z [NET] kind=world_handshake_sent packet= conn_id=79926 uuid=MAv3KaDNyXEAAAAAz4iNgQ== ip=10.147.17.101 name="[scarlet]（未绑定杂鱼~）[][#F285D1]月[#8982edff]子[#87ceebff]芳 I\uf7a9\uf7be[gray]79926[]" detail=
2026-04-04T06:18:36.9185587Z [NET] kind=connect_confirm_client_snapshot packet=*protocol.Remote_NetServer_clientSnapshot_22 conn_id=79926 uuid=MAv3KaDNyXEAAAAAz4iNgQ== ip=10.147.17.101 name="[scarlet]（未绑定杂鱼~）[][#F285D1]月[#8982edff]子[#87ceebff]芳 I\uf7a9\uf7be[gray]79926[]" detail=
2026-04-04T14:18:36.9948453+08:00 [RESPAWN] player="[#F285D1]月[#8982edff]子[#87ceebff]芳 I\uf7a9\uf7be" team=1 core=core-shard core_x=371 core_y=164 spawn_x=371 spawn_y=164
2026-04-04T14:18:37.0195124+08:00 [RESPAWN] player="[#F285D1]月[#8982edff]子[#87ceebff]芳 I\uf7a9\uf7be" team=1 unit=35 build_speed=0.50 spawn_x=371 spawn_y=164
2026-04-04T14:18:40.9066371+08:00 [RESPAWN] player="[#F285D1]月[#8982edff]子[#87ceebff]芳 I\uf7a9\uf7be" team=1 core=core-foundation core_x=164 core_y=79 spawn_x=164 spawn_y=79
2026-04-04T14:18:40.9476761+08:00 [RESPAWN] player="[#F285D1]月[#8982edff]子[#87ceebff]芳 I\uf7a9\uf7be" team=1 unit=36 build_speed=0.75 spawn_x=164 spawn_y=79
2026-04-04T14:18:48.8819171+08:00 [CHAT] from="[#F285D1]月[#8982edff]子[#87ceebff]芳 I\uf7a9\uf7be" player_id=1 uuid=MAv3KaDNyXEAAAAAz4iNgQ== ip=10.147.17.101:57627 msg="/HELP"
2026-04-04T14:18:52.9993854+08:00 [CHAT] from="[#F285D1]月[#8982edff]子[#87ceebff]芳 I\uf7a9\uf7be" player_id=1 uuid=MAv3KaDNyXEAAAAAz4iNgQ== ip=10.147.17.101:57627 msg="/help"
2026-04-04T14:18:55.0109551+08:00 [CHAT] from="[#F285D1]月[#8982edff]子[#87ceebff]芳 I\uf7a9\uf7be" player_id=1 uuid=MAv3KaDNyXEAAAAAz4iNgQ== ip=10.147.17.101:57627 msg="/vote"
2026-04-04T14:18:56.9300685+08:00 [CHAT] from="[#F285D1]月[#8982edff]子[#87ceebff]芳 I\uf7a9\uf7be" player_id=1 uuid=MAv3KaDNyXEAAAAAz4iNgQ== ip=10.147.17.101:57627 msg="/help"
2026-04-04T14:18:59.7766907+08:00 [CHAT] from="[#F285D1]月[#8982edff]子[#87ceebff]芳 I\uf7a9\uf7be" player_id=1 uuid=MAv3KaDNyXEAAAAAz4iNgQ== ip=10.147.17.101:57627 msg="/status"
2026-04-04T14:19:01.9149213+08:00 [CHAT] from="[#F285D1]月[#8982edff]子[#87ceebff]芳 I\uf7a9\uf7be" player_id=1 uuid=MAv3KaDNyXEAAAAAz4iNgQ== ip=10.147.17.101:57627 msg="/help"
2026-04-04T14:19:02.1824096+08:00 [BUILD] action=destroyed x=187 y=243 block_id=223 block=大型钍墙 team=2
2026-04-04T14:19:02.183411+08:00 [BUILD] action=destroyed x=189 y=243 block_id=288 block=电镀导管 team=2
2026-04-04T14:19:02.183411+08:00 [BUILD] action=destroyed x=190 y=243 block_id=220 block=塑钢墙 team=2
2026-04-04T14:19:02.183411+08:00 [BUILD] action=destroyed x=191 y=243 block_id=258 block=钛传送带 team=2
2026-04-04T14:19:02.183411+08:00 [BUILD] action=destroyed x=192 y=243 block_id=258 block=钛传送带 team=2
2026-04-04T14:19:02.183411+08:00 [BUILD] action=destroyed x=193 y=243 block_id=262 block=传送带桥 team=2
2026-04-04T14:19:02.183411+08:00 [BUILD] action=destroyed x=184 y=244 block_id=228 block=门 team=2
2026-04-04T14:19:02.183411+08:00 [BUILD] action=destroyed x=189 y=244 block_id=288 block=电镀导管 team=2
2026-04-04T14:19:02.183411+08:00 [BUILD] action=destroyed x=190 y=244 block_id=220 block=塑钢墙 team=2
2026-04-04T14:19:02.183411+08:00 [BUILD] action=destroyed x=191 y=244 block_id=258 block=钛传送带 team=2
2026-04-04T14:19:02.183411+08:00 [BUILD] action=destroyed x=195 y=244 block_id=220 block=塑钢墙 team=2
2026-04-04T14:19:02.183411+08:00 [BUILD] action=destroyed x=183 y=245 block_id=222 block=钍墙 team=2
2026-04-04T14:19:02.183411+08:00 [BUILD] action=destroyed x=184 y=245 block_id=229 block=大门 team=2
2026-04-04T14:19:02.183411+08:00 [BUILD] action=destroyed x=186 y=245 block_id=228 block=门 team=2
2026-04-04T14:19:02.183411+08:00 [BUILD] action=destroyed x=187 y=245 block_id=222 block=钍墙 team=2
2026-04-04T14:19:02.18441+08:00 [BUILD] action=destroyed x=188 y=245 block_id=290 block=流体容器 team=2
2026-04-04T14:19:02.18441+08:00 [BUILD] action=destroyed x=190 y=245 block_id=220 block=塑钢墙 team=2
2026-04-04T14:19:02.18441+08:00 [BUILD] action=destroyed x=191 y=245 block_id=262 block=传送带桥 team=2
2026-04-04T14:19:02.18441+08:00 [BUILD] action=destroyed x=193 y=245 block_id=362 block=浪涌 team=2
2026-04-04T14:19:02.18441+08:00 [BUILD] action=destroyed x=182 y=246 block_id=197 block=煤炭离心机 team=2
2026-04-04T14:19:02.18441+08:00 [BUILD] action=destroyed x=186 y=246 block_id=326 block=气动钻头 team=2
2026-04-04T14:19:02.18441+08:00 [BUILD] action=destroyed x=190 y=246 block_id=289 block=流体路由器 team=2
2026-04-04T14:19:02.18441+08:00 [BUILD] action=destroyed x=191 y=246 block_id=288 block=电镀导管 team=2
2026-04-04T14:19:02.18441+08:00 [BUILD] action=destroyed x=184 y=247 block_id=229 block=大门 team=2
2026-04-04T14:19:02.18441+08:00 [BUILD] action=destroyed x=188 y=247 block_id=293 block=导管桥 team=2
2026-04-04T14:19:02.18441+08:00 [BUILD] action=destroyed x=189 y=247 block_id=220 block=塑钢墙 team=2
2026-04-04T14:19:02.18441+08:00 [BUILD] action=destroyed x=190 y=247 block_id=293 block=导管桥 team=2
2026-04-04T14:19:02.18441+08:00 [BUILD] action=destroyed x=191 y=247 block_id=220 block=塑钢墙 team=2
2026-04-04T14:19:02.18441+08:00 [BUILD] action=destroyed x=192 y=247 block_id=221 block=大型塑钢墙 team=2
2026-04-04T14:19:02.18441+08:00 [BUILD] action=destroyed x=179 y=248 block_id=302 block=电力节点 team=2
2026-04-04T14:19:02.18441+08:00 [BUILD] action=destroyed x=180 y=248 block_id=270 block=装卸器 team=2
2026-04-04T14:19:02.18441+08:00 [BUILD] action=destroyed x=181 y=248 block_id=306 block=电池 team=2
2026-04-04T14:19:02.18441+08:00 [BUILD] action=destroyed x=182 y=248 block_id=306 block=电池 team=2
2026-04-04T14:19:02.18441+08:00 [BUILD] action=destroyed x=183 y=248 block_id=293 block=导管桥 team=2
2026-04-04T14:19:02.18441+08:00 [BUILD] action=destroyed x=186 y=248 block_id=293 block=导管桥 team=2
2026-04-04T14:19:02.18441+08:00 [BUILD] action=destroyed x=190 y=248 block_id=220 block=塑钢墙 team=2
2026-04-04T14:19:02.18441+08:00 [BUILD] action=destroyed x=191 y=248 block_id=262 block=传送带桥 team=2
2026-04-04T14:19:02.18441+08:00 [BUILD] action=destroyed x=179 y=249 block_id=260 block=装甲传送带 team=2
2026-04-04T14:19:02.18441+08:00 [BUILD] action=destroyed x=180 y=249 block_id=183 block=硅冶炼厂 team=2
2026-04-04T14:19:02.18441+08:00 [BUILD] action=destroyed x=182 y=249 block_id=197 block=煤炭离心机 team=2
2026-04-04T14:19:02.18441+08:00 [BUILD] action=destroyed x=184 y=249 block_id=229 block=大门 team=2
2026-04-04T14:19:02.18441+08:00 [BUILD] action=destroyed x=186 y=249 block_id=220 block=塑钢墙 team=2
2026-04-04T14:19:02.18441+08:00 [BUILD] action=destroyed x=188 y=249 block_id=331 block=石油钻井 team=2
2026-04-04T14:19:02.18441+08:00 [BUILD] action=destroyed x=190 y=249 block_id=220 block=塑钢墙 team=2
2026-04-04T14:19:02.1849169+08:00 [BUILD] action=destroyed x=194 y=249 block_id=221 block=大型塑钢墙 team=2
2026-04-04T14:19:02.1849169+08:00 [BUILD] action=destroyed x=179 y=250 block_id=220 block=塑钢墙 team=2
2026-04-04T14:19:02.1849169+08:00 [BUILD] action=destroyed x=186 y=250 block_id=220 block=塑钢墙 team=2
2026-04-04T14:19:02.1849169+08:00 [BUILD] action=destroyed x=190 y=250 block_id=293 block=导管桥 team=2
2026-04-04T14:19:02.1849169+08:00 [BUILD] action=destroyed x=192 y=250 block_id=362 block=浪涌 team=2
2026-04-04T14:19:02.1849169+08:00 [BUILD] action=destroyed x=179 y=251 block_id=220 block=塑钢墙 team=2
2026-04-04T14:19:02.1849169+08:00 [BUILD] action=destroyed x=180 y=251 block_id=221 block=大型塑钢墙 team=2
2026-04-04T14:19:02.1849169+08:00 [BUILD] action=destroyed x=182 y=251 block_id=229 block=大门 team=2
2026-04-04T14:19:02.1849169+08:00 [BUILD] action=destroyed x=184 y=251 block_id=229 block=大门 team=2
2026-04-04T14:19:02.1849169+08:00 [BUILD] action=destroyed x=186 y=251 block_id=221 block=大型塑钢墙 team=2
2026-04-04T14:19:02.1849169+08:00 [BUILD] action=destroyed x=188 y=251 block_id=293 block=导管桥 team=2
2026-04-04T14:19:02.1849169+08:00 [BUILD] action=destroyed x=189 y=251 block_id=302 block=电力节点 team=2
2026-04-04T14:19:02.1849169+08:00 [BUILD] action=destroyed x=190 y=251 block_id=259 block=塑钢传送带 team=2
2026-04-04T14:19:02.1849169+08:00 [BUILD] action=destroyed x=194 y=251 block_id=220 block=塑钢墙 team=2
2026-04-04T14:19:02.1849169+08:00 [BUILD] action=destroyed x=176 y=252 block_id=221 block=大型塑钢墙 team=2
2026-04-04T14:19:02.1849169+08:00 [BUILD] action=destroyed x=178 y=252 block_id=220 block=塑钢墙 team=2
2026-04-04T14:19:02.1849169+08:00 [BUILD] action=destroyed x=179 y=252 block_id=220 block=塑钢墙 team=2
2026-04-04T14:19:02.1849169+08:00 [BUILD] action=destroyed x=188 y=252 block_id=290 block=流体容器 team=2
2026-04-04T14:19:02.1849169+08:00 [BUILD] action=destroyed x=190 y=252 block_id=259 block=塑钢传送带 team=2
2026-04-04T14:19:02.1849169+08:00 [BUILD] action=destroyed x=191 y=252 block_id=262 block=传送带桥 team=2
2026-04-04T14:19:02.1849169+08:00 [BUILD] action=destroyed x=192 y=252 block_id=220 block=塑钢墙 team=2
2026-04-04T14:19:02.1849169+08:00 [BUILD] action=destroyed x=193 y=252 block_id=220 block=塑钢墙 team=2
2026-04-04T14:19:02.1849169+08:00 [BUILD] action=destroyed x=194 y=252 block_id=220 block=塑钢墙 team=2
2026-04-04T14:19:02.1849169+08:00 [BUILD] action=destroyed x=178 y=253 block_id=221 block=大型塑钢墙 team=2
2026-04-04T14:19:02.1849169+08:00 [BUILD] action=destroyed x=180 y=253 block_id=221 block=大型塑钢墙 team=2
2026-04-04T14:19:02.1849169+08:00 [BUILD] action=destroyed x=182 y=253 block_id=229 block=大门 team=2
2026-04-04T14:19:02.1849169+08:00 [BUILD] action=destroyed x=184 y=253 block_id=220 block=塑钢墙 team=2
2026-04-04T14:19:02.1849169+08:00 [BUILD] action=destroyed x=185 y=253 block_id=220 block=塑钢墙 team=2
2026-04-04T14:19:02.1849169+08:00 [BUILD] action=destroyed x=186 y=253 block_id=220 block=塑钢墙 team=2
2026-04-04T14:19:02.1849169+08:00 [BUILD] action=destroyed x=187 y=253 block_id=287 block=脉冲导管 team=2
2026-04-04T14:19:02.1849169+08:00 [BUILD] action=destroyed x=193 y=253 block_id=220 block=塑钢墙 team=2
2026-04-04T14:19:02.1849169+08:00 [BUILD] action=destroyed x=188 y=254 block_id=293 block=导管桥 team=2
2026-04-04T14:19:02.1849169+08:00 [BUILD] action=destroyed x=189 y=254 block_id=288 block=电镀导管 team=2
2026-04-04T14:19:02.1849169+08:00 [BUILD] action=destroyed x=191 y=254 block_id=363 block=气旋 team=2
2026-04-04T14:19:02.1849169+08:00 [BUILD] action=destroyed x=193 y=254 block_id=220 block=塑钢墙 team=2
2026-04-04T14:19:02.1849169+08:00 [BUILD] action=destroyed x=175 y=255 block_id=365 block=幽灵 team=2
2026-04-04T14:19:02.1849169+08:00 [BUILD] action=destroyed x=178 y=255 block_id=246 block=修理投影 team=2
2026-04-04T14:19:02.1849169+08:00 [BUILD] action=destroyed x=180 y=255 block_id=221 block=大型塑钢墙 team=2
2026-04-04T14:19:02.1849169+08:00 [BUILD] action=destroyed x=182 y=255 block_id=229 block=大门 team=2
2026-04-04T14:19:02.1849169+08:00 [BUILD] action=destroyed x=185 y=255 block_id=328 block=爆破钻头 team=2
2026-04-04T14:19:02.1849169+08:00 [BUILD] action=destroyed x=188 y=255 block_id=262 block=传送带桥 team=2
2026-04-04T14:19:02.1849169+08:00 [BUILD] action=destroyed x=189 y=255 block_id=288 block=电镀导管 team=2
2026-04-04T14:19:02.1849169+08:00 [BUILD] action=destroyed x=193 y=255 block_id=220 block=塑钢墙 team=2
2026-04-04T14:19:02.1849169+08:00 [BUILD] action=destroyed x=209 y=255 block_id=220 block=塑钢墙 team=2
2026-04-04T14:19:02.1849169+08:00 [BUILD] action=destroyed x=210 y=255 block_id=261 block=交叉器 team=2
2026-04-04T14:19:02.1849169+08:00 [BUILD] action=destroyed x=188 y=256 block_id=293 block=导管桥 team=2
2026-04-04T14:19:02.1849169+08:00 [BUILD] action=destroyed x=189 y=256 block_id=288 block=电镀导管 team=2
2026-04-04T14:19:02.1849169+08:00 [BUILD] action=destroyed x=190 y=256 block_id=220 block=塑钢墙 team=2
2026-04-04T14:19:02.1849169+08:00 [BUILD] action=destroyed x=191 y=256 block_id=221 block=大型塑钢墙 team=2
2026-04-04T14:19:02.1849169+08:00 [BUILD] action=destroyed x=208 y=256 block_id=221 block=大型塑钢墙 team=2
2026-04-04T14:19:02.1849169+08:00 [BUILD] action=destroyed x=210 y=256 block_id=266 block=路由器 team=2
2026-04-04T14:19:02.1859242+08:00 [BUILD] action=destroyed x=178 y=257 block_id=221 block=大型塑钢墙 team=2
2026-04-04T14:19:02.1859242+08:00 [BUILD] action=destroyed x=180 y=257 block_id=221 block=大型塑钢墙 team=2
2026-04-04T14:19:02.1859242+08:00 [BUILD] action=destroyed x=182 y=257 block_id=229 block=大门 team=2
2026-04-04T14:19:02.1859242+08:00 [BUILD] action=destroyed x=188 y=257 block_id=189 block=冷冻液混合器 team=2
2026-04-04T14:19:02.1859242+08:00 [BUILD] action=destroyed x=190 y=257 block_id=220 block=塑钢墙 team=2
2026-04-04T14:19:02.1859242+08:00 [BUILD] action=destroyed x=207 y=257 block_id=220 block=塑钢墙 team=2
2026-04-04T14:19:02.1859242+08:00 [BUILD] action=destroyed x=210 y=257 block_id=260 block=装甲传送带 team=2
2026-04-04T14:19:02.1859242+08:00 [BUILD] action=destroyed x=174 y=258 block_id=270 block=装卸器 team=2
2026-04-04T14:19:02.1859242+08:00 [BUILD] action=destroyed x=175 y=258 block_id=245 block=修理器 team=2
2026-04-04T14:19:02.1859242+08:00 [BUILD] action=destroyed x=176 y=258 block_id=245 block=修理器 team=2
2026-04-04T14:19:02.1859242+08:00 [BUILD] action=destroyed x=177 y=258 block_id=302 block=电力节点 team=2
2026-04-04T14:19:02.1859242+08:00 [BUILD] action=destroyed x=184 y=258 block_id=220 block=塑钢墙 team=2
2026-04-04T14:19:02.1859242+08:00 [BUILD] action=destroyed x=185 y=258 block_id=326 block=气动钻头 team=2
2026-04-04T14:19:02.1859242+08:00 [BUILD] action=destroyed x=187 y=258 block_id=258 block=钛传送带 team=2
2026-04-04T14:19:02.1859242+08:00 [BUILD] action=destroyed x=190 y=258 block_id=221 block=大型塑钢墙 team=2
2026-04-04T14:19:02.1859242+08:00 [BUILD] action=destroyed x=192 y=258 block_id=221 block=大型塑钢墙 team=2
2026-04-04T14:19:02.1859242+08:00 [BUILD] action=destroyed x=194 y=258 block_id=222 block=钍墙 team=2
2026-04-04T14:19:02.1859242+08:00 [BUILD] action=destroyed x=195 y=258 block_id=222 block=钍墙 team=2
2026-04-04T14:19:02.1859242+08:00 [BUILD] action=destroyed x=206 y=258 block_id=221 block=大型塑钢墙 team=2
2026-04-04T14:19:02.1859242+08:00 [BUILD] action=destroyed x=208 y=258 block_id=304 block=巨浪电力塔 team=2
2026-04-04T14:19:02.1859242+08:00 [BUILD] action=destroyed x=210 y=258 block_id=183 block=硅冶炼厂 team=2
2026-04-04T14:19:02.1859242+08:00 [BUILD] action=destroyed x=175 y=259 block_id=270 block=装卸器 team=2
2026-04-04T14:19:02.1859242+08:00 [BUILD] action=destroyed x=179 y=259 block_id=258 block=钛传送带 team=2
2026-04-04T14:19:02.1859242+08:00 [BUILD] action=destroyed x=180 y=259 block_id=258 block=钛传送带 team=2
2026-04-04T14:19:02.1859242+08:00 [BUILD] action=destroyed x=181 y=259 block_id=229 block=大门 team=2
2026-04-04T14:19:02.1859242+08:00 [BUILD] action=destroyed x=183 y=259 block_id=228 block=门 team=2
2026-04-04T14:19:02.1859242+08:00 [BUILD] action=destroyed x=184 y=259 block_id=220 block=塑钢墙 team=2
2026-04-04T14:19:02.1859242+08:00 [BUILD] action=destroyed x=187 y=259 block_id=287 block=脉冲导管 team=2
2026-04-04T14:19:02.1859242+08:00 [BUILD] action=destroyed x=188 y=259 block_id=262 block=传送带桥 team=2
2026-04-04T14:19:02.1859242+08:00 [BUILD] action=destroyed x=189 y=259 block_id=288 block=电镀导管 team=2
2026-04-04T14:19:02.1859242+08:00 [BUILD] action=destroyed x=194 y=259 block_id=221 block=大型塑钢墙 team=2
2026-04-04T14:19:02.1859242+08:00 [BUILD] action=destroyed x=196 y=259 block_id=222 block=钍墙 team=2
2026-04-04T14:19:02.1859242+08:00 [BUILD] action=destroyed x=205 y=259 block_id=220 block=塑钢墙 team=2
2026-04-04T14:19:02.1859242+08:00 [BUILD] action=destroyed x=175 y=260 block_id=270 block=装卸器 team=2
2026-04-04T14:19:02.1859242+08:00 [BUILD] action=destroyed x=177 y=260 block_id=377 block=陆军工厂 team=2
2026-04-04T14:19:02.1859242+08:00 [BUILD] action=destroyed x=179 y=260 block_id=228 block=门 team=2
2026-04-04T14:19:02.1859242+08:00 [BUILD] action=destroyed x=180 y=260 block_id=258 block=钛传送带 team=2
2026-04-04T14:19:02.1859242+08:00 [BUILD] action=destroyed x=183 y=260 block_id=228 block=门 team=2
2026-04-04T14:19:02.1859242+08:00 [BUILD] action=destroyed x=184 y=260 block_id=220 block=塑钢墙 team=2
2026-04-04T14:19:02.1859242+08:00 [BUILD] action=destroyed x=185 y=260 block_id=220 block=塑钢墙 team=2
2026-04-04T14:19:02.1859242+08:00 [BUILD] action=destroyed x=186 y=260 block_id=220 block=塑钢墙 team=2
2026-04-04T14:19:02.1859242+08:00 [BUILD] action=destroyed x=187 y=260 block_id=287 block=脉冲导管 team=2
2026-04-04T14:19:02.1859242+08:00 [BUILD] action=destroyed x=188 y=260 block_id=293 block=导管桥 team=2
2026-04-04T14:19:02.1859242+08:00 [BUILD] action=destroyed x=189 y=260 block_id=288 block=电镀导管 team=2
2026-04-04T14:19:02.1859242+08:00 [BUILD] action=destroyed x=190 y=260 block_id=302 block=电力节点 team=2
2026-04-04T14:19:02.1859242+08:00 [BUILD] action=destroyed x=196 y=260 block_id=222 block=钍墙 team=2
2026-04-04T14:19:02.1859242+08:00 [BUILD] action=destroyed x=197 y=260 block_id=222 block=钍墙 team=2
2026-04-04T14:19:02.1859242+08:00 [BUILD] action=destroyed x=207 y=260 block_id=220 block=塑钢墙 team=2
2026-04-04T14:19:02.1859242+08:00 [BUILD] action=destroyed x=208 y=260 block_id=221 block=大型塑钢墙 team=2
2026-04-04T14:19:02.1859242+08:00 [BUILD] action=destroyed x=210 y=260 block_id=220 block=塑钢墙 team=2
2026-04-04T14:19:02.1859242+08:00 [BUILD] action=destroyed x=175 y=261 block_id=262 block=传送带桥 team=2
2026-04-04T14:19:02.1859242+08:00 [BUILD] action=destroyed x=179 y=261 block_id=262 block=传送带桥 team=2
2026-04-04T14:19:02.1859242+08:00 [BUILD] action=destroyed x=180 y=261 block_id=262 block=传送带桥 team=2
2026-04-04T14:19:02.1869304+08:00 [BUILD] action=destroyed x=181 y=261 block_id=229 block=大门 team=2
2026-04-04T14:19:02.1869304+08:00 [BUILD] action=destroyed x=183 y=261 block_id=220 block=塑钢墙 team=2
2026-04-04T14:19:02.1869304+08:00 [BUILD] action=destroyed x=184 y=261 block_id=262 block=传送带桥 team=2
2026-04-04T14:19:02.1869304+08:00 [BUILD] action=destroyed x=185 y=261 block_id=221 block=大型塑钢墙 team=2
2026-04-04T14:19:02.1869304+08:00 [BUILD] action=destroyed x=187 y=261 block_id=220 block=塑钢墙 team=2
2026-04-04T14:19:02.1869304+08:00 [BUILD] action=destroyed x=188 y=261 block_id=262 block=传送带桥 team=2
2026-04-04T14:19:02.1879346+08:00 [BUILD] action=destroyed x=189 y=261 block_id=290 block=流体容器 team=2
2026-04-04T14:19:02.1879346+08:00 [BUILD] action=destroyed x=192 y=261 block_id=315 block=钍反应堆 team=2
2026-04-04T14:19:02.1879346+08:00 [BUILD] action=destroyed x=194 y=261 block_id=221 block=大型塑钢墙 team=2
2026-04-04T14:19:02.1879346+08:00 [BUILD] action=destroyed x=196 y=261 block_id=221 block=大型塑钢墙 team=2
2026-04-04T14:19:02.1879346+08:00 [BUILD] action=destroyed x=211 y=261 block_id=258 block=钛传送带 team=2
2026-04-04T14:19:02.1879346+08:00 [BUILD] action=destroyed x=175 y=262 block_id=270 block=装卸器 team=2
2026-04-04T14:19:02.1879346+08:00 [BUILD] action=destroyed x=179 y=262 block_id=245 block=修理器 team=2
2026-04-04T14:19:02.1894406+08:00 [BUILD] action=destroyed x=180 y=262 block_id=258 block=钛传送带 team=2
2026-04-04T14:19:02.1894406+08:00 [BUILD] action=destroyed x=183 y=262 block_id=220 block=塑钢墙 team=2
2026-04-04T14:19:02.1894406+08:00 [BUILD] action=destroyed x=184 y=262 block_id=220 block=塑钢墙 team=2
2026-04-04T14:19:02.1894406+08:00 [BUILD] action=destroyed x=187 y=262 block_id=293 block=导管桥 team=2
2026-04-04T14:19:02.1894406+08:00 [BUILD] action=destroyed x=188 y=262 block_id=289 block=流体路由器 team=2
2026-04-04T14:19:02.1894406+08:00 [BUILD] action=destroyed x=198 y=262 block_id=222 block=钍墙 team=2
2026-04-04T14:19:02.1894406+08:00 [BUILD] action=destroyed x=199 y=262 block_id=222 block=钍墙 team=2
2026-04-04T14:19:02.1909463+08:00 [BUILD] action=destroyed x=200 y=262 block_id=222 block=钍墙 team=2
2026-04-04T14:19:02.1909463+08:00 [BUILD] action=destroyed x=208 y=262 block_id=220 block=塑钢墙 team=2
2026-04-04T14:19:02.1909463+08:00 [BUILD] action=destroyed x=209 y=262 block_id=358 block=齐射 team=2
2026-04-04T14:19:02.1909463+08:00 [BUILD] action=destroyed x=175 y=263 block_id=270 block=装卸器 team=2
2026-04-04T14:19:02.1909463+08:00 [BUILD] action=destroyed x=177 y=263 block_id=377 block=陆军工厂 team=2
2026-04-04T14:19:02.1909463+08:00 [BUILD] action=destroyed x=179 y=263 block_id=228 block=门 team=2
2026-04-04T14:19:02.1909463+08:00 [BUILD] action=destroyed x=180 y=263 block_id=258 block=钛传送带 team=2
2026-04-04T14:19:02.1909463+08:00 [BUILD] action=destroyed x=181 y=263 block_id=229 block=大门 team=2
2026-04-04T14:19:02.1924834+08:00 [BUILD] action=destroyed x=183 y=263 block_id=220 block=塑钢墙 team=2
2026-04-04T14:19:02.1924834+08:00 [BUILD] action=destroyed x=184 y=263 block_id=221 block=大型塑钢墙 team=2
2026-04-04T14:19:02.1924834+08:00 [BUILD] action=destroyed x=186 y=263 block_id=247 block=超速投影 team=2
2026-04-04T14:19:02.1924834+08:00 [BUILD] action=destroyed x=188 y=263 block_id=287 block=脉冲导管 team=2
2026-04-04T14:19:02.1924834+08:00 [BUILD] action=destroyed x=192 y=263 block_id=262 block=传送带桥 team=2
2026-04-04T14:19:02.1924834+08:00 [BUILD] action=destroyed x=196 y=263 block_id=221 block=大型塑钢墙 team=2
2026-04-04T14:19:02.1924834+08:00 [BUILD] action=destroyed x=198 y=263 block_id=221 block=大型塑钢墙 team=2
2026-04-04T14:19:02.1944799+08:00 [BUILD] action=destroyed x=200 y=263 block_id=222 block=钍墙 team=2
2026-04-04T14:19:02.1944799+08:00 [BUILD] action=destroyed x=208 y=263 block_id=220 block=塑钢墙 team=2
2026-04-04T14:19:02.1944799+08:00 [BUILD] action=destroyed x=174 y=264 block_id=258 block=钛传送带 team=2
2026-04-04T14:19:02.1944799+08:00 [BUILD] action=destroyed x=175 y=264 block_id=302 block=电力节点 team=2
2026-04-04T14:19:02.1944799+08:00 [BUILD] action=destroyed x=179 y=264 block_id=258 block=钛传送带 team=2
2026-04-04T14:19:02.1944799+08:00 [BUILD] action=destroyed x=180 y=264 block_id=258 block=钛传送带 team=2
2026-04-04T14:19:02.1944799+08:00 [BUILD] action=destroyed x=183 y=264 block_id=220 block=塑钢墙 team=2
2026-04-04T14:19:02.1957088+08:00 [BUILD] action=destroyed x=188 y=264 block_id=293 block=导管桥 team=2
2026-04-04T14:19:02.1957088+08:00 [BUILD] action=destroyed x=190 y=264 block_id=315 block=钍反应堆 team=2
2026-04-04T14:19:02.1957088+08:00 [BUILD] action=destroyed x=192 y=264 block_id=293 block=导管桥 team=2
2026-04-04T14:19:02.1957088+08:00 [BUILD] action=destroyed x=194 y=264 block_id=315 block=钍反应堆 team=2
2026-04-04T14:19:02.1957088+08:00 [BUILD] action=destroyed x=200 y=264 block_id=220 block=塑钢墙 team=2
2026-04-04T14:19:02.1967186+08:00 [BUILD] action=destroyed x=201 y=264 block_id=220 block=塑钢墙 team=2
2026-04-04T14:19:02.1967186+08:00 [BUILD] action=destroyed x=207 y=264 block_id=222 block=钍墙 team=2
2026-04-04T14:19:02.1967186+08:00 [BUILD] action=destroyed x=208 y=264 block_id=220 block=塑钢墙 team=2
2026-04-04T14:19:02.1967186+08:00 [BUILD] action=destroyed x=209 y=264 block_id=220 block=塑钢墙 team=2
2026-04-04T14:19:02.2012356+08:00 [BUILD] action=destroyed x=210 y=264 block_id=352 block=冰雹 team=2
2026-04-04T14:19:02.2296857+08:00 [BUILD] action=destroyed x=174 y=265 block_id=260 block=装甲传送带 team=2
2026-04-04T14:19:02.2502458+08:00 [BUILD] action=destroyed x=175 y=265 block_id=220 block=塑钢墙 team=2
2026-04-04T14:19:02.2702674+08:00 [BUILD] action=destroyed x=176 y=265 block_id=221 block=大型塑钢墙 team=2
2026-04-04T14:19:02.2702674+08:00 [BUILD] action=destroyed x=178 y=265 block_id=221 block=大型塑钢墙 team=2
2026-04-04T14:19:02.2702674+08:00 [BUILD] action=destroyed x=180 y=265 block_id=221 block=大型塑钢墙 team=2
2026-04-04T14:19:02.2904993+08:00 [BUILD] action=destroyed x=182 y=265 block_id=221 block=大型塑钢墙 team=2
2026-04-04T14:19:02.2904993+08:00 [BUILD] action=destroyed x=184 y=265 block_id=221 block=大型塑钢墙 team=2
2026-04-04T14:19:02.2904993+08:00 [BUILD] action=destroyed x=186 y=265 block_id=220 block=塑钢墙 team=2
2026-04-04T14:19:02.2904993+08:00 [BUILD] action=destroyed x=187 y=265 block_id=293 block=导管桥 team=2
2026-04-04T14:19:02.2904993+08:00 [BUILD] action=destroyed x=188 y=265 block_id=220 block=塑钢墙 team=2
2026-04-04T14:19:02.2904993+08:00 [BUILD] action=destroyed x=192 y=265 block_id=262 block=传送带桥 team=2
2026-04-04T14:19:02.2904993+08:00 [BUILD] action=destroyed x=196 y=265 block_id=247 block=超速投影 team=2
2026-04-04T14:19:02.2904993+08:00 [BUILD] action=destroyed x=198 y=265 block_id=246 block=修理投影 team=2
2026-04-04T14:19:02.2904993+08:00 [BUILD] action=destroyed x=200 y=265 block_id=220 block=塑钢墙 team=2
2026-04-04T14:19:02.2904993+08:00 [BUILD] action=destroyed x=201 y=265 block_id=221 block=大型塑钢墙 team=2
2026-04-04T14:19:02.2904993+08:00 [BUILD] action=destroyed x=205 y=265 block_id=220 block=塑钢墙 team=2
2026-04-04T14:19:02.2904993+08:00 [BUILD] action=destroyed x=206 y=265 block_id=223 block=大型钍墙 team=2
2026-04-04T14:19:02.2904993+08:00 [BUILD] action=destroyed x=208 y=265 block_id=352 block=冰雹 team=2
2026-04-04T14:19:02.2904993+08:00 [BUILD] action=destroyed x=209 y=265 block_id=260 block=装甲传送带 team=2
2026-04-04T14:19:02.2904993+08:00 [BUILD] action=destroyed x=210 y=265 block_id=270 block=装卸器 team=2
2026-04-04T14:19:02.2904993+08:00 [BUILD] action=destroyed x=174 y=266 block_id=260 block=装甲传送带 team=2
2026-04-04T14:19:02.2904993+08:00 [BUILD] action=destroyed x=175 y=266 block_id=220 block=塑钢墙 team=2
2026-04-04T14:19:02.2904993+08:00 [BUILD] action=destroyed x=186 y=266 block_id=220 block=塑钢墙 team=2
2026-04-04T14:19:02.2904993+08:00 [BUILD] action=destroyed x=187 y=266 block_id=287 block=脉冲导管 team=2
2026-04-04T14:19:02.2904993+08:00 [BUILD] action=destroyed x=188 y=266 block_id=287 block=脉冲导管 team=2
2026-04-04T14:19:02.2904993+08:00 [BUILD] action=destroyed x=189 y=266 block_id=293 block=导管桥 team=2
2026-04-04T14:19:02.2904993+08:00 [BUILD] action=destroyed x=190 y=266 block_id=302 block=电力节点 team=2
2026-04-04T14:19:02.2904993+08:00 [BUILD] action=destroyed x=191 y=266 block_id=293 block=导管桥 team=2
2026-04-04T14:19:02.2904993+08:00 [BUILD] action=destroyed x=192 y=266 block_id=258 block=钛传送带 team=2
2026-04-04T14:19:02.2904993+08:00 [BUILD] action=destroyed x=193 y=266 block_id=220 block=塑钢墙 team=2
2026-04-04T14:19:02.2904993+08:00 [BUILD] action=destroyed x=194 y=266 block_id=220 block=塑钢墙 team=2
2026-04-04T14:19:02.2904993+08:00 [BUILD] action=destroyed x=195 y=266 block_id=220 block=塑钢墙 team=2
2026-04-04T14:19:02.2904993+08:00 [BUILD] action=destroyed x=200 y=266 block_id=220 block=塑钢墙 team=2
2026-04-04T14:19:02.2904993+08:00 [BUILD] action=destroyed x=204 y=266 block_id=221 block=大型塑钢墙 team=2
2026-04-04T14:19:02.2904993+08:00 [BUILD] action=destroyed x=174 y=267 block_id=260 block=装甲传送带 team=2
2026-04-04T14:19:02.2914969+08:00 [BUILD] action=destroyed x=175 y=267 block_id=358 block=齐射 team=2
2026-04-04T14:19:02.2914969+08:00 [BUILD] action=destroyed x=180 y=267 block_id=220 block=塑钢墙 team=2
2026-04-04T14:19:02.2914969+08:00 [BUILD] action=destroyed x=181 y=267 block_id=258 block=钛传送带 team=2
2026-04-04T14:19:02.2914969+08:00 [BUILD] action=destroyed x=182 y=267 block_id=258 block=钛传送带 team=2
2026-04-04T14:19:02.2914969+08:00 [BUILD] action=destroyed x=183 y=267 block_id=258 block=钛传送带 team=2
2026-04-04T14:19:02.2914969+08:00 [BUILD] action=destroyed x=184 y=267 block_id=258 block=钛传送带 team=2
2026-04-04T14:19:02.2914969+08:00 [BUILD] action=destroyed x=185 y=267 block_id=258 block=钛传送带 team=2
2026-04-04T14:19:02.2914969+08:00 [BUILD] action=destroyed x=186 y=267 block_id=258 block=钛传送带 team=2
2026-04-04T14:19:02.2914969+08:00 [BUILD] action=destroyed x=187 y=267 block_id=258 block=钛传送带 team=2
2026-04-04T14:19:02.2914969+08:00 [BUILD] action=destroyed x=188 y=267 block_id=258 block=钛传送带 team=2
2026-04-04T14:19:02.2914969+08:00 [BUILD] action=destroyed x=189 y=267 block_id=258 block=钛传送带 team=2
2026-04-04T14:19:02.2914969+08:00 [BUILD] action=destroyed x=190 y=267 block_id=258 block=钛传送带 team=2
2026-04-04T14:19:02.2914969+08:00 [BUILD] action=destroyed x=191 y=267 block_id=258 block=钛传送带 team=2
2026-04-04T14:19:02.2914969+08:00 [BUILD] action=destroyed x=192 y=267 block_id=269 block=反向溢流门 team=2
2026-04-04T14:19:02.2914969+08:00 [BUILD] action=destroyed x=193 y=267 block_id=258 block=钛传送带 team=2
2026-04-04T14:19:02.2914969+08:00 [BUILD] action=destroyed x=194 y=267 block_id=269 block=反向溢流门 team=2
2026-04-04T14:19:02.2914969+08:00 [BUILD] action=destroyed x=195 y=267 block_id=258 block=钛传送带 team=2
2026-04-04T14:19:02.2914969+08:00 [BUILD] action=destroyed x=196 y=267 block_id=258 block=钛传送带 team=2
2026-04-04T14:19:02.2914969+08:00 [BUILD] action=destroyed x=197 y=267 block_id=258 block=钛传送带 team=2
2026-04-04T14:19:02.2914969+08:00 [BUILD] action=destroyed x=198 y=267 block_id=258 block=钛传送带 team=2
2026-04-04T14:19:02.2914969+08:00 [BUILD] action=destroyed x=199 y=267 block_id=258 block=钛传送带 team=2
2026-04-04T14:19:02.2914969+08:00 [BUILD] action=destroyed x=206 y=267 block_id=223 block=大型钍墙 team=2
2026-04-04T14:19:02.2914969+08:00 [BUILD] action=destroyed x=209 y=267 block_id=426 block=发射台 team=2
2026-04-04T14:19:02.2914969+08:00 [BUILD] action=destroyed x=178 y=268 block_id=314 block=大型太阳能板 team=2
2026-04-04T14:19:02.2914969+08:00 [BUILD] action=destroyed x=180 y=268 block_id=302 block=电力节点 team=2
2026-04-04T14:19:02.2914969+08:00 [BUILD] action=destroyed x=181 y=268 block_id=258 block=钛传送带 team=2
2026-04-04T14:19:02.2914969+08:00 [BUILD] action=destroyed x=189 y=268 block_id=221 block=大型塑钢墙 team=2
2026-04-04T14:19:02.2914969+08:00 [BUILD] action=destroyed x=191 y=268 block_id=293 block=导管桥 team=2
2026-04-04T14:19:02.2914969+08:00 [BUILD] action=destroyed x=192 y=268 block_id=287 block=脉冲导管 team=2
2026-04-04T14:19:02.2914969+08:00 [BUILD] action=destroyed x=199 y=268 block_id=220 block=塑钢墙 team=2
2026-04-04T14:19:02.2924977+08:00 [BUILD] action=destroyed x=201 y=268 block_id=365 block=幽灵 team=2
2026-04-04T14:19:02.2924977+08:00 [BUILD] action=destroyed x=204 y=268 block_id=221 block=大型塑钢墙 team=2
2026-04-04T14:19:02.2924977+08:00 [BUILD] action=destroyed x=175 y=269 block_id=258 block=钛传送带 team=2
2026-04-04T14:19:02.2924977+08:00 [BUILD] action=destroyed x=176 y=269 block_id=262 block=传送带桥 team=2
2026-04-04T14:19:02.2924977+08:00 [BUILD] action=destroyed x=180 y=269 block_id=262 block=传送带桥 team=2
2026-04-04T14:19:02.2924977+08:00 [BUILD] action=destroyed x=181 y=269 block_id=258 block=钛传送带 team=2
2026-04-04T14:19:02.2924977+08:00 [BUILD] action=destroyed x=183 y=269 block_id=314 block=大型太阳能板 team=2
2026-04-04T14:19:02.2924977+08:00 [BUILD] action=destroyed x=186 y=269 block_id=314 block=大型太阳能板 team=2
2026-04-04T14:19:02.2924977+08:00 [BUILD] action=destroyed x=191 y=269 block_id=220 block=塑钢墙 team=2
2026-04-04T14:19:02.2930083+08:00 [BUILD] action=destroyed x=192 y=269 block_id=220 block=塑钢墙 team=2
2026-04-04T14:19:02.2930083+08:00 [BUILD] action=destroyed x=194 y=269 block_id=315 block=钍反应堆 team=2
2026-04-04T14:19:02.2930083+08:00 [BUILD] action=destroyed x=197 y=269 block_id=249 block=力墙投影 team=2
2026-04-04T14:19:02.2930083+08:00 [BUILD] action=destroyed x=199 y=269 block_id=302 block=电力节点 team=2
2026-04-04T14:19:02.2930083+08:00 [BUILD] action=destroyed x=206 y=269 block_id=223 block=大型钍墙 team=2
2026-04-04T14:19:02.2930083+08:00 [BUILD] action=destroyed x=177 y=270 block_id=221 block=大型塑钢墙 team=2
2026-04-04T14:19:02.2930083+08:00 [BUILD] action=destroyed x=179 y=270 block_id=220 block=塑钢墙 team=2
2026-04-04T14:19:02.2930083+08:00 [BUILD] action=destroyed x=180 y=270 block_id=269 block=反向溢流门 team=2
2026-04-04T14:19:02.2930083+08:00 [BUILD] action=destroyed x=181 y=270 block_id=258 block=钛传送带 team=2
2026-04-04T14:19:02.2930083+08:00 [BUILD] action=destroyed x=190 y=270 block_id=220 block=塑钢墙 team=2
2026-04-04T14:19:02.2930083+08:00 [BUILD] action=destroyed x=191 y=270 block_id=221 block=大型塑钢墙 team=2
2026-04-04T14:19:02.2930083+08:00 [BUILD] action=destroyed x=204 y=270 block_id=221 block=大型塑钢墙 team=2
2026-04-04T14:19:02.2930083+08:00 [BUILD] action=destroyed x=208 y=270 block_id=288 block=电镀导管 team=2
2026-04-04T14:19:02.2930083+08:00 [BUILD] action=destroyed x=179 y=271 block_id=220 block=塑钢墙 team=2
2026-04-04T14:19:02.2930083+08:00 [BUILD] action=destroyed x=180 y=271 block_id=262 block=传送带桥 team=2
2026-04-04T14:19:02.2935149+08:00 [BUILD] action=destroyed x=181 y=271 block_id=220 block=塑钢墙 team=2
2026-04-04T14:19:02.2935149+08:00 [BUILD] action=destroyed x=182 y=271 block_id=220 block=塑钢墙 team=2
2026-04-04T14:19:02.2935149+08:00 [BUILD] action=destroyed x=183 y=271 block_id=220 block=塑钢墙 team=2
2026-04-04T14:19:02.2935149+08:00 [BUILD] action=destroyed x=184 y=271 block_id=220 block=塑钢墙 team=2
2026-04-04T14:19:02.2935149+08:00 [BUILD] action=destroyed x=185 y=271 block_id=220 block=塑钢墙 team=2
2026-04-04T14:19:02.2935149+08:00 [BUILD] action=destroyed x=186 y=271 block_id=220 block=塑钢墙 team=2
2026-04-04T14:19:02.2935149+08:00 [BUILD] action=destroyed x=187 y=271 block_id=220 block=塑钢墙 team=2
2026-04-04T14:19:02.2935149+08:00 [BUILD] action=destroyed x=190 y=271 block_id=220 block=塑钢墙 team=2
2026-04-04T14:19:02.2935149+08:00 [BUILD] action=destroyed x=193 y=271 block_id=220 block=塑钢墙 team=2
2026-04-04T14:19:02.2935149+08:00 [BUILD] action=destroyed x=194 y=271 block_id=220 block=塑钢墙 team=2
2026-04-04T14:19:02.2935149+08:00 [BUILD] action=destroyed x=195 y=271 block_id=220 block=塑钢墙 team=2
2026-04-04T14:19:02.2935149+08:00 [BUILD] action=destroyed x=196 y=271 block_id=220 block=塑钢墙 team=2
2026-04-04T14:19:02.2935149+08:00 [BUILD] action=destroyed x=197 y=271 block_id=220 block=塑钢墙 team=2
2026-04-04T14:19:02.2935149+08:00 [BUILD] action=destroyed x=200 y=271 block_id=220 block=塑钢墙 team=2
2026-04-04T14:19:02.2935149+08:00 [BUILD] action=destroyed x=201 y=271 block_id=220 block=塑钢墙 team=2
2026-04-04T14:19:02.2935149+08:00 [BUILD] action=destroyed x=202 y=271 block_id=246 block=修理投影 team=2
2026-04-04T14:19:02.2935149+08:00 [BUILD] action=destroyed x=206 y=271 block_id=223 block=大型钍墙 team=2
2026-04-04T14:19:02.2935149+08:00 [BUILD] action=destroyed x=208 y=271 block_id=288 block=电镀导管 team=2
2026-04-04T14:19:02.2935149+08:00 [BUILD] action=destroyed x=181 y=272 block_id=302 block=电力节点 team=2
2026-04-04T14:19:02.2935149+08:00 [BUILD] action=destroyed x=182 y=272 block_id=219 block=大型钛墙 team=2
2026-04-04T14:19:02.2935149+08:00 [BUILD] action=destroyed x=184 y=272 block_id=218 block=钛墙 team=2
2026-04-04T14:19:02.2935149+08:00 [BUILD] action=destroyed x=194 y=272 block_id=230 block=废墙 team=0
2026-04-04T14:19:02.2935149+08:00 [BUILD] action=destroyed x=204 y=272 block_id=221 block=大型塑钢墙 team=2
2026-04-04T14:19:02.2935149+08:00 [BUILD] action=destroyed x=178 y=273 block_id=218 block=钛墙 team=2
2026-04-04T14:19:02.2935149+08:00 [BUILD] action=destroyed x=192 y=273 block_id=230 block=废墙 team=0
2026-04-04T14:19:02.2935149+08:00 [BUILD] action=destroyed x=194 y=273 block_id=230 block=废墙 team=0
2026-04-04T14:19:02.2935149+08:00 [BUILD] action=destroyed x=195 y=273 block_id=230 block=废墙 team=0
2026-04-04T14:19:02.2935149+08:00 [BUILD] action=destroyed x=203 y=273 block_id=220 block=塑钢墙 team=2
2026-04-04T14:19:02.2935149+08:00 [BUILD] action=destroyed x=206 y=273 block_id=223 block=大型钍墙 team=2
2026-04-04T14:19:02.2935149+08:00 [BUILD] action=destroyed x=179 y=274 block_id=266 block=路由器 team=2
2026-04-04T14:19:02.2935149+08:00 [BUILD] action=destroyed x=180 y=274 block_id=262 block=传送带桥 team=2
2026-04-04T14:19:02.2945258+08:00 [BUILD] action=destroyed x=181 y=274 block_id=266 block=路由器 team=2
2026-04-04T14:19:02.2945258+08:00 [BUILD] action=destroyed x=182 y=274 block_id=258 block=钛传送带 team=2
2026-04-04T14:19:02.2945258+08:00 [BUILD] action=destroyed x=183 y=274 block_id=258 block=钛传送带 team=2
2026-04-04T14:19:02.2945258+08:00 [BUILD] action=destroyed x=184 y=274 block_id=258 block=钛传送带 team=2
2026-04-04T14:19:02.2945258+08:00 [BUILD] action=destroyed x=185 y=274 block_id=358 block=齐射 team=2
2026-04-04T14:19:02.2945258+08:00 [BUILD] action=destroyed x=190 y=274 block_id=230 block=废墙 team=0
2026-04-04T14:19:02.2945258+08:00 [BUILD] action=destroyed x=192 y=274 block_id=230 block=废墙 team=0
2026-04-04T14:19:02.2945258+08:00 [BUILD] action=destroyed x=200 y=274 block_id=221 block=大型塑钢墙 team=2
2026-04-04T14:19:02.2945258+08:00 [BUILD] action=destroyed x=202 y=274 block_id=221 block=大型塑钢墙 team=2
2026-04-04T14:19:02.2945258+08:00 [BUILD] action=destroyed x=204 y=274 block_id=221 block=大型塑钢墙 team=2
2026-04-04T14:19:02.2950358+08:00 [BUILD] action=destroyed x=180 y=275 block_id=266 block=路由器 team=2
2026-04-04T14:19:02.2950358+08:00 [BUILD] action=destroyed x=181 y=275 block_id=258 block=钛传送带 team=2
2026-04-04T14:19:02.2950358+08:00 [BUILD] action=destroyed x=182 y=275 block_id=329 block=抽水机 team=2
2026-04-04T14:19:02.2950358+08:00 [BUILD] action=destroyed x=184 y=275 block_id=287 block=脉冲导管 team=2
2026-04-04T14:19:02.2950358+08:00 [BUILD] action=destroyed x=190 y=275 block_id=349 block=双管 team=0
2026-04-04T14:19:02.2950358+08:00 [BUILD] action=destroyed x=191 y=275 block_id=325 block=机械钻头 team=0
2026-04-04T14:19:02.2950358+08:00 [BUILD] action=destroyed x=198 y=275 block_id=230 block=废墙 team=0
2026-04-04T14:19:02.2950358+08:00 [BUILD] action=destroyed x=181 y=276 block_id=302 block=电力节点 team=2
2026-04-04T14:19:02.2950358+08:00 [BUILD] action=destroyed x=188 y=276 block_id=218 block=钛墙 team=2
2026-04-04T14:19:02.2950358+08:00 [BUILD] action=destroyed x=200 y=276 block_id=221 block=大型塑钢墙 team=2
2026-04-04T14:19:02.2950358+08:00 [BUILD] action=destroyed x=202 y=276 block_id=220 block=塑钢墙 team=2
2026-04-04T14:19:02.2950358+08:00 [BUILD] action=destroyed x=203 y=276 block_id=220 block=塑钢墙 team=2
2026-04-04T14:19:02.2950358+08:00 [BUILD] action=destroyed x=183 y=277 block_id=287 block=脉冲导管 team=2
2026-04-04T14:19:02.2955467+08:00 [BUILD] action=destroyed x=188 y=277 block_id=218 block=钛墙 team=2
2026-04-04T14:19:02.2955467+08:00 [BUILD] action=destroyed x=195 y=277 block_id=257 block=传送带 team=0
2026-04-04T14:19:02.2955467+08:00 [BUILD] action=destroyed x=196 y=277 block_id=349 block=双管 team=0
2026-04-04T14:19:02.2955467+08:00 [BUILD] action=destroyed x=199 y=277 block_id=230 block=废墙 team=0
2026-04-04T14:19:02.2955467+08:00 [BUILD] action=destroyed x=186 y=278 block_id=358 block=齐射 team=2
2026-04-04T14:19:02.2955467+08:00 [BUILD] action=destroyed x=190 y=279 block_id=230 block=废墙 team=0
2026-04-04T14:19:02.2955467+08:00 [BUILD] action=destroyed x=193 y=279 block_id=325 block=机械钻头 team=0
2026-04-04T14:19:03.2429885+08:00 [CHAT] from="[#F285D1]月[#8982edff]子[#87ceebff]芳 I\uf7a9\uf7be" player_id=1 uuid=MAv3KaDNyXEAAAAAz4iNgQ== ip=10.147.17.101:57627 msg="/help"
2026-04-04T14:19:07.581999+08:00 [CHAT] from="[#F285D1]月[#8982edff]子[#87ceebff]芳 I\uf7a9\uf7be" player_id=1 uuid=MAv3KaDNyXEAAAAAz4iNgQ== ip=10.147.17.101:57627 msg="/help"
2026-04-04T14:19:08.7765302+08:00 [CHAT] from="[#F285D1]月[#8982edff]子[#87ceebff]芳 I\uf7a9\uf7be" player_id=1 uuid=MAv3KaDNyXEAAAAAz4iNgQ== ip=10.147.17.101:57627 msg="/stop"
