2026-04-04T08:47:17.7831145Z [NET] kind=tcp_accept packet= conn_id=48385010 uuid= ip=10.147.17.101 name="" detail=
2026-04-04T08:47:17.7959098Z [NET] kind=connect_packet packet=*protocol.ConnectPacket conn_id=79926 uuid=MAv3KaDNyXEAAAAAz4iNgQ== ip=10.147.17.101 name="" detail=version=156 type=official mods=0
2026-04-04T08:47:17.8709874Z [NET] kind=world_handshake_sent packet= conn_id=79926 uuid=MAv3KaDNyXEAAAAAz4iNgQ== ip=10.147.17.101 name="[scarlet]（未绑定杂鱼~）[][#F285D1]月[#8982edff]子[#87ceebff]芳 I\uf7a9\uf7be[gray]79926[]" detail=
2026-04-04T08:47:18.4422532Z [NET] kind=connect_confirm_client_snapshot packet=*protocol.Remote_NetServer_clientSnapshot_22 conn_id=79926 uuid=MAv3KaDNyXEAAAAAz4iNgQ== ip=10.147.17.101 name="[scarlet]（未绑定杂鱼~）[][#F285D1]月[#8982edff]子[#87ceebff]芳 I\uf7a9\uf7be[gray]79926[]" detail=
2026-04-04T16:47:18.4959266+08:00 [RESPAWN] player="[#F285D1]月[#8982edff]子[#87ceebff]芳 I\uf7a9\uf7be" team=1 core=core-nucleus core_x=288 core_y=148 spawn_x=288 spawn_y=148
2026-04-04T16:47:18.5091665+08:00 [RESPAWN] player="[#F285D1]月[#8982edff]子[#87ceebff]芳 I\uf7a9\uf7be" team=1 unit=37 build_speed=1.00 spawn_x=288 spawn_y=148
2026-04-04T16:47:19.0815445+08:00 [RESPAWN] player="[#F285D1]月[#8982edff]子[#87ceebff]芳 I\uf7a9\uf7be" team=1 core=core-nucleus core_x=288 core_y=148 spawn_x=288 spawn_y=148
2026-04-04T16:47:19.0932781+08:00 [RESPAWN] player="[#F285D1]月[#8982edff]子[#87ceebff]芳 I\uf7a9\uf7be" team=1 unit=37 build_speed=1.00 spawn_x=288 spawn_y=148
2026-04-04T16:47:19.6655867+08:00 [RESPAWN] player="[#F285D1]月[#8982edff]子[#87ceebff]芳 I\uf7a9\uf7be" team=1 core=core-nucleus core_x=288 core_y=148 spawn_x=288 spawn_y=148
2026-04-04T16:47:19.6746492+08:00 [RESPAWN] player="[#F285D1]月[#8982edff]子[#87ceebff]芳 I\uf7a9\uf7be" team=1 unit=37 build_speed=1.00 spawn_x=288 spawn_y=148
2026-04-04T16:47:20.2745714+08:00 [RESPAWN] player="[#F285D1]月[#8982edff]子[#87ceebff]芳 I\uf7a9\uf7be" team=1 core=core-nucleus core_x=288 core_y=148 spawn_x=288 spawn_y=148
2026-04-04T16:47:20.2827566+08:00 [RESPAWN] player="[#F285D1]月[#8982edff]子[#87ceebff]芳 I\uf7a9\uf7be" team=1 unit=37 build_speed=1.00 spawn_x=288 spawn_y=148
2026-04-04T16:47:20.828496+08:00 [RESPAWN] player="[#F285D1]月[#8982edff]子[#87ceebff]芳 I\uf7a9\uf7be" team=1 core=core-nucleus core_x=288 core_y=148 spawn_x=288 spawn_y=148
2026-04-04T16:47:20.837591+08:00 [RESPAWN] player="[#F285D1]月[#8982edff]子[#87ceebff]芳 I\uf7a9\uf7be" team=1 unit=37 build_speed=1.00 spawn_x=288 spawn_y=148
2026-04-04T16:47:21.4104405+08:00 [RESPAWN] player="[#F285D1]月[#8982edff]子[#87ceebff]芳 I\uf7a9\uf7be" team=1 core=core-nucleus core_x=288 core_y=148 spawn_x=288 spawn_y=148
2026-04-04T16:47:21.4194994+08:00 [RESPAWN] player="[#F285D1]月[#8982edff]子[#87ceebff]芳 I\uf7a9\uf7be" team=1 unit=37 build_speed=1.00 spawn_x=288 spawn_y=148
2026-04-04T16:47:22.0279974+08:00 [RESPAWN] player="[#F285D1]月[#8982edff]子[#87ceebff]芳 I\uf7a9\uf7be" team=1 core=core-nucleus core_x=288 core_y=148 spawn_x=288 spawn_y=148
2026-04-04T16:47:22.0361724+08:00 [RESPAWN] player="[#F285D1]月[#8982edff]子[#87ceebff]芳 I\uf7a9\uf7be" team=1 unit=37 build_speed=1.00 spawn_x=288 spawn_y=148
2026-04-04T16:47:22.6429855+08:00 [RESPAWN] player="[#F285D1]月[#8982edff]子[#87ceebff]芳 I\uf7a9\uf7be" team=1 core=core-nucleus core_x=288 core_y=148 spawn_x=288 spawn_y=148
2026-04-04T16:47:22.652671+08:00 [RESPAWN] player="[#F285D1]月[#8982edff]子[#87ceebff]芳 I\uf7a9\uf7be" team=1 unit=37 build_speed=1.00 spawn_x=288 spawn_y=148
2026-04-04T16:47:23.1924657+08:00 [RESPAWN] player="[#F285D1]月[#8982edff]子[#87ceebff]芳 I\uf7a9\uf7be" team=1 core=core-nucleus core_x=288 core_y=148 spawn_x=288 spawn_y=148
2026-04-04T16:47:23.201642+08:00 [RESPAWN] player="[#F285D1]月[#8982edff]子[#87ceebff]芳 I\uf7a9\uf7be" team=1 unit=37 build_speed=1.00 spawn_x=288 spawn_y=148
2026-04-04T16:47:23.7992167+08:00 [RESPAWN] player="[#F285D1]月[#8982edff]子[#87ceebff]芳 I\uf7a9\uf7be" team=1 core=core-nucleus core_x=288 core_y=148 spawn_x=288 spawn_y=148
2026-04-04T16:47:23.8087623+08:00 [RESPAWN] player="[#F285D1]月[#8982edff]子[#87ceebff]芳 I\uf7a9\uf7be" team=1 unit=37 build_speed=1.00 spawn_x=288 spawn_y=148
2026-04-04T16:47:24.379894+08:00 [RESPAWN] player="[#F285D1]月[#8982edff]子[#87ceebff]芳 I\uf7a9\uf7be" team=1 core=core-nucleus core_x=288 core_y=148 spawn_x=288 spawn_y=148
2026-04-04T16:47:24.3899358+08:00 [RESPAWN] player="[#F285D1]月[#8982edff]子[#87ceebff]芳 I\uf7a9\uf7be" team=1 unit=37 build_speed=1.00 spawn_x=288 spawn_y=148
2026-04-04T16:47:24.9744018+08:00 [RESPAWN] player="[#F285D1]月[#8982edff]子[#87ceebff]芳 I\uf7a9\uf7be" team=1 core=core-nucleus core_x=288 core_y=148 spawn_x=288 spawn_y=148
2026-04-04T16:47:24.9837659+08:00 [RESPAWN] player="[#F285D1]月[#8982edff]子[#87ceebff]芳 I\uf7a9\uf7be" team=1 unit=37 build_speed=1.00 spawn_x=288 spawn_y=148
2026-04-04T16:47:25.5277965+08:00 [RESPAWN] player="[#F285D1]月[#8982edff]子[#87ceebff]芳 I\uf7a9\uf7be" team=1 core=core-nucleus core_x=288 core_y=148 spawn_x=288 spawn_y=148
2026-04-04T16:47:25.53641+08:00 [RESPAWN] player="[#F285D1]月[#8982edff]子[#87ceebff]芳 I\uf7a9\uf7be" team=1 unit=37 build_speed=1.00 spawn_x=288 spawn_y=148
2026-04-04T16:47:26.1432581+08:00 [RESPAWN] player="[#F285D1]月[#8982edff]子[#87ceebff]芳 I\uf7a9\uf7be" team=1 core=core-nucleus core_x=288 core_y=148 spawn_x=288 spawn_y=148
2026-04-04T16:47:26.1525199+08:00 [RESPAWN] player="[#F285D1]月[#8982edff]子[#87ceebff]芳 I\uf7a9\uf7be" team=1 unit=37 build_speed=1.00 spawn_x=288 spawn_y=148
2026-04-04T16:47:26.7257394+08:00 [RESPAWN] player="[#F285D1]月[#8982edff]子[#87ceebff]芳 I\uf7a9\uf7be" team=1 core=core-nucleus core_x=288 core_y=148 spawn_x=288 spawn_y=148
2026-04-04T16:47:26.7341984+08:00 [RESPAWN] player="[#F285D1]月[#8982edff]子[#87ceebff]芳 I\uf7a9\uf7be" team=1 unit=37 build_speed=1.00 spawn_x=288 spawn_y=148
2026-04-04T16:47:27.3037797+08:00 [RESPAWN] player="[#F285D1]月[#8982edff]子[#87ceebff]芳 I\uf7a9\uf7be" team=1 core=core-nucleus core_x=288 core_y=148 spawn_x=288 spawn_y=148
2026-04-04T16:47:27.3130292+08:00 [RESPAWN] player="[#F285D1]月[#8982edff]子[#87ceebff]芳 I\uf7a9\uf7be" team=1 unit=37 build_speed=1.00 spawn_x=288 spawn_y=148
2026-04-04T16:47:27.9162628+08:00 [RESPAWN] player="[#F285D1]月[#8982edff]子[#87ceebff]芳 I\uf7a9\uf7be" team=1 core=core-nucleus core_x=288 core_y=148 spawn_x=288 spawn_y=148
2026-04-04T16:47:27.9243064+08:00 [RESPAWN] player="[#F285D1]月[#8982edff]子[#87ceebff]芳 I\uf7a9\uf7be" team=1 unit=37 build_speed=1.00 spawn_x=288 spawn_y=148
2026-04-04T16:47:28.4962394+08:00 [RESPAWN] player="[#F285D1]月[#8982edff]子[#87ceebff]芳 I\uf7a9\uf7be" team=1 core=core-nucleus core_x=288 core_y=148 spawn_x=288 spawn_y=148
2026-04-04T16:47:28.5089396+08:00 [RESPAWN] player="[#F285D1]月[#8982edff]子[#87ceebff]芳 I\uf7a9\uf7be" team=1 unit=37 build_speed=1.00 spawn_x=288 spawn_y=148
2026-04-04T16:47:29.0633225+08:00 [RESPAWN] player="[#F285D1]月[#8982edff]子[#87ceebff]芳 I\uf7a9\uf7be" team=1 core=core-nucleus core_x=288 core_y=148 spawn_x=288 spawn_y=148
2026-04-04T16:47:29.0773088+08:00 [RESPAWN] player="[#F285D1]月[#8982edff]子[#87ceebff]芳 I\uf7a9\uf7be" team=1 unit=37 build_speed=1.00 spawn_x=288 spawn_y=148
2026-04-04T16:47:29.6637878+08:00 [RESPAWN] player="[#F285D1]月[#8982edff]子[#87ceebff]芳 I\uf7a9\uf7be" team=1 core=core-nucleus core_x=288 core_y=148 spawn_x=288 spawn_y=148
2026-04-04T16:47:29.6738345+08:00 [RESPAWN] player="[#F285D1]月[#8982edff]子[#87ceebff]芳 I\uf7a9\uf7be" team=1 unit=37 build_speed=1.00 spawn_x=288 spawn_y=148
2026-04-04T16:47:30.2168922+08:00 [RESPAWN] player="[#F285D1]月[#8982edff]子[#87ceebff]芳 I\uf7a9\uf7be" team=1 core=core-nucleus core_x=288 core_y=148 spawn_x=288 spawn_y=148
2026-04-04T16:47:30.2297348+08:00 [RESPAWN] player="[#F285D1]月[#8982edff]子[#87ceebff]芳 I\uf7a9\uf7be" team=1 unit=37 build_speed=1.00 spawn_x=288 spawn_y=148
2026-04-04T16:47:30.834515+08:00 [RESPAWN] player="[#F285D1]月[#8982edff]子[#87ceebff]芳 I\uf7a9\uf7be" team=1 core=core-nucleus core_x=288 core_y=148 spawn_x=288 spawn_y=148
2026-04-04T16:47:30.8449567+08:00 [RESPAWN] player="[#F285D1]月[#8982edff]子[#87ceebff]芳 I\uf7a9\uf7be" team=1 unit=37 build_speed=1.00 spawn_x=288 spawn_y=148
2026-04-04T16:47:31.410477+08:00 [RESPAWN] player="[#F285D1]月[#8982edff]子[#87ceebff]芳 I\uf7a9\uf7be" team=1 core=core-nucleus core_x=288 core_y=148 spawn_x=288 spawn_y=148
2026-04-04T16:47:31.4186121+08:00 [RESPAWN] player="[#F285D1]月[#8982edff]子[#87ceebff]芳 I\uf7a9\uf7be" team=1 unit=37 build_speed=1.00 spawn_x=288 spawn_y=148
2026-04-04T16:47:32.0087708+08:00 [RESPAWN] player="[#F285D1]月[#8982edff]子[#87ceebff]芳 I\uf7a9\uf7be" team=1 core=core-nucleus core_x=288 core_y=148 spawn_x=288 spawn_y=148
2026-04-04T16:47:32.0175244+08:00 [RESPAWN] player="[#F285D1]月[#8982edff]子[#87ceebff]芳 I\uf7a9\uf7be" team=1 unit=37 build_speed=1.00 spawn_x=288 spawn_y=148
2026-04-04T16:47:32.5792032+08:00 [RESPAWN] player="[#F285D1]月[#8982edff]子[#87ceebff]芳 I\uf7a9\uf7be" team=1 core=core-nucleus core_x=288 core_y=148 spawn_x=288 spawn_y=148
2026-04-04T16:47:32.5882963+08:00 [RESPAWN] player="[#F285D1]月[#8982edff]子[#87ceebff]芳 I\uf7a9\uf7be" team=1 unit=37 build_speed=1.00 spawn_x=288 spawn_y=148
2026-04-04T16:47:33.2021409+08:00 [RESPAWN] player="[#F285D1]月[#8982edff]子[#87ceebff]芳 I\uf7a9\uf7be" team=1 core=core-nucleus core_x=288 core_y=148 spawn_x=288 spawn_y=148
2026-04-04T16:47:33.2114086+08:00 [RESPAWN] player="[#F285D1]月[#8982edff]子[#87ceebff]芳 I\uf7a9\uf7be" team=1 unit=37 build_speed=1.00 spawn_x=288 spawn_y=148
2026-04-04T16:47:33.7946599+08:00 [RESPAWN] player="[#F285D1]月[#8982edff]子[#87ceebff]芳 I\uf7a9\uf7be" team=1 core=core-nucleus core_x=288 core_y=148 spawn_x=288 spawn_y=148
2026-04-04T16:47:33.8032872+08:00 [RESPAWN] player="[#F285D1]月[#8982edff]子[#87ceebff]芳 I\uf7a9\uf7be" team=1 unit=37 build_speed=1.00 spawn_x=288 spawn_y=148
2026-04-04T16:47:34.3829479+08:00 [RESPAWN] player="[#F285D1]月[#8982edff]子[#87ceebff]芳 I\uf7a9\uf7be" team=1 core=core-nucleus core_x=288 core_y=148 spawn_x=288 spawn_y=148
2026-04-04T16:47:34.3961237+08:00 [RESPAWN] player="[#F285D1]月[#8982edff]子[#87ceebff]芳 I\uf7a9\uf7be" team=1 unit=37 build_speed=1.00 spawn_x=288 spawn_y=148
2026-04-04T16:47:34.9813826+08:00 [RESPAWN] player="[#F285D1]月[#8982edff]子[#87ceebff]芳 I\uf7a9\uf7be" team=1 core=core-nucleus core_x=288 core_y=148 spawn_x=288 spawn_y=148
2026-04-04T16:47:34.9936804+08:00 [RESPAWN] player="[#F285D1]月[#8982edff]子[#87ceebff]芳 I\uf7a9\uf7be" team=1 unit=37 build_speed=1.00 spawn_x=288 spawn_y=148
2026-04-04T16:47:35.5825616+08:00 [RESPAWN] player="[#F285D1]月[#8982edff]子[#87ceebff]芳 I\uf7a9\uf7be" team=1 core=core-nucleus core_x=288 core_y=148 spawn_x=288 spawn_y=148
2026-04-04T16:47:35.5931079+08:00 [RESPAWN] player="[#F285D1]月[#8982edff]子[#87ceebff]芳 I\uf7a9\uf7be" team=1 unit=37 build_speed=1.00 spawn_x=288 spawn_y=148
2026-04-04T16:47:36.1828667+08:00 [RESPAWN] player="[#F285D1]月[#8982edff]子[#87ceebff]芳 I\uf7a9\uf7be" team=1 core=core-nucleus core_x=288 core_y=148 spawn_x=288 spawn_y=148
2026-04-04T16:47:36.1955821+08:00 [RESPAWN] player="[#F285D1]月[#8982edff]子[#87ceebff]芳 I\uf7a9\uf7be" team=1 unit=37 build_speed=1.00 spawn_x=288 spawn_y=148
2026-04-04T16:47:36.7944553+08:00 [RESPAWN] player="[#F285D1]月[#8982edff]子[#87ceebff]芳 I\uf7a9\uf7be" team=1 core=core-nucleus core_x=288 core_y=148 spawn_x=288 spawn_y=148
2026-04-04T16:47:36.8066627+08:00 [RESPAWN] player="[#F285D1]月[#8982edff]子[#87ceebff]芳 I\uf7a9\uf7be" team=1 unit=37 build_speed=1.00 spawn_x=288 spawn_y=148
2026-04-04T16:47:37.364995+08:00 [RESPAWN] player="[#F285D1]月[#8982edff]子[#87ceebff]芳 I\uf7a9\uf7be" team=1 core=core-nucleus core_x=288 core_y=148 spawn_x=288 spawn_y=148
2026-04-04T16:47:37.374146+08:00 [RESPAWN] player="[#F285D1]月[#8982edff]子[#87ceebff]芳 I\uf7a9\uf7be" team=1 unit=37 build_speed=1.00 spawn_x=288 spawn_y=148
2026-04-04T16:47:37.9569737+08:00 [RESPAWN] player="[#F285D1]月[#8982edff]子[#87ceebff]芳 I\uf7a9\uf7be" team=1 core=core-nucleus core_x=288 core_y=148 spawn_x=288 spawn_y=148
2026-04-04T16:47:37.9655423+08:00 [RESPAWN] player="[#F285D1]月[#8982edff]子[#87ceebff]芳 I\uf7a9\uf7be" team=1 unit=37 build_speed=1.00 spawn_x=288 spawn_y=148
2026-04-04T16:47:38.5704602+08:00 [RESPAWN] player="[#F285D1]月[#8982edff]子[#87ceebff]芳 I\uf7a9\uf7be" team=1 core=core-nucleus core_x=288 core_y=148 spawn_x=288 spawn_y=148
2026-04-04T16:47:38.5796899+08:00 [RESPAWN] player="[#F285D1]月[#8982edff]子[#87ceebff]芳 I\uf7a9\uf7be" team=1 unit=37 build_speed=1.00 spawn_x=288 spawn_y=148
2026-04-04T16:47:39.1279281+08:00 [RESPAWN] player="[#F285D1]月[#8982edff]子[#87ceebff]芳 I\uf7a9\uf7be" team=1 core=core-nucleus core_x=288 core_y=148 spawn_x=288 spawn_y=148
2026-04-04T16:47:39.1376002+08:00 [RESPAWN] player="[#F285D1]月[#8982edff]子[#87ceebff]芳 I\uf7a9\uf7be" team=1 unit=37 build_speed=1.00 spawn_x=288 spawn_y=148
2026-04-04T16:47:39.7117886+08:00 [RESPAWN] player="[#F285D1]月[#8982edff]子[#87ceebff]芳 I\uf7a9\uf7be" team=1 core=core-nucleus core_x=288 core_y=148 spawn_x=288 spawn_y=148
2026-04-04T16:47:39.7213698+08:00 [RESPAWN] player="[#F285D1]月[#8982edff]子[#87ceebff]芳 I\uf7a9\uf7be" team=1 unit=37 build_speed=1.00 spawn_x=288 spawn_y=148
2026-04-04T16:47:40.3063906+08:00 [RESPAWN] player="[#F285D1]月[#8982edff]子[#87ceebff]芳 I\uf7a9\uf7be" team=1 core=core-nucleus core_x=288 core_y=148 spawn_x=288 spawn_y=148
2026-04-04T16:47:40.3159702+08:00 [RESPAWN] player="[#F285D1]月[#8982edff]子[#87ceebff]芳 I\uf7a9\uf7be" team=1 unit=37 build_speed=1.00 spawn_x=288 spawn_y=148
2026-04-04T16:47:40.8569529+08:00 [RESPAWN] player="[#F285D1]月[#8982edff]子[#87ceebff]芳 I\uf7a9\uf7be" team=1 core=core-nucleus core_x=288 core_y=148 spawn_x=288 spawn_y=148
2026-04-04T16:47:40.8655554+08:00 [RESPAWN] player="[#F285D1]月[#8982edff]子[#87ceebff]芳 I\uf7a9\uf7be" team=1 unit=37 build_speed=1.00 spawn_x=288 spawn_y=148
2026-04-04T16:47:41.4062912+08:00 [RESPAWN] player="[#F285D1]月[#8982edff]子[#87ceebff]芳 I\uf7a9\uf7be" team=1 core=core-nucleus core_x=288 core_y=148 spawn_x=288 spawn_y=148
2026-04-04T16:47:41.4151114+08:00 [RESPAWN] player="[#F285D1]月[#8982edff]子[#87ceebff]芳 I\uf7a9\uf7be" team=1 unit=37 build_speed=1.00 spawn_x=288 spawn_y=148
2026-04-04T16:47:42.0139953+08:00 [RESPAWN] player="[#F285D1]月[#8982edff]子[#87ceebff]芳 I\uf7a9\uf7be" team=1 core=core-nucleus core_x=288 core_y=148 spawn_x=288 spawn_y=148
2026-04-04T16:47:42.0240977+08:00 [RESPAWN] player="[#F285D1]月[#8982edff]子[#87ceebff]芳 I\uf7a9\uf7be" team=1 unit=37 build_speed=1.00 spawn_x=288 spawn_y=148
2026-04-04T16:47:42.591766+08:00 [RESPAWN] player="[#F285D1]月[#8982edff]子[#87ceebff]芳 I\uf7a9\uf7be" team=1 core=core-nucleus core_x=288 core_y=148 spawn_x=288 spawn_y=148
2026-04-04T16:47:42.6008742+08:00 [RESPAWN] player="[#F285D1]月[#8982edff]子[#87ceebff]芳 I\uf7a9\uf7be" team=1 unit=37 build_speed=1.00 spawn_x=288 spawn_y=148
2026-04-04T16:47:43.2028255+08:00 [RESPAWN] player="[#F285D1]月[#8982edff]子[#87ceebff]芳 I\uf7a9\uf7be" team=1 core=core-nucleus core_x=288 core_y=148 spawn_x=288 spawn_y=148
2026-04-04T16:47:43.2132952+08:00 [RESPAWN] player="[#F285D1]月[#8982edff]子[#87ceebff]芳 I\uf7a9\uf7be" team=1 unit=37 build_speed=1.00 spawn_x=288 spawn_y=148
2026-04-04T16:47:43.7738883+08:00 [RESPAWN] player="[#F285D1]月[#8982edff]子[#87ceebff]芳 I\uf7a9\uf7be" team=1 core=core-nucleus core_x=288 core_y=148 spawn_x=288 spawn_y=148
2026-04-04T16:47:43.7875554+08:00 [RESPAWN] player="[#F285D1]月[#8982edff]子[#87ceebff]芳 I\uf7a9\uf7be" team=1 unit=37 build_speed=1.00 spawn_x=288 spawn_y=148
2026-04-04T16:47:44.3805094+08:00 [RESPAWN] player="[#F285D1]月[#8982edff]子[#87ceebff]芳 I\uf7a9\uf7be" team=1 core=core-nucleus core_x=288 core_y=148 spawn_x=288 spawn_y=148
2026-04-04T16:47:44.3924846+08:00 [RESPAWN] player="[#F285D1]月[#8982edff]子[#87ceebff]芳 I\uf7a9\uf7be" team=1 unit=37 build_speed=1.00 spawn_x=288 spawn_y=148
2026-04-04T16:47:44.9611631+08:00 [RESPAWN] player="[#F285D1]月[#8982edff]子[#87ceebff]芳 I\uf7a9\uf7be" team=1 core=core-nucleus core_x=288 core_y=148 spawn_x=288 spawn_y=148
2026-04-04T16:47:44.9711929+08:00 [RESPAWN] player="[#F285D1]月[#8982edff]子[#87ceebff]芳 I\uf7a9\uf7be" team=1 unit=37 build_speed=1.00 spawn_x=288 spawn_y=148
2026-04-04T16:47:45.5120851+08:00 [RESPAWN] player="[#F285D1]月[#8982edff]子[#87ceebff]芳 I\uf7a9\uf7be" team=1 core=core-nucleus core_x=288 core_y=148 spawn_x=288 spawn_y=148
2026-04-04T16:47:45.543506+08:00 [RESPAWN] player="[#F285D1]月[#8982edff]子[#87ceebff]芳 I\uf7a9\uf7be" team=1 unit=37 build_speed=1.00 spawn_x=288 spawn_y=148
2026-04-04T16:47:46.1107801+08:00 [RESPAWN] player="[#F285D1]月[#8982edff]子[#87ceebff]芳 I\uf7a9\uf7be" team=1 core=core-nucleus core_x=288 core_y=148 spawn_x=288 spawn_y=148
2026-04-04T16:47:46.1193568+08:00 [RESPAWN] player="[#F285D1]月[#8982edff]子[#87ceebff]芳 I\uf7a9\uf7be" team=1 unit=37 build_speed=1.00 spawn_x=288 spawn_y=148
2026-04-04T16:47:46.6937312+08:00 [RESPAWN] player="[#F285D1]月[#8982edff]子[#87ceebff]芳 I\uf7a9\uf7be" team=1 core=core-nucleus core_x=288 core_y=148 spawn_x=288 spawn_y=148
2026-04-04T16:47:46.7038336+08:00 [RESPAWN] player="[#F285D1]月[#8982edff]子[#87ceebff]芳 I\uf7a9\uf7be" team=1 unit=37 build_speed=1.00 spawn_x=288 spawn_y=148
2026-04-04T16:47:47.3090654+08:00 [RESPAWN] player="[#F285D1]月[#8982edff]子[#87ceebff]芳 I\uf7a9\uf7be" team=1 core=core-nucleus core_x=288 core_y=148 spawn_x=288 spawn_y=148
2026-04-04T16:47:47.3177306+08:00 [RESPAWN] player="[#F285D1]月[#8982edff]子[#87ceebff]芳 I\uf7a9\uf7be" team=1 unit=37 build_speed=1.00 spawn_x=288 spawn_y=148
2026-04-04T16:47:47.8561728+08:00 [RESPAWN] player="[#F285D1]月[#8982edff]子[#87ceebff]芳 I\uf7a9\uf7be" team=1 core=core-nucleus core_x=288 core_y=148 spawn_x=288 spawn_y=148
2026-04-04T16:47:47.8653515+08:00 [RESPAWN] player="[#F285D1]月[#8982edff]子[#87ceebff]芳 I\uf7a9\uf7be" team=1 unit=37 build_speed=1.00 spawn_x=288 spawn_y=148
2026-04-04T16:47:48.4625229+08:00 [RESPAWN] player="[#F285D1]月[#8982edff]子[#87ceebff]芳 I\uf7a9\uf7be" team=1 core=core-nucleus core_x=288 core_y=148 spawn_x=288 spawn_y=148
2026-04-04T16:47:48.4703561+08:00 [RESPAWN] player="[#F285D1]月[#8982edff]子[#87ceebff]芳 I\uf7a9\uf7be" team=1 unit=37 build_speed=1.00 spawn_x=288 spawn_y=148
2026-04-04T16:47:49.0133949+08:00 [RESPAWN] player="[#F285D1]月[#8982edff]子[#87ceebff]芳 I\uf7a9\uf7be" team=1 core=core-nucleus core_x=288 core_y=148 spawn_x=288 spawn_y=148
2026-04-04T16:47:49.0238177+08:00 [RESPAWN] player="[#F285D1]月[#8982edff]子[#87ceebff]芳 I\uf7a9\uf7be" team=1 unit=37 build_speed=1.00 spawn_x=288 spawn_y=148
2026-04-04T16:47:49.6102205+08:00 [RESPAWN] player="[#F285D1]月[#8982edff]子[#87ceebff]芳 I\uf7a9\uf7be" team=1 core=core-nucleus core_x=288 core_y=148 spawn_x=288 spawn_y=148
2026-04-04T16:47:49.6202959+08:00 [RESPAWN] player="[#F285D1]月[#8982edff]子[#87ceebff]芳 I\uf7a9\uf7be" team=1 unit=37 build_speed=1.00 spawn_x=288 spawn_y=148
2026-04-04T16:47:50.193555+08:00 [RESPAWN] player="[#F285D1]月[#8982edff]子[#87ceebff]芳 I\uf7a9\uf7be" team=1 core=core-nucleus core_x=288 core_y=148 spawn_x=288 spawn_y=148
2026-04-04T16:47:50.2086683+08:00 [RESPAWN] player="[#F285D1]月[#8982edff]子[#87ceebff]芳 I\uf7a9\uf7be" team=1 unit=37 build_speed=1.00 spawn_x=288 spawn_y=148
2026-04-04T16:47:50.8151127+08:00 [RESPAWN] player="[#F285D1]月[#8982edff]子[#87ceebff]芳 I\uf7a9\uf7be" team=1 core=core-nucleus core_x=288 core_y=148 spawn_x=288 spawn_y=148
2026-04-04T16:47:50.8264339+08:00 [RESPAWN] player="[#F285D1]月[#8982edff]子[#87ceebff]芳 I\uf7a9\uf7be" team=1 unit=37 build_speed=1.00 spawn_x=288 spawn_y=148
2026-04-04T16:47:51.4391977+08:00 [RESPAWN] player="[#F285D1]月[#8982edff]子[#87ceebff]芳 I\uf7a9\uf7be" team=1 core=core-nucleus core_x=288 core_y=148 spawn_x=288 spawn_y=148
2026-04-04T16:47:51.4483047+08:00 [RESPAWN] player="[#F285D1]月[#8982edff]子[#87ceebff]芳 I\uf7a9\uf7be" team=1 unit=37 build_speed=1.00 spawn_x=288 spawn_y=148
2026-04-04T16:47:52.0238797+08:00 [RESPAWN] player="[#F285D1]月[#8982edff]子[#87ceebff]芳 I\uf7a9\uf7be" team=1 core=core-nucleus core_x=288 core_y=148 spawn_x=288 spawn_y=148
2026-04-04T16:47:52.0328042+08:00 [RESPAWN] player="[#F285D1]月[#8982edff]子[#87ceebff]芳 I\uf7a9\uf7be" team=1 unit=37 build_speed=1.00 spawn_x=288 spawn_y=148
2026-04-04T16:47:52.6002271+08:00 [RESPAWN] player="[#F285D1]月[#8982edff]子[#87ceebff]芳 I\uf7a9\uf7be" team=1 core=core-nucleus core_x=288 core_y=148 spawn_x=288 spawn_y=148
2026-04-04T16:47:52.6111756+08:00 [RESPAWN] player="[#F285D1]月[#8982edff]子[#87ceebff]芳 I\uf7a9\uf7be" team=1 unit=37 build_speed=1.00 spawn_x=288 spawn_y=148
2026-04-04T16:47:53.2152002+08:00 [RESPAWN] player="[#F285D1]月[#8982edff]子[#87ceebff]芳 I\uf7a9\uf7be" team=1 core=core-nucleus core_x=288 core_y=148 spawn_x=288 spawn_y=148
2026-04-04T16:47:53.2284579+08:00 [RESPAWN] player="[#F285D1]月[#8982edff]子[#87ceebff]芳 I\uf7a9\uf7be" team=1 unit=37 build_speed=1.00 spawn_x=288 spawn_y=148
2026-04-04T16:47:53.8236377+08:00 [RESPAWN] player="[#F285D1]月[#8982edff]子[#87ceebff]芳 I\uf7a9\uf7be" team=1 core=core-nucleus core_x=288 core_y=148 spawn_x=288 spawn_y=148
2026-04-04T16:47:53.8323326+08:00 [RESPAWN] player="[#F285D1]月[#8982edff]子[#87ceebff]芳 I\uf7a9\uf7be" team=1 unit=37 build_speed=1.00 spawn_x=288 spawn_y=148
2026-04-04T16:47:54.4279482+08:00 [RESPAWN] player="[#F285D1]月[#8982edff]子[#87ceebff]芳 I\uf7a9\uf7be" team=1 core=core-nucleus core_x=288 core_y=148 spawn_x=288 spawn_y=148
2026-04-04T16:47:54.4360372+08:00 [RESPAWN] player="[#F285D1]月[#8982edff]子[#87ceebff]芳 I\uf7a9\uf7be" team=1 unit=37 build_speed=1.00 spawn_x=288 spawn_y=148
2026-04-04T16:47:55.0125499+08:00 [RESPAWN] player="[#F285D1]月[#8982edff]子[#87ceebff]芳 I\uf7a9\uf7be" team=1 core=core-nucleus core_x=288 core_y=148 spawn_x=288 spawn_y=148
2026-04-04T16:47:55.0240307+08:00 [RESPAWN] player="[#F285D1]月[#8982edff]子[#87ceebff]芳 I\uf7a9\uf7be" team=1 unit=37 build_speed=1.00 spawn_x=288 spawn_y=148
2026-04-04T16:47:55.6189772+08:00 [RESPAWN] player="[#F285D1]月[#8982edff]子[#87ceebff]芳 I\uf7a9\uf7be" team=1 core=core-nucleus core_x=288 core_y=148 spawn_x=288 spawn_y=148
2026-04-04T16:47:55.6281445+08:00 [RESPAWN] player="[#F285D1]月[#8982edff]子[#87ceebff]芳 I\uf7a9\uf7be" team=1 unit=37 build_speed=1.00 spawn_x=288 spawn_y=148
2026-04-04T16:47:56.1757584+08:00 [RESPAWN] player="[#F285D1]月[#8982edff]子[#87ceebff]芳 I\uf7a9\uf7be" team=1 core=core-nucleus core_x=288 core_y=148 spawn_x=288 spawn_y=148
2026-04-04T16:47:56.1841582+08:00 [RESPAWN] player="[#F285D1]月[#8982edff]子[#87ceebff]芳 I\uf7a9\uf7be" team=1 unit=37 build_speed=1.00 spawn_x=288 spawn_y=148
2026-04-04T16:47:56.7781755+08:00 [RESPAWN] player="[#F285D1]月[#8982edff]子[#87ceebff]芳 I\uf7a9\uf7be" team=1 core=core-nucleus core_x=288 core_y=148 spawn_x=288 spawn_y=148
2026-04-04T16:47:56.7867477+08:00 [RESPAWN] player="[#F285D1]月[#8982edff]子[#87ceebff]芳 I\uf7a9\uf7be" team=1 unit=37 build_speed=1.00 spawn_x=288 spawn_y=148
2026-04-04T16:47:57.3503698+08:00 [RESPAWN] player="[#F285D1]月[#8982edff]子[#87ceebff]芳 I\uf7a9\uf7be" team=1 core=core-nucleus core_x=288 core_y=148 spawn_x=288 spawn_y=148
2026-04-04T16:47:57.3590324+08:00 [RESPAWN] player="[#F285D1]月[#8982edff]子[#87ceebff]芳 I\uf7a9\uf7be" team=1 unit=37 build_speed=1.00 spawn_x=288 spawn_y=148
2026-04-04T16:47:57.9598534+08:00 [RESPAWN] player="[#F285D1]月[#8982edff]子[#87ceebff]芳 I\uf7a9\uf7be" team=1 core=core-nucleus core_x=288 core_y=148 spawn_x=288 spawn_y=148
2026-04-04T16:47:57.9699194+08:00 [RESPAWN] player="[#F285D1]月[#8982edff]子[#87ceebff]芳 I\uf7a9\uf7be" team=1 unit=37 build_speed=1.00 spawn_x=288 spawn_y=148
2026-04-04T16:47:58.5178769+08:00 [RESPAWN] player="[#F285D1]月[#8982edff]子[#87ceebff]芳 I\uf7a9\uf7be" team=1 core=core-nucleus core_x=288 core_y=148 spawn_x=288 spawn_y=148
2026-04-04T16:47:58.5298648+08:00 [RESPAWN] player="[#F285D1]月[#8982edff]子[#87ceebff]芳 I\uf7a9\uf7be" team=1 unit=37 build_speed=1.00 spawn_x=288 spawn_y=148
2026-04-04T16:47:59.1097974+08:00 [RESPAWN] player="[#F285D1]月[#8982edff]子[#87ceebff]芳 I\uf7a9\uf7be" team=1 core=core-nucleus core_x=288 core_y=148 spawn_x=288 spawn_y=148
2026-04-04T16:47:59.1178487+08:00 [RESPAWN] player="[#F285D1]月[#8982edff]子[#87ceebff]芳 I\uf7a9\uf7be" team=1 unit=37 build_speed=1.00 spawn_x=288 spawn_y=148
2026-04-04T16:47:59.7112545+08:00 [RESPAWN] player="[#F285D1]月[#8982edff]子[#87ceebff]芳 I\uf7a9\uf7be" team=1 core=core-nucleus core_x=288 core_y=148 spawn_x=288 spawn_y=148
2026-04-04T16:47:59.721711+08:00 [RESPAWN] player="[#F285D1]月[#8982edff]子[#87ceebff]芳 I\uf7a9\uf7be" team=1 unit=37 build_speed=1.00 spawn_x=288 spawn_y=148
2026-04-04T16:48:00.2764593+08:00 [RESPAWN] player="[#F285D1]月[#8982edff]子[#87ceebff]芳 I\uf7a9\uf7be" team=1 core=core-nucleus core_x=288 core_y=148 spawn_x=288 spawn_y=148
2026-04-04T16:48:00.2865528+08:00 [RESPAWN] player="[#F285D1]月[#8982edff]子[#87ceebff]芳 I\uf7a9\uf7be" team=1 unit=37 build_speed=1.00 spawn_x=288 spawn_y=148
2026-04-04T16:48:00.8776403+08:00 [RESPAWN] player="[#F285D1]月[#8982edff]子[#87ceebff]芳 I\uf7a9\uf7be" team=1 core=core-nucleus core_x=288 core_y=148 spawn_x=288 spawn_y=148
2026-04-04T16:48:00.8862234+08:00 [RESPAWN] player="[#F285D1]月[#8982edff]子[#87ceebff]芳 I\uf7a9\uf7be" team=1 unit=37 build_speed=1.00 spawn_x=288 spawn_y=148
2026-04-04T16:48:01.4422879+08:00 [RESPAWN] player="[#F285D1]月[#8982edff]子[#87ceebff]芳 I\uf7a9\uf7be" team=1 core=core-nucleus core_x=288 core_y=148 spawn_x=288 spawn_y=148
2026-04-04T16:48:01.4526503+08:00 [RESPAWN] player="[#F285D1]月[#8982edff]子[#87ceebff]芳 I\uf7a9\uf7be" team=1 unit=37 build_speed=1.00 spawn_x=288 spawn_y=148
2026-04-04T16:48:02.0453604+08:00 [RESPAWN] player="[#F285D1]月[#8982edff]子[#87ceebff]芳 I\uf7a9\uf7be" team=1 core=core-nucleus core_x=288 core_y=148 spawn_x=288 spawn_y=148
2026-04-04T16:48:02.0565652+08:00 [RESPAWN] player="[#F285D1]月[#8982edff]子[#87ceebff]芳 I\uf7a9\uf7be" team=1 unit=37 build_speed=1.00 spawn_x=288 spawn_y=148
2026-04-04T16:48:02.6418967+08:00 [RESPAWN] player="[#F285D1]月[#8982edff]子[#87ceebff]芳 I\uf7a9\uf7be" team=1 core=core-nucleus core_x=288 core_y=148 spawn_x=288 spawn_y=148
2026-04-04T16:48:02.6514175+08:00 [RESPAWN] player="[#F285D1]月[#8982edff]子[#87ceebff]芳 I\uf7a9\uf7be" team=1 unit=37 build_speed=1.00 spawn_x=288 spawn_y=148
2026-04-04T16:48:03.2238489+08:00 [RESPAWN] player="[#F285D1]月[#8982edff]子[#87ceebff]芳 I\uf7a9\uf7be" team=1 core=core-nucleus core_x=288 core_y=148 spawn_x=288 spawn_y=148
2026-04-04T16:48:03.2319957+08:00 [RESPAWN] player="[#F285D1]月[#8982edff]子[#87ceebff]芳 I\uf7a9\uf7be" team=1 unit=37 build_speed=1.00 spawn_x=288 spawn_y=148
2026-04-04T16:48:03.7741576+08:00 [RESPAWN] player="[#F285D1]月[#8982edff]子[#87ceebff]芳 I\uf7a9\uf7be" team=1 core=core-nucleus core_x=288 core_y=148 spawn_x=288 spawn_y=148
2026-04-04T16:48:03.7860153+08:00 [RESPAWN] player="[#F285D1]月[#8982edff]子[#87ceebff]芳 I\uf7a9\uf7be" team=1 unit=37 build_speed=1.00 spawn_x=288 spawn_y=148
2026-04-04T16:48:04.3557487+08:00 [RESPAWN] player="[#F285D1]月[#8982edff]子[#87ceebff]芳 I\uf7a9\uf7be" team=1 core=core-nucleus core_x=288 core_y=148 spawn_x=288 spawn_y=148
2026-04-04T16:48:04.3648425+08:00 [RESPAWN] player="[#F285D1]月[#8982edff]子[#87ceebff]芳 I\uf7a9\uf7be" team=1 unit=37 build_speed=1.00 spawn_x=288 spawn_y=148
2026-04-04T16:48:04.9570964+08:00 [RESPAWN] player="[#F285D1]月[#8982edff]子[#87ceebff]芳 I\uf7a9\uf7be" team=1 core=core-nucleus core_x=288 core_y=148 spawn_x=288 spawn_y=148
2026-04-04T16:48:04.965883+08:00 [RESPAWN] player="[#F285D1]月[#8982edff]子[#87ceebff]芳 I\uf7a9\uf7be" team=1 unit=37 build_speed=1.00 spawn_x=288 spawn_y=148
2026-04-04T16:48:05.5178417+08:00 [RESPAWN] player="[#F285D1]月[#8982edff]子[#87ceebff]芳 I\uf7a9\uf7be" team=1 core=core-nucleus core_x=288 core_y=148 spawn_x=288 spawn_y=148
2026-04-04T16:48:05.5324568+08:00 [RESPAWN] player="[#F285D1]月[#8982edff]子[#87ceebff]芳 I\uf7a9\uf7be" team=1 unit=37 build_speed=1.00 spawn_x=288 spawn_y=148
2026-04-04T16:48:06.1408482+08:00 [RESPAWN] player="[#F285D1]月[#8982edff]子[#87ceebff]芳 I\uf7a9\uf7be" team=1 core=core-nucleus core_x=288 core_y=148 spawn_x=288 spawn_y=148
2026-04-04T16:48:06.1506746+08:00 [RESPAWN] player="[#F285D1]月[#8982edff]子[#87ceebff]芳 I\uf7a9\uf7be" team=1 unit=37 build_speed=1.00 spawn_x=288 spawn_y=148
2026-04-04T16:48:06.7055513+08:00 [RESPAWN] player="[#F285D1]月[#8982edff]子[#87ceebff]芳 I\uf7a9\uf7be" team=1 core=core-nucleus core_x=288 core_y=148 spawn_x=288 spawn_y=148
2026-04-04T16:48:06.7138864+08:00 [RESPAWN] player="[#F285D1]月[#8982edff]子[#87ceebff]芳 I\uf7a9\uf7be" team=1 unit=37 build_speed=1.00 spawn_x=288 spawn_y=148
2026-04-04T16:48:07.2742449+08:00 [RESPAWN] player="[#F285D1]月[#8982edff]子[#87ceebff]芳 I\uf7a9\uf7be" team=1 core=core-nucleus core_x=288 core_y=148 spawn_x=288 spawn_y=148
2026-04-04T16:48:07.2847044+08:00 [RESPAWN] player="[#F285D1]月[#8982edff]子[#87ceebff]芳 I\uf7a9\uf7be" team=1 unit=37 build_speed=1.00 spawn_x=288 spawn_y=148
2026-04-04T16:48:07.8292847+08:00 [RESPAWN] player="[#F285D1]月[#8982edff]子[#87ceebff]芳 I\uf7a9\uf7be" team=1 core=core-nucleus core_x=288 core_y=148 spawn_x=288 spawn_y=148
2026-04-04T16:48:07.841347+08:00 [RESPAWN] player="[#F285D1]月[#8982edff]子[#87ceebff]芳 I\uf7a9\uf7be" team=1 unit=37 build_speed=1.00 spawn_x=288 spawn_y=148
2026-04-04T16:48:08.4285841+08:00 [RESPAWN] player="[#F285D1]月[#8982edff]子[#87ceebff]芳 I\uf7a9\uf7be" team=1 core=core-nucleus core_x=288 core_y=148 spawn_x=288 spawn_y=148
2026-04-04T16:48:08.4396363+08:00 [RESPAWN] player="[#F285D1]月[#8982edff]子[#87ceebff]芳 I\uf7a9\uf7be" team=1 unit=37 build_speed=1.00 spawn_x=288 spawn_y=148
2026-04-04T16:48:09.0067977+08:00 [RESPAWN] player="[#F285D1]月[#8982edff]子[#87ceebff]芳 I\uf7a9\uf7be" team=1 core=core-nucleus core_x=288 core_y=148 spawn_x=288 spawn_y=148
2026-04-04T16:48:09.015942+08:00 [RESPAWN] player="[#F285D1]月[#8982edff]子[#87ceebff]芳 I\uf7a9\uf7be" team=1 unit=37 build_speed=1.00 spawn_x=288 spawn_y=148
2026-04-04T16:48:09.5768664+08:00 [RESPAWN] player="[#F285D1]月[#8982edff]子[#87ceebff]芳 I\uf7a9\uf7be" team=1 core=core-nucleus core_x=288 core_y=148 spawn_x=288 spawn_y=148
2026-04-04T16:48:09.5853499+08:00 [RESPAWN] player="[#F285D1]月[#8982edff]子[#87ceebff]芳 I\uf7a9\uf7be" team=1 unit=37 build_speed=1.00 spawn_x=288 spawn_y=148
2026-04-04T16:48:10.1936273+08:00 [RESPAWN] player="[#F285D1]月[#8982edff]子[#87ceebff]芳 I\uf7a9\uf7be" team=1 core=core-nucleus core_x=288 core_y=148 spawn_x=288 spawn_y=148
2026-04-04T16:48:10.2021918+08:00 [RESPAWN] player="[#F285D1]月[#8982edff]子[#87ceebff]芳 I\uf7a9\uf7be" team=1 unit=37 build_speed=1.00 spawn_x=288 spawn_y=148
2026-04-04T16:48:10.7992937+08:00 [RESPAWN] player="[#F285D1]月[#8982edff]子[#87ceebff]芳 I\uf7a9\uf7be" team=1 core=core-nucleus core_x=288 core_y=148 spawn_x=288 spawn_y=148
2026-04-04T16:48:10.8090421+08:00 [RESPAWN] player="[#F285D1]月[#8982edff]子[#87ceebff]芳 I\uf7a9\uf7be" team=1 unit=37 build_speed=1.00 spawn_x=288 spawn_y=148
2026-04-04T16:48:11.3746469+08:00 [RESPAWN] player="[#F285D1]月[#8982edff]子[#87ceebff]芳 I\uf7a9\uf7be" team=1 core=core-nucleus core_x=288 core_y=148 spawn_x=288 spawn_y=148
2026-04-04T16:48:11.3838775+08:00 [RESPAWN] player="[#F285D1]月[#8982edff]子[#87ceebff]芳 I\uf7a9\uf7be" team=1 unit=37 build_speed=1.00 spawn_x=288 spawn_y=148
2026-04-04T16:48:11.9243655+08:00 [RESPAWN] player="[#F285D1]月[#8982edff]子[#87ceebff]芳 I\uf7a9\uf7be" team=1 core=core-nucleus core_x=288 core_y=148 spawn_x=288 spawn_y=148
2026-04-04T16:48:11.9343517+08:00 [RESPAWN] player="[#F285D1]月[#8982edff]子[#87ceebff]芳 I\uf7a9\uf7be" team=1 unit=37 build_speed=1.00 spawn_x=288 spawn_y=148
2026-04-04T16:48:12.5231197+08:00 [RESPAWN] player="[#F285D1]月[#8982edff]子[#87ceebff]芳 I\uf7a9\uf7be" team=1 core=core-nucleus core_x=288 core_y=148 spawn_x=288 spawn_y=148
2026-04-04T16:48:12.5333419+08:00 [RESPAWN] player="[#F285D1]月[#8982edff]子[#87ceebff]芳 I\uf7a9\uf7be" team=1 unit=37 build_speed=1.00 spawn_x=288 spawn_y=148
2026-04-04T16:48:13.0748824+08:00 [RESPAWN] player="[#F285D1]月[#8982edff]子[#87ceebff]芳 I\uf7a9\uf7be" team=1 core=core-nucleus core_x=288 core_y=148 spawn_x=288 spawn_y=148
2026-04-04T16:48:13.0837931+08:00 [RESPAWN] player="[#F285D1]月[#8982edff]子[#87ceebff]芳 I\uf7a9\uf7be" team=1 unit=37 build_speed=1.00 spawn_x=288 spawn_y=148
2026-04-04T16:48:13.6904118+08:00 [RESPAWN] player="[#F285D1]月[#8982edff]子[#87ceebff]芳 I\uf7a9\uf7be" team=1 core=core-nucleus core_x=288 core_y=148 spawn_x=288 spawn_y=148
2026-04-04T16:48:13.6990567+08:00 [RESPAWN] player="[#F285D1]月[#8982edff]子[#87ceebff]芳 I\uf7a9\uf7be" team=1 unit=37 build_speed=1.00 spawn_x=288 spawn_y=148
2026-04-04T16:48:14.2615794+08:00 [RESPAWN] player="[#F285D1]月[#8982edff]子[#87ceebff]芳 I\uf7a9\uf7be" team=1 core=core-nucleus core_x=288 core_y=148 spawn_x=288 spawn_y=148
2026-04-04T16:48:14.2701372+08:00 [RESPAWN] player="[#F285D1]月[#8982edff]子[#87ceebff]芳 I\uf7a9\uf7be" team=1 unit=37 build_speed=1.00 spawn_x=288 spawn_y=148
2026-04-04T16:48:14.8711468+08:00 [RESPAWN] player="[#F285D1]月[#8982edff]子[#87ceebff]芳 I\uf7a9\uf7be" team=1 core=core-nucleus core_x=288 core_y=148 spawn_x=288 spawn_y=148
2026-04-04T16:48:14.8797219+08:00 [RESPAWN] player="[#F285D1]月[#8982edff]子[#87ceebff]芳 I\uf7a9\uf7be" team=1 unit=37 build_speed=1.00 spawn_x=288 spawn_y=148
2026-04-04T16:48:15.4738102+08:00 [RESPAWN] player="[#F285D1]月[#8982edff]子[#87ceebff]芳 I\uf7a9\uf7be" team=1 core=core-nucleus core_x=288 core_y=148 spawn_x=288 spawn_y=148
2026-04-04T16:48:15.4829259+08:00 [RESPAWN] player="[#F285D1]月[#8982edff]子[#87ceebff]芳 I\uf7a9\uf7be" team=1 unit=37 build_speed=1.00 spawn_x=288 spawn_y=148
2026-04-04T16:48:16.0746631+08:00 [RESPAWN] player="[#F285D1]月[#8982edff]子[#87ceebff]芳 I\uf7a9\uf7be" team=1 core=core-nucleus core_x=288 core_y=148 spawn_x=288 spawn_y=148
2026-04-04T16:48:16.0840008+08:00 [RESPAWN] player="[#F285D1]月[#8982edff]子[#87ceebff]芳 I\uf7a9\uf7be" team=1 unit=37 build_speed=1.00 spawn_x=288 spawn_y=148
2026-04-04T16:48:16.6506043+08:00 [RESPAWN] player="[#F285D1]月[#8982edff]子[#87ceebff]芳 I\uf7a9\uf7be" team=1 core=core-nucleus core_x=288 core_y=148 spawn_x=288 spawn_y=148
2026-04-04T16:48:16.6602408+08:00 [RESPAWN] player="[#F285D1]月[#8982edff]子[#87ceebff]芳 I\uf7a9\uf7be" team=1 unit=37 build_speed=1.00 spawn_x=288 spawn_y=148
2026-04-04T16:48:17.2722081+08:00 [RESPAWN] player="[#F285D1]月[#8982edff]子[#87ceebff]芳 I\uf7a9\uf7be" team=1 core=core-nucleus core_x=288 core_y=148 spawn_x=288 spawn_y=148
2026-04-04T16:48:17.2812629+08:00 [RESPAWN] player="[#F285D1]月[#8982edff]子[#87ceebff]芳 I\uf7a9\uf7be" team=1 unit=37 build_speed=1.00 spawn_x=288 spawn_y=148
2026-04-04T16:48:17.8577715+08:00 [RESPAWN] player="[#F285D1]月[#8982edff]子[#87ceebff]芳 I\uf7a9\uf7be" team=1 core=core-nucleus core_x=288 core_y=148 spawn_x=288 spawn_y=148
2026-04-04T16:48:17.8668767+08:00 [RESPAWN] player="[#F285D1]月[#8982edff]子[#87ceebff]芳 I\uf7a9\uf7be" team=1 unit=37 build_speed=1.00 spawn_x=288 spawn_y=148
2026-04-04T16:48:18.4412396+08:00 [RESPAWN] player="[#F285D1]月[#8982edff]子[#87ceebff]芳 I\uf7a9\uf7be" team=1 core=core-nucleus core_x=288 core_y=148 spawn_x=288 spawn_y=148
2026-04-04T16:48:18.4497811+08:00 [RESPAWN] player="[#F285D1]月[#8982edff]子[#87ceebff]芳 I\uf7a9\uf7be" team=1 unit=37 build_speed=1.00 spawn_x=288 spawn_y=148
2026-04-04T16:48:19.0048715+08:00 [RESPAWN] player="[#F285D1]月[#8982edff]子[#87ceebff]芳 I\uf7a9\uf7be" team=1 core=core-nucleus core_x=288 core_y=148 spawn_x=288 spawn_y=148
2026-04-04T16:48:19.0140979+08:00 [RESPAWN] player="[#F285D1]月[#8982edff]子[#87ceebff]芳 I\uf7a9\uf7be" team=1 unit=37 build_speed=1.00 spawn_x=288 spawn_y=148
2026-04-04T16:48:19.60673+08:00 [RESPAWN] player="[#F285D1]月[#8982edff]子[#87ceebff]芳 I\uf7a9\uf7be" team=1 core=core-nucleus core_x=288 core_y=148 spawn_x=288 spawn_y=148
2026-04-04T16:48:19.6154295+08:00 [RESPAWN] player="[#F285D1]月[#8982edff]子[#87ceebff]芳 I\uf7a9\uf7be" team=1 unit=37 build_speed=1.00 spawn_x=288 spawn_y=148
2026-04-04T16:48:20.2063787+08:00 [RESPAWN] player="[#F285D1]月[#8982edff]子[#87ceebff]芳 I\uf7a9\uf7be" team=1 core=core-nucleus core_x=288 core_y=148 spawn_x=288 spawn_y=148
2026-04-04T16:48:20.2165961+08:00 [RESPAWN] player="[#F285D1]月[#8982edff]子[#87ceebff]芳 I\uf7a9\uf7be" team=1 unit=37 build_speed=1.00 spawn_x=288 spawn_y=148
2026-04-04T16:48:20.7734847+08:00 [RESPAWN] player="[#F285D1]月[#8982edff]子[#87ceebff]芳 I\uf7a9\uf7be" team=1 core=core-nucleus core_x=288 core_y=148 spawn_x=288 spawn_y=148
2026-04-04T16:48:20.7820407+08:00 [RESPAWN] player="[#F285D1]月[#8982edff]子[#87ceebff]芳 I\uf7a9\uf7be" team=1 unit=37 build_speed=1.00 spawn_x=288 spawn_y=148
2026-04-04T16:48:21.3921022+08:00 [RESPAWN] player="[#F285D1]月[#8982edff]子[#87ceebff]芳 I\uf7a9\uf7be" team=1 core=core-nucleus core_x=288 core_y=148 spawn_x=288 spawn_y=148
2026-04-04T16:48:21.4012818+08:00 [RESPAWN] player="[#F285D1]月[#8982edff]子[#87ceebff]芳 I\uf7a9\uf7be" team=1 unit=37 build_speed=1.00 spawn_x=288 spawn_y=148
2026-04-04T16:48:21.9742212+08:00 [RESPAWN] player="[#F285D1]月[#8982edff]子[#87ceebff]芳 I\uf7a9\uf7be" team=1 core=core-nucleus core_x=288 core_y=148 spawn_x=288 spawn_y=148
2026-04-04T16:48:21.9824301+08:00 [RESPAWN] player="[#F285D1]月[#8982edff]子[#87ceebff]芳 I\uf7a9\uf7be" team=1 unit=37 build_speed=1.00 spawn_x=288 spawn_y=148
2026-04-04T16:48:22.5609971+08:00 [RESPAWN] player="[#F285D1]月[#8982edff]子[#87ceebff]芳 I\uf7a9\uf7be" team=1 core=core-nucleus core_x=288 core_y=148 spawn_x=288 spawn_y=148
2026-04-04T16:48:22.5697238+08:00 [RESPAWN] player="[#F285D1]月[#8982edff]子[#87ceebff]芳 I\uf7a9\uf7be" team=1 unit=37 build_speed=1.00 spawn_x=288 spawn_y=148
2026-04-04T16:48:23.1720073+08:00 [RESPAWN] player="[#F285D1]月[#8982edff]子[#87ceebff]芳 I\uf7a9\uf7be" team=1 core=core-nucleus core_x=288 core_y=148 spawn_x=288 spawn_y=148
2026-04-04T16:48:23.1814422+08:00 [RESPAWN] player="[#F285D1]月[#8982edff]子[#87ceebff]芳 I\uf7a9\uf7be" team=1 unit=37 build_speed=1.00 spawn_x=288 spawn_y=148
2026-04-04T16:48:23.7407899+08:00 [RESPAWN] player="[#F285D1]月[#8982edff]子[#87ceebff]芳 I\uf7a9\uf7be" team=1 core=core-nucleus core_x=288 core_y=148 spawn_x=288 spawn_y=148
2026-04-04T16:48:23.7499601+08:00 [RESPAWN] player="[#F285D1]月[#8982edff]子[#87ceebff]芳 I\uf7a9\uf7be" team=1 unit=37 build_speed=1.00 spawn_x=288 spawn_y=148
2026-04-04T16:48:24.3583171+08:00 [RESPAWN] player="[#F285D1]月[#8982edff]子[#87ceebff]芳 I\uf7a9\uf7be" team=1 core=core-nucleus core_x=288 core_y=148 spawn_x=288 spawn_y=148
2026-04-04T16:48:24.3716254+08:00 [RESPAWN] player="[#F285D1]月[#8982edff]子[#87ceebff]芳 I\uf7a9\uf7be" team=1 unit=37 build_speed=1.00 spawn_x=288 spawn_y=148
2026-04-04T08:48:24.6693288Z [NET] kind=tcp_closed packet= conn_id=79926 uuid=MAv3KaDNyXEAAAAAz4iNgQ== ip=10.147.17.101 name="[scarlet]（未绑定杂鱼~）[][#F285D1]月[#8982edff]子[#87ceebff]芳 I\uf7a9\uf7be[gray]79926[]" detail=EOF
2026-04-04T08:48:26.5764784Z [NET] kind=tcp_accept packet= conn_id=10231820 uuid= ip=10.147.17.101 name="" detail=
2026-04-04T08:48:26.5885119Z [NET] kind=connect_packet packet=*protocol.ConnectPacket conn_id=79926 uuid=MAv3KaDNyXEAAAAAz4iNgQ== ip=10.147.17.101 name="" detail=version=156 type=official mods=0
2026-04-04T08:48:26.6082691Z [NET] kind=world_handshake_sent packet= conn_id=79926 uuid=MAv3KaDNyXEAAAAAz4iNgQ== ip=10.147.17.101 name="[scarlet]（未绑定杂鱼~）[][#F285D1]月[#8982edff]子[#87ceebff]芳 I\uf7a9\uf7be[gray]79926[]" detail=
2026-04-04T08:48:26.863902Z [NET] kind=connect_confirm_client_snapshot packet=*protocol.Remote_NetServer_clientSnapshot_22 conn_id=79926 uuid=MAv3KaDNyXEAAAAAz4iNgQ== ip=10.147.17.101 name="[scarlet]（未绑定杂鱼~）[][#F285D1]月[#8982edff]子[#87ceebff]芳 I\uf7a9\uf7be[gray]79926[]" detail=
2026-04-04T16:48:26.903078+08:00 [RESPAWN] player="[#F285D1]月[#8982edff]子[#87ceebff]芳 I\uf7a9\uf7be" team=1 core=core-nucleus core_x=288 core_y=148 spawn_x=288 spawn_y=148
2026-04-04T16:48:26.9113632+08:00 [RESPAWN] player="[#F285D1]月[#8982edff]子[#87ceebff]芳 I\uf7a9\uf7be" team=1 unit=37 build_speed=1.00 spawn_x=288 spawn_y=148
2026-04-04T16:48:27.5064931+08:00 [RESPAWN] player="[#F285D1]月[#8982edff]子[#87ceebff]芳 I\uf7a9\uf7be" team=1 core=core-nucleus core_x=288 core_y=148 spawn_x=288 spawn_y=148
2026-04-04T16:48:27.5176185+08:00 [RESPAWN] player="[#F285D1]月[#8982edff]子[#87ceebff]芳 I\uf7a9\uf7be" team=1 unit=37 build_speed=1.00 spawn_x=288 spawn_y=148
2026-04-04T16:48:28.0540735+08:00 [RESPAWN] player="[#F285D1]月[#8982edff]子[#87ceebff]芳 I\uf7a9\uf7be" team=1 core=core-nucleus core_x=288 core_y=148 spawn_x=288 spawn_y=148
2026-04-04T16:48:28.0632401+08:00 [RESPAWN] player="[#F285D1]月[#8982edff]子[#87ceebff]芳 I\uf7a9\uf7be" team=1 unit=37 build_speed=1.00 spawn_x=288 spawn_y=148
2026-04-04T16:48:28.6556037+08:00 [RESPAWN] player="[#F285D1]月[#8982edff]子[#87ceebff]芳 I\uf7a9\uf7be" team=1 core=core-nucleus core_x=288 core_y=148 spawn_x=288 spawn_y=148
2026-04-04T16:48:28.6640718+08:00 [RESPAWN] player="[#F285D1]月[#8982edff]子[#87ceebff]芳 I\uf7a9\uf7be" team=1 unit=37 build_speed=1.00 spawn_x=288 spawn_y=148
2026-04-04T16:48:29.2718703+08:00 [RESPAWN] player="[#F285D1]月[#8982edff]子[#87ceebff]芳 I\uf7a9\uf7be" team=1 core=core-nucleus core_x=288 core_y=148 spawn_x=288 spawn_y=148
2026-04-04T16:48:29.2802754+08:00 [RESPAWN] player="[#F285D1]月[#8982edff]子[#87ceebff]芳 I\uf7a9\uf7be" team=1 unit=37 build_speed=1.00 spawn_x=288 spawn_y=148
2026-04-04T16:48:29.8726775+08:00 [RESPAWN] player="[#F285D1]月[#8982edff]子[#87ceebff]芳 I\uf7a9\uf7be" team=1 core=core-nucleus core_x=288 core_y=148 spawn_x=288 spawn_y=148
2026-04-04T16:48:29.8833801+08:00 [RESPAWN] player="[#F285D1]月[#8982edff]子[#87ceebff]芳 I\uf7a9\uf7be" team=1 unit=37 build_speed=1.00 spawn_x=288 spawn_y=148
2026-04-04T16:48:30.4582872+08:00 [RESPAWN] player="[#F285D1]月[#8982edff]子[#87ceebff]芳 I\uf7a9\uf7be" team=1 core=core-nucleus core_x=288 core_y=148 spawn_x=288 spawn_y=148
2026-04-04T16:48:30.4659745+08:00 [RESPAWN] player="[#F285D1]月[#8982edff]子[#87ceebff]芳 I\uf7a9\uf7be" team=1 unit=37 build_speed=1.00 spawn_x=288 spawn_y=148
2026-04-04T16:48:31.004452+08:00 [RESPAWN] player="[#F285D1]月[#8982edff]子[#87ceebff]芳 I\uf7a9\uf7be" team=1 core=core-nucleus core_x=288 core_y=148 spawn_x=288 spawn_y=148
2026-04-04T16:48:31.012648+08:00 [RESPAWN] player="[#F285D1]月[#8982edff]子[#87ceebff]芳 I\uf7a9\uf7be" team=1 unit=37 build_speed=1.00 spawn_x=288 spawn_y=148
2026-04-04T16:48:31.5944646+08:00 [RESPAWN] player="[#F285D1]月[#8982edff]子[#87ceebff]芳 I\uf7a9\uf7be" team=1 core=core-nucleus core_x=288 core_y=148 spawn_x=288 spawn_y=148
2026-04-04T16:48:31.6025293+08:00 [RESPAWN] player="[#F285D1]月[#8982edff]子[#87ceebff]芳 I\uf7a9\uf7be" team=1 unit=37 build_speed=1.00 spawn_x=288 spawn_y=148
2026-04-04T08:48:31.920143Z [NET] kind=tcp_closed packet= conn_id=79926 uuid=MAv3KaDNyXEAAAAAz4iNgQ== ip=10.147.17.101 name="[scarlet]（未绑定杂鱼~）[][#F285D1]月[#8982edff]子[#87ceebff]芳 I\uf7a9\uf7be[gray]79926[]" detail=EOF
