2026-03-31T04:42:10.5122847Z [NET] kind=tcp_accept packet= conn_id=1596754509 uuid= ip=10.147.17.101 name="" detail=
2026-03-31T04:42:10.521884Z [NET] kind=connect_packet packet=*protocol.ConnectPacket conn_id=87402 uuid=MAv3KaDNyXEAAAAAz4iNgQ== ip=10.147.17.101 name="" detail=version=156 type=official mods=0
2026-03-31T04:42:10.689009Z [NET] kind=world_handshake_sent packet= conn_id=87402 uuid=MAv3KaDNyXEAAAAAz4iNgQ== ip=10.147.17.101 name="[scarlet]（未绑定）[][#F285D1]月[#8982edff]子[#87ceebff]芳 I\uf7a9\uf7be[gray]87402[]" detail=
2026-03-31T04:42:11.1507043Z [NET] kind=connect_confirm_client_snapshot packet=*protocol.Remote_NetServer_clientSnapshot_22 conn_id=87402 uuid=MAv3KaDNyXEAAAAAz4iNgQ== ip=10.147.17.101 name="[scarlet]（未绑定）[][#F285D1]月[#8982edff]子[#87ceebff]芳 I\uf7a9\uf7be[gray]87402[]" detail=
2026-03-31T12:42:11.521508+08:00 [RESPAWN] player="[#F285D1]月[#8982edff]子[#87ceebff]芳 I\uf7a9\uf7be" team=1 core=core-nucleus core_x=239 core_y=343 spawn_x=239 spawn_y=343
2026-03-31T12:42:11.6909159+08:00 [RESPAWN] player="[#F285D1]月[#8982edff]子[#87ceebff]芳 I\uf7a9\uf7be" team=1 unit=37 build_speed=1.00 spawn_x=239 spawn_y=343
2026-03-31T12:42:16.2903873+08:00 [RESPAWN] player="[#F285D1]月[#8982edff]子[#87ceebff]芳 I\uf7a9\uf7be" team=1 core=core-nucleus core_x=239 core_y=343 spawn_x=239 spawn_y=343
2026-03-31T12:42:16.6090025+08:00 [RESPAWN] player="[#F285D1]月[#8982edff]子[#87ceebff]芳 I\uf7a9\uf7be" team=1 unit=37 build_speed=1.00 spawn_x=239 spawn_y=343
2026-03-31T12:42:20.5001865+08:00 [RESPAWN] player="[#F285D1]月[#8982edff]子[#87ceebff]芳 I\uf7a9\uf7be" team=1 core=core-nucleus core_x=239 core_y=343 spawn_x=239 spawn_y=343
2026-03-31T12:42:20.83127+08:00 [RESPAWN] player="[#F285D1]月[#8982edff]子[#87ceebff]芳 I\uf7a9\uf7be" team=1 unit=37 build_speed=1.00 spawn_x=239 spawn_y=343
2026-03-31T12:42:24.5709819+08:00 [RESPAWN] player="[#F285D1]月[#8982edff]子[#87ceebff]芳 I\uf7a9\uf7be" team=1 core=core-nucleus core_x=239 core_y=343 spawn_x=239 spawn_y=343
2026-03-31T12:42:25.0757577+08:00 [RESPAWN] player="[#F285D1]月[#8982edff]子[#87ceebff]芳 I\uf7a9\uf7be" team=1 unit=37 build_speed=1.00 spawn_x=239 spawn_y=343
2026-03-31T12:42:28.6919768+08:00 [RESPAWN] player="[#F285D1]月[#8982edff]子[#87ceebff]芳 I\uf7a9\uf7be" team=1 core=core-nucleus core_x=239 core_y=343 spawn_x=239 spawn_y=343
2026-03-31T12:42:29.3742677+08:00 [RESPAWN] player="[#F285D1]月[#8982edff]子[#87ceebff]芳 I\uf7a9\uf7be" team=1 unit=37 build_speed=1.00 spawn_x=239 spawn_y=343
2026-03-31T12:42:29.6911229+08:00 [CHAT] from="[#F285D1]月[#8982edff]子[#87ceebff]芳 I\uf7a9\uf7be" player_id=1 uuid=MAv3KaDNyXEAAAAAz4iNgQ== ip=10.147.17.101:50383 msg="/sync"
2026-03-31T12:42:34.649894+08:00 [RESPAWN] player="[#F285D1]月[#8982edff]子[#87ceebff]芳 I\uf7a9\uf7be" team=1 core=core-nucleus core_x=239 core_y=343 spawn_x=239 spawn_y=343
2026-03-31T12:42:34.9721257+08:00 [RESPAWN] player="[#F285D1]月[#8982edff]子[#87ceebff]芳 I\uf7a9\uf7be" team=1 unit=37 build_speed=1.00 spawn_x=239 spawn_y=343
2026-03-31T12:42:38.855148+08:00 [RESPAWN] player="[#F285D1]月[#8982edff]子[#87ceebff]芳 I\uf7a9\uf7be" team=1 core=core-nucleus core_x=239 core_y=343 spawn_x=239 spawn_y=343
2026-03-31T12:42:39.1690668+08:00 [RESPAWN] player="[#F285D1]月[#8982edff]子[#87ceebff]芳 I\uf7a9\uf7be" team=1 unit=37 build_speed=1.00 spawn_x=239 spawn_y=343
2026-03-31T12:42:39.8980079+08:00 [BUILD] action=constructed x=219 y=339 block_id=231 block=大型废墙 team=1 rot=0
2026-03-31T12:42:40.5835698+08:00 [BUILD] action=constructed x=219 y=345 block_id=231 block=大型废墙 team=1 rot=0
2026-03-31T12:42:40.5850785+08:00 [BUILD] action=constructed x=220 y=342 block_id=230 block=废墙 team=1 rot=0
2026-03-31T12:42:40.5850785+08:00 [BUILD] action=constructed x=220 y=343 block_id=230 block=废墙 team=1 rot=0
2026-03-31T12:42:40.5850785+08:00 [BUILD] action=constructed x=222 y=342 block_id=366 block=熔毁 team=1 rot=1
2026-03-31T12:42:40.5850785+08:00 [BUILD] action=constructed x=222 y=340 block_id=230 block=废墙 team=1 rot=0
2026-03-31T12:42:40.5850785+08:00 [BUILD] action=constructed x=222 y=345 block_id=288 block=电镀导管 team=1 rot=3
2026-03-31T12:42:40.5850785+08:00 [BUILD] action=constructed x=222 y=346 block_id=284 block=回转泵 team=1 rot=0
2026-03-31T12:42:40.5860894+08:00 [BUILD] action=constructed x=223 y=345 block_id=288 block=电镀导管 team=1 rot=3
2026-03-31T12:42:40.5860894+08:00 [BUILD] action=constructed x=224 y=345 block_id=230 block=废墙 team=1 rot=0
2026-03-31T12:42:40.5860894+08:00 [BUILD] action=constructed x=225 y=339 block_id=231 block=大型废墙 team=1 rot=0
2026-03-31T12:42:40.5860894+08:00 [BUILD] action=constructed x=225 y=342 block_id=230 block=废墙 team=1 rot=0
2026-03-31T12:42:40.5865983+08:00 [BUILD] action=constructed x=225 y=343 block_id=230 block=废墙 team=1 rot=0
2026-03-31T12:42:40.5865983+08:00 [BUILD] action=constructed x=225 y=345 block_id=231 block=大型废墙 team=1 rot=0
2026-03-31T12:42:42.995144+08:00 [RESPAWN] player="[#F285D1]月[#8982edff]子[#87ceebff]芳 I\uf7a9\uf7be" team=1 core=core-nucleus core_x=239 core_y=343 spawn_x=239 spawn_y=343
2026-03-31T12:42:43.3241284+08:00 [RESPAWN] player="[#F285D1]月[#8982edff]子[#87ceebff]芳 I\uf7a9\uf7be" team=1 unit=37 build_speed=1.00 spawn_x=239 spawn_y=343
2026-03-31T12:42:46.8381289+08:00 [RESPAWN] player="[#F285D1]月[#8982edff]子[#87ceebff]芳 I\uf7a9\uf7be" team=1 core=core-nucleus core_x=239 core_y=343 spawn_x=239 spawn_y=343
2026-03-31T12:42:47.1699632+08:00 [RESPAWN] player="[#F285D1]月[#8982edff]子[#87ceebff]芳 I\uf7a9\uf7be" team=1 unit=37 build_speed=1.00 spawn_x=239 spawn_y=343
2026-03-31T12:42:51.1847937+08:00 [RESPAWN] player="[#F285D1]月[#8982edff]子[#87ceebff]芳 I\uf7a9\uf7be" team=1 core=core-nucleus core_x=239 core_y=343 spawn_x=239 spawn_y=343
2026-03-31T12:42:51.6795795+08:00 [RESPAWN] player="[#F285D1]月[#8982edff]子[#87ceebff]芳 I\uf7a9\uf7be" team=1 unit=37 build_speed=1.00 spawn_x=239 spawn_y=343
2026-03-31T12:42:55.3847427+08:00 [RESPAWN] player="[#F285D1]月[#8982edff]子[#87ceebff]芳 I\uf7a9\uf7be" team=1 core=core-nucleus core_x=239 core_y=343 spawn_x=239 spawn_y=343
2026-03-31T12:42:55.8903241+08:00 [RESPAWN] player="[#F285D1]月[#8982edff]子[#87ceebff]芳 I\uf7a9\uf7be" team=1 unit=37 build_speed=1.00 spawn_x=239 spawn_y=343
2026-03-31T12:42:59.5700657+08:00 [RESPAWN] player="[#F285D1]月[#8982edff]子[#87ceebff]芳 I\uf7a9\uf7be" team=1 core=core-nucleus core_x=239 core_y=343 spawn_x=239 spawn_y=343
2026-03-31T12:43:00.0664761+08:00 [RESPAWN] player="[#F285D1]月[#8982edff]子[#87ceebff]芳 I\uf7a9\uf7be" team=1 unit=37 build_speed=1.00 spawn_x=239 spawn_y=343
2026-03-31T12:43:03.9279378+08:00 [RESPAWN] player="[#F285D1]月[#8982edff]子[#87ceebff]芳 I\uf7a9\uf7be" team=1 core=core-nucleus core_x=239 core_y=343 spawn_x=239 spawn_y=343
2026-03-31T12:43:04.2500922+08:00 [RESPAWN] player="[#F285D1]月[#8982edff]子[#87ceebff]芳 I\uf7a9\uf7be" team=1 unit=37 build_speed=1.00 spawn_x=239 spawn_y=343
2026-03-31T12:43:08.046625+08:00 [RESPAWN] player="[#F285D1]月[#8982edff]子[#87ceebff]芳 I\uf7a9\uf7be" team=1 core=core-nucleus core_x=239 core_y=343 spawn_x=239 spawn_y=343
2026-03-31T12:43:08.5422061+08:00 [RESPAWN] player="[#F285D1]月[#8982edff]子[#87ceebff]芳 I\uf7a9\uf7be" team=1 unit=37 build_speed=1.00 spawn_x=239 spawn_y=343
2026-03-31T12:43:12.5266163+08:00 [RESPAWN] player="[#F285D1]月[#8982edff]子[#87ceebff]芳 I\uf7a9\uf7be" team=1 core=core-nucleus core_x=239 core_y=343 spawn_x=239 spawn_y=343
2026-03-31T12:43:12.8483988+08:00 [RESPAWN] player="[#F285D1]月[#8982edff]子[#87ceebff]芳 I\uf7a9\uf7be" team=1 unit=37 build_speed=1.00 spawn_x=239 spawn_y=343
2026-03-31T12:43:16.6833727+08:00 [RESPAWN] player="[#F285D1]月[#8982edff]子[#87ceebff]芳 I\uf7a9\uf7be" team=1 core=core-nucleus core_x=239 core_y=343 spawn_x=239 spawn_y=343
2026-03-31T12:43:17.2141263+08:00 [RESPAWN] player="[#F285D1]月[#8982edff]子[#87ceebff]芳 I\uf7a9\uf7be" team=1 unit=37 build_speed=1.00 spawn_x=239 spawn_y=343
2026-03-31T12:43:20.3779039+08:00 [RESPAWN] player="[#F285D1]月[#8982edff]子[#87ceebff]芳 I\uf7a9\uf7be" team=1 core=core-nucleus core_x=239 core_y=343 spawn_x=239 spawn_y=343
2026-03-31T12:43:20.6987302+08:00 [RESPAWN] player="[#F285D1]月[#8982edff]子[#87ceebff]芳 I\uf7a9\uf7be" team=1 unit=37 build_speed=1.00 spawn_x=239 spawn_y=343
2026-03-31T12:43:24.3945539+08:00 [RESPAWN] player="[#F285D1]月[#8982edff]子[#87ceebff]芳 I\uf7a9\uf7be" team=1 core=core-nucleus core_x=239 core_y=343 spawn_x=239 spawn_y=343
2026-03-31T12:43:24.884839+08:00 [RESPAWN] player="[#F285D1]月[#8982edff]子[#87ceebff]芳 I\uf7a9\uf7be" team=1 unit=37 build_speed=1.00 spawn_x=239 spawn_y=343
2026-03-31T12:43:28.448623+08:00 [RESPAWN] player="[#F285D1]月[#8982edff]子[#87ceebff]芳 I\uf7a9\uf7be" team=1 core=core-nucleus core_x=239 core_y=343 spawn_x=239 spawn_y=343
2026-03-31T12:43:29.1282827+08:00 [RESPAWN] player="[#F285D1]月[#8982edff]子[#87ceebff]芳 I\uf7a9\uf7be" team=1 unit=37 build_speed=1.00 spawn_x=239 spawn_y=343
2026-03-31T12:43:32.3864253+08:00 [RESPAWN] player="[#F285D1]月[#8982edff]子[#87ceebff]芳 I\uf7a9\uf7be" team=1 core=core-nucleus core_x=239 core_y=343 spawn_x=239 spawn_y=343
2026-03-31T12:43:32.7307906+08:00 [RESPAWN] player="[#F285D1]月[#8982edff]子[#87ceebff]芳 I\uf7a9\uf7be" team=1 unit=37 build_speed=1.00 spawn_x=239 spawn_y=343
2026-03-31T12:43:35.9520969+08:00 [RESPAWN] player="[#F285D1]月[#8982edff]子[#87ceebff]芳 I\uf7a9\uf7be" team=1 core=core-nucleus core_x=239 core_y=343 spawn_x=239 spawn_y=343
2026-03-31T12:43:36.2813257+08:00 [RESPAWN] player="[#F285D1]月[#8982edff]子[#87ceebff]芳 I\uf7a9\uf7be" team=1 unit=37 build_speed=1.00 spawn_x=239 spawn_y=343
2026-03-31T12:43:40.0955039+08:00 [RESPAWN] player="[#F285D1]月[#8982edff]子[#87ceebff]芳 I\uf7a9\uf7be" team=1 core=core-nucleus core_x=239 core_y=343 spawn_x=239 spawn_y=343
2026-03-31T12:43:40.4202952+08:00 [RESPAWN] player="[#F285D1]月[#8982edff]子[#87ceebff]芳 I\uf7a9\uf7be" team=1 unit=37 build_speed=1.00 spawn_x=239 spawn_y=343
2026-03-31T12:43:44.2866488+08:00 [RESPAWN] player="[#F285D1]月[#8982edff]子[#87ceebff]芳 I\uf7a9\uf7be" team=1 core=core-nucleus core_x=239 core_y=343 spawn_x=239 spawn_y=343
2026-03-31T12:43:44.6036591+08:00 [RESPAWN] player="[#F285D1]月[#8982edff]子[#87ceebff]芳 I\uf7a9\uf7be" team=1 unit=37 build_speed=1.00 spawn_x=239 spawn_y=343
2026-03-31T12:43:48.6002868+08:00 [RESPAWN] player="[#F285D1]月[#8982edff]子[#87ceebff]芳 I\uf7a9\uf7be" team=1 core=core-nucleus core_x=239 core_y=343 spawn_x=239 spawn_y=343
2026-03-31T12:43:48.9308583+08:00 [RESPAWN] player="[#F285D1]月[#8982edff]子[#87ceebff]芳 I\uf7a9\uf7be" team=1 unit=37 build_speed=1.00 spawn_x=239 spawn_y=343
2026-03-31T12:43:52.2137932+08:00 [RESPAWN] player="[#F285D1]月[#8982edff]子[#87ceebff]芳 I\uf7a9\uf7be" team=1 core=core-nucleus core_x=239 core_y=343 spawn_x=239 spawn_y=343
2026-03-31T12:43:52.5364119+08:00 [RESPAWN] player="[#F285D1]月[#8982edff]子[#87ceebff]芳 I\uf7a9\uf7be" team=1 unit=37 build_speed=1.00 spawn_x=239 spawn_y=343
2026-03-31T12:43:56.2762736+08:00 [RESPAWN] player="[#F285D1]月[#8982edff]子[#87ceebff]芳 I\uf7a9\uf7be" team=1 core=core-nucleus core_x=239 core_y=343 spawn_x=239 spawn_y=343
2026-03-31T12:43:56.783615+08:00 [RESPAWN] player="[#F285D1]月[#8982edff]子[#87ceebff]芳 I\uf7a9\uf7be" team=1 unit=37 build_speed=1.00 spawn_x=239 spawn_y=343
2026-03-31T12:44:00.0403487+08:00 [RESPAWN] player="[#F285D1]月[#8982edff]子[#87ceebff]芳 I\uf7a9\uf7be" team=1 core=core-nucleus core_x=239 core_y=343 spawn_x=239 spawn_y=343
2026-03-31T12:44:00.3696338+08:00 [RESPAWN] player="[#F285D1]月[#8982edff]子[#87ceebff]芳 I\uf7a9\uf7be" team=1 unit=37 build_speed=1.00 spawn_x=239 spawn_y=343
2026-03-31T12:44:03.5085754+08:00 [RESPAWN] player="[#F285D1]月[#8982edff]子[#87ceebff]芳 I\uf7a9\uf7be" team=1 core=core-nucleus core_x=239 core_y=343 spawn_x=239 spawn_y=343
2026-03-31T12:44:03.8257+08:00 [RESPAWN] player="[#F285D1]月[#8982edff]子[#87ceebff]芳 I\uf7a9\uf7be" team=1 unit=37 build_speed=1.00 spawn_x=239 spawn_y=343
2026-03-31T04:44:05.2654487Z [NET] kind=tcp_closed packet= conn_id=87402 uuid=MAv3KaDNyXEAAAAAz4iNgQ== ip=10.147.17.101 name="[scarlet]（未绑定）[][#F285D1]月[#8982edff]子[#87ceebff]芳 I\uf7a9\uf7be[gray]87402[]" detail=EOF
