2026-04-02T07:21:48.6661129Z [NET] kind=tcp_accept packet= conn_id=94019541 uuid= ip=10.147.17.101 name="" detail=
2026-04-02T07:21:48.6862671Z [NET] kind=connect_packet packet=*protocol.ConnectPacket conn_id=12153 uuid=bRea8YRoGToAAAAAPO9P1Q== ip=10.147.17.101 name="" detail=version=156 type=official mods=0
2026-04-02T07:21:48.7920424Z [NET] kind=world_handshake_sent packet= conn_id=12153 uuid=bRea8YRoGToAAAAAPO9P1Q== ip=10.147.17.101 name="[scarlet]（未绑定杂鱼~）[][#00ffffff]月[#8982edff]子[#87ceebff]芳 \uf7a9\uf7be[gray]12153[]" detail=
2026-04-02T07:21:49.1185183Z [NET] kind=connect_confirm_client_snapshot packet=*protocol.Remote_NetServer_clientSnapshot_22 conn_id=12153 uuid=bRea8YRoGToAAAAAPO9P1Q== ip=10.147.17.101 name="[scarlet]（未绑定杂鱼~）[][#00ffffff]月[#8982edff]子[#87ceebff]芳 \uf7a9\uf7be[gray]12153[]" detail=
2026-04-02T15:21:49.18791+08:00 [RESPAWN] player="[#00ffffff]月[#8982edff]子[#87ceebff]芳 \uf7a9\uf7be" team=1 core=core-foundation core_x=164 core_y=79 spawn_x=164 spawn_y=79
2026-04-02T15:21:49.2081349+08:00 [RESPAWN] player="[#00ffffff]月[#8982edff]子[#87ceebff]芳 \uf7a9\uf7be" team=1 unit=36 build_speed=0.75 spawn_x=164 spawn_y=79
2026-04-02T15:21:52.9045329+08:00 [BUILD] action=deconstructing x=162 y=115 block_id=327 block=激光钻头 team=1
2026-04-02T15:21:55.5474214+08:00 [BUILD] action=destroyed x=162 y=115 block_id=327 block=激光钻头 team=1
2026-04-02T15:21:55.5474897+08:00 [BUILD] action=deconstructing x=159 y=108 block_id=363 block=气旋 team=1
2026-04-02T15:22:04.6043372+08:00 [BUILD] action=destroyed x=187 y=243 block_id=223 block=大型钍墙 team=2
2026-04-02T15:22:04.6202698+08:00 [BUILD] action=destroyed x=189 y=243 block_id=288 block=电镀导管 team=2
2026-04-02T15:22:04.6202698+08:00 [BUILD] action=destroyed x=190 y=243 block_id=220 block=塑钢墙 team=2
2026-04-02T15:22:04.6202698+08:00 [BUILD] action=destroyed x=191 y=243 block_id=258 block=钛传送带 team=2
2026-04-02T15:22:04.621276+08:00 [BUILD] action=destroyed x=192 y=243 block_id=258 block=钛传送带 team=2
2026-04-02T15:22:04.621276+08:00 [BUILD] action=destroyed x=193 y=243 block_id=262 block=传送带桥 team=2
2026-04-02T15:22:04.621276+08:00 [BUILD] action=destroyed x=184 y=244 block_id=228 block=门 team=2
2026-04-02T15:22:04.621276+08:00 [BUILD] action=destroyed x=189 y=244 block_id=288 block=电镀导管 team=2
2026-04-02T15:22:04.6217832+08:00 [BUILD] action=destroyed x=190 y=244 block_id=220 block=塑钢墙 team=2
2026-04-02T15:22:04.6217832+08:00 [BUILD] action=destroyed x=191 y=244 block_id=258 block=钛传送带 team=2
2026-04-02T15:22:04.6217832+08:00 [BUILD] action=destroyed x=195 y=244 block_id=220 block=塑钢墙 team=2
2026-04-02T15:22:04.6217832+08:00 [BUILD] action=destroyed x=183 y=245 block_id=222 block=钍墙 team=2
2026-04-02T15:22:04.6217832+08:00 [BUILD] action=destroyed x=184 y=245 block_id=229 block=大门 team=2
2026-04-02T15:22:04.6217832+08:00 [BUILD] action=destroyed x=186 y=245 block_id=228 block=门 team=2
2026-04-02T15:22:04.6217832+08:00 [BUILD] action=destroyed x=187 y=245 block_id=222 block=钍墙 team=2
2026-04-02T15:22:04.6217832+08:00 [BUILD] action=destroyed x=188 y=245 block_id=290 block=流体容器 team=2
2026-04-02T15:22:04.6217832+08:00 [BUILD] action=destroyed x=190 y=245 block_id=220 block=塑钢墙 team=2
2026-04-02T15:22:04.6217832+08:00 [BUILD] action=destroyed x=191 y=245 block_id=262 block=传送带桥 team=2
2026-04-02T15:22:04.6217832+08:00 [BUILD] action=destroyed x=193 y=245 block_id=362 block=浪涌 team=2
2026-04-02T15:22:04.6217832+08:00 [BUILD] action=destroyed x=182 y=246 block_id=197 block=煤炭离心机 team=2
2026-04-02T15:22:04.6217832+08:00 [BUILD] action=destroyed x=186 y=246 block_id=326 block=气动钻头 team=2
2026-04-02T15:22:04.6217832+08:00 [BUILD] action=destroyed x=190 y=246 block_id=289 block=流体路由器 team=2
2026-04-02T15:22:04.6217832+08:00 [BUILD] action=destroyed x=191 y=246 block_id=288 block=电镀导管 team=2
2026-04-02T15:22:04.6217832+08:00 [BUILD] action=destroyed x=184 y=247 block_id=229 block=大门 team=2
2026-04-02T15:22:04.6217832+08:00 [BUILD] action=destroyed x=188 y=247 block_id=293 block=导管桥 team=2
2026-04-02T15:22:04.6222992+08:00 [BUILD] action=destroyed x=189 y=247 block_id=220 block=塑钢墙 team=2
2026-04-02T15:22:04.6222992+08:00 [BUILD] action=destroyed x=190 y=247 block_id=293 block=导管桥 team=2
2026-04-02T15:22:04.6222992+08:00 [BUILD] action=destroyed x=191 y=247 block_id=220 block=塑钢墙 team=2
2026-04-02T15:22:04.6222992+08:00 [BUILD] action=destroyed x=192 y=247 block_id=221 block=大型塑钢墙 team=2
2026-04-02T15:22:04.6222992+08:00 [BUILD] action=destroyed x=179 y=248 block_id=302 block=电力节点 team=2
2026-04-02T15:22:04.6222992+08:00 [BUILD] action=destroyed x=180 y=248 block_id=270 block=装卸器 team=2
2026-04-02T15:22:04.6222992+08:00 [BUILD] action=destroyed x=181 y=248 block_id=306 block=电池 team=2
2026-04-02T15:22:04.6222992+08:00 [BUILD] action=destroyed x=182 y=248 block_id=306 block=电池 team=2
2026-04-02T15:22:04.6222992+08:00 [BUILD] action=destroyed x=183 y=248 block_id=293 block=导管桥 team=2
2026-04-02T15:22:04.6222992+08:00 [BUILD] action=destroyed x=186 y=248 block_id=293 block=导管桥 team=2
2026-04-02T15:22:04.6222992+08:00 [BUILD] action=destroyed x=190 y=248 block_id=220 block=塑钢墙 team=2
2026-04-02T15:22:04.6222992+08:00 [BUILD] action=destroyed x=191 y=248 block_id=262 block=传送带桥 team=2
2026-04-02T15:22:04.6222992+08:00 [BUILD] action=destroyed x=179 y=249 block_id=260 block=装甲传送带 team=2
2026-04-02T15:22:04.6222992+08:00 [BUILD] action=destroyed x=180 y=249 block_id=183 block=硅冶炼厂 team=2
2026-04-02T15:22:04.6222992+08:00 [BUILD] action=destroyed x=182 y=249 block_id=197 block=煤炭离心机 team=2
2026-04-02T15:22:04.6222992+08:00 [BUILD] action=destroyed x=184 y=249 block_id=229 block=大门 team=2
2026-04-02T15:22:04.6222992+08:00 [BUILD] action=destroyed x=186 y=249 block_id=220 block=塑钢墙 team=2
2026-04-02T15:22:04.6222992+08:00 [BUILD] action=destroyed x=188 y=249 block_id=331 block=石油钻井 team=2
2026-04-02T15:22:04.6222992+08:00 [BUILD] action=destroyed x=190 y=249 block_id=220 block=塑钢墙 team=2
2026-04-02T15:22:04.6222992+08:00 [BUILD] action=destroyed x=194 y=249 block_id=221 block=大型塑钢墙 team=2
2026-04-02T15:22:04.6222992+08:00 [BUILD] action=destroyed x=179 y=250 block_id=220 block=塑钢墙 team=2
2026-04-02T15:22:04.6222992+08:00 [BUILD] action=destroyed x=186 y=250 block_id=220 block=塑钢墙 team=2
2026-04-02T15:22:04.6222992+08:00 [BUILD] action=destroyed x=190 y=250 block_id=293 block=导管桥 team=2
2026-04-02T15:22:04.6222992+08:00 [BUILD] action=destroyed x=192 y=250 block_id=362 block=浪涌 team=2
2026-04-02T15:22:04.6222992+08:00 [BUILD] action=destroyed x=179 y=251 block_id=220 block=塑钢墙 team=2
2026-04-02T15:22:04.6222992+08:00 [BUILD] action=destroyed x=180 y=251 block_id=221 block=大型塑钢墙 team=2
2026-04-02T15:22:04.6222992+08:00 [BUILD] action=destroyed x=182 y=251 block_id=229 block=大门 team=2
2026-04-02T15:22:04.6222992+08:00 [BUILD] action=destroyed x=184 y=251 block_id=229 block=大门 team=2
2026-04-02T15:22:04.6222992+08:00 [BUILD] action=destroyed x=186 y=251 block_id=221 block=大型塑钢墙 team=2
2026-04-02T15:22:04.6222992+08:00 [BUILD] action=destroyed x=188 y=251 block_id=293 block=导管桥 team=2
2026-04-02T15:22:04.6222992+08:00 [BUILD] action=destroyed x=189 y=251 block_id=302 block=电力节点 team=2
2026-04-02T15:22:04.6222992+08:00 [BUILD] action=destroyed x=190 y=251 block_id=259 block=塑钢传送带 team=2
2026-04-02T15:22:04.6222992+08:00 [BUILD] action=destroyed x=194 y=251 block_id=220 block=塑钢墙 team=2
2026-04-02T15:22:04.6222992+08:00 [BUILD] action=destroyed x=176 y=252 block_id=221 block=大型塑钢墙 team=2
2026-04-02T15:22:04.6222992+08:00 [BUILD] action=destroyed x=178 y=252 block_id=220 block=塑钢墙 team=2
2026-04-02T15:22:04.6222992+08:00 [BUILD] action=destroyed x=179 y=252 block_id=220 block=塑钢墙 team=2
2026-04-02T15:22:04.6222992+08:00 [BUILD] action=destroyed x=188 y=252 block_id=290 block=流体容器 team=2
2026-04-02T15:22:04.6222992+08:00 [BUILD] action=destroyed x=190 y=252 block_id=259 block=塑钢传送带 team=2
2026-04-02T15:22:04.6222992+08:00 [BUILD] action=destroyed x=191 y=252 block_id=262 block=传送带桥 team=2
2026-04-02T15:22:04.6222992+08:00 [BUILD] action=destroyed x=192 y=252 block_id=220 block=塑钢墙 team=2
2026-04-02T15:22:04.6222992+08:00 [BUILD] action=destroyed x=193 y=252 block_id=220 block=塑钢墙 team=2
2026-04-02T15:22:04.6222992+08:00 [BUILD] action=destroyed x=194 y=252 block_id=220 block=塑钢墙 team=2
2026-04-02T15:22:04.6222992+08:00 [BUILD] action=destroyed x=178 y=253 block_id=221 block=大型塑钢墙 team=2
2026-04-02T15:22:04.6222992+08:00 [BUILD] action=destroyed x=180 y=253 block_id=221 block=大型塑钢墙 team=2
2026-04-02T15:22:04.6222992+08:00 [BUILD] action=destroyed x=182 y=253 block_id=229 block=大门 team=2
2026-04-02T15:22:04.6222992+08:00 [BUILD] action=destroyed x=184 y=253 block_id=220 block=塑钢墙 team=2
2026-04-02T15:22:04.6222992+08:00 [BUILD] action=destroyed x=185 y=253 block_id=220 block=塑钢墙 team=2
2026-04-02T15:22:04.6222992+08:00 [BUILD] action=destroyed x=186 y=253 block_id=220 block=塑钢墙 team=2
2026-04-02T15:22:04.6222992+08:00 [BUILD] action=destroyed x=187 y=253 block_id=287 block=脉冲导管 team=2
2026-04-02T15:22:04.6222992+08:00 [BUILD] action=destroyed x=193 y=253 block_id=220 block=塑钢墙 team=2
2026-04-02T15:22:04.6222992+08:00 [BUILD] action=destroyed x=188 y=254 block_id=293 block=导管桥 team=2
2026-04-02T15:22:04.6233315+08:00 [BUILD] action=destroyed x=189 y=254 block_id=288 block=电镀导管 team=2
2026-04-02T15:22:04.6233315+08:00 [BUILD] action=destroyed x=191 y=254 block_id=363 block=气旋 team=2
2026-04-02T15:22:04.6233315+08:00 [BUILD] action=destroyed x=193 y=254 block_id=220 block=塑钢墙 team=2
2026-04-02T15:22:04.6233315+08:00 [BUILD] action=destroyed x=175 y=255 block_id=365 block=幽灵 team=2
2026-04-02T15:22:04.6233315+08:00 [BUILD] action=destroyed x=178 y=255 block_id=246 block=修理投影 team=2
2026-04-02T15:22:04.6233315+08:00 [BUILD] action=destroyed x=180 y=255 block_id=221 block=大型塑钢墙 team=2
2026-04-02T15:22:04.6233315+08:00 [BUILD] action=destroyed x=182 y=255 block_id=229 block=大门 team=2
2026-04-02T15:22:04.6233315+08:00 [BUILD] action=destroyed x=185 y=255 block_id=328 block=爆破钻头 team=2
2026-04-02T15:22:04.6233315+08:00 [BUILD] action=destroyed x=188 y=255 block_id=262 block=传送带桥 team=2
2026-04-02T15:22:04.6233315+08:00 [BUILD] action=destroyed x=189 y=255 block_id=288 block=电镀导管 team=2
2026-04-02T15:22:04.6233315+08:00 [BUILD] action=destroyed x=193 y=255 block_id=220 block=塑钢墙 team=2
2026-04-02T15:22:04.6233315+08:00 [BUILD] action=destroyed x=209 y=255 block_id=220 block=塑钢墙 team=2
2026-04-02T15:22:04.6233315+08:00 [BUILD] action=destroyed x=210 y=255 block_id=261 block=交叉器 team=2
2026-04-02T15:22:04.6233315+08:00 [BUILD] action=destroyed x=188 y=256 block_id=293 block=导管桥 team=2
2026-04-02T15:22:04.6233315+08:00 [BUILD] action=destroyed x=189 y=256 block_id=288 block=电镀导管 team=2
2026-04-02T15:22:04.6233315+08:00 [BUILD] action=destroyed x=190 y=256 block_id=220 block=塑钢墙 team=2
2026-04-02T15:22:04.6233315+08:00 [BUILD] action=destroyed x=191 y=256 block_id=221 block=大型塑钢墙 team=2
2026-04-02T15:22:04.6233315+08:00 [BUILD] action=destroyed x=208 y=256 block_id=221 block=大型塑钢墙 team=2
2026-04-02T15:22:04.6233315+08:00 [BUILD] action=destroyed x=210 y=256 block_id=266 block=路由器 team=2
2026-04-02T15:22:04.6233315+08:00 [BUILD] action=destroyed x=178 y=257 block_id=221 block=大型塑钢墙 team=2
2026-04-02T15:22:04.6233315+08:00 [BUILD] action=destroyed x=180 y=257 block_id=221 block=大型塑钢墙 team=2
2026-04-02T15:22:04.6233315+08:00 [BUILD] action=destroyed x=182 y=257 block_id=229 block=大门 team=2
2026-04-02T15:22:04.6233315+08:00 [BUILD] action=destroyed x=188 y=257 block_id=189 block=冷冻液混合器 team=2
2026-04-02T15:22:04.6233315+08:00 [BUILD] action=destroyed x=190 y=257 block_id=220 block=塑钢墙 team=2
2026-04-02T15:22:04.6233315+08:00 [BUILD] action=destroyed x=207 y=257 block_id=220 block=塑钢墙 team=2
2026-04-02T15:22:04.6233315+08:00 [BUILD] action=destroyed x=210 y=257 block_id=260 block=装甲传送带 team=2
2026-04-02T15:22:04.6233315+08:00 [BUILD] action=destroyed x=174 y=258 block_id=270 block=装卸器 team=2
2026-04-02T15:22:04.6233315+08:00 [BUILD] action=destroyed x=175 y=258 block_id=245 block=修理器 team=2
2026-04-02T15:22:04.6233315+08:00 [BUILD] action=destroyed x=176 y=258 block_id=245 block=修理器 team=2
2026-04-02T15:22:04.6233315+08:00 [BUILD] action=destroyed x=177 y=258 block_id=302 block=电力节点 team=2
2026-04-02T15:22:04.6233315+08:00 [BUILD] action=destroyed x=184 y=258 block_id=220 block=塑钢墙 team=2
2026-04-02T15:22:04.6233315+08:00 [BUILD] action=destroyed x=185 y=258 block_id=326 block=气动钻头 team=2
2026-04-02T15:22:04.6233315+08:00 [BUILD] action=destroyed x=187 y=258 block_id=258 block=钛传送带 team=2
2026-04-02T15:22:04.6233315+08:00 [BUILD] action=destroyed x=190 y=258 block_id=221 block=大型塑钢墙 team=2
2026-04-02T15:22:04.6233315+08:00 [BUILD] action=destroyed x=192 y=258 block_id=221 block=大型塑钢墙 team=2
2026-04-02T15:22:04.6233315+08:00 [BUILD] action=destroyed x=194 y=258 block_id=222 block=钍墙 team=2
2026-04-02T15:22:04.6233315+08:00 [BUILD] action=destroyed x=195 y=258 block_id=222 block=钍墙 team=2
2026-04-02T15:22:04.6233315+08:00 [BUILD] action=destroyed x=206 y=258 block_id=221 block=大型塑钢墙 team=2
2026-04-02T15:22:04.6233315+08:00 [BUILD] action=destroyed x=208 y=258 block_id=304 block=巨浪电力塔 team=2
2026-04-02T15:22:04.6233315+08:00 [BUILD] action=destroyed x=210 y=258 block_id=183 block=硅冶炼厂 team=2
2026-04-02T15:22:04.6233315+08:00 [BUILD] action=destroyed x=175 y=259 block_id=270 block=装卸器 team=2
2026-04-02T15:22:04.6233315+08:00 [BUILD] action=destroyed x=179 y=259 block_id=258 block=钛传送带 team=2
2026-04-02T15:22:04.6233315+08:00 [BUILD] action=destroyed x=180 y=259 block_id=258 block=钛传送带 team=2
2026-04-02T15:22:04.6233315+08:00 [BUILD] action=destroyed x=181 y=259 block_id=229 block=大门 team=2
2026-04-02T15:22:04.6233315+08:00 [BUILD] action=destroyed x=183 y=259 block_id=228 block=门 team=2
2026-04-02T15:22:04.6233315+08:00 [BUILD] action=destroyed x=184 y=259 block_id=220 block=塑钢墙 team=2
2026-04-02T15:22:04.6233315+08:00 [BUILD] action=destroyed x=187 y=259 block_id=287 block=脉冲导管 team=2
2026-04-02T15:22:04.6233315+08:00 [BUILD] action=destroyed x=188 y=259 block_id=262 block=传送带桥 team=2
2026-04-02T15:22:04.6233315+08:00 [BUILD] action=destroyed x=189 y=259 block_id=288 block=电镀导管 team=2
2026-04-02T15:22:04.6233315+08:00 [BUILD] action=destroyed x=194 y=259 block_id=221 block=大型塑钢墙 team=2
2026-04-02T15:22:04.6233315+08:00 [BUILD] action=destroyed x=196 y=259 block_id=222 block=钍墙 team=2
2026-04-02T15:22:04.6233315+08:00 [BUILD] action=destroyed x=205 y=259 block_id=220 block=塑钢墙 team=2
2026-04-02T15:22:04.6233315+08:00 [BUILD] action=destroyed x=175 y=260 block_id=270 block=装卸器 team=2
2026-04-02T15:22:04.6233315+08:00 [BUILD] action=destroyed x=177 y=260 block_id=377 block=陆军工厂 team=2
2026-04-02T15:22:04.6233315+08:00 [BUILD] action=destroyed x=179 y=260 block_id=228 block=门 team=2
2026-04-02T15:22:04.6243313+08:00 [BUILD] action=destroyed x=180 y=260 block_id=258 block=钛传送带 team=2
2026-04-02T15:22:04.6243313+08:00 [BUILD] action=destroyed x=183 y=260 block_id=228 block=门 team=2
2026-04-02T15:22:04.6243313+08:00 [BUILD] action=destroyed x=184 y=260 block_id=220 block=塑钢墙 team=2
2026-04-02T15:22:04.6243313+08:00 [BUILD] action=destroyed x=185 y=260 block_id=220 block=塑钢墙 team=2
2026-04-02T15:22:04.6243313+08:00 [BUILD] action=destroyed x=186 y=260 block_id=220 block=塑钢墙 team=2
2026-04-02T15:22:04.6243313+08:00 [BUILD] action=destroyed x=187 y=260 block_id=287 block=脉冲导管 team=2
2026-04-02T15:22:04.6243313+08:00 [BUILD] action=destroyed x=188 y=260 block_id=293 block=导管桥 team=2
2026-04-02T15:22:04.6243313+08:00 [BUILD] action=destroyed x=189 y=260 block_id=288 block=电镀导管 team=2
2026-04-02T15:22:04.6243313+08:00 [BUILD] action=destroyed x=190 y=260 block_id=302 block=电力节点 team=2
2026-04-02T15:22:04.6243313+08:00 [BUILD] action=destroyed x=196 y=260 block_id=222 block=钍墙 team=2
2026-04-02T15:22:04.6243313+08:00 [BUILD] action=destroyed x=197 y=260 block_id=222 block=钍墙 team=2
2026-04-02T15:22:04.6243313+08:00 [BUILD] action=destroyed x=207 y=260 block_id=220 block=塑钢墙 team=2
2026-04-02T15:22:04.6243313+08:00 [BUILD] action=destroyed x=208 y=260 block_id=221 block=大型塑钢墙 team=2
2026-04-02T15:22:04.6243313+08:00 [BUILD] action=destroyed x=210 y=260 block_id=220 block=塑钢墙 team=2
2026-04-02T15:22:04.6243313+08:00 [BUILD] action=destroyed x=175 y=261 block_id=262 block=传送带桥 team=2
2026-04-02T15:22:04.6243313+08:00 [BUILD] action=destroyed x=179 y=261 block_id=262 block=传送带桥 team=2
2026-04-02T15:22:04.6243313+08:00 [BUILD] action=destroyed x=180 y=261 block_id=262 block=传送带桥 team=2
2026-04-02T15:22:04.6243313+08:00 [BUILD] action=destroyed x=181 y=261 block_id=229 block=大门 team=2
2026-04-02T15:22:04.6243313+08:00 [BUILD] action=destroyed x=183 y=261 block_id=220 block=塑钢墙 team=2
2026-04-02T15:22:04.6243313+08:00 [BUILD] action=destroyed x=184 y=261 block_id=262 block=传送带桥 team=2
2026-04-02T15:22:04.6243313+08:00 [BUILD] action=destroyed x=185 y=261 block_id=221 block=大型塑钢墙 team=2
2026-04-02T15:22:04.6243313+08:00 [BUILD] action=destroyed x=187 y=261 block_id=220 block=塑钢墙 team=2
2026-04-02T15:22:04.6243313+08:00 [BUILD] action=destroyed x=188 y=261 block_id=262 block=传送带桥 team=2
2026-04-02T15:22:04.6243313+08:00 [BUILD] action=destroyed x=189 y=261 block_id=290 block=流体容器 team=2
2026-04-02T15:22:04.6263297+08:00 [BUILD] action=destroyed x=192 y=261 block_id=315 block=钍反应堆 team=2
2026-04-02T15:22:04.6263297+08:00 [BUILD] action=destroyed x=194 y=261 block_id=221 block=大型塑钢墙 team=2
2026-04-02T15:22:04.6263297+08:00 [BUILD] action=destroyed x=196 y=261 block_id=221 block=大型塑钢墙 team=2
2026-04-02T15:22:04.6263297+08:00 [BUILD] action=destroyed x=211 y=261 block_id=258 block=钛传送带 team=2
2026-04-02T15:22:04.6263297+08:00 [BUILD] action=destroyed x=175 y=262 block_id=270 block=装卸器 team=2
2026-04-02T15:22:04.6263297+08:00 [BUILD] action=destroyed x=179 y=262 block_id=245 block=修理器 team=2
2026-04-02T15:22:04.6263297+08:00 [BUILD] action=destroyed x=180 y=262 block_id=258 block=钛传送带 team=2
2026-04-02T15:22:04.6263297+08:00 [BUILD] action=destroyed x=183 y=262 block_id=220 block=塑钢墙 team=2
2026-04-02T15:22:04.6263297+08:00 [BUILD] action=destroyed x=184 y=262 block_id=220 block=塑钢墙 team=2
2026-04-02T15:22:04.6263297+08:00 [BUILD] action=destroyed x=187 y=262 block_id=293 block=导管桥 team=2
2026-04-02T15:22:04.6263297+08:00 [BUILD] action=destroyed x=188 y=262 block_id=289 block=流体路由器 team=2
2026-04-02T15:22:04.6263297+08:00 [BUILD] action=destroyed x=198 y=262 block_id=222 block=钍墙 team=2
2026-04-02T15:22:04.6273301+08:00 [BUILD] action=destroyed x=199 y=262 block_id=222 block=钍墙 team=2
2026-04-02T15:22:04.6273301+08:00 [BUILD] action=destroyed x=200 y=262 block_id=222 block=钍墙 team=2
2026-04-02T15:22:04.6273301+08:00 [BUILD] action=destroyed x=208 y=262 block_id=220 block=塑钢墙 team=2
2026-04-02T15:22:04.6273301+08:00 [BUILD] action=destroyed x=209 y=262 block_id=358 block=齐射 team=2
2026-04-02T15:22:04.6273301+08:00 [BUILD] action=destroyed x=175 y=263 block_id=270 block=装卸器 team=2
2026-04-02T15:22:04.6273301+08:00 [BUILD] action=destroyed x=177 y=263 block_id=377 block=陆军工厂 team=2
2026-04-02T15:22:04.628836+08:00 [BUILD] action=destroyed x=179 y=263 block_id=228 block=门 team=2
2026-04-02T15:22:04.628836+08:00 [BUILD] action=destroyed x=180 y=263 block_id=258 block=钛传送带 team=2
2026-04-02T15:22:04.628836+08:00 [BUILD] action=destroyed x=181 y=263 block_id=229 block=大门 team=2
2026-04-02T15:22:04.628836+08:00 [BUILD] action=destroyed x=183 y=263 block_id=220 block=塑钢墙 team=2
2026-04-02T15:22:04.628836+08:00 [BUILD] action=destroyed x=184 y=263 block_id=221 block=大型塑钢墙 team=2
2026-04-02T15:22:04.628836+08:00 [BUILD] action=destroyed x=186 y=263 block_id=247 block=超速投影 team=2
2026-04-02T15:22:04.628836+08:00 [BUILD] action=destroyed x=188 y=263 block_id=287 block=脉冲导管 team=2
2026-04-02T15:22:04.628836+08:00 [BUILD] action=destroyed x=192 y=263 block_id=262 block=传送带桥 team=2
2026-04-02T15:22:04.628836+08:00 [BUILD] action=destroyed x=196 y=263 block_id=221 block=大型塑钢墙 team=2
2026-04-02T15:22:04.628836+08:00 [BUILD] action=destroyed x=198 y=263 block_id=221 block=大型塑钢墙 team=2
2026-04-02T15:22:04.6298679+08:00 [BUILD] action=destroyed x=200 y=263 block_id=222 block=钍墙 team=2
2026-04-02T15:22:04.6298679+08:00 [BUILD] action=destroyed x=208 y=263 block_id=220 block=塑钢墙 team=2
2026-04-02T15:22:04.6298679+08:00 [BUILD] action=destroyed x=174 y=264 block_id=258 block=钛传送带 team=2
2026-04-02T15:22:04.6298679+08:00 [BUILD] action=destroyed x=175 y=264 block_id=302 block=电力节点 team=2
2026-04-02T15:22:04.6298679+08:00 [BUILD] action=destroyed x=179 y=264 block_id=258 block=钛传送带 team=2
2026-04-02T15:22:04.6298679+08:00 [BUILD] action=destroyed x=180 y=264 block_id=258 block=钛传送带 team=2
2026-04-02T15:22:04.6309929+08:00 [BUILD] action=destroyed x=183 y=264 block_id=220 block=塑钢墙 team=2
2026-04-02T15:22:04.6309929+08:00 [BUILD] action=destroyed x=188 y=264 block_id=293 block=导管桥 team=2
2026-04-02T15:22:04.6309929+08:00 [BUILD] action=destroyed x=190 y=264 block_id=315 block=钍反应堆 team=2
2026-04-02T15:22:04.6309929+08:00 [BUILD] action=destroyed x=192 y=264 block_id=293 block=导管桥 team=2
2026-04-02T15:22:04.6309929+08:00 [BUILD] action=destroyed x=194 y=264 block_id=315 block=钍反应堆 team=2
2026-04-02T15:22:04.6309929+08:00 [BUILD] action=destroyed x=200 y=264 block_id=220 block=塑钢墙 team=2
2026-04-02T15:22:04.6309929+08:00 [BUILD] action=destroyed x=201 y=264 block_id=220 block=塑钢墙 team=2
2026-04-02T15:22:04.6320237+08:00 [BUILD] action=destroyed x=207 y=264 block_id=222 block=钍墙 team=2
2026-04-02T15:22:04.6320237+08:00 [BUILD] action=destroyed x=208 y=264 block_id=220 block=塑钢墙 team=2
2026-04-02T15:22:04.6320237+08:00 [BUILD] action=destroyed x=209 y=264 block_id=220 block=塑钢墙 team=2
2026-04-02T15:22:04.6320237+08:00 [BUILD] action=destroyed x=210 y=264 block_id=352 block=冰雹 team=2
2026-04-02T15:22:04.6320237+08:00 [BUILD] action=destroyed x=174 y=265 block_id=260 block=装甲传送带 team=2
2026-04-02T15:22:04.6320237+08:00 [BUILD] action=destroyed x=175 y=265 block_id=220 block=塑钢墙 team=2
2026-04-02T15:22:04.6335294+08:00 [BUILD] action=destroyed x=176 y=265 block_id=221 block=大型塑钢墙 team=2
2026-04-02T15:22:04.6335294+08:00 [BUILD] action=destroyed x=178 y=265 block_id=221 block=大型塑钢墙 team=2
2026-04-02T15:22:04.6335294+08:00 [BUILD] action=destroyed x=180 y=265 block_id=221 block=大型塑钢墙 team=2
2026-04-02T15:22:04.6335294+08:00 [BUILD] action=destroyed x=182 y=265 block_id=221 block=大型塑钢墙 team=2
2026-04-02T15:22:04.6335294+08:00 [BUILD] action=destroyed x=184 y=265 block_id=221 block=大型塑钢墙 team=2
2026-04-02T15:22:04.6335294+08:00 [BUILD] action=destroyed x=186 y=265 block_id=220 block=塑钢墙 team=2
2026-04-02T15:22:04.6335294+08:00 [BUILD] action=destroyed x=187 y=265 block_id=293 block=导管桥 team=2
2026-04-02T15:22:04.6335294+08:00 [BUILD] action=destroyed x=188 y=265 block_id=220 block=塑钢墙 team=2
2026-04-02T15:22:04.6335294+08:00 [BUILD] action=destroyed x=192 y=265 block_id=262 block=传送带桥 team=2
2026-04-02T15:22:04.6345364+08:00 [BUILD] action=destroyed x=196 y=265 block_id=247 block=超速投影 team=2
2026-04-02T15:22:04.6345364+08:00 [BUILD] action=destroyed x=198 y=265 block_id=246 block=修理投影 team=2
2026-04-02T15:22:04.6345364+08:00 [BUILD] action=destroyed x=200 y=265 block_id=220 block=塑钢墙 team=2
2026-04-02T15:22:04.6345364+08:00 [BUILD] action=destroyed x=201 y=265 block_id=221 block=大型塑钢墙 team=2
2026-04-02T15:22:04.6345364+08:00 [BUILD] action=destroyed x=205 y=265 block_id=220 block=塑钢墙 team=2
2026-04-02T15:22:04.6345364+08:00 [BUILD] action=destroyed x=206 y=265 block_id=223 block=大型钍墙 team=2
2026-04-02T15:22:04.6355381+08:00 [BUILD] action=destroyed x=208 y=265 block_id=352 block=冰雹 team=2
2026-04-02T15:22:04.6355381+08:00 [BUILD] action=destroyed x=209 y=265 block_id=260 block=装甲传送带 team=2
2026-04-02T15:22:04.6355381+08:00 [BUILD] action=destroyed x=210 y=265 block_id=270 block=装卸器 team=2
2026-04-02T15:22:04.6355381+08:00 [BUILD] action=destroyed x=174 y=266 block_id=260 block=装甲传送带 team=2
2026-04-02T15:22:04.6355381+08:00 [BUILD] action=destroyed x=175 y=266 block_id=220 block=塑钢墙 team=2
2026-04-02T15:22:04.6371512+08:00 [BUILD] action=destroyed x=186 y=266 block_id=220 block=塑钢墙 team=2
2026-04-02T15:22:04.6561081+08:00 [BUILD] action=destroyed x=187 y=266 block_id=287 block=脉冲导管 team=2
2026-04-02T15:22:04.6716723+08:00 [BUILD] action=destroyed x=188 y=266 block_id=287 block=脉冲导管 team=2
2026-04-02T15:22:04.689152+08:00 [BUILD] action=destroyed x=189 y=266 block_id=293 block=导管桥 team=2
2026-04-02T15:22:04.7038567+08:00 [BUILD] action=destroyed x=190 y=266 block_id=302 block=电力节点 team=2
2026-04-02T15:22:04.7038567+08:00 [BUILD] action=destroyed x=191 y=266 block_id=293 block=导管桥 team=2
2026-04-02T15:22:04.7038567+08:00 [BUILD] action=destroyed x=192 y=266 block_id=258 block=钛传送带 team=2
2026-04-02T15:22:04.7038567+08:00 [BUILD] action=destroyed x=193 y=266 block_id=220 block=塑钢墙 team=2
2026-04-02T15:22:04.7038567+08:00 [BUILD] action=destroyed x=194 y=266 block_id=220 block=塑钢墙 team=2
2026-04-02T15:22:04.7038567+08:00 [BUILD] action=destroyed x=195 y=266 block_id=220 block=塑钢墙 team=2
2026-04-02T15:22:04.7038567+08:00 [BUILD] action=destroyed x=200 y=266 block_id=220 block=塑钢墙 team=2
2026-04-02T15:22:04.7038567+08:00 [BUILD] action=destroyed x=204 y=266 block_id=221 block=大型塑钢墙 team=2
2026-04-02T15:22:04.7038567+08:00 [BUILD] action=destroyed x=174 y=267 block_id=260 block=装甲传送带 team=2
2026-04-02T15:22:04.7038567+08:00 [BUILD] action=destroyed x=175 y=267 block_id=358 block=齐射 team=2
2026-04-02T15:22:04.7038567+08:00 [BUILD] action=destroyed x=180 y=267 block_id=220 block=塑钢墙 team=2
2026-04-02T15:22:04.7038567+08:00 [BUILD] action=destroyed x=181 y=267 block_id=258 block=钛传送带 team=2
2026-04-02T15:22:04.7038567+08:00 [BUILD] action=destroyed x=182 y=267 block_id=258 block=钛传送带 team=2
2026-04-02T15:22:04.7038567+08:00 [BUILD] action=destroyed x=183 y=267 block_id=258 block=钛传送带 team=2
2026-04-02T15:22:04.7038567+08:00 [BUILD] action=destroyed x=184 y=267 block_id=258 block=钛传送带 team=2
2026-04-02T15:22:04.7038567+08:00 [BUILD] action=destroyed x=185 y=267 block_id=258 block=钛传送带 team=2
2026-04-02T15:22:04.7038567+08:00 [BUILD] action=destroyed x=186 y=267 block_id=258 block=钛传送带 team=2
2026-04-02T15:22:04.7038567+08:00 [BUILD] action=destroyed x=187 y=267 block_id=258 block=钛传送带 team=2
2026-04-02T15:22:04.7038567+08:00 [BUILD] action=destroyed x=188 y=267 block_id=258 block=钛传送带 team=2
2026-04-02T15:22:04.7038567+08:00 [BUILD] action=destroyed x=189 y=267 block_id=258 block=钛传送带 team=2
2026-04-02T15:22:04.7038567+08:00 [BUILD] action=destroyed x=190 y=267 block_id=258 block=钛传送带 team=2
2026-04-02T15:22:04.7038567+08:00 [BUILD] action=destroyed x=191 y=267 block_id=258 block=钛传送带 team=2
2026-04-02T15:22:04.7038567+08:00 [BUILD] action=destroyed x=192 y=267 block_id=269 block=反向溢流门 team=2
2026-04-02T15:22:04.7038567+08:00 [BUILD] action=destroyed x=193 y=267 block_id=258 block=钛传送带 team=2
2026-04-02T15:22:04.7038567+08:00 [BUILD] action=destroyed x=194 y=267 block_id=269 block=反向溢流门 team=2
2026-04-02T15:22:04.7053805+08:00 [BUILD] action=destroyed x=195 y=267 block_id=258 block=钛传送带 team=2
2026-04-02T15:22:04.7053805+08:00 [BUILD] action=destroyed x=196 y=267 block_id=258 block=钛传送带 team=2
2026-04-02T15:22:04.7053805+08:00 [BUILD] action=destroyed x=197 y=267 block_id=258 block=钛传送带 team=2
2026-04-02T15:22:04.7053805+08:00 [BUILD] action=destroyed x=198 y=267 block_id=258 block=钛传送带 team=2
2026-04-02T15:22:04.7053805+08:00 [BUILD] action=destroyed x=199 y=267 block_id=258 block=钛传送带 team=2
2026-04-02T15:22:04.7053805+08:00 [BUILD] action=destroyed x=206 y=267 block_id=223 block=大型钍墙 team=2
2026-04-02T15:22:04.7053805+08:00 [BUILD] action=destroyed x=209 y=267 block_id=426 block=发射台 team=2
2026-04-02T15:22:04.7053805+08:00 [BUILD] action=destroyed x=178 y=268 block_id=314 block=大型太阳能板 team=2
2026-04-02T15:22:04.7053805+08:00 [BUILD] action=destroyed x=180 y=268 block_id=302 block=电力节点 team=2
2026-04-02T15:22:04.7053805+08:00 [BUILD] action=destroyed x=181 y=268 block_id=258 block=钛传送带 team=2
2026-04-02T15:22:04.7053805+08:00 [BUILD] action=destroyed x=189 y=268 block_id=221 block=大型塑钢墙 team=2
2026-04-02T15:22:04.7053805+08:00 [BUILD] action=destroyed x=191 y=268 block_id=293 block=导管桥 team=2
2026-04-02T15:22:04.7053805+08:00 [BUILD] action=destroyed x=192 y=268 block_id=287 block=脉冲导管 team=2
2026-04-02T15:22:04.7053805+08:00 [BUILD] action=destroyed x=199 y=268 block_id=220 block=塑钢墙 team=2
2026-04-02T15:22:04.7053805+08:00 [BUILD] action=destroyed x=201 y=268 block_id=365 block=幽灵 team=2
2026-04-02T15:22:04.7053805+08:00 [BUILD] action=destroyed x=204 y=268 block_id=221 block=大型塑钢墙 team=2
2026-04-02T15:22:04.7053805+08:00 [BUILD] action=destroyed x=175 y=269 block_id=258 block=钛传送带 team=2
2026-04-02T15:22:04.7053805+08:00 [BUILD] action=destroyed x=176 y=269 block_id=262 block=传送带桥 team=2
2026-04-02T15:22:04.7053805+08:00 [BUILD] action=destroyed x=180 y=269 block_id=262 block=传送带桥 team=2
2026-04-02T15:22:04.7053805+08:00 [BUILD] action=destroyed x=181 y=269 block_id=258 block=钛传送带 team=2
2026-04-02T15:22:04.7053805+08:00 [BUILD] action=destroyed x=183 y=269 block_id=314 block=大型太阳能板 team=2
2026-04-02T15:22:04.7053805+08:00 [BUILD] action=destroyed x=186 y=269 block_id=314 block=大型太阳能板 team=2
2026-04-02T15:22:04.7053805+08:00 [BUILD] action=destroyed x=191 y=269 block_id=220 block=塑钢墙 team=2
2026-04-02T15:22:04.7053805+08:00 [BUILD] action=destroyed x=192 y=269 block_id=220 block=塑钢墙 team=2
2026-04-02T15:22:04.7053805+08:00 [BUILD] action=destroyed x=194 y=269 block_id=315 block=钍反应堆 team=2
2026-04-02T15:22:04.7053805+08:00 [BUILD] action=destroyed x=197 y=269 block_id=249 block=力墙投影 team=2
2026-04-02T15:22:04.7053805+08:00 [BUILD] action=destroyed x=199 y=269 block_id=302 block=电力节点 team=2
2026-04-02T15:22:04.7053805+08:00 [BUILD] action=destroyed x=206 y=269 block_id=223 block=大型钍墙 team=2
2026-04-02T15:22:04.7053805+08:00 [BUILD] action=destroyed x=177 y=270 block_id=221 block=大型塑钢墙 team=2
2026-04-02T15:22:04.7053805+08:00 [BUILD] action=destroyed x=179 y=270 block_id=220 block=塑钢墙 team=2
2026-04-02T15:22:04.7053805+08:00 [BUILD] action=destroyed x=180 y=270 block_id=269 block=反向溢流门 team=2
2026-04-02T15:22:04.7053805+08:00 [BUILD] action=destroyed x=181 y=270 block_id=258 block=钛传送带 team=2
2026-04-02T15:22:04.7053805+08:00 [BUILD] action=destroyed x=190 y=270 block_id=220 block=塑钢墙 team=2
2026-04-02T15:22:04.7053805+08:00 [BUILD] action=destroyed x=191 y=270 block_id=221 block=大型塑钢墙 team=2
2026-04-02T15:22:04.7053805+08:00 [BUILD] action=destroyed x=204 y=270 block_id=221 block=大型塑钢墙 team=2
2026-04-02T15:22:04.7053805+08:00 [BUILD] action=destroyed x=208 y=270 block_id=288 block=电镀导管 team=2
2026-04-02T15:22:04.7053805+08:00 [BUILD] action=destroyed x=179 y=271 block_id=220 block=塑钢墙 team=2
2026-04-02T15:22:04.7053805+08:00 [BUILD] action=destroyed x=180 y=271 block_id=262 block=传送带桥 team=2
2026-04-02T15:22:04.7053805+08:00 [BUILD] action=destroyed x=181 y=271 block_id=220 block=塑钢墙 team=2
2026-04-02T15:22:04.7053805+08:00 [BUILD] action=destroyed x=182 y=271 block_id=220 block=塑钢墙 team=2
2026-04-02T15:22:04.7053805+08:00 [BUILD] action=destroyed x=183 y=271 block_id=220 block=塑钢墙 team=2
2026-04-02T15:22:04.7053805+08:00 [BUILD] action=destroyed x=184 y=271 block_id=220 block=塑钢墙 team=2
2026-04-02T15:22:04.7053805+08:00 [BUILD] action=destroyed x=185 y=271 block_id=220 block=塑钢墙 team=2
2026-04-02T15:22:04.7053805+08:00 [BUILD] action=destroyed x=186 y=271 block_id=220 block=塑钢墙 team=2
2026-04-02T15:22:04.7053805+08:00 [BUILD] action=destroyed x=187 y=271 block_id=220 block=塑钢墙 team=2
2026-04-02T15:22:04.7053805+08:00 [BUILD] action=destroyed x=190 y=271 block_id=220 block=塑钢墙 team=2
2026-04-02T15:22:04.7053805+08:00 [BUILD] action=destroyed x=193 y=271 block_id=220 block=塑钢墙 team=2
2026-04-02T15:22:04.7053805+08:00 [BUILD] action=destroyed x=194 y=271 block_id=220 block=塑钢墙 team=2
2026-04-02T15:22:04.7053805+08:00 [BUILD] action=destroyed x=195 y=271 block_id=220 block=塑钢墙 team=2
2026-04-02T15:22:04.7053805+08:00 [BUILD] action=destroyed x=196 y=271 block_id=220 block=塑钢墙 team=2
2026-04-02T15:22:04.7053805+08:00 [BUILD] action=destroyed x=197 y=271 block_id=220 block=塑钢墙 team=2
2026-04-02T15:22:04.7053805+08:00 [BUILD] action=destroyed x=200 y=271 block_id=220 block=塑钢墙 team=2
2026-04-02T15:22:04.7063892+08:00 [BUILD] action=destroyed x=201 y=271 block_id=220 block=塑钢墙 team=2
2026-04-02T15:22:04.7063892+08:00 [BUILD] action=destroyed x=202 y=271 block_id=246 block=修理投影 team=2
2026-04-02T15:22:04.7063892+08:00 [BUILD] action=destroyed x=206 y=271 block_id=223 block=大型钍墙 team=2
2026-04-02T15:22:04.7063892+08:00 [BUILD] action=destroyed x=208 y=271 block_id=288 block=电镀导管 team=2
2026-04-02T15:22:04.7063892+08:00 [BUILD] action=destroyed x=181 y=272 block_id=302 block=电力节点 team=2
2026-04-02T15:22:04.7063892+08:00 [BUILD] action=destroyed x=182 y=272 block_id=219 block=大型钛墙 team=2
2026-04-02T15:22:04.7063892+08:00 [BUILD] action=destroyed x=184 y=272 block_id=218 block=钛墙 team=2
2026-04-02T15:22:04.7063892+08:00 [BUILD] action=destroyed x=194 y=272 block_id=230 block=废墙 team=0
2026-04-02T15:22:04.7063892+08:00 [BUILD] action=destroyed x=204 y=272 block_id=221 block=大型塑钢墙 team=2
2026-04-02T15:22:04.7063892+08:00 [BUILD] action=destroyed x=178 y=273 block_id=218 block=钛墙 team=2
2026-04-02T15:22:04.7063892+08:00 [BUILD] action=destroyed x=192 y=273 block_id=230 block=废墙 team=0
2026-04-02T15:22:04.7063892+08:00 [BUILD] action=destroyed x=194 y=273 block_id=230 block=废墙 team=0
2026-04-02T15:22:04.7063892+08:00 [BUILD] action=destroyed x=195 y=273 block_id=230 block=废墙 team=0
2026-04-02T15:22:04.7063892+08:00 [BUILD] action=destroyed x=203 y=273 block_id=220 block=塑钢墙 team=2
2026-04-02T15:22:04.7063892+08:00 [BUILD] action=destroyed x=206 y=273 block_id=223 block=大型钍墙 team=2
2026-04-02T15:22:04.7063892+08:00 [BUILD] action=destroyed x=179 y=274 block_id=266 block=路由器 team=2
2026-04-02T15:22:04.7063892+08:00 [BUILD] action=destroyed x=180 y=274 block_id=262 block=传送带桥 team=2
2026-04-02T15:22:04.7063892+08:00 [BUILD] action=destroyed x=181 y=274 block_id=266 block=路由器 team=2
2026-04-02T15:22:04.7063892+08:00 [BUILD] action=destroyed x=182 y=274 block_id=258 block=钛传送带 team=2
2026-04-02T15:22:04.7063892+08:00 [BUILD] action=destroyed x=183 y=274 block_id=258 block=钛传送带 team=2
2026-04-02T15:22:04.7063892+08:00 [BUILD] action=destroyed x=184 y=274 block_id=258 block=钛传送带 team=2
2026-04-02T15:22:04.7063892+08:00 [BUILD] action=destroyed x=185 y=274 block_id=358 block=齐射 team=2
2026-04-02T15:22:04.7063892+08:00 [BUILD] action=destroyed x=190 y=274 block_id=230 block=废墙 team=0
2026-04-02T15:22:04.7063892+08:00 [BUILD] action=destroyed x=192 y=274 block_id=230 block=废墙 team=0
2026-04-02T15:22:04.7063892+08:00 [BUILD] action=destroyed x=200 y=274 block_id=221 block=大型塑钢墙 team=2
2026-04-02T15:22:04.7063892+08:00 [BUILD] action=destroyed x=202 y=274 block_id=221 block=大型塑钢墙 team=2
2026-04-02T15:22:04.7063892+08:00 [BUILD] action=destroyed x=204 y=274 block_id=221 block=大型塑钢墙 team=2
2026-04-02T15:22:04.7063892+08:00 [BUILD] action=destroyed x=180 y=275 block_id=266 block=路由器 team=2
2026-04-02T15:22:04.7063892+08:00 [BUILD] action=destroyed x=181 y=275 block_id=258 block=钛传送带 team=2
2026-04-02T15:22:04.7063892+08:00 [BUILD] action=destroyed x=182 y=275 block_id=329 block=抽水机 team=2
2026-04-02T15:22:04.7063892+08:00 [BUILD] action=destroyed x=184 y=275 block_id=287 block=脉冲导管 team=2
2026-04-02T15:22:04.7063892+08:00 [BUILD] action=destroyed x=190 y=275 block_id=349 block=双管 team=0
2026-04-02T15:22:04.7063892+08:00 [BUILD] action=destroyed x=191 y=275 block_id=325 block=机械钻头 team=0
2026-04-02T15:22:04.7063892+08:00 [BUILD] action=destroyed x=198 y=275 block_id=230 block=废墙 team=0
2026-04-02T15:22:04.7063892+08:00 [BUILD] action=destroyed x=181 y=276 block_id=302 block=电力节点 team=2
2026-04-02T15:22:04.7063892+08:00 [BUILD] action=destroyed x=188 y=276 block_id=218 block=钛墙 team=2
2026-04-02T15:22:04.7063892+08:00 [BUILD] action=destroyed x=200 y=276 block_id=221 block=大型塑钢墙 team=2
2026-04-02T15:22:04.7063892+08:00 [BUILD] action=destroyed x=202 y=276 block_id=220 block=塑钢墙 team=2
2026-04-02T15:22:04.7063892+08:00 [BUILD] action=destroyed x=203 y=276 block_id=220 block=塑钢墙 team=2
2026-04-02T15:22:04.7063892+08:00 [BUILD] action=destroyed x=183 y=277 block_id=287 block=脉冲导管 team=2
2026-04-02T15:22:04.7063892+08:00 [BUILD] action=destroyed x=188 y=277 block_id=218 block=钛墙 team=2
2026-04-02T15:22:04.7063892+08:00 [BUILD] action=destroyed x=195 y=277 block_id=257 block=传送带 team=0
2026-04-02T15:22:04.7063892+08:00 [BUILD] action=destroyed x=196 y=277 block_id=349 block=双管 team=0
2026-04-02T15:22:04.7063892+08:00 [BUILD] action=destroyed x=199 y=277 block_id=230 block=废墙 team=0
2026-04-02T15:22:04.7063892+08:00 [BUILD] action=destroyed x=186 y=278 block_id=358 block=齐射 team=2
2026-04-02T15:22:04.7063892+08:00 [BUILD] action=destroyed x=190 y=279 block_id=230 block=废墙 team=0
2026-04-02T15:22:04.7063892+08:00 [BUILD] action=destroyed x=193 y=279 block_id=325 block=机械钻头 team=0
2026-04-02T15:22:05.6719443+08:00 [BUILD] action=destroyed x=159 y=108 block_id=363 block=气旋 team=1
2026-04-02T15:22:05.689531+08:00 [BUILD] action=deconstructing x=174 y=106 block_id=354 block=蓝瑟 team=1
2026-04-02T15:22:09.7010901+08:00 [BUILD] action=destroyed x=174 y=106 block_id=354 block=蓝瑟 team=1
2026-04-02T15:22:09.7513667+08:00 [BUILD] action=deconstructing x=164 y=111 block_id=186 block=塑钢压缩机 team=1
2026-04-02T15:22:11.2567841+08:00 [BUILD] action=placed x=167 y=78 block_id=270 block=装卸器 team=1 rot=0
2026-04-02T15:22:12.5193463+08:00 [BUILD] action=constructed x=167 y=78 block_id=270 block=装卸器 team=1 rot=0
2026-04-02T15:22:15.3802264+08:00 [BUILD] action=placed x=166 y=76 block_id=183 block=硅冶炼厂 team=1 rot=0
2026-04-02T15:22:16.2279745+08:00 [BUILD] action=constructed x=166 y=76 block_id=183 block=硅冶炼厂 team=1 rot=0
2026-04-02T15:22:19.6275832+08:00 [BUILD] action=destroyed x=166 y=266 block_id=266 block=路由器 team=2
2026-04-02T15:22:19.9887791+08:00 [BUILD] action=destroyed x=167 y=267 block_id=269 block=反向溢流门 team=2
2026-04-02T15:22:20.3640884+08:00 [BUILD] action=destroyed x=164 y=267 block_id=269 block=反向溢流门 team=2
2026-04-02T15:22:21.3820949+08:00 [BUILD] action=placed x=151 y=79 block_id=325 block=机械钻头 team=1 rot=0
2026-04-02T15:22:21.5529985+08:00 [BUILD] action=constructed x=151 y=79 block_id=325 block=机械钻头 team=1 rot=0
2026-04-02T15:22:21.5693794+08:00 [BUILD] action=placed x=151 y=81 block_id=325 block=机械钻头 team=1 rot=0
2026-04-02T15:22:21.7701445+08:00 [BUILD] action=constructed x=151 y=81 block_id=325 block=机械钻头 team=1 rot=0
2026-04-02T15:22:22.2128418+08:00 [BUILD] action=placed x=152 y=83 block_id=325 block=机械钻头 team=1 rot=0
2026-04-02T15:22:22.356887+08:00 [BUILD] action=constructed x=152 y=83 block_id=325 block=机械钻头 team=1 rot=0
2026-04-02T15:22:22.7128712+08:00 [BUILD] action=placed x=153 y=85 block_id=325 block=机械钻头 team=1 rot=0
2026-04-02T15:22:22.8485669+08:00 [BUILD] action=constructed x=153 y=85 block_id=325 block=机械钻头 team=1 rot=0
2026-04-02T15:22:25.4515608+08:00 [BUILD] action=placed x=153 y=82 block_id=257 block=传送带 team=1 rot=3
2026-04-02T15:22:25.4702029+08:00 [BUILD] action=constructed x=153 y=82 block_id=257 block=传送带 team=1 rot=3
2026-04-02T15:22:25.5057387+08:00 [BUILD] action=placed x=153 y=81 block_id=257 block=传送带 team=1 rot=3
2026-04-02T15:22:25.5057387+08:00 [BUILD] action=constructed x=153 y=81 block_id=257 block=传送带 team=1 rot=3
2026-04-02T15:22:25.5390545+08:00 [BUILD] action=placed x=153 y=80 block_id=257 block=传送带 team=1 rot=3
2026-04-02T15:22:25.5578199+08:00 [BUILD] action=constructed x=153 y=80 block_id=257 block=传送带 team=1 rot=3
2026-04-02T15:22:26.084142+08:00 [BUILD] action=placed x=153 y=80 block_id=257 block=传送带 team=1 rot=0
2026-04-02T15:22:26.1021048+08:00 [BUILD] action=constructed x=153 y=80 block_id=257 block=传送带 team=1 rot=0
2026-04-02T15:22:26.1385913+08:00 [BUILD] action=placed x=154 y=80 block_id=257 block=传送带 team=1 rot=0
2026-04-02T15:22:26.1385913+08:00 [BUILD] action=constructed x=154 y=80 block_id=257 block=传送带 team=1 rot=0
2026-04-02T15:22:26.1932393+08:00 [BUILD] action=placed x=155 y=80 block_id=257 block=传送带 team=1 rot=0
2026-04-02T15:22:26.1932393+08:00 [BUILD] action=constructed x=155 y=80 block_id=257 block=传送带 team=1 rot=0
2026-04-02T15:22:26.2295065+08:00 [BUILD] action=placed x=156 y=80 block_id=257 block=传送带 team=1 rot=0
2026-04-02T15:22:26.2295065+08:00 [BUILD] action=constructed x=156 y=80 block_id=257 block=传送带 team=1 rot=0
2026-04-02T15:22:26.2975855+08:00 [BUILD] action=placed x=157 y=80 block_id=257 block=传送带 team=1 rot=0
2026-04-02T15:22:26.2975855+08:00 [BUILD] action=constructed x=157 y=80 block_id=257 block=传送带 team=1 rot=0
2026-04-02T15:22:26.3160518+08:00 [BUILD] action=placed x=158 y=80 block_id=257 block=传送带 team=1 rot=0
2026-04-02T15:22:26.3160518+08:00 [BUILD] action=constructed x=158 y=80 block_id=257 block=传送带 team=1 rot=0
2026-04-02T15:22:26.3703833+08:00 [BUILD] action=placed x=159 y=80 block_id=257 block=传送带 team=1 rot=0
2026-04-02T15:22:26.3703833+08:00 [BUILD] action=constructed x=159 y=80 block_id=257 block=传送带 team=1 rot=0
2026-04-02T15:22:26.407077+08:00 [BUILD] action=placed x=160 y=80 block_id=257 block=传送带 team=1 rot=0
2026-04-02T15:22:26.407077+08:00 [BUILD] action=constructed x=160 y=80 block_id=257 block=传送带 team=1 rot=0
2026-04-02T15:22:26.4595751+08:00 [BUILD] action=placed x=161 y=80 block_id=257 block=传送带 team=1 rot=0
2026-04-02T15:22:26.4595751+08:00 [BUILD] action=constructed x=161 y=80 block_id=257 block=传送带 team=1 rot=0
2026-04-02T15:22:26.4971928+08:00 [BUILD] action=placed x=162 y=80 block_id=257 block=传送带 team=1 rot=0
2026-04-02T15:22:26.4971928+08:00 [BUILD] action=constructed x=162 y=80 block_id=257 block=传送带 team=1 rot=0
2026-04-02T15:22:27.3759067+08:00 [BUILD] action=placed x=154 y=84 block_id=257 block=传送带 team=1 rot=3
2026-04-02T15:22:27.3961837+08:00 [BUILD] action=constructed x=154 y=84 block_id=257 block=传送带 team=1 rot=3
2026-04-02T15:22:27.4496313+08:00 [BUILD] action=placed x=154 y=83 block_id=257 block=传送带 team=1 rot=3
2026-04-02T15:22:27.4496313+08:00 [BUILD] action=constructed x=154 y=83 block_id=257 block=传送带 team=1 rot=3
2026-04-02T15:22:27.4854859+08:00 [BUILD] action=placed x=154 y=82 block_id=257 block=传送带 team=1 rot=3
2026-04-02T15:22:27.4854859+08:00 [BUILD] action=constructed x=154 y=82 block_id=257 block=传送带 team=1 rot=3
2026-04-02T15:22:27.5411092+08:00 [BUILD] action=placed x=154 y=81 block_id=257 block=传送带 team=1 rot=3
2026-04-02T15:22:27.5411092+08:00 [BUILD] action=constructed x=154 y=81 block_id=257 block=传送带 team=1 rot=3
2026-04-02T15:22:37.6066612+08:00 [BUILD] action=placed x=169 y=77 block_id=325 block=机械钻头 team=1 rot=0
2026-04-02T15:22:37.7272048+08:00 [BUILD] action=constructed x=169 y=77 block_id=325 block=机械钻头 team=1 rot=0
2026-04-02T15:22:37.78224+08:00 [BUILD] action=placed x=171 y=77 block_id=325 block=机械钻头 team=1 rot=0
2026-04-02T15:22:37.9390879+08:00 [BUILD] action=constructed x=171 y=77 block_id=325 block=机械钻头 team=1 rot=0
2026-04-02T15:22:37.9710461+08:00 [BUILD] action=placed x=173 y=77 block_id=325 block=机械钻头 team=1 rot=0
2026-04-02T15:22:38.1117938+08:00 [BUILD] action=constructed x=173 y=77 block_id=325 block=机械钻头 team=1 rot=0
2026-04-02T15:22:38.168483+08:00 [BUILD] action=placed x=175 y=77 block_id=325 block=机械钻头 team=1 rot=0
2026-04-02T15:22:38.3120677+08:00 [BUILD] action=constructed x=175 y=77 block_id=325 block=机械钻头 team=1 rot=0
2026-04-02T15:22:39.226041+08:00 [BUILD] action=placed x=175 y=79 block_id=257 block=传送带 team=1 rot=2
2026-04-02T15:22:39.226041+08:00 [BUILD] action=constructed x=175 y=79 block_id=257 block=传送带 team=1 rot=2
2026-04-02T15:22:39.261345+08:00 [BUILD] action=placed x=174 y=79 block_id=257 block=传送带 team=1 rot=2
2026-04-02T15:22:39.261345+08:00 [BUILD] action=constructed x=174 y=79 block_id=257 block=传送带 team=1 rot=2
2026-04-02T15:22:39.2968069+08:00 [BUILD] action=placed x=173 y=79 block_id=257 block=传送带 team=1 rot=2
2026-04-02T15:22:39.3494963+08:00 [BUILD] action=constructed x=173 y=79 block_id=257 block=传送带 team=1 rot=2
2026-04-02T15:22:39.3504935+08:00 [BUILD] action=placed x=172 y=79 block_id=257 block=传送带 team=1 rot=2
2026-04-02T15:22:39.3504935+08:00 [BUILD] action=constructed x=172 y=79 block_id=257 block=传送带 team=1 rot=2
2026-04-02T15:22:39.3830379+08:00 [BUILD] action=placed x=171 y=79 block_id=257 block=传送带 team=1 rot=2
2026-04-02T15:22:39.4033056+08:00 [BUILD] action=constructed x=171 y=79 block_id=257 block=传送带 team=1 rot=2
2026-04-02T15:22:39.4448583+08:00 [BUILD] action=placed x=170 y=79 block_id=257 block=传送带 team=1 rot=2
2026-04-02T15:22:39.4448583+08:00 [BUILD] action=constructed x=170 y=79 block_id=257 block=传送带 team=1 rot=2
2026-04-02T15:22:39.4969519+08:00 [BUILD] action=placed x=169 y=79 block_id=257 block=传送带 team=1 rot=2
2026-04-02T15:22:39.4969519+08:00 [BUILD] action=constructed x=169 y=79 block_id=257 block=传送带 team=1 rot=2
2026-04-02T15:22:39.5326552+08:00 [BUILD] action=placed x=168 y=79 block_id=257 block=传送带 team=1 rot=2
2026-04-02T15:22:39.5326552+08:00 [BUILD] action=constructed x=168 y=79 block_id=257 block=传送带 team=1 rot=2
2026-04-02T15:22:39.5853028+08:00 [BUILD] action=placed x=167 y=79 block_id=257 block=传送带 team=1 rot=2
2026-04-02T15:22:39.5858066+08:00 [BUILD] action=constructed x=167 y=79 block_id=257 block=传送带 team=1 rot=2
2026-04-02T15:22:41.4737455+08:00 [BUILD] action=placed x=167 y=79 block_id=265 block=反向分类器 team=1 rot=0
2026-04-02T15:22:41.6450126+08:00 [BUILD] action=constructed x=167 y=79 block_id=265 block=反向分类器 team=1 rot=0
2026-04-02T15:22:47.0933161+08:00 [BUILD] action=deconstructing x=164 y=111 block_id=186 block=塑钢压缩机 team=1
2026-04-02T15:22:50.7221525+08:00 [BUILD] action=placed x=168 y=78 block_id=308 block=火力发电机 team=1 rot=0
2026-04-02T15:22:51.3595997+08:00 [BUILD] action=constructed x=168 y=78 block_id=308 block=火力发电机 team=1 rot=0
2026-04-02T15:22:54.692845+08:00 [BUILD] action=deconstructing x=164 y=111 block_id=186 block=塑钢压缩机 team=1
2026-04-02T15:22:57.0599809+08:00 [BUILD] action=placed x=169 y=75 block_id=302 block=电力节点 team=1 rot=0
2026-04-02T15:22:57.1628257+08:00 [BUILD] action=constructed x=169 y=75 block_id=302 block=电力节点 team=1 rot=0
2026-04-02T15:23:04.4016302+08:00 [BUILD] action=deconstructing x=162 y=80 block_id=257 block=传送带 team=1
2026-04-02T15:23:04.4372891+08:00 [BUILD] action=destroyed x=162 y=80 block_id=257 block=传送带 team=1
2026-04-02T15:23:07.1760341+08:00 [BUILD] action=destroyed x=168 y=266 block_id=269 block=反向溢流门 team=2
2026-04-02T15:23:07.951129+08:00 [BUILD] action=destroyed x=165 y=266 block_id=260 block=装甲传送带 team=2
2026-04-02T15:23:11.9173429+08:00 [BUILD] action=destroyed x=166 y=264 block_id=378 block=空军工厂 team=2
