2026-03-30T06:03:20.662522Z [NET] kind=tcp_accept packet= conn_id=1785825437 uuid= ip=10.147.17.101 name="" detail=
2026-03-30T06:03:20.6868351Z [NET] kind=connect_packet packet=*protocol.ConnectPacket conn_id=15102 uuid=MAv3KaDNyXEAAAAAz4iNgQ== ip=10.147.17.101 name="" detail=version=156 type=official mods=0
2026-03-30T06:03:20.723618Z [NET] kind=world_handshake_sent packet= conn_id=15102 uuid=MAv3KaDNyXEAAAAAz4iNgQ== ip=10.147.17.101 name="[scarlet]未绑定[][#00ffffff]月[#8982edff]子[#87ceebff]芳 I\uf7a9\uf7be[gray]15102[]" detail=
2026-03-30T06:03:21.8097758Z [NET] kind=connect_confirm_client_snapshot packet=*protocol.Remote_NetServer_clientSnapshot_22 conn_id=15102 uuid=MAv3KaDNyXEAAAAAz4iNgQ== ip=10.147.17.101 name="[scarlet]未绑定[][#00ffffff]月[#8982edff]子[#87ceebff]芳 I\uf7a9\uf7be[gray]15102[]" detail=
2026-03-30T14:03:21.8209511+08:00 [RESPAWN] player="[#00ffffff]月[#8982edff]子[#87ceebff]芳 I\uf7a9\uf7be" team=1 core=core-acropolis core_x=105 core_y=321 spawn_x=105 spawn_y=321
2026-03-30T14:03:21.8236363+08:00 [RESPAWN] player="[#00ffffff]月[#8982edff]子[#87ceebff]芳 I\uf7a9\uf7be" team=1 unit=60 build_speed=1.50 spawn_x=105 spawn_y=321
2026-03-30T06:03:25.5346605Z [NET] kind=tcp_accept packet= conn_id=558116508 uuid= ip=10.147.17.101 name="" detail=
2026-03-30T06:03:25.5496516Z [NET] kind=connect_packet packet=*protocol.ConnectPacket conn_id=19012 uuid=bRea8YRoGToAAAAAPO9P1Q== ip=10.147.17.101 name="" detail=version=156 type=official mods=0
2026-03-30T06:03:25.5666219Z [NET] kind=world_handshake_sent packet= conn_id=19012 uuid=bRea8YRoGToAAAAAPO9P1Q== ip=10.147.17.101 name="[scarlet]未绑定[][#00ffffff]月[#8982edff]子[#87ceebff]芳 \uf7a9\uf7be[gray]19012[]" detail=
2026-03-30T06:03:25.878764Z [NET] kind=connect_confirm_client_snapshot packet=*protocol.Remote_NetServer_clientSnapshot_22 conn_id=19012 uuid=bRea8YRoGToAAAAAPO9P1Q== ip=10.147.17.101 name="[scarlet]未绑定[][#00ffffff]月[#8982edff]子[#87ceebff]芳 \uf7a9\uf7be[gray]19012[]" detail=
2026-03-30T14:03:25.8891829+08:00 [RESPAWN] player="[#00ffffff]月[#8982edff]子[#87ceebff]芳 \uf7a9\uf7be" team=1 core=core-acropolis core_x=105 core_y=321 spawn_x=105 spawn_y=321
2026-03-30T14:03:25.8935413+08:00 [RESPAWN] player="[#00ffffff]月[#8982edff]子[#87ceebff]芳 \uf7a9\uf7be" team=1 unit=60 build_speed=1.50 spawn_x=105 spawn_y=321
2026-03-30T14:03:30.3294697+08:00 [BUILD] action=placed x=128 y=301 block_id=257 block=传送带 team=1 rot=3
2026-03-30T14:03:30.9960109+08:00 [BUILD] action=constructed x=128 y=301 block_id=257 block=传送带 team=1 rot=3
2026-03-30T14:03:31.0129311+08:00 [BUILD] action=placed x=128 y=300 block_id=257 block=传送带 team=1 rot=3
2026-03-30T14:03:31.6796317+08:00 [BUILD] action=constructed x=128 y=300 block_id=257 block=传送带 team=1 rot=3
2026-03-30T14:03:31.6958651+08:00 [BUILD] action=placed x=128 y=299 block_id=257 block=传送带 team=1 rot=3
2026-03-30T14:03:32.3630052+08:00 [BUILD] action=constructed x=128 y=299 block_id=257 block=传送带 team=1 rot=3
2026-03-30T14:03:32.3793452+08:00 [BUILD] action=placed x=128 y=298 block_id=257 block=传送带 team=1 rot=3
2026-03-30T14:03:33.0462364+08:00 [BUILD] action=constructed x=128 y=298 block_id=257 block=传送带 team=1 rot=3
2026-03-30T14:03:33.0626596+08:00 [BUILD] action=placed x=128 y=297 block_id=257 block=传送带 team=1 rot=3
2026-03-30T14:03:33.729477+08:00 [BUILD] action=constructed x=128 y=297 block_id=257 block=传送带 team=1 rot=3
2026-03-30T14:03:33.7459551+08:00 [BUILD] action=placed x=128 y=296 block_id=257 block=传送带 team=1 rot=3
2026-03-30T14:03:34.4126966+08:00 [BUILD] action=constructed x=128 y=296 block_id=257 block=传送带 team=1 rot=3
2026-03-30T14:03:34.4296265+08:00 [BUILD] action=placed x=128 y=295 block_id=257 block=传送带 team=1 rot=3
2026-03-30T14:03:35.0960857+08:00 [BUILD] action=constructed x=128 y=295 block_id=257 block=传送带 team=1 rot=3
2026-03-30T14:03:35.1127978+08:00 [BUILD] action=placed x=128 y=294 block_id=257 block=传送带 team=1 rot=3
2026-03-30T14:03:35.7796071+08:00 [BUILD] action=constructed x=128 y=294 block_id=257 block=传送带 team=1 rot=3
2026-03-30T14:03:35.7960665+08:00 [BUILD] action=placed x=128 y=293 block_id=257 block=传送带 team=1 rot=3
2026-03-30T14:03:36.4627008+08:00 [BUILD] action=constructed x=128 y=293 block_id=257 block=传送带 team=1 rot=3
2026-03-30T14:03:36.4803111+08:00 [BUILD] action=placed x=128 y=292 block_id=257 block=传送带 team=1 rot=3
2026-03-30T14:03:37.146214+08:00 [BUILD] action=constructed x=128 y=292 block_id=257 block=传送带 team=1 rot=3
2026-03-30T14:03:37.162685+08:00 [BUILD] action=placed x=128 y=291 block_id=257 block=传送带 team=1 rot=3
2026-03-30T14:03:37.8296195+08:00 [BUILD] action=constructed x=128 y=291 block_id=257 block=传送带 team=1 rot=3
2026-03-30T14:03:37.8460859+08:00 [BUILD] action=placed x=128 y=290 block_id=257 block=传送带 team=1 rot=3
2026-03-30T14:03:38.512715+08:00 [BUILD] action=constructed x=128 y=290 block_id=257 block=传送带 team=1 rot=3
2026-03-30T14:03:38.5295833+08:00 [BUILD] action=placed x=135 y=284 block_id=257 block=传送带 team=1 rot=2
2026-03-30T14:03:39.1961601+08:00 [BUILD] action=constructed x=135 y=284 block_id=257 block=传送带 team=1 rot=2
2026-03-30T14:03:39.2126288+08:00 [BUILD] action=placed x=134 y=284 block_id=257 block=传送带 team=1 rot=2
2026-03-30T14:03:39.8793227+08:00 [BUILD] action=constructed x=134 y=284 block_id=257 block=传送带 team=1 rot=2
2026-03-30T14:03:39.8959638+08:00 [BUILD] action=placed x=133 y=284 block_id=257 block=传送带 team=1 rot=2
2026-03-30T14:03:40.5626828+08:00 [BUILD] action=constructed x=133 y=284 block_id=257 block=传送带 team=1 rot=2
2026-03-30T14:03:40.5794727+08:00 [BUILD] action=placed x=132 y=284 block_id=257 block=传送带 team=1 rot=2
2026-03-30T14:03:41.245917+08:00 [BUILD] action=constructed x=132 y=284 block_id=257 block=传送带 team=1 rot=2
2026-03-30T14:03:41.2630094+08:00 [BUILD] action=placed x=131 y=284 block_id=257 block=传送带 team=1 rot=2
2026-03-30T14:03:41.9293268+08:00 [BUILD] action=constructed x=131 y=284 block_id=257 block=传送带 team=1 rot=2
2026-03-30T14:03:41.9461701+08:00 [BUILD] action=placed x=130 y=284 block_id=257 block=传送带 team=1 rot=2
2026-03-30T14:03:42.6128522+08:00 [BUILD] action=constructed x=130 y=284 block_id=257 block=传送带 team=1 rot=2
2026-03-30T14:03:42.6296574+08:00 [BUILD] action=placed x=129 y=284 block_id=257 block=传送带 team=1 rot=2
2026-03-30T14:03:43.2968359+08:00 [BUILD] action=constructed x=129 y=284 block_id=257 block=传送带 team=1 rot=2
2026-03-30T14:03:43.313958+08:00 [BUILD] action=placed x=128 y=284 block_id=257 block=传送带 team=1 rot=2
2026-03-30T14:03:43.9794042+08:00 [BUILD] action=constructed x=128 y=284 block_id=257 block=传送带 team=1 rot=2
2026-03-30T14:03:43.9959678+08:00 [BUILD] action=placed x=127 y=284 block_id=257 block=传送带 team=1 rot=2
2026-03-30T14:03:44.6630363+08:00 [BUILD] action=constructed x=127 y=284 block_id=257 block=传送带 team=1 rot=2
2026-03-30T14:03:44.6796457+08:00 [BUILD] action=placed x=126 y=284 block_id=257 block=传送带 team=1 rot=2
2026-03-30T14:03:45.3462082+08:00 [BUILD] action=constructed x=126 y=284 block_id=257 block=传送带 team=1 rot=2
2026-03-30T14:03:45.3629095+08:00 [BUILD] action=placed x=125 y=284 block_id=257 block=传送带 team=1 rot=2
2026-03-30T14:03:46.0296598+08:00 [BUILD] action=constructed x=125 y=284 block_id=257 block=传送带 team=1 rot=2
2026-03-30T14:03:46.0463418+08:00 [BUILD] action=placed x=124 y=284 block_id=257 block=传送带 team=1 rot=2
2026-03-30T14:03:46.7129101+08:00 [BUILD] action=constructed x=124 y=284 block_id=257 block=传送带 team=1 rot=2
2026-03-30T14:03:46.7295763+08:00 [BUILD] action=placed x=123 y=284 block_id=257 block=传送带 team=1 rot=2
2026-03-30T14:03:47.3961226+08:00 [BUILD] action=constructed x=123 y=284 block_id=257 block=传送带 team=1 rot=2
2026-03-30T14:03:47.4130091+08:00 [BUILD] action=placed x=122 y=284 block_id=257 block=传送带 team=1 rot=2
2026-03-30T14:03:48.0793113+08:00 [BUILD] action=constructed x=122 y=284 block_id=257 block=传送带 team=1 rot=2
2026-03-30T14:03:48.0960595+08:00 [BUILD] action=placed x=121 y=284 block_id=257 block=传送带 team=1 rot=2
2026-03-30T14:03:48.7627021+08:00 [BUILD] action=constructed x=121 y=284 block_id=257 block=传送带 team=1 rot=2
2026-03-30T14:03:48.7795217+08:00 [BUILD] action=placed x=120 y=284 block_id=257 block=传送带 team=1 rot=2
2026-03-30T14:03:49.4462247+08:00 [BUILD] action=constructed x=120 y=284 block_id=257 block=传送带 team=1 rot=2
2026-03-30T14:03:49.4631767+08:00 [BUILD] action=placed x=119 y=284 block_id=257 block=传送带 team=1 rot=2
2026-03-30T14:03:50.1303383+08:00 [BUILD] action=constructed x=119 y=284 block_id=257 block=传送带 team=1 rot=2
2026-03-30T14:03:50.1460134+08:00 [BUILD] action=placed x=118 y=284 block_id=257 block=传送带 team=1 rot=2
2026-03-30T14:03:50.8125276+08:00 [BUILD] action=constructed x=118 y=284 block_id=257 block=传送带 team=1 rot=2
2026-03-30T14:03:50.8295684+08:00 [BUILD] action=placed x=117 y=284 block_id=257 block=传送带 team=1 rot=2
2026-03-30T14:03:51.4959371+08:00 [BUILD] action=constructed x=117 y=284 block_id=257 block=传送带 team=1 rot=2
2026-03-30T14:03:51.5128975+08:00 [BUILD] action=placed x=116 y=284 block_id=257 block=传送带 team=1 rot=2
2026-03-30T14:03:52.1793265+08:00 [BUILD] action=constructed x=116 y=284 block_id=257 block=传送带 team=1 rot=2
2026-03-30T14:03:59.0959889+08:00 [BUILD] action=placed x=114 y=297 block_id=261 block=交叉器 team=1 rot=0
2026-03-30T14:03:59.7634081+08:00 [BUILD] action=constructed x=114 y=297 block_id=261 block=交叉器 team=1 rot=0
2026-03-30T14:03:59.7792441+08:00 [BUILD] action=placed x=114 y=296 block_id=261 block=交叉器 team=1 rot=0
2026-03-30T14:04:00.4462571+08:00 [BUILD] action=constructed x=114 y=296 block_id=261 block=交叉器 team=1 rot=0
2026-03-30T14:04:00.4625944+08:00 [BUILD] action=placed x=114 y=295 block_id=261 block=交叉器 team=1 rot=0
2026-03-30T14:04:01.1293714+08:00 [BUILD] action=constructed x=114 y=295 block_id=261 block=交叉器 team=1 rot=0
2026-03-30T14:04:01.1459161+08:00 [BUILD] action=placed x=114 y=294 block_id=261 block=交叉器 team=1 rot=0
2026-03-30T14:04:01.8128631+08:00 [BUILD] action=constructed x=114 y=294 block_id=261 block=交叉器 team=1 rot=0
2026-03-30T14:04:01.8294236+08:00 [BUILD] action=placed x=114 y=293 block_id=261 block=交叉器 team=1 rot=0
2026-03-30T14:04:02.4963066+08:00 [BUILD] action=constructed x=114 y=293 block_id=261 block=交叉器 team=1 rot=0
2026-03-30T14:04:02.5124251+08:00 [BUILD] action=placed x=114 y=292 block_id=261 block=交叉器 team=1 rot=0
2026-03-30T14:04:03.1794281+08:00 [BUILD] action=constructed x=114 y=292 block_id=261 block=交叉器 team=1 rot=0
