2026-04-02T23:34:02.7869225+08:00 [BUILD] action=destroyed x=187 y=243 block_id=223 block=大型钍墙 team=2
2026-04-02T23:34:02.7869225+08:00 [BUILD] action=destroyed x=189 y=243 block_id=288 block=电镀导管 team=2
2026-04-02T23:34:02.7869225+08:00 [BUILD] action=destroyed x=190 y=243 block_id=220 block=塑钢墙 team=2
2026-04-02T23:34:02.7869225+08:00 [BUILD] action=destroyed x=191 y=243 block_id=258 block=钛传送带 team=2
2026-04-02T23:34:02.7869225+08:00 [BUILD] action=destroyed x=192 y=243 block_id=258 block=钛传送带 team=2
2026-04-02T23:34:02.7869225+08:00 [BUILD] action=destroyed x=193 y=243 block_id=262 block=传送带桥 team=2
2026-04-02T23:34:02.7874438+08:00 [BUILD] action=destroyed x=184 y=244 block_id=228 block=门 team=2
2026-04-02T23:34:02.7874438+08:00 [BUILD] action=destroyed x=189 y=244 block_id=288 block=电镀导管 team=2
2026-04-02T23:34:02.7874438+08:00 [BUILD] action=destroyed x=190 y=244 block_id=220 block=塑钢墙 team=2
2026-04-02T23:34:02.7874438+08:00 [BUILD] action=destroyed x=191 y=244 block_id=258 block=钛传送带 team=2
2026-04-02T23:34:02.7874438+08:00 [BUILD] action=destroyed x=195 y=244 block_id=220 block=塑钢墙 team=2
2026-04-02T23:34:02.7874438+08:00 [BUILD] action=destroyed x=183 y=245 block_id=222 block=钍墙 team=2
2026-04-02T23:34:02.7874438+08:00 [BUILD] action=destroyed x=184 y=245 block_id=229 block=大门 team=2
2026-04-02T23:34:02.7874438+08:00 [BUILD] action=destroyed x=186 y=245 block_id=228 block=门 team=2
2026-04-02T23:34:02.7879635+08:00 [BUILD] action=destroyed x=187 y=245 block_id=222 block=钍墙 team=2
2026-04-02T23:34:02.7879635+08:00 [BUILD] action=destroyed x=188 y=245 block_id=290 block=流体容器 team=2
2026-04-02T23:34:02.7879635+08:00 [BUILD] action=destroyed x=190 y=245 block_id=220 block=塑钢墙 team=2
2026-04-02T23:34:02.7879635+08:00 [BUILD] action=destroyed x=191 y=245 block_id=262 block=传送带桥 team=2
2026-04-02T23:34:02.7879635+08:00 [BUILD] action=destroyed x=193 y=245 block_id=362 block=浪涌 team=2
2026-04-02T23:34:02.7879635+08:00 [BUILD] action=destroyed x=182 y=246 block_id=197 block=煤炭离心机 team=2
2026-04-02T23:34:02.7879635+08:00 [BUILD] action=destroyed x=186 y=246 block_id=326 block=气动钻头 team=2
2026-04-02T23:34:02.7879635+08:00 [BUILD] action=destroyed x=190 y=246 block_id=289 block=流体路由器 team=2
2026-04-02T23:34:02.7879635+08:00 [BUILD] action=destroyed x=191 y=246 block_id=288 block=电镀导管 team=2
2026-04-02T23:34:02.7879635+08:00 [BUILD] action=destroyed x=184 y=247 block_id=229 block=大门 team=2
2026-04-02T23:34:02.7879635+08:00 [BUILD] action=destroyed x=188 y=247 block_id=293 block=导管桥 team=2
2026-04-02T23:34:02.7879635+08:00 [BUILD] action=destroyed x=189 y=247 block_id=220 block=塑钢墙 team=2
2026-04-02T23:34:02.7879635+08:00 [BUILD] action=destroyed x=190 y=247 block_id=293 block=导管桥 team=2
2026-04-02T23:34:02.7879635+08:00 [BUILD] action=destroyed x=191 y=247 block_id=220 block=塑钢墙 team=2
2026-04-02T23:34:02.7879635+08:00 [BUILD] action=destroyed x=192 y=247 block_id=221 block=大型塑钢墙 team=2
2026-04-02T23:34:02.7879635+08:00 [BUILD] action=destroyed x=179 y=248 block_id=302 block=电力节点 team=2
2026-04-02T23:34:02.7879635+08:00 [BUILD] action=destroyed x=180 y=248 block_id=270 block=装卸器 team=2
2026-04-02T23:34:02.7879635+08:00 [BUILD] action=destroyed x=181 y=248 block_id=306 block=电池 team=2
2026-04-02T23:34:02.7879635+08:00 [BUILD] action=destroyed x=182 y=248 block_id=306 block=电池 team=2
2026-04-02T23:34:02.7879635+08:00 [BUILD] action=destroyed x=183 y=248 block_id=293 block=导管桥 team=2
2026-04-02T23:34:02.7879635+08:00 [BUILD] action=destroyed x=186 y=248 block_id=293 block=导管桥 team=2
2026-04-02T23:34:02.7879635+08:00 [BUILD] action=destroyed x=190 y=248 block_id=220 block=塑钢墙 team=2
2026-04-02T23:34:02.7879635+08:00 [BUILD] action=destroyed x=191 y=248 block_id=262 block=传送带桥 team=2
2026-04-02T23:34:02.7879635+08:00 [BUILD] action=destroyed x=179 y=249 block_id=260 block=装甲传送带 team=2
2026-04-02T23:34:02.7879635+08:00 [BUILD] action=destroyed x=180 y=249 block_id=183 block=硅冶炼厂 team=2
2026-04-02T23:34:02.7879635+08:00 [BUILD] action=destroyed x=182 y=249 block_id=197 block=煤炭离心机 team=2
2026-04-02T23:34:02.7879635+08:00 [BUILD] action=destroyed x=184 y=249 block_id=229 block=大门 team=2
2026-04-02T23:34:02.7879635+08:00 [BUILD] action=destroyed x=186 y=249 block_id=220 block=塑钢墙 team=2
2026-04-02T23:34:02.7879635+08:00 [BUILD] action=destroyed x=188 y=249 block_id=331 block=石油钻井 team=2
2026-04-02T23:34:02.7879635+08:00 [BUILD] action=destroyed x=190 y=249 block_id=220 block=塑钢墙 team=2
2026-04-02T23:34:02.7885174+08:00 [BUILD] action=destroyed x=194 y=249 block_id=221 block=大型塑钢墙 team=2
2026-04-02T23:34:02.7885174+08:00 [BUILD] action=destroyed x=179 y=250 block_id=220 block=塑钢墙 team=2
2026-04-02T23:34:02.7885174+08:00 [BUILD] action=destroyed x=186 y=250 block_id=220 block=塑钢墙 team=2
2026-04-02T23:34:02.7885174+08:00 [BUILD] action=destroyed x=190 y=250 block_id=293 block=导管桥 team=2
2026-04-02T23:34:02.7885174+08:00 [BUILD] action=destroyed x=192 y=250 block_id=362 block=浪涌 team=2
2026-04-02T23:34:02.7885174+08:00 [BUILD] action=destroyed x=179 y=251 block_id=220 block=塑钢墙 team=2
2026-04-02T23:34:02.7885174+08:00 [BUILD] action=destroyed x=180 y=251 block_id=221 block=大型塑钢墙 team=2
2026-04-02T23:34:02.7885174+08:00 [BUILD] action=destroyed x=182 y=251 block_id=229 block=大门 team=2
2026-04-02T23:34:02.7885174+08:00 [BUILD] action=destroyed x=184 y=251 block_id=229 block=大门 team=2
2026-04-02T23:34:02.7885174+08:00 [BUILD] action=destroyed x=186 y=251 block_id=221 block=大型塑钢墙 team=2
2026-04-02T23:34:02.7885174+08:00 [BUILD] action=destroyed x=188 y=251 block_id=293 block=导管桥 team=2
2026-04-02T23:34:02.7885174+08:00 [BUILD] action=destroyed x=189 y=251 block_id=302 block=电力节点 team=2
2026-04-02T23:34:02.7885174+08:00 [BUILD] action=destroyed x=190 y=251 block_id=259 block=塑钢传送带 team=2
2026-04-02T23:34:02.7885174+08:00 [BUILD] action=destroyed x=194 y=251 block_id=220 block=塑钢墙 team=2
2026-04-02T23:34:02.7885174+08:00 [BUILD] action=destroyed x=176 y=252 block_id=221 block=大型塑钢墙 team=2
2026-04-02T23:34:02.7885174+08:00 [BUILD] action=destroyed x=178 y=252 block_id=220 block=塑钢墙 team=2
2026-04-02T23:34:02.7885174+08:00 [BUILD] action=destroyed x=179 y=252 block_id=220 block=塑钢墙 team=2
2026-04-02T23:34:02.7885174+08:00 [BUILD] action=destroyed x=188 y=252 block_id=290 block=流体容器 team=2
2026-04-02T23:34:02.7885174+08:00 [BUILD] action=destroyed x=190 y=252 block_id=259 block=塑钢传送带 team=2
2026-04-02T23:34:02.7885174+08:00 [BUILD] action=destroyed x=191 y=252 block_id=262 block=传送带桥 team=2
2026-04-02T23:34:02.7885174+08:00 [BUILD] action=destroyed x=192 y=252 block_id=220 block=塑钢墙 team=2
2026-04-02T23:34:02.7885174+08:00 [BUILD] action=destroyed x=193 y=252 block_id=220 block=塑钢墙 team=2
2026-04-02T23:34:02.7885174+08:00 [BUILD] action=destroyed x=194 y=252 block_id=220 block=塑钢墙 team=2
2026-04-02T23:34:02.7885174+08:00 [BUILD] action=destroyed x=178 y=253 block_id=221 block=大型塑钢墙 team=2
2026-04-02T23:34:02.7885174+08:00 [BUILD] action=destroyed x=180 y=253 block_id=221 block=大型塑钢墙 team=2
2026-04-02T23:34:02.7885174+08:00 [BUILD] action=destroyed x=182 y=253 block_id=229 block=大门 team=2
2026-04-02T23:34:02.7885174+08:00 [BUILD] action=destroyed x=184 y=253 block_id=220 block=塑钢墙 team=2
2026-04-02T23:34:02.7885174+08:00 [BUILD] action=destroyed x=185 y=253 block_id=220 block=塑钢墙 team=2
2026-04-02T23:34:02.7885174+08:00 [BUILD] action=destroyed x=186 y=253 block_id=220 block=塑钢墙 team=2
2026-04-02T23:34:02.7885174+08:00 [BUILD] action=destroyed x=187 y=253 block_id=287 block=脉冲导管 team=2
2026-04-02T23:34:02.7890382+08:00 [BUILD] action=destroyed x=193 y=253 block_id=220 block=塑钢墙 team=2
2026-04-02T23:34:02.7890382+08:00 [BUILD] action=destroyed x=188 y=254 block_id=293 block=导管桥 team=2
2026-04-02T23:34:02.7891085+08:00 [BUILD] action=destroyed x=189 y=254 block_id=288 block=电镀导管 team=2
2026-04-02T23:34:02.7891085+08:00 [BUILD] action=destroyed x=191 y=254 block_id=363 block=气旋 team=2
2026-04-02T23:34:02.7891085+08:00 [BUILD] action=destroyed x=193 y=254 block_id=220 block=塑钢墙 team=2
2026-04-02T23:34:02.7891085+08:00 [BUILD] action=destroyed x=175 y=255 block_id=365 block=幽灵 team=2
2026-04-02T23:34:02.7891085+08:00 [BUILD] action=destroyed x=178 y=255 block_id=246 block=修理投影 team=2
2026-04-02T23:34:02.7891085+08:00 [BUILD] action=destroyed x=180 y=255 block_id=221 block=大型塑钢墙 team=2
2026-04-02T23:34:02.7891085+08:00 [BUILD] action=destroyed x=182 y=255 block_id=229 block=大门 team=2
2026-04-02T23:34:02.7891085+08:00 [BUILD] action=destroyed x=185 y=255 block_id=328 block=爆破钻头 team=2
2026-04-02T23:34:02.7891085+08:00 [BUILD] action=destroyed x=188 y=255 block_id=262 block=传送带桥 team=2
2026-04-02T23:34:02.7891085+08:00 [BUILD] action=destroyed x=189 y=255 block_id=288 block=电镀导管 team=2
2026-04-02T23:34:02.7891085+08:00 [BUILD] action=destroyed x=193 y=255 block_id=220 block=塑钢墙 team=2
2026-04-02T23:34:02.7891085+08:00 [BUILD] action=destroyed x=209 y=255 block_id=220 block=塑钢墙 team=2
2026-04-02T23:34:02.7891085+08:00 [BUILD] action=destroyed x=210 y=255 block_id=261 block=交叉器 team=2
2026-04-02T23:34:02.7891085+08:00 [BUILD] action=destroyed x=188 y=256 block_id=293 block=导管桥 team=2
2026-04-02T23:34:02.7891085+08:00 [BUILD] action=destroyed x=189 y=256 block_id=288 block=电镀导管 team=2
2026-04-02T23:34:02.7891085+08:00 [BUILD] action=destroyed x=190 y=256 block_id=220 block=塑钢墙 team=2
2026-04-02T23:34:02.7891085+08:00 [BUILD] action=destroyed x=191 y=256 block_id=221 block=大型塑钢墙 team=2
2026-04-02T23:34:02.7891085+08:00 [BUILD] action=destroyed x=208 y=256 block_id=221 block=大型塑钢墙 team=2
2026-04-02T23:34:02.7891085+08:00 [BUILD] action=destroyed x=210 y=256 block_id=266 block=路由器 team=2
2026-04-02T23:34:02.7891085+08:00 [BUILD] action=destroyed x=178 y=257 block_id=221 block=大型塑钢墙 team=2
2026-04-02T23:34:02.7891085+08:00 [BUILD] action=destroyed x=180 y=257 block_id=221 block=大型塑钢墙 team=2
2026-04-02T23:34:02.7891085+08:00 [BUILD] action=destroyed x=182 y=257 block_id=229 block=大门 team=2
2026-04-02T23:34:02.7891085+08:00 [BUILD] action=destroyed x=188 y=257 block_id=189 block=冷冻液混合器 team=2
2026-04-02T23:34:02.7891085+08:00 [BUILD] action=destroyed x=190 y=257 block_id=220 block=塑钢墙 team=2
2026-04-02T23:34:02.7891085+08:00 [BUILD] action=destroyed x=207 y=257 block_id=220 block=塑钢墙 team=2
2026-04-02T23:34:02.7891085+08:00 [BUILD] action=destroyed x=210 y=257 block_id=260 block=装甲传送带 team=2
2026-04-02T23:34:02.7891085+08:00 [BUILD] action=destroyed x=174 y=258 block_id=270 block=装卸器 team=2
2026-04-02T23:34:02.7896181+08:00 [BUILD] action=destroyed x=175 y=258 block_id=245 block=修理器 team=2
2026-04-02T23:34:02.7896181+08:00 [BUILD] action=destroyed x=176 y=258 block_id=245 block=修理器 team=2
2026-04-02T23:34:02.7896181+08:00 [BUILD] action=destroyed x=177 y=258 block_id=302 block=电力节点 team=2
2026-04-02T23:34:02.7896181+08:00 [BUILD] action=destroyed x=184 y=258 block_id=220 block=塑钢墙 team=2
2026-04-02T23:34:02.7896181+08:00 [BUILD] action=destroyed x=185 y=258 block_id=326 block=气动钻头 team=2
2026-04-02T23:34:02.7896921+08:00 [BUILD] action=destroyed x=187 y=258 block_id=258 block=钛传送带 team=2
2026-04-02T23:34:02.7896921+08:00 [BUILD] action=destroyed x=190 y=258 block_id=221 block=大型塑钢墙 team=2
2026-04-02T23:34:02.7896921+08:00 [BUILD] action=destroyed x=192 y=258 block_id=221 block=大型塑钢墙 team=2
2026-04-02T23:34:02.7896921+08:00 [BUILD] action=destroyed x=194 y=258 block_id=222 block=钍墙 team=2
2026-04-02T23:34:02.7896921+08:00 [BUILD] action=destroyed x=195 y=258 block_id=222 block=钍墙 team=2
2026-04-02T23:34:02.7896921+08:00 [BUILD] action=destroyed x=206 y=258 block_id=221 block=大型塑钢墙 team=2
2026-04-02T23:34:02.7896921+08:00 [BUILD] action=destroyed x=208 y=258 block_id=304 block=巨浪电力塔 team=2
2026-04-02T23:34:02.7896921+08:00 [BUILD] action=destroyed x=210 y=258 block_id=183 block=硅冶炼厂 team=2
2026-04-02T23:34:02.7896921+08:00 [BUILD] action=destroyed x=175 y=259 block_id=270 block=装卸器 team=2
2026-04-02T23:34:02.7896921+08:00 [BUILD] action=destroyed x=179 y=259 block_id=258 block=钛传送带 team=2
2026-04-02T23:34:02.7896921+08:00 [BUILD] action=destroyed x=180 y=259 block_id=258 block=钛传送带 team=2
2026-04-02T23:34:02.7896921+08:00 [BUILD] action=destroyed x=181 y=259 block_id=229 block=大门 team=2
2026-04-02T23:34:02.7896921+08:00 [BUILD] action=destroyed x=183 y=259 block_id=228 block=门 team=2
2026-04-02T23:34:02.7896921+08:00 [BUILD] action=destroyed x=184 y=259 block_id=220 block=塑钢墙 team=2
2026-04-02T23:34:02.7896921+08:00 [BUILD] action=destroyed x=187 y=259 block_id=287 block=脉冲导管 team=2
2026-04-02T23:34:02.7896921+08:00 [BUILD] action=destroyed x=188 y=259 block_id=262 block=传送带桥 team=2
2026-04-02T23:34:02.7896921+08:00 [BUILD] action=destroyed x=189 y=259 block_id=288 block=电镀导管 team=2
2026-04-02T23:34:02.7896921+08:00 [BUILD] action=destroyed x=194 y=259 block_id=221 block=大型塑钢墙 team=2
2026-04-02T23:34:02.7896921+08:00 [BUILD] action=destroyed x=196 y=259 block_id=222 block=钍墙 team=2
2026-04-02T23:34:02.7896921+08:00 [BUILD] action=destroyed x=205 y=259 block_id=220 block=塑钢墙 team=2
2026-04-02T23:34:02.7896921+08:00 [BUILD] action=destroyed x=175 y=260 block_id=270 block=装卸器 team=2
2026-04-02T23:34:02.7896921+08:00 [BUILD] action=destroyed x=177 y=260 block_id=377 block=陆军工厂 team=2
2026-04-02T23:34:02.7896921+08:00 [BUILD] action=destroyed x=179 y=260 block_id=228 block=门 team=2
2026-04-02T23:34:02.7896921+08:00 [BUILD] action=destroyed x=180 y=260 block_id=258 block=钛传送带 team=2
2026-04-02T23:34:02.7896921+08:00 [BUILD] action=destroyed x=183 y=260 block_id=228 block=门 team=2
2026-04-02T23:34:02.7896921+08:00 [BUILD] action=destroyed x=184 y=260 block_id=220 block=塑钢墙 team=2
2026-04-02T23:34:02.7896921+08:00 [BUILD] action=destroyed x=185 y=260 block_id=220 block=塑钢墙 team=2
2026-04-02T23:34:02.7896921+08:00 [BUILD] action=destroyed x=186 y=260 block_id=220 block=塑钢墙 team=2
2026-04-02T23:34:02.7901985+08:00 [BUILD] action=destroyed x=187 y=260 block_id=287 block=脉冲导管 team=2
2026-04-02T23:34:02.7901985+08:00 [BUILD] action=destroyed x=188 y=260 block_id=293 block=导管桥 team=2
2026-04-02T23:34:02.7901985+08:00 [BUILD] action=destroyed x=189 y=260 block_id=288 block=电镀导管 team=2
2026-04-02T23:34:02.7902715+08:00 [BUILD] action=destroyed x=190 y=260 block_id=302 block=电力节点 team=2
2026-04-02T23:34:02.7902715+08:00 [BUILD] action=destroyed x=196 y=260 block_id=222 block=钍墙 team=2
2026-04-02T23:34:02.7902715+08:00 [BUILD] action=destroyed x=197 y=260 block_id=222 block=钍墙 team=2
2026-04-02T23:34:02.7902715+08:00 [BUILD] action=destroyed x=207 y=260 block_id=220 block=塑钢墙 team=2
2026-04-02T23:34:02.7902715+08:00 [BUILD] action=destroyed x=208 y=260 block_id=221 block=大型塑钢墙 team=2
2026-04-02T23:34:02.7902715+08:00 [BUILD] action=destroyed x=210 y=260 block_id=220 block=塑钢墙 team=2
2026-04-02T23:34:02.7902715+08:00 [BUILD] action=destroyed x=175 y=261 block_id=262 block=传送带桥 team=2
2026-04-02T23:34:02.7902715+08:00 [BUILD] action=destroyed x=179 y=261 block_id=262 block=传送带桥 team=2
2026-04-02T23:34:02.7902715+08:00 [BUILD] action=destroyed x=180 y=261 block_id=262 block=传送带桥 team=2
2026-04-02T23:34:02.7902715+08:00 [BUILD] action=destroyed x=181 y=261 block_id=229 block=大门 team=2
2026-04-02T23:34:02.7902715+08:00 [BUILD] action=destroyed x=183 y=261 block_id=220 block=塑钢墙 team=2
2026-04-02T23:34:02.7902715+08:00 [BUILD] action=destroyed x=184 y=261 block_id=262 block=传送带桥 team=2
2026-04-02T23:34:02.7902715+08:00 [BUILD] action=destroyed x=185 y=261 block_id=221 block=大型塑钢墙 team=2
2026-04-02T23:34:02.7902715+08:00 [BUILD] action=destroyed x=187 y=261 block_id=220 block=塑钢墙 team=2
2026-04-02T23:34:02.7902715+08:00 [BUILD] action=destroyed x=188 y=261 block_id=262 block=传送带桥 team=2
2026-04-02T23:34:02.7902715+08:00 [BUILD] action=destroyed x=189 y=261 block_id=290 block=流体容器 team=2
2026-04-02T23:34:02.7902715+08:00 [BUILD] action=destroyed x=192 y=261 block_id=315 block=钍反应堆 team=2
2026-04-02T23:34:02.7902715+08:00 [BUILD] action=destroyed x=194 y=261 block_id=221 block=大型塑钢墙 team=2
2026-04-02T23:34:02.7902715+08:00 [BUILD] action=destroyed x=196 y=261 block_id=221 block=大型塑钢墙 team=2
2026-04-02T23:34:02.7907796+08:00 [BUILD] action=destroyed x=211 y=261 block_id=258 block=钛传送带 team=2
2026-04-02T23:34:02.7907796+08:00 [BUILD] action=destroyed x=175 y=262 block_id=270 block=装卸器 team=2
2026-04-02T23:34:02.7907796+08:00 [BUILD] action=destroyed x=179 y=262 block_id=245 block=修理器 team=2
2026-04-02T23:34:02.7907796+08:00 [BUILD] action=destroyed x=180 y=262 block_id=258 block=钛传送带 team=2
2026-04-02T23:34:02.7907796+08:00 [BUILD] action=destroyed x=183 y=262 block_id=220 block=塑钢墙 team=2
2026-04-02T23:34:02.7907796+08:00 [BUILD] action=destroyed x=184 y=262 block_id=220 block=塑钢墙 team=2
2026-04-02T23:34:02.7907796+08:00 [BUILD] action=destroyed x=187 y=262 block_id=293 block=导管桥 team=2
2026-04-02T23:34:02.7907796+08:00 [BUILD] action=destroyed x=188 y=262 block_id=289 block=流体路由器 team=2
2026-04-02T23:34:02.7907796+08:00 [BUILD] action=destroyed x=198 y=262 block_id=222 block=钍墙 team=2
2026-04-02T23:34:02.7907796+08:00 [BUILD] action=destroyed x=199 y=262 block_id=222 block=钍墙 team=2
2026-04-02T23:34:02.7907796+08:00 [BUILD] action=destroyed x=200 y=262 block_id=222 block=钍墙 team=2
2026-04-02T23:34:02.7907796+08:00 [BUILD] action=destroyed x=208 y=262 block_id=220 block=塑钢墙 team=2
2026-04-02T23:34:02.7907796+08:00 [BUILD] action=destroyed x=209 y=262 block_id=358 block=齐射 team=2
2026-04-02T23:34:02.7907796+08:00 [BUILD] action=destroyed x=175 y=263 block_id=270 block=装卸器 team=2
2026-04-02T23:34:02.7907796+08:00 [BUILD] action=destroyed x=177 y=263 block_id=377 block=陆军工厂 team=2
2026-04-02T23:34:02.7907796+08:00 [BUILD] action=destroyed x=179 y=263 block_id=228 block=门 team=2
2026-04-02T23:34:02.7907796+08:00 [BUILD] action=destroyed x=180 y=263 block_id=258 block=钛传送带 team=2
2026-04-02T23:34:02.7907796+08:00 [BUILD] action=destroyed x=181 y=263 block_id=229 block=大门 team=2
2026-04-02T23:34:02.7907796+08:00 [BUILD] action=destroyed x=183 y=263 block_id=220 block=塑钢墙 team=2
2026-04-02T23:34:02.7907796+08:00 [BUILD] action=destroyed x=184 y=263 block_id=221 block=大型塑钢墙 team=2
2026-04-02T23:34:02.7907796+08:00 [BUILD] action=destroyed x=186 y=263 block_id=247 block=超速投影 team=2
2026-04-02T23:34:02.7907796+08:00 [BUILD] action=destroyed x=188 y=263 block_id=287 block=脉冲导管 team=2
2026-04-02T23:34:02.7907796+08:00 [BUILD] action=destroyed x=192 y=263 block_id=262 block=传送带桥 team=2
2026-04-02T23:34:02.7907796+08:00 [BUILD] action=destroyed x=196 y=263 block_id=221 block=大型塑钢墙 team=2
2026-04-02T23:34:02.7907796+08:00 [BUILD] action=destroyed x=198 y=263 block_id=221 block=大型塑钢墙 team=2
2026-04-02T23:34:02.7907796+08:00 [BUILD] action=destroyed x=200 y=263 block_id=222 block=钍墙 team=2
2026-04-02T23:34:02.7907796+08:00 [BUILD] action=destroyed x=208 y=263 block_id=220 block=塑钢墙 team=2
2026-04-02T23:34:02.7907796+08:00 [BUILD] action=destroyed x=174 y=264 block_id=258 block=钛传送带 team=2
2026-04-02T23:34:02.7907796+08:00 [BUILD] action=destroyed x=175 y=264 block_id=302 block=电力节点 team=2
2026-04-02T23:34:02.7907796+08:00 [BUILD] action=destroyed x=179 y=264 block_id=258 block=钛传送带 team=2
2026-04-02T23:34:02.7907796+08:00 [BUILD] action=destroyed x=180 y=264 block_id=258 block=钛传送带 team=2
2026-04-02T23:34:02.7913232+08:00 [BUILD] action=destroyed x=183 y=264 block_id=220 block=塑钢墙 team=2
2026-04-02T23:34:02.7913232+08:00 [BUILD] action=destroyed x=188 y=264 block_id=293 block=导管桥 team=2
2026-04-02T23:34:02.7913232+08:00 [BUILD] action=destroyed x=190 y=264 block_id=315 block=钍反应堆 team=2
2026-04-02T23:34:02.7913232+08:00 [BUILD] action=destroyed x=192 y=264 block_id=293 block=导管桥 team=2
2026-04-02T23:34:02.7913985+08:00 [BUILD] action=destroyed x=194 y=264 block_id=315 block=钍反应堆 team=2
2026-04-02T23:34:02.7913985+08:00 [BUILD] action=destroyed x=200 y=264 block_id=220 block=塑钢墙 team=2
2026-04-02T23:34:02.7913985+08:00 [BUILD] action=destroyed x=201 y=264 block_id=220 block=塑钢墙 team=2
2026-04-02T23:34:02.7913985+08:00 [BUILD] action=destroyed x=207 y=264 block_id=222 block=钍墙 team=2
2026-04-02T23:34:02.7913985+08:00 [BUILD] action=destroyed x=208 y=264 block_id=220 block=塑钢墙 team=2
2026-04-02T23:34:02.7913985+08:00 [BUILD] action=destroyed x=209 y=264 block_id=220 block=塑钢墙 team=2
2026-04-02T23:34:02.7913985+08:00 [BUILD] action=destroyed x=210 y=264 block_id=352 block=冰雹 team=2
2026-04-02T23:34:02.7913985+08:00 [BUILD] action=destroyed x=174 y=265 block_id=260 block=装甲传送带 team=2
2026-04-02T23:34:02.7913985+08:00 [BUILD] action=destroyed x=175 y=265 block_id=220 block=塑钢墙 team=2
2026-04-02T23:34:02.7913985+08:00 [BUILD] action=destroyed x=176 y=265 block_id=221 block=大型塑钢墙 team=2
2026-04-02T23:34:02.7913985+08:00 [BUILD] action=destroyed x=178 y=265 block_id=221 block=大型塑钢墙 team=2
2026-04-02T23:34:02.7913985+08:00 [BUILD] action=destroyed x=180 y=265 block_id=221 block=大型塑钢墙 team=2
2026-04-02T23:34:02.7913985+08:00 [BUILD] action=destroyed x=182 y=265 block_id=221 block=大型塑钢墙 team=2
2026-04-02T23:34:02.7913985+08:00 [BUILD] action=destroyed x=184 y=265 block_id=221 block=大型塑钢墙 team=2
2026-04-02T23:34:02.7913985+08:00 [BUILD] action=destroyed x=186 y=265 block_id=220 block=塑钢墙 team=2
2026-04-02T23:34:02.7913985+08:00 [BUILD] action=destroyed x=187 y=265 block_id=293 block=导管桥 team=2
2026-04-02T23:34:02.7913985+08:00 [BUILD] action=destroyed x=188 y=265 block_id=220 block=塑钢墙 team=2
2026-04-02T23:34:02.7913985+08:00 [BUILD] action=destroyed x=192 y=265 block_id=262 block=传送带桥 team=2
2026-04-02T23:34:02.7913985+08:00 [BUILD] action=destroyed x=196 y=265 block_id=247 block=超速投影 team=2
2026-04-02T23:34:02.7913985+08:00 [BUILD] action=destroyed x=198 y=265 block_id=246 block=修理投影 team=2
2026-04-02T23:34:02.7913985+08:00 [BUILD] action=destroyed x=200 y=265 block_id=220 block=塑钢墙 team=2
2026-04-02T23:34:02.7913985+08:00 [BUILD] action=destroyed x=201 y=265 block_id=221 block=大型塑钢墙 team=2
2026-04-02T23:34:02.7913985+08:00 [BUILD] action=destroyed x=205 y=265 block_id=220 block=塑钢墙 team=2
2026-04-02T23:34:02.7913985+08:00 [BUILD] action=destroyed x=206 y=265 block_id=223 block=大型钍墙 team=2
2026-04-02T23:34:02.7913985+08:00 [BUILD] action=destroyed x=208 y=265 block_id=352 block=冰雹 team=2
2026-04-02T23:34:02.7913985+08:00 [BUILD] action=destroyed x=209 y=265 block_id=260 block=装甲传送带 team=2
2026-04-02T23:34:02.7913985+08:00 [BUILD] action=destroyed x=210 y=265 block_id=270 block=装卸器 team=2
2026-04-02T23:34:02.7913985+08:00 [BUILD] action=destroyed x=174 y=266 block_id=260 block=装甲传送带 team=2
2026-04-02T23:34:02.7913985+08:00 [BUILD] action=destroyed x=175 y=266 block_id=220 block=塑钢墙 team=2
2026-04-02T23:34:02.7913985+08:00 [BUILD] action=destroyed x=186 y=266 block_id=220 block=塑钢墙 team=2
2026-04-02T23:34:02.7913985+08:00 [BUILD] action=destroyed x=187 y=266 block_id=287 block=脉冲导管 team=2
2026-04-02T23:34:02.7919319+08:00 [BUILD] action=destroyed x=188 y=266 block_id=287 block=脉冲导管 team=2
2026-04-02T23:34:02.7919319+08:00 [BUILD] action=destroyed x=189 y=266 block_id=293 block=导管桥 team=2
2026-04-02T23:34:02.7919319+08:00 [BUILD] action=destroyed x=190 y=266 block_id=302 block=电力节点 team=2
2026-04-02T23:34:02.7919906+08:00 [BUILD] action=destroyed x=191 y=266 block_id=293 block=导管桥 team=2
2026-04-02T23:34:02.7919906+08:00 [BUILD] action=destroyed x=192 y=266 block_id=258 block=钛传送带 team=2
2026-04-02T23:34:02.7919906+08:00 [BUILD] action=destroyed x=193 y=266 block_id=220 block=塑钢墙 team=2
2026-04-02T23:34:02.7919906+08:00 [BUILD] action=destroyed x=194 y=266 block_id=220 block=塑钢墙 team=2
2026-04-02T23:34:02.7919906+08:00 [BUILD] action=destroyed x=195 y=266 block_id=220 block=塑钢墙 team=2
2026-04-02T23:34:02.7919906+08:00 [BUILD] action=destroyed x=200 y=266 block_id=220 block=塑钢墙 team=2
2026-04-02T23:34:02.7919906+08:00 [BUILD] action=destroyed x=204 y=266 block_id=221 block=大型塑钢墙 team=2
2026-04-02T23:34:02.7919906+08:00 [BUILD] action=destroyed x=174 y=267 block_id=260 block=装甲传送带 team=2
2026-04-02T23:34:02.7919906+08:00 [BUILD] action=destroyed x=175 y=267 block_id=358 block=齐射 team=2
2026-04-02T23:34:02.7919906+08:00 [BUILD] action=destroyed x=180 y=267 block_id=220 block=塑钢墙 team=2
2026-04-02T23:34:02.7919906+08:00 [BUILD] action=destroyed x=181 y=267 block_id=258 block=钛传送带 team=2
2026-04-02T23:34:02.7919906+08:00 [BUILD] action=destroyed x=182 y=267 block_id=258 block=钛传送带 team=2
2026-04-02T23:34:02.7919906+08:00 [BUILD] action=destroyed x=183 y=267 block_id=258 block=钛传送带 team=2
2026-04-02T23:34:02.7919906+08:00 [BUILD] action=destroyed x=184 y=267 block_id=258 block=钛传送带 team=2
2026-04-02T23:34:02.7919906+08:00 [BUILD] action=destroyed x=185 y=267 block_id=258 block=钛传送带 team=2
2026-04-02T23:34:02.7919906+08:00 [BUILD] action=destroyed x=186 y=267 block_id=258 block=钛传送带 team=2
2026-04-02T23:34:02.7919906+08:00 [BUILD] action=destroyed x=187 y=267 block_id=258 block=钛传送带 team=2
2026-04-02T23:34:02.7919906+08:00 [BUILD] action=destroyed x=188 y=267 block_id=258 block=钛传送带 team=2
2026-04-02T23:34:02.7919906+08:00 [BUILD] action=destroyed x=189 y=267 block_id=258 block=钛传送带 team=2
2026-04-02T23:34:02.7919906+08:00 [BUILD] action=destroyed x=190 y=267 block_id=258 block=钛传送带 team=2
2026-04-02T23:34:02.7919906+08:00 [BUILD] action=destroyed x=191 y=267 block_id=258 block=钛传送带 team=2
2026-04-02T23:34:02.7919906+08:00 [BUILD] action=destroyed x=192 y=267 block_id=269 block=反向溢流门 team=2
2026-04-02T23:34:02.7919906+08:00 [BUILD] action=destroyed x=193 y=267 block_id=258 block=钛传送带 team=2
2026-04-02T23:34:02.7919906+08:00 [BUILD] action=destroyed x=194 y=267 block_id=269 block=反向溢流门 team=2
2026-04-02T23:34:02.7919906+08:00 [BUILD] action=destroyed x=195 y=267 block_id=258 block=钛传送带 team=2
2026-04-02T23:34:02.7925659+08:00 [BUILD] action=destroyed x=196 y=267 block_id=258 block=钛传送带 team=2
2026-04-02T23:34:02.7925659+08:00 [BUILD] action=destroyed x=197 y=267 block_id=258 block=钛传送带 team=2
2026-04-02T23:34:02.7925659+08:00 [BUILD] action=destroyed x=198 y=267 block_id=258 block=钛传送带 team=2
2026-04-02T23:34:02.7925659+08:00 [BUILD] action=destroyed x=199 y=267 block_id=258 block=钛传送带 team=2
2026-04-02T23:34:02.7925659+08:00 [BUILD] action=destroyed x=206 y=267 block_id=223 block=大型钍墙 team=2
2026-04-02T23:34:02.7925659+08:00 [BUILD] action=destroyed x=209 y=267 block_id=426 block=发射台 team=2
2026-04-02T23:34:02.7925659+08:00 [BUILD] action=destroyed x=178 y=268 block_id=314 block=大型太阳能板 team=2
2026-04-02T23:34:02.7925659+08:00 [BUILD] action=destroyed x=180 y=268 block_id=302 block=电力节点 team=2
2026-04-02T23:34:02.7925659+08:00 [BUILD] action=destroyed x=181 y=268 block_id=258 block=钛传送带 team=2
2026-04-02T23:34:02.7925659+08:00 [BUILD] action=destroyed x=189 y=268 block_id=221 block=大型塑钢墙 team=2
2026-04-02T23:34:02.7925659+08:00 [BUILD] action=destroyed x=191 y=268 block_id=293 block=导管桥 team=2
2026-04-02T23:34:02.7925659+08:00 [BUILD] action=destroyed x=192 y=268 block_id=287 block=脉冲导管 team=2
2026-04-02T23:34:02.7925659+08:00 [BUILD] action=destroyed x=199 y=268 block_id=220 block=塑钢墙 team=2
2026-04-02T23:34:02.7925659+08:00 [BUILD] action=destroyed x=201 y=268 block_id=365 block=幽灵 team=2
2026-04-02T23:34:02.7925659+08:00 [BUILD] action=destroyed x=204 y=268 block_id=221 block=大型塑钢墙 team=2
2026-04-02T23:34:02.7925659+08:00 [BUILD] action=destroyed x=175 y=269 block_id=258 block=钛传送带 team=2
2026-04-02T23:34:02.7925659+08:00 [BUILD] action=destroyed x=176 y=269 block_id=262 block=传送带桥 team=2
2026-04-02T23:34:02.7925659+08:00 [BUILD] action=destroyed x=180 y=269 block_id=262 block=传送带桥 team=2
2026-04-02T23:34:02.7925659+08:00 [BUILD] action=destroyed x=181 y=269 block_id=258 block=钛传送带 team=2
2026-04-02T23:34:02.7925659+08:00 [BUILD] action=destroyed x=183 y=269 block_id=314 block=大型太阳能板 team=2
2026-04-02T23:34:02.7925659+08:00 [BUILD] action=destroyed x=186 y=269 block_id=314 block=大型太阳能板 team=2
2026-04-02T23:34:02.7925659+08:00 [BUILD] action=destroyed x=191 y=269 block_id=220 block=塑钢墙 team=2
2026-04-02T23:34:02.7925659+08:00 [BUILD] action=destroyed x=192 y=269 block_id=220 block=塑钢墙 team=2
2026-04-02T23:34:02.7925659+08:00 [BUILD] action=destroyed x=194 y=269 block_id=315 block=钍反应堆 team=2
2026-04-02T23:34:02.7925659+08:00 [BUILD] action=destroyed x=197 y=269 block_id=249 block=力墙投影 team=2
2026-04-02T23:34:02.7925659+08:00 [BUILD] action=destroyed x=199 y=269 block_id=302 block=电力节点 team=2
2026-04-02T23:34:02.7925659+08:00 [BUILD] action=destroyed x=206 y=269 block_id=223 block=大型钍墙 team=2
2026-04-02T23:34:02.7925659+08:00 [BUILD] action=destroyed x=177 y=270 block_id=221 block=大型塑钢墙 team=2
2026-04-02T23:34:02.7925659+08:00 [BUILD] action=destroyed x=179 y=270 block_id=220 block=塑钢墙 team=2
2026-04-02T23:34:02.7925659+08:00 [BUILD] action=destroyed x=180 y=270 block_id=269 block=反向溢流门 team=2
2026-04-02T23:34:02.7925659+08:00 [BUILD] action=destroyed x=181 y=270 block_id=258 block=钛传送带 team=2
2026-04-02T23:34:02.7925659+08:00 [BUILD] action=destroyed x=190 y=270 block_id=220 block=塑钢墙 team=2
2026-04-02T23:34:02.7931125+08:00 [BUILD] action=destroyed x=191 y=270 block_id=221 block=大型塑钢墙 team=2
2026-04-02T23:34:02.7931125+08:00 [BUILD] action=destroyed x=204 y=270 block_id=221 block=大型塑钢墙 team=2
2026-04-02T23:34:02.7931125+08:00 [BUILD] action=destroyed x=208 y=270 block_id=288 block=电镀导管 team=2
2026-04-02T23:34:02.7931125+08:00 [BUILD] action=destroyed x=179 y=271 block_id=220 block=塑钢墙 team=2
2026-04-02T23:34:02.7931943+08:00 [BUILD] action=destroyed x=180 y=271 block_id=262 block=传送带桥 team=2
2026-04-02T23:34:02.7931943+08:00 [BUILD] action=destroyed x=181 y=271 block_id=220 block=塑钢墙 team=2
2026-04-02T23:34:02.7931943+08:00 [BUILD] action=destroyed x=182 y=271 block_id=220 block=塑钢墙 team=2
2026-04-02T23:34:02.7931943+08:00 [BUILD] action=destroyed x=183 y=271 block_id=220 block=塑钢墙 team=2
2026-04-02T23:34:02.7931943+08:00 [BUILD] action=destroyed x=184 y=271 block_id=220 block=塑钢墙 team=2
2026-04-02T23:34:02.7931943+08:00 [BUILD] action=destroyed x=185 y=271 block_id=220 block=塑钢墙 team=2
2026-04-02T23:34:02.7931943+08:00 [BUILD] action=destroyed x=186 y=271 block_id=220 block=塑钢墙 team=2
2026-04-02T23:34:02.7931943+08:00 [BUILD] action=destroyed x=187 y=271 block_id=220 block=塑钢墙 team=2
2026-04-02T23:34:02.7931943+08:00 [BUILD] action=destroyed x=190 y=271 block_id=220 block=塑钢墙 team=2
2026-04-02T23:34:02.7931943+08:00 [BUILD] action=destroyed x=193 y=271 block_id=220 block=塑钢墙 team=2
2026-04-02T23:34:02.7931943+08:00 [BUILD] action=destroyed x=194 y=271 block_id=220 block=塑钢墙 team=2
2026-04-02T23:34:02.7931943+08:00 [BUILD] action=destroyed x=195 y=271 block_id=220 block=塑钢墙 team=2
2026-04-02T23:34:02.7931943+08:00 [BUILD] action=destroyed x=196 y=271 block_id=220 block=塑钢墙 team=2
2026-04-02T23:34:02.7931943+08:00 [BUILD] action=destroyed x=197 y=271 block_id=220 block=塑钢墙 team=2
2026-04-02T23:34:02.7931943+08:00 [BUILD] action=destroyed x=200 y=271 block_id=220 block=塑钢墙 team=2
2026-04-02T23:34:02.7931943+08:00 [BUILD] action=destroyed x=201 y=271 block_id=220 block=塑钢墙 team=2
2026-04-02T23:34:02.7931943+08:00 [BUILD] action=destroyed x=202 y=271 block_id=246 block=修理投影 team=2
2026-04-02T23:34:02.7931943+08:00 [BUILD] action=destroyed x=206 y=271 block_id=223 block=大型钍墙 team=2
2026-04-02T23:34:02.7931943+08:00 [BUILD] action=destroyed x=208 y=271 block_id=288 block=电镀导管 team=2
2026-04-02T23:34:02.7931943+08:00 [BUILD] action=destroyed x=181 y=272 block_id=302 block=电力节点 team=2
2026-04-02T23:34:02.7931943+08:00 [BUILD] action=destroyed x=182 y=272 block_id=219 block=大型钛墙 team=2
2026-04-02T23:34:02.7931943+08:00 [BUILD] action=destroyed x=184 y=272 block_id=218 block=钛墙 team=2
2026-04-02T23:34:02.7931943+08:00 [BUILD] action=destroyed x=194 y=272 block_id=230 block=废墙 team=0
2026-04-02T23:34:02.7931943+08:00 [BUILD] action=destroyed x=204 y=272 block_id=221 block=大型塑钢墙 team=2
2026-04-02T23:34:02.7931943+08:00 [BUILD] action=destroyed x=178 y=273 block_id=218 block=钛墙 team=2
2026-04-02T23:34:02.7931943+08:00 [BUILD] action=destroyed x=192 y=273 block_id=230 block=废墙 team=0
2026-04-02T23:34:02.7931943+08:00 [BUILD] action=destroyed x=194 y=273 block_id=230 block=废墙 team=0
2026-04-02T23:34:02.7931943+08:00 [BUILD] action=destroyed x=195 y=273 block_id=230 block=废墙 team=0
2026-04-02T23:34:02.7931943+08:00 [BUILD] action=destroyed x=203 y=273 block_id=220 block=塑钢墙 team=2
2026-04-02T23:34:02.7937265+08:00 [BUILD] action=destroyed x=206 y=273 block_id=223 block=大型钍墙 team=2
2026-04-02T23:34:02.7937265+08:00 [BUILD] action=destroyed x=179 y=274 block_id=266 block=路由器 team=2
2026-04-02T23:34:02.7937265+08:00 [BUILD] action=destroyed x=180 y=274 block_id=262 block=传送带桥 team=2
2026-04-02T23:34:02.7937265+08:00 [BUILD] action=destroyed x=181 y=274 block_id=266 block=路由器 team=2
2026-04-02T23:34:02.7937265+08:00 [BUILD] action=destroyed x=182 y=274 block_id=258 block=钛传送带 team=2
2026-04-02T23:34:02.7937265+08:00 [BUILD] action=destroyed x=183 y=274 block_id=258 block=钛传送带 team=2
2026-04-02T23:34:02.7937265+08:00 [BUILD] action=destroyed x=184 y=274 block_id=258 block=钛传送带 team=2
2026-04-02T23:34:02.7937265+08:00 [BUILD] action=destroyed x=185 y=274 block_id=358 block=齐射 team=2
2026-04-02T23:34:02.7937265+08:00 [BUILD] action=destroyed x=190 y=274 block_id=230 block=废墙 team=0
2026-04-02T23:34:02.7937265+08:00 [BUILD] action=destroyed x=192 y=274 block_id=230 block=废墙 team=0
2026-04-02T23:34:02.7937265+08:00 [BUILD] action=destroyed x=200 y=274 block_id=221 block=大型塑钢墙 team=2
2026-04-02T23:34:02.7937265+08:00 [BUILD] action=destroyed x=202 y=274 block_id=221 block=大型塑钢墙 team=2
2026-04-02T23:34:02.7937265+08:00 [BUILD] action=destroyed x=204 y=274 block_id=221 block=大型塑钢墙 team=2
2026-04-02T23:34:02.7937265+08:00 [BUILD] action=destroyed x=180 y=275 block_id=266 block=路由器 team=2
2026-04-02T23:34:02.7937265+08:00 [BUILD] action=destroyed x=181 y=275 block_id=258 block=钛传送带 team=2
2026-04-02T23:34:02.7937265+08:00 [BUILD] action=destroyed x=182 y=275 block_id=329 block=抽水机 team=2
2026-04-02T23:34:02.7937265+08:00 [BUILD] action=destroyed x=184 y=275 block_id=287 block=脉冲导管 team=2
2026-04-02T23:34:02.7937265+08:00 [BUILD] action=destroyed x=190 y=275 block_id=349 block=双管 team=0
2026-04-02T23:34:02.7937265+08:00 [BUILD] action=destroyed x=191 y=275 block_id=325 block=机械钻头 team=0
2026-04-02T23:34:02.7937265+08:00 [BUILD] action=destroyed x=198 y=275 block_id=230 block=废墙 team=0
2026-04-02T23:34:02.7937265+08:00 [BUILD] action=destroyed x=181 y=276 block_id=302 block=电力节点 team=2
2026-04-02T23:34:02.7937265+08:00 [BUILD] action=destroyed x=188 y=276 block_id=218 block=钛墙 team=2
2026-04-02T23:34:02.7937265+08:00 [BUILD] action=destroyed x=200 y=276 block_id=221 block=大型塑钢墙 team=2
2026-04-02T23:34:02.7937265+08:00 [BUILD] action=destroyed x=202 y=276 block_id=220 block=塑钢墙 team=2
2026-04-02T23:34:02.7937265+08:00 [BUILD] action=destroyed x=203 y=276 block_id=220 block=塑钢墙 team=2
2026-04-02T23:34:02.7937265+08:00 [BUILD] action=destroyed x=183 y=277 block_id=287 block=脉冲导管 team=2
2026-04-02T23:34:02.7937265+08:00 [BUILD] action=destroyed x=188 y=277 block_id=218 block=钛墙 team=2
2026-04-02T23:34:02.7937265+08:00 [BUILD] action=destroyed x=195 y=277 block_id=257 block=传送带 team=0
2026-04-02T23:34:02.7942513+08:00 [BUILD] action=destroyed x=196 y=277 block_id=349 block=双管 team=0
2026-04-02T23:34:02.7942513+08:00 [BUILD] action=destroyed x=199 y=277 block_id=230 block=废墙 team=0
2026-04-02T23:34:02.7942513+08:00 [BUILD] action=destroyed x=186 y=278 block_id=358 block=齐射 team=2
2026-04-02T23:34:02.7942513+08:00 [BUILD] action=destroyed x=190 y=279 block_id=230 block=废墙 team=0
2026-04-02T23:34:02.794319+08:00 [BUILD] action=destroyed x=193 y=279 block_id=325 block=机械钻头 team=0
2026-04-02T15:34:33.7896207Z [NET] kind=tcp_accept packet= conn_id=2009807573 uuid= ip=10.147.17.101 name="" detail=
2026-04-02T15:34:33.8012634Z [NET] kind=connect_packet packet=*protocol.ConnectPacket conn_id=53404 uuid=MAv3KaDNyXEAAAAAz4iNgQ== ip=10.147.17.101 name="" detail=version=156 type=official mods=0
2026-04-02T15:34:33.8458293Z [NET] kind=world_handshake_sent packet= conn_id=53404 uuid=MAv3KaDNyXEAAAAAz4iNgQ== ip=10.147.17.101 name="[scarlet]（未绑定杂鱼~）[][#F285D1]月[#8982edff]子[#87ceebff]芳 I\uf7a9\uf7be[gray]53404[]" detail=
2026-04-02T15:34:34.6819602Z [NET] kind=connect_confirm_client_snapshot packet=*protocol.Remote_NetServer_clientSnapshot_22 conn_id=53404 uuid=MAv3KaDNyXEAAAAAz4iNgQ== ip=10.147.17.101 name="[scarlet]（未绑定杂鱼~）[][#F285D1]月[#8982edff]子[#87ceebff]芳 I\uf7a9\uf7be[gray]53404[]" detail=
2026-04-02T23:34:34.692842+08:00 [RESPAWN] player="[#F285D1]月[#8982edff]子[#87ceebff]芳 I\uf7a9\uf7be" team=1 core=core-acropolis core_x=107 core_y=323 spawn_x=107 spawn_y=323
2026-04-02T23:34:34.702682+08:00 [RESPAWN] player="[#F285D1]月[#8982edff]子[#87ceebff]芳 I\uf7a9\uf7be" team=1 unit=60 build_speed=1.50 spawn_x=107 spawn_y=323
2026-04-02T23:34:39.0381358+08:00 [BUILD] action=deconstructing x=137 y=311 block_id=220 block=塑钢墙 team=1
2026-04-02T23:34:39.1380743+08:00 [BUILD] action=destroyed x=137 y=311 block_id=220 block=塑钢墙 team=1
2026-04-02T23:34:40.2380957+08:00 [BUILD] action=deconstructing x=139 y=311 block_id=220 block=塑钢墙 team=1
2026-04-02T23:34:40.3382723+08:00 [BUILD] action=destroyed x=139 y=311 block_id=220 block=塑钢墙 team=1
2026-04-02T23:34:40.3545606+08:00 [BUILD] action=deconstructing x=140 y=311 block_id=220 block=塑钢墙 team=1
2026-04-02T23:34:40.4568395+08:00 [BUILD] action=destroyed x=140 y=311 block_id=220 block=塑钢墙 team=1
2026-04-02T23:34:40.4710234+08:00 [BUILD] action=deconstructing x=141 y=311 block_id=220 block=塑钢墙 team=1
2026-04-02T23:34:40.5746154+08:00 [BUILD] action=destroyed x=141 y=311 block_id=220 block=塑钢墙 team=1
2026-04-02T23:34:40.5877607+08:00 [BUILD] action=deconstructing x=142 y=311 block_id=220 block=塑钢墙 team=1
2026-04-02T23:34:40.6879735+08:00 [BUILD] action=destroyed x=142 y=311 block_id=220 block=塑钢墙 team=1
2026-04-02T23:34:40.7044206+08:00 [BUILD] action=deconstructing x=143 y=311 block_id=220 block=塑钢墙 team=1
2026-04-02T23:34:40.8047805+08:00 [BUILD] action=destroyed x=143 y=311 block_id=220 block=塑钢墙 team=1
2026-04-02T23:34:40.8212739+08:00 [BUILD] action=deconstructing x=144 y=311 block_id=220 block=塑钢墙 team=1
2026-04-02T23:34:40.9212492+08:00 [BUILD] action=destroyed x=144 y=311 block_id=220 block=塑钢墙 team=1
2026-04-02T23:34:40.9380785+08:00 [BUILD] action=deconstructing x=145 y=311 block_id=220 block=塑钢墙 team=1
2026-04-02T23:34:41.0381048+08:00 [BUILD] action=destroyed x=145 y=311 block_id=220 block=塑钢墙 team=1
2026-04-02T23:34:41.0550255+08:00 [BUILD] action=deconstructing x=146 y=311 block_id=220 block=塑钢墙 team=1
2026-04-02T23:34:41.1546948+08:00 [BUILD] action=destroyed x=146 y=311 block_id=220 block=塑钢墙 team=1
2026-04-02T23:34:41.1711628+08:00 [BUILD] action=deconstructing x=147 y=311 block_id=220 block=塑钢墙 team=1
2026-04-02T23:34:41.2714161+08:00 [BUILD] action=destroyed x=147 y=311 block_id=220 block=塑钢墙 team=1
2026-04-02T23:34:41.2878095+08:00 [BUILD] action=deconstructing x=148 y=311 block_id=220 block=塑钢墙 team=1
2026-04-02T23:34:41.3878946+08:00 [BUILD] action=destroyed x=148 y=311 block_id=220 block=塑钢墙 team=1
2026-04-02T23:34:41.4044673+08:00 [BUILD] action=deconstructing x=149 y=311 block_id=220 block=塑钢墙 team=1
2026-04-02T23:34:41.5049628+08:00 [BUILD] action=destroyed x=149 y=311 block_id=220 block=塑钢墙 team=1
2026-04-02T23:34:41.5211996+08:00 [BUILD] action=deconstructing x=150 y=311 block_id=220 block=塑钢墙 team=1
2026-04-02T23:34:41.6214167+08:00 [BUILD] action=destroyed x=150 y=311 block_id=220 block=塑钢墙 team=1
2026-04-02T23:34:41.6379022+08:00 [BUILD] action=deconstructing x=151 y=311 block_id=220 block=塑钢墙 team=1
2026-04-02T23:34:41.6713565+08:00 [BUILD] action=deconstructing x=154 y=311 block_id=220 block=塑钢墙 team=1
2026-04-02T23:34:41.771494+08:00 [BUILD] action=destroyed x=154 y=311 block_id=220 block=塑钢墙 team=1
2026-04-02T23:34:41.7881059+08:00 [BUILD] action=deconstructing x=153 y=311 block_id=220 block=塑钢墙 team=1
2026-04-02T23:34:41.8883518+08:00 [BUILD] action=destroyed x=153 y=311 block_id=220 block=塑钢墙 team=1
2026-04-02T23:34:41.9050648+08:00 [BUILD] action=deconstructing x=152 y=311 block_id=220 block=塑钢墙 team=1
2026-04-02T23:34:42.0043865+08:00 [BUILD] action=destroyed x=152 y=311 block_id=220 block=塑钢墙 team=1
2026-04-02T23:34:42.0880466+08:00 [BUILD] action=destroyed x=151 y=311 block_id=220 block=塑钢墙 team=1
2026-04-02T23:34:42.1050328+08:00 [BUILD] action=deconstructing x=138 y=311 block_id=220 block=塑钢墙 team=1
2026-04-02T23:34:42.2047055+08:00 [BUILD] action=destroyed x=138 y=311 block_id=220 block=塑钢墙 team=1
2026-04-02T23:34:42.221142+08:00 [BUILD] action=deconstructing x=136 y=311 block_id=220 block=塑钢墙 team=1
2026-04-02T23:34:42.3213504+08:00 [BUILD] action=destroyed x=136 y=311 block_id=220 block=塑钢墙 team=1
2026-04-02T23:34:42.337967+08:00 [BUILD] action=deconstructing x=135 y=311 block_id=220 block=塑钢墙 team=1
2026-04-02T23:34:42.4377731+08:00 [BUILD] action=destroyed x=135 y=311 block_id=220 block=塑钢墙 team=1
2026-04-02T23:34:42.4546095+08:00 [BUILD] action=deconstructing x=134 y=311 block_id=220 block=塑钢墙 team=1
2026-04-02T23:34:42.5549661+08:00 [BUILD] action=destroyed x=134 y=311 block_id=220 block=塑钢墙 team=1
2026-04-02T23:34:42.5711412+08:00 [BUILD] action=deconstructing x=133 y=311 block_id=220 block=塑钢墙 team=1
2026-04-02T23:34:42.671352+08:00 [BUILD] action=destroyed x=133 y=311 block_id=220 block=塑钢墙 team=1
2026-04-02T23:34:42.6882673+08:00 [BUILD] action=deconstructing x=155 y=311 block_id=220 block=塑钢墙 team=1
2026-04-02T23:34:42.7879595+08:00 [BUILD] action=destroyed x=155 y=311 block_id=220 block=塑钢墙 team=1
2026-04-02T23:34:42.8050851+08:00 [BUILD] action=deconstructing x=156 y=311 block_id=220 block=塑钢墙 team=1
2026-04-02T23:34:42.9043433+08:00 [BUILD] action=destroyed x=156 y=311 block_id=220 block=塑钢墙 team=1
2026-04-02T23:34:42.9214988+08:00 [BUILD] action=deconstructing x=157 y=311 block_id=220 block=塑钢墙 team=1
2026-04-02T23:34:43.0212716+08:00 [BUILD] action=destroyed x=157 y=311 block_id=220 block=塑钢墙 team=1
2026-04-02T23:34:43.0378197+08:00 [BUILD] action=deconstructing x=158 y=311 block_id=220 block=塑钢墙 team=1
2026-04-02T23:34:43.1379912+08:00 [BUILD] action=destroyed x=158 y=311 block_id=220 block=塑钢墙 team=1
2026-04-02T23:34:43.154615+08:00 [BUILD] action=deconstructing x=159 y=311 block_id=220 block=塑钢墙 team=1
2026-04-02T23:34:43.2548097+08:00 [BUILD] action=destroyed x=159 y=311 block_id=220 block=塑钢墙 team=1
2026-04-02T23:34:43.2714601+08:00 [BUILD] action=deconstructing x=160 y=311 block_id=220 block=塑钢墙 team=1
2026-04-02T23:34:43.3711536+08:00 [BUILD] action=destroyed x=160 y=311 block_id=220 block=塑钢墙 team=1
2026-04-02T23:34:43.3878849+08:00 [BUILD] action=deconstructing x=161 y=311 block_id=220 block=塑钢墙 team=1
2026-04-02T23:34:43.4878029+08:00 [BUILD] action=destroyed x=161 y=311 block_id=220 block=塑钢墙 team=1
2026-04-02T23:34:43.5048041+08:00 [BUILD] action=deconstructing x=162 y=311 block_id=220 block=塑钢墙 team=1
2026-04-02T23:34:43.6044644+08:00 [BUILD] action=destroyed x=162 y=311 block_id=220 block=塑钢墙 team=1
2026-04-02T23:34:43.6211419+08:00 [BUILD] action=deconstructing x=162 y=310 block_id=220 block=塑钢墙 team=1
2026-04-02T23:34:43.7213314+08:00 [BUILD] action=destroyed x=162 y=310 block_id=220 block=塑钢墙 team=1
2026-04-02T23:34:43.7381505+08:00 [BUILD] action=deconstructing x=162 y=309 block_id=220 block=塑钢墙 team=1
2026-04-02T23:34:43.8379315+08:00 [BUILD] action=destroyed x=162 y=309 block_id=220 block=塑钢墙 team=1
2026-04-02T23:34:43.8547693+08:00 [BUILD] action=deconstructing x=162 y=308 block_id=220 block=塑钢墙 team=1
2026-04-02T23:34:43.9543422+08:00 [BUILD] action=destroyed x=162 y=308 block_id=220 block=塑钢墙 team=1
2026-04-02T23:34:43.9716077+08:00 [BUILD] action=deconstructing x=162 y=307 block_id=220 block=塑钢墙 team=1
2026-04-02T23:34:44.0714849+08:00 [BUILD] action=destroyed x=162 y=307 block_id=220 block=塑钢墙 team=1
2026-04-02T23:34:44.0878626+08:00 [BUILD] action=deconstructing x=162 y=306 block_id=220 block=塑钢墙 team=1
2026-04-02T23:34:44.1881841+08:00 [BUILD] action=destroyed x=162 y=306 block_id=220 block=塑钢墙 team=1
2026-04-02T23:34:44.2047515+08:00 [BUILD] action=deconstructing x=162 y=305 block_id=220 block=塑钢墙 team=1
2026-04-02T23:34:44.3043584+08:00 [BUILD] action=destroyed x=162 y=305 block_id=220 block=塑钢墙 team=1
2026-04-02T23:34:44.3213122+08:00 [BUILD] action=deconstructing x=162 y=304 block_id=220 block=塑钢墙 team=1
2026-04-02T23:34:44.4214822+08:00 [BUILD] action=destroyed x=162 y=304 block_id=220 block=塑钢墙 team=1
2026-04-02T23:34:44.437801+08:00 [BUILD] action=deconstructing x=162 y=303 block_id=220 block=塑钢墙 team=1
2026-04-02T23:34:44.5379917+08:00 [BUILD] action=destroyed x=162 y=303 block_id=220 block=塑钢墙 team=1
2026-04-02T23:34:44.5545449+08:00 [BUILD] action=deconstructing x=161 y=310 block_id=429 block=信息板 team=1
2026-04-02T23:34:44.638231+08:00 [BUILD] action=destroyed x=161 y=310 block_id=429 block=信息板 team=1
2026-04-02T23:34:44.6547017+08:00 [BUILD] action=deconstructing x=161 y=304 block_id=429 block=信息板 team=1
2026-04-02T23:34:44.7379902+08:00 [BUILD] action=destroyed x=161 y=304 block_id=429 block=信息板 team=1
2026-04-02T23:34:44.7550898+08:00 [BUILD] action=deconstructing x=161 y=303 block_id=220 block=塑钢墙 team=1
2026-04-02T23:34:44.8547684+08:00 [BUILD] action=destroyed x=161 y=303 block_id=220 block=塑钢墙 team=1
2026-04-02T23:34:44.8711668+08:00 [BUILD] action=deconstructing x=160 y=303 block_id=220 block=塑钢墙 team=1
2026-04-02T23:34:44.9716278+08:00 [BUILD] action=destroyed x=160 y=303 block_id=220 block=塑钢墙 team=1
2026-04-02T23:34:44.9882677+08:00 [BUILD] action=deconstructing x=159 y=303 block_id=220 block=塑钢墙 team=1
2026-04-02T23:34:45.0879235+08:00 [BUILD] action=destroyed x=159 y=303 block_id=220 block=塑钢墙 team=1
2026-04-02T23:34:45.1045245+08:00 [BUILD] action=deconstructing x=158 y=303 block_id=220 block=塑钢墙 team=1
2026-04-02T23:34:45.2046617+08:00 [BUILD] action=destroyed x=158 y=303 block_id=220 block=塑钢墙 team=1
2026-04-02T23:34:45.2213885+08:00 [BUILD] action=deconstructing x=157 y=303 block_id=220 block=塑钢墙 team=1
2026-04-02T23:34:45.3212104+08:00 [BUILD] action=destroyed x=157 y=303 block_id=220 block=塑钢墙 team=1
2026-04-02T23:34:45.3387265+08:00 [BUILD] action=deconstructing x=156 y=303 block_id=220 block=塑钢墙 team=1
2026-04-02T23:34:45.4381377+08:00 [BUILD] action=destroyed x=156 y=303 block_id=220 block=塑钢墙 team=1
2026-04-02T23:34:45.4548305+08:00 [BUILD] action=deconstructing x=155 y=303 block_id=220 block=塑钢墙 team=1
2026-04-02T23:34:45.5546899+08:00 [BUILD] action=destroyed x=155 y=303 block_id=220 block=塑钢墙 team=1
2026-04-02T23:34:45.5714066+08:00 [BUILD] action=deconstructing x=154 y=303 block_id=220 block=塑钢墙 team=1
2026-04-02T23:34:45.6711872+08:00 [BUILD] action=destroyed x=154 y=303 block_id=220 block=塑钢墙 team=1
2026-04-02T23:34:45.6880196+08:00 [BUILD] action=deconstructing x=153 y=303 block_id=220 block=塑钢墙 team=1
2026-04-02T23:34:45.788017+08:00 [BUILD] action=destroyed x=153 y=303 block_id=220 block=塑钢墙 team=1
2026-04-02T23:34:45.8048631+08:00 [BUILD] action=deconstructing x=152 y=303 block_id=220 block=塑钢墙 team=1
2026-04-02T23:34:45.9048444+08:00 [BUILD] action=destroyed x=152 y=303 block_id=220 block=塑钢墙 team=1
2026-04-02T23:34:45.92155+08:00 [BUILD] action=deconstructing x=151 y=303 block_id=220 block=塑钢墙 team=1
2026-04-02T23:34:46.0217818+08:00 [BUILD] action=destroyed x=151 y=303 block_id=220 block=塑钢墙 team=1
2026-04-02T23:34:46.0382169+08:00 [BUILD] action=deconstructing x=150 y=303 block_id=220 block=塑钢墙 team=1
2026-04-02T23:34:46.1381393+08:00 [BUILD] action=destroyed x=150 y=303 block_id=220 block=塑钢墙 team=1
2026-04-02T23:34:46.1547856+08:00 [BUILD] action=deconstructing x=149 y=303 block_id=220 block=塑钢墙 team=1
2026-04-02T23:34:46.254393+08:00 [BUILD] action=destroyed x=149 y=303 block_id=220 block=塑钢墙 team=1
2026-04-02T23:34:46.2715451+08:00 [BUILD] action=deconstructing x=148 y=303 block_id=220 block=塑钢墙 team=1
2026-04-02T23:34:46.3713238+08:00 [BUILD] action=destroyed x=148 y=303 block_id=220 block=塑钢墙 team=1
2026-04-02T23:34:46.3884919+08:00 [BUILD] action=deconstructing x=147 y=303 block_id=220 block=塑钢墙 team=1
2026-04-02T23:34:46.4884485+08:00 [BUILD] action=destroyed x=147 y=303 block_id=220 block=塑钢墙 team=1
2026-04-02T23:34:46.5043772+08:00 [BUILD] action=deconstructing x=146 y=303 block_id=220 block=塑钢墙 team=1
2026-04-02T23:34:46.6043783+08:00 [BUILD] action=destroyed x=146 y=303 block_id=220 block=塑钢墙 team=1
2026-04-02T23:34:46.6213812+08:00 [BUILD] action=deconstructing x=145 y=303 block_id=220 block=塑钢墙 team=1
2026-04-02T23:34:46.7220014+08:00 [BUILD] action=destroyed x=145 y=303 block_id=220 block=塑钢墙 team=1
2026-04-02T23:34:46.7380226+08:00 [BUILD] action=deconstructing x=144 y=303 block_id=220 block=塑钢墙 team=1
2026-04-02T23:34:46.8379314+08:00 [BUILD] action=destroyed x=144 y=303 block_id=220 block=塑钢墙 team=1
2026-04-02T23:34:46.8544518+08:00 [BUILD] action=deconstructing x=143 y=303 block_id=220 block=塑钢墙 team=1
2026-04-02T23:34:46.9550645+08:00 [BUILD] action=destroyed x=143 y=303 block_id=220 block=塑钢墙 team=1
2026-04-02T23:34:46.971115+08:00 [BUILD] action=deconstructing x=142 y=303 block_id=220 block=塑钢墙 team=1
2026-04-02T23:34:47.0713957+08:00 [BUILD] action=destroyed x=142 y=303 block_id=220 block=塑钢墙 team=1
2026-04-02T23:34:47.0879583+08:00 [BUILD] action=deconstructing x=141 y=303 block_id=220 block=塑钢墙 team=1
2026-04-02T23:34:47.1877314+08:00 [BUILD] action=destroyed x=141 y=303 block_id=220 block=塑钢墙 team=1
2026-04-02T23:34:47.2046906+08:00 [BUILD] action=deconstructing x=140 y=303 block_id=220 block=塑钢墙 team=1
2026-04-02T23:34:47.3046064+08:00 [BUILD] action=destroyed x=140 y=303 block_id=220 block=塑钢墙 team=1
2026-04-02T23:34:47.321267+08:00 [BUILD] action=deconstructing x=139 y=303 block_id=220 block=塑钢墙 team=1
2026-04-02T23:34:47.4214196+08:00 [BUILD] action=destroyed x=139 y=303 block_id=220 block=塑钢墙 team=1
2026-04-02T23:34:47.4380073+08:00 [BUILD] action=deconstructing x=138 y=303 block_id=220 block=塑钢墙 team=1
2026-04-02T23:34:47.5378053+08:00 [BUILD] action=destroyed x=138 y=303 block_id=220 block=塑钢墙 team=1
2026-04-02T23:34:47.5547242+08:00 [BUILD] action=deconstructing x=137 y=303 block_id=220 block=塑钢墙 team=1
2026-04-02T23:34:47.6545556+08:00 [BUILD] action=destroyed x=137 y=303 block_id=220 block=塑钢墙 team=1
2026-04-02T23:34:47.6711704+08:00 [BUILD] action=deconstructing x=136 y=303 block_id=220 block=塑钢墙 team=1
2026-04-02T23:34:47.7715718+08:00 [BUILD] action=destroyed x=136 y=303 block_id=220 block=塑钢墙 team=1
2026-04-02T23:34:47.788275+08:00 [BUILD] action=deconstructing x=135 y=303 block_id=220 block=塑钢墙 team=1
2026-04-02T23:34:47.8887241+08:00 [BUILD] action=destroyed x=135 y=303 block_id=220 block=塑钢墙 team=1
2026-04-02T23:34:47.9054316+08:00 [BUILD] action=deconstructing x=133 y=303 block_id=220 block=塑钢墙 team=1
2026-04-02T23:34:48.0043672+08:00 [BUILD] action=destroyed x=133 y=303 block_id=220 block=塑钢墙 team=1
2026-04-02T23:34:48.0212009+08:00 [BUILD] action=deconstructing x=134 y=303 block_id=220 block=塑钢墙 team=1
2026-04-02T23:34:48.1211585+08:00 [BUILD] action=destroyed x=134 y=303 block_id=220 block=塑钢墙 team=1
2026-04-02T23:34:48.1378697+08:00 [BUILD] action=deconstructing x=134 y=310 block_id=429 block=信息板 team=1
2026-04-02T23:34:48.2214624+08:00 [BUILD] action=destroyed x=134 y=310 block_id=429 block=信息板 team=1
2026-04-02T23:34:48.2384007+08:00 [BUILD] action=deconstructing x=134 y=304 block_id=429 block=信息板 team=1
2026-04-02T23:34:48.321165+08:00 [BUILD] action=destroyed x=134 y=304 block_id=429 block=信息板 team=1
2026-04-02T23:34:48.3378631+08:00 [BUILD] action=deconstructing x=133 y=310 block_id=220 block=塑钢墙 team=1
2026-04-02T23:34:48.4381992+08:00 [BUILD] action=destroyed x=133 y=310 block_id=220 block=塑钢墙 team=1
2026-04-02T23:34:48.4547118+08:00 [BUILD] action=deconstructing x=133 y=309 block_id=220 block=塑钢墙 team=1
2026-04-02T23:34:48.5546085+08:00 [BUILD] action=destroyed x=133 y=309 block_id=220 block=塑钢墙 team=1
2026-04-02T23:34:48.5712471+08:00 [BUILD] action=deconstructing x=133 y=308 block_id=220 block=塑钢墙 team=1
2026-04-02T23:34:48.6711272+08:00 [BUILD] action=destroyed x=133 y=308 block_id=220 block=塑钢墙 team=1
2026-04-02T23:34:48.6879242+08:00 [BUILD] action=deconstructing x=133 y=307 block_id=220 block=塑钢墙 team=1
2026-04-02T23:34:48.7880259+08:00 [BUILD] action=destroyed x=133 y=307 block_id=220 block=塑钢墙 team=1
2026-04-02T23:34:48.8048252+08:00 [BUILD] action=deconstructing x=133 y=306 block_id=220 block=塑钢墙 team=1
2026-04-02T23:34:48.9044169+08:00 [BUILD] action=destroyed x=133 y=306 block_id=220 block=塑钢墙 team=1
2026-04-02T23:34:48.9213246+08:00 [BUILD] action=deconstructing x=133 y=305 block_id=220 block=塑钢墙 team=1
2026-04-02T23:34:49.0212111+08:00 [BUILD] action=destroyed x=133 y=305 block_id=220 block=塑钢墙 team=1
2026-04-02T23:34:49.0391197+08:00 [BUILD] action=deconstructing x=133 y=304 block_id=220 block=塑钢墙 team=1
2026-04-02T23:34:49.1378418+08:00 [BUILD] action=destroyed x=133 y=304 block_id=220 block=塑钢墙 team=1
2026-04-02T23:34:56.204536+08:00 [BUILD] action=placed x=146 y=310 block_id=257 block=传送带 team=1 rot=1
2026-04-02T23:34:56.2212889+08:00 [BUILD] action=constructed x=146 y=310 block_id=257 block=传送带 team=1 rot=1
2026-04-02T23:34:56.2378481+08:00 [BUILD] action=placed x=146 y=311 block_id=257 block=传送带 team=1 rot=1
2026-04-02T23:34:56.2550817+08:00 [BUILD] action=constructed x=146 y=311 block_id=257 block=传送带 team=1 rot=1
2026-04-02T23:34:56.2712338+08:00 [BUILD] action=placed x=146 y=312 block_id=257 block=传送带 team=1 rot=1
2026-04-02T23:34:56.2880168+08:00 [BUILD] action=constructed x=146 y=312 block_id=257 block=传送带 team=1 rot=1
2026-04-02T23:34:56.3046494+08:00 [BUILD] action=placed x=146 y=313 block_id=257 block=传送带 team=1 rot=1
2026-04-02T23:34:56.3212636+08:00 [BUILD] action=constructed x=146 y=313 block_id=257 block=传送带 team=1 rot=1
2026-04-02T23:34:56.3379214+08:00 [BUILD] action=placed x=146 y=314 block_id=257 block=传送带 team=1 rot=1
2026-04-02T23:34:56.3546596+08:00 [BUILD] action=constructed x=146 y=314 block_id=257 block=传送带 team=1 rot=1
2026-04-02T23:34:56.3713561+08:00 [BUILD] action=placed x=146 y=315 block_id=257 block=传送带 team=1 rot=1
2026-04-02T23:34:56.387829+08:00 [BUILD] action=constructed x=146 y=315 block_id=257 block=传送带 team=1 rot=1
2026-04-02T23:34:56.4049682+08:00 [BUILD] action=placed x=146 y=316 block_id=257 block=传送带 team=1 rot=1
2026-04-02T23:34:56.4214688+08:00 [BUILD] action=constructed x=146 y=316 block_id=257 block=传送带 team=1 rot=1
2026-04-02T23:34:56.4377772+08:00 [BUILD] action=placed x=146 y=317 block_id=257 block=传送带 team=1 rot=1
2026-04-02T23:34:56.4545992+08:00 [BUILD] action=constructed x=146 y=317 block_id=257 block=传送带 team=1 rot=1
2026-04-02T23:34:56.4712918+08:00 [BUILD] action=placed x=146 y=318 block_id=257 block=传送带 team=1 rot=1
2026-04-02T23:34:56.487801+08:00 [BUILD] action=constructed x=146 y=318 block_id=257 block=传送带 team=1 rot=1
2026-04-02T23:34:56.5047356+08:00 [BUILD] action=placed x=146 y=319 block_id=257 block=传送带 team=1 rot=1
2026-04-02T23:34:56.5215334+08:00 [BUILD] action=constructed x=146 y=319 block_id=257 block=传送带 team=1 rot=1
2026-04-02T23:34:56.5378158+08:00 [BUILD] action=placed x=146 y=320 block_id=257 block=传送带 team=1 rot=1
2026-04-02T23:34:56.5546777+08:00 [BUILD] action=constructed x=146 y=320 block_id=257 block=传送带 team=1 rot=1
2026-04-02T23:34:56.5716216+08:00 [BUILD] action=placed x=146 y=321 block_id=257 block=传送带 team=1 rot=1
2026-04-02T23:34:56.5882206+08:00 [BUILD] action=constructed x=146 y=321 block_id=257 block=传送带 team=1 rot=1
2026-04-02T23:34:59.938209+08:00 [BUILD] action=deconstructing x=93 y=313 block_id=429 block=信息板 team=1
2026-04-02T23:35:00.0231918+08:00 [BUILD] action=destroyed x=93 y=313 block_id=429 block=信息板 team=1
2026-04-02T23:35:00.0378535+08:00 [BUILD] action=deconstructing x=93 y=314 block_id=429 block=信息板 team=1
2026-04-02T23:35:00.1215639+08:00 [BUILD] action=destroyed x=93 y=314 block_id=429 block=信息板 team=1
2026-04-02T23:35:00.1378198+08:00 [BUILD] action=deconstructing x=93 y=315 block_id=429 block=信息板 team=1
2026-04-02T23:35:00.2211834+08:00 [BUILD] action=destroyed x=93 y=315 block_id=429 block=信息板 team=1
2026-04-02T23:35:00.2384352+08:00 [BUILD] action=deconstructing x=93 y=316 block_id=429 block=信息板 team=1
2026-04-02T23:35:00.3213948+08:00 [BUILD] action=destroyed x=93 y=316 block_id=429 block=信息板 team=1
2026-04-02T23:35:00.3379462+08:00 [BUILD] action=deconstructing x=93 y=317 block_id=429 block=信息板 team=1
2026-04-02T23:35:00.4214762+08:00 [BUILD] action=destroyed x=93 y=317 block_id=429 block=信息板 team=1
2026-04-02T23:35:00.4378893+08:00 [BUILD] action=deconstructing x=92 y=313 block_id=429 block=信息板 team=1
2026-04-02T23:35:00.5214949+08:00 [BUILD] action=destroyed x=92 y=313 block_id=429 block=信息板 team=1
2026-04-02T23:35:00.5377608+08:00 [BUILD] action=deconstructing x=91 y=313 block_id=429 block=信息板 team=1
2026-04-02T23:35:00.6213221+08:00 [BUILD] action=destroyed x=91 y=313 block_id=429 block=信息板 team=1
2026-04-02T23:35:00.6382046+08:00 [BUILD] action=deconstructing x=90 y=313 block_id=429 block=信息板 team=1
2026-04-02T23:35:00.7211884+08:00 [BUILD] action=destroyed x=90 y=313 block_id=429 block=信息板 team=1
2026-04-02T23:35:00.7377014+08:00 [BUILD] action=deconstructing x=89 y=313 block_id=429 block=信息板 team=1
2026-04-02T23:35:00.8213102+08:00 [BUILD] action=destroyed x=89 y=313 block_id=429 block=信息板 team=1
2026-04-02T23:35:01.9379804+08:00 [BUILD] action=placed x=146 y=322 block_id=257 block=传送带 team=1 rot=1
2026-04-02T23:35:01.9544734+08:00 [BUILD] action=constructed x=146 y=322 block_id=257 block=传送带 team=1 rot=1
2026-04-02T23:35:01.9715008+08:00 [BUILD] action=placed x=146 y=323 block_id=257 block=传送带 team=1 rot=1
2026-04-02T23:35:01.9883298+08:00 [BUILD] action=constructed x=146 y=323 block_id=257 block=传送带 team=1 rot=1
2026-04-02T23:35:02.0049206+08:00 [BUILD] action=placed x=146 y=324 block_id=257 block=传送带 team=1 rot=1
2026-04-02T23:35:02.0212281+08:00 [BUILD] action=constructed x=146 y=324 block_id=257 block=传送带 team=1 rot=1
2026-04-02T23:35:11.4381361+08:00 [BUILD] action=placed x=145 y=310 block_id=257 block=传送带 team=1 rot=1
2026-04-02T23:35:11.4544396+08:00 [BUILD] action=constructed x=145 y=310 block_id=257 block=传送带 team=1 rot=1
2026-04-02T23:35:11.4715768+08:00 [BUILD] action=placed x=145 y=311 block_id=257 block=传送带 team=1 rot=1
2026-04-02T23:35:11.4881111+08:00 [BUILD] action=constructed x=145 y=311 block_id=257 block=传送带 team=1 rot=1
2026-04-02T23:35:11.5043273+08:00 [BUILD] action=placed x=145 y=312 block_id=257 block=传送带 team=1 rot=1
2026-04-02T23:35:11.5214756+08:00 [BUILD] action=constructed x=145 y=312 block_id=257 block=传送带 team=1 rot=1
2026-04-02T23:35:11.537861+08:00 [BUILD] action=placed x=145 y=313 block_id=257 block=传送带 team=1 rot=1
2026-04-02T23:35:11.5548969+08:00 [BUILD] action=constructed x=145 y=313 block_id=257 block=传送带 team=1 rot=1
2026-04-02T23:35:11.5713096+08:00 [BUILD] action=placed x=145 y=314 block_id=257 block=传送带 team=1 rot=1
2026-04-02T23:35:11.5881571+08:00 [BUILD] action=constructed x=145 y=314 block_id=257 block=传送带 team=1 rot=1
2026-04-02T23:35:11.6048405+08:00 [BUILD] action=placed x=145 y=315 block_id=257 block=传送带 team=1 rot=1
2026-04-02T23:35:11.6214449+08:00 [BUILD] action=constructed x=145 y=315 block_id=257 block=传送带 team=1 rot=1
2026-04-02T23:35:11.6381153+08:00 [BUILD] action=placed x=145 y=316 block_id=257 block=传送带 team=1 rot=1
2026-04-02T23:35:11.6547042+08:00 [BUILD] action=constructed x=145 y=316 block_id=257 block=传送带 team=1 rot=1
2026-04-02T23:35:11.6714963+08:00 [BUILD] action=placed x=145 y=317 block_id=257 block=传送带 team=1 rot=1
2026-04-02T23:35:11.6878032+08:00 [BUILD] action=constructed x=145 y=317 block_id=257 block=传送带 team=1 rot=1
2026-04-02T23:35:11.7047791+08:00 [BUILD] action=placed x=145 y=318 block_id=257 block=传送带 team=1 rot=1
2026-04-02T23:35:11.722098+08:00 [BUILD] action=constructed x=145 y=318 block_id=257 block=传送带 team=1 rot=1
2026-04-02T23:35:11.7378864+08:00 [BUILD] action=placed x=145 y=319 block_id=257 block=传送带 team=1 rot=1
2026-04-02T23:35:11.7546716+08:00 [BUILD] action=constructed x=145 y=319 block_id=257 block=传送带 team=1 rot=1
2026-04-02T23:35:11.7714387+08:00 [BUILD] action=placed x=145 y=320 block_id=257 block=传送带 team=1 rot=1
2026-04-02T23:35:11.787802+08:00 [BUILD] action=constructed x=145 y=320 block_id=257 block=传送带 team=1 rot=1
2026-04-02T23:35:11.8048219+08:00 [BUILD] action=placed x=145 y=321 block_id=257 block=传送带 team=1 rot=1
2026-04-02T23:35:11.8214343+08:00 [BUILD] action=constructed x=145 y=321 block_id=257 block=传送带 team=1 rot=1
2026-04-02T23:35:11.8381664+08:00 [BUILD] action=placed x=145 y=322 block_id=257 block=传送带 team=1 rot=1
2026-04-02T23:35:11.8548552+08:00 [BUILD] action=constructed x=145 y=322 block_id=257 block=传送带 team=1 rot=1
2026-04-02T23:35:11.8712221+08:00 [BUILD] action=placed x=145 y=323 block_id=257 block=传送带 team=1 rot=1
2026-04-02T23:35:11.8881193+08:00 [BUILD] action=constructed x=145 y=323 block_id=257 block=传送带 team=1 rot=1
2026-04-02T23:35:11.9043839+08:00 [BUILD] action=placed x=145 y=324 block_id=257 block=传送带 team=1 rot=1
2026-04-02T23:35:11.9212589+08:00 [BUILD] action=constructed x=145 y=324 block_id=257 block=传送带 team=1 rot=1
2026-04-02T23:35:12.604827+08:00 [BUILD] action=placed x=144 y=310 block_id=257 block=传送带 team=1 rot=1
2026-04-02T23:35:12.6214379+08:00 [BUILD] action=constructed x=144 y=310 block_id=257 block=传送带 team=1 rot=1
2026-04-02T23:35:12.6378866+08:00 [BUILD] action=placed x=144 y=311 block_id=257 block=传送带 team=1 rot=1
2026-04-02T23:35:12.6549463+08:00 [BUILD] action=constructed x=144 y=311 block_id=257 block=传送带 team=1 rot=1
2026-04-02T23:35:12.6712912+08:00 [BUILD] action=placed x=144 y=312 block_id=257 block=传送带 team=1 rot=1
2026-04-02T23:35:12.6878919+08:00 [BUILD] action=constructed x=144 y=312 block_id=257 block=传送带 team=1 rot=1
2026-04-02T23:35:12.7046204+08:00 [BUILD] action=placed x=144 y=313 block_id=257 block=传送带 team=1 rot=1
2026-04-02T23:35:12.7215377+08:00 [BUILD] action=constructed x=144 y=313 block_id=257 block=传送带 team=1 rot=1
2026-04-02T23:35:12.7381894+08:00 [BUILD] action=placed x=144 y=314 block_id=257 block=传送带 team=1 rot=1
2026-04-02T23:35:12.7547267+08:00 [BUILD] action=constructed x=144 y=314 block_id=257 block=传送带 team=1 rot=1
2026-04-02T23:35:12.7714918+08:00 [BUILD] action=placed x=144 y=315 block_id=257 block=传送带 team=1 rot=1
2026-04-02T23:35:12.788171+08:00 [BUILD] action=constructed x=144 y=315 block_id=257 block=传送带 team=1 rot=1
2026-04-02T23:35:12.8045123+08:00 [BUILD] action=placed x=144 y=316 block_id=257 block=传送带 team=1 rot=1
2026-04-02T23:35:12.8213288+08:00 [BUILD] action=constructed x=144 y=316 block_id=257 block=传送带 team=1 rot=1
2026-04-02T23:35:12.8382486+08:00 [BUILD] action=placed x=144 y=317 block_id=257 block=传送带 team=1 rot=1
2026-04-02T23:35:12.854773+08:00 [BUILD] action=constructed x=144 y=317 block_id=257 block=传送带 team=1 rot=1
2026-04-02T23:35:12.8710755+08:00 [BUILD] action=placed x=144 y=318 block_id=257 block=传送带 team=1 rot=1
2026-04-02T23:35:12.8880018+08:00 [BUILD] action=constructed x=144 y=318 block_id=257 block=传送带 team=1 rot=1
2026-04-02T23:35:17.854558+08:00 [BUILD] action=placed x=143 y=310 block_id=259 block=塑钢传送带 team=1 rot=1
2026-04-02T23:35:17.8878003+08:00 [BUILD] action=constructed x=143 y=310 block_id=259 block=塑钢传送带 team=1 rot=1
2026-04-02T23:35:17.9047575+08:00 [BUILD] action=placed x=143 y=311 block_id=259 block=塑钢传送带 team=1 rot=1
2026-04-02T23:35:17.9381813+08:00 [BUILD] action=constructed x=143 y=311 block_id=259 block=塑钢传送带 team=1 rot=1
2026-04-02T23:35:17.9548283+08:00 [BUILD] action=placed x=143 y=312 block_id=259 block=塑钢传送带 team=1 rot=1
2026-04-02T23:35:17.9927925+08:00 [BUILD] action=constructed x=143 y=312 block_id=259 block=塑钢传送带 team=1 rot=1
2026-04-02T23:35:18.0047876+08:00 [BUILD] action=placed x=143 y=313 block_id=259 block=塑钢传送带 team=1 rot=1
2026-04-02T23:35:18.0382546+08:00 [BUILD] action=constructed x=143 y=313 block_id=259 block=塑钢传送带 team=1 rot=1
2026-04-02T23:35:18.0548615+08:00 [BUILD] action=placed x=143 y=314 block_id=259 block=塑钢传送带 team=1 rot=1
2026-04-02T23:35:18.0879187+08:00 [BUILD] action=constructed x=143 y=314 block_id=259 block=塑钢传送带 team=1 rot=1
2026-04-02T23:35:18.104734+08:00 [BUILD] action=placed x=143 y=315 block_id=259 block=塑钢传送带 team=1 rot=1
2026-04-02T23:35:18.1434934+08:00 [BUILD] action=constructed x=143 y=315 block_id=259 block=塑钢传送带 team=1 rot=1
2026-04-02T23:35:19.7878986+08:00 [BUILD] action=placed x=143 y=316 block_id=259 block=塑钢传送带 team=1 rot=1
2026-04-02T23:35:19.8214811+08:00 [BUILD] action=constructed x=143 y=316 block_id=259 block=塑钢传送带 team=1 rot=1
2026-04-02T23:35:19.8377511+08:00 [BUILD] action=placed x=143 y=317 block_id=259 block=塑钢传送带 team=1 rot=1
2026-04-02T23:35:19.8713703+08:00 [BUILD] action=constructed x=143 y=317 block_id=259 block=塑钢传送带 team=1 rot=1
2026-04-02T23:35:19.8879747+08:00 [BUILD] action=placed x=143 y=318 block_id=259 block=塑钢传送带 team=1 rot=1
2026-04-02T23:35:19.9258156+08:00 [BUILD] action=constructed x=143 y=318 block_id=259 block=塑钢传送带 team=1 rot=1
2026-04-02T23:35:19.9381749+08:00 [BUILD] action=placed x=143 y=319 block_id=259 block=塑钢传送带 team=1 rot=1
2026-04-02T23:35:19.9711375+08:00 [BUILD] action=constructed x=143 y=319 block_id=259 block=塑钢传送带 team=1 rot=1
2026-04-02T23:35:19.9907904+08:00 [BUILD] action=placed x=143 y=320 block_id=259 block=塑钢传送带 team=1 rot=1
2026-04-02T23:35:20.0214324+08:00 [BUILD] action=constructed x=143 y=320 block_id=259 block=塑钢传送带 team=1 rot=1
2026-04-02T23:35:20.0378922+08:00 [BUILD] action=placed x=143 y=321 block_id=259 block=塑钢传送带 team=1 rot=1
2026-04-02T23:35:20.0762358+08:00 [BUILD] action=constructed x=143 y=321 block_id=259 block=塑钢传送带 team=1 rot=1
2026-04-02T23:35:20.088146+08:00 [BUILD] action=placed x=143 y=322 block_id=259 block=塑钢传送带 team=1 rot=1
2026-04-02T23:35:20.1211254+08:00 [BUILD] action=constructed x=143 y=322 block_id=259 block=塑钢传送带 team=1 rot=1
2026-04-02T23:35:20.1515179+08:00 [BUILD] action=placed x=143 y=323 block_id=259 block=塑钢传送带 team=1 rot=1
2026-04-02T23:35:20.1711395+08:00 [BUILD] action=constructed x=143 y=323 block_id=259 block=塑钢传送带 team=1 rot=1
2026-04-02T23:35:20.1878242+08:00 [BUILD] action=placed x=143 y=324 block_id=259 block=塑钢传送带 team=1 rot=1
2026-04-02T23:35:20.2258343+08:00 [BUILD] action=constructed x=143 y=324 block_id=259 block=塑钢传送带 team=1 rot=1
2026-04-02T23:35:23.3214222+08:00 [BUILD] action=placed x=144 y=310 block_id=259 block=塑钢传送带 team=1 rot=1
2026-04-02T23:35:23.3546048+08:00 [BUILD] action=constructed x=144 y=310 block_id=259 block=塑钢传送带 team=1 rot=1
2026-04-02T23:35:23.371335+08:00 [BUILD] action=placed x=144 y=311 block_id=259 block=塑钢传送带 team=1 rot=1
2026-04-02T23:35:23.4056792+08:00 [BUILD] action=constructed x=144 y=311 block_id=259 block=塑钢传送带 team=1 rot=1
2026-04-02T23:35:23.421502+08:00 [BUILD] action=placed x=144 y=312 block_id=259 block=塑钢传送带 team=1 rot=1
2026-04-02T23:35:23.4878089+08:00 [BUILD] action=constructed x=144 y=312 block_id=259 block=塑钢传送带 team=1 rot=1
2026-04-02T23:35:23.5486523+08:00 [BUILD] action=placed x=144 y=313 block_id=259 block=塑钢传送带 team=1 rot=1
2026-04-02T23:35:23.5966157+08:00 [BUILD] action=constructed x=144 y=313 block_id=259 block=塑钢传送带 team=1 rot=1
2026-04-02T23:35:23.6567354+08:00 [BUILD] action=placed x=144 y=314 block_id=259 block=塑钢传送带 team=1 rot=1
2026-04-02T23:35:23.6888488+08:00 [BUILD] action=constructed x=144 y=314 block_id=259 block=塑钢传送带 team=1 rot=1
2026-04-02T23:35:23.7351204+08:00 [BUILD] action=placed x=144 y=315 block_id=259 block=塑钢传送带 team=1 rot=1
2026-04-02T23:35:23.7951555+08:00 [BUILD] action=constructed x=144 y=315 block_id=259 block=塑钢传送带 team=1 rot=1
2026-04-02T23:35:23.8236609+08:00 [BUILD] action=placed x=144 y=316 block_id=259 block=塑钢传送带 team=1 rot=1
2026-04-02T23:35:23.9023632+08:00 [BUILD] action=constructed x=144 y=316 block_id=259 block=塑钢传送带 team=1 rot=1
2026-04-02T23:35:23.9607277+08:00 [BUILD] action=placed x=144 y=317 block_id=259 block=塑钢传送带 team=1 rot=1
2026-04-02T23:35:24.0093509+08:00 [BUILD] action=constructed x=144 y=317 block_id=259 block=塑钢传送带 team=1 rot=1
2026-04-02T23:35:24.0675233+08:00 [BUILD] action=placed x=144 y=318 block_id=259 block=塑钢传送带 team=1 rot=1
2026-04-02T23:35:24.0987886+08:00 [BUILD] action=constructed x=144 y=318 block_id=259 block=塑钢传送带 team=1 rot=1
2026-04-02T23:35:24.1455348+08:00 [BUILD] action=placed x=144 y=319 block_id=259 block=塑钢传送带 team=1 rot=1
2026-04-02T23:35:24.2079864+08:00 [BUILD] action=constructed x=144 y=319 block_id=259 block=塑钢传送带 team=1 rot=1
2026-04-02T23:35:24.2380957+08:00 [BUILD] action=placed x=144 y=320 block_id=259 block=塑钢传送带 team=1 rot=1
2026-04-02T23:35:24.3172534+08:00 [BUILD] action=constructed x=144 y=320 block_id=259 block=塑钢传送带 team=1 rot=1
2026-04-02T23:35:24.6941272+08:00 [BUILD] action=placed x=144 y=321 block_id=259 block=塑钢传送带 team=1 rot=1
2026-04-02T23:35:24.7562708+08:00 [BUILD] action=constructed x=144 y=321 block_id=259 block=塑钢传送带 team=1 rot=1
2026-04-02T23:35:24.7842349+08:00 [BUILD] action=placed x=144 y=322 block_id=259 block=塑钢传送带 team=1 rot=1
2026-04-02T23:35:24.8608873+08:00 [BUILD] action=constructed x=144 y=322 block_id=259 block=塑钢传送带 team=1 rot=1
2026-04-02T23:35:24.9195704+08:00 [BUILD] action=placed x=144 y=323 block_id=259 block=塑钢传送带 team=1 rot=1
2026-04-02T23:35:24.9691748+08:00 [BUILD] action=constructed x=144 y=323 block_id=259 block=塑钢传送带 team=1 rot=1
2026-04-02T23:35:25.0266298+08:00 [BUILD] action=placed x=144 y=324 block_id=259 block=塑钢传送带 team=1 rot=1
2026-04-02T23:35:25.0579755+08:00 [BUILD] action=constructed x=144 y=324 block_id=259 block=塑钢传送带 team=1 rot=1
2026-04-02T23:35:25.9059926+08:00 [BUILD] action=placed x=145 y=310 block_id=259 block=塑钢传送带 team=1 rot=1
2026-04-02T23:35:25.9720535+08:00 [BUILD] action=constructed x=145 y=310 block_id=259 block=塑钢传送带 team=1 rot=1
2026-04-02T23:35:26.0022073+08:00 [BUILD] action=placed x=145 y=311 block_id=259 block=塑钢传送带 team=1 rot=1
2026-04-02T23:35:26.0783583+08:00 [BUILD] action=constructed x=145 y=311 block_id=259 block=塑钢传送带 team=1 rot=1
2026-04-02T23:35:26.1509341+08:00 [BUILD] action=placed x=145 y=312 block_id=259 block=塑钢传送带 team=1 rot=1
2026-04-02T23:35:26.2003865+08:00 [BUILD] action=constructed x=145 y=312 block_id=259 block=塑钢传送带 team=1 rot=1
2026-04-02T23:35:26.2647384+08:00 [BUILD] action=placed x=145 y=313 block_id=259 block=塑钢传送带 team=1 rot=1
2026-04-02T23:35:26.2972942+08:00 [BUILD] action=constructed x=145 y=313 block_id=259 block=塑钢传送带 team=1 rot=1
2026-04-02T23:35:26.3442968+08:00 [BUILD] action=placed x=145 y=314 block_id=259 block=塑钢传送带 team=1 rot=1
2026-04-02T23:35:26.4041709+08:00 [BUILD] action=constructed x=145 y=314 block_id=259 block=塑钢传送带 team=1 rot=1
2026-04-02T23:35:41.9200723+08:00 [BUILD] action=placed x=145 y=315 block_id=259 block=塑钢传送带 team=1 rot=1
2026-04-02T23:35:41.9852355+08:00 [BUILD] action=constructed x=145 y=315 block_id=259 block=塑钢传送带 team=1 rot=1
2026-04-02T23:35:42.0142721+08:00 [BUILD] action=placed x=145 y=316 block_id=259 block=塑钢传送带 team=1 rot=1
2026-04-02T23:35:42.0928882+08:00 [BUILD] action=constructed x=145 y=316 block_id=259 block=塑钢传送带 team=1 rot=1
2026-04-02T23:35:42.1556838+08:00 [BUILD] action=placed x=145 y=317 block_id=259 block=塑钢传送带 team=1 rot=1
2026-04-02T23:35:42.2040903+08:00 [BUILD] action=constructed x=145 y=317 block_id=259 block=塑钢传送带 team=1 rot=1
2026-04-02T23:35:42.262089+08:00 [BUILD] action=placed x=145 y=318 block_id=259 block=塑钢传送带 team=1 rot=1
2026-04-02T23:35:42.2973767+08:00 [BUILD] action=constructed x=145 y=318 block_id=259 block=塑钢传送带 team=1 rot=1
2026-04-02T15:35:46.5555437Z [NET] kind=tcp_accept packet= conn_id=42193405 uuid= ip=183.200.171.69 name="" detail=
2026-04-02T15:35:46.6573302Z [NET] kind=connect_packet packet=*protocol.ConnectPacket conn_id=41362 uuid=qEzbsS85SAgAAAAAL+/dXQ== ip=183.200.171.69 name="" detail=version=156 type=official mods=0
2026-04-02T15:35:46.672068Z [NET] kind=world_handshake_sent packet= conn_id=41362 uuid=qEzbsS85SAgAAAAAL+/dXQ== ip=183.200.171.69 name="[scarlet]（未绑定杂鱼~）[]LUOBAI[gray]41362[]" detail=
2026-04-02T15:35:47.4678585Z [NET] kind=connect_confirm_client_snapshot packet=*protocol.Remote_NetServer_clientSnapshot_22 conn_id=41362 uuid=qEzbsS85SAgAAAAAL+/dXQ== ip=183.200.171.69 name="[scarlet]（未绑定杂鱼~）[]LUOBAI[gray]41362[]" detail=
2026-04-02T23:35:47.4827041+08:00 [RESPAWN] player="LUOBAI" team=1 core=core-acropolis core_x=107 core_y=323 spawn_x=107 spawn_y=323
2026-04-02T23:35:47.4842111+08:00 [RESPAWN] player="LUOBAI" team=1 unit=60 build_speed=1.50 spawn_x=107 spawn_y=323
2026-04-02T15:35:47.5492099Z [NET] kind=tcp_closed packet= conn_id=53404 uuid=MAv3KaDNyXEAAAAAz4iNgQ== ip=10.147.17.101 name="[scarlet]（未绑定杂鱼~）[][#F285D1]月[#8982edff]子[#87ceebff]芳 I\uf7a9\uf7be[gray]53404[]" detail=EOF
2026-04-02T15:36:03.7491249Z [NET] kind=tcp_closed packet= conn_id=41362 uuid=qEzbsS85SAgAAAAAL+/dXQ== ip=183.200.171.69 name="[scarlet]（未绑定杂鱼~）[]LUOBAI[gray]41362[]" detail=EOF
