mdt-server dev (none)
config=config.json cores=6 addr=0.0.0.0:6567 build=155 world=random vanilla=data/vanilla/profiles.json
workspace initialized: dirs=12 files=0
当前地图: ..\assets\worlds\file.msav
[script] 每日 GC 已关闭
========================================
 启动报告
========================================
[32m[ OK ][0m 开发者日志: 已启用
[INFO][0m Mods: 未启用
[32m[ OK ][0m 持久化地图恢复: assets\worlds\file.msav
[32m[ OK ][0m 原版 content IDs: entries=1288 path=data\vanilla\content_ids.json
[32m[ OK ][0m 原版 profiles: data/vanilla/profiles.json
[32m[ OK ][0m 地图模型: ..\assets\worlds\file.msav (500x500)
[32m[ OK ][0m 单位 ID 列表: count=39
[32m[ OK ][0m 玩家出生单位: typeId=35
[32m[ OK ][0m OP 列表: count=0
[32m[ OK ][0m API: bind=0.0.0.0:8090 auth=false
[32m[ OK ][0m 服务端启动: 初始化完成
========================================
========================================
 地图加载详情
========================================
路径: ..\assets\worlds\file.msav
尺寸: 500x500  Tiles=250000
建筑: blocks=11437 builds=0 cores=0
实体: entities=0 units=0
类型: blockKinds=112 floorKinds=69 overlayKinds=14
MSAV: version=11 tags=24 rulesTag=true
数据: content=9689 patch=1 rawMap=223198 rawEntities=739 markers=2 custom=4
========================================
========================================
 单位 ID 列表
========================================
0(dagger), 1(mace), 2(fortress), 3(scepter), 4(reign), 5(nova)
6(pulsar), 7(quasar), 8(vela), 9(corvus), 10(crawler), 11(atrax)
12(spiroct), 13(arkyid), 14(toxopid), 15(flare), 16(horizon), 17(zenith)
18(antumbra), 19(eclipse), 20(mono), 21(poly), 22(mega), 23(quad)
24(oct), 25(risso), 26(minke), 27(bryde), 28(sei), 29(omura)
30(retusa), 31(oxynoe), 32(cyerce), 33(aegires), 34(navanax), 35(alpha)
36(beta), 37(gamma), 38(block)
========================================
========================================
服务器名称: mdt-server
当前地图:   ..\assets\worlds\file.msav
监听地址:   0.0.0.0:6567
本机IP:     192.168.0.101
API地址:    0.0.0.0:8090
输入 `help all` 查看完整帮助
========================================
控制台命令（输入 `help <分类>` 或 `help all`）:
分类: basic vanilla runtime admin plugin script data scheduler persist net sync api chat close
提示: 输入 `help basic` 查看常用命令
[net] tcp accepted remote=10.147.17.101:54105 id=1878899139
[net] udp registered remote=10.147.17.101:64377 id=1878899139
[net] connect packet id=1878899139 name="[#00ffffff]月[#8982edff]子[#87ceebff]芳 \uf7a9\uf7be" version=155 type="official" mods=0
[worldstream] found cores in content: 341(core-nucleus) 343(core-citadel) 344(core-acropolis) 340(core-foundation) 78(core-zone) 342(core-bastion) 339(core-shard) 
[net] world handshake sent id=1878899139
[net] connect confirm via clientSnapshot id=1878899139
[net] sendPlayerSpawn sending id=1878899139 tile=(1,1) playerID=1
[net] sendPlayerSpawn sent id=1878899139
[net] connect confirm id=1878899139
[net] tcp accepted remote=10.147.17.101:54108 id=1388242797
[net] udp registered remote=10.147.17.101:62943 id=1388242797
[net] connect packet id=1388242797 name="[#00ffffff]月[#8982edff]子[#87ceebff]芳 \uf7a9\uf7be" version=155 type="official" mods=0
[net] world handshake sent id=1388242797
[net] connect confirm via clientSnapshot id=1388242797
[net] sendPlayerSpawn sending id=1388242797 tile=(1,1) playerID=2
[net] sendPlayerSpawn sent id=1388242797
[net] connect confirm id=1388242797
[net] tcp closed id=1388242797 remote=10.147.17.101:54108
[net] tcp accepted remote=10.147.17.101:54136 id=726170898
[net] udp registered remote=10.147.17.101:56307 id=726170898
[net] connect packet id=726170898 name="[#00ffffff]月[#8982edff]子[#87ceebff]芳 \uf7a9\uf7be" version=155 type="official" mods=0
[net] world handshake sent id=726170898
[net] connect confirm via clientSnapshot id=726170898
[net] sendPlayerSpawn sending id=726170898 tile=(1,1) playerID=3
[net] sendPlayerSpawn sent id=726170898
[net] connect confirm id=726170898
