mdt-server dev (none)
config=config.json cores=6 addr=0.0.0.0:6567 build=155 world=random vanilla=data/vanilla/profiles.json
workspace initialized: dirs=12 files=0
当前地图: assets\worlds\23315.msav
[script] 每日 GC 已关闭
[worldstream] found cores in content: 340(core-foundation) 343(core-citadel) 344(core-acropolis) 78(core-zone) 342(core-bastion) 339(core-shard) 341(core-nucleus) 
========================================
 启动报告
========================================
[32m[ OK ][0m 开发者日志: 已启用
[INFO][0m Mods: 未启用
[33m[WARN][0m 原版 content IDs: 未加载(data\vanilla\content_ids.json): open data\vanilla\content_ids.json: The system cannot find the file specified.
[33m[WARN][0m 原版 item_props: 加载失败: open data\vanilla\item_props.json: The system cannot find the file specified.
[33m[WARN][0m 原版 liquid_props: 加载失败: open data\vanilla\liquid_props.json: The system cannot find the file specified.
[33m[WARN][0m 原版 recipes: 加载失败: open data\vanilla\recipes.json: The system cannot find the file specified.
[33m[WARN][0m 原版 block_props: 加载失败: open data\vanilla\block_props.json: The system cannot find the file specified.
[33m[WARN][0m 原版 block_sizes: 加载失败: open data\vanilla\block_sizes.json: The system cannot find the file specified.
[33m[WARN][0m 原版 block_kinds: 加载失败: open data\vanilla\block_kinds.json: The system cannot find the file specified.
[33m[WARN][0m 原版 block_build: 加载失败: open data\vanilla\block_build.json: The system cannot find the file specified.
[32m[ OK ][0m 原版 profiles: data/vanilla/profiles.json
[32m[ OK ][0m 地图规则: mode=survival waves=true waveTimer=true waveSpacing=90.0s initialWave=0.0s
[32m[ OK ][0m 地图模型: assets\worlds\23315.msav (600x600)
[32m[ OK ][0m 玩家出生单位: typeId=1
[32m[ OK ][0m OP 列表: count=0
[32m[ OK ][0m WorldData 预载入: enabled=true max=30MB
[32m[ OK ][0m API: bind=0.0.0.0:8090 auth=false
[32m[ OK ][0m 服务端启动: 初始化完成
========================================
========================================
 地图加载详情
========================================
路径: assets\worlds\23315.msav
尺寸: 600x600  Tiles=360000
建筑: blocks=314566 builds=0 cores=0
实体: entities=0 units=0
类型: blockKinds=96 floorKinds=20 overlayKinds=6
MSAV: version=11 tags=23 rulesTag=true
数据: content=9689 patch=1554 rawMap=458917 rawEntities=26 markers=2 custom=4
========================================
========================================
服务器名称: mdt-server
当前地图:   assets\worlds\23315.msav
监听地址:   0.0.0.0:6567
本机IP:     192.168.0.101
API地址:    0.0.0.0:8090
输入 `help all` 查看完整帮助
========================================
控制台命令（输入 `help <分类>` 或 `help all`）:
分类: basic vanilla runtime admin plugin script data scheduler persist net sync api chat close
提示: 输入 `help basic` 查看常用命令
