mdt-server dev (none)
config=config.json cores=6 addr=0.0.0.0:6567 build=155 world=random vanilla=data/vanilla/profiles.json
workspace initialized: dirs=12 files=0
当前地图: assets\worlds\23315.msav
[script] 每日 GC 已关闭
[worldstream] found cores in content: 340(core-foundation) 344(core-acropolis) 78(core-zone) 341(core-nucleus) 339(core-shard) 343(core-citadel) 342(core-bastion) 
========================================
 启动报告
========================================
[32m[ OK ][0m 开发者日志: 已启用
[INFO][0m Mods: 未启用
[32m[ OK ][0m 原版 content IDs: entries=1288 path=data\vanilla\content_ids.json
[32m[ OK ][0m 原版 item_props: data/vanilla/item_props.json
[32m[ OK ][0m 原版 liquid_props: data/vanilla/liquid_props.json
[32m[ OK ][0m 原版 recipes: data/vanilla/recipes.json
[32m[ OK ][0m 原版 block_props: data/vanilla/block_props.json
[32m[ OK ][0m 原版 block_sizes: data/vanilla/block_sizes.json
[32m[ OK ][0m 原版 block_kinds: data/vanilla/block_kinds.json
[32m[ OK ][0m 原版 block_build: data/vanilla/block_build.json
[32m[ OK ][0m 原版 profiles: data/vanilla/profiles.json
[32m[ OK ][0m 地图规则: mode=survival waves=true waveTimer=true waveSpacing=90.0s initialWave=0.0s
[32m[ OK ][0m 地图模型: assets\worlds\23315.msav (600x600)
[32m[ OK ][0m 单位 ID 列表: count=39
[32m[ OK ][0m 玩家出生单位: typeId=36
[32m[ OK ][0m OP 列表: count=0
[32m[ OK ][0m WorldData 预载入: enabled=true max=30MB
[32m[ OK ][0m API: bind=0.0.0.0:8090 auth=false
[32m[ OK ][0m 服务端启动: 初始化完成
========================================
========================================
 地图加载详情
========================================
路径: assets\worlds\23315.msav
尺寸: 600x600  Tiles=360000
建筑: blocks=314566 builds=0 cores=0
实体: entities=0 units=0
类型: blockKinds=96 floorKinds=20 overlayKinds=6
MSAV: version=11 tags=23 rulesTag=true
数据: content=9689 patch=1554 rawMap=458917 rawEntities=26 markers=2 custom=4
========================================
========================================
 单位 ID 列表
========================================
0(dagger), 1(mace), 2(fortress), 3(scepter), 4(reign), 5(nova)
6(pulsar), 7(quasar), 8(vela), 9(corvus), 10(crawler), 11(atrax)
12(spiroct), 13(arkyid), 14(toxopid), 15(flare), 16(horizon), 17(zenith)
18(antumbra), 19(eclipse), 20(mono), 21(poly), 22(mega), 23(quad)
24(oct), 25(risso), 26(minke), 27(bryde), 28(sei), 29(omura)
30(retusa), 31(oxynoe), 32(cyerce), 33(aegires), 34(navanax), 35(alpha)
36(beta), 37(gamma), 38(block)
========================================
========================================
服务器名称: mdt-server
当前地图:   assets\worlds\23315.msav
监听地址:   0.0.0.0:6567
本机IP:     192.168.0.101
API地址:    0.0.0.0:8090
输入 `help all` 查看完整帮助
========================================
控制台命令（输入 `help <分类>` 或 `help all`）:
分类: basic vanilla runtime admin plugin script data scheduler persist net sync api chat close
提示: 输入 `help basic` 查看常用命令
用法: host random | host <地图名> | host <.msav 文件路径>
用法: host random | host <地图名> | host <.msav 文件路径>
[net] tcp accepted remote=10.147.17.101:53545 id=103581894
[net] udp registered remote=10.147.17.101:62853 id=103581894
[net] connect packet id=103581894 name="[#00ffffff]月[#8982edff]子[#87ceebff]芳 \uf7a9\uf7be" version=155 type="official" mods=0
[net] tx id=103581894 packet_id=0 type=*protocol.StreamBegin len=13 sendCompat=false recvCompat=false
[net] tx id=103581894 packet_id=1 type=*protocol.StreamChunk len=1110 sendCompat=false recvCompat=false
[net] tx id=103581894 packet_id=1 type=*protocol.StreamChunk len=1110 sendCompat=false recvCompat=false
[net] world handshake sent id=103581894
[net] connect confirm via clientSnapshot id=103581894
[net] connect confirm id=103581894
[net] sendPlayerSpawn sending id=103581894 tile=(39,22) playerID=1
[net] sendPlayerSpawn sent id=103581894
[net] tx-udp id=103581894 packet_id=43 type=*protocol.Remote_NetClient_entitySnapshot_32 len=159 sendCompat=false recvCompat=false
[net] tx id=103581894 packet_id=117 type=*protocol.Remote_NetClient_stateSnapshot_35 len=39 sendCompat=false recvCompat=false
[net] tx id=103581894 packet_id=13 type=*protocol.Remote_Tile_buildHealthUpdate_135 len=16 sendCompat=false recvCompat=false
[net] tx-udp id=103581894 packet_id=43 type=*protocol.Remote_NetClient_entitySnapshot_32 len=169 sendCompat=false recvCompat=false
[net] tx id=103581894 packet_id=117 type=*protocol.Remote_NetClient_stateSnapshot_35 len=39 sendCompat=false recvCompat=false
[net] tx-udp id=103581894 packet_id=43 type=*protocol.Remote_NetClient_entitySnapshot_32 len=168 sendCompat=false recvCompat=false
[net] tx id=103581894 packet_id=13 type=*protocol.Remote_Tile_buildHealthUpdate_135 len=40 sendCompat=false recvCompat=false
[net] tx-udp id=103581894 packet_id=43 type=*protocol.Remote_NetClient_entitySnapshot_32 len=168 sendCompat=false recvCompat=false
[net] tx id=103581894 packet_id=36 type=*protocol.Remote_ConstructBlock_deconstructFinish_136 len=15 sendCompat=false recvCompat=false
[net] tx id=103581894 packet_id=117 type=*protocol.Remote_NetClient_stateSnapshot_35 len=39 sendCompat=false recvCompat=false
[net] tx-udp id=103581894 packet_id=43 type=*protocol.Remote_NetClient_entitySnapshot_32 len=166 sendCompat=false recvCompat=false
[net] tx-udp id=103581894 packet_id=43 type=*protocol.Remote_NetClient_entitySnapshot_32 len=166 sendCompat=false recvCompat=false
[net] tx id=103581894 packet_id=117 type=*protocol.Remote_NetClient_stateSnapshot_35 len=39 sendCompat=false recvCompat=false
[net] tx-udp id=103581894 packet_id=43 type=*protocol.Remote_NetClient_entitySnapshot_32 len=166 sendCompat=false recvCompat=false
