mdt-server dev (none)
config=config.json cores=6 addr=0.0.0.0:6567 build=155 world=random vanilla=data/vanilla/profiles.json
workspace initialized: dirs=12 files=0
当前地图: ..\assets\worlds\file.msav
[script] 每日 GC 已关闭
========================================
 启动报告
========================================
[32m[ OK ][0m 开发者日志: 已启用
[INFO][0m Mods: 未启用
[32m[ OK ][0m 持久化地图恢复: assets\worlds\file.msav
[32m[ OK ][0m 原版 content IDs: entries=1288 path=data\vanilla\content_ids.json
[32m[ OK ][0m 原版 profiles: data/vanilla/profiles.json
[32m[ OK ][0m 地图模型: ..\assets\worlds\file.msav (500x500)
[32m[ OK ][0m 单位 ID 列表: count=39
[32m[ OK ][0m 玩家出生单位: typeId=35
[32m[ OK ][0m OP 列表: count=0
[32m[ OK ][0m API: bind=0.0.0.0:8090 auth=false
[32m[ OK ][0m 服务端启动: 初始化完成
========================================
========================================
 地图加载详情
========================================
路径: ..\assets\worlds\file.msav
尺寸: 500x500  Tiles=250000
建筑: blocks=11437 builds=0 cores=0
实体: entities=0 units=0
类型: blockKinds=112 floorKinds=69 overlayKinds=14
MSAV: version=11 tags=24 rulesTag=true
数据: content=9689 patch=1 rawMap=223198 rawEntities=739 markers=2 custom=4
========================================
========================================
 单位 ID 列表
========================================
0(dagger), 1(mace), 2(fortress), 3(scepter), 4(reign), 5(nova)
6(pulsar), 7(quasar), 8(vela), 9(corvus), 10(crawler), 11(atrax)
12(spiroct), 13(arkyid), 14(toxopid), 15(flare), 16(horizon), 17(zenith)
18(antumbra), 19(eclipse), 20(mono), 21(poly), 22(mega), 23(quad)
24(oct), 25(risso), 26(minke), 27(bryde), 28(sei), 29(omura)
30(retusa), 31(oxynoe), 32(cyerce), 33(aegires), 34(navanax), 35(alpha)
36(beta), 37(gamma), 38(block)
========================================
========================================
服务器名称: mdt-server
当前地图:   ..\assets\worlds\file.msav
监听地址:   0.0.0.0:6567
本机IP:     192.168.0.101
API地址:    0.0.0.0:8090
输入 `help all` 查看完整帮助
========================================
控制台命令（输入 `help <分类>` 或 `help all`）:
分类: basic vanilla runtime admin plugin script data scheduler persist net sync api chat close
提示: 输入 `help basic` 查看常用命令
[net] tcp accepted remote=10.147.17.101:55123 id=20977036
[net] udp registered remote=10.147.17.101:51711 id=20977036
[net] connect packet id=20977036 name="[#00ffffff]月[#8982edff]子[#87ceebff]芳 \uf7a9\uf7be" version=155 type="official" mods=0
[worldstream] found cores in content: 78(core-zone) 344(core-acropolis) 343(core-citadel) 341(core-nucleus) 339(core-shard) 340(core-foundation) 342(core-bastion) 
[net] tx id=20977036 packet_id=0 type=*protocol.StreamBegin len=13 sendCompat=false recvCompat=false
[net] tx id=20977036 packet_id=1 type=*protocol.StreamChunk len=1110 sendCompat=false recvCompat=false
[net] tx id=20977036 packet_id=1 type=*protocol.StreamChunk len=1110 sendCompat=false recvCompat=false
[net] tx id=20977036 packet_id=1 type=*protocol.StreamChunk len=1110 sendCompat=false recvCompat=false
[net] tx id=20977036 packet_id=1 type=*protocol.StreamChunk len=1110 sendCompat=false recvCompat=false
[net] tx id=20977036 packet_id=1 type=*protocol.StreamChunk len=1110 sendCompat=false recvCompat=false
[net] tx id=20977036 packet_id=1 type=*protocol.StreamChunk len=1110 sendCompat=false recvCompat=false
[net] tx id=20977036 packet_id=1 type=*protocol.StreamChunk len=1110 sendCompat=false recvCompat=false
[net] tx id=20977036 packet_id=1 type=*protocol.StreamChunk len=1110 sendCompat=false recvCompat=false
[net] tx id=20977036 packet_id=1 type=*protocol.StreamChunk len=1110 sendCompat=false recvCompat=false
[net] tx id=20977036 packet_id=1 type=*protocol.StreamChunk len=1110 sendCompat=false recvCompat=false
[net] tx id=20977036 packet_id=1 type=*protocol.StreamChunk len=1110 sendCompat=false recvCompat=false
[net] tx id=20977036 packet_id=1 type=*protocol.StreamChunk len=1110 sendCompat=false recvCompat=false
[net] tx id=20977036 packet_id=1 type=*protocol.StreamChunk len=1110 sendCompat=false recvCompat=false
[net] tx id=20977036 packet_id=1 type=*protocol.StreamChunk len=1110 sendCompat=false recvCompat=false
[net] tx id=20977036 packet_id=1 type=*protocol.StreamChunk len=1110 sendCompat=false recvCompat=false
[net] tx id=20977036 packet_id=1 type=*protocol.StreamChunk len=1110 sendCompat=false recvCompat=false
[net] tx id=20977036 packet_id=1 type=*protocol.StreamChunk len=1110 sendCompat=false recvCompat=false
[net] tx id=20977036 packet_id=1 type=*protocol.StreamChunk len=1110 sendCompat=false recvCompat=false
[net] tx id=20977036 packet_id=1 type=*protocol.StreamChunk len=1110 sendCompat=false recvCompat=false
[net] tx id=20977036 packet_id=1 type=*protocol.StreamChunk len=1110 sendCompat=false recvCompat=false
[net] tx id=20977036 packet_id=1 type=*protocol.StreamChunk len=1110 sendCompat=false recvCompat=false
[net] tx id=20977036 packet_id=1 type=*protocol.StreamChunk len=1110 sendCompat=false recvCompat=false
[net] tx id=20977036 packet_id=1 type=*protocol.StreamChunk len=1110 sendCompat=false recvCompat=false
[net] tx id=20977036 packet_id=1 type=*protocol.StreamChunk len=1110 sendCompat=false recvCompat=false
[net] tx id=20977036 packet_id=1 type=*protocol.StreamChunk len=1110 sendCompat=false recvCompat=false
[net] tx id=20977036 packet_id=1 type=*protocol.StreamChunk len=1110 sendCompat=false recvCompat=false
[net] tx id=20977036 packet_id=1 type=*protocol.StreamChunk len=1110 sendCompat=false recvCompat=false
[net] tx id=20977036 packet_id=1 type=*protocol.StreamChunk len=1110 sendCompat=false recvCompat=false
[net] tx id=20977036 packet_id=1 type=*protocol.StreamChunk len=1110 sendCompat=false recvCompat=false
[net] tx id=20977036 packet_id=1 type=*protocol.StreamChunk len=949 sendCompat=false recvCompat=false
[net] world handshake sent id=20977036
[net] connect confirm via clientSnapshot id=20977036
[net] sendPlayerSpawn sending id=20977036 tile=(1,1) playerID=1
[net] tx id=20977036 packet_id=68 type=*protocol.Remote_CoreBlock_playerSpawn_140 len=12 sendCompat=false recvCompat=false
[net] sendPlayerSpawn sent id=20977036
[net] connect confirm id=20977036
[net] tx-udp id=20977036 packet_id=43 type=*protocol.Remote_NetClient_entitySnapshot_32 len=159 sendCompat=false recvCompat=false
[net] tx id=20977036 packet_id=117 type=*protocol.Remote_NetClient_stateSnapshot_35 len=37 sendCompat=false recvCompat=false
[net] tcp accepted remote=10.147.17.101:55124 id=1651722446
[net] udp registered remote=10.147.17.101:59210 id=1651722446
[net] connect packet id=1651722446 name="[#00ffffff]月[#8982edff]子[#87ceebff]芳 \uf7a9\uf7be" version=155 type="official" mods=0
[net] tx id=1651722446 packet_id=0 type=*protocol.StreamBegin len=13 sendCompat=false recvCompat=false
[net] tx id=1651722446 packet_id=1 type=*protocol.StreamChunk len=1110 sendCompat=false recvCompat=false
[net] tx id=1651722446 packet_id=1 type=*protocol.StreamChunk len=1110 sendCompat=false recvCompat=false
[net] tx id=1651722446 packet_id=1 type=*protocol.StreamChunk len=1110 sendCompat=false recvCompat=false
[net] tx id=1651722446 packet_id=1 type=*protocol.StreamChunk len=1110 sendCompat=false recvCompat=false
[net] tx id=1651722446 packet_id=1 type=*protocol.StreamChunk len=1110 sendCompat=false recvCompat=false
[net] tx id=1651722446 packet_id=1 type=*protocol.StreamChunk len=1110 sendCompat=false recvCompat=false
[net] tx id=1651722446 packet_id=1 type=*protocol.StreamChunk len=1110 sendCompat=false recvCompat=false
[net] tx id=1651722446 packet_id=1 type=*protocol.StreamChunk len=1110 sendCompat=false recvCompat=false
[net] tx id=1651722446 packet_id=1 type=*protocol.StreamChunk len=1110 sendCompat=false recvCompat=false
[net] tx id=1651722446 packet_id=1 type=*protocol.StreamChunk len=1110 sendCompat=false recvCompat=false
[net] tx id=1651722446 packet_id=1 type=*protocol.StreamChunk len=1110 sendCompat=false recvCompat=false
[net] tx id=1651722446 packet_id=1 type=*protocol.StreamChunk len=1110 sendCompat=false recvCompat=false
[net] tx id=1651722446 packet_id=1 type=*protocol.StreamChunk len=1110 sendCompat=false recvCompat=false
[net] tx id=1651722446 packet_id=1 type=*protocol.StreamChunk len=1110 sendCompat=false recvCompat=false
[net] tx id=1651722446 packet_id=1 type=*protocol.StreamChunk len=1110 sendCompat=false recvCompat=false
[net] tx id=1651722446 packet_id=1 type=*protocol.StreamChunk len=1110 sendCompat=false recvCompat=false
[net] tx id=1651722446 packet_id=1 type=*protocol.StreamChunk len=1110 sendCompat=false recvCompat=false
[net] tx id=1651722446 packet_id=1 type=*protocol.StreamChunk len=1110 sendCompat=false recvCompat=false
[net] tx id=1651722446 packet_id=1 type=*protocol.StreamChunk len=1110 sendCompat=false recvCompat=false
[net] tx id=1651722446 packet_id=1 type=*protocol.StreamChunk len=1110 sendCompat=false recvCompat=false
[net] tx id=1651722446 packet_id=1 type=*protocol.StreamChunk len=1110 sendCompat=false recvCompat=false
[net] tx id=1651722446 packet_id=1 type=*protocol.StreamChunk len=1110 sendCompat=false recvCompat=false
[net] tx id=1651722446 packet_id=1 type=*protocol.StreamChunk len=1110 sendCompat=false recvCompat=false
[net] tx id=1651722446 packet_id=1 type=*protocol.StreamChunk len=1110 sendCompat=false recvCompat=false
[net] tx id=1651722446 packet_id=1 type=*protocol.StreamChunk len=1110 sendCompat=false recvCompat=false
[net] tx id=1651722446 packet_id=1 type=*protocol.StreamChunk len=1110 sendCompat=false recvCompat=false
[net] tx id=1651722446 packet_id=1 type=*protocol.StreamChunk len=1110 sendCompat=false recvCompat=false
[net] tx id=1651722446 packet_id=1 type=*protocol.StreamChunk len=1110 sendCompat=false recvCompat=false
[net] tx id=1651722446 packet_id=1 type=*protocol.StreamChunk len=1110 sendCompat=false recvCompat=false
[net] tx id=1651722446 packet_id=1 type=*protocol.StreamChunk len=950 sendCompat=false recvCompat=false
[net] world handshake sent id=1651722446
[net] connect confirm via clientSnapshot id=1651722446
[net] sendPlayerSpawn sending id=1651722446 tile=(1,1) playerID=2
[net] tx id=1651722446 packet_id=68 type=*protocol.Remote_CoreBlock_playerSpawn_140 len=12 sendCompat=false recvCompat=false
[net] sendPlayerSpawn sent id=1651722446
[net] connect confirm id=1651722446
[net] tx-udp id=1651722446 packet_id=43 type=*protocol.Remote_NetClient_entitySnapshot_32 len=200 sendCompat=false recvCompat=false
[net] tx id=1651722446 packet_id=117 type=*protocol.Remote_NetClient_stateSnapshot_35 len=37 sendCompat=false recvCompat=false
[net] tx-udp id=20977036 packet_id=43 type=*protocol.Remote_NetClient_entitySnapshot_32 len=210 sendCompat=false recvCompat=false
[net] tx-udp id=1651722446 packet_id=43 type=*protocol.Remote_NetClient_entitySnapshot_32 len=222 sendCompat=false recvCompat=false
[net] tx-udp id=20977036 packet_id=43 type=*protocol.Remote_NetClient_entitySnapshot_32 len=222 sendCompat=false recvCompat=false
[net] tx id=20977036 packet_id=117 type=*protocol.Remote_NetClient_stateSnapshot_35 len=37 sendCompat=false recvCompat=false
[net] tx id=1651722446 packet_id=106 type=*protocol.Remote_Tile_setTile_131 len=15 sendCompat=false recvCompat=false
[net] tx id=20977036 packet_id=106 type=*protocol.Remote_Tile_setTile_131 len=15 sendCompat=false recvCompat=false
[net] tx id=20977036 packet_id=13 type=*protocol.Remote_Tile_buildHealthUpdate_135 len=16 sendCompat=false recvCompat=false
[net] tx id=1651722446 packet_id=13 type=*protocol.Remote_Tile_buildHealthUpdate_135 len=16 sendCompat=false recvCompat=false
[net] tx-udp id=1651722446 packet_id=43 type=*protocol.Remote_NetClient_entitySnapshot_32 len=222 sendCompat=false recvCompat=false
[feature] core item I/O is not fully simulated yet (setTileItems/requestItem packets may be dropped)
[net] tx id=1651722446 packet_id=13 type=*protocol.Remote_Tile_buildHealthUpdate_135 len=16 sendCompat=false recvCompat=false
[net] tx id=20977036 packet_id=13 type=*protocol.Remote_Tile_buildHealthUpdate_135 len=16 sendCompat=false recvCompat=false
[net] tx id=1651722446 packet_id=106 type=*protocol.Remote_Tile_setTile_131 len=15 sendCompat=false recvCompat=false
[net] tx id=20977036 packet_id=106 type=*protocol.Remote_Tile_setTile_131 len=15 sendCompat=false recvCompat=false
[net] tx-udp id=20977036 packet_id=43 type=*protocol.Remote_NetClient_entitySnapshot_32 len=221 sendCompat=false recvCompat=false
[net] tx id=1651722446 packet_id=13 type=*protocol.Remote_Tile_buildHealthUpdate_135 len=16 sendCompat=false recvCompat=false
[net] tx id=20977036 packet_id=13 type=*protocol.Remote_Tile_buildHealthUpdate_135 len=16 sendCompat=false recvCompat=false
[net] tx id=1651722446 packet_id=106 type=*protocol.Remote_Tile_setTile_131 len=15 sendCompat=false recvCompat=false
[net] tx id=20977036 packet_id=106 type=*protocol.Remote_Tile_setTile_131 len=15 sendCompat=false recvCompat=false
[net] tx id=1651722446 packet_id=13 type=*protocol.Remote_Tile_buildHealthUpdate_135 len=16 sendCompat=false recvCompat=false
[net] tx id=20977036 packet_id=13 type=*protocol.Remote_Tile_buildHealthUpdate_135 len=16 sendCompat=false recvCompat=false
[net] tx id=1651722446 packet_id=106 type=*protocol.Remote_Tile_setTile_131 len=15 sendCompat=false recvCompat=false
[net] tx id=20977036 packet_id=106 type=*protocol.Remote_Tile_setTile_131 len=15 sendCompat=false recvCompat=false
[net] tx id=20977036 packet_id=13 type=*protocol.Remote_Tile_buildHealthUpdate_135 len=16 sendCompat=false recvCompat=false
[net] tx id=1651722446 packet_id=13 type=*protocol.Remote_Tile_buildHealthUpdate_135 len=16 sendCompat=false recvCompat=false
[net] tx id=20977036 packet_id=106 type=*protocol.Remote_Tile_setTile_131 len=15 sendCompat=false recvCompat=false
[net] tx id=1651722446 packet_id=106 type=*protocol.Remote_Tile_setTile_131 len=15 sendCompat=false recvCompat=false
[net] tx id=20977036 packet_id=13 type=*protocol.Remote_Tile_buildHealthUpdate_135 len=16 sendCompat=false recvCompat=false
[net] tx id=1651722446 packet_id=13 type=*protocol.Remote_Tile_buildHealthUpdate_135 len=16 sendCompat=false recvCompat=false
[net] tx id=20977036 packet_id=106 type=*protocol.Remote_Tile_setTile_131 len=15 sendCompat=false recvCompat=false
[net] tx id=1651722446 packet_id=106 type=*protocol.Remote_Tile_setTile_131 len=15 sendCompat=false recvCompat=false
[net] tx id=1651722446 packet_id=13 type=*protocol.Remote_Tile_buildHealthUpdate_135 len=16 sendCompat=false recvCompat=false
[net] tx id=20977036 packet_id=13 type=*protocol.Remote_Tile_buildHealthUpdate_135 len=16 sendCompat=false recvCompat=false
[net] tx id=20977036 packet_id=106 type=*protocol.Remote_Tile_setTile_131 len=15 sendCompat=false recvCompat=false
[net] tx id=1651722446 packet_id=106 type=*protocol.Remote_Tile_setTile_131 len=15 sendCompat=false recvCompat=false
[net] tx id=20977036 packet_id=13 type=*protocol.Remote_Tile_buildHealthUpdate_135 len=16 sendCompat=false recvCompat=false
[net] tx id=1651722446 packet_id=13 type=*protocol.Remote_Tile_buildHealthUpdate_135 len=16 sendCompat=false recvCompat=false
[net] tx id=1651722446 packet_id=106 type=*protocol.Remote_Tile_setTile_131 len=15 sendCompat=false recvCompat=false
[net] tx id=20977036 packet_id=106 type=*protocol.Remote_Tile_setTile_131 len=15 sendCompat=false recvCompat=false
[net] tx id=1651722446 packet_id=117 type=*protocol.Remote_NetClient_stateSnapshot_35 len=37 sendCompat=false recvCompat=false
[net] tx id=1651722446 packet_id=13 type=*protocol.Remote_Tile_buildHealthUpdate_135 len=16 sendCompat=false recvCompat=false
[net] tx id=20977036 packet_id=13 type=*protocol.Remote_Tile_buildHealthUpdate_135 len=16 sendCompat=false recvCompat=false
[net] tx id=1651722446 packet_id=106 type=*protocol.Remote_Tile_setTile_131 len=15 sendCompat=false recvCompat=false
[net] tx id=20977036 packet_id=106 type=*protocol.Remote_Tile_setTile_131 len=15 sendCompat=false recvCompat=false
[net] tx id=20977036 packet_id=13 type=*protocol.Remote_Tile_buildHealthUpdate_135 len=16 sendCompat=false recvCompat=false
[net] tx id=1651722446 packet_id=13 type=*protocol.Remote_Tile_buildHealthUpdate_135 len=16 sendCompat=false recvCompat=false
[net] tx id=20977036 packet_id=106 type=*protocol.Remote_Tile_setTile_131 len=15 sendCompat=false recvCompat=false
[net] tx id=1651722446 packet_id=106 type=*protocol.Remote_Tile_setTile_131 len=15 sendCompat=false recvCompat=false
[net] tx id=1651722446 packet_id=13 type=*protocol.Remote_Tile_buildHealthUpdate_135 len=16 sendCompat=false recvCompat=false
[net] tx id=20977036 packet_id=13 type=*protocol.Remote_Tile_buildHealthUpdate_135 len=16 sendCompat=false recvCompat=false
[net] tx id=20977036 packet_id=106 type=*protocol.Remote_Tile_setTile_131 len=15 sendCompat=false recvCompat=false
[net] tx id=1651722446 packet_id=106 type=*protocol.Remote_Tile_setTile_131 len=15 sendCompat=false recvCompat=false
[net] tx id=20977036 packet_id=13 type=*protocol.Remote_Tile_buildHealthUpdate_135 len=16 sendCompat=false recvCompat=false
[net] tx id=1651722446 packet_id=13 type=*protocol.Remote_Tile_buildHealthUpdate_135 len=16 sendCompat=false recvCompat=false
[net] tx id=1651722446 packet_id=106 type=*protocol.Remote_Tile_setTile_131 len=15 sendCompat=false recvCompat=false
[net] tx id=20977036 packet_id=106 type=*protocol.Remote_Tile_setTile_131 len=15 sendCompat=false recvCompat=false
[net] tx id=1651722446 packet_id=13 type=*protocol.Remote_Tile_buildHealthUpdate_135 len=16 sendCompat=false recvCompat=false
[net] tx id=20977036 packet_id=13 type=*protocol.Remote_Tile_buildHealthUpdate_135 len=16 sendCompat=false recvCompat=false
[net] tx id=1651722446 packet_id=106 type=*protocol.Remote_Tile_setTile_131 len=15 sendCompat=false recvCompat=false
[net] tx id=20977036 packet_id=106 type=*protocol.Remote_Tile_setTile_131 len=15 sendCompat=false recvCompat=false
[net] tx id=1651722446 packet_id=13 type=*protocol.Remote_Tile_buildHealthUpdate_135 len=16 sendCompat=false recvCompat=false
[net] tx id=20977036 packet_id=13 type=*protocol.Remote_Tile_buildHealthUpdate_135 len=16 sendCompat=false recvCompat=false
[net] tx-udp id=1651722446 packet_id=43 type=*protocol.Remote_NetClient_entitySnapshot_32 len=222 sendCompat=false recvCompat=false
[net] tx id=1651722446 packet_id=13 type=*protocol.Remote_Tile_buildHealthUpdate_135 len=16 sendCompat=false recvCompat=false
[net] tx id=20977036 packet_id=13 type=*protocol.Remote_Tile_buildHealthUpdate_135 len=16 sendCompat=false recvCompat=false
[net] tx id=1651722446 packet_id=106 type=*protocol.Remote_Tile_setTile_131 len=15 sendCompat=false recvCompat=false
[net] tx id=20977036 packet_id=106 type=*protocol.Remote_Tile_setTile_131 len=15 sendCompat=false recvCompat=false
[net] tx-udp id=20977036 packet_id=43 type=*protocol.Remote_NetClient_entitySnapshot_32 len=222 sendCompat=false recvCompat=false
[net] tx id=1651722446 packet_id=13 type=*protocol.Remote_Tile_buildHealthUpdate_135 len=16 sendCompat=false recvCompat=false
[net] tx id=20977036 packet_id=13 type=*protocol.Remote_Tile_buildHealthUpdate_135 len=16 sendCompat=false recvCompat=false
[net] tx id=1651722446 packet_id=106 type=*protocol.Remote_Tile_setTile_131 len=15 sendCompat=false recvCompat=false
[net] tx id=20977036 packet_id=106 type=*protocol.Remote_Tile_setTile_131 len=15 sendCompat=false recvCompat=false
[net] tx id=1651722446 packet_id=13 type=*protocol.Remote_Tile_buildHealthUpdate_135 len=16 sendCompat=false recvCompat=false
[net] tx id=20977036 packet_id=13 type=*protocol.Remote_Tile_buildHealthUpdate_135 len=16 sendCompat=false recvCompat=false
[net] tx id=1651722446 packet_id=106 type=*protocol.Remote_Tile_setTile_131 len=15 sendCompat=false recvCompat=false
[net] tx id=20977036 packet_id=106 type=*protocol.Remote_Tile_setTile_131 len=15 sendCompat=false recvCompat=false
[net] tx id=1651722446 packet_id=13 type=*protocol.Remote_Tile_buildHealthUpdate_135 len=766 sendCompat=false recvCompat=false
[net] tx id=20977036 packet_id=13 type=*protocol.Remote_Tile_buildHealthUpdate_135 len=766 sendCompat=false recvCompat=false
[net] tx id=1651722446 packet_id=106 type=*protocol.Remote_Tile_setTile_131 len=15 sendCompat=false recvCompat=false
[net] tx id=20977036 packet_id=106 type=*protocol.Remote_Tile_setTile_131 len=15 sendCompat=false recvCompat=false
[net] tx id=1651722446 packet_id=13 type=*protocol.Remote_Tile_buildHealthUpdate_135 len=16 sendCompat=false recvCompat=false
[net] tx id=20977036 packet_id=13 type=*protocol.Remote_Tile_buildHealthUpdate_135 len=16 sendCompat=false recvCompat=false
[net] tx id=1651722446 packet_id=106 type=*protocol.Remote_Tile_setTile_131 len=15 sendCompat=false recvCompat=false
[net] tx id=20977036 packet_id=106 type=*protocol.Remote_Tile_setTile_131 len=15 sendCompat=false recvCompat=false
[net] tx id=1651722446 packet_id=13 type=*protocol.Remote_Tile_buildHealthUpdate_135 len=16 sendCompat=false recvCompat=false
[net] tx id=20977036 packet_id=13 type=*protocol.Remote_Tile_buildHealthUpdate_135 len=16 sendCompat=false recvCompat=false
[net] tx id=1651722446 packet_id=106 type=*protocol.Remote_Tile_setTile_131 len=15 sendCompat=false recvCompat=false
[net] tx id=20977036 packet_id=106 type=*protocol.Remote_Tile_setTile_131 len=15 sendCompat=false recvCompat=false
[net] tx id=1651722446 packet_id=13 type=*protocol.Remote_Tile_buildHealthUpdate_135 len=16 sendCompat=false recvCompat=false
[net] tx id=20977036 packet_id=13 type=*protocol.Remote_Tile_buildHealthUpdate_135 len=16 sendCompat=false recvCompat=false
[net] tx id=20977036 packet_id=106 type=*protocol.Remote_Tile_setTile_131 len=15 sendCompat=false recvCompat=false
[net] tx id=1651722446 packet_id=106 type=*protocol.Remote_Tile_setTile_131 len=15 sendCompat=false recvCompat=false
[net] tx id=1651722446 packet_id=13 type=*protocol.Remote_Tile_buildHealthUpdate_135 len=16 sendCompat=false recvCompat=false
[net] tx id=20977036 packet_id=13 type=*protocol.Remote_Tile_buildHealthUpdate_135 len=16 sendCompat=false recvCompat=false
[net] tx id=20977036 packet_id=106 type=*protocol.Remote_Tile_setTile_131 len=15 sendCompat=false recvCompat=false
[net] tx id=1651722446 packet_id=106 type=*protocol.Remote_Tile_setTile_131 len=15 sendCompat=false recvCompat=false
[net] tx id=20977036 packet_id=13 type=*protocol.Remote_Tile_buildHealthUpdate_135 len=16 sendCompat=false recvCompat=false
[net] tx id=1651722446 packet_id=13 type=*protocol.Remote_Tile_buildHealthUpdate_135 len=16 sendCompat=false recvCompat=false
[net] tx id=20977036 packet_id=106 type=*protocol.Remote_Tile_setTile_131 len=15 sendCompat=false recvCompat=false
[net] tx id=1651722446 packet_id=106 type=*protocol.Remote_Tile_setTile_131 len=15 sendCompat=false recvCompat=false
[net] tx id=20977036 packet_id=13 type=*protocol.Remote_Tile_buildHealthUpdate_135 len=16 sendCompat=false recvCompat=false
[net] tx id=1651722446 packet_id=13 type=*protocol.Remote_Tile_buildHealthUpdate_135 len=16 sendCompat=false recvCompat=false
[net] tx id=20977036 packet_id=106 type=*protocol.Remote_Tile_setTile_131 len=15 sendCompat=false recvCompat=false
[net] tx id=1651722446 packet_id=106 type=*protocol.Remote_Tile_setTile_131 len=15 sendCompat=false recvCompat=false
[net] tx id=20977036 packet_id=13 type=*protocol.Remote_Tile_buildHealthUpdate_135 len=16 sendCompat=false recvCompat=false
[net] tx id=1651722446 packet_id=13 type=*protocol.Remote_Tile_buildHealthUpdate_135 len=16 sendCompat=false recvCompat=false
[net] tx id=1651722446 packet_id=106 type=*protocol.Remote_Tile_setTile_131 len=15 sendCompat=false recvCompat=false
[net] tx id=20977036 packet_id=106 type=*protocol.Remote_Tile_setTile_131 len=15 sendCompat=false recvCompat=false
[net] tx id=1651722446 packet_id=13 type=*protocol.Remote_Tile_buildHealthUpdate_135 len=16 sendCompat=false recvCompat=false
[net] tx id=20977036 packet_id=13 type=*protocol.Remote_Tile_buildHealthUpdate_135 len=16 sendCompat=false recvCompat=false
[net] tx id=20977036 packet_id=106 type=*protocol.Remote_Tile_setTile_131 len=15 sendCompat=false recvCompat=false
[net] tx id=1651722446 packet_id=106 type=*protocol.Remote_Tile_setTile_131 len=15 sendCompat=false recvCompat=false
[net] tx id=20977036 packet_id=13 type=*protocol.Remote_Tile_buildHealthUpdate_135 len=16 sendCompat=false recvCompat=false
[net] tx id=1651722446 packet_id=13 type=*protocol.Remote_Tile_buildHealthUpdate_135 len=16 sendCompat=false recvCompat=false
[net] tx id=20977036 packet_id=106 type=*protocol.Remote_Tile_setTile_131 len=15 sendCompat=false recvCompat=false
[net] tx id=1651722446 packet_id=106 type=*protocol.Remote_Tile_setTile_131 len=15 sendCompat=false recvCompat=false
[net] tx id=20977036 packet_id=13 type=*protocol.Remote_Tile_buildHealthUpdate_135 len=16 sendCompat=false recvCompat=false
[net] tx id=1651722446 packet_id=13 type=*protocol.Remote_Tile_buildHealthUpdate_135 len=16 sendCompat=false recvCompat=false
[net] tx-udp id=1651722446 packet_id=43 type=*protocol.Remote_NetClient_entitySnapshot_32 len=232 sendCompat=false recvCompat=false
[net] tx id=1651722446 packet_id=13 type=*protocol.Remote_Tile_buildHealthUpdate_135 len=16 sendCompat=false recvCompat=false
[net] tx id=20977036 packet_id=13 type=*protocol.Remote_Tile_buildHealthUpdate_135 len=16 sendCompat=false recvCompat=false
[net] tx id=1651722446 packet_id=106 type=*protocol.Remote_Tile_setTile_131 len=15 sendCompat=false recvCompat=false
[net] tx id=20977036 packet_id=106 type=*protocol.Remote_Tile_setTile_131 len=15 sendCompat=false recvCompat=false
[net] tx-udp id=20977036 packet_id=43 type=*protocol.Remote_NetClient_entitySnapshot_32 len=240 sendCompat=false recvCompat=false
[net] tx id=20977036 packet_id=13 type=*protocol.Remote_Tile_buildHealthUpdate_135 len=16 sendCompat=false recvCompat=false
[net] tx id=1651722446 packet_id=13 type=*protocol.Remote_Tile_buildHealthUpdate_135 len=16 sendCompat=false recvCompat=false
[net] tx id=20977036 packet_id=106 type=*protocol.Remote_Tile_setTile_131 len=15 sendCompat=false recvCompat=false
[net] tx id=1651722446 packet_id=106 type=*protocol.Remote_Tile_setTile_131 len=15 sendCompat=false recvCompat=false
[net] tx id=20977036 packet_id=117 type=*protocol.Remote_NetClient_stateSnapshot_35 len=37 sendCompat=false recvCompat=false
[net] tx id=1651722446 packet_id=13 type=*protocol.Remote_Tile_buildHealthUpdate_135 len=16 sendCompat=false recvCompat=false
[net] tx id=20977036 packet_id=13 type=*protocol.Remote_Tile_buildHealthUpdate_135 len=16 sendCompat=false recvCompat=false
[net] tx id=1651722446 packet_id=106 type=*protocol.Remote_Tile_setTile_131 len=15 sendCompat=false recvCompat=false
[net] tx id=20977036 packet_id=106 type=*protocol.Remote_Tile_setTile_131 len=15 sendCompat=false recvCompat=false
[net] tx id=1651722446 packet_id=13 type=*protocol.Remote_Tile_buildHealthUpdate_135 len=16 sendCompat=false recvCompat=false
[net] tx id=20977036 packet_id=13 type=*protocol.Remote_Tile_buildHealthUpdate_135 len=16 sendCompat=false recvCompat=false
[net] tx id=1651722446 packet_id=106 type=*protocol.Remote_Tile_setTile_131 len=15 sendCompat=false recvCompat=false
[net] tx id=20977036 packet_id=106 type=*protocol.Remote_Tile_setTile_131 len=15 sendCompat=false recvCompat=false
[net] tx-udp id=1651722446 packet_id=43 type=*protocol.Remote_NetClient_entitySnapshot_32 len=234 sendCompat=false recvCompat=false
[net] tx id=1651722446 packet_id=117 type=*protocol.Remote_NetClient_stateSnapshot_35 len=37 sendCompat=false recvCompat=false
[net] tx-udp id=20977036 packet_id=43 type=*protocol.Remote_NetClient_entitySnapshot_32 len=234 sendCompat=false recvCompat=false
[net] tx id=1651722446 packet_id=13 type=*protocol.Remote_Tile_buildHealthUpdate_135 len=16 sendCompat=false recvCompat=false
[net] tx id=20977036 packet_id=13 type=*protocol.Remote_Tile_buildHealthUpdate_135 len=16 sendCompat=false recvCompat=false
[net] tx id=1651722446 packet_id=106 type=*protocol.Remote_Tile_setTile_131 len=15 sendCompat=false recvCompat=false
[net] tx id=20977036 packet_id=106 type=*protocol.Remote_Tile_setTile_131 len=15 sendCompat=false recvCompat=false
[net] tx id=1651722446 packet_id=13 type=*protocol.Remote_Tile_buildHealthUpdate_135 len=16 sendCompat=false recvCompat=false
[net] tx id=20977036 packet_id=13 type=*protocol.Remote_Tile_buildHealthUpdate_135 len=16 sendCompat=false recvCompat=false
[net] tx id=1651722446 packet_id=106 type=*protocol.Remote_Tile_setTile_131 len=15 sendCompat=false recvCompat=false
[net] tx id=20977036 packet_id=106 type=*protocol.Remote_Tile_setTile_131 len=15 sendCompat=false recvCompat=false
[net] tx id=1651722446 packet_id=13 type=*protocol.Remote_Tile_buildHealthUpdate_135 len=466 sendCompat=false recvCompat=false
[net] tx id=20977036 packet_id=13 type=*protocol.Remote_Tile_buildHealthUpdate_135 len=466 sendCompat=false recvCompat=false
[net] tx-udp id=1651722446 packet_id=43 type=*protocol.Remote_NetClient_entitySnapshot_32 len=232 sendCompat=false recvCompat=false
[net] tx-udp id=20977036 packet_id=43 type=*protocol.Remote_NetClient_entitySnapshot_32 len=232 sendCompat=false recvCompat=false
[net] tx id=20977036 packet_id=117 type=*protocol.Remote_NetClient_stateSnapshot_35 len=37 sendCompat=false recvCompat=false
[net] tx-udp id=1651722446 packet_id=43 type=*protocol.Remote_NetClient_entitySnapshot_32 len=219 sendCompat=false recvCompat=false
[net] tx-udp id=20977036 packet_id=43 type=*protocol.Remote_NetClient_entitySnapshot_32 len=219 sendCompat=false recvCompat=false
[net] tx id=20977036 packet_id=106 type=*protocol.Remote_Tile_setTile_131 len=15 sendCompat=false recvCompat=false
[net] tx id=20977036 packet_id=13 type=*protocol.Remote_Tile_buildHealthUpdate_135 len=16 sendCompat=false recvCompat=false
[net] tx id=1651722446 packet_id=106 type=*protocol.Remote_Tile_setTile_131 len=15 sendCompat=false recvCompat=false
[net] tx id=1651722446 packet_id=13 type=*protocol.Remote_Tile_buildHealthUpdate_135 len=16 sendCompat=false recvCompat=false
[net] tx id=20977036 packet_id=13 type=*protocol.Remote_Tile_buildHealthUpdate_135 len=16 sendCompat=false recvCompat=false
[net] tx id=1651722446 packet_id=13 type=*protocol.Remote_Tile_buildHealthUpdate_135 len=16 sendCompat=false recvCompat=false
[net] tx id=20977036 packet_id=106 type=*protocol.Remote_Tile_setTile_131 len=15 sendCompat=false recvCompat=false
[net] tx id=1651722446 packet_id=106 type=*protocol.Remote_Tile_setTile_131 len=15 sendCompat=false recvCompat=false
[net] tx id=1651722446 packet_id=117 type=*protocol.Remote_NetClient_stateSnapshot_35 len=37 sendCompat=false recvCompat=false
[net] tx id=20977036 packet_id=13 type=*protocol.Remote_Tile_buildHealthUpdate_135 len=16 sendCompat=false recvCompat=false
[net] tx id=1651722446 packet_id=13 type=*protocol.Remote_Tile_buildHealthUpdate_135 len=16 sendCompat=false recvCompat=false
[net] tx id=20977036 packet_id=106 type=*protocol.Remote_Tile_setTile_131 len=15 sendCompat=false recvCompat=false
[net] tx id=1651722446 packet_id=106 type=*protocol.Remote_Tile_setTile_131 len=15 sendCompat=false recvCompat=false
[net] tx id=1651722446 packet_id=13 type=*protocol.Remote_Tile_buildHealthUpdate_135 len=16 sendCompat=false recvCompat=false
[net] tx id=20977036 packet_id=13 type=*protocol.Remote_Tile_buildHealthUpdate_135 len=16 sendCompat=false recvCompat=false
[net] tx id=20977036 packet_id=106 type=*protocol.Remote_Tile_setTile_131 len=15 sendCompat=false recvCompat=false
[net] tx id=1651722446 packet_id=106 type=*protocol.Remote_Tile_setTile_131 len=15 sendCompat=false recvCompat=false
[net] tx id=20977036 packet_id=13 type=*protocol.Remote_Tile_buildHealthUpdate_135 len=16 sendCompat=false recvCompat=false
[net] tx id=1651722446 packet_id=13 type=*protocol.Remote_Tile_buildHealthUpdate_135 len=16 sendCompat=false recvCompat=false
[net] tx id=20977036 packet_id=106 type=*protocol.Remote_Tile_setTile_131 len=15 sendCompat=false recvCompat=false
[net] tx id=1651722446 packet_id=106 type=*protocol.Remote_Tile_setTile_131 len=15 sendCompat=false recvCompat=false
[net] tx id=1651722446 packet_id=13 type=*protocol.Remote_Tile_buildHealthUpdate_135 len=16 sendCompat=false recvCompat=false
[net] tx id=20977036 packet_id=13 type=*protocol.Remote_Tile_buildHealthUpdate_135 len=16 sendCompat=false recvCompat=false
[net] tx id=1651722446 packet_id=106 type=*protocol.Remote_Tile_setTile_131 len=15 sendCompat=false recvCompat=false
[net] tx id=20977036 packet_id=106 type=*protocol.Remote_Tile_setTile_131 len=15 sendCompat=false recvCompat=false
[net] tx id=20977036 packet_id=13 type=*protocol.Remote_Tile_buildHealthUpdate_135 len=646 sendCompat=false recvCompat=false
[net] tx id=1651722446 packet_id=13 type=*protocol.Remote_Tile_buildHealthUpdate_135 len=646 sendCompat=false recvCompat=false
[net] tx id=1651722446 packet_id=106 type=*protocol.Remote_Tile_setTile_131 len=15 sendCompat=false recvCompat=false
[net] tx id=20977036 packet_id=106 type=*protocol.Remote_Tile_setTile_131 len=15 sendCompat=false recvCompat=false
[net] tx id=20977036 packet_id=13 type=*protocol.Remote_Tile_buildHealthUpdate_135 len=16 sendCompat=false recvCompat=false
[net] tx id=1651722446 packet_id=13 type=*protocol.Remote_Tile_buildHealthUpdate_135 len=16 sendCompat=false recvCompat=false
[net] tx id=1651722446 packet_id=106 type=*protocol.Remote_Tile_setTile_131 len=15 sendCompat=false recvCompat=false
[net] tx id=20977036 packet_id=106 type=*protocol.Remote_Tile_setTile_131 len=15 sendCompat=false recvCompat=false
[net] tx-udp id=1651722446 packet_id=43 type=*protocol.Remote_NetClient_entitySnapshot_32 len=219 sendCompat=false recvCompat=false
[net] tx id=20977036 packet_id=13 type=*protocol.Remote_Tile_buildHealthUpdate_135 len=16 sendCompat=false recvCompat=false
[net] tx id=1651722446 packet_id=13 type=*protocol.Remote_Tile_buildHealthUpdate_135 len=16 sendCompat=false recvCompat=false
[net] tx id=20977036 packet_id=106 type=*protocol.Remote_Tile_setTile_131 len=15 sendCompat=false recvCompat=false
[net] tx id=1651722446 packet_id=106 type=*protocol.Remote_Tile_setTile_131 len=15 sendCompat=false recvCompat=false
[net] tx id=20977036 packet_id=13 type=*protocol.Remote_Tile_buildHealthUpdate_135 len=16 sendCompat=false recvCompat=false
[net] tx id=1651722446 packet_id=13 type=*protocol.Remote_Tile_buildHealthUpdate_135 len=16 sendCompat=false recvCompat=false
[net] tx-udp id=20977036 packet_id=43 type=*protocol.Remote_NetClient_entitySnapshot_32 len=231 sendCompat=false recvCompat=false
[net] tx id=1651722446 packet_id=106 type=*protocol.Remote_Tile_setTile_131 len=15 sendCompat=false recvCompat=false
[net] tx id=20977036 packet_id=106 type=*protocol.Remote_Tile_setTile_131 len=15 sendCompat=false recvCompat=false
[net] tx id=1651722446 packet_id=13 type=*protocol.Remote_Tile_buildHealthUpdate_135 len=16 sendCompat=false recvCompat=false
[net] tx id=20977036 packet_id=13 type=*protocol.Remote_Tile_buildHealthUpdate_135 len=16 sendCompat=false recvCompat=false
[net] tx id=1651722446 packet_id=106 type=*protocol.Remote_Tile_setTile_131 len=15 sendCompat=false recvCompat=false
[net] tx id=20977036 packet_id=106 type=*protocol.Remote_Tile_setTile_131 len=15 sendCompat=false recvCompat=false
[net] tx id=1651722446 packet_id=13 type=*protocol.Remote_Tile_buildHealthUpdate_135 len=16 sendCompat=false recvCompat=false
[net] tx id=20977036 packet_id=13 type=*protocol.Remote_Tile_buildHealthUpdate_135 len=16 sendCompat=false recvCompat=false
[net] tx id=20977036 packet_id=106 type=*protocol.Remote_Tile_setTile_131 len=15 sendCompat=false recvCompat=false
[net] tx id=1651722446 packet_id=106 type=*protocol.Remote_Tile_setTile_131 len=15 sendCompat=false recvCompat=false
[net] tx id=1651722446 packet_id=13 type=*protocol.Remote_Tile_buildHealthUpdate_135 len=16 sendCompat=false recvCompat=false
[net] tx id=20977036 packet_id=13 type=*protocol.Remote_Tile_buildHealthUpdate_135 len=16 sendCompat=false recvCompat=false
[net] tx id=20977036 packet_id=106 type=*protocol.Remote_Tile_setTile_131 len=15 sendCompat=false recvCompat=false
[net] tx id=1651722446 packet_id=106 type=*protocol.Remote_Tile_setTile_131 len=15 sendCompat=false recvCompat=false
[net] tx id=20977036 packet_id=13 type=*protocol.Remote_Tile_buildHealthUpdate_135 len=16 sendCompat=false recvCompat=false
[net] tx id=1651722446 packet_id=13 type=*protocol.Remote_Tile_buildHealthUpdate_135 len=16 sendCompat=false recvCompat=false
[net] tx id=20977036 packet_id=106 type=*protocol.Remote_Tile_setTile_131 len=15 sendCompat=false recvCompat=false
[net] tx id=1651722446 packet_id=106 type=*protocol.Remote_Tile_setTile_131 len=15 sendCompat=false recvCompat=false
[net] tx id=20977036 packet_id=13 type=*protocol.Remote_Tile_buildHealthUpdate_135 len=16 sendCompat=false recvCompat=false
[net] tx id=1651722446 packet_id=13 type=*protocol.Remote_Tile_buildHealthUpdate_135 len=16 sendCompat=false recvCompat=false
[net] tx id=20977036 packet_id=106 type=*protocol.Remote_Tile_setTile_131 len=15 sendCompat=false recvCompat=false
[net] tx id=1651722446 packet_id=106 type=*protocol.Remote_Tile_setTile_131 len=15 sendCompat=false recvCompat=false
[net] tx id=20977036 packet_id=13 type=*protocol.Remote_Tile_buildHealthUpdate_135 len=16 sendCompat=false recvCompat=false
[net] tx id=1651722446 packet_id=13 type=*protocol.Remote_Tile_buildHealthUpdate_135 len=16 sendCompat=false recvCompat=false
[net] tx id=20977036 packet_id=13 type=*protocol.Remote_Tile_buildHealthUpdate_135 len=16 sendCompat=false recvCompat=false
[net] tx id=1651722446 packet_id=13 type=*protocol.Remote_Tile_buildHealthUpdate_135 len=16 sendCompat=false recvCompat=false
[net] tx id=20977036 packet_id=106 type=*protocol.Remote_Tile_setTile_131 len=15 sendCompat=false recvCompat=false
[net] tx id=1651722446 packet_id=106 type=*protocol.Remote_Tile_setTile_131 len=15 sendCompat=false recvCompat=false
[net] tx id=20977036 packet_id=13 type=*protocol.Remote_Tile_buildHealthUpdate_135 len=16 sendCompat=false recvCompat=false
[net] tx id=1651722446 packet_id=13 type=*protocol.Remote_Tile_buildHealthUpdate_135 len=16 sendCompat=false recvCompat=false
[net] tx id=20977036 packet_id=106 type=*protocol.Remote_Tile_setTile_131 len=15 sendCompat=false recvCompat=false
[net] tx id=1651722446 packet_id=106 type=*protocol.Remote_Tile_setTile_131 len=15 sendCompat=false recvCompat=false
[net] tx id=20977036 packet_id=13 type=*protocol.Remote_Tile_buildHealthUpdate_135 len=16 sendCompat=false recvCompat=false
[net] tx id=1651722446 packet_id=13 type=*protocol.Remote_Tile_buildHealthUpdate_135 len=16 sendCompat=false recvCompat=false
[net] tx id=20977036 packet_id=106 type=*protocol.Remote_Tile_setTile_131 len=15 sendCompat=false recvCompat=false
[net] tx id=1651722446 packet_id=106 type=*protocol.Remote_Tile_setTile_131 len=15 sendCompat=false recvCompat=false
[net] tx id=1651722446 packet_id=13 type=*protocol.Remote_Tile_buildHealthUpdate_135 len=16 sendCompat=false recvCompat=false
[net] tx id=20977036 packet_id=13 type=*protocol.Remote_Tile_buildHealthUpdate_135 len=16 sendCompat=false recvCompat=false
[net] tx id=1651722446 packet_id=106 type=*protocol.Remote_Tile_setTile_131 len=15 sendCompat=false recvCompat=false
[net] tx id=20977036 packet_id=106 type=*protocol.Remote_Tile_setTile_131 len=15 sendCompat=false recvCompat=false
[net] tx id=1651722446 packet_id=13 type=*protocol.Remote_Tile_buildHealthUpdate_135 len=16 sendCompat=false recvCompat=false
[net] tx id=20977036 packet_id=13 type=*protocol.Remote_Tile_buildHealthUpdate_135 len=16 sendCompat=false recvCompat=false
[net] tx id=1651722446 packet_id=106 type=*protocol.Remote_Tile_setTile_131 len=15 sendCompat=false recvCompat=false
[net] tx id=20977036 packet_id=106 type=*protocol.Remote_Tile_setTile_131 len=15 sendCompat=false recvCompat=false
[net] tx id=20977036 packet_id=13 type=*protocol.Remote_Tile_buildHealthUpdate_135 len=16 sendCompat=false recvCompat=false
[net] tx id=1651722446 packet_id=13 type=*protocol.Remote_Tile_buildHealthUpdate_135 len=16 sendCompat=false recvCompat=false
[net] tx id=20977036 packet_id=106 type=*protocol.Remote_Tile_setTile_131 len=15 sendCompat=false recvCompat=false
[net] tx id=1651722446 packet_id=106 type=*protocol.Remote_Tile_setTile_131 len=15 sendCompat=false recvCompat=false
[net] tx id=1651722446 packet_id=13 type=*protocol.Remote_Tile_buildHealthUpdate_135 len=16 sendCompat=false recvCompat=false
[net] tx id=20977036 packet_id=13 type=*protocol.Remote_Tile_buildHealthUpdate_135 len=16 sendCompat=false recvCompat=false
[net] tx id=20977036 packet_id=106 type=*protocol.Remote_Tile_setTile_131 len=15 sendCompat=false recvCompat=false
[net] tx id=1651722446 packet_id=106 type=*protocol.Remote_Tile_setTile_131 len=15 sendCompat=false recvCompat=false
[net] tx id=20977036 packet_id=13 type=*protocol.Remote_Tile_buildHealthUpdate_135 len=16 sendCompat=false recvCompat=false
[net] tx id=1651722446 packet_id=13 type=*protocol.Remote_Tile_buildHealthUpdate_135 len=16 sendCompat=false recvCompat=false
[net] tx id=20977036 packet_id=106 type=*protocol.Remote_Tile_setTile_131 len=15 sendCompat=false recvCompat=false
[net] tx id=1651722446 packet_id=106 type=*protocol.Remote_Tile_setTile_131 len=15 sendCompat=false recvCompat=false
[net] tx-udp id=1651722446 packet_id=43 type=*protocol.Remote_NetClient_entitySnapshot_32 len=220 sendCompat=false recvCompat=false
[net] tx id=20977036 packet_id=13 type=*protocol.Remote_Tile_buildHealthUpdate_135 len=16 sendCompat=false recvCompat=false
[net] tx id=1651722446 packet_id=13 type=*protocol.Remote_Tile_buildHealthUpdate_135 len=16 sendCompat=false recvCompat=false
[net] tx id=20977036 packet_id=106 type=*protocol.Remote_Tile_setTile_131 len=15 sendCompat=false recvCompat=false
[net] tx id=1651722446 packet_id=106 type=*protocol.Remote_Tile_setTile_131 len=15 sendCompat=false recvCompat=false
[net] tx-udp id=20977036 packet_id=43 type=*protocol.Remote_NetClient_entitySnapshot_32 len=230 sendCompat=false recvCompat=false
[net] tx id=20977036 packet_id=13 type=*protocol.Remote_Tile_buildHealthUpdate_135 len=16 sendCompat=false recvCompat=false
[net] tx id=1651722446 packet_id=13 type=*protocol.Remote_Tile_buildHealthUpdate_135 len=16 sendCompat=false recvCompat=false
[net] tx id=1651722446 packet_id=106 type=*protocol.Remote_Tile_setTile_131 len=15 sendCompat=false recvCompat=false
[net] tx id=20977036 packet_id=106 type=*protocol.Remote_Tile_setTile_131 len=15 sendCompat=false recvCompat=false
[net] tx id=1651722446 packet_id=13 type=*protocol.Remote_Tile_buildHealthUpdate_135 len=16 sendCompat=false recvCompat=false
[net] tx id=20977036 packet_id=13 type=*protocol.Remote_Tile_buildHealthUpdate_135 len=16 sendCompat=false recvCompat=false
[net] tx id=20977036 packet_id=117 type=*protocol.Remote_NetClient_stateSnapshot_35 len=37 sendCompat=false recvCompat=false
[net] tx id=20977036 packet_id=106 type=*protocol.Remote_Tile_setTile_131 len=15 sendCompat=false recvCompat=false
[net] tx id=1651722446 packet_id=106 type=*protocol.Remote_Tile_setTile_131 len=15 sendCompat=false recvCompat=false
[net] tx id=20977036 packet_id=13 type=*protocol.Remote_Tile_buildHealthUpdate_135 len=16 sendCompat=false recvCompat=false
[net] tx id=1651722446 packet_id=13 type=*protocol.Remote_Tile_buildHealthUpdate_135 len=16 sendCompat=false recvCompat=false
[net] tx id=20977036 packet_id=106 type=*protocol.Remote_Tile_setTile_131 len=15 sendCompat=false recvCompat=false
[net] tx id=1651722446 packet_id=106 type=*protocol.Remote_Tile_setTile_131 len=15 sendCompat=false recvCompat=false
[net] tx id=20977036 packet_id=13 type=*protocol.Remote_Tile_buildHealthUpdate_135 len=16 sendCompat=false recvCompat=false
[net] tx id=1651722446 packet_id=13 type=*protocol.Remote_Tile_buildHealthUpdate_135 len=16 sendCompat=false recvCompat=false
[net] tx id=20977036 packet_id=106 type=*protocol.Remote_Tile_setTile_131 len=15 sendCompat=false recvCompat=false
[net] tx id=1651722446 packet_id=106 type=*protocol.Remote_Tile_setTile_131 len=15 sendCompat=false recvCompat=false
[net] tx id=20977036 packet_id=13 type=*protocol.Remote_Tile_buildHealthUpdate_135 len=743 sendCompat=false recvCompat=false
[net] tx id=1651722446 packet_id=13 type=*protocol.Remote_Tile_buildHealthUpdate_135 len=743 sendCompat=false recvCompat=false
[net] tx id=20977036 packet_id=106 type=*protocol.Remote_Tile_setTile_131 len=15 sendCompat=false recvCompat=false
[net] tx id=1651722446 packet_id=106 type=*protocol.Remote_Tile_setTile_131 len=15 sendCompat=false recvCompat=false
[net] tx id=1651722446 packet_id=13 type=*protocol.Remote_Tile_buildHealthUpdate_135 len=16 sendCompat=false recvCompat=false
[net] tx id=20977036 packet_id=13 type=*protocol.Remote_Tile_buildHealthUpdate_135 len=16 sendCompat=false recvCompat=false
[net] tx-udp id=1651722446 packet_id=43 type=*protocol.Remote_NetClient_entitySnapshot_32 len=231 sendCompat=false recvCompat=false
[net] tx id=1651722446 packet_id=117 type=*protocol.Remote_NetClient_stateSnapshot_35 len=37 sendCompat=false recvCompat=false
[net] tx-udp id=20977036 packet_id=43 type=*protocol.Remote_NetClient_entitySnapshot_32 len=231 sendCompat=false recvCompat=false
[net] tx id=1651722446 packet_id=13 type=*protocol.Remote_Tile_buildHealthUpdate_135 len=16 sendCompat=false recvCompat=false
[net] tx id=20977036 packet_id=13 type=*protocol.Remote_Tile_buildHealthUpdate_135 len=16 sendCompat=false recvCompat=false
[net] tx id=1651722446 packet_id=106 type=*protocol.Remote_Tile_setTile_131 len=15 sendCompat=false recvCompat=false
[net] tx id=20977036 packet_id=106 type=*protocol.Remote_Tile_setTile_131 len=15 sendCompat=false recvCompat=false
[net] tx id=1651722446 packet_id=13 type=*protocol.Remote_Tile_buildHealthUpdate_135 len=16 sendCompat=false recvCompat=false
[net] tx id=20977036 packet_id=13 type=*protocol.Remote_Tile_buildHealthUpdate_135 len=16 sendCompat=false recvCompat=false
[net] tx id=1651722446 packet_id=106 type=*protocol.Remote_Tile_setTile_131 len=15 sendCompat=false recvCompat=false
[net] tx id=20977036 packet_id=106 type=*protocol.Remote_Tile_setTile_131 len=15 sendCompat=false recvCompat=false
[net] tx id=1651722446 packet_id=13 type=*protocol.Remote_Tile_buildHealthUpdate_135 len=16 sendCompat=false recvCompat=false
[net] tx id=20977036 packet_id=13 type=*protocol.Remote_Tile_buildHealthUpdate_135 len=16 sendCompat=false recvCompat=false
[net] tx id=1651722446 packet_id=106 type=*protocol.Remote_Tile_setTile_131 len=15 sendCompat=false recvCompat=false
[net] tx id=20977036 packet_id=106 type=*protocol.Remote_Tile_setTile_131 len=15 sendCompat=false recvCompat=false
[net] tx id=1651722446 packet_id=13 type=*protocol.Remote_Tile_buildHealthUpdate_135 len=16 sendCompat=false recvCompat=false
[net] tx id=20977036 packet_id=13 type=*protocol.Remote_Tile_buildHealthUpdate_135 len=16 sendCompat=false recvCompat=false
[net] tx id=1651722446 packet_id=106 type=*protocol.Remote_Tile_setTile_131 len=15 sendCompat=false recvCompat=false
[net] tx id=20977036 packet_id=106 type=*protocol.Remote_Tile_setTile_131 len=15 sendCompat=false recvCompat=false
[net] tx id=1651722446 packet_id=13 type=*protocol.Remote_Tile_buildHealthUpdate_135 len=16 sendCompat=false recvCompat=false
[net] tx id=20977036 packet_id=13 type=*protocol.Remote_Tile_buildHealthUpdate_135 len=16 sendCompat=false recvCompat=false
[net] tx id=1651722446 packet_id=106 type=*protocol.Remote_Tile_setTile_131 len=15 sendCompat=false recvCompat=false
[net] tx id=20977036 packet_id=106 type=*protocol.Remote_Tile_setTile_131 len=15 sendCompat=false recvCompat=false
[net] tx id=1651722446 packet_id=13 type=*protocol.Remote_Tile_buildHealthUpdate_135 len=16 sendCompat=false recvCompat=false
[net] tx id=20977036 packet_id=13 type=*protocol.Remote_Tile_buildHealthUpdate_135 len=16 sendCompat=false recvCompat=false
[net] tx id=1651722446 packet_id=106 type=*protocol.Remote_Tile_setTile_131 len=15 sendCompat=false recvCompat=false
[net] tx id=20977036 packet_id=106 type=*protocol.Remote_Tile_setTile_131 len=15 sendCompat=false recvCompat=false
[net] tx id=20977036 packet_id=13 type=*protocol.Remote_Tile_buildHealthUpdate_135 len=16 sendCompat=false recvCompat=false
[net] tx id=1651722446 packet_id=13 type=*protocol.Remote_Tile_buildHealthUpdate_135 len=16 sendCompat=false recvCompat=false
[net] tx id=1651722446 packet_id=106 type=*protocol.Remote_Tile_setTile_131 len=15 sendCompat=false recvCompat=false
[net] tx id=20977036 packet_id=106 type=*protocol.Remote_Tile_setTile_131 len=15 sendCompat=false recvCompat=false
[net] tx id=1651722446 packet_id=13 type=*protocol.Remote_Tile_buildHealthUpdate_135 len=16 sendCompat=false recvCompat=false
[net] tx id=20977036 packet_id=13 type=*protocol.Remote_Tile_buildHealthUpdate_135 len=16 sendCompat=false recvCompat=false
[net] tx-udp id=1651722446 packet_id=43 type=*protocol.Remote_NetClient_entitySnapshot_32 len=229 sendCompat=false recvCompat=false
[net] tx id=1651722446 packet_id=106 type=*protocol.Remote_Tile_setTile_131 len=15 sendCompat=false recvCompat=false
[net] tx id=20977036 packet_id=106 type=*protocol.Remote_Tile_setTile_131 len=15 sendCompat=false recvCompat=false
[net] tx id=1651722446 packet_id=13 type=*protocol.Remote_Tile_buildHealthUpdate_135 len=16 sendCompat=false recvCompat=false
[net] tx id=20977036 packet_id=13 type=*protocol.Remote_Tile_buildHealthUpdate_135 len=16 sendCompat=false recvCompat=false
[net] tx-udp id=20977036 packet_id=43 type=*protocol.Remote_NetClient_entitySnapshot_32 len=231 sendCompat=false recvCompat=false
[net] tx id=1651722446 packet_id=13 type=*protocol.Remote_Tile_buildHealthUpdate_135 len=16 sendCompat=false recvCompat=false
[net] tx id=20977036 packet_id=13 type=*protocol.Remote_Tile_buildHealthUpdate_135 len=16 sendCompat=false recvCompat=false
[net] tx id=1651722446 packet_id=106 type=*protocol.Remote_Tile_setTile_131 len=15 sendCompat=false recvCompat=false
[net] tx id=20977036 packet_id=106 type=*protocol.Remote_Tile_setTile_131 len=15 sendCompat=false recvCompat=false
[net] tx id=20977036 packet_id=13 type=*protocol.Remote_Tile_buildHealthUpdate_135 len=16 sendCompat=false recvCompat=false
[net] tx id=1651722446 packet_id=13 type=*protocol.Remote_Tile_buildHealthUpdate_135 len=16 sendCompat=false recvCompat=false
[net] tx id=1651722446 packet_id=106 type=*protocol.Remote_Tile_setTile_131 len=15 sendCompat=false recvCompat=false
[net] tx id=20977036 packet_id=106 type=*protocol.Remote_Tile_setTile_131 len=15 sendCompat=false recvCompat=false
[net] tx id=20977036 packet_id=13 type=*protocol.Remote_Tile_buildHealthUpdate_135 len=16 sendCompat=false recvCompat=false
[net] tx id=1651722446 packet_id=13 type=*protocol.Remote_Tile_buildHealthUpdate_135 len=16 sendCompat=false recvCompat=false
[net] tx id=20977036 packet_id=106 type=*protocol.Remote_Tile_setTile_131 len=15 sendCompat=false recvCompat=false
[net] tx id=1651722446 packet_id=106 type=*protocol.Remote_Tile_setTile_131 len=15 sendCompat=false recvCompat=false
[net] tx id=1651722446 packet_id=13 type=*protocol.Remote_Tile_buildHealthUpdate_135 len=16 sendCompat=false recvCompat=false
[net] tx id=20977036 packet_id=13 type=*protocol.Remote_Tile_buildHealthUpdate_135 len=16 sendCompat=false recvCompat=false
[net] tx id=20977036 packet_id=106 type=*protocol.Remote_Tile_setTile_131 len=15 sendCompat=false recvCompat=false
[net] tx id=1651722446 packet_id=106 type=*protocol.Remote_Tile_setTile_131 len=15 sendCompat=false recvCompat=false
[net] tx id=20977036 packet_id=13 type=*protocol.Remote_Tile_buildHealthUpdate_135 len=16 sendCompat=false recvCompat=false
[net] tx id=1651722446 packet_id=13 type=*protocol.Remote_Tile_buildHealthUpdate_135 len=16 sendCompat=false recvCompat=false
[net] tx id=20977036 packet_id=106 type=*protocol.Remote_Tile_setTile_131 len=15 sendCompat=false recvCompat=false
[net] tx id=1651722446 packet_id=106 type=*protocol.Remote_Tile_setTile_131 len=15 sendCompat=false recvCompat=false
[net] tx id=20977036 packet_id=13 type=*protocol.Remote_Tile_buildHealthUpdate_135 len=16 sendCompat=false recvCompat=false
[net] tx id=1651722446 packet_id=13 type=*protocol.Remote_Tile_buildHealthUpdate_135 len=16 sendCompat=false recvCompat=false
[net] tx id=1651722446 packet_id=106 type=*protocol.Remote_Tile_setTile_131 len=15 sendCompat=false recvCompat=false
[net] tx id=20977036 packet_id=106 type=*protocol.Remote_Tile_setTile_131 len=15 sendCompat=false recvCompat=false
[net] tx id=1651722446 packet_id=13 type=*protocol.Remote_Tile_buildHealthUpdate_135 len=16 sendCompat=false recvCompat=false
[net] tx id=20977036 packet_id=13 type=*protocol.Remote_Tile_buildHealthUpdate_135 len=16 sendCompat=false recvCompat=false
[net] tx id=20977036 packet_id=106 type=*protocol.Remote_Tile_setTile_131 len=15 sendCompat=false recvCompat=false
[net] tx id=1651722446 packet_id=106 type=*protocol.Remote_Tile_setTile_131 len=15 sendCompat=false recvCompat=false
[net] tx id=20977036 packet_id=13 type=*protocol.Remote_Tile_buildHealthUpdate_135 len=16 sendCompat=false recvCompat=false
[net] tx id=1651722446 packet_id=13 type=*protocol.Remote_Tile_buildHealthUpdate_135 len=16 sendCompat=false recvCompat=false
[net] tx id=20977036 packet_id=117 type=*protocol.Remote_NetClient_stateSnapshot_35 len=37 sendCompat=false recvCompat=false
[net] tx id=20977036 packet_id=106 type=*protocol.Remote_Tile_setTile_131 len=15 sendCompat=false recvCompat=false
[net] tx id=1651722446 packet_id=106 type=*protocol.Remote_Tile_setTile_131 len=15 sendCompat=false recvCompat=false
[net] tx id=20977036 packet_id=13 type=*protocol.Remote_Tile_buildHealthUpdate_135 len=16 sendCompat=false recvCompat=false
[net] tx id=1651722446 packet_id=13 type=*protocol.Remote_Tile_buildHealthUpdate_135 len=16 sendCompat=false recvCompat=false
[net] tx id=1651722446 packet_id=106 type=*protocol.Remote_Tile_setTile_131 len=15 sendCompat=false recvCompat=false
[net] tx id=20977036 packet_id=106 type=*protocol.Remote_Tile_setTile_131 len=15 sendCompat=false recvCompat=false
[net] tx id=20977036 packet_id=13 type=*protocol.Remote_Tile_buildHealthUpdate_135 len=16 sendCompat=false recvCompat=false
[net] tx id=1651722446 packet_id=13 type=*protocol.Remote_Tile_buildHealthUpdate_135 len=16 sendCompat=false recvCompat=false
[net] tx id=20977036 packet_id=106 type=*protocol.Remote_Tile_setTile_131 len=15 sendCompat=false recvCompat=false
[net] tx id=1651722446 packet_id=106 type=*protocol.Remote_Tile_setTile_131 len=15 sendCompat=false recvCompat=false
[net] tx id=20977036 packet_id=13 type=*protocol.Remote_Tile_buildHealthUpdate_135 len=16 sendCompat=false recvCompat=false
[net] tx id=1651722446 packet_id=13 type=*protocol.Remote_Tile_buildHealthUpdate_135 len=16 sendCompat=false recvCompat=false
[net] tx id=20977036 packet_id=106 type=*protocol.Remote_Tile_setTile_131 len=15 sendCompat=false recvCompat=false
[net] tx id=1651722446 packet_id=106 type=*protocol.Remote_Tile_setTile_131 len=15 sendCompat=false recvCompat=false
[net] tx id=20977036 packet_id=13 type=*protocol.Remote_Tile_buildHealthUpdate_135 len=452 sendCompat=false recvCompat=false
[net] tx id=1651722446 packet_id=13 type=*protocol.Remote_Tile_buildHealthUpdate_135 len=452 sendCompat=false recvCompat=false
[net] tx-udp id=1651722446 packet_id=43 type=*protocol.Remote_NetClient_entitySnapshot_32 len=229 sendCompat=false recvCompat=false
[net] tx-udp id=20977036 packet_id=43 type=*protocol.Remote_NetClient_entitySnapshot_32 len=225 sendCompat=false recvCompat=false
[net] tx id=1651722446 packet_id=117 type=*protocol.Remote_NetClient_stateSnapshot_35 len=37 sendCompat=false recvCompat=false
[net] tx-udp id=1651722446 packet_id=43 type=*protocol.Remote_NetClient_entitySnapshot_32 len=226 sendCompat=false recvCompat=false
[net] tx id=1651722446 packet_id=13 type=*protocol.Remote_Tile_buildHealthUpdate_135 len=16 sendCompat=false recvCompat=false
[net] tx id=20977036 packet_id=13 type=*protocol.Remote_Tile_buildHealthUpdate_135 len=16 sendCompat=false recvCompat=false
[net] tx id=1651722446 packet_id=106 type=*protocol.Remote_Tile_setTile_131 len=15 sendCompat=false recvCompat=false
[net] tx id=20977036 packet_id=106 type=*protocol.Remote_Tile_setTile_131 len=15 sendCompat=false recvCompat=false
[net] tx-udp id=20977036 packet_id=43 type=*protocol.Remote_NetClient_entitySnapshot_32 len=231 sendCompat=false recvCompat=false
[net] tx id=1651722446 packet_id=13 type=*protocol.Remote_Tile_buildHealthUpdate_135 len=16 sendCompat=false recvCompat=false
[net] tx id=20977036 packet_id=13 type=*protocol.Remote_Tile_buildHealthUpdate_135 len=16 sendCompat=false recvCompat=false
[net] tx id=20977036 packet_id=106 type=*protocol.Remote_Tile_setTile_131 len=15 sendCompat=false recvCompat=false
[net] tx id=1651722446 packet_id=106 type=*protocol.Remote_Tile_setTile_131 len=15 sendCompat=false recvCompat=false
[net] tx id=20977036 packet_id=13 type=*protocol.Remote_Tile_buildHealthUpdate_135 len=16 sendCompat=false recvCompat=false
[net] tx id=1651722446 packet_id=13 type=*protocol.Remote_Tile_buildHealthUpdate_135 len=16 sendCompat=false recvCompat=false
[net] tx id=1651722446 packet_id=106 type=*protocol.Remote_Tile_setTile_131 len=15 sendCompat=false recvCompat=false
[net] tx id=20977036 packet_id=106 type=*protocol.Remote_Tile_setTile_131 len=15 sendCompat=false recvCompat=false
[net] tx id=1651722446 packet_id=13 type=*protocol.Remote_Tile_buildHealthUpdate_135 len=16 sendCompat=false recvCompat=false
[net] tx id=20977036 packet_id=13 type=*protocol.Remote_Tile_buildHealthUpdate_135 len=16 sendCompat=false recvCompat=false
[net] tx id=1651722446 packet_id=106 type=*protocol.Remote_Tile_setTile_131 len=15 sendCompat=false recvCompat=false
[net] tx id=20977036 packet_id=106 type=*protocol.Remote_Tile_setTile_131 len=15 sendCompat=false recvCompat=false
[net] tx id=1651722446 packet_id=13 type=*protocol.Remote_Tile_buildHealthUpdate_135 len=16 sendCompat=false recvCompat=false
[net] tx id=20977036 packet_id=13 type=*protocol.Remote_Tile_buildHealthUpdate_135 len=16 sendCompat=false recvCompat=false
[net] tx id=1651722446 packet_id=106 type=*protocol.Remote_Tile_setTile_131 len=15 sendCompat=false recvCompat=false
[net] tx id=20977036 packet_id=106 type=*protocol.Remote_Tile_setTile_131 len=15 sendCompat=false recvCompat=false
[net] tx id=1651722446 packet_id=13 type=*protocol.Remote_Tile_buildHealthUpdate_135 len=16 sendCompat=false recvCompat=false
[net] tx id=20977036 packet_id=13 type=*protocol.Remote_Tile_buildHealthUpdate_135 len=16 sendCompat=false recvCompat=false
[net] tx id=20977036 packet_id=106 type=*protocol.Remote_Tile_setTile_131 len=15 sendCompat=false recvCompat=false
[net] tx id=1651722446 packet_id=106 type=*protocol.Remote_Tile_setTile_131 len=15 sendCompat=false recvCompat=false
[net] tx id=20977036 packet_id=13 type=*protocol.Remote_Tile_buildHealthUpdate_135 len=16 sendCompat=false recvCompat=false
[net] tx id=1651722446 packet_id=13 type=*protocol.Remote_Tile_buildHealthUpdate_135 len=16 sendCompat=false recvCompat=false
[net] tx id=1651722446 packet_id=106 type=*protocol.Remote_Tile_setTile_131 len=15 sendCompat=false recvCompat=false
[net] tx id=20977036 packet_id=106 type=*protocol.Remote_Tile_setTile_131 len=15 sendCompat=false recvCompat=false
[net] tx id=1651722446 packet_id=13 type=*protocol.Remote_Tile_buildHealthUpdate_135 len=16 sendCompat=false recvCompat=false
[net] tx id=20977036 packet_id=13 type=*protocol.Remote_Tile_buildHealthUpdate_135 len=16 sendCompat=false recvCompat=false
[net] tx-udp id=1651722446 packet_id=43 type=*protocol.Remote_NetClient_entitySnapshot_32 len=224 sendCompat=false recvCompat=false
[net] tx id=1651722446 packet_id=106 type=*protocol.Remote_Tile_setTile_131 len=15 sendCompat=false recvCompat=false
[net] tx id=20977036 packet_id=106 type=*protocol.Remote_Tile_setTile_131 len=15 sendCompat=false recvCompat=false
[net] tx id=1651722446 packet_id=13 type=*protocol.Remote_Tile_buildHealthUpdate_135 len=16 sendCompat=false recvCompat=false
[net] tx id=20977036 packet_id=13 type=*protocol.Remote_Tile_buildHealthUpdate_135 len=16 sendCompat=false recvCompat=false
[net] tx-udp id=20977036 packet_id=43 type=*protocol.Remote_NetClient_entitySnapshot_32 len=231 sendCompat=false recvCompat=false
[net] tx id=1651722446 packet_id=13 type=*protocol.Remote_Tile_buildHealthUpdate_135 len=16 sendCompat=false recvCompat=false
[net] tx id=20977036 packet_id=13 type=*protocol.Remote_Tile_buildHealthUpdate_135 len=16 sendCompat=false recvCompat=false
[net] tx id=1651722446 packet_id=106 type=*protocol.Remote_Tile_setTile_131 len=15 sendCompat=false recvCompat=false
[net] tx id=20977036 packet_id=106 type=*protocol.Remote_Tile_setTile_131 len=15 sendCompat=false recvCompat=false
[net] tx id=20977036 packet_id=117 type=*protocol.Remote_NetClient_stateSnapshot_35 len=37 sendCompat=false recvCompat=false
[net] tx id=20977036 packet_id=13 type=*protocol.Remote_Tile_buildHealthUpdate_135 len=16 sendCompat=false recvCompat=false
[net] tx id=1651722446 packet_id=13 type=*protocol.Remote_Tile_buildHealthUpdate_135 len=16 sendCompat=false recvCompat=false
[net] tx id=20977036 packet_id=106 type=*protocol.Remote_Tile_setTile_131 len=15 sendCompat=false recvCompat=false
[net] tx id=1651722446 packet_id=106 type=*protocol.Remote_Tile_setTile_131 len=15 sendCompat=false recvCompat=false
[net] tx id=20977036 packet_id=13 type=*protocol.Remote_Tile_buildHealthUpdate_135 len=16 sendCompat=false recvCompat=false
[net] tx id=1651722446 packet_id=13 type=*protocol.Remote_Tile_buildHealthUpdate_135 len=16 sendCompat=false recvCompat=false
[net] tx id=20977036 packet_id=106 type=*protocol.Remote_Tile_setTile_131 len=15 sendCompat=false recvCompat=false
[net] tx id=1651722446 packet_id=106 type=*protocol.Remote_Tile_setTile_131 len=15 sendCompat=false recvCompat=false
[net] tx id=20977036 packet_id=13 type=*protocol.Remote_Tile_buildHealthUpdate_135 len=16 sendCompat=false recvCompat=false
[net] tx id=1651722446 packet_id=13 type=*protocol.Remote_Tile_buildHealthUpdate_135 len=16 sendCompat=false recvCompat=false
[net] tx id=20977036 packet_id=106 type=*protocol.Remote_Tile_setTile_131 len=15 sendCompat=false recvCompat=false
[net] tx id=1651722446 packet_id=106 type=*protocol.Remote_Tile_setTile_131 len=15 sendCompat=false recvCompat=false
[net] tx id=20977036 packet_id=13 type=*protocol.Remote_Tile_buildHealthUpdate_135 len=16 sendCompat=false recvCompat=false
[net] tx id=1651722446 packet_id=13 type=*protocol.Remote_Tile_buildHealthUpdate_135 len=16 sendCompat=false recvCompat=false
[net] tx id=20977036 packet_id=106 type=*protocol.Remote_Tile_setTile_131 len=15 sendCompat=false recvCompat=false
[net] tx id=1651722446 packet_id=106 type=*protocol.Remote_Tile_setTile_131 len=15 sendCompat=false recvCompat=false
[net] tx id=20977036 packet_id=13 type=*protocol.Remote_Tile_buildHealthUpdate_135 len=16 sendCompat=false recvCompat=false
[net] tx id=1651722446 packet_id=13 type=*protocol.Remote_Tile_buildHealthUpdate_135 len=16 sendCompat=false recvCompat=false
[net] tx id=1651722446 packet_id=106 type=*protocol.Remote_Tile_setTile_131 len=15 sendCompat=false recvCompat=false
[net] tx id=20977036 packet_id=106 type=*protocol.Remote_Tile_setTile_131 len=15 sendCompat=false recvCompat=false
[net] tx id=20977036 packet_id=13 type=*protocol.Remote_Tile_buildHealthUpdate_135 len=16 sendCompat=false recvCompat=false
[net] tx id=1651722446 packet_id=13 type=*protocol.Remote_Tile_buildHealthUpdate_135 len=16 sendCompat=false recvCompat=false
[net] tx id=1651722446 packet_id=106 type=*protocol.Remote_Tile_setTile_131 len=15 sendCompat=false recvCompat=false
[net] tx id=20977036 packet_id=106 type=*protocol.Remote_Tile_setTile_131 len=15 sendCompat=false recvCompat=false
[net] tx id=20977036 packet_id=13 type=*protocol.Remote_Tile_buildHealthUpdate_135 len=16 sendCompat=false recvCompat=false
[net] tx id=1651722446 packet_id=13 type=*protocol.Remote_Tile_buildHealthUpdate_135 len=16 sendCompat=false recvCompat=false
[net] tx id=1651722446 packet_id=106 type=*protocol.Remote_Tile_setTile_131 len=15 sendCompat=false recvCompat=false
[net] tx id=20977036 packet_id=106 type=*protocol.Remote_Tile_setTile_131 len=15 sendCompat=false recvCompat=false
[net] tx id=1651722446 packet_id=13 type=*protocol.Remote_Tile_buildHealthUpdate_135 len=16 sendCompat=false recvCompat=false
[net] tx id=20977036 packet_id=13 type=*protocol.Remote_Tile_buildHealthUpdate_135 len=16 sendCompat=false recvCompat=false
[net] tx id=1651722446 packet_id=106 type=*protocol.Remote_Tile_setTile_131 len=15 sendCompat=false recvCompat=false
[net] tx id=20977036 packet_id=106 type=*protocol.Remote_Tile_setTile_131 len=15 sendCompat=false recvCompat=false
[net] tx id=1651722446 packet_id=13 type=*protocol.Remote_Tile_buildHealthUpdate_135 len=16 sendCompat=false recvCompat=false
[net] tx id=20977036 packet_id=13 type=*protocol.Remote_Tile_buildHealthUpdate_135 len=16 sendCompat=false recvCompat=false
[net] tx id=20977036 packet_id=106 type=*protocol.Remote_Tile_setTile_131 len=15 sendCompat=false recvCompat=false
[net] tx id=1651722446 packet_id=106 type=*protocol.Remote_Tile_setTile_131 len=15 sendCompat=false recvCompat=false
[net] tx id=20977036 packet_id=13 type=*protocol.Remote_Tile_buildHealthUpdate_135 len=16 sendCompat=false recvCompat=false
[net] tx id=1651722446 packet_id=13 type=*protocol.Remote_Tile_buildHealthUpdate_135 len=16 sendCompat=false recvCompat=false
[net] tx id=1651722446 packet_id=106 type=*protocol.Remote_Tile_setTile_131 len=15 sendCompat=false recvCompat=false
[net] tx id=20977036 packet_id=106 type=*protocol.Remote_Tile_setTile_131 len=15 sendCompat=false recvCompat=false
[net] tx id=1651722446 packet_id=13 type=*protocol.Remote_Tile_buildHealthUpdate_135 len=16 sendCompat=false recvCompat=false
[net] tx id=20977036 packet_id=13 type=*protocol.Remote_Tile_buildHealthUpdate_135 len=16 sendCompat=false recvCompat=false
[net] tx id=20977036 packet_id=106 type=*protocol.Remote_Tile_setTile_131 len=15 sendCompat=false recvCompat=false
[net] tx id=1651722446 packet_id=106 type=*protocol.Remote_Tile_setTile_131 len=15 sendCompat=false recvCompat=false
[net] tx id=20977036 packet_id=13 type=*protocol.Remote_Tile_buildHealthUpdate_135 len=16 sendCompat=false recvCompat=false
[net] tx id=1651722446 packet_id=13 type=*protocol.Remote_Tile_buildHealthUpdate_135 len=16 sendCompat=false recvCompat=false
[net] tx-udp id=1651722446 packet_id=43 type=*protocol.Remote_NetClient_entitySnapshot_32 len=231 sendCompat=false recvCompat=false
[net] tx id=1651722446 packet_id=106 type=*protocol.Remote_Tile_setTile_131 len=15 sendCompat=false recvCompat=false
[net] tx id=20977036 packet_id=106 type=*protocol.Remote_Tile_setTile_131 len=15 sendCompat=false recvCompat=false
[net] tx id=1651722446 packet_id=13 type=*protocol.Remote_Tile_buildHealthUpdate_135 len=16 sendCompat=false recvCompat=false
[net] tx id=20977036 packet_id=13 type=*protocol.Remote_Tile_buildHealthUpdate_135 len=16 sendCompat=false recvCompat=false
[net] tx id=1651722446 packet_id=117 type=*protocol.Remote_NetClient_stateSnapshot_35 len=37 sendCompat=false recvCompat=false
[net] tx-udp id=20977036 packet_id=43 type=*protocol.Remote_NetClient_entitySnapshot_32 len=229 sendCompat=false recvCompat=false
[net] tx id=1651722446 packet_id=13 type=*protocol.Remote_Tile_buildHealthUpdate_135 len=16 sendCompat=false recvCompat=false
[net] tx id=1651722446 packet_id=106 type=*protocol.Remote_Tile_setTile_131 len=15 sendCompat=false recvCompat=false
[net] tx id=20977036 packet_id=13 type=*protocol.Remote_Tile_buildHealthUpdate_135 len=16 sendCompat=false recvCompat=false
[net] tx id=20977036 packet_id=106 type=*protocol.Remote_Tile_setTile_131 len=15 sendCompat=false recvCompat=false
[net] tx id=20977036 packet_id=13 type=*protocol.Remote_Tile_buildHealthUpdate_135 len=16 sendCompat=false recvCompat=false
[net] tx id=1651722446 packet_id=13 type=*protocol.Remote_Tile_buildHealthUpdate_135 len=16 sendCompat=false recvCompat=false
[net] tx id=20977036 packet_id=106 type=*protocol.Remote_Tile_setTile_131 len=15 sendCompat=false recvCompat=false
[net] tx id=1651722446 packet_id=106 type=*protocol.Remote_Tile_setTile_131 len=15 sendCompat=false recvCompat=false
[net] tx id=20977036 packet_id=13 type=*protocol.Remote_Tile_buildHealthUpdate_135 len=16 sendCompat=false recvCompat=false
[net] tx id=1651722446 packet_id=13 type=*protocol.Remote_Tile_buildHealthUpdate_135 len=16 sendCompat=false recvCompat=false
[net] tx id=20977036 packet_id=106 type=*protocol.Remote_Tile_setTile_131 len=15 sendCompat=false recvCompat=false
[net] tx id=1651722446 packet_id=106 type=*protocol.Remote_Tile_setTile_131 len=15 sendCompat=false recvCompat=false
[net] tx id=1651722446 packet_id=13 type=*protocol.Remote_Tile_buildHealthUpdate_135 len=16 sendCompat=false recvCompat=false
[net] tx id=20977036 packet_id=13 type=*protocol.Remote_Tile_buildHealthUpdate_135 len=16 sendCompat=false recvCompat=false
[net] tx id=1651722446 packet_id=106 type=*protocol.Remote_Tile_setTile_131 len=15 sendCompat=false recvCompat=false
[net] tx id=20977036 packet_id=106 type=*protocol.Remote_Tile_setTile_131 len=15 sendCompat=false recvCompat=false
[net] tx id=1651722446 packet_id=13 type=*protocol.Remote_Tile_buildHealthUpdate_135 len=16 sendCompat=false recvCompat=false
[net] tx id=20977036 packet_id=13 type=*protocol.Remote_Tile_buildHealthUpdate_135 len=16 sendCompat=false recvCompat=false
[net] tx id=20977036 packet_id=106 type=*protocol.Remote_Tile_setTile_131 len=15 sendCompat=false recvCompat=false
[net] tx id=1651722446 packet_id=106 type=*protocol.Remote_Tile_setTile_131 len=15 sendCompat=false recvCompat=false
[net] tx id=20977036 packet_id=13 type=*protocol.Remote_Tile_buildHealthUpdate_135 len=16 sendCompat=false recvCompat=false
[net] tx id=1651722446 packet_id=13 type=*protocol.Remote_Tile_buildHealthUpdate_135 len=16 sendCompat=false recvCompat=false
[net] tx id=20977036 packet_id=106 type=*protocol.Remote_Tile_setTile_131 len=15 sendCompat=false recvCompat=false
[net] tx id=1651722446 packet_id=106 type=*protocol.Remote_Tile_setTile_131 len=15 sendCompat=false recvCompat=false
[net] tx id=20977036 packet_id=13 type=*protocol.Remote_Tile_buildHealthUpdate_135 len=16 sendCompat=false recvCompat=false
[net] tx id=1651722446 packet_id=13 type=*protocol.Remote_Tile_buildHealthUpdate_135 len=16 sendCompat=false recvCompat=false
[net] tx id=1651722446 packet_id=106 type=*protocol.Remote_Tile_setTile_131 len=15 sendCompat=false recvCompat=false
[net] tx id=20977036 packet_id=106 type=*protocol.Remote_Tile_setTile_131 len=15 sendCompat=false recvCompat=false
[net] tx id=1651722446 packet_id=13 type=*protocol.Remote_Tile_buildHealthUpdate_135 len=16 sendCompat=false recvCompat=false
[net] tx id=20977036 packet_id=13 type=*protocol.Remote_Tile_buildHealthUpdate_135 len=16 sendCompat=false recvCompat=false
[net] tx id=1651722446 packet_id=106 type=*protocol.Remote_Tile_setTile_131 len=15 sendCompat=false recvCompat=false
[net] tx id=20977036 packet_id=106 type=*protocol.Remote_Tile_setTile_131 len=15 sendCompat=false recvCompat=false
[net] tx id=1651722446 packet_id=13 type=*protocol.Remote_Tile_buildHealthUpdate_135 len=16 sendCompat=false recvCompat=false
[net] tx id=20977036 packet_id=13 type=*protocol.Remote_Tile_buildHealthUpdate_135 len=16 sendCompat=false recvCompat=false
[net] tx-udp id=1651722446 packet_id=43 type=*protocol.Remote_NetClient_entitySnapshot_32 len=222 sendCompat=false recvCompat=false
[net] tx-udp id=20977036 packet_id=43 type=*protocol.Remote_NetClient_entitySnapshot_32 len=216 sendCompat=false recvCompat=false
[net] tx id=20977036 packet_id=106 type=*protocol.Remote_Tile_setTile_131 len=15 sendCompat=false recvCompat=false
[net] tx id=1651722446 packet_id=106 type=*protocol.Remote_Tile_setTile_131 len=15 sendCompat=false recvCompat=false
[net] tx id=20977036 packet_id=13 type=*protocol.Remote_Tile_buildHealthUpdate_135 len=16 sendCompat=false recvCompat=false
[net] tx id=1651722446 packet_id=13 type=*protocol.Remote_Tile_buildHealthUpdate_135 len=16 sendCompat=false recvCompat=false
[net] tx id=1651722446 packet_id=13 type=*protocol.Remote_Tile_buildHealthUpdate_135 len=16 sendCompat=false recvCompat=false
[net] tx id=20977036 packet_id=13 type=*protocol.Remote_Tile_buildHealthUpdate_135 len=16 sendCompat=false recvCompat=false
[net] tx id=1651722446 packet_id=106 type=*protocol.Remote_Tile_setTile_131 len=15 sendCompat=false recvCompat=false
[net] tx id=20977036 packet_id=106 type=*protocol.Remote_Tile_setTile_131 len=15 sendCompat=false recvCompat=false
[net] tx id=1651722446 packet_id=13 type=*protocol.Remote_Tile_buildHealthUpdate_135 len=231 sendCompat=false recvCompat=false
[net] tx id=20977036 packet_id=13 type=*protocol.Remote_Tile_buildHealthUpdate_135 len=231 sendCompat=false recvCompat=false
[net] tx id=20977036 packet_id=117 type=*protocol.Remote_NetClient_stateSnapshot_35 len=37 sendCompat=false recvCompat=false
[net] tx-udp id=1651722446 packet_id=43 type=*protocol.Remote_NetClient_entitySnapshot_32 len=217 sendCompat=false recvCompat=false
[net] tx-udp id=20977036 packet_id=43 type=*protocol.Remote_NetClient_entitySnapshot_32 len=216 sendCompat=false recvCompat=false
[net] tx id=1651722446 packet_id=117 type=*protocol.Remote_NetClient_stateSnapshot_35 len=37 sendCompat=false recvCompat=false
[net] tx-udp id=1651722446 packet_id=43 type=*protocol.Remote_NetClient_entitySnapshot_32 len=216 sendCompat=false recvCompat=false
[net] tx-udp id=20977036 packet_id=43 type=*protocol.Remote_NetClient_entitySnapshot_32 len=216 sendCompat=false recvCompat=false
[net] tx id=20977036 packet_id=106 type=*protocol.Remote_Tile_setTile_131 len=15 sendCompat=false recvCompat=false
[net] tx id=1651722446 packet_id=106 type=*protocol.Remote_Tile_setTile_131 len=15 sendCompat=false recvCompat=false
[net] tx id=20977036 packet_id=13 type=*protocol.Remote_Tile_buildHealthUpdate_135 len=16 sendCompat=false recvCompat=false
[net] tx id=1651722446 packet_id=13 type=*protocol.Remote_Tile_buildHealthUpdate_135 len=16 sendCompat=false recvCompat=false
[net] tx id=1651722446 packet_id=106 type=*protocol.Remote_Tile_setTile_131 len=15 sendCompat=false recvCompat=false
[net] tx id=20977036 packet_id=106 type=*protocol.Remote_Tile_setTile_131 len=15 sendCompat=false recvCompat=false
[net] tx id=1651722446 packet_id=13 type=*protocol.Remote_Tile_buildHealthUpdate_135 len=16 sendCompat=false recvCompat=false
[net] tx id=20977036 packet_id=13 type=*protocol.Remote_Tile_buildHealthUpdate_135 len=16 sendCompat=false recvCompat=false
[net] tx id=1651722446 packet_id=106 type=*protocol.Remote_Tile_setTile_131 len=15 sendCompat=false recvCompat=false
[net] tx id=20977036 packet_id=106 type=*protocol.Remote_Tile_setTile_131 len=15 sendCompat=false recvCompat=false
[net] tx id=1651722446 packet_id=13 type=*protocol.Remote_Tile_buildHealthUpdate_135 len=317 sendCompat=false recvCompat=false
[net] tx id=20977036 packet_id=13 type=*protocol.Remote_Tile_buildHealthUpdate_135 len=317 sendCompat=false recvCompat=false
[net] tx id=1651722446 packet_id=106 type=*protocol.Remote_Tile_setTile_131 len=15 sendCompat=false recvCompat=false
[net] tx id=20977036 packet_id=106 type=*protocol.Remote_Tile_setTile_131 len=15 sendCompat=false recvCompat=false
[net] tx id=20977036 packet_id=13 type=*protocol.Remote_Tile_buildHealthUpdate_135 len=16 sendCompat=false recvCompat=false
[net] tx id=1651722446 packet_id=13 type=*protocol.Remote_Tile_buildHealthUpdate_135 len=16 sendCompat=false recvCompat=false
[net] tx id=1651722446 packet_id=106 type=*protocol.Remote_Tile_setTile_131 len=15 sendCompat=false recvCompat=false
[net] tx id=20977036 packet_id=106 type=*protocol.Remote_Tile_setTile_131 len=15 sendCompat=false recvCompat=false
[net] tx id=20977036 packet_id=13 type=*protocol.Remote_Tile_buildHealthUpdate_135 len=16 sendCompat=false recvCompat=false
[net] tx id=1651722446 packet_id=13 type=*protocol.Remote_Tile_buildHealthUpdate_135 len=16 sendCompat=false recvCompat=false
[net] tx id=20977036 packet_id=106 type=*protocol.Remote_Tile_setTile_131 len=15 sendCompat=false recvCompat=false
[net] tx id=1651722446 packet_id=106 type=*protocol.Remote_Tile_setTile_131 len=15 sendCompat=false recvCompat=false
[net] tx-udp id=1651722446 packet_id=43 type=*protocol.Remote_NetClient_entitySnapshot_32 len=231 sendCompat=false recvCompat=false
[net] tx id=20977036 packet_id=13 type=*protocol.Remote_Tile_buildHealthUpdate_135 len=16 sendCompat=false recvCompat=false
[net] tx id=1651722446 packet_id=13 type=*protocol.Remote_Tile_buildHealthUpdate_135 len=16 sendCompat=false recvCompat=false
[net] tx id=20977036 packet_id=106 type=*protocol.Remote_Tile_setTile_131 len=15 sendCompat=false recvCompat=false
[net] tx id=1651722446 packet_id=106 type=*protocol.Remote_Tile_setTile_131 len=15 sendCompat=false recvCompat=false
[net] tx id=20977036 packet_id=13 type=*protocol.Remote_Tile_buildHealthUpdate_135 len=16 sendCompat=false recvCompat=false
[net] tx id=1651722446 packet_id=13 type=*protocol.Remote_Tile_buildHealthUpdate_135 len=16 sendCompat=false recvCompat=false
[net] tx-udp id=20977036 packet_id=43 type=*protocol.Remote_NetClient_entitySnapshot_32 len=231 sendCompat=false recvCompat=false
[net] tx id=20977036 packet_id=106 type=*protocol.Remote_Tile_setTile_131 len=15 sendCompat=false recvCompat=false
[net] tx id=1651722446 packet_id=106 type=*protocol.Remote_Tile_setTile_131 len=15 sendCompat=false recvCompat=false
[net] tx id=20977036 packet_id=13 type=*protocol.Remote_Tile_buildHealthUpdate_135 len=16 sendCompat=false recvCompat=false
[net] tx id=1651722446 packet_id=13 type=*protocol.Remote_Tile_buildHealthUpdate_135 len=16 sendCompat=false recvCompat=false
[net] tx id=20977036 packet_id=117 type=*protocol.Remote_NetClient_stateSnapshot_35 len=37 sendCompat=false recvCompat=false
[net] tx id=1651722446 packet_id=106 type=*protocol.Remote_Tile_setTile_131 len=15 sendCompat=false recvCompat=false
[net] tx id=1651722446 packet_id=13 type=*protocol.Remote_Tile_buildHealthUpdate_135 len=16 sendCompat=false recvCompat=false
[net] tx id=20977036 packet_id=106 type=*protocol.Remote_Tile_setTile_131 len=15 sendCompat=false recvCompat=false
[net] tx id=20977036 packet_id=13 type=*protocol.Remote_Tile_buildHealthUpdate_135 len=16 sendCompat=false recvCompat=false
[net] tx id=1651722446 packet_id=13 type=*protocol.Remote_Tile_buildHealthUpdate_135 len=16 sendCompat=false recvCompat=false
[net] tx id=20977036 packet_id=13 type=*protocol.Remote_Tile_buildHealthUpdate_135 len=16 sendCompat=false recvCompat=false
[net] tx id=1651722446 packet_id=106 type=*protocol.Remote_Tile_setTile_131 len=15 sendCompat=false recvCompat=false
[net] tx id=20977036 packet_id=106 type=*protocol.Remote_Tile_setTile_131 len=15 sendCompat=false recvCompat=false
[net] tx id=20977036 packet_id=13 type=*protocol.Remote_Tile_buildHealthUpdate_135 len=16 sendCompat=false recvCompat=false
[net] tx id=1651722446 packet_id=13 type=*protocol.Remote_Tile_buildHealthUpdate_135 len=16 sendCompat=false recvCompat=false
[net] tx id=20977036 packet_id=106 type=*protocol.Remote_Tile_setTile_131 len=15 sendCompat=false recvCompat=false
[net] tx id=1651722446 packet_id=106 type=*protocol.Remote_Tile_setTile_131 len=15 sendCompat=false recvCompat=false
[net] tx id=1651722446 packet_id=13 type=*protocol.Remote_Tile_buildHealthUpdate_135 len=16 sendCompat=false recvCompat=false
[net] tx id=20977036 packet_id=13 type=*protocol.Remote_Tile_buildHealthUpdate_135 len=16 sendCompat=false recvCompat=false
[net] tx id=1651722446 packet_id=106 type=*protocol.Remote_Tile_setTile_131 len=15 sendCompat=false recvCompat=false
[net] tx id=20977036 packet_id=106 type=*protocol.Remote_Tile_setTile_131 len=15 sendCompat=false recvCompat=false
[net] tx id=20977036 packet_id=13 type=*protocol.Remote_Tile_buildHealthUpdate_135 len=16 sendCompat=false recvCompat=false
[net] tx id=1651722446 packet_id=13 type=*protocol.Remote_Tile_buildHealthUpdate_135 len=16 sendCompat=false recvCompat=false
[net] tx id=1651722446 packet_id=106 type=*protocol.Remote_Tile_setTile_131 len=15 sendCompat=false recvCompat=false
[net] tx id=20977036 packet_id=106 type=*protocol.Remote_Tile_setTile_131 len=15 sendCompat=false recvCompat=false
[net] tx id=1651722446 packet_id=13 type=*protocol.Remote_Tile_buildHealthUpdate_135 len=16 sendCompat=false recvCompat=false
[net] tx id=20977036 packet_id=13 type=*protocol.Remote_Tile_buildHealthUpdate_135 len=16 sendCompat=false recvCompat=false
[net] tx id=20977036 packet_id=106 type=*protocol.Remote_Tile_setTile_131 len=15 sendCompat=false recvCompat=false
[net] tx id=1651722446 packet_id=106 type=*protocol.Remote_Tile_setTile_131 len=15 sendCompat=false recvCompat=false
[net] tx id=20977036 packet_id=13 type=*protocol.Remote_Tile_buildHealthUpdate_135 len=16 sendCompat=false recvCompat=false
[net] tx id=1651722446 packet_id=13 type=*protocol.Remote_Tile_buildHealthUpdate_135 len=16 sendCompat=false recvCompat=false
[net] tx id=1651722446 packet_id=106 type=*protocol.Remote_Tile_setTile_131 len=15 sendCompat=false recvCompat=false
[net] tx id=20977036 packet_id=106 type=*protocol.Remote_Tile_setTile_131 len=15 sendCompat=false recvCompat=false
[net] tx id=1651722446 packet_id=13 type=*protocol.Remote_Tile_buildHealthUpdate_135 len=16 sendCompat=false recvCompat=false
[net] tx id=20977036 packet_id=13 type=*protocol.Remote_Tile_buildHealthUpdate_135 len=16 sendCompat=false recvCompat=false
[net] tx id=20977036 packet_id=106 type=*protocol.Remote_Tile_setTile_131 len=15 sendCompat=false recvCompat=false
[net] tx id=1651722446 packet_id=106 type=*protocol.Remote_Tile_setTile_131 len=15 sendCompat=false recvCompat=false
[net] tx id=1651722446 packet_id=13 type=*protocol.Remote_Tile_buildHealthUpdate_135 len=16 sendCompat=false recvCompat=false
[net] tx id=20977036 packet_id=13 type=*protocol.Remote_Tile_buildHealthUpdate_135 len=16 sendCompat=false recvCompat=false
[net] tx id=20977036 packet_id=106 type=*protocol.Remote_Tile_setTile_131 len=15 sendCompat=false recvCompat=false
[net] tx id=1651722446 packet_id=106 type=*protocol.Remote_Tile_setTile_131 len=15 sendCompat=false recvCompat=false
[net] tx id=20977036 packet_id=13 type=*protocol.Remote_Tile_buildHealthUpdate_135 len=16 sendCompat=false recvCompat=false
[net] tx id=1651722446 packet_id=13 type=*protocol.Remote_Tile_buildHealthUpdate_135 len=16 sendCompat=false recvCompat=false
[net] tx id=20977036 packet_id=106 type=*protocol.Remote_Tile_setTile_131 len=15 sendCompat=false recvCompat=false
[net] tx id=1651722446 packet_id=106 type=*protocol.Remote_Tile_setTile_131 len=15 sendCompat=false recvCompat=false
[net] tx-udp id=1651722446 packet_id=43 type=*protocol.Remote_NetClient_entitySnapshot_32 len=231 sendCompat=false recvCompat=false
[net] tx id=20977036 packet_id=13 type=*protocol.Remote_Tile_buildHealthUpdate_135 len=16 sendCompat=false recvCompat=false
[net] tx id=1651722446 packet_id=13 type=*protocol.Remote_Tile_buildHealthUpdate_135 len=16 sendCompat=false recvCompat=false
[net] tx id=1651722446 packet_id=117 type=*protocol.Remote_NetClient_stateSnapshot_35 len=37 sendCompat=false recvCompat=false
[net] tx id=1651722446 packet_id=106 type=*protocol.Remote_Tile_setTile_131 len=15 sendCompat=false recvCompat=false
[net] tx id=20977036 packet_id=106 type=*protocol.Remote_Tile_setTile_131 len=15 sendCompat=false recvCompat=false
[net] tx-udp id=20977036 packet_id=43 type=*protocol.Remote_NetClient_entitySnapshot_32 len=231 sendCompat=false recvCompat=false
[net] tx id=1651722446 packet_id=13 type=*protocol.Remote_Tile_buildHealthUpdate_135 len=16 sendCompat=false recvCompat=false
[net] tx id=20977036 packet_id=13 type=*protocol.Remote_Tile_buildHealthUpdate_135 len=16 sendCompat=false recvCompat=false
[net] tx id=1651722446 packet_id=106 type=*protocol.Remote_Tile_setTile_131 len=15 sendCompat=false recvCompat=false
[net] tx id=20977036 packet_id=106 type=*protocol.Remote_Tile_setTile_131 len=15 sendCompat=false recvCompat=false
[net] tx id=1651722446 packet_id=13 type=*protocol.Remote_Tile_buildHealthUpdate_135 len=16 sendCompat=false recvCompat=false
[net] tx id=20977036 packet_id=13 type=*protocol.Remote_Tile_buildHealthUpdate_135 len=16 sendCompat=false recvCompat=false
[net] tx id=1651722446 packet_id=106 type=*protocol.Remote_Tile_setTile_131 len=15 sendCompat=false recvCompat=false
[net] tx id=20977036 packet_id=106 type=*protocol.Remote_Tile_setTile_131 len=15 sendCompat=false recvCompat=false
[net] tx id=1651722446 packet_id=13 type=*protocol.Remote_Tile_buildHealthUpdate_135 len=16 sendCompat=false recvCompat=false
[net] tx id=20977036 packet_id=13 type=*protocol.Remote_Tile_buildHealthUpdate_135 len=16 sendCompat=false recvCompat=false
[net] tx id=20977036 packet_id=106 type=*protocol.Remote_Tile_setTile_131 len=15 sendCompat=false recvCompat=false
[net] tx id=1651722446 packet_id=106 type=*protocol.Remote_Tile_setTile_131 len=15 sendCompat=false recvCompat=false
[net] tx id=20977036 packet_id=13 type=*protocol.Remote_Tile_buildHealthUpdate_135 len=16 sendCompat=false recvCompat=false
[net] tx id=1651722446 packet_id=13 type=*protocol.Remote_Tile_buildHealthUpdate_135 len=16 sendCompat=false recvCompat=false
[net] tx id=20977036 packet_id=13 type=*protocol.Remote_Tile_buildHealthUpdate_135 len=16 sendCompat=false recvCompat=false
[net] tx id=1651722446 packet_id=13 type=*protocol.Remote_Tile_buildHealthUpdate_135 len=16 sendCompat=false recvCompat=false
[net] tx id=20977036 packet_id=106 type=*protocol.Remote_Tile_setTile_131 len=15 sendCompat=false recvCompat=false
[net] tx id=1651722446 packet_id=106 type=*protocol.Remote_Tile_setTile_131 len=15 sendCompat=false recvCompat=false
[net] tx id=20977036 packet_id=13 type=*protocol.Remote_Tile_buildHealthUpdate_135 len=16 sendCompat=false recvCompat=false
[net] tx id=1651722446 packet_id=13 type=*protocol.Remote_Tile_buildHealthUpdate_135 len=16 sendCompat=false recvCompat=false
[net] tx id=20977036 packet_id=106 type=*protocol.Remote_Tile_setTile_131 len=15 sendCompat=false recvCompat=false
[net] tx id=1651722446 packet_id=106 type=*protocol.Remote_Tile_setTile_131 len=15 sendCompat=false recvCompat=false
[net] tx id=1651722446 packet_id=13 type=*protocol.Remote_Tile_buildHealthUpdate_135 len=16 sendCompat=false recvCompat=false
[net] tx id=20977036 packet_id=13 type=*protocol.Remote_Tile_buildHealthUpdate_135 len=16 sendCompat=false recvCompat=false
[net] tx id=1651722446 packet_id=106 type=*protocol.Remote_Tile_setTile_131 len=15 sendCompat=false recvCompat=false
[net] tx id=20977036 packet_id=106 type=*protocol.Remote_Tile_setTile_131 len=15 sendCompat=false recvCompat=false
[net] tx id=1651722446 packet_id=13 type=*protocol.Remote_Tile_buildHealthUpdate_135 len=637 sendCompat=false recvCompat=false
[net] tx id=20977036 packet_id=13 type=*protocol.Remote_Tile_buildHealthUpdate_135 len=637 sendCompat=false recvCompat=false
[net] tx id=1651722446 packet_id=106 type=*protocol.Remote_Tile_setTile_131 len=15 sendCompat=false recvCompat=false
[net] tx id=20977036 packet_id=106 type=*protocol.Remote_Tile_setTile_131 len=15 sendCompat=false recvCompat=false
[net] tx id=1651722446 packet_id=13 type=*protocol.Remote_Tile_buildHealthUpdate_135 len=16 sendCompat=false recvCompat=false
[net] tx id=20977036 packet_id=13 type=*protocol.Remote_Tile_buildHealthUpdate_135 len=16 sendCompat=false recvCompat=false
[net] tx id=1651722446 packet_id=106 type=*protocol.Remote_Tile_setTile_131 len=15 sendCompat=false recvCompat=false
[net] tx id=20977036 packet_id=106 type=*protocol.Remote_Tile_setTile_131 len=15 sendCompat=false recvCompat=false
[net] tx id=20977036 packet_id=13 type=*protocol.Remote_Tile_buildHealthUpdate_135 len=574 sendCompat=false recvCompat=false
[net] tx id=1651722446 packet_id=13 type=*protocol.Remote_Tile_buildHealthUpdate_135 len=574 sendCompat=false recvCompat=false
[net] tx id=1651722446 packet_id=106 type=*protocol.Remote_Tile_setTile_131 len=15 sendCompat=false recvCompat=false
[net] tx id=20977036 packet_id=106 type=*protocol.Remote_Tile_setTile_131 len=15 sendCompat=false recvCompat=false
[net] tx id=1651722446 packet_id=13 type=*protocol.Remote_Tile_buildHealthUpdate_135 len=16 sendCompat=false recvCompat=false
[net] tx id=20977036 packet_id=13 type=*protocol.Remote_Tile_buildHealthUpdate_135 len=16 sendCompat=false recvCompat=false
[net] tx id=20977036 packet_id=106 type=*protocol.Remote_Tile_setTile_131 len=15 sendCompat=false recvCompat=false
[net] tx id=1651722446 packet_id=106 type=*protocol.Remote_Tile_setTile_131 len=15 sendCompat=false recvCompat=false
[net] tx id=1651722446 packet_id=13 type=*protocol.Remote_Tile_buildHealthUpdate_135 len=16 sendCompat=false recvCompat=false
[net] tx id=20977036 packet_id=13 type=*protocol.Remote_Tile_buildHealthUpdate_135 len=16 sendCompat=false recvCompat=false
[net] tx id=20977036 packet_id=106 type=*protocol.Remote_Tile_setTile_131 len=15 sendCompat=false recvCompat=false
[net] tx id=1651722446 packet_id=106 type=*protocol.Remote_Tile_setTile_131 len=15 sendCompat=false recvCompat=false
[net] tx id=20977036 packet_id=13 type=*protocol.Remote_Tile_buildHealthUpdate_135 len=16 sendCompat=false recvCompat=false
[net] tx id=1651722446 packet_id=13 type=*protocol.Remote_Tile_buildHealthUpdate_135 len=16 sendCompat=false recvCompat=false
[net] tx id=20977036 packet_id=106 type=*protocol.Remote_Tile_setTile_131 len=15 sendCompat=false recvCompat=false
[net] tx id=1651722446 packet_id=106 type=*protocol.Remote_Tile_setTile_131 len=15 sendCompat=false recvCompat=false
[net] tx id=20977036 packet_id=13 type=*protocol.Remote_Tile_buildHealthUpdate_135 len=16 sendCompat=false recvCompat=false
[net] tx id=1651722446 packet_id=13 type=*protocol.Remote_Tile_buildHealthUpdate_135 len=16 sendCompat=false recvCompat=false
[net] tx id=1651722446 packet_id=106 type=*protocol.Remote_Tile_setTile_131 len=15 sendCompat=false recvCompat=false
[net] tx id=20977036 packet_id=106 type=*protocol.Remote_Tile_setTile_131 len=15 sendCompat=false recvCompat=false
[net] tx id=1651722446 packet_id=13 type=*protocol.Remote_Tile_buildHealthUpdate_135 len=16 sendCompat=false recvCompat=false
[net] tx id=20977036 packet_id=13 type=*protocol.Remote_Tile_buildHealthUpdate_135 len=16 sendCompat=false recvCompat=false
[net] tx-udp id=1651722446 packet_id=43 type=*protocol.Remote_NetClient_entitySnapshot_32 len=234 sendCompat=false recvCompat=false
[net] tx id=1651722446 packet_id=106 type=*protocol.Remote_Tile_setTile_131 len=15 sendCompat=false recvCompat=false
[net] tx id=20977036 packet_id=106 type=*protocol.Remote_Tile_setTile_131 len=15 sendCompat=false recvCompat=false
[net] tx id=1651722446 packet_id=13 type=*protocol.Remote_Tile_buildHealthUpdate_135 len=16 sendCompat=false recvCompat=false
[net] tx id=20977036 packet_id=13 type=*protocol.Remote_Tile_buildHealthUpdate_135 len=16 sendCompat=false recvCompat=false
[net] tx-udp id=20977036 packet_id=43 type=*protocol.Remote_NetClient_entitySnapshot_32 len=234 sendCompat=false recvCompat=false
[net] tx id=1651722446 packet_id=106 type=*protocol.Remote_Tile_setTile_131 len=15 sendCompat=false recvCompat=false
[net] tx id=20977036 packet_id=106 type=*protocol.Remote_Tile_setTile_131 len=15 sendCompat=false recvCompat=false
[net] tx id=1651722446 packet_id=13 type=*protocol.Remote_Tile_buildHealthUpdate_135 len=16 sendCompat=false recvCompat=false
[net] tx id=20977036 packet_id=13 type=*protocol.Remote_Tile_buildHealthUpdate_135 len=16 sendCompat=false recvCompat=false
[net] tx id=20977036 packet_id=106 type=*protocol.Remote_Tile_setTile_131 len=15 sendCompat=false recvCompat=false
[net] tx id=1651722446 packet_id=106 type=*protocol.Remote_Tile_setTile_131 len=15 sendCompat=false recvCompat=false
[net] tx id=20977036 packet_id=13 type=*protocol.Remote_Tile_buildHealthUpdate_135 len=16 sendCompat=false recvCompat=false
[net] tx id=1651722446 packet_id=13 type=*protocol.Remote_Tile_buildHealthUpdate_135 len=16 sendCompat=false recvCompat=false
[net] tx id=20977036 packet_id=106 type=*protocol.Remote_Tile_setTile_131 len=15 sendCompat=false recvCompat=false
[net] tx id=1651722446 packet_id=106 type=*protocol.Remote_Tile_setTile_131 len=15 sendCompat=false recvCompat=false
[net] tx id=20977036 packet_id=13 type=*protocol.Remote_Tile_buildHealthUpdate_135 len=16 sendCompat=false recvCompat=false
[net] tx id=1651722446 packet_id=13 type=*protocol.Remote_Tile_buildHealthUpdate_135 len=16 sendCompat=false recvCompat=false
[net] tx id=20977036 packet_id=13 type=*protocol.Remote_Tile_buildHealthUpdate_135 len=16 sendCompat=false recvCompat=false
[net] tx id=20977036 packet_id=106 type=*protocol.Remote_Tile_setTile_131 len=15 sendCompat=false recvCompat=false
[net] tx id=1651722446 packet_id=13 type=*protocol.Remote_Tile_buildHealthUpdate_135 len=16 sendCompat=false recvCompat=false
[net] tx id=1651722446 packet_id=106 type=*protocol.Remote_Tile_setTile_131 len=15 sendCompat=false recvCompat=false
[net] tx id=1651722446 packet_id=13 type=*protocol.Remote_Tile_buildHealthUpdate_135 len=16 sendCompat=false recvCompat=false
[net] tx id=20977036 packet_id=13 type=*protocol.Remote_Tile_buildHealthUpdate_135 len=16 sendCompat=false recvCompat=false
[net] tx id=20977036 packet_id=106 type=*protocol.Remote_Tile_setTile_131 len=15 sendCompat=false recvCompat=false
[net] tx id=1651722446 packet_id=106 type=*protocol.Remote_Tile_setTile_131 len=15 sendCompat=false recvCompat=false
[net] tx id=1651722446 packet_id=13 type=*protocol.Remote_Tile_buildHealthUpdate_135 len=16 sendCompat=false recvCompat=false
[net] tx id=20977036 packet_id=13 type=*protocol.Remote_Tile_buildHealthUpdate_135 len=16 sendCompat=false recvCompat=false
[net] tx id=20977036 packet_id=106 type=*protocol.Remote_Tile_setTile_131 len=15 sendCompat=false recvCompat=false
[net] tx id=1651722446 packet_id=106 type=*protocol.Remote_Tile_setTile_131 len=15 sendCompat=false recvCompat=false
[net] tx id=20977036 packet_id=13 type=*protocol.Remote_Tile_buildHealthUpdate_135 len=16 sendCompat=false recvCompat=false
[net] tx id=1651722446 packet_id=13 type=*protocol.Remote_Tile_buildHealthUpdate_135 len=16 sendCompat=false recvCompat=false
[net] tx id=20977036 packet_id=106 type=*protocol.Remote_Tile_setTile_131 len=15 sendCompat=false recvCompat=false
[net] tx id=1651722446 packet_id=106 type=*protocol.Remote_Tile_setTile_131 len=15 sendCompat=false recvCompat=false
[net] tx id=1651722446 packet_id=13 type=*protocol.Remote_Tile_buildHealthUpdate_135 len=16 sendCompat=false recvCompat=false
[net] tx id=20977036 packet_id=13 type=*protocol.Remote_Tile_buildHealthUpdate_135 len=16 sendCompat=false recvCompat=false
[net] tx id=1651722446 packet_id=106 type=*protocol.Remote_Tile_setTile_131 len=15 sendCompat=false recvCompat=false
[net] tx id=20977036 packet_id=106 type=*protocol.Remote_Tile_setTile_131 len=15 sendCompat=false recvCompat=false
[net] tx id=20977036 packet_id=117 type=*protocol.Remote_NetClient_stateSnapshot_35 len=37 sendCompat=false recvCompat=false
[net] tx id=20977036 packet_id=13 type=*protocol.Remote_Tile_buildHealthUpdate_135 len=16 sendCompat=false recvCompat=false
[net] tx id=1651722446 packet_id=13 type=*protocol.Remote_Tile_buildHealthUpdate_135 len=16 sendCompat=false recvCompat=false
[net] tx id=1651722446 packet_id=106 type=*protocol.Remote_Tile_setTile_131 len=15 sendCompat=false recvCompat=false
[net] tx id=20977036 packet_id=106 type=*protocol.Remote_Tile_setTile_131 len=15 sendCompat=false recvCompat=false
[net] tx id=20977036 packet_id=13 type=*protocol.Remote_Tile_buildHealthUpdate_135 len=650 sendCompat=false recvCompat=false
[net] tx id=1651722446 packet_id=13 type=*protocol.Remote_Tile_buildHealthUpdate_135 len=650 sendCompat=false recvCompat=false
[net] tx id=1651722446 packet_id=106 type=*protocol.Remote_Tile_setTile_131 len=15 sendCompat=false recvCompat=false
[net] tx id=20977036 packet_id=106 type=*protocol.Remote_Tile_setTile_131 len=15 sendCompat=false recvCompat=false
[net] tx id=1651722446 packet_id=13 type=*protocol.Remote_Tile_buildHealthUpdate_135 len=16 sendCompat=false recvCompat=false
[net] tx id=20977036 packet_id=13 type=*protocol.Remote_Tile_buildHealthUpdate_135 len=16 sendCompat=false recvCompat=false
[net] tx id=20977036 packet_id=106 type=*protocol.Remote_Tile_setTile_131 len=15 sendCompat=false recvCompat=false
[net] tx id=1651722446 packet_id=106 type=*protocol.Remote_Tile_setTile_131 len=15 sendCompat=false recvCompat=false
[net] tx id=20977036 packet_id=13 type=*protocol.Remote_Tile_buildHealthUpdate_135 len=16 sendCompat=false recvCompat=false
[net] tx id=1651722446 packet_id=13 type=*protocol.Remote_Tile_buildHealthUpdate_135 len=16 sendCompat=false recvCompat=false
[net] tx id=20977036 packet_id=106 type=*protocol.Remote_Tile_setTile_131 len=15 sendCompat=false recvCompat=false
[net] tx id=1651722446 packet_id=106 type=*protocol.Remote_Tile_setTile_131 len=15 sendCompat=false recvCompat=false
[net] tx id=20977036 packet_id=13 type=*protocol.Remote_Tile_buildHealthUpdate_135 len=16 sendCompat=false recvCompat=false
[net] tx id=1651722446 packet_id=13 type=*protocol.Remote_Tile_buildHealthUpdate_135 len=16 sendCompat=false recvCompat=false
[net] tx-udp id=1651722446 packet_id=43 type=*protocol.Remote_NetClient_entitySnapshot_32 len=233 sendCompat=false recvCompat=false
[net] tx id=1651722446 packet_id=106 type=*protocol.Remote_Tile_setTile_131 len=15 sendCompat=false recvCompat=false
[net] tx id=20977036 packet_id=106 type=*protocol.Remote_Tile_setTile_131 len=15 sendCompat=false recvCompat=false
[net] tx id=1651722446 packet_id=13 type=*protocol.Remote_Tile_buildHealthUpdate_135 len=16 sendCompat=false recvCompat=false
[net] tx id=20977036 packet_id=13 type=*protocol.Remote_Tile_buildHealthUpdate_135 len=16 sendCompat=false recvCompat=false
[net] tx-udp id=20977036 packet_id=43 type=*protocol.Remote_NetClient_entitySnapshot_32 len=226 sendCompat=false recvCompat=false
[net] tx id=20977036 packet_id=106 type=*protocol.Remote_Tile_setTile_131 len=15 sendCompat=false recvCompat=false
[net] tx id=1651722446 packet_id=106 type=*protocol.Remote_Tile_setTile_131 len=15 sendCompat=false recvCompat=false
[net] tx id=1651722446 packet_id=13 type=*protocol.Remote_Tile_buildHealthUpdate_135 len=16 sendCompat=false recvCompat=false
[net] tx id=20977036 packet_id=13 type=*protocol.Remote_Tile_buildHealthUpdate_135 len=16 sendCompat=false recvCompat=false
[net] tx id=20977036 packet_id=106 type=*protocol.Remote_Tile_setTile_131 len=15 sendCompat=false recvCompat=false
[net] tx id=1651722446 packet_id=106 type=*protocol.Remote_Tile_setTile_131 len=15 sendCompat=false recvCompat=false
[net] tx id=1651722446 packet_id=13 type=*protocol.Remote_Tile_buildHealthUpdate_135 len=16 sendCompat=false recvCompat=false
[net] tx id=20977036 packet_id=13 type=*protocol.Remote_Tile_buildHealthUpdate_135 len=16 sendCompat=false recvCompat=false
