mdt-server dev (none)
config=config.json cores=6 addr=0.0.0.0:6567 build=155 world=random vanilla=data/vanilla/profiles.json
workspace initialized: dirs=12 files=0
当前地图: ..\assets\worlds\23219.msav
[script] 每日 GC 已关闭
[worldstream] found cores in content: 78(core-zone) 340(core-foundation) 342(core-bastion) 339(core-shard) 343(core-citadel) 341(core-nucleus) 344(core-acropolis) 
========================================
 启动报告
========================================
[32m[ OK ][0m 开发者日志: 已启用
[INFO][0m Mods: 未启用
[32m[ OK ][0m 持久化地图恢复: assets\worlds\23219.msav
[32m[ OK ][0m 原版 content IDs: entries=1288 path=data\vanilla\content_ids.json
[32m[ OK ][0m 原版 profiles: data/vanilla/profiles.json
[32m[ OK ][0m 地图规则: mode=survival waves=true waveTimer=true waveSpacing=90.0s initialWave=0.0s
[32m[ OK ][0m 地图模型: ..\assets\worlds\23219.msav (290x180)
[32m[ OK ][0m 单位 ID 列表: count=39
[32m[ OK ][0m 玩家出生单位: typeId=35
[32m[ OK ][0m OP 列表: count=0
[32m[ OK ][0m WorldData 预载入: enabled=true max=30MB
[32m[ OK ][0m API: bind=0.0.0.0:8090 auth=false
[32m[ OK ][0m 服务端启动: 初始化完成
========================================
========================================
 地图加载详情
========================================
路径: ..\assets\worlds\23219.msav
尺寸: 290x180  Tiles=52200
建筑: blocks=7412 builds=0 cores=0
实体: entities=0 units=0
类型: blockKinds=17 floorKinds=12 overlayKinds=7
MSAV: version=11 tags=23 rulesTag=true
数据: content=9689 patch=91128 rawMap=22856 rawEntities=26 markers=2 custom=4
========================================
========================================
 单位 ID 列表
========================================
0(dagger), 1(mace), 2(fortress), 3(scepter), 4(reign), 5(nova)
6(pulsar), 7(quasar), 8(vela), 9(corvus), 10(crawler), 11(atrax)
12(spiroct), 13(arkyid), 14(toxopid), 15(flare), 16(horizon), 17(zenith)
18(antumbra), 19(eclipse), 20(mono), 21(poly), 22(mega), 23(quad)
24(oct), 25(risso), 26(minke), 27(bryde), 28(sei), 29(omura)
30(retusa), 31(oxynoe), 32(cyerce), 33(aegires), 34(navanax), 35(alpha)
36(beta), 37(gamma), 38(block)
========================================
========================================
服务器名称: mdt-server
当前地图:   ..\assets\worlds\23219.msav
监听地址:   0.0.0.0:6567
本机IP:     192.168.0.101
API地址:    0.0.0.0:8090
输入 `help all` 查看完整帮助
========================================
控制台命令（输入 `help <分类>` 或 `help all`）:
分类: basic vanilla runtime admin plugin script data scheduler persist net sync api chat close
提示: 输入 `help basic` 查看常用命令
[net] tcp accepted remote=10.147.17.101:51764 id=130435556
[net] udp registered remote=10.147.17.101:53907 id=130435556
[net] connect packet id=130435556 name="[#00ffffff]月[#8982edff]子[#87ceebff]芳 \uf7a9\uf7be" version=155 type="official" mods=0
[net] world handshake sent id=130435556
[net] connect confirm via clientSnapshot id=130435556
[net] sendPlayerSpawn sending id=130435556 tile=(71,13) playerID=1
[net] sendPlayerSpawn sent id=130435556
[net] connect confirm id=130435556
[net] tcp accepted remote=10.147.17.101:51787 id=1799050318
[net] udp registered remote=10.147.17.101:61683 id=1799050318
[net] connect packet id=1799050318 name="[#00ffffff]月[#8982edff]子[#87ceebff]芳 \uf7a9\uf7be" version=155 type="official" mods=0
[net] world handshake sent id=1799050318
[net] connect confirm via clientSnapshot id=1799050318
[net] sendPlayerSpawn sending id=1799050318 tile=(71,13) playerID=2
[net] sendPlayerSpawn sent id=1799050318
[net] connect confirm id=1799050318
[net] tcp closed id=130435556 remote=10.147.17.101:51764
[net] tcp accepted remote=10.147.17.101:50321 id=1132912947
[net] udp registered remote=10.147.17.101:62908 id=1132912947
[net] connect packet id=1132912947 name="[#00ffffff]月[#8982edff]子[#87ceebff]芳 \uf7a9\uf7be" version=155 type="official" mods=0
[net] world handshake sent id=1132912947
[net] connect confirm id=1132912947
[net] sendPlayerSpawn sending id=1132912947 tile=(71,13) playerID=3
[net] sendPlayerSpawn sent id=1132912947
[net] tcp closed id=1132912947 remote=10.147.17.101:50321
[net] tcp closed id=1799050318 remote=10.147.17.101:51787
[net] tcp accepted remote=10.147.17.101:56659 id=79746886
[net] udp registered remote=10.147.17.101:63404 id=79746886
[net] connect packet id=79746886 name="[#00ffffff]月[#8982edff]子[#87ceebff]芳 \uf7a9\uf7be" version=155 type="official" mods=0
[net] world handshake sent id=79746886
[net] connect confirm via clientSnapshot id=79746886
[net] connect confirm id=79746886
[net] sendPlayerSpawn sending id=79746886 tile=(71,13) playerID=4
[net] sendPlayerSpawn sent id=79746886
